        -:    0:Source:gzip.c
        -:    0:Graph:gzip.gcno
        -:    0:Data:gzip.gcda
        -:    0:Runs:214
        -:    1:#include "FaultSeeds.h"
        -:    2:#include "crypt.h"
        -:    3:#include "getopt.h"
        -:    4:#include "gzip.h" 
        -:    5:#include "lzw.h"   
        -:    6:#include "tailor.h"
        -:    7:#include "revision.h"
        -:    8:
        -:    9:#include <stdio.h>
        -:   10:#include <ctype.h>
        -:   11:#include <sys/types.h>
        -:   12:#include <sys/stat.h>
        -:   13:#include <errno.h>
        -:   14:#include <signal.h>   
        -:   15:
        -:   16:#define LINUX 1
        -:   17:
        -:   18:/* bits.c -- output variable-length bit strings
        -:   19: * Copyright (C) 1992-1993 Jean-loup Gailly
        -:   20: * This is free software; you can redistribute it and/or modify it under the
        -:   21: * terms of the GNU General Public License, see the file COPYING.
        -:   22: */
        -:   23:
        -:   24:
        -:   25:/*
        -:   26: *  PURPOSE
        -:   27: *
        -:   28: *      Output variable-length bit strings. Compression can be done
        -:   29: *      to a file or to memory. (The latter is not supported in this version.)
        -:   30: *
        -:   31: *  DISCUSSION
        -:   32: *
        -:   33: *      The PKZIP "deflate" file format interprets compressed file data
        -:   34: *      as a sequence of bits.  Multi-bit strings in the file may cross
        -:   35: *      byte boundaries without restriction.
        -:   36: *
        -:   37: *      The first bit of each byte is the low-order bit.
        -:   38: *
        -:   39: *      The routines in this file allow a variable-length bit value to
        -:   40: *      be output right-to-left (useful for literal values). For
        -:   41: *      left-to-right output (useful for code strings from the tree routines),
        -:   42: *      the bits must have been reversed first with bi_reverse().
        -:   43: *
        -:   44: *      For in-memory compression, the compressed bit stream goes directly
        -:   45: *      into the requested output buffer. The input data is read in blocks
        -:   46: *      by the mem_read() function. The buffer is limited to 64K on 16 bit
        -:   47: *      machines.
        -:   48: *
        -:   49: *  INTERFACE
        -:   50: *
        -:   51: *      void bi_init (FILE *zipfile)
        -:   52: *          Initialize the bit string routines.
        -:   53: *
        -:   54: *      void send_bits (int value, int length)
        -:   55: *          Write out a bit string, taking the source bits right to
        -:   56: *          left.
        -:   57: *
        -:   58: *      int bi_reverse (int value, int length)
        -:   59: *          Reverse the bits of a bit string, taking the source bits left to
        -:   60: *          right and emitting them right to left.
        -:   61: *
        -:   62: *      void bi_windup (void)
        -:   63: *          Write out any remaining bits in an incomplete byte.
        -:   64: *
        -:   65: *      void copy_block(char *buf, unsigned len, int header)
        -:   66: *          Copy a stored block to the zip file, storing first the length and
        -:   67: *          its one's complement if requested.
        -:   68: *
        -:   69: */
        -:   70:
        -:   71:#ifdef DEBUG
        -:   72:#  include <stdio.h>
        -:   73:#endif
        -:   74:
        -:   75:/*
        -:   76:#ifndef lint
        -:   77:static char rcsid[] = "$Id: bits.c,v 0.9 1993/06/11 10:16:58 jloup Exp $";
        -:   78:#endif
        -:   79:*/
        -:   80:
        -:   81:/* ===========================================================================
        -:   82: * Local data used by the "bit string" routines.
        -:   83: */
        -:   84:
        -:   85:local file_t zfile; /* output gzip file */
        -:   86:
        -:   87:local unsigned short bi_buf;
        -:   88:/* Output buffer. bits are inserted starting at the bottom (least significant
        -:   89: * bits).
        -:   90: */
        -:   91:
        -:   92:#define Buf_size (8 * 2*sizeof(char))
        -:   93:/* Number of bits used within bi_buf. (bi_buf might be implemented on
        -:   94: * more than 16 bits on some systems.)
        -:   95: */
        -:   96:
        -:   97:local int bi_valid;
        -:   98:/* Number of valid bits in bi_buf.  All bits above the last valid bit
        -:   99: * are always zero.
        -:  100: */
        -:  101:
        -:  102:int (*read_buf) OF((char *buf, unsigned size));
        -:  103:/* Current input function. Set to mem_read for in-memory compression */
        -:  104:
        -:  105:#ifdef DEBUG
        -:  106:  ulg bits_sent;   /* bit length of the compressed data */
        -:  107:#endif
        -:  108:
        -:  109:/* ===========================================================================
        -:  110: * Initialize the bit string routines.
        -:  111: */
function bi_init called 175 returned 100% blocks executed 100%
      175:  112:void bi_init (zipfile)
        -:  113:    file_t zipfile; /* output zip file, NO_FILE for in-memory compression */
        -:  114:{
      175:  115:    zfile  = zipfile;
      175:  116:    bi_buf = 0;
      175:  117:    bi_valid = 0;
        -:  118:#ifdef DEBUG
        -:  119:    bits_sent = 0L;
        -:  120:#endif
        -:  121:
        -:  122:    /* Set the defaults for file compression. They are set by memcompress
        -:  123:     * for in-memory compression.
        -:  124:     */
      175:  125:    if (zfile != NO_FILE) {
branch  0 taken 175 (fallthrough)
branch  1 taken 0
      175:  126:	read_buf  = file_read;
        -:  127:    }
      175:  128:}
        -:  129:
        -:  130:/* ===========================================================================
        -:  131: * Send a value on a given number of bits.
        -:  132: * IN assertion: length <= 16 and value fits in length bits.
        -:  133: */
function send_bits called 3998701 returned 100% blocks executed 90%
  3998701:  134:void send_bits(value, length)
        -:  135:    int value;  /* value to send */
        -:  136:    int length; /* number of bits */
        -:  137:{
        -:  138:#ifdef DEBUG
        -:  139:    Tracev((stderr," l %2d v %4x ", length, value));
        -:  140:    Assert(length > 0 && length <= 15, "invalid length");
        -:  141:    bits_sent += (ulg)length;
        -:  142:#endif
        -:  143:    /* If not enough room in bi_buf, use (valid) bits from bi_buf and
        -:  144:     * (16 - bi_valid) bits from value, leaving (width - (16-bi_valid))
        -:  145:     * unused bits in value.
        -:  146:     */
  3998701:  147:    if (bi_valid > (int)Buf_size - length) {
branch  0 taken 1198598 (fallthrough)
branch  1 taken 2800103
  1198598:  148:        bi_buf |= (value << bi_valid);
 1198598*:  149:        put_short(bi_buf);
branch  0 taken 1198581 (fallthrough)
branch  1 taken 17
branch  2 taken 0 (fallthrough)
branch  3 taken 17
call    4 never executed
branch  5 taken 17 (fallthrough)
branch  6 taken 0
call    7 returned 17
  1198598:  150:        bi_buf = (ush)value >> (Buf_size - bi_valid);
  1198598:  151:        bi_valid += length - Buf_size;
        -:  152:    } else {
  2800103:  153:        bi_buf |= value << bi_valid;
  2800103:  154:        bi_valid += length;
        -:  155:    }
  3998701:  156:}
        -:  157:
        -:  158:/* ===========================================================================
        -:  159: * Reverse the first len bits of a code, using straightforward code (a faster
        -:  160: * method would use a table)
        -:  161: * IN assertion: 1 <= len <= 15
        -:  162: */
function bi_reverse called 85011 returned 100% blocks executed 100%
    85011:  163:unsigned bi_reverse(code, len)
        -:  164:    unsigned code; /* the value to invert */
        -:  165:    int len;       /* its bit length */
        -:  166:{
    85011:  167:    register unsigned res = 0;
        -:  168:    do {
   672964:  169:        res |= code & 1;
   672964:  170:        code >>= 1, res <<= 1;
   672964:  171:    } while (--len > 0);
branch  0 taken 587953
branch  1 taken 85011 (fallthrough)
    85011:  172:    return res >> 1;
        -:  173:}
        -:  174:
        -:  175:/* ===========================================================================
        -:  176: * Write out any remaining bits in an incomplete byte.
        -:  177: */
function bi_windup called 176 returned 100% blocks executed 55%
      176:  178:void bi_windup()
        -:  179:{
      176:  180:    if (bi_valid > 8) {
branch  0 taken 105 (fallthrough)
branch  1 taken 71
     105*:  181:        put_short(bi_buf);
branch  0 taken 105 (fallthrough)
branch  1 taken 0
branch  2 never executed
branch  3 never executed
call    4 never executed
branch  5 never executed
branch  6 never executed
call    7 never executed
       71:  182:    } else if (bi_valid > 0) {
branch  0 taken 70 (fallthrough)
branch  1 taken 1
      70*:  183:        put_byte(bi_buf);
branch  0 taken 0 (fallthrough)
branch  1 taken 70
call    2 never executed
        -:  184:    }
      176:  185:    bi_buf = 0;
      176:  186:    bi_valid = 0;
        -:  187:#ifdef DEBUG
        -:  188:    bits_sent = (bits_sent+7) & ~7;
        -:  189:#endif
      176:  190:}
        -:  191:
        -:  192:/* ===========================================================================
        -:  193: * Copy a stored block to the zip file, storing first the length and its
        -:  194: * one's complement if requested.
        -:  195: */
function copy_block called 1 returned 100% blocks executed 53%
        1:  196:void copy_block(buf, len, header)
        -:  197:    char     *buf;    /* the input data */
        -:  198:    unsigned len;     /* its length */
        -:  199:    int      header;  /* true if block header must be written */
        -:  200:{
        1:  201:    bi_windup();              /* align on byte boundary */
call    0 returned 1
        -:  202:
        1:  203:    if (header) {
branch  0 taken 1 (fallthrough)
branch  1 taken 0
       1*:  204:        put_short((ush)len);   
branch  0 taken 1 (fallthrough)
branch  1 taken 0
branch  2 never executed
branch  3 never executed
call    4 never executed
branch  5 never executed
branch  6 never executed
call    7 never executed
       1*:  205:        put_short((ush)~len);
branch  0 taken 1 (fallthrough)
branch  1 taken 0
branch  2 never executed
branch  3 never executed
call    4 never executed
branch  5 never executed
branch  6 never executed
call    7 never executed
        -:  206:#ifdef DEBUG
        -:  207:        bits_sent += 2*16;
        -:  208:#endif
        -:  209:    }
        -:  210:#ifdef DEBUG
        -:  211:    bits_sent += (ulg)len<<3;
        -:  212:#endif
    12047:  213:    while (len--) {
branch  0 taken 12046
branch  1 taken 1 (fallthrough)
        -:  214:#ifdef CRYPT
        -:  215:        int t;
        -:  216:	if (key) zencode(*buf, t);
        -:  217:#endif
   12046*:  218:	put_byte(*buf++);
branch  0 taken 0 (fallthrough)
branch  1 taken 12046
call    2 never executed
        -:  219:    }
        1:  220:}
        -:  221:/* crypt.c (dummy version) -- do not perform encryption
        -:  222: * Hardly worth copyrighting :-)
        -:  223: */
        -:  224:/*
        -:  225:#ifndef lint
        -:  226:static char rcsid[] = "$Id: crypt.c,v 0.6 1993/03/22 09:48:47 jloup Exp $";
        -:  227:#endif
        -:  228:*/
        -:  229:/* deflate.c -- compress data using the deflation algorithm
        -:  230: * Copyright (C) 1992-1993 Jean-loup Gailly
        -:  231: * This is free software; you can redistribute it and/or modify it under the
        -:  232: * terms of the GNU General Public License, see the file COPYING.
        -:  233: */
        -:  234:
        -:  235:/*
        -:  236: *  PURPOSE
        -:  237: *
        -:  238: *      Identify new text as repetitions of old text within a fixed-
        -:  239: *      length sliding window trailing behind the new text.
        -:  240: *
        -:  241: *  DISCUSSION
        -:  242: *
        -:  243: *      The "deflation" process depends on being able to identify portions
        -:  244: *      of the input text which are identical to earlier input (within a
        -:  245: *      sliding window trailing behind the input currently being processed).
        -:  246: *
        -:  247: *      The most straightforward technique turns out to be the fastest for
        -:  248: *      most input files: try all possible matches and select the longest.
        -:  249: *      The key feature of this algorithm is that insertions into the string
        -:  250: *      dictionary are very simple and thus fast, and deletions are avoided
        -:  251: *      completely. Insertions are performed at each input character, whereas
        -:  252: *      string matches are performed only when the previous match ends. So it
        -:  253: *      is preferable to spend more time in matches to allow very fast string
        -:  254: *      insertions and avoid deletions. The matching algorithm for small
        -:  255: *      strings is inspired from that of Rabin & Karp. A brute force approach
        -:  256: *      is used to find longer strings when a small match has been found.
        -:  257: *      A similar algorithm is used in comic (by Jan-Mark Wams) and freeze
        -:  258: *      (by Leonid Broukhis).
        -:  259: *         A previous version of this file used a more sophisticated algorithm
        -:  260: *      (by Fiala and Greene) which is guaranteed to run in linear amortized
        -:  261: *      time, but has a larger average cost, uses more memory and is patented.
        -:  262: *      However the F&G algorithm may be faster for some highly redundant
        -:  263: *      files if the parameter max_chain_length (described below) is too large.
        -:  264: *
        -:  265: *  ACKNOWLEDGEMENTS
        -:  266: *
        -:  267: *      The idea of lazy evaluation of matches is due to Jan-Mark Wams, and
        -:  268: *      I found it in 'freeze' written by Leonid Broukhis.
        -:  269: *      Thanks to many info-zippers for bug reports and testing.
        -:  270: *
        -:  271: *  REFERENCES
        -:  272: *
        -:  273: *      APPNOTE.TXT documentation file in PKZIP 1.93a distribution.
        -:  274: *
        -:  275: *      A description of the Rabin and Karp algorithm is given in the book
        -:  276: *         "Algorithms" by R. Sedgewick, Addison-Wesley, p252.
        -:  277: *
        -:  278: *      Fiala,E.R., and Greene,D.H.
        -:  279: *         Data Compression with Finite Windows, Comm.ACM, 32,4 (1989) 490-595
        -:  280: *
        -:  281: *  INTERFACE
        -:  282: *
        -:  283: *      void lm_init (int pack_level, ush *flags)
        -:  284: *          Initialize the "longest match" routines for a new file
        -:  285: *
        -:  286: *      ulg deflate (void)
        -:  287: *          Processes a new input file and return its compressed length. Sets
        -:  288: *          the compressed length, crc, deflate flags and internal file
        -:  289: *          attributes.
        -:  290: */
        -:  291:
        -:  292:/*
        -:  293:#ifndef lint
        -:  294:static char rcsid[] = "$Id: deflate.c,v 0.14 1993/06/12 20:11:10 jloup Exp $";
        -:  295:#endif
        -:  296:*/
        -:  297:
        -:  298:/* ===========================================================================
        -:  299: * Configuration parameters
        -:  300: */
        -:  301:
        -:  302:/* Compile with MEDIUM_MEM to reduce the memory requirements or
        -:  303: * with SMALL_MEM to use as little memory as possible. Use BIG_MEM if the
        -:  304: * entire input file can be held in memory (not possible on 16 bit systems).
        -:  305: * Warning: defining these symbols affects HASH_BITS (see below) and thus
        -:  306: * affects the compression ratio. The compressed output
        -:  307: * is still correct, and might even be smaller in some cases.
        -:  308: */
        -:  309:
        -:  310:#ifdef SMALL_MEM
        -:  311:#   define HASH_BITS  13  /* Number of bits used to hash strings */
        -:  312:#endif
        -:  313:#ifdef MEDIUM_MEM
        -:  314:#   define HASH_BITS  14
        -:  315:#endif
        -:  316:#ifndef HASH_BITS
        -:  317:#   define HASH_BITS  15
        -:  318:   /* For portability to 16 bit machines, do not use values above 15. */
        -:  319:#endif
        -:  320:
        -:  321:/* To save space (see unlzw.c), we overlay prev+head with tab_prefix and
        -:  322: * window with tab_suffix. Check that we can do this:
        -:  323: */
        -:  324:#if WSIZE<<1 > 1<<BITS
        -:  325:   error: cannot overlay window with tab_suffix and prev with tab_prefix0
        -:  326:#endif
        -:  327:#if HASH_BITS > BITS-1
        -:  328:   error: cannot overlay head with tab_prefix1
        -:  329:#endif
        -:  330:
        -:  331:#define HASH_SIZE (unsigned)(1<<HASH_BITS)
        -:  332:#define HASH_MASK (HASH_SIZE-1)
        -:  333:#define WMASK     (WSIZE-1)
        -:  334:/* HASH_SIZE and WSIZE must be powers of two */
        -:  335:
        -:  336:#define NIL 0
        -:  337:/* Tail of hash chains */
        -:  338:
        -:  339:#define FAST 4
        -:  340:#define SLOW 2
        -:  341:/* speed options for the general purpose bit flag */
        -:  342:
        -:  343:#ifndef TOO_FAR
        -:  344:#  define TOO_FAR 4096
        -:  345:#endif
        -:  346:/* Matches of length 3 are discarded if their distance exceeds TOO_FAR */
        -:  347:
        -:  348:/* ===========================================================================
        -:  349: * Local data used by the "longest match" routines.
        -:  350: */
        -:  351:
        -:  352:typedef ush Pos;
        -:  353:typedef unsigned IPos;
        -:  354:/* A Pos is an index in the character window. We use short instead of int to
        -:  355: * save space in the various tables. IPos is used only for parameter passing.
        -:  356: */
        -:  357:
        -:  358:/* DECLARE(uch, window, 2L*WSIZE); */
        -:  359:/* Sliding window. Input bytes are read into the second half of the window,
        -:  360: * and move to the first half later to keep a dictionary of at least WSIZE
        -:  361: * bytes. With this organization, matches are limited to a distance of
        -:  362: * WSIZE-MAX_MATCH bytes, but this ensures that IO is always
        -:  363: * performed with a length multiple of the block size. Also, it limits
        -:  364: * the window size to 64K, which is quite useful on MSDOS.
        -:  365: * To do: limit the window size to WSIZE+BSZ if SMALL_MEM (the code would
        -:  366: * be less efficient).
        -:  367: */
        -:  368:
        -:  369:/* DECLARE(Pos, prev, WSIZE); */
        -:  370:/* Link to older string with same hash index. To limit the size of this
        -:  371: * array to 64K, this link is maintained only for the last 32K strings.
        -:  372: * An index in this array is thus a window index modulo 32K.
        -:  373: */
        -:  374:
        -:  375:/* DECLARE(Pos, head, 1<<HASH_BITS); */
        -:  376:/* Heads of the hash chains or NIL. */
        -:  377:
        -:  378:ulg window_size = (ulg)2*WSIZE;
        -:  379:/* window size, 2*WSIZE except for MMAP or BIG_MEM, where it is the
        -:  380: * input file length plus MIN_LOOKAHEAD.
        -:  381: */
        -:  382:
        -:  383:long block_start;
        -:  384:/* window position at the beginning of the current output block. Gets
        -:  385: * negative when the window is moved backwards.
        -:  386: */
        -:  387:
        -:  388:local unsigned ins_h;  /* hash index of string to be inserted */
        -:  389:
        -:  390:#define H_SHIFT  ((HASH_BITS+MIN_MATCH-1)/MIN_MATCH)
        -:  391:/* Number of bits by which ins_h and del_h must be shifted at each
        -:  392: * input step. It must be such that after MIN_MATCH steps, the oldest
        -:  393: * byte no longer takes part in the hash key, that is:
        -:  394: *   H_SHIFT * MIN_MATCH >= HASH_BITS
        -:  395: */
        -:  396:
        -:  397:unsigned int near prev_length;
        -:  398:/* Length of the best match at previous step. Matches not greater than this
        -:  399: * are discarded. This is used in the lazy match evaluation.
        -:  400: */
        -:  401:
        -:  402:      unsigned near strstart;      /* start of string to insert */
        -:  403:      unsigned near match_start;   /* start of matching string */
        -:  404:local int           eofile;        /* flag set at end of input file */
        -:  405:local unsigned      lookahead;     /* number of valid bytes ahead in window */
        -:  406:
        -:  407:unsigned near max_chain_length;
        -:  408:/* To speed up deflation, hash chains are never searched beyond this length.
        -:  409: * A higher limit improves compression ratio but degrades the speed.
        -:  410: */
        -:  411:
        -:  412:local unsigned int max_lazy_match;
        -:  413:/* Attempt to find a better match only when the current match is strictly
        -:  414: * smaller than this value. This mechanism is used only for compression
        -:  415: * levels >= 4.
        -:  416: */
        -:  417:#define max_insert_length  max_lazy_match
        -:  418:/* Insert new strings in the hash table only if the match length
        -:  419: * is not greater than this length. This saves time but degrades compression.
        -:  420: * max_insert_length is used only for compression levels <= 3.
        -:  421: */
        -:  422:
        -:  423:local int compr_level;
        -:  424:/* compression level (1..9) */
        -:  425:
        -:  426:int near good_match;
        -:  427:/* Use a faster search when the previous match is longer than this */
        -:  428:
        -:  429:
        -:  430:/* Values for max_lazy_match, good_match and max_chain_length, depending on
        -:  431: * the desired pack level (0..9). The values given below have been tuned to
        -:  432: * exclude worst case performance for pathological files. Better values may be
        -:  433: * found for specific files.
        -:  434: */
        -:  435:
        -:  436:typedef struct config {
        -:  437:   ush good_length; /* reduce lazy search above this match length */
        -:  438:   ush max_lazy;    /* do not perform lazy search above this match length */
        -:  439:   ush nice_length; /* quit search above this match length */
        -:  440:   ush max_chain;
        -:  441:} config;
        -:  442:
        -:  443:#ifdef  FULL_SEARCH
        -:  444:# define nice_match MAX_MATCH
        -:  445:#else
        -:  446:  int near nice_match; /* Stop searching when current match exceeds this */
        -:  447:#endif
        -:  448:
        -:  449:local config configuration_table[10] = {
        -:  450:/*      good lazy nice chain */
        -:  451:/* 0 */ {0,    0,  0,    0},  /* store only */
        -:  452:/* 1 */ {4,    4,  8,    4},  /* maximum speed, no lazy matches */
        -:  453:/* 2 */ {4,    5, 16,    8},
        -:  454:/* 3 */ {4,    6, 32,   32},
        -:  455:
        -:  456:/* 4 */ {4,    4, 16,   16},  /* lazy matches */
        -:  457:/* 5 */ {8,   16, 32,   32},
        -:  458:/* 6 */ {8,   16, 128, 128},
        -:  459:/* 7 */ {8,   32, 128, 256},
        -:  460:/* 8 */ {32, 128, 258, 1024},
        -:  461:/* 9 */ {32, 258, 258, 4096}}; /* maximum compression */
        -:  462:
        -:  463:/* Note: the deflate() code requires max_lazy >= MIN_MATCH and max_chain >= 4
        -:  464: * For deflate_fast() (levels <= 3) good is ignored and lazy has a different
        -:  465: * meaning.
        -:  466: */
        -:  467:
        -:  468:#define EQUAL 0
        -:  469:/* result of memcmp for equal strings */
        -:  470:
        -:  471:/* ===========================================================================
        -:  472: *  Prototypes for local functions.
        -:  473: */
        -:  474:local void fill_window   OF((void));
        -:  475:local ulg deflate_fast   OF((void));
        -:  476:
        -:  477:      int  longest_match OF((IPos cur_match));
        -:  478:#ifdef ASMV
        -:  479:      void match_init OF((void)); /* asm code initialization */
        -:  480:#endif
        -:  481:
        -:  482:#ifdef DEBUG
        -:  483:local  void check_match OF((IPos start, IPos match, int length));
        -:  484:#endif
        -:  485:
        -:  486:/* ===========================================================================
        -:  487: * Update a hash value with the given input byte
        -:  488: * IN  assertion: all calls to to UPDATE_HASH are made with consecutive
        -:  489: *    input characters, so that a running hash key can be computed from the
        -:  490: *    previous key instead of complete recalculation each time.
        -:  491: */
        -:  492:#define UPDATE_HASH(h,c) (h = (((h)<<H_SHIFT) ^ (c)) & HASH_MASK)
        -:  493:
        -:  494:/* ===========================================================================
        -:  495: * Insert string s in the dictionary and set match_head to the previous head
        -:  496: * of the hash chain (the most recent string with same hash key). Return
        -:  497: * the previous length of the hash chain.
        -:  498: * IN  assertion: all calls to to INSERT_STRING are made with consecutive
        -:  499: *    input characters and the first MIN_MATCH bytes of s are valid
        -:  500: *    (except for the last MIN_MATCH-1 bytes of the input file).
        -:  501: */
        -:  502:#define INSERT_STRING(s, match_head) \
        -:  503:   (UPDATE_HASH(ins_h, window[(s) + MIN_MATCH-1]), \
        -:  504:    prev[(s) & WMASK] = match_head = head[ins_h], \
        -:  505:    head[ins_h] = (s))
        -:  506:
        -:  507:/* ===========================================================================
        -:  508: * Initialize the "longest match" routines for a new file
        -:  509: */
function lm_init called 175 returned 100% blocks executed 84%
      175:  510:void lm_init (pack_level, flags)
        -:  511:    int pack_level; /* 0: store, 1: best speed, 9: best compression */
        -:  512:    ush *flags;     /* general purpose bit flag */
        -:  513:{
        -:  514:    register unsigned j;
        -:  515:
     175*:  516:    if (pack_level < 1 || pack_level > 9) error("bad pack level");
branch  0 taken 175 (fallthrough)
branch  1 taken 0
branch  2 taken 0 (fallthrough)
branch  3 taken 175
call    4 never executed
        -:  517:#ifdef FAULTY_F_KL_8
        -:  518:    compr_level = 0;
        -:  519:#else
      175:  520:    compr_level = pack_level;
        -:  521:#endif
        -:  522:
        -:  523:    /* Initialize the hash table. */
        -:  524:#if defined(MAXSEG_64K) && HASH_BITS == 15
        -:  525:    for (j = 0;  j < HASH_SIZE; j++) head[j] = NIL;
        -:  526:#else
      175:  527:    memzero((char*)head, HASH_SIZE*sizeof(*head));
        -:  528:#endif
        -:  529:    /* prev will be initialized on the fly */
        -:  530:
        -:  531:    /* Set the default configuration parameters:
        -:  532:     */
      175:  533:    max_lazy_match   = configuration_table[pack_level].max_lazy;
      175:  534:    good_match       = configuration_table[pack_level].good_length;
        -:  535:#ifndef FULL_SEARCH
      175:  536:    nice_match       = configuration_table[pack_level].nice_length;
        -:  537:#endif
      175:  538:    max_chain_length = configuration_table[pack_level].max_chain;
      175:  539:    if (pack_level == 1) {
branch  0 taken 17 (fallthrough)
branch  1 taken 158
       17:  540:       *flags |= FAST;
      158:  541:    } else if (pack_level == 9) {
branch  0 taken 17 (fallthrough)
branch  1 taken 141
       17:  542:       *flags |= SLOW;
        -:  543:    }
        -:  544:    /* ??? reduce max_chain_length for binary files */
        -:  545:
      175:  546:    strstart = 0;
      175:  547:    block_start = 0L;
        -:  548:#ifdef ASMV
        -:  549:    match_init(); /* initialize the asm code */
        -:  550:#endif
        -:  551:
      175:  552:    lookahead = read_buf((char*)window,
call    0 returned 175
        -:  553:			 sizeof(int) <= 2 ? (unsigned)WSIZE : 2*WSIZE);
        -:  554:
      175:  555:    if (lookahead == 0 || lookahead == (unsigned)EOF) {
branch  0 taken 174 (fallthrough)
branch  1 taken 1
branch  2 taken 1 (fallthrough)
branch  3 taken 173
        2:  556:       eofile = 1, lookahead = 0;
        2:  557:       return;
        -:  558:    }
      173:  559:    eofile = 0;
        -:  560:    /* Make sure that we always have enough lookahead. This is important
        -:  561:     * if input comes from a device such as a tty.
        -:  562:     */
     173*:  563:    while (lookahead < MIN_LOOKAHEAD && !eofile) fill_window();
call    0 never executed
branch  1 taken 0 (fallthrough)
branch  2 taken 173
branch  3 never executed
branch  4 never executed
        -:  564:
      173:  565:    ins_h = 0;
      519:  566:    for (j=0; j<MIN_MATCH-1; j++) UPDATE_HASH(ins_h, window[j]);
branch  0 taken 346
branch  1 taken 173 (fallthrough)
        -:  567:    /* If lookahead < MIN_MATCH, ins_h is garbage, but this is
        -:  568:     * not important since only literal bytes will be emitted.
        -:  569:     */
        -:  570:}
        -:  571:
        -:  572:/* ===========================================================================
        -:  573: * Set match_start to the longest match starting at the given string and
        -:  574: * return its length. Matches shorter or equal to prev_length are discarded,
        -:  575: * in which case the result is equal to prev_length and match_start is
        -:  576: * garbage.
        -:  577: * IN assertions: cur_match is the head of the hash chain for the current
        -:  578: *   string (strstart) and its distance is <= MAX_DIST, and prev_length >= 1
        -:  579: */
        -:  580:#ifndef ASMV
        -:  581:/* For MSDOS, OS/2 and 386 Unix, an optimized version is in match.asm or
        -:  582: * match.s. The code is functionally equivalent, so you can use the C version
        -:  583: * if desired.
        -:  584: */
function longest_match called 1882478 returned 100% blocks executed 100%
  1882478:  585:int longest_match(cur_match)
        -:  586:    IPos cur_match;                             /* current match */
        -:  587:{
  1882478:  588:    unsigned chain_length = max_chain_length;   /* max hash chain length */
  1882478:  589:    register uch *scan = window + strstart;     /* current string */
        -:  590:    register uch *match;                        /* matched string */
        -:  591:    register int len;                           /* length of current match */
  1882478:  592:    int best_len = prev_length;                 /* best match length so far */
  1882478:  593:    IPos limit = strstart > (IPos)MAX_DIST ? strstart - (IPos)MAX_DIST : NIL;
        -:  594:    /* Stop when cur_match becomes <= limit. To simplify the code,
        -:  595:     * we prevent matches with the string of window index 0.
        -:  596:     */
        -:  597:
        -:  598:/* The code is optimized for HASH_BITS >= 8 and MAX_MATCH-2 multiple of 16.
        -:  599: * It is easy to get rid of this optimization if necessary.
        -:  600: */
        -:  601:#if HASH_BITS < 8 || MAX_MATCH != 258
        -:  602:   error: Code too clever
        -:  603:#endif
        -:  604:
        -:  605:#ifdef UNALIGNED_OK
        -:  606:    /* Compare two bytes at a time. Note: this is not always beneficial.
        -:  607:     * Try with and without -DUNALIGNED_OK to check.
        -:  608:     */
        -:  609:    register uch *strend = window + strstart + MAX_MATCH - 1;
        -:  610:    register ush scan_start = *(ush*)scan;
        -:  611:    register ush scan_end   = *(ush*)(scan+best_len-1);
        -:  612:#else
  1882478:  613:    register uch *strend = window + strstart + MAX_MATCH;
  1882478:  614:    register uch scan_end1  = scan[best_len-1];
  1882478:  615:    register uch scan_end   = scan[best_len];
        -:  616:#endif
        -:  617:
        -:  618:    /* Do not waste too much time if we already have a good match: */
  1882478:  619:    if (prev_length >= good_match) {
branch  0 taken 114250 (fallthrough)
branch  1 taken 1768228
   114250:  620:        chain_length >>= 2;
        -:  621:    }
        -:  622:    Assert(strstart <= window_size-MIN_LOOKAHEAD, "insufficient lookahead");
        -:  623:
        -:  624:    do {
        -:  625:        Assert(cur_match < strstart, "no future");
 39870405:  626:        match = window + cur_match;
        -:  627:
        -:  628:        /* Skip to next match if the match length cannot increase
        -:  629:         * or if the match length is less than 2:
        -:  630:         */
        -:  631:#if (defined(UNALIGNED_OK) && MAX_MATCH == 258)
        -:  632:        /* This code assumes sizeof(unsigned short) == 2. Do not use
        -:  633:         * UNALIGNED_OK if your compiler uses a different size.
        -:  634:         */
        -:  635:        if (*(ush*)(match+best_len-1) != scan_end ||
        -:  636:            *(ush*)match != scan_start) continue;
        -:  637:
        -:  638:        /* It is not necessary to compare scan[2] and match[2] since they are
        -:  639:         * always equal when the other bytes match, given that the hash keys
        -:  640:         * are equal and that HASH_BITS >= 8. Compare 2 bytes at a time at
        -:  641:         * strstart+3, +5, ... up to strstart+257. We check for insufficient
        -:  642:         * lookahead only every 4th comparison; the 128th check will be made
        -:  643:         * at strstart+257. If MAX_MATCH-2 is not a multiple of 8, it is
        -:  644:         * necessary to put more guard bytes at the end of the window, or
        -:  645:         * to check more often for insufficient lookahead.
        -:  646:         */
        -:  647:        scan++, match++;
        -:  648:        do {
        -:  649:        } while (*(ush*)(scan+=2) == *(ush*)(match+=2) &&
        -:  650:                 *(ush*)(scan+=2) == *(ush*)(match+=2) &&
        -:  651:                 *(ush*)(scan+=2) == *(ush*)(match+=2) &&
        -:  652:                 *(ush*)(scan+=2) == *(ush*)(match+=2) &&
        -:  653:                 scan < strend);
        -:  654:        /* The funny "do {}" generates better code on most compilers */
        -:  655:
        -:  656:        /* Here, scan <= window+strstart+257 */
        -:  657:        Assert(scan <= window+(unsigned)(window_size-1), "wild scan");
        -:  658:        if (*scan == *match) scan++;
        -:  659:
        -:  660:        len = (MAX_MATCH - 1) - (int)(strend-scan);
        -:  661:        scan = strend - (MAX_MATCH-1);
        -:  662:
        -:  663:#else /* UNALIGNED_OK */
        -:  664:
 39870405:  665:        if (match[best_len]   != scan_end  ||
branch  0 taken 5616771 (fallthrough)
branch  1 taken 34253634
  5616771:  666:            match[best_len-1] != scan_end1 ||
branch  0 taken 2966671 (fallthrough)
branch  1 taken 2650100
  2966671:  667:            *match            != *scan     ||
branch  0 taken 1985637 (fallthrough)
branch  1 taken 981034
 39870405:  668:            *++match          != scan[1])      continue;
branch  0 taken 6279 (fallthrough)
branch  1 taken 1979358
        -:  669:
        -:  670:        /* The check at best_len-1 can be removed because it will be made
        -:  671:         * again later. (This heuristic is not always a win.)
        -:  672:         * It is not necessary to compare scan[2] and match[2] since they
        -:  673:         * are always equal when the other bytes match, given that
        -:  674:         * the hash keys are equal and that HASH_BITS >= 8.
        -:  675:         */
  1979358:  676:        scan += 2, match++;
        -:  677:
        -:  678:        /* We check for insufficient lookahead only every 8th comparison;
        -:  679:         * the 256th check will be made at strstart+258.
        -:  680:         */
        -:  681:        do {
 14279847:  682:        } while (*++scan == *++match && *++scan == *++match &&
branch  0 taken 13956569 (fallthrough)
branch  1 taken 323278
 13956569:  683:                 *++scan == *++match && *++scan == *++match &&
branch  0 taken 13743506 (fallthrough)
branch  1 taken 213063
branch  2 taken 13570244 (fallthrough)
branch  3 taken 173262
 13570244:  684:                 *++scan == *++match && *++scan == *++match &&
branch  0 taken 13448119 (fallthrough)
branch  1 taken 122125
branch  2 taken 13356178 (fallthrough)
branch  3 taken 91941
 15335536:  685:                 *++scan == *++match && *++scan == *++match &&
branch  0 taken 14279847 (fallthrough)
branch  1 taken 539057
branch  2 taken 13294763 (fallthrough)
branch  3 taken 61415
branch  4 taken 13246814 (fallthrough)
branch  5 taken 47949
branch  6 taken 12839546
branch  7 taken 407268 (fallthrough)
        -:  686:                 scan < strend);
        -:  687:
  1979358:  688:        len = MAX_MATCH - (int)(strend - scan);
  1979358:  689:        scan = strend - MAX_MATCH;
        -:  690:
        -:  691:#endif /* UNALIGNED_OK */
        -:  692:
  1979358:  693:        if (len > best_len) {
branch  0 taken 1793845 (fallthrough)
branch  1 taken 185513
  1793845:  694:            match_start = cur_match;
  1793845:  695:            best_len = len;
  1793845:  696:            if (len >= nice_match) break;
branch  0 taken 431802 (fallthrough)
branch  1 taken 1362043
        -:  697:#ifdef UNALIGNED_OK
        -:  698:            scan_end = *(ush*)(scan+best_len-1);
        -:  699:#else
  1362043:  700:            scan_end1  = scan[best_len-1];
  1362043:  701:            scan_end   = scan[best_len];
        -:  702:#endif
        -:  703:        }
 39438603:  704:    } while ((cur_match = prev[cur_match & WMASK]) > limit
 39438603:  705:	     && --chain_length != 0);
branch  0 taken 38256418 (fallthrough)
branch  1 taken 1182185
branch  2 taken 37987927
branch  3 taken 268491 (fallthrough)
        -:  706:
  1882478:  707:    return best_len;
        -:  708:}
        -:  709:#endif /* ASMV */
        -:  710:
        -:  711:#ifdef DEBUG
        -:  712:/* ===========================================================================
        -:  713: * Check that the match at match_start is indeed a match.
        -:  714: */
        -:  715:local void check_match(start, match, length)
        -:  716:    IPos start, match;
        -:  717:    int length;
        -:  718:{
        -:  719:    /* check that the match is indeed a match */
        -:  720:    if (memcmp((char*)window + match,
        -:  721:                (char*)window + start, length) != EQUAL) {
        -:  722:        fprintf(stderr,
        -:  723:            " start %d, match %d, length %d\n",
        -:  724:            start, match, length);
        -:  725:        error("invalid match");
        -:  726:    }
        -:  727:    if (verbose > 1) {
        -:  728:        fprintf(stderr,"\\[%d,%d]", start-match, length);
        -:  729:        do { putc(window[start++], stderr); } while (--length != 0);
        -:  730:    }
        -:  731:}
        -:  732:#else
        -:  733:#  define check_match(start, match, length)
        -:  734:#endif
        -:  735:
        -:  736:/* ===========================================================================
        -:  737: * Fill the window when the lookahead becomes insufficient.
        -:  738: * Updates strstart and lookahead, and sets eofile if end of input file.
        -:  739: * IN assertion: lookahead < MIN_LOOKAHEAD && strstart + lookahead > 0
        -:  740: * OUT assertions: at least one byte has been read, or eofile is set;
        -:  741: *    file reads are performed for at least two bytes (required for the
        -:  742: *    translate_eol option).
        -:  743: */
function fill_window called 3395 returned 100% blocks executed 96%
     3395:  744:local void fill_window()
        -:  745:{
        -:  746:    register unsigned n, m;
     3395:  747:    unsigned more = (unsigned)(window_size - (ulg)lookahead - (ulg)strstart);
        -:  748:    /* Amount of free space at the end of the window. */
        -:  749:
        -:  750:    /* If the window is almost full and there is insufficient lookahead,
        -:  751:     * move the upper half to the lower one to make room in the upper half.
        -:  752:     */
     3395:  753:    if (more == (unsigned)EOF) {
branch  0 taken 0 (fallthrough)
branch  1 taken 3395
        -:  754:        /* Very unlikely, but possible on 16 bit machine if strstart == 0
        -:  755:         * and lookahead == 1 (input done one byte at time)
        -:  756:         */
    #####:  757:        more--;
     3395:  758:    } else if (strstart >= WSIZE+MAX_DIST) {
branch  0 taken 3223 (fallthrough)
branch  1 taken 172
        -:  759:        /* By the IN assertion, the window is not empty so we can't confuse
        -:  760:         * more == 0 with more == 64K on a 16 bit machine.
        -:  761:         */
        -:  762:        Assert(window_size == (ulg)2*WSIZE, "no sliding with BIG_MEM");
        -:  763:
     3223:  764:        memcpy((char*)window, (char*)window+WSIZE, (unsigned)WSIZE);
     3223:  765:        match_start -= WSIZE;
     3223:  766:        strstart    -= WSIZE; /* we now have strstart >= MAX_DIST: */
        -:  767:
     3223:  768:        block_start -= (long) WSIZE;
        -:  769:
105614487:  770:        for (n = 0; n < HASH_SIZE; n++) {
branch  0 taken 105611264
branch  1 taken 3223 (fallthrough)
105611264:  771:            m = head[n];
105611264:  772:            head[n] = (Pos)(m >= WSIZE ? m-WSIZE : NIL);
branch  0 taken 67185 (fallthrough)
branch  1 taken 105544079
        -:  773:        }
105614487:  774:        for (n = 0; n < WSIZE; n++) {
branch  0 taken 105611264
branch  1 taken 3223 (fallthrough)
105611264:  775:            m = prev[n];
105611264:  776:            prev[n] = (Pos)(m >= WSIZE ? m-WSIZE : NIL);
branch  0 taken 105113304 (fallthrough)
branch  1 taken 497960
        -:  777:            /* If n is not on any hash chain, prev[n] is garbage but
        -:  778:             * its value will never be used.
        -:  779:             */
        -:  780:        }
     3223:  781:        more += WSIZE;
        -:  782:    }
        -:  783:    /* At this point, more >= 2 */
     3395:  784:    if (!eofile) {
branch  0 taken 3395 (fallthrough)
branch  1 taken 0
     3395:  785:        n = read_buf((char*)window+strstart+lookahead, more);
call    0 returned 3395
     3395:  786:        if (n == 0 || n == (unsigned)EOF) {
branch  0 taken 3222 (fallthrough)
branch  1 taken 173
branch  2 taken 0 (fallthrough)
branch  3 taken 3222
      173:  787:            eofile = 1;
        -:  788:        } else {
     3222:  789:            lookahead += n;
        -:  790:        }
        -:  791:    }
     3395:  792:}
        -:  793:
        -:  794:/* ===========================================================================
        -:  795: * Flush the current block, with given end-of-file flag.
        -:  796: * IN assertion: strstart is set to the end of the current match.
        -:  797: */
        -:  798:#define FLUSH_BLOCK(eof) \
        -:  799:   flush_block(block_start >= 0L ? (char*)&window[(unsigned)block_start] : \
        -:  800:                (char*)NULL, (long)strstart - block_start, (eof))
        -:  801:
        -:  802:/* ===========================================================================
        -:  803: * Processes a new input file and return its compressed length. This
        -:  804: * function does not perform lazy evaluationof matches and inserts
        -:  805: * new strings in the dictionary only for unmatched strings. It is used
        -:  806: * only for the fast compression options.
        -:  807: */
function deflate_fast called 49 returned 100% blocks executed 81%
       49:  808:local ulg deflate_fast()
        -:  809:{
        -:  810:    IPos hash_head; /* head of the hash chain */
        -:  811:    int flush;      /* set if current block must be flushed */
       49:  812:    unsigned match_length = 0;  /* length of best match */
        -:  813:
       49:  814:    prev_length = MIN_MATCH-1;
   377398:  815:    while (lookahead != 0) {
branch  0 taken 377349
branch  1 taken 49 (fallthrough)
        -:  816:        /* Insert the string window[strstart .. strstart+2] in the
        -:  817:         * dictionary, and set hash_head to the head of the hash chain:
        -:  818:         */
   377349:  819:        INSERT_STRING(strstart, hash_head);
        -:  820:
        -:  821:        /* Find the longest match, discarding those <= prev_length.
        -:  822:         * At this point we have always match_length < MIN_MATCH
        -:  823:         */
   377349:  824:        if (hash_head != NIL && strstart - hash_head <= MAX_DIST) {
branch  0 taken 277067 (fallthrough)
branch  1 taken 100282
branch  2 taken 277051 (fallthrough)
branch  3 taken 16
        -:  825:            /* To simplify the code, we prevent matches with the string
        -:  826:             * of window index 0 (in particular we have to avoid a match
        -:  827:             * of the string with itself at the start of the input file).
        -:  828:             */
   277051:  829:            match_length = longest_match (hash_head);
call    0 returned 277051
        -:  830:            /* longest_match() sets match_start */
   277051:  831:            if (match_length > lookahead) match_length = lookahead;
branch  0 taken 49 (fallthrough)
branch  1 taken 277002
        -:  832:        }
   377349:  833:        if (match_length >= MIN_MATCH) {
branch  0 taken 257451 (fallthrough)
branch  1 taken 119898
        -:  834:            check_match(strstart, match_start, match_length);
        -:  835:
   257451:  836:            flush = ct_tally(strstart-match_start, match_length - MIN_MATCH);
call    0 returned 257451
        -:  837:
   257451:  838:            lookahead -= match_length;
        -:  839:
        -:  840:	    /* Insert new strings in the hash table only if the match length
        -:  841:             * is not too large. This saves time but degrades compression.
        -:  842:             */
   257451:  843:            if (match_length <= max_insert_length) {
branch  0 taken 149725 (fallthrough)
branch  1 taken 107726
   149725:  844:                match_length--; /* string at strstart already in hash table */
        -:  845:                do {
   421537:  846:                    strstart++;
   421537:  847:                    INSERT_STRING(strstart, hash_head);
        -:  848:                    /* strstart never exceeds WSIZE-MAX_MATCH, so there are
        -:  849:                     * always MIN_MATCH bytes ahead. If lookahead < MIN_MATCH
        -:  850:                     * these bytes are garbage, but it does not matter since
        -:  851:                     * the next lookahead bytes will be emitted as literals.
        -:  852:                     */
   421537:  853:                } while (--match_length != 0);
branch  0 taken 271812
branch  1 taken 149725 (fallthrough)
   149725:  854:	        strstart++; 
        -:  855:            } else {
   107726:  856:	        strstart += match_length;
   107726:  857:	        match_length = 0;
   107726:  858:	        ins_h = window[strstart];
   107726:  859:	        UPDATE_HASH(ins_h, window[strstart+1]);
        -:  860:#if MIN_MATCH != 3
        -:  861:                Call UPDATE_HASH() MIN_MATCH-3 more times
        -:  862:#endif
        -:  863:            }
        -:  864:        } else {
        -:  865:            /* No match, output a literal byte */
        -:  866:            Tracevv((stderr,"%c",window[strstart]));
   119898:  867:            flush = ct_tally (0, window[strstart]);
call    0 returned 119898
   119898:  868:            lookahead--;
   119898:  869:	    strstart++; 
        -:  870:        }
  377349*:  871:        if (flush) FLUSH_BLOCK(0), block_start = strstart;
branch  0 taken 0 (fallthrough)
branch  1 taken 377349
branch  2 never executed
branch  3 never executed
call    4 never executed
        -:  872:
        -:  873:        /* Make sure that we always have enough lookahead, except
        -:  874:         * at the end of the input file. We need MAX_MATCH bytes
        -:  875:         * for the next match, plus MIN_MATCH bytes to insert the
        -:  876:         * string following the next match.
        -:  877:         */
   377398:  878:        while (lookahead < MIN_LOOKAHEAD && !eofile) fill_window();
call    0 returned 49
branch  1 taken 4460 (fallthrough)
branch  2 taken 372938
branch  3 taken 49
branch  4 taken 4411 (fallthrough)
        -:  879:
        -:  880:    }
      49*:  881:    return FLUSH_BLOCK(1); /* eof */
branch  0 taken 49 (fallthrough)
branch  1 taken 0
call    2 returned 49
        -:  882:}
        -:  883:
        -:  884:/* ===========================================================================
        -:  885: * Same as above, but achieves better compression. We use a lazy
        -:  886: * evaluation for matches: a match is finally adopted only if there is
        -:  887: * no better match at the next window position.
        -:  888: */
function deflate called 175 returned 100% blocks executed 98%
      175:  889:ulg deflate()
        -:  890:{
        -:  891:    IPos hash_head;          /* head of hash chain */
        -:  892:    IPos prev_match;         /* previous match */
        -:  893:    int flush;               /* set if current block must be flushed */
      175:  894:    int match_available = 0; /* set if previous match exists */
      175:  895:    register unsigned match_length = MIN_MATCH-1; /* length of best match */
        -:  896:#ifdef DEBUG
        -:  897:    extern long isize;        /* byte length of input file, for debug only */
        -:  898:#endif
        -:  899:
        -:  900:#ifdef FAULTY_F_KL_1
        -:  901:    if (compr_level >= 3) return deflate_fast();
        -:  902:#else
      175:  903:    if (compr_level <= 3) return deflate_fast(); /* optimized for speed */
branch  0 taken 49 (fallthrough)
branch  1 taken 126
call    2 returned 49
        -:  904:#endif
        -:  905:
        -:  906:    /* Process the input block. */
  2402009:  907:    while (lookahead != 0) {
branch  0 taken 2401883
branch  1 taken 126 (fallthrough)
        -:  908:        /* Insert the string window[strstart .. strstart+2] in the
        -:  909:         * dictionary, and set hash_head to the head of the hash chain:
        -:  910:         */
  2401883:  911:        INSERT_STRING(strstart, hash_head);
        -:  912:
        -:  913:        /* Find the longest match, discarding those <= prev_length.
        -:  914:         */
  2401883:  915:        prev_length = match_length, prev_match = match_start;
  2401883:  916:        match_length = MIN_MATCH-1;
        -:  917:
  2401883:  918:        if (hash_head != NIL && prev_length < max_lazy_match &&
branch  0 taken 2099255 (fallthrough)
branch  1 taken 302628
branch  2 taken 1608086 (fallthrough)
branch  3 taken 491169
  1608086:  919:            strstart - hash_head <= MAX_DIST) {
branch  0 taken 1605427 (fallthrough)
branch  1 taken 2659
        -:  920:            /* To simplify the code, we prevent matches with the string
        -:  921:             * of window index 0 (in particular we have to avoid a match
        -:  922:             * of the string with itself at the start of the input file).
        -:  923:             */
  1605427:  924:            match_length = longest_match (hash_head);
call    0 returned 1605427
        -:  925:            /* longest_match() sets match_start */
  1605427:  926:            if (match_length > lookahead) match_length = lookahead;
branch  0 taken 123 (fallthrough)
branch  1 taken 1605304
        -:  927:
        -:  928:            /* Ignore a length 3 match if it is too distant: */
  1605427:  929:            if (match_length == MIN_MATCH && strstart-match_start > TOO_FAR){
branch  0 taken 177707 (fallthrough)
branch  1 taken 1427720
branch  2 taken 37114 (fallthrough)
branch  3 taken 140593
        -:  930:                /* If prev_match is also MIN_MATCH, match_start is garbage
        -:  931:                 * but we will ignore the current match anyway.
        -:  932:                 */
    37114:  933:                match_length--;
        -:  934:            }
        -:  935:        }
        -:  936:        /* If there was a match at the previous step and the current
        -:  937:         * match is not better, output the previous match:
        -:  938:         */
  2401883:  939:        if (prev_length >= MIN_MATCH && match_length <= prev_length) {
branch  0 taken 1059394 (fallthrough)
branch  1 taken 1342489
branch  2 taken 974186 (fallthrough)
branch  3 taken 85208
        -:  940:
        -:  941:            check_match(strstart-1, prev_match, prev_length);
        -:  942:
   974186:  943:            flush = ct_tally(strstart-1-prev_match, prev_length - MIN_MATCH);
call    0 returned 974186
        -:  944:
        -:  945:            /* Insert in hash table all strings up to the end of the match.
        -:  946:             * strstart-1 and strstart are already inserted.
        -:  947:             */
   974186:  948:            lookahead -= prev_length-1;
   974186:  949:            prev_length -= 2;
        -:  950:            do {
107416300:  951:                strstart++;
107416300:  952:                INSERT_STRING(strstart, hash_head);
        -:  953:                /* strstart never exceeds WSIZE-MAX_MATCH, so there are
        -:  954:                 * always MIN_MATCH bytes ahead. If lookahead < MIN_MATCH
        -:  955:                 * these bytes are garbage, but it does not matter since the
        -:  956:                 * next lookahead bytes will always be emitted as literals.
        -:  957:                 */
107416300:  958:            } while (--prev_length != 0);
branch  0 taken 106442114
branch  1 taken 974186 (fallthrough)
   974186:  959:            match_available = 0;
   974186:  960:            match_length = MIN_MATCH-1;
   974186:  961:            strstart++;
   974186:  962:            if (flush) FLUSH_BLOCK(0), block_start = strstart;
branch  0 taken 16 (fallthrough)
branch  1 taken 974170
branch  2 taken 1 (fallthrough)
branch  3 taken 15
call    4 returned 16
        -:  963:
  1427697:  964:        } else if (match_available) {
branch  0 taken 453391 (fallthrough)
branch  1 taken 974306
        -:  965:            /* If there was no match at the previous position, output a
        -:  966:             * single literal. If there was a match but the current match
        -:  967:             * is longer, truncate the previous match to a single literal.
        -:  968:             */
        -:  969:            Tracevv((stderr,"%c",window[strstart-1]));
   453391:  970:            if (ct_tally (0, window[strstart-1])) {
call    0 returned 453391
branch  1 taken 4 (fallthrough)
branch  2 taken 453387
       4*:  971:                FLUSH_BLOCK(0), block_start = strstart;
branch  0 taken 4 (fallthrough)
branch  1 taken 0
call    2 returned 4
        -:  972:            }
   453391:  973:            strstart++;
   453391:  974:            lookahead--;
        -:  975:        } else {
        -:  976:            /* There is no previous match to compare with, wait for
        -:  977:             * the next step to decide.
        -:  978:             */
   974306:  979:            match_available = 1;
   974306:  980:            strstart++;
   974306:  981:            lookahead--;
        -:  982:        }
        -:  983:        Assert (strstart <= isize && lookahead <= isize, "a bit too far");
        -:  984:
        -:  985:        /* Make sure that we always have enough lookahead, except
        -:  986:         * at the end of the input file. We need MAX_MATCH bytes
        -:  987:         * for the next match, plus MIN_MATCH bytes to insert the
        -:  988:         * string following the next match.
        -:  989:         */
  2405229:  990:        while (lookahead < MIN_LOOKAHEAD && !eofile) fill_window();
call    0 returned 3346
branch  1 taken 17118 (fallthrough)
branch  2 taken 2388111
branch  3 taken 3346
branch  4 taken 13772 (fallthrough)
        -:  991:    }
      126:  992:    if (match_available) ct_tally (0, window[strstart-1]);
branch  0 taken 120 (fallthrough)
branch  1 taken 6
call    2 returned 120
        -:  993:
      126:  994:    return FLUSH_BLOCK(1); /* eof */
branch  0 taken 123 (fallthrough)
branch  1 taken 3
call    2 returned 126
        -:  995:}
        -:  996:/* Getopt for GNU.
        -:  997:   NOTE: getopt is now part of the C library, so if you don't know what
        -:  998:   "Keep this file name-space clean" means, talk to roland@gnu.ai.mit.edu
        -:  999:   before changing it!
        -: 1000:
        -: 1001:   Copyright (C) 1987, 88, 89, 90, 91, 1992 Free Software Foundation, Inc.
        -: 1002:
        -: 1003:   This program is free software; you can redistribute it and/or modify it
        -: 1004:   under the terms of the GNU General Public License as published by the
        -: 1005:   Free Software Foundation; either version 2, or (at your option) any
        -: 1006:   later version.
        -: 1007:   
        -: 1008:   This program is distributed in the hope that it will be useful,
        -: 1009:   but WITHOUT ANY WARRANTY; without even the implied warranty of
        -: 1010:   MERCHANTABILITY or FITNESS FOR A PARTICULAR PURPOSE.  See the
        -: 1011:   GNU General Public License for more details.
        -: 1012:   
        -: 1013:   You should have received a copy of the GNU General Public License
        -: 1014:   along with this program; if not, write to the Free Software
        -: 1015:   Foundation, 675 Mass Ave, Cambridge, MA 02139, USA.  */
        -: 1016:
        -: 1017:/* AIX requires this to be the first thing in the file.  */
        -: 1018:#if (defined( __GNUC__) && (!defined(LINUX)))
        -: 1019:#define alloca __builtin_alloca
        -: 1020:#else /* not __GNUC__ */
        -: 1021:#if defined (HAVE_ALLOCA_H) || (defined(sparc) && (defined(sun) || (!defined(USG) && !defined(SVR4) && !defined(__svr4__))))
        -: 1022:#include <alloca.h>
        -: 1023:#else
        -: 1024:#ifdef _AIX
        -: 1025: #pragma alloca
        -: 1026:#else
        -: 1027:char *alloca ();
        -: 1028:#endif
        -: 1029:#endif /* alloca.h */
        -: 1030:#endif /* not __GNUC__ */
        -: 1031:
        -: 1032:/* This tells Alpha OSF/1 not to define a getopt prototype in <stdio.h>.  */
        -: 1033:#ifndef _NO_PROTO
        -: 1034:#  define _NO_PROTO
        -: 1035:#endif
        -: 1036:
        -: 1037:#if defined(USG) || defined(STDC_HEADERS) || defined(__GNU_LIBRARY__)
        -: 1038:#include <string.h>
        -: 1039:#endif
        -: 1040:
        -: 1041:/* This needs to come after some library #include
        -: 1042:   to get __GNU_LIBRARY__ defined.  */
        -: 1043:#ifdef	__GNU_LIBRARY__
        -: 1044:#undef	alloca
        -: 1045:/* Don't include stdlib.h for non-GNU C libraries because some of them
        -: 1046:   contain conflicting prototypes for getopt.  */
        -: 1047:#include <stdlib.h>
        -: 1048:#else	/* Not GNU C library.  */
        -: 1049:#define	__alloca	alloca
        -: 1050:#endif	/* GNU C library.  */
        -: 1051:
        -: 1052:#ifdef LINUX
        -: 1053:#define __alloca alloca
        -: 1054:#endif
        -: 1055:
        -: 1056:#if !__STDC__
        -: 1057:#define const
        -: 1058:#endif
        -: 1059:
        -: 1060:/* If GETOPT_COMPAT is defined, `+' as well as `--' can introduce a
        -: 1061:   long-named option.  Because this is not POSIX.2 compliant, it is
        -: 1062:   being phased out.  */
        -: 1063:#define GETOPT_COMPAT
        -: 1064:
        -: 1065:/* This version of `getopt' appears to the caller like standard Unix `getopt'
        -: 1066:   but it behaves differently for the user, since it allows the user
        -: 1067:   to intersperse the options with the other arguments.
        -: 1068:
        -: 1069:   As `getopt' works, it permutes the elements of ARGV so that,
        -: 1070:   when it is done, all the options precede everything else.  Thus
        -: 1071:   all application programs are extended to handle flexible argument order.
        -: 1072:
        -: 1073:   Setting the environment variable POSIXLY_CORRECT disables permutation.
        -: 1074:   Then the behavior is completely standard.
        -: 1075:
        -: 1076:   GNU application programs can use a third alternative mode in which
        -: 1077:   they can distinguish the relative order of options and other arguments.  */
        -: 1078:
        -: 1079:/* For communication from `getopt' to the caller.
        -: 1080:   When `getopt' finds an option that takes an argument,
        -: 1081:   the argument value is returned here.
        -: 1082:   Also, when `ordering' is RETURN_IN_ORDER,
        -: 1083:   each non-option ARGV-element is returned here.  */
        -: 1084:
        -: 1085:char *optarg = 0;
        -: 1086:
        -: 1087:/* Index in ARGV of the next element to be scanned.
        -: 1088:   This is used for communication to and from the caller
        -: 1089:   and for communication between successive calls to `getopt'.
        -: 1090:
        -: 1091:   On entry to `getopt', zero means this is the first call; initialize.
        -: 1092:
        -: 1093:   When `getopt' returns EOF, this is the index of the first of the
        -: 1094:   non-option elements that the caller should itself scan.
        -: 1095:
        -: 1096:   Otherwise, `optind' communicates from one call to the next
        -: 1097:   how much of ARGV has been scanned so far.  */
        -: 1098:
        -: 1099:int optind = 0;
        -: 1100:
        -: 1101:/* The next char to be scanned in the option-element
        -: 1102:   in which the last option character we returned was found.
        -: 1103:   This allows us to pick up the scan where we left off.
        -: 1104:
        -: 1105:   If this is zero, or a null string, it means resume the scan
        -: 1106:   by advancing to the next ARGV-element.  */
        -: 1107:
        -: 1108:static char *nextchar;
        -: 1109:
        -: 1110:/* Callers store zero here to inhibit the error message
        -: 1111:   for unrecognized options.  */
        -: 1112:
        -: 1113:int opterr = 1;
        -: 1114:
        -: 1115:/* Describe how to deal with options that follow non-option ARGV-elements.
        -: 1116:
        -: 1117:   If the caller did not specify anything,
        -: 1118:   the default is REQUIRE_ORDER if the environment variable
        -: 1119:   POSIXLY_CORRECT is defined, PERMUTE otherwise.
        -: 1120:
        -: 1121:   REQUIRE_ORDER means don't recognize them as options;
        -: 1122:   stop option processing when the first non-option is seen.
        -: 1123:   This is what Unix does.
        -: 1124:   This mode of operation is selected by either setting the environment
        -: 1125:   variable POSIXLY_CORRECT, or using `+' as the first character
        -: 1126:   of the list of option characters.
        -: 1127:
        -: 1128:   PERMUTE is the default.  We permute the contents of ARGV as we scan,
        -: 1129:   so that eventually all the non-options are at the end.  This allows options
        -: 1130:   to be given in any order, even with programs that were not written to
        -: 1131:   expect this.
        -: 1132:
        -: 1133:   RETURN_IN_ORDER is an option available to programs that were written
        -: 1134:   to expect options and other ARGV-elements in any order and that care about
        -: 1135:   the ordering of the two.  We describe each non-option ARGV-element
        -: 1136:   as if it were the argument of an option with character code 1.
        -: 1137:   Using `-' as the first character of the list of option characters
        -: 1138:   selects this mode of operation.
        -: 1139:
        -: 1140:   The special argument `--' forces an end of option-scanning regardless
        -: 1141:   of the value of `ordering'.  In the case of RETURN_IN_ORDER, only
        -: 1142:   `--' can cause `getopt' to return EOF with `optind' != ARGC.  */
        -: 1143:
        -: 1144:static enum
        -: 1145:{
        -: 1146:  REQUIRE_ORDER, PERMUTE, RETURN_IN_ORDER
        -: 1147:} ordering;
        -: 1148:
        -: 1149:#ifdef	__GNU_LIBRARY__
        -: 1150:#include <string.h>
        -: 1151:#define	my_index	strchr
        -: 1152:#define	my_bcopy(src, dst, n)	memcpy ((dst), (src), (n))
        -: 1153:#else
        -: 1154:
        -: 1155:/* Avoid depending on library functions or files
        -: 1156:   whose names are inconsistent.  */
        -: 1157:
        -: 1158:char *getenv ();
        -: 1159:
        -: 1160:static char *
        -: 1161:my_index (string, chr)
        -: 1162:     char *string;
        -: 1163:     int chr;
        -: 1164:{
        -: 1165:  while (*string)
        -: 1166:    {
        -: 1167:      if (*string == chr)
        -: 1168:	return string;
        -: 1169:      string++;
        -: 1170:    }
        -: 1171:  return 0;
        -: 1172:}
        -: 1173:
        -: 1174:static void
        -: 1175:my_bcopy (from, to, size)
        -: 1176:     char *from, *to;
        -: 1177:     int size;
        -: 1178:{
        -: 1179:  int i;
        -: 1180:  for (i = 0; i < size; i++)
        -: 1181:    to[i] = from[i];
        -: 1182:}
        -: 1183:#endif				/* GNU C library.  */
        -: 1184:
        -: 1185:/* Handle permutation of arguments.  */
        -: 1186:
        -: 1187:/* Describe the part of ARGV that contains non-options that have
        -: 1188:   been skipped.  `first_nonopt' is the index in ARGV of the first of them;
        -: 1189:   `last_nonopt' is the index after the last of them.  */
        -: 1190:
        -: 1191:static int first_nonopt;
        -: 1192:static int last_nonopt;
        -: 1193:
        -: 1194:/* Exchange two adjacent subsequences of ARGV.
        -: 1195:   One subsequence is elements [first_nonopt,last_nonopt)
        -: 1196:   which contains all the non-options that have been skipped so far.
        -: 1197:   The other is elements [last_nonopt,optind), which contains all
        -: 1198:   the options processed since those non-options were skipped.
        -: 1199:
        -: 1200:   `first_nonopt' and `last_nonopt' are relocated so that they describe
        -: 1201:   the new indices of the non-options in ARGV after they are moved.  */
        -: 1202:
        -: 1203:static void
function exchange called 16 returned 100% blocks executed 100%
       16: 1204:exchange (argv)
        -: 1205:     char **argv;
        -: 1206:{
       16: 1207:  int nonopts_size = (last_nonopt - first_nonopt) * sizeof (char *);
        -: 1208:#ifdef _CRAY
        -: 1209:  char *temp[last_nonopt - first_nonopt];
        -: 1210:#else
       16: 1211:  char **temp = (char **) __alloca (nonopts_size);
        -: 1212:#endif
        -: 1213:
        -: 1214:  /* Interchange the two blocks of data in ARGV.  */
        -: 1215:
       16: 1216:  my_bcopy ((char *) &argv[first_nonopt], (char *) temp, nonopts_size);
       16: 1217:  my_bcopy ((char *) &argv[last_nonopt], (char *) &argv[first_nonopt],
        -: 1218:	    (optind - last_nonopt) * sizeof (char *));
       16: 1219:  my_bcopy ((char *) temp,
        -: 1220:	    (char *) &argv[first_nonopt + optind - last_nonopt],
        -: 1221:	    nonopts_size);
        -: 1222:
        -: 1223:  /* Update records for the slots the non-options now occupy.  */
        -: 1224:
       16: 1225:  first_nonopt += (optind - last_nonopt);
       16: 1226:  last_nonopt = optind;
       16: 1227:}
        -: 1228:
        -: 1229:/* Scan elements of ARGV (whose length is ARGC) for option characters
        -: 1230:   given in OPTSTRING.
        -: 1231:
        -: 1232:   If an element of ARGV starts with '-', and is not exactly "-" or "--",
        -: 1233:   then it is an option element.  The characters of this element
        -: 1234:   (aside from the initial '-') are option characters.  If `getopt'
        -: 1235:   is called repeatedly, it returns successively each of the option characters
        -: 1236:   from each of the option elements.
        -: 1237:
        -: 1238:   If `getopt' finds another option character, it returns that character,
        -: 1239:   updating `optind' and `nextchar' so that the next call to `getopt' can
        -: 1240:   resume the scan with the following option character or ARGV-element.
        -: 1241:
        -: 1242:   If there are no more option characters, `getopt' returns `EOF'.
        -: 1243:   Then `optind' is the index in ARGV of the first ARGV-element
        -: 1244:   that is not an option.  (The ARGV-elements have been permuted
        -: 1245:   so that those that are not options now come last.)
        -: 1246:
        -: 1247:   OPTSTRING is a string containing the legitimate option characters.
        -: 1248:   If an option character is seen that is not listed in OPTSTRING,
        -: 1249:   return '?' after printing an error message.  If you set `opterr' to
        -: 1250:   zero, the error message is suppressed but we still return '?'.
        -: 1251:
        -: 1252:   If a char in OPTSTRING is followed by a colon, that means it wants an arg,
        -: 1253:   so the following text in the same ARGV-element, or the text of the following
        -: 1254:   ARGV-element, is returned in `optarg'.  Two colons mean an option that
        -: 1255:   wants an optional arg; if there is text in the current ARGV-element,
        -: 1256:   it is returned in `optarg', otherwise `optarg' is set to zero.
        -: 1257:
        -: 1258:   If OPTSTRING starts with `-' or `+', it requests different methods of
        -: 1259:   handling the non-option ARGV-elements.
        -: 1260:   See the comments about RETURN_IN_ORDER and REQUIRE_ORDER, above.
        -: 1261:
        -: 1262:   Long-named options begin with `--' instead of `-'.
        -: 1263:   Their names may be abbreviated as long as the abbreviation is unique
        -: 1264:   or is an exact match for some defined option.  If they have an
        -: 1265:   argument, it follows the option name in the same ARGV-element, separated
        -: 1266:   from the option name by a `=', or else the in next ARGV-element.
        -: 1267:   When `getopt' finds a long-named option, it returns 0 if that option's
        -: 1268:   `flag' field is nonzero, the value of the option's `val' field
        -: 1269:   if the `flag' field is zero.
        -: 1270:
        -: 1271:   The elements of ARGV aren't really const, because we permute them.
        -: 1272:   But we pretend they're const in the prototype to be compatible
        -: 1273:   with other systems.
        -: 1274:
        -: 1275:   LONGOPTS is a vector of `struct option' terminated by an
        -: 1276:   element containing a name which is zero.
        -: 1277:
        -: 1278:   LONGIND returns the index in LONGOPT of the long-named option found.
        -: 1279:   It is only valid when a long-named option has been found by the most
        -: 1280:   recent call.
        -: 1281:
        -: 1282:   If LONG_ONLY is nonzero, '-' as well as '--' can introduce
        -: 1283:   long-named options.  */
        -: 1284:
        -: 1285:int
function _getopt_internal called 716 returned 100% blocks executed 50%
      716: 1286:_getopt_internal (argc, argv, optstring, longopts, longind, long_only)
        -: 1287:     int argc;
        -: 1288:     char *const *argv;
        -: 1289:     const char *optstring;
        -: 1290:     const struct option *longopts;
        -: 1291:     int *longind;
        -: 1292:     int long_only;
        -: 1293:{
        -: 1294:  int option_index;
        -: 1295:
      716: 1296:  optarg = 0;
        -: 1297:
        -: 1298:  /* Initialize the internal data when the first call is made.
        -: 1299:     Start processing options with ARGV-element 1 (since ARGV-element 0
        -: 1300:     is the program name); the sequence of previously skipped
        -: 1301:     non-option ARGV-elements is empty.  */
        -: 1302:
      716: 1303:  if (optind == 0)
branch  0 taken 214 (fallthrough)
branch  1 taken 502
        -: 1304:    {
      214: 1305:      first_nonopt = last_nonopt = optind = 1;
        -: 1306:
      214: 1307:      nextchar = NULL;
        -: 1308:
        -: 1309:      /* Determine how to handle the ordering of options and nonoptions.  */
        -: 1310:
      214: 1311:      if (optstring[0] == '-')
branch  0 taken 0 (fallthrough)
branch  1 taken 214
        -: 1312:	{
    #####: 1313:	  ordering = RETURN_IN_ORDER;
    #####: 1314:	  ++optstring;
        -: 1315:	}
      214: 1316:      else if (optstring[0] == '+')
branch  0 taken 0 (fallthrough)
branch  1 taken 214
        -: 1317:	{
    #####: 1318:	  ordering = REQUIRE_ORDER;
    #####: 1319:	  ++optstring;
        -: 1320:	}
      214: 1321:      else if (getenv ("POSIXLY_CORRECT") != NULL)
call    0 returned 214
branch  1 taken 0 (fallthrough)
branch  2 taken 214
    #####: 1322:	ordering = REQUIRE_ORDER;
        -: 1323:      else
      214: 1324:	ordering = PERMUTE;
        -: 1325:    }
        -: 1326:
      716: 1327:  if (nextchar == NULL || *nextchar == '\0')
branch  0 taken 502 (fallthrough)
branch  1 taken 214
branch  2 taken 197 (fallthrough)
branch  3 taken 305
        -: 1328:    {
      411: 1329:      if (ordering == PERMUTE)
branch  0 taken 411 (fallthrough)
branch  1 taken 0
        -: 1330:	{
        -: 1331:	  /* If we have just processed some options following some non-options,
        -: 1332:	     exchange them so that the options come first.  */
        -: 1333:
      411: 1334:	  if (first_nonopt != last_nonopt && last_nonopt != optind)
branch  0 taken 16 (fallthrough)
branch  1 taken 395
branch  2 taken 16 (fallthrough)
branch  3 taken 0
       16: 1335:	    exchange ((char **) argv);
call    0 returned 16
      395: 1336:	  else if (last_nonopt != optind)
branch  0 taken 181 (fallthrough)
branch  1 taken 214
      181: 1337:	    first_nonopt = optind;
        -: 1338:
        -: 1339:	  /* Now skip any additional non-options
        -: 1340:	     and extend the range of non-options previously skipped.  */
        -: 1341:
      411: 1342:	  while (optind < argc
      223: 1343:		 && (argv[optind][0] != '-' || argv[optind][1] == '\0')
branch  0 taken 203 (fallthrough)
branch  1 taken 20
branch  2 taken 0 (fallthrough)
branch  3 taken 203
        -: 1344:#ifdef GETOPT_COMPAT
      451: 1345:		 && (longopts == NULL
branch  0 taken 223 (fallthrough)
branch  1 taken 208
branch  2 taken 0
branch  3 taken 20 (fallthrough)
      20*: 1346:		     || argv[optind][0] != '+' || argv[optind][1] == '\0')
branch  0 taken 20
branch  1 taken 0 (fallthrough)
branch  2 never executed
branch  3 never executed
        -: 1347:#endif				/* GETOPT_COMPAT */
        -: 1348:		 )
       20: 1349:	    optind++;
      411: 1350:	  last_nonopt = optind;
        -: 1351:	}
        -: 1352:
        -: 1353:      /* Special ARGV-element `--' means premature end of options.
        -: 1354:	 Skip it like a null option,
        -: 1355:	 then exchange with previous non-options as if it were an option,
        -: 1356:	 then skip everything else like a non-option.  */
        -: 1357:
      411: 1358:      if (optind != argc && !strcmp (argv[optind], "--"))
branch  0 taken 203 (fallthrough)
branch  1 taken 208
branch  2 taken 0 (fallthrough)
branch  3 taken 203
        -: 1359:	{
    #####: 1360:	  optind++;
        -: 1361:
    #####: 1362:	  if (first_nonopt != last_nonopt && last_nonopt != optind)
branch  0 never executed
branch  1 never executed
branch  2 never executed
branch  3 never executed
    #####: 1363:	    exchange ((char **) argv);
call    0 never executed
    #####: 1364:	  else if (first_nonopt == last_nonopt)
branch  0 never executed
branch  1 never executed
    #####: 1365:	    first_nonopt = optind;
    #####: 1366:	  last_nonopt = argc;
        -: 1367:
    #####: 1368:	  optind = argc;
        -: 1369:	}
        -: 1370:
        -: 1371:      /* If we have done all the ARGV-elements, stop the scan
        -: 1372:	 and back over any non-options that we skipped and permuted.  */
        -: 1373:
      411: 1374:      if (optind == argc)
branch  0 taken 208 (fallthrough)
branch  1 taken 203
        -: 1375:	{
        -: 1376:	  /* Set the next-arg-index to point at the non-options
        -: 1377:	     that we previously skipped, so the caller will digest them.  */
      208: 1378:	  if (first_nonopt != last_nonopt)
branch  0 taken 20 (fallthrough)
branch  1 taken 188
       20: 1379:	    optind = first_nonopt;
      208: 1380:	  return EOF;
        -: 1381:	}
        -: 1382:
        -: 1383:      /* If we have come to a non-option and did not permute it,
        -: 1384:	 either stop the scan or describe it to the caller and pass it by.  */
        -: 1385:
      203: 1386:      if ((argv[optind][0] != '-' || argv[optind][1] == '\0')
branch  0 taken 203 (fallthrough)
branch  1 taken 0
branch  2 taken 0 (fallthrough)
branch  3 taken 203
        -: 1387:#ifdef GETOPT_COMPAT
    #####: 1388:	  && (longopts == NULL
branch  0 never executed
branch  1 never executed
    #####: 1389:	      || argv[optind][0] != '+' || argv[optind][1] == '\0')
branch  0 never executed
branch  1 never executed
branch  2 never executed
branch  3 never executed
        -: 1390:#endif				/* GETOPT_COMPAT */
        -: 1391:	  )
        -: 1392:	{
    #####: 1393:	  if (ordering == REQUIRE_ORDER)
branch  0 never executed
branch  1 never executed
    #####: 1394:	    return EOF;
    #####: 1395:	  optarg = argv[optind++];
    #####: 1396:	  return 1;
        -: 1397:	}
        -: 1398:
        -: 1399:      /* We have found another option-ARGV-element.
        -: 1400:	 Start decoding its characters.  */
        -: 1401:
      406: 1402:      nextchar = (argv[optind] + 1
      203: 1403:		  + (longopts != NULL && argv[optind][1] == '-'));
branch  0 taken 203 (fallthrough)
branch  1 taken 0
branch  2 taken 13 (fallthrough)
branch  3 taken 190
        -: 1404:    }
        -: 1405:
      508: 1406:  if (longopts != NULL
branch  0 taken 508 (fallthrough)
branch  1 taken 0
      508: 1407:      && ((argv[optind][0] == '-'
[...]
        -: 6880:}
        -: 6881:
        -: 6882:/* ========================================================================
        -: 6883: * Return the length of the maximum inital segment of s
        -: 6884: * which contains no characters from reject.
        -: 6885: */
        -: 6886:int strcspn(s, reject)
        -: 6887:    const char *s;
        -: 6888:    const char *reject;
        -: 6889:{
        -: 6890:    register int count = 0;
        -: 6891:
        -: 6892:    while (*s != '\0') {
        -: 6893:	if (strchr(reject, *s++) != NULL) return count;
        -: 6894:	++count;
        -: 6895:    }
        -: 6896:    return count;
        -: 6897:}
        -: 6898:
        -: 6899:#endif /* NO_STRING_H */
        -: 6900:
        -: 6901:/* ========================================================================
        -: 6902: * Add an environment variable (if any) before argv, and update argc.
        -: 6903: * Return the expanded environment variable to be freed later, or NULL 
        -: 6904: * if no options were added to argv.
        -: 6905: */
        -: 6906:#define SEPARATOR	" \t"	/* separators in env variable */
        -: 6907:
function add_envopt called 214 returned 100% blocks executed 15%
      214: 6908:char *add_envopt(argcp, argvp, env)
        -: 6909:    int *argcp;          /* pointer to argc */
        -: 6910:    char ***argvp;       /* pointer to argv */
        -: 6911:    char *env;           /* name of environment variable */
        -: 6912:{
        -: 6913:    char *p;             /* running pointer through env variable */
        -: 6914:    char **oargv;        /* runs through old argv array */
        -: 6915:    char **nargv;        /* runs through new argv array */
      214: 6916:    int	 oargc = *argcp; /* old argc */
      214: 6917:    int  nargc = 0;      /* number of arguments in env variable */
        -: 6918:
      214: 6919:    env = (char*)getenv(env);
call    0 returned 214
      214: 6920:    if (env == NULL) return NULL;
branch  0 taken 214 (fallthrough)
branch  1 taken 0
        -: 6921:
    #####: 6922:    p = (char*)xmalloc(strlen(env)+1);
call    0 never executed
    #####: 6923:    env = strcpy(p, env);                    /* keep env variable intact */
        -: 6924:
    #####: 6925:    for (p = env; *p; nargc++ ) {            /* move through env */
branch  0 never executed
branch  1 never executed
    #####: 6926:	p += strspn(p, SEPARATOR);	     /* skip leading separators */
    #####: 6927:	if (*p == '\0') break;
branch  0 never executed
branch  1 never executed
        -: 6928:
    #####: 6929:	p += strcspn(p, SEPARATOR);	     /* find end of word */
    #####: 6930:	if (*p) *p++ = '\0';		     /* mark it */
branch  0 never executed
branch  1 never executed
        -: 6931:    }
    #####: 6932:    if (nargc == 0) {
branch  0 never executed
branch  1 never executed
    #####: 6933:	free(env); env = NULL;
    #####: 6934:	return NULL;
        -: 6935:    }
    #####: 6936:    *argcp += nargc;
        -: 6937:    /* Allocate the new argv array, with an extra element just in case
        -: 6938:     * the original arg list did not end with a NULL.
        -: 6939:     */
    #####: 6940:    nargv = (char**)calloc(*argcp+1, sizeof(char *));
    #####: 6941:    if (nargv == NULL) error("out of memory");
branch  0 never executed
branch  1 never executed
call    2 never executed
    #####: 6942:    oargv  = *argvp;
    #####: 6943:    *argvp = nargv;
        -: 6944:
        -: 6945:    /* Copy the program name first */
    #####: 6946:    if (oargc-- < 0) error("argc<=0");
branch  0 never executed
branch  1 never executed
call    2 never executed
    #####: 6947:    *(nargv++) = *(oargv++);
        -: 6948:
        -: 6949:    /* Then copy the environment args */
    #####: 6950:    for (p = env; nargc > 0; nargc--) {
branch  0 never executed
branch  1 never executed
    #####: 6951:	p += strspn(p, SEPARATOR);	     /* skip separators */
    #####: 6952:	*(nargv++) = p;			     /* store start */
    #####: 6953:	while (*p++) ;			     /* skip over word */
branch  0 never executed
branch  1 never executed
        -: 6954:    }
        -: 6955:
        -: 6956:    /* Finally copy the old args and add a NULL (usual convention) */
    #####: 6957:    while (oargc--) *(nargv++) = *(oargv++);
branch  0 never executed
branch  1 never executed
    #####: 6958:    *nargv = NULL;
    #####: 6959:    return env;
        -: 6960:}
        -: 6961:
        -: 6962:/* ========================================================================
        -: 6963: * Error handlers.
        -: 6964: */
function error called 0 returned 0% blocks executed 0%
    #####: 6965:void error(m)
        -: 6966:    char *m;
        -: 6967:{
    #####: 6968:    fprintf(stderr, "\n%s: %s: %s\n", progname, ifname, m);
call    0 never executed
    #####: 6969:    abort_gzip();
call    0 never executed
    #####: 6970:}
        -: 6971:
function warn called 0 returned 0% blocks executed 0%
    #####: 6972:void warn(a, b)
        -: 6973:    char *a, *b;            /* message strings juxtaposed in output */
        -: 6974:{
    #####: 6975:    WARN((stderr, "%s: %s: warning: %s%s\n", progname, ifname, a, b));
branch  0 never executed
branch  1 never executed
call    2 never executed
branch  3 never executed
branch  4 never executed
    #####: 6976:}
        -: 6977:
function read_error called 1 returned 0% blocks executed 83%
        1: 6978:void read_error()
        -: 6979:{
        1: 6980:    fprintf(stderr, "\n%s: ", progname);
call    0 returned 1
        1: 6981:    if (errno != 0) {
branch  0 taken 0 (fallthrough)
branch  1 taken 1
    #####: 6982:	perror(ifname);
call    0 never executed
        -: 6983:    } else {
        1: 6984:	fprintf(stderr, "%s: unexpected end of file\n", ifname);
call    0 returned 1
        -: 6985:    }
        1: 6986:    abort_gzip();
call    0 returned 0
    #####: 6987:}
        -: 6988:
function write_error called 0 returned 0% blocks executed 0%
    #####: 6989:void write_error()
        -: 6990:{
    #####: 6991:    fprintf(stderr, "\n%s: ", progname);
call    0 never executed
    #####: 6992:    perror(ofname);
call    0 never executed
    #####: 6993:    abort_gzip();
call    0 never executed
    #####: 6994:}
        -: 6995:
        -: 6996:/* ========================================================================
        -: 6997: * Display compression ratio on the given stream on 6 characters.
        -: 6998: */
function display_ratio called 81 returned 100% blocks executed 64%
       81: 6999:void display_ratio(num, den, file)
        -: 7000:    long num;
        -: 7001:    long den;
        -: 7002:    FILE *file;
        -: 7003:{
        -: 7004:    long ratio;  /* 1000 times the compression ratio */
        -: 7005:
       81: 7006:    if (den == 0) {
branch  0 taken 0 (fallthrough)
branch  1 taken 81
    #####: 7007:	ratio = 0; /* no compression */
       81: 7008:    } else if (den < 2147483L) { /* (2**31 -1)/1000 */
branch  0 taken 81 (fallthrough)
branch  1 taken 0
       81: 7009:	ratio = 1000L*num/den;
        -: 7010:    } else {
    #####: 7011:	ratio = num/(den/1000L);
        -: 7012:    }
       81: 7013:    if (ratio < 0) {
branch  0 taken 0 (fallthrough)
branch  1 taken 81
    #####: 7014:	putc('-', file);
call    0 never executed
    #####: 7015:	ratio = -ratio;
        -: 7016:    } else {
       81: 7017:	putc(' ', file);
call    0 returned 81
        -: 7018:    }
       81: 7019:    fprintf(file, "%2ld.%1ld%%", ratio / 10L, ratio % 10L);
call    0 returned 81
       81: 7020:}
        -: 7021:
        -: 7022:
        -: 7023:/* ========================================================================
        -: 7024: * Semi-safe malloc -- never returns NULL.
        -: 7025: */
function xmalloc called 0 returned 0% blocks executed 0%
    #####: 7026:voidp xmalloc (size)
        -: 7027:    unsigned size;
        -: 7028:{
    #####: 7029:    voidp cp = (voidp)malloc (size);
        -: 7030:
    #####: 7031:    if (cp == NULL) error("out of memory");
branch  0 never executed
branch  1 never executed
call    2 never executed
    #####: 7032:    return cp;
        -: 7033:}
        -: 7034:
        -: 7035:/* ========================================================================
        -: 7036: * Table of CRC-32's of all single-byte values (made by makecrc.c)
        -: 7037: */
        -: 7038:ulg crc_32_tab[] = {
        -: 7039:  0x00000000L, 0x77073096L, 0xee0e612cL, 0x990951baL, 0x076dc419L,
        -: 7040:  0x706af48fL, 0xe963a535L, 0x9e6495a3L, 0x0edb8832L, 0x79dcb8a4L,
        -: 7041:  0xe0d5e91eL, 0x97d2d988L, 0x09b64c2bL, 0x7eb17cbdL, 0xe7b82d07L,
        -: 7042:  0x90bf1d91L, 0x1db71064L, 0x6ab020f2L, 0xf3b97148L, 0x84be41deL,
        -: 7043:  0x1adad47dL, 0x6ddde4ebL, 0xf4d4b551L, 0x83d385c7L, 0x136c9856L,
        -: 7044:  0x646ba8c0L, 0xfd62f97aL, 0x8a65c9ecL, 0x14015c4fL, 0x63066cd9L,
        -: 7045:  0xfa0f3d63L, 0x8d080df5L, 0x3b6e20c8L, 0x4c69105eL, 0xd56041e4L,
        -: 7046:  0xa2677172L, 0x3c03e4d1L, 0x4b04d447L, 0xd20d85fdL, 0xa50ab56bL,
        -: 7047:  0x35b5a8faL, 0x42b2986cL, 0xdbbbc9d6L, 0xacbcf940L, 0x32d86ce3L,
        -: 7048:  0x45df5c75L, 0xdcd60dcfL, 0xabd13d59L, 0x26d930acL, 0x51de003aL,
        -: 7049:  0xc8d75180L, 0xbfd06116L, 0x21b4f4b5L, 0x56b3c423L, 0xcfba9599L,
        -: 7050:  0xb8bda50fL, 0x2802b89eL, 0x5f058808L, 0xc60cd9b2L, 0xb10be924L,
        -: 7051:  0x2f6f7c87L, 0x58684c11L, 0xc1611dabL, 0xb6662d3dL, 0x76dc4190L,
        -: 7052:  0x01db7106L, 0x98d220bcL, 0xefd5102aL, 0x71b18589L, 0x06b6b51fL,
        -: 7053:  0x9fbfe4a5L, 0xe8b8d433L, 0x7807c9a2L, 0x0f00f934L, 0x9609a88eL,
        -: 7054:  0xe10e9818L, 0x7f6a0dbbL, 0x086d3d2dL, 0x91646c97L, 0xe6635c01L,
        -: 7055:  0x6b6b51f4L, 0x1c6c6162L, 0x856530d8L, 0xf262004eL, 0x6c0695edL,
        -: 7056:  0x1b01a57bL, 0x8208f4c1L, 0xf50fc457L, 0x65b0d9c6L, 0x12b7e950L,
        -: 7057:  0x8bbeb8eaL, 0xfcb9887cL, 0x62dd1ddfL, 0x15da2d49L, 0x8cd37cf3L,
        -: 7058:  0xfbd44c65L, 0x4db26158L, 0x3ab551ceL, 0xa3bc0074L, 0xd4bb30e2L,
        -: 7059:  0x4adfa541L, 0x3dd895d7L, 0xa4d1c46dL, 0xd3d6f4fbL, 0x4369e96aL,
        -: 7060:  0x346ed9fcL, 0xad678846L, 0xda60b8d0L, 0x44042d73L, 0x33031de5L,
        -: 7061:  0xaa0a4c5fL, 0xdd0d7cc9L, 0x5005713cL, 0x270241aaL, 0xbe0b1010L,
        -: 7062:  0xc90c2086L, 0x5768b525L, 0x206f85b3L, 0xb966d409L, 0xce61e49fL,
        -: 7063:  0x5edef90eL, 0x29d9c998L, 0xb0d09822L, 0xc7d7a8b4L, 0x59b33d17L,
        -: 7064:  0x2eb40d81L, 0xb7bd5c3bL, 0xc0ba6cadL, 0xedb88320L, 0x9abfb3b6L,
        -: 7065:  0x03b6e20cL, 0x74b1d29aL, 0xead54739L, 0x9dd277afL, 0x04db2615L,
        -: 7066:  0x73dc1683L, 0xe3630b12L, 0x94643b84L, 0x0d6d6a3eL, 0x7a6a5aa8L,
        -: 7067:  0xe40ecf0bL, 0x9309ff9dL, 0x0a00ae27L, 0x7d079eb1L, 0xf00f9344L,
        -: 7068:  0x8708a3d2L, 0x1e01f268L, 0x6906c2feL, 0xf762575dL, 0x806567cbL,
        -: 7069:  0x196c3671L, 0x6e6b06e7L, 0xfed41b76L, 0x89d32be0L, 0x10da7a5aL,
        -: 7070:  0x67dd4accL, 0xf9b9df6fL, 0x8ebeeff9L, 0x17b7be43L, 0x60b08ed5L,
        -: 7071:  0xd6d6a3e8L, 0xa1d1937eL, 0x38d8c2c4L, 0x4fdff252L, 0xd1bb67f1L,
        -: 7072:  0xa6bc5767L, 0x3fb506ddL, 0x48b2364bL, 0xd80d2bdaL, 0xaf0a1b4cL,
        -: 7073:  0x36034af6L, 0x41047a60L, 0xdf60efc3L, 0xa867df55L, 0x316e8eefL,
        -: 7074:  0x4669be79L, 0xcb61b38cL, 0xbc66831aL, 0x256fd2a0L, 0x5268e236L,
        -: 7075:  0xcc0c7795L, 0xbb0b4703L, 0x220216b9L, 0x5505262fL, 0xc5ba3bbeL,
        -: 7076:  0xb2bd0b28L, 0x2bb45a92L, 0x5cb36a04L, 0xc2d7ffa7L, 0xb5d0cf31L,
        -: 7077:  0x2cd99e8bL, 0x5bdeae1dL, 0x9b64c2b0L, 0xec63f226L, 0x756aa39cL,
        -: 7078:  0x026d930aL, 0x9c0906a9L, 0xeb0e363fL, 0x72076785L, 0x05005713L,
        -: 7079:  0x95bf4a82L, 0xe2b87a14L, 0x7bb12baeL, 0x0cb61b38L, 0x92d28e9bL,
        -: 7080:  0xe5d5be0dL, 0x7cdcefb7L, 0x0bdbdf21L, 0x86d3d2d4L, 0xf1d4e242L,
        -: 7081:  0x68ddb3f8L, 0x1fda836eL, 0x81be16cdL, 0xf6b9265bL, 0x6fb077e1L,
        -: 7082:  0x18b74777L, 0x88085ae6L, 0xff0f6a70L, 0x66063bcaL, 0x11010b5cL,
        -: 7083:  0x8f659effL, 0xf862ae69L, 0x616bffd3L, 0x166ccf45L, 0xa00ae278L,
        -: 7084:  0xd70dd2eeL, 0x4e048354L, 0x3903b3c2L, 0xa7672661L, 0xd06016f7L,
        -: 7085:  0x4969474dL, 0x3e6e77dbL, 0xaed16a4aL, 0xd9d65adcL, 0x40df0b66L,
        -: 7086:  0x37d83bf0L, 0xa9bcae53L, 0xdebb9ec5L, 0x47b2cf7fL, 0x30b5ffe9L,
        -: 7087:  0xbdbdf21cL, 0xcabac28aL, 0x53b39330L, 0x24b4a3a6L, 0xbad03605L,
        -: 7088:  0xcdd70693L, 0x54de5729L, 0x23d967bfL, 0xb3667a2eL, 0xc4614ab8L,
        -: 7089:  0x5d681b02L, 0x2a6f2b94L, 0xb40bbe37L, 0xc30c8ea1L, 0x5a05df1bL,
        -: 7090:  0x2d02ef8dL
        -: 7091:};
        -: 7092:/* zip.c -- compress files to the gzip or pkzip format
        -: 7093: * Copyright (C) 1992-1993 Jean-loup Gailly
        -: 7094: * This is free software; you can redistribute it and/or modify it under the
        -: 7095: * terms of the GNU General Public License, see the file COPYING.
        -: 7096: */
        -: 7097:
        -: 7098:/*
        -: 7099:#ifndef lint
        -: 7100:static char rcsid[] = "$Id: zip.c,v 0.17 1993/06/10 13:29:25 jloup Exp $";
        -: 7101:#endif
        -: 7102:*/
        -: 7103:
        -: 7104:#ifdef HAVE_UNISTD_H
        -: 7105:#  include <unistd.h>
        -: 7106:#endif
        -: 7107:#ifndef NO_FCNTL_H
        -: 7108:#  include <fcntl.h>
        -: 7109:#endif
        -: 7110:
        -: 7111:local ulg crc;       /* crc on uncompressed file data */
        -: 7112:long header_bytes;   /* number of bytes in gzip header */
        -: 7113:
        -: 7114:/* ===========================================================================
        -: 7115: * Deflate in to out.
        -: 7116: * IN assertions: the input and output buffers are cleared.
        -: 7117: *   The variables time_stamp and save_orig_name are initialized.
        -: 7118: */
function zip called 175 returned 100% blocks executed 51%
      175: 7119:int zip(in, out)
        -: 7120:    int in, out;            /* input and output file descriptors */
        -: 7121:{
      175: 7122:    uch  flags = 0;         /* general purpose bit flags */
      175: 7123:    ush  attr = 0;          /* ascii/binary flag */
      175: 7124:    ush  deflate_flags = 0; /* pkzip -es, -en or -ex equivalent */
        -: 7125:
      175: 7126:    ifd = in;
      175: 7127:    ofd = out;
      175: 7128:    outcnt = 0;
        -: 7129:
        -: 7130:    /* Write the header to the gzip file. See algorithm.doc for the format */
        -: 7131:
      175: 7132:    method = DEFLATED;
     175*: 7133:    put_byte(GZIP_MAGIC[0]); /* magic header */
branch  0 taken 0 (fallthrough)
branch  1 taken 175
call    2 never executed
     175*: 7134:    put_byte(GZIP_MAGIC[1]);
branch  0 taken 0 (fallthrough)
branch  1 taken 175
call    2 never executed
     175*: 7135:    put_byte(DEFLATED);      /* compression method */
branch  0 taken 0 (fallthrough)
branch  1 taken 175
call    2 never executed
        -: 7136:
      175: 7137:    if (save_orig_name) {
branch  0 taken 1 (fallthrough)
branch  1 taken 174
        1: 7138:	flags |= ORIG_NAME;
        -: 7139:    }
     175*: 7140:    put_byte(flags);         /* general flags */
branch  0 taken 0 (fallthrough)
branch  1 taken 175
call    2 never executed
     175*: 7141:    put_long(time_stamp);
branch  0 taken 175 (fallthrough)
branch  1 taken 0
branch  2 never executed
branch  3 never executed
call    4 never executed
branch  5 never executed
branch  6 never executed
call    7 never executed
branch  8 taken 175 (fallthrough)
branch  9 taken 0
branch 10 never executed
branch 11 never executed
call   12 never executed
branch 13 never executed
branch 14 never executed
call   15 never executed
        -: 7142:
        -: 7143:    /* Write deflated file to zip file */
      175: 7144:    crc = updcrc(0, 0);
call    0 returned 175
        -: 7145:
      175: 7146:    bi_init(out);
call    0 returned 175
      175: 7147:    ct_init(&attr, &method);
call    0 returned 175
      175: 7148:    lm_init(level, &deflate_flags);
call    0 returned 175
        -: 7149:
     175*: 7150:    put_byte((uch)deflate_flags); /* extra flags */
branch  0 taken 0 (fallthrough)
branch  1 taken 175
call    2 never executed
     175*: 7151:    put_byte(OS_CODE);            /* OS identifier */
branch  0 taken 0 (fallthrough)
branch  1 taken 175
call    2 never executed
        -: 7152:
      175: 7153:    if (save_orig_name) {
branch  0 taken 1 (fallthrough)
branch  1 taken 174
        1: 7154:	char *p = basename(ifname); /* Don't save the directory part. */
call    0 returned 1
        -: 7155:	do {
       7*: 7156:	    put_char(*p);
branch  0 taken 0 (fallthrough)
branch  1 taken 7
call    2 never executed
        7: 7157:	} while (*p++);
branch  0 taken 6
branch  1 taken 1 (fallthrough)
        -: 7158:    }
      175: 7159:    header_bytes = (long)outcnt;
        -: 7160:
      175: 7161:    (void)deflate();
call    0 returned 175
        -: 7162:
        -: 7163:#if !defined(NO_SIZE_CHECK) && !defined(RECORD_IO)
        -: 7164:  /* Check input size (but not in VMS -- variable record lengths mess it up)
        -: 7165:   * and not on MSDOS -- diet in TSR mode reports an incorrect file size)
        -: 7166:   */
        -: 7167:    if (ifile_size != -1L && isize != (ulg)ifile_size) {
        -: 7168:	Trace((stderr, " actual=%ld, read=%ld ", ifile_size, isize));
        -: 7169:	fprintf(stderr, "%s: %s: file size changed while zipping\n",
        -: 7170:		progname, ifname);
        -: 7171:    }
        -: 7172:#endif
        -: 7173:
        -: 7174:    /* Write the crc and uncompressed size */
     175*: 7175:    put_long(crc);
branch  0 taken 175 (fallthrough)
branch  1 taken 0
branch  2 never executed
branch  3 never executed
call    4 never executed
branch  5 never executed
branch  6 never executed
call    7 never executed
branch  8 taken 175 (fallthrough)
branch  9 taken 0
branch 10 never executed
branch 11 never executed
call   12 never executed
branch 13 never executed
branch 14 never executed
call   15 never executed
     175*: 7176:    put_long(isize);
branch  0 taken 175 (fallthrough)
branch  1 taken 0
branch  2 never executed
branch  3 never executed
call    4 never executed
branch  5 never executed
branch  6 never executed
call    7 never executed
branch  8 taken 175 (fallthrough)
branch  9 taken 0
branch 10 never executed
branch 11 never executed
call   12 never executed
branch 13 never executed
branch 14 never executed
call   15 never executed
      175: 7177:    header_bytes += 2*sizeof(long);
        -: 7178:
      175: 7179:    flush_outbuf();
call    0 returned 175
      175: 7180:    return OK;
        -: 7181:}
        -: 7182:
        -: 7183:
        -: 7184:/* ===========================================================================
        -: 7185: * Read a new buffer from the current input file, perform end-of-line
        -: 7186: * translation, and update the crc and input file size.
        -: 7187: * IN assertion: size >= 2 (for end-of-line translation)
        -: 7188: */
function file_read called 3570 returned 100% blocks executed 100%
     3570: 7189:int file_read(buf, size)
        -: 7190:    char *buf;
        -: 7191:    unsigned size;
        -: 7192:{
        -: 7193:    unsigned len;
        -: 7194:
        -: 7195:    Assert(insize == 0, "inbuf not empty");
        -: 7196:
     3570: 7197:    len = read(ifd, buf, size);
call    0 returned 3570
     3570: 7198:    if (len == (unsigned)(-1) || len == 0) return (int)len;
branch  0 taken 3569 (fallthrough)
branch  1 taken 1
branch  2 taken 174 (fallthrough)
branch  3 taken 3395
        -: 7199:
     3395: 7200:    crc = updcrc((uch*)buf, len);
call    0 returned 3395
     3395: 7201:    isize += (ulg)len;
     3395: 7202:    return (int)len;
        -: 7203:}
