        -:    0:Source:gzip.c
        -:    0:Graph:gzip.gcno
        -:    0:Data:gzip.gcda
        -:    0:Runs:1
        -:    1:#include "crypt.h"
        -:    2:#include "getopt.h"
        -:    3:#include "config.h"
        -:    4:#include "gzip.h" 
        -:    5:#include "lzw.h"   
        -:    6:#include "tailor.h"
        -:    7:#include "revision.h"
        -:    8:#include "FaultSeeds.h"
        -:    9:
        -:   10:#include <stdio.h>
        -:   11:#include <ctype.h>
        -:   12:#include <sys/types.h>
        -:   13:#include <sys/stat.h>
        -:   14:#include <errno.h>
        -:   15:#include <signal.h>   
        -:   16:
        -:   17:/* bits.c -- output variable-length bit strings
        -:   18: * Copyright (C) 1992-1993 Jean-loup Gailly
        -:   19: * This is free software; you can redistribute it and/or modify it under the
        -:   20: * terms of the GNU General Public License, see the file COPYING.
        -:   21: */
        -:   22:
        -:   23:
        -:   24:/*
        -:   25: *  PURPOSE
        -:   26: *
        -:   27: *      Output variable-length bit strings. Compression can be done
        -:   28: *      to a file or to memory. (The latter is not supported in this version.)
        -:   29: *
        -:   30: *  DISCUSSION
        -:   31: *
        -:   32: *      The PKZIP "deflate" file format interprets compressed file data
        -:   33: *      as a sequence of bits.  Multi-bit strings in the file may cross
        -:   34: *      byte boundaries without restriction.
        -:   35: *
        -:   36: *      The first bit of each byte is the low-order bit.
        -:   37: *
        -:   38: *      The routines in this file allow a variable-length bit value to
        -:   39: *      be output right-to-left (useful for literal values). For
        -:   40: *      left-to-right output (useful for code strings from the tree routines),
        -:   41: *      the bits must have been reversed first with bi_reverse().
        -:   42: *
        -:   43: *      For in-memory compression, the compressed bit stream goes directly
        -:   44: *      into the requested output buffer. The input data is read in blocks
        -:   45: *      by the mem_read() function. The buffer is limited to 64K on 16 bit
        -:   46: *      machines.
        -:   47: *
        -:   48: *  INTERFACE
        -:   49: *
        -:   50: *      void bi_init (FILE *zipfile)
        -:   51: *          Initialize the bit string routines.
        -:   52: *
        -:   53: *      void send_bits (int value, int length)
        -:   54: *          Write out a bit string, taking the source bits right to
        -:   55: *          left.
        -:   56: *
        -:   57: *      int bi_reverse (int value, int length)
        -:   58: *          Reverse the bits of a bit string, taking the source bits left to
        -:   59: *          right and emitting them right to left.
        -:   60: *
        -:   61: *      void bi_windup (void)
        -:   62: *          Write out any remaining bits in an incomplete byte.
        -:   63: *
        -:   64: *      void copy_block(char *buf, unsigned len, int header)
        -:   65: *          Copy a stored block to the zip file, storing first the length and
        -:   66: *          its one's complement if requested.
        -:   67: *
        -:   68: */
        -:   69:
        -:   70:#ifdef DEBUG
        -:   71:#  include <stdio.h>
        -:   72:#endif
        -:   73:
        -:   74:#ifdef RCSID
        -:   75:static char rcsid[] = "$Id: bits.c,v 0.9 1993/06/11 10:16:58 jloup Exp $";
        -:   76:#endif
        -:   77:
        -:   78:/* ===========================================================================
        -:   79: * Local data used by the "bit string" routines.
        -:   80: */
        -:   81:
        -:   82:local file_t zfile; /* output gzip file */
        -:   83:
        -:   84:local unsigned short bi_buf;
        -:   85:/* Output buffer. bits are inserted starting at the bottom (least significant
        -:   86: * bits).
        -:   87: */
        -:   88:
        -:   89:#define Buf_size (8 * 2*sizeof(char))
        -:   90:/* Number of bits used within bi_buf. (bi_buf might be implemented on
        -:   91: * more than 16 bits on some systems.)
        -:   92: */
        -:   93:
        -:   94:local int bi_valid;
        -:   95:/* Number of valid bits in bi_buf.  All bits above the last valid bit
        -:   96: * are always zero.
        -:   97: */
        -:   98:
        -:   99:int (*read_buf) OF((char *buf, unsigned size));
        -:  100:/* Current input function. Set to mem_read for in-memory compression */
        -:  101:
        -:  102:#ifdef DEBUG
        -:  103:  off_t bits_sent;   /* bit length of the compressed data */
        -:  104:#endif
        -:  105:
        -:  106:/* ===========================================================================
        -:  107: * Initialize the bit string routines.
        -:  108: */
function bi_init called 1 returned 100% blocks executed 100%
        1:  109:void bi_init (zipfile)
        -:  110:    file_t zipfile; /* output zip file, NO_FILE for in-memory compression */
        -:  111:{
        1:  112:    zfile  = zipfile;
        1:  113:    bi_buf = 0;
        1:  114:    bi_valid = 0;
        -:  115:#ifdef DEBUG
        -:  116:    bits_sent = 0L;
        -:  117:#endif
        -:  118:
        -:  119:    /* Set the defaults for file compression. They are set by memcompress
        -:  120:     * for in-memory compression.
        -:  121:     */
        1:  122:    if (zfile != NO_FILE) {
branch  0 taken 1 (fallthrough)
branch  1 taken 0
        1:  123:	read_buf  = file_read;
        -:  124:    }
        1:  125:}
        -:  126:
        -:  127:/* ===========================================================================
        -:  128: * Send a value on a given number of bits.
        -:  129: * IN assertion: length <= 16 and value fits in length bits.
        -:  130: */
function send_bits called 17225 returned 100% blocks executed 60%
    17225:  131:void send_bits(value, length)
        -:  132:    int value;  /* value to send */
        -:  133:    int length; /* number of bits */
        -:  134:{
        -:  135:#ifdef DEBUG
        -:  136:    Tracev((stderr," l %2d v %4x ", length, value));
        -:  137:    Assert(length > 0 && length <= 15, "invalid length");
        -:  138:    bits_sent += (off_t)length;
        -:  139:#endif
        -:  140:    /* If not enough room in bi_buf, use (valid) bits from bi_buf and
        -:  141:     * (16 - bi_valid) bits from value, leaving (width - (16-bi_valid))
        -:  142:     * unused bits in value.
        -:  143:     */
    17225:  144:    if (bi_valid > (int)Buf_size - length) {
branch  0 taken 6184 (fallthrough)
branch  1 taken 11041
     6184:  145:        bi_buf |= (value << bi_valid);
    6184*:  146:        put_short(bi_buf);
branch  0 taken 6184 (fallthrough)
branch  1 taken 0
branch  2 never executed
branch  3 never executed
call    4 never executed
branch  5 never executed
branch  6 never executed
call    7 never executed
     6184:  147:        bi_buf = (ush)value >> (Buf_size - bi_valid);
     6184:  148:        bi_valid += length - Buf_size;
        -:  149:    } else {
    11041:  150:        bi_buf |= value << bi_valid;
    11041:  151:        bi_valid += length;
        -:  152:    }
    17225:  153:}
        -:  154:
        -:  155:/* ===========================================================================
        -:  156: * Reverse the first len bits of a code, using straightforward code (a faster
        -:  157: * method would use a table)
        -:  158: * IN assertion: 1 <= len <= 15
        -:  159: */
function bi_reverse called 474 returned 100% blocks executed 100%
      474:  160:unsigned bi_reverse(code, len)
        -:  161:    unsigned code; /* the value to invert */
        -:  162:    int len;       /* its bit length */
        -:  163:{
      474:  164:    register unsigned res = 0;
        -:  165:    do {
     3743:  166:        res |= code & 1;
     3743:  167:        code >>= 1, res <<= 1;
     3743:  168:    } while (--len > 0);
branch  0 taken 3269
branch  1 taken 474 (fallthrough)
      474:  169:    return res >> 1;
        -:  170:}
        -:  171:
        -:  172:/* ===========================================================================
        -:  173: * Write out any remaining bits in an incomplete byte.
        -:  174: */
function bi_windup called 1 returned 100% blocks executed 36%
        1:  175:void bi_windup()
        -:  176:{
        1:  177:    if (bi_valid > 8) {
branch  0 taken 1 (fallthrough)
branch  1 taken 0
       1*:  178:        put_short(bi_buf);
branch  0 taken 1 (fallthrough)
branch  1 taken 0
branch  2 never executed
branch  3 never executed
call    4 never executed
branch  5 never executed
branch  6 never executed
call    7 never executed
    #####:  179:    } else if (bi_valid > 0) {
branch  0 never executed
branch  1 never executed
    #####:  180:        put_byte(bi_buf);
branch  0 never executed
branch  1 never executed
call    2 never executed
        -:  181:    }
        1:  182:    bi_buf = 0;
        1:  183:    bi_valid = 0;
        -:  184:#ifdef DEBUG
        -:  185:    bits_sent = (bits_sent+7) & ~7;
        -:  186:#endif
        1:  187:}
        -:  188:
        -:  189:/* ===========================================================================
        -:  190: * Copy a stored block to the zip file, storing first the length and its
        -:  191: * one's complement if requested.
        -:  192: */
function copy_block called 0 returned 0% blocks executed 0%
    #####:  193:void copy_block(buf, len, header)
        -:  194:    char     *buf;    /* the input data */
        -:  195:    unsigned len;     /* its length */
        -:  196:    int      header;  /* true if block header must be written */
        -:  197:{
    #####:  198:    bi_windup();              /* align on byte boundary */
call    0 never executed
        -:  199:
    #####:  200:    if (header) {
branch  0 never executed
branch  1 never executed
    #####:  201:        put_short((ush)len);   
branch  0 never executed
branch  1 never executed
branch  2 never executed
branch  3 never executed
call    4 never executed
branch  5 never executed
branch  6 never executed
call    7 never executed
    #####:  202:        put_short((ush)~len);
branch  0 never executed
branch  1 never executed
branch  2 never executed
branch  3 never executed
call    4 never executed
branch  5 never executed
branch  6 never executed
call    7 never executed
        -:  203:#ifdef DEBUG
        -:  204:        bits_sent += 2*16;
        -:  205:#endif
        -:  206:    }
        -:  207:#ifdef DEBUG
        -:  208:    bits_sent += (off_t)len<<3;
        -:  209:#endif
    #####:  210:    while (len--) {
branch  0 never executed
branch  1 never executed
        -:  211:#ifdef CRYPT
        -:  212:        int t;
        -:  213:	if (key) zencode(*buf, t);
        -:  214:#endif
    #####:  215:	put_byte(*buf++);
branch  0 never executed
branch  1 never executed
call    2 never executed
        -:  216:    }
    #####:  217:}
        -:  218:/* crypt.c (dummy version) -- do not perform encryption
        -:  219: * Hardly worth copyrighting :-)
        -:  220: */
        -:  221:#ifdef RCSID
        -:  222:static char rcsid[] = "$Id: crypt.c,v 0.6 1993/03/22 09:48:47 jloup Exp $";
        -:  223:#endif
        -:  224:/* deflate.c -- compress data using the deflation algorithm
        -:  225: * Copyright (C) 1992-1993 Jean-loup Gailly
        -:  226: * This is free software; you can redistribute it and/or modify it under the
        -:  227: * terms of the GNU General Public License, see the file COPYING.
        -:  228: */
        -:  229:
        -:  230:/*
        -:  231: *  PURPOSE
        -:  232: *
        -:  233: *      Identify new text as repetitions of old text within a fixed-
        -:  234: *      length sliding window trailing behind the new text.
        -:  235: *
        -:  236: *  DISCUSSION
        -:  237: *
        -:  238: *      The "deflation" process depends on being able to identify portions
        -:  239: *      of the input text which are identical to earlier input (within a
        -:  240: *      sliding window trailing behind the input currently being processed).
        -:  241: *
        -:  242: *      The most straightforward technique turns out to be the fastest for
        -:  243: *      most input files: try all possible matches and select the longest.
        -:  244: *      The key feature of this algorithm is that insertions into the string
        -:  245: *      dictionary are very simple and thus fast, and deletions are avoided
        -:  246: *      completely. Insertions are performed at each input character, whereas
        -:  247: *      string matches are performed only when the previous match ends. So it
        -:  248: *      is preferable to spend more time in matches to allow very fast string
        -:  249: *      insertions and avoid deletions. The matching algorithm for small
        -:  250: *      strings is inspired from that of Rabin & Karp. A brute force approach
        -:  251: *      is used to find longer strings when a small match has been found.
        -:  252: *      A similar algorithm is used in comic (by Jan-Mark Wams) and freeze
        -:  253: *      (by Leonid Broukhis).
        -:  254: *         A previous version of this file used a more sophisticated algorithm
        -:  255: *      (by Fiala and Greene) which is guaranteed to run in linear amortized
        -:  256: *      time, but has a larger average cost, uses more memory and is patented.
        -:  257: *      However the F&G algorithm may be faster for some highly redundant
        -:  258: *      files if the parameter max_chain_length (described below) is too large.
        -:  259: *
        -:  260: *  ACKNOWLEDGEMENTS
        -:  261: *
        -:  262: *      The idea of lazy evaluation of matches is due to Jan-Mark Wams, and
        -:  263: *      I found it in 'freeze' written by Leonid Broukhis.
        -:  264: *      Thanks to many info-zippers for bug reports and testing.
        -:  265: *
        -:  266: *  REFERENCES
        -:  267: *
        -:  268: *      APPNOTE.TXT documentation file in PKZIP 1.93a distribution.
        -:  269: *
        -:  270: *      A description of the Rabin and Karp algorithm is given in the book
        -:  271: *         "Algorithms" by R. Sedgewick, Addison-Wesley, p252.
        -:  272: *
        -:  273: *      Fiala,E.R., and Greene,D.H.
        -:  274: *         Data Compression with Finite Windows, Comm.ACM, 32,4 (1989) 490-595
        -:  275: *
        -:  276: *  INTERFACE
        -:  277: *
        -:  278: *      void lm_init (int pack_level, ush *flags)
        -:  279: *          Initialize the "longest match" routines for a new file
        -:  280: *
        -:  281: *      off_t deflate (void)
        -:  282: *          Processes a new input file and return its compressed length. Sets
        -:  283: *          the compressed length, crc, deflate flags and internal file
        -:  284: *          attributes.
        -:  285: */
        -:  286:
        -:  287:#ifdef RCSID
        -:  288:static char rcsid[] = "$Id: deflate.c,v 0.15 1993/06/24 10:53:53 jloup Exp $";
        -:  289:#endif
        -:  290:
        -:  291:/* ===========================================================================
        -:  292: * Configuration parameters
        -:  293: */
        -:  294:
        -:  295:/* Compile with MEDIUM_MEM to reduce the memory requirements or
        -:  296: * with SMALL_MEM to use as little memory as possible. Use BIG_MEM if the
        -:  297: * entire input file can be held in memory (not possible on 16 bit systems).
        -:  298: * Warning: defining these symbols affects HASH_BITS (see below) and thus
        -:  299: * affects the compression ratio. The compressed output
        -:  300: * is still correct, and might even be smaller in some cases.
        -:  301: */
        -:  302:
        -:  303:#ifdef SMALL_MEM
        -:  304:#   define HASH_BITS  13  /* Number of bits used to hash strings */
        -:  305:#endif
        -:  306:#ifdef MEDIUM_MEM
        -:  307:#   define HASH_BITS  14
        -:  308:#endif
        -:  309:#ifndef HASH_BITS
        -:  310:#   define HASH_BITS  15
        -:  311:   /* For portability to 16 bit machines, do not use values above 15. */
        -:  312:#endif
        -:  313:
        -:  314:/* To save space (see unlzw.c), we overlay prev+head with tab_prefix and
        -:  315: * window with tab_suffix. Check that we can do this:
        -:  316: */
        -:  317:#if (WSIZE<<1) > (1<<BITS)
        -:  318:   error: cannot overlay window with tab_suffix and prev with tab_prefix0
        -:  319:#endif
        -:  320:#if HASH_BITS > BITS-1
        -:  321:   error: cannot overlay head with tab_prefix1
        -:  322:#endif
        -:  323:
        -:  324:#define HASH_SIZE (unsigned)(1<<HASH_BITS)
        -:  325:#define HASH_MASK (HASH_SIZE-1)
        -:  326:#define WMASK     (WSIZE-1)
        -:  327:/* HASH_SIZE and WSIZE must be powers of two */
        -:  328:
        -:  329:#define NIL 0
        -:  330:/* Tail of hash chains */
        -:  331:
        -:  332:#define FAST 4
        -:  333:#define SLOW 2
        -:  334:/* speed options for the general purpose bit flag */
        -:  335:
        -:  336:#ifndef TOO_FAR
        -:  337:#  define TOO_FAR 4096
        -:  338:#endif
        -:  339:/* Matches of length 3 are discarded if their distance exceeds TOO_FAR */
        -:  340:
        -:  341:/* ===========================================================================
        -:  342: * Local data used by the "longest match" routines.
        -:  343: */
        -:  344:
        -:  345:typedef ush Pos;
        -:  346:typedef unsigned IPos;
        -:  347:/* A Pos is an index in the character window. We use short instead of int to
        -:  348: * save space in the various tables. IPos is used only for parameter passing.
        -:  349: */
        -:  350:
        -:  351:/* DECLARE(uch, window, 2L*WSIZE); */
        -:  352:/* Sliding window. Input bytes are read into the second half of the window,
        -:  353: * and move to the first half later to keep a dictionary of at least WSIZE
        -:  354: * bytes. With this organization, matches are limited to a distance of
        -:  355: * WSIZE-MAX_MATCH bytes, but this ensures that IO is always
        -:  356: * performed with a length multiple of the block size. Also, it limits
        -:  357: * the window size to 64K, which is quite useful on MSDOS.
        -:  358: * To do: limit the window size to WSIZE+BSZ if SMALL_MEM (the code would
        -:  359: * be less efficient).
        -:  360: */
        -:  361:
        -:  362:/* DECLARE(Pos, prev, WSIZE); */
        -:  363:/* Link to older string with same hash index. To limit the size of this
        -:  364: * array to 64K, this link is maintained only for the last 32K strings.
        -:  365: * An index in this array is thus a window index modulo 32K.
        -:  366: */
        -:  367:
        -:  368:/* DECLARE(Pos, head, 1<<HASH_BITS); */
        -:  369:/* Heads of the hash chains or NIL. */
        -:  370:
        -:  371:ulg window_size = (ulg)2*WSIZE;
        -:  372:/* window size, 2*WSIZE except for MMAP or BIG_MEM, where it is the
        -:  373: * input file length plus MIN_LOOKAHEAD.
        -:  374: */
        -:  375:
        -:  376:long block_start;
        -:  377:/* window position at the beginning of the current output block. Gets
        -:  378: * negative when the window is moved backwards.
        -:  379: */
        -:  380:
        -:  381:local unsigned ins_h;  /* hash index of string to be inserted */
        -:  382:
        -:  383:#define H_SHIFT  ((HASH_BITS+MIN_MATCH-1)/MIN_MATCH)
        -:  384:/* Number of bits by which ins_h and del_h must be shifted at each
        -:  385: * input step. It must be such that after MIN_MATCH steps, the oldest
        -:  386: * byte no longer takes part in the hash key, that is:
        -:  387: *   H_SHIFT * MIN_MATCH >= HASH_BITS
        -:  388: */
        -:  389:
        -:  390:unsigned int near prev_length;
        -:  391:/* Length of the best match at previous step. Matches not greater than this
        -:  392: * are discarded. This is used in the lazy match evaluation.
        -:  393: */
        -:  394:
        -:  395:      unsigned near strstart;      /* start of string to insert */
        -:  396:      unsigned near match_start;   /* start of matching string */
        -:  397:local int           eofile;        /* flag set at end of input file */
        -:  398:local unsigned      lookahead;     /* number of valid bytes ahead in window */
        -:  399:
        -:  400:unsigned near max_chain_length;
        -:  401:/* To speed up deflation, hash chains are never searched beyond this length.
        -:  402: * A higher limit improves compression ratio but degrades the speed.
        -:  403: */
        -:  404:
        -:  405:local unsigned int max_lazy_match;
        -:  406:/* Attempt to find a better match only when the current match is strictly
        -:  407: * smaller than this value. This mechanism is used only for compression
        -:  408: * levels >= 4.
        -:  409: */
        -:  410:#define max_insert_length  max_lazy_match
        -:  411:/* Insert new strings in the hash table only if the match length
        -:  412: * is not greater than this length. This saves time but degrades compression.
        -:  413: * max_insert_length is used only for compression levels <= 3.
        -:  414: */
        -:  415:
        -:  416:local int compr_level;
        -:  417:/* compression level (1..9) */
        -:  418:
        -:  419:unsigned near good_match;
        -:  420:/* Use a faster search when the previous match is longer than this */
        -:  421:
        -:  422:
        -:  423:/* Values for max_lazy_match, good_match and max_chain_length, depending on
        -:  424: * the desired pack level (0..9). The values given below have been tuned to
        -:  425: * exclude worst case performance for pathological files. Better values may be
        -:  426: * found for specific files.
        -:  427: */
        -:  428:
        -:  429:typedef struct config {
        -:  430:   ush good_length; /* reduce lazy search above this match length */
        -:  431:   ush max_lazy;    /* do not perform lazy search above this match length */
        -:  432:   ush nice_length; /* quit search above this match length */
        -:  433:   ush max_chain;
        -:  434:} config;
        -:  435:
        -:  436:#ifdef  FULL_SEARCH
        -:  437:# define nice_match MAX_MATCH
        -:  438:#else
        -:  439:  int near nice_match; /* Stop searching when current match exceeds this */
        -:  440:#endif
        -:  441:
        -:  442:local config configuration_table[10] = {
        -:  443:/*      good lazy nice chain */
        -:  444:/* 0 */ {0,    0,  0,    0},  /* store only */
        -:  445:/* 1 */ {4,    4,  8,    4},  /* maximum speed, no lazy matches */
        -:  446:/* 2 */ {4,    5, 16,    8},
        -:  447:/* 3 */ {4,    6, 32,   32},
        -:  448:
        -:  449:/* 4 */ {4,    4, 16,   16},  /* lazy matches */
        -:  450:/* 5 */ {8,   16, 32,   32},
        -:  451:/* 6 */ {8,   16, 128, 128},
        -:  452:/* 7 */ {8,   32, 128, 256},
        -:  453:/* 8 */ {32, 128, 258, 1024},
        -:  454:/* 9 */ {32, 258, 258, 4096}}; /* maximum compression */
        -:  455:
        -:  456:/* Note: the deflate() code requires max_lazy >= MIN_MATCH and max_chain >= 4
        -:  457: * For deflate_fast() (levels <= 3) good is ignored and lazy has a different
        -:  458: * meaning.
        -:  459: */
        -:  460:
        -:  461:#define EQUAL 0
        -:  462:/* result of memcmp for equal strings */
        -:  463:
        -:  464:/* ===========================================================================
        -:  465: *  Prototypes for local functions.
        -:  466: */
        -:  467:local void fill_window   OF((void));
        -:  468:local off_t deflate_fast OF((void));
        -:  469:
        -:  470:      int  longest_match OF((IPos cur_match));
        -:  471:
        -:  472:#ifdef ASMV
        -:  473:      void match_init OF((void)); /* asm code initialization */
        -:  474:#endif
        -:  475:
        -:  476:#ifdef DEBUG
        -:  477:local  void check_match OF((IPos start, IPos match, int length));
        -:  478:#endif
        -:  479:
        -:  480:/* ===========================================================================
        -:  481: * Update a hash value with the given input byte
        -:  482: * IN  assertion: all calls to to UPDATE_HASH are made with consecutive
        -:  483: *    input characters, so that a running hash key can be computed from the
        -:  484: *    previous key instead of complete recalculation each time.
        -:  485: */
        -:  486:#define UPDATE_HASH(h,c) (h = (((h)<<H_SHIFT) ^ (c)) & HASH_MASK)
        -:  487:
        -:  488:/* ===========================================================================
        -:  489: * Insert string s in the dictionary and set match_head to the previous head
        -:  490: * of the hash chain (the most recent string with same hash key). Return
        -:  491: * the previous length of the hash chain.
        -:  492: * IN  assertion: all calls to to INSERT_STRING are made with consecutive
        -:  493: *    input characters and the first MIN_MATCH bytes of s are valid
        -:  494: *    (except for the last MIN_MATCH-1 bytes of the input file).
        -:  495: */
        -:  496:#define INSERT_STRING(s, match_head) \
        -:  497:   (UPDATE_HASH(ins_h, window[(s) + MIN_MATCH-1]), \
        -:  498:    prev[(s) & WMASK] = match_head = head[ins_h], \
        -:  499:    head[ins_h] = (s))
        -:  500:
        -:  501:/* ===========================================================================
        -:  502: * Initialize the "longest match" routines for a new file
        -:  503: */
function lm_init called 1 returned 100% blocks executed 74%
        1:  504:void lm_init (pack_level, flags)
        -:  505:    int pack_level; /* 0: store, 1: best speed, 9: best compression */
        -:  506:    ush *flags;     /* general purpose bit flag */
        -:  507:{
        -:  508:    register unsigned j;
        -:  509:
       1*:  510:    if (pack_level < 1 || pack_level > 9) error("bad pack level");
branch  0 taken 1 (fallthrough)
branch  1 taken 0
branch  2 taken 0 (fallthrough)
branch  3 taken 1
call    4 never executed
        1:  511:    compr_level = pack_level;
        -:  512:
        -:  513:    /* Initialize the hash table. */
        -:  514:#if defined(MAXSEG_64K) && HASH_BITS == 15
        -:  515:    for (j = 0;  j < HASH_SIZE; j++) head[j] = NIL;
        -:  516:#else
        1:  517:    memzero((char*)head, HASH_SIZE*sizeof(*head));
        -:  518:#endif
        -:  519:    /* prev will be initialized on the fly */
        -:  520:
        -:  521:    /* Set the default configuration parameters:
        -:  522:     */
        1:  523:    max_lazy_match   = configuration_table[pack_level].max_lazy;
        1:  524:    good_match       = configuration_table[pack_level].good_length;
        -:  525:#ifndef FULL_SEARCH
        1:  526:    nice_match       = configuration_table[pack_level].nice_length;
        -:  527:#endif
        1:  528:    max_chain_length = configuration_table[pack_level].max_chain;
        1:  529:    if (pack_level == 1) {
branch  0 taken 0 (fallthrough)
branch  1 taken 1
    #####:  530:       *flags |= FAST;
        1:  531:    } else if (pack_level == 9) {
branch  0 taken 1 (fallthrough)
branch  1 taken 0
        1:  532:       *flags |= SLOW;
        -:  533:    }
        -:  534:    /* ??? reduce max_chain_length for binary files */
        -:  535:
        1:  536:    strstart = 0;
        1:  537:    block_start = 0L;
        -:  538:#ifdef ASMV
        -:  539:    match_init(); /* initialize the asm code */
        -:  540:#endif
        -:  541:
        1:  542:    lookahead = read_buf((char*)window,
call    0 returned 1
        -:  543:			 sizeof(int) <= 2 ? (unsigned)WSIZE : 2*WSIZE);
        -:  544:
        1:  545:    if (lookahead == 0 || lookahead == (unsigned)EOF) {
branch  0 taken 1 (fallthrough)
branch  1 taken 0
branch  2 taken 0 (fallthrough)
branch  3 taken 1
    #####:  546:       eofile = 1, lookahead = 0;
    #####:  547:       return;
        -:  548:    }
        1:  549:    eofile = 0;
        -:  550:    /* Make sure that we always have enough lookahead. This is important
        -:  551:     * if input comes from a device such as a tty.
        -:  552:     */
       1*:  553:    while (lookahead < MIN_LOOKAHEAD && !eofile) fill_window();
call    0 never executed
branch  1 taken 0 (fallthrough)
branch  2 taken 1
branch  3 never executed
branch  4 never executed
        -:  554:
        1:  555:    ins_h = 0;
        3:  556:    for (j=0; j<MIN_MATCH-1; j++) UPDATE_HASH(ins_h, window[j]);
branch  0 taken 2
branch  1 taken 1 (fallthrough)
        -:  557:    /* If lookahead < MIN_MATCH, ins_h is garbage, but this is
        -:  558:     * not important since only literal bytes will be emitted.
        -:  559:     */
        -:  560:}
        -:  561:
        -:  562:/* ===========================================================================
        -:  563: * Set match_start to the longest match starting at the given string and
        -:  564: * return its length. Matches shorter or equal to prev_length are discarded,
        -:  565: * in which case the result is equal to prev_length and match_start is
        -:  566: * garbage.
        -:  567: * IN assertions: cur_match is the head of the hash chain for the current
        -:  568: *   string (strstart) and its distance is <= MAX_DIST, and prev_length >= 1
        -:  569: */
        -:  570:#ifndef ASMV
        -:  571:/* For MSDOS, OS/2 and 386 Unix, an optimized version is in match.asm or
        -:  572: * match.s. The code is functionally equivalent, so you can use the C version
        -:  573: * if desired.
        -:  574: */
function longest_match called 5078 returned 100% blocks executed 96%
     5078:  575:int longest_match(cur_match)
        -:  576:    IPos cur_match;                             /* current match */
        -:  577:{
     5078:  578:    unsigned chain_length = max_chain_length;   /* max hash chain length */
     5078:  579:    register uch *scan = window + strstart;     /* current string */
        -:  580:    register uch *match;                        /* matched string */
        -:  581:    register int len;                           /* length of current match */
     5078:  582:    int best_len = prev_length;                 /* best match length so far */
     5078:  583:    IPos limit = strstart > (IPos)MAX_DIST ? strstart - (IPos)MAX_DIST : NIL;
        -:  584:    /* Stop when cur_match becomes <= limit. To simplify the code,
        -:  585:     * we prevent matches with the string of window index 0.
        -:  586:     */
        -:  587:
        -:  588:/* The code is optimized for HASH_BITS >= 8 and MAX_MATCH-2 multiple of 16.
        -:  589: * It is easy to get rid of this optimization if necessary.
        -:  590: */
        -:  591:#if HASH_BITS < 8 || MAX_MATCH != 258
        -:  592:   error: Code too clever
        -:  593:#endif
        -:  594:
        -:  595:#ifdef UNALIGNED_OK
        -:  596:    /* Compare two bytes at a time. Note: this is not always beneficial.
        -:  597:     * Try with and without -DUNALIGNED_OK to check.
        -:  598:     */
        -:  599:    register uch *strend = window + strstart + MAX_MATCH - 1;
        -:  600:    register ush scan_start = *(ush*)scan;
        -:  601:    register ush scan_end   = *(ush*)(scan+best_len-1);
        -:  602:#else
     5078:  603:    register uch *strend = window + strstart + MAX_MATCH;
     5078:  604:    register uch scan_end1  = scan[best_len-1];
     5078:  605:    register uch scan_end   = scan[best_len];
        -:  606:#endif
        -:  607:
        -:  608:    /* Do not waste too much time if we already have a good match: */
     5078:  609:    if (prev_length >= good_match) {
branch  0 taken 0 (fallthrough)
branch  1 taken 5078
    #####:  610:        chain_length >>= 2;
        -:  611:    }
        -:  612:    Assert(strstart <= window_size-MIN_LOOKAHEAD, "insufficient lookahead");
        -:  613:
        -:  614:    do {
        -:  615:        Assert(cur_match < strstart, "no future");
   186497:  616:        match = window + cur_match;
        -:  617:
        -:  618:        /* Skip to next match if the match length cannot increase
        -:  619:         * or if the match length is less than 2:
        -:  620:         */
        -:  621:#if (defined(UNALIGNED_OK) && MAX_MATCH == 258)
        -:  622:        /* This code assumes sizeof(unsigned short) == 2. Do not use
        -:  623:         * UNALIGNED_OK if your compiler uses a different size.
        -:  624:         */
        -:  625:        if (*(ush*)(match+best_len-1) != scan_end ||
        -:  626:            *(ush*)match != scan_start) continue;
        -:  627:
        -:  628:        /* It is not necessary to compare scan[2] and match[2] since they are
        -:  629:         * always equal when the other bytes match, given that the hash keys
        -:  630:         * are equal and that HASH_BITS >= 8. Compare 2 bytes at a time at
        -:  631:         * strstart+3, +5, ... up to strstart+257. We check for insufficient
        -:  632:         * lookahead only every 4th comparison; the 128th check will be made
        -:  633:         * at strstart+257. If MAX_MATCH-2 is not a multiple of 8, it is
        -:  634:         * necessary to put more guard bytes at the end of the window, or
        -:  635:         * to check more often for insufficient lookahead.
        -:  636:         */
        -:  637:        scan++, match++;
        -:  638:        do {
        -:  639:        } while (*(ush*)(scan+=2) == *(ush*)(match+=2) &&
        -:  640:                 *(ush*)(scan+=2) == *(ush*)(match+=2) &&
        -:  641:                 *(ush*)(scan+=2) == *(ush*)(match+=2) &&
        -:  642:                 *(ush*)(scan+=2) == *(ush*)(match+=2) &&
        -:  643:                 scan < strend);
        -:  644:        /* The funny "do {}" generates better code on most compilers */
        -:  645:
        -:  646:        /* Here, scan <= window+strstart+257 */
        -:  647:        Assert(scan <= window+(unsigned)(window_size-1), "wild scan");
        -:  648:        if (*scan == *match) scan++;
        -:  649:
        -:  650:        len = (MAX_MATCH - 1) - (int)(strend-scan);
        -:  651:        scan = strend - (MAX_MATCH-1);
        -:  652:
        -:  653:#else /* UNALIGNED_OK */
        -:  654:
   186497:  655:        if (match[best_len]   != scan_end  ||
branch  0 taken 17025 (fallthrough)
branch  1 taken 169472
    17025:  656:            match[best_len-1] != scan_end1 ||
branch  0 taken 11456 (fallthrough)
branch  1 taken 5569
    11456:  657:            *match            != *scan     ||
branch  0 taken 8161 (fallthrough)
branch  1 taken 3295
   186497:  658:            *++match          != scan[1])      continue;
branch  0 taken 0 (fallthrough)
branch  1 taken 8161
        -:  659:
        -:  660:        /* The check at best_len-1 can be removed because it will be made
        -:  661:         * again later. (This heuristic is not always a win.)
        -:  662:         * It is not necessary to compare scan[2] and match[2] since they
        -:  663:         * are always equal when the other bytes match, given that
        -:  664:         * the hash keys are equal and that HASH_BITS >= 8.
        -:  665:         */
     8161:  666:        scan += 2, match++;
        -:  667:
        -:  668:        /* We check for insufficient lookahead only every 8th comparison;
        -:  669:         * the 256th check will be made at strstart+258.
        -:  670:         */
        -:  671:        do {
     6547:  672:        } while (*++scan == *++match && *++scan == *++match &&
branch  0 taken 4881 (fallthrough)
branch  1 taken 1666
     4881:  673:                 *++scan == *++match && *++scan == *++match &&
branch  0 taken 3769 (fallthrough)
branch  1 taken 1112
branch  2 taken 2794 (fallthrough)
branch  3 taken 975
     2794:  674:                 *++scan == *++match && *++scan == *++match &&
branch  0 taken 2157 (fallthrough)
branch  1 taken 637
branch  2 taken 1683 (fallthrough)
branch  3 taken 474
     9844:  675:                 *++scan == *++match && *++scan == *++match &&
branch  0 taken 6547 (fallthrough)
branch  1 taken 2687
branch  2 taken 1340 (fallthrough)
branch  3 taken 343
branch  4 taken 1074 (fallthrough)
branch  5 taken 266
branch  6 taken 1073
branch  7 taken 1 (fallthrough)
        -:  676:                 scan < strend);
        -:  677:
     8161:  678:        len = MAX_MATCH - (int)(strend - scan);
     8161:  679:        scan = strend - MAX_MATCH;
        -:  680:
        -:  681:#endif /* UNALIGNED_OK */
        -:  682:
     8161:  683:        if (len > best_len) {
branch  0 taken 7609 (fallthrough)
branch  1 taken 552
     7609:  684:            match_start = cur_match;
     7609:  685:            best_len = len;
     7609:  686:            if (len >= nice_match) break;
branch  0 taken 1 (fallthrough)
branch  1 taken 7608
        -:  687:#ifdef UNALIGNED_OK
        -:  688:            scan_end = *(ush*)(scan+best_len-1);
        -:  689:#else
     7608:  690:            scan_end1  = scan[best_len-1];
     7608:  691:            scan_end   = scan[best_len];
        -:  692:#endif
        -:  693:        }
   186496:  694:    } while ((cur_match = prev[cur_match & WMASK]) > limit
   186496:  695:	     && --chain_length != 0);
branch  0 taken 181419 (fallthrough)
branch  1 taken 5077
branch  2 taken 181419
branch  3 taken 0 (fallthrough)
        -:  696:
     5078:  697:    return best_len;
        -:  698:}
        -:  699:#endif /* ASMV */
        -:  700:
        -:  701:#ifdef DEBUG
        -:  702:/* ===========================================================================
        -:  703: * Check that the match at match_start is indeed a match.
        -:  704: */
        -:  705:local void check_match(start, match, length)
        -:  706:    IPos start, match;
        -:  707:    int length;
        -:  708:{
        -:  709:    /* check that the match is indeed a match */
        -:  710:    if (memcmp((char*)window + match,
        -:  711:                (char*)window + start, length) != EQUAL) {
        -:  712:        fprintf(stderr,
        -:  713:            " start %d, match %d, length %d\n",
        -:  714:            start, match, length);
        -:  715:        error("invalid match");
        -:  716:    }
        -:  717:    if (verbose > 1) {
        -:  718:        fprintf(stderr,"\\[%d,%d]", start-match, length);
        -:  719:        do { putc(window[start++], stderr); } while (--length != 0);
        -:  720:    }
        -:  721:}
        -:  722:#else
        -:  723:#  define check_match(start, match, length)
        -:  724:#endif
        -:  725:
        -:  726:/* ===========================================================================
        -:  727: * Fill the window when the lookahead becomes insufficient.
        -:  728: * Updates strstart and lookahead, and sets eofile if end of input file.
        -:  729: * IN assertion: lookahead < MIN_LOOKAHEAD && strstart + lookahead > 0
        -:  730: * OUT assertions: at least one byte has been read, or eofile is set;
        -:  731: *    file reads are performed for at least two bytes (required for the
        -:  732: *    translate_eol option).
        -:  733: */
function fill_window called 1 returned 100% blocks executed 30%
        1:  734:local void fill_window()
        -:  735:{
        -:  736:    register unsigned n, m;
        1:  737:    unsigned more = (unsigned)(window_size - (ulg)lookahead - (ulg)strstart);
        -:  738:    /* Amount of free space at the end of the window. */
        -:  739:
        -:  740:    /* If the window is almost full and there is insufficient lookahead,
        -:  741:     * move the upper half to the lower one to make room in the upper half.
        -:  742:     */
        1:  743:    if (more == (unsigned)EOF) {
branch  0 taken 0 (fallthrough)
branch  1 taken 1
        -:  744:        /* Very unlikely, but possible on 16 bit machine if strstart == 0
        -:  745:         * and lookahead == 1 (input done one byte at time)
        -:  746:         */
    #####:  747:        more--;
        1:  748:    } else if (strstart >= WSIZE+MAX_DIST) {
branch  0 taken 0 (fallthrough)
branch  1 taken 1
        -:  749:        /* By the IN assertion, the window is not empty so we can't confuse
        -:  750:         * more == 0 with more == 64K on a 16 bit machine.
        -:  751:         */
        -:  752:        Assert(window_size == (ulg)2*WSIZE, "no sliding with BIG_MEM");
        -:  753:
    #####:  754:        memcpy((char*)window, (char*)window+WSIZE, (unsigned)WSIZE);
    #####:  755:        match_start -= WSIZE;
    #####:  756:        strstart    -= WSIZE; /* we now have strstart >= MAX_DIST: */
        -:  757:
    #####:  758:        block_start -= (long) WSIZE;
        -:  759:
    #####:  760:        for (n = 0; n < HASH_SIZE; n++) {
branch  0 never executed
branch  1 never executed
    #####:  761:            m = head[n];
    #####:  762:            head[n] = (Pos)(m >= WSIZE ? m-WSIZE : NIL);
branch  0 never executed
branch  1 never executed
        -:  763:        }
    #####:  764:        for (n = 0; n < WSIZE; n++) {
branch  0 never executed
branch  1 never executed
    #####:  765:            m = prev[n];
    #####:  766:            prev[n] = (Pos)(m >= WSIZE ? m-WSIZE : NIL);
branch  0 never executed
branch  1 never executed
        -:  767:            /* If n is not on any hash chain, prev[n] is garbage but
        -:  768:             * its value will never be used.
        -:  769:             */
        -:  770:        }
    #####:  771:        more += WSIZE;
        -:  772:    }
        -:  773:    /* At this point, more >= 2 */
        1:  774:    if (!eofile) {
branch  0 taken 1 (fallthrough)
branch  1 taken 0
        1:  775:        n = read_buf((char*)window+strstart+lookahead, more);
call    0 returned 1
       1*:  776:        if (n == 0 || n == (unsigned)EOF) {
branch  0 taken 0 (fallthrough)
branch  1 taken 1
branch  2 never executed
branch  3 never executed
        1:  777:            eofile = 1;
        -:  778:        } else {
    #####:  779:            lookahead += n;
        -:  780:        }
        -:  781:    }
        1:  782:}
        -:  783:
        -:  784:/* ===========================================================================
        -:  785: * Flush the current block, with given end-of-file flag.
        -:  786: * IN assertion: strstart is set to the end of the current match.
        -:  787: */
        -:  788:#define FLUSH_BLOCK(eof) \
        -:  789:   flush_block(block_start >= 0L ? (char*)&window[(unsigned)block_start] : \
        -:  790:                (char*)NULL, (long)strstart - block_start, (eof))
        -:  791:
        -:  792:/* ===========================================================================
        -:  793: * Processes a new input file and return its compressed length. This
        -:  794: * function does not perform lazy evaluationof matches and inserts
        -:  795: * new strings in the dictionary only for unmatched strings or for short
        -:  796: * matches. It is used only for the fast compression options.
        -:  797: */
function deflate_fast called 1 returned 100% blocks executed 77%
        1:  798:local off_t deflate_fast()
        -:  799:{
        -:  800:    IPos hash_head; /* head of the hash chain */
        -:  801:    int flush;      /* set if current block must be flushed */
        1:  802:    unsigned match_length = 0;  /* length of best match */
        -:  803:
        1:  804:    prev_length = MIN_MATCH-1;
     6991:  805:    while (lookahead != 0) {
branch  0 taken 6990
branch  1 taken 1 (fallthrough)
        -:  806:        /* Insert the string window[strstart .. strstart+2] in the
        -:  807:         * dictionary, and set hash_head to the head of the hash chain:
        -:  808:         */
     6990:  809:        INSERT_STRING(strstart, hash_head);
        -:  810:
        -:  811:        /* Find the longest match, discarding those <= prev_length.
        -:  812:         * At this point we have always match_length < MIN_MATCH
        -:  813:         */
     6990:  814:        if (hash_head != NIL && strstart - hash_head <= MAX_DIST) {
branch  0 taken 5078 (fallthrough)
branch  1 taken 1912
branch  2 taken 5078 (fallthrough)
branch  3 taken 0
        -:  815:            /* To simplify the code, we prevent matches with the string
        -:  816:             * of window index 0 (in particular we have to avoid a match
        -:  817:             * of the string with itself at the start of the input file).
        -:  818:             */
     5078:  819:            match_length = longest_match (hash_head);
call    0 returned 5078
        -:  820:            /* longest_match() sets match_start */
     5078:  821:            if (match_length > lookahead) match_length = lookahead;
branch  0 taken 1 (fallthrough)
branch  1 taken 5077
        -:  822:        }
     6990:  823:        if (match_length >= MIN_MATCH) {
branch  0 taken 4719 (fallthrough)
branch  1 taken 2271
        -:  824:            check_match(strstart, match_start, match_length);
        -:  825:
     4719:  826:            flush = ct_tally(strstart-match_start, match_length - MIN_MATCH);
call    0 returned 4719
        -:  827:
     4719:  828:            lookahead -= match_length;
        -:  829:
        -:  830:	    /* Insert new strings in the hash table only if the match length
        -:  831:             * is not too large. This saves time but degrades compression.
        -:  832:             */
     4719:  833:            if (match_length <= max_insert_length) {
branch  0 taken 4719 (fallthrough)
branch  1 taken 0
     4719:  834:                match_length--; /* string at strstart already in hash table */
        -:  835:                do {
    27241:  836:                    strstart++;
    27241:  837:                    INSERT_STRING(strstart, hash_head);
        -:  838:                    /* strstart never exceeds WSIZE-MAX_MATCH, so there are
        -:  839:                     * always MIN_MATCH bytes ahead. If lookahead < MIN_MATCH
        -:  840:                     * these bytes are garbage, but it does not matter since
        -:  841:                     * the next lookahead bytes will be emitted as literals.
        -:  842:                     */
    27241:  843:                } while (--match_length != 0);
branch  0 taken 22522
branch  1 taken 4719 (fallthrough)
     4719:  844:	        strstart++; 
        -:  845:            } else {
    #####:  846:	        strstart += match_length;
    #####:  847:	        match_length = 0;
    #####:  848:	        ins_h = window[strstart];
    #####:  849:	        UPDATE_HASH(ins_h, window[strstart+1]);
        -:  850:#if MIN_MATCH != 3
        -:  851:                Call UPDATE_HASH() MIN_MATCH-3 more times
        -:  852:#endif
        -:  853:            }
        -:  854:        } else {
        -:  855:            /* No match, output a literal byte */
        -:  856:            Tracevv((stderr,"%c",window[strstart]));
     2271:  857:            flush = ct_tally (0, window[strstart]);
call    0 returned 2271
     2271:  858:            lookahead--;
     2271:  859:	    strstart++; 
        -:  860:        }
    6990*:  861:        if (flush) FLUSH_BLOCK(0), block_start = strstart;
branch  0 taken 0 (fallthrough)
branch  1 taken 6990
branch  2 never executed
branch  3 never executed
call    4 never executed
        -:  862:
        -:  863:        /* Make sure that we always have enough lookahead, except
        -:  864:         * at the end of the input file. We need MAX_MATCH bytes
        -:  865:         * for the next match, plus MIN_MATCH bytes to insert the
        -:  866:         * string following the next match.
        -:  867:         */
     6991:  868:        while (lookahead < MIN_LOOKAHEAD && !eofile) fill_window();
call    0 returned 1
branch  1 taken 91 (fallthrough)
branch  2 taken 6900
branch  3 taken 1
branch  4 taken 90 (fallthrough)
        -:  869:
        -:  870:    }
       1*:  871:    return FLUSH_BLOCK(1); /* eof */
branch  0 taken 1 (fallthrough)
branch  1 taken 0
call    2 returned 1
        -:  872:}
        -:  873:
        -:  874:/* ===========================================================================
        -:  875: * Same as above, but achieves better compression. We use a lazy
        -:  876: * evaluation for matches: a match is finally adopted only if there is
        -:  877: * no better match at the next window position.
        -:  878: */
function deflate called 1 returned 100% blocks executed 9%
        1:  879:off_t deflate()
        -:  880:{
        -:  881:    IPos hash_head;          /* head of hash chain */
        -:  882:    IPos prev_match;         /* previous match */
        -:  883:    int flush;               /* set if current block must be flushed */
        1:  884:    int match_available = 0; /* set if previous match exists */
        1:  885:    register unsigned match_length = MIN_MATCH-1; /* length of best match */
        -:  886:
        -:  887:#ifdef FAULTY_F_TW_1
        1:  888:    if (compr_level >= 3) return deflate_fast();
branch  0 taken 1 (fallthrough)
branch  1 taken 0
call    2 returned 1
        -:  889:#else
        -:  890:    if (compr_level <= 3) return deflate_fast(); /* optimized for speed */
        -:  891:#endif
        -:  892:
        -:  893:    /* Process the input block. */
    #####:  894:    while (lookahead != 0) {
branch  0 never executed
branch  1 never executed
        -:  895:        /* Insert the string window[strstart .. strstart+2] in the
        -:  896:         * dictionary, and set hash_head to the head of the hash chain:
        -:  897:         */
    #####:  898:        INSERT_STRING(strstart, hash_head);
        -:  899:
        -:  900:        /* Find the longest match, discarding those <= prev_length.
        -:  901:         */
    #####:  902:        prev_length = match_length, prev_match = match_start;
    #####:  903:        match_length = MIN_MATCH-1;
        -:  904:
    #####:  905:        if (hash_head != NIL && prev_length < max_lazy_match &&
branch  0 never executed
branch  1 never executed
branch  2 never executed
branch  3 never executed
    #####:  906:            strstart - hash_head <= MAX_DIST) {
branch  0 never executed
branch  1 never executed
        -:  907:            /* To simplify the code, we prevent matches with the string
        -:  908:             * of window index 0 (in particular we have to avoid a match
        -:  909:             * of the string with itself at the start of the input file).
        -:  910:             */
    #####:  911:            match_length = longest_match (hash_head);
call    0 never executed
        -:  912:            /* longest_match() sets match_start */
    #####:  913:            if (match_length > lookahead) match_length = lookahead;
branch  0 never executed
branch  1 never executed
        -:  914:
        -:  915:            /* Ignore a length 3 match if it is too distant: */
    #####:  916:            if (match_length == MIN_MATCH && strstart-match_start > TOO_FAR){
branch  0 never executed
branch  1 never executed
branch  2 never executed
branch  3 never executed
        -:  917:                /* If prev_match is also MIN_MATCH, match_start is garbage
        -:  918:                 * but we will ignore the current match anyway.
        -:  919:                 */
    #####:  920:                match_length--;
        -:  921:            }
        -:  922:        }
        -:  923:        /* If there was a match at the previous step and the current
        -:  924:         * match is not better, output the previous match:
        -:  925:         */
    #####:  926:        if (prev_length >= MIN_MATCH && match_length <= prev_length) {
branch  0 never executed
branch  1 never executed
branch  2 never executed
branch  3 never executed
        -:  927:
        -:  928:            check_match(strstart-1, prev_match, prev_length);
        -:  929:
    #####:  930:            flush = ct_tally(strstart-1-prev_match, prev_length - MIN_MATCH);
call    0 never executed
        -:  931:
        -:  932:            /* Insert in hash table all strings up to the end of the match.
        -:  933:             * strstart-1 and strstart are already inserted.
        -:  934:             */
    #####:  935:            lookahead -= prev_length-1;
    #####:  936:            prev_length -= 2;
        -:  937:            do {
    #####:  938:                strstart++;
    #####:  939:                INSERT_STRING(strstart, hash_head);
        -:  940:                /* strstart never exceeds WSIZE-MAX_MATCH, so there are
        -:  941:                 * always MIN_MATCH bytes ahead. If lookahead < MIN_MATCH
        -:  942:                 * these bytes are garbage, but it does not matter since the
        -:  943:                 * next lookahead bytes will always be emitted as literals.
        -:  944:                 */
    #####:  945:            } while (--prev_length != 0);
branch  0 never executed
branch  1 never executed
    #####:  946:            match_available = 0;
    #####:  947:            match_length = MIN_MATCH-1;
    #####:  948:            strstart++;
    #####:  949:            if (flush) FLUSH_BLOCK(0), block_start = strstart;
branch  0 never executed
branch  1 never executed
branch  2 never executed
branch  3 never executed
call    4 never executed
        -:  950:
    #####:  951:        } else if (match_available) {
branch  0 never executed
branch  1 never executed
        -:  952:            /* If there was no match at the previous position, output a
        -:  953:             * single literal. If there was a match but the current match
        -:  954:             * is longer, truncate the previous match to a single literal.
        -:  955:             */
        -:  956:            Tracevv((stderr,"%c",window[strstart-1]));
    #####:  957:            if (ct_tally (0, window[strstart-1])) {
call    0 never executed
branch  1 never executed
branch  2 never executed
    #####:  958:                FLUSH_BLOCK(0), block_start = strstart;
branch  0 never executed
branch  1 never executed
call    2 never executed
        -:  959:            }
    #####:  960:            strstart++;
    #####:  961:            lookahead--;
        -:  962:        } else {
        -:  963:            /* There is no previous match to compare with, wait for
        -:  964:             * the next step to decide.
        -:  965:             */
    #####:  966:            match_available = 1;
    #####:  967:            strstart++;
    #####:  968:            lookahead--;
        -:  969:        }
        -:  970:        Assert (strstart <= bytes_in && lookahead <= bytes_in, "a bit too far");
        -:  971:
        -:  972:        /* Make sure that we always have enough lookahead, except
        -:  973:         * at the end of the input file. We need MAX_MATCH bytes
        -:  974:         * for the next match, plus MIN_MATCH bytes to insert the
        -:  975:         * string following the next match.
        -:  976:         */
    #####:  977:        while (lookahead < MIN_LOOKAHEAD && !eofile) fill_window();
call    0 never executed
branch  1 never executed
branch  2 never executed
branch  3 never executed
branch  4 never executed
        -:  978:    }
    #####:  979:    if (match_available) ct_tally (0, window[strstart-1]);
branch  0 never executed
branch  1 never executed
call    2 never executed
        -:  980:
    #####:  981:    return FLUSH_BLOCK(1); /* eof */
branch  0 never executed
branch  1 never executed
call    2 never executed
        -:  982:}
        -:  983:/* inflate.c -- Not copyrighted 1992 by Mark Adler
        -:  984:   version c10p1, 10 January 1993 */
        -:  985:
        -:  986:/* You can do whatever you like with this source file, though I would
        -:  987:   prefer that if you modify it and redistribute it that you include
        -:  988:   comments to that effect with your name and the date.  Thank you.
        -:  989:   [The history has been moved to the file ChangeLog.]
        -:  990: */
        -:  991:
        -:  992:/*
        -:  993:   Inflate deflated (PKZIP's method 8 compressed) data.  The compression
        -:  994:   method searches for as much of the current string of bytes (up to a
        -:  995:   length of 258) in the previous 32K bytes.  If it doesn't find any
        -:  996:   matches (of at least length 3), it codes the next byte.  Otherwise, it
        -:  997:   codes the length of the matched string and its distance backwards from
        -:  998:   the current position.  There is a single Huffman code that codes both
        -:  999:   single bytes (called "literals") and match lengths.  A second Huffman
        -: 1000:   code codes the distance information, which follows a length code.  Each
        -: 1001:   length or distance code actually represents a base value and a number
        -: 1002:   of "extra" (sometimes zero) bits to get to add to the base value.  At
        -: 1003:   the end of each deflated block is a special end-of-block (EOB) literal/
        -: 1004:   length code.  The decoding process is basically: get a literal/length
        -: 1005:   code; if EOB then done; if a literal, emit the decoded byte; if a
        -: 1006:   length then get the distance and emit the referred-to bytes from the
        -: 1007:   sliding window of previously emitted data.
        -: 1008:
        -: 1009:   There are (currently) three kinds of inflate blocks: stored, fixed, and
        -: 1010:   dynamic.  The compressor deals with some chunk of data at a time, and
        -: 1011:   decides which method to use on a chunk-by-chunk basis.  A chunk might
        -: 1012:   typically be 32K or 64K.  If the chunk is uncompressible, then the
        -: 1013:   "stored" method is used.  In this case, the bytes are simply stored as
        -: 1014:   is, eight bits per byte, with none of the above coding.  The bytes are
        -: 1015:   preceded by a count, since there is no longer an EOB code.
        -: 1016:
        -: 1017:   If the data is compressible, then either the fixed or dynamic methods
        -: 1018:   are used.  In the dynamic method, the compressed data is preceded by
        -: 1019:   an encoding of the literal/length and distance Huffman codes that are
        -: 1020:   to be used to decode this block.  The representation is itself Huffman
        -: 1021:   coded, and so is preceded by a description of that code.  These code
        -: 1022:   descriptions take up a little space, and so for small blocks, there is
        -: 1023:   a predefined set of codes, called the fixed codes.  The fixed method is
        -: 1024:   used if the block codes up smaller that way (usually for quite small
        -: 1025:   chunks), otherwise the dynamic method is used.  In the latter case, the
        -: 1026:   codes are customized to the probabilities in the current block, and so
        -: 1027:   can code it much better than the pre-determined fixed codes.
        -: 1028: 
        -: 1029:   The Huffman codes themselves are decoded using a mutli-level table
        -: 1030:   lookup, in order to maximize the speed of decoding plus the speed of
        -: 1031:   building the decoding tables.  See the comments below that precede the
        -: 1032:   lbits and dbits tuning parameters.
        -: 1033: */
        -: 1034:
        -: 1035:
        -: 1036:/*
        -: 1037:   Notes beyond the 1.93a appnote.txt:
        -: 1038:
        -: 1039:   1. Distance pointers never point before the beginning of the output
        -: 1040:      stream.
        -: 1041:   2. Distance pointers can point back across blocks, up to 32k away.
        -: 1042:   3. There is an implied maximum of 7 bits for the bit length table and
        -: 1043:      15 bits for the actual data.
        -: 1044:   4. If only one code exists, then it is encoded using one bit.  (Zero
        -: 1045:      would be more efficient, but perhaps a little confusing.)  If two
        -: 1046:      codes exist, they are coded using one bit each (0 and 1).
        -: 1047:   5. There is no way of sending zero distance codes--a dummy must be
        -: 1048:      sent if there are none.  (History: a pre 2.0 version of PKZIP would
        -: 1049:      store blocks with no distance codes, but this was discovered to be
        -: 1050:      too harsh a criterion.)  Valid only for 1.93a.  2.04c does allow
        -: 1051:      zero distance codes, which is sent as one code of zero bits in
        -: 1052:      length.
        -: 1053:   6. There are up to 286 literal/length codes.  Code 256 represents the
        -: 1054:      end-of-block.  Note however that the static length tree defines
        -: 1055:      288 codes just to fill out the Huffman codes.  Codes 286 and 287
        -: 1056:      cannot be used though, since there is no length base or extra bits
        -: 1057:      defined for them.  Similarly, there are up to 30 distance codes.
        -: 1058:      However, static trees define 32 codes (all 5 bits) to fill out the
        -: 1059:      Huffman codes, but the last two had better not show up in the data.
        -: 1060:   7. Unzip can check dynamic Huffman blocks for complete code sets.
        -: 1061:      The exception is that a single code would not be complete (see #4).
        -: 1062:   8. The five bits following the block type is really the number of
        -: 1063:      literal codes sent minus 257.
        -: 1064:   9. Length codes 8,16,16 are interpreted as 13 length codes of 8 bits
        -: 1065:      (1+6+6).  Therefore, to output three times the length, you output
        -: 1066:      three codes (1+1+1), whereas to output four times the same length,
        -: 1067:      you only need two codes (1+3).  Hmm.
        -: 1068:  10. In the tree reconstruction algorithm, Code = Code + Increment
        -: 1069:      only if BitLength(i) is not zero.  (Pretty obvious.)
        -: 1070:  11. Correction: 4 Bits: # of Bit Length codes - 4     (4 - 19)
        -: 1071:  12. Note: length code 284 can represent 227-258, but length code 285
        -: 1072:      really is 258.  The last length deserves its own, short code
        -: 1073:      since it gets used a lot in very redundant files.  The length
        -: 1074:      258 is special since 258 - 3 (the min match length) is 255.
        -: 1075:  13. The literal/length and distance code bit lengths are read as a
        -: 1076:      single stream of lengths.  It is possible (and advantageous) for
        -: 1077:      a repeat code (16, 17, or 18) to go across the boundary between
        -: 1078:      the two sets of lengths.
        -: 1079: */
        -: 1080:
        -: 1081:#ifdef RCSID
        -: 1082:static char rcsid[] = "$Id: inflate.c,v 0.14 1993/06/10 13:27:04 jloup Exp $";
        -: 1083:#endif
        -: 1084:
        -: 1085:#if defined STDC_HEADERS || defined HAVE_STDLIB_H
        -: 1086:#  include <stdlib.h>
        -: 1087:#endif
        -: 1088:
        -: 1089:#define slide window
        -: 1090:
        -: 1091:/* Huffman code lookup table entry--this entry is four bytes for machines
        -: 1092:   that have 16-bit pointers (e.g. PC's in the small or medium model).
        -: 1093:   Valid extra bits are 0..13.  e == 15 is EOB (end of block), e == 16
        -: 1094:   means that v is a literal, 16 < e < 32 means that v is a pointer to
        -: 1095:   the next table, which codes e - 16 bits, and lastly e == 99 indicates
        -: 1096:   an unused code.  If a code with e == 99 is looked up, this implies an
        -: 1097:   error in the data. */
        -: 1098:struct huft {
        -: 1099:  uch e;                /* number of extra bits or operation */
        -: 1100:  uch b;                /* number of bits in this code or subcode */
        -: 1101:  union {
        -: 1102:    ush n;              /* literal, length base, or distance base */
        -: 1103:    struct huft *t;     /* pointer to next level of table */
        -: 1104:  } v;
        -: 1105:};
        -: 1106:
        -: 1107:
        -: 1108:/* Function prototypes */
        -: 1109:int huft_build OF((unsigned *, unsigned, unsigned, ush *, ush *,
        -: 1110:                   struct huft **, int *));
        -: 1111:int huft_free OF((struct huft *));
        -: 1112:int inflate_codes OF((struct huft *, struct huft *, int, int));
        -: 1113:int inflate_stored OF((void));
        -: 1114:int inflate_fixed OF((void));
        -: 1115:int inflate_dynamic OF((void));
        -: 1116:int inflate_block OF((int *));
        -: 1117:int inflate OF((void));
        -: 1118:
        -: 1119:
        -: 1120:/* The inflate algorithm uses a sliding 32K byte window on the uncompressed
        -: 1121:   stream to find repeated byte strings.  This is implemented here as a
        -: 1122:   circular buffer.  The index is updated simply by incrementing and then
        -: 1123:   and'ing with 0x7fff (32K-1). */
        -: 1124:/* It is left to other modules to supply the 32K area.  It is assumed
        -: 1125:   to be usable as if it were declared "uch slide[32768];" or as just
        -: 1126:   "uch *slide;" and then malloc'ed in the latter case.  The definition
        -: 1127:   must be in unzip.h, included above. */
        -: 1128:/* unsigned wp;             current position in slide */
        -: 1129:#define wp outcnt
        -: 1130:#define flush_output(w) (wp=(w),flush_window())
        -: 1131:
        -: 1132:/* Tables for deflate from PKZIP's appnote.txt. */
        -: 1133:static unsigned border[] = {    /* Order of the bit length code lengths */
        -: 1134:        16, 17, 18, 0, 8, 7, 9, 6, 10, 5, 11, 4, 12, 3, 13, 2, 14, 1, 15};
        -: 1135:static ush cplens[] = {         /* Copy lengths for literal codes 257..285 */
        -: 1136:        3, 4, 5, 6, 7, 8, 9, 10, 11, 13, 15, 17, 19, 23, 27, 31,
        -: 1137:        35, 43, 51, 59, 67, 83, 99, 115, 131, 163, 195, 227, 258, 0, 0};
        -: 1138:        /* note: see note #13 above about the 258 in this list. */
        -: 1139:static ush cplext[] = {         /* Extra bits for literal codes 257..285 */
        -: 1140:        0, 0, 0, 0, 0, 0, 0, 0, 1, 1, 1, 1, 2, 2, 2, 2,
        -: 1141:        3, 3, 3, 3, 4, 4, 4, 4, 5, 5, 5, 5, 0, 99, 99}; /* 99==invalid */
        -: 1142:static ush cpdist[] = {         /* Copy offsets for distance codes 0..29 */
        -: 1143:        1, 2, 3, 4, 5, 7, 9, 13, 17, 25, 33, 49, 65, 97, 129, 193,
        -: 1144:        257, 385, 513, 769, 1025, 1537, 2049, 3073, 4097, 6145,
        -: 1145:        8193, 12289, 16385, 24577};
        -: 1146:static ush cpdext[] = {         /* Extra bits for distance codes */
        -: 1147:        0, 0, 0, 0, 1, 1, 2, 2, 3, 3, 4, 4, 5, 5, 6, 6,
        -: 1148:        7, 7, 8, 8, 9, 9, 10, 10, 11, 11,
        -: 1149:        12, 12, 13, 13};
        -: 1150:
        -: 1151:
        -: 1152:
        -: 1153:/* Macros for inflate() bit peeking and grabbing.
        -: 1154:   The usage is:
        -: 1155:   
        -: 1156:        NEEDBITS(j)
        -: 1157:        x = b & mask_bits[j];
        -: 1158:        DUMPBITS(j)
        -: 1159:
        -: 1160:   where NEEDBITS makes sure that b has at least j bits in it, and
        -: 1161:   DUMPBITS removes the bits from b.  The macros use the variable k
        -: 1162:   for the number of bits in b.  Normally, b and k are register
        -: 1163:   variables for speed, and are initialized at the beginning of a
        -: 1164:   routine that uses these macros from a global bit buffer and count.
        -: 1165:
        -: 1166:   If we assume that EOB will be the longest code, then we will never
        -: 1167:   ask for bits with NEEDBITS that are beyond the end of the stream.
        -: 1168:   So, NEEDBITS should not read any more bytes than are needed to
        -: 1169:   meet the request.  Then no bytes need to be "returned" to the buffer
        -: 1170:   at the end of the last block.
        -: 1171:
        -: 1172:   However, this assumption is not true for fixed blocks--the EOB code
        -: 1173:   is 7 bits, but the other literal/length codes can be 8 or 9 bits.
        -: 1174:   (The EOB code is shorter than other codes because fixed blocks are
        -: 1175:   generally short.  So, while a block always has an EOB, many other
        -: 1176:   literal/length codes have a significantly lower probability of
        -: 1177:   showing up at all.)  However, by making the first table have a
        -: 1178:   lookup of seven bits, the EOB code will be found in that first
        -: 1179:   lookup, and so will not require that too many bits be pulled from
        -: 1180:   the stream.
        -: 1181: */
        -: 1182:
        -: 1183:ulg bb;                         /* bit buffer */
        -: 1184:unsigned bk;                    /* bits in bit buffer */
        -: 1185:
        -: 1186:ush mask_bits[] = {
        -: 1187:    0x0000,
        -: 1188:    0x0001, 0x0003, 0x0007, 0x000f, 0x001f, 0x003f, 0x007f, 0x00ff,
        -: 1189:    0x01ff, 0x03ff, 0x07ff, 0x0fff, 0x1fff, 0x3fff, 0x7fff, 0xffff
        -: 1190:};
        -: 1191:
        -: 1192:#ifdef CRYPT
        -: 1193:  uch cc;
        -: 1194:#  define NEXTBYTE() \
        -: 1195:     (decrypt ? (cc = get_byte(), zdecode(cc), cc) : get_byte())
        -: 1196:#else
        -: 1197:#  define NEXTBYTE()  (uch)get_byte()
        -: 1198:#endif
        -: 1199:#define NEEDBITS(n) {while(k<(n)){b|=((ulg)NEXTBYTE())<<k;k+=8;}}
        -: 1200:#define DUMPBITS(n) {b>>=(n);k-=(n);}
        -: 1201:
        -: 1202:
        -: 1203:/*
        -: 1204:   Huffman code decoding is performed using a multi-level table lookup.
        -: 1205:   The fastest way to decode is to simply build a lookup table whose
        -: 1206:   size is determined by the longest code.  However, the time it takes
        -: 1207:   to build this table can also be a factor if the data being decoded
        -: 1208:   is not very long.  The most common codes are necessarily the
        -: 1209:   shortest codes, so those codes dominate the decoding time, and hence
        -: 1210:   the speed.  The idea is you can have a shorter table that decodes the
        -: 1211:   shorter, more probable codes, and then point to subsidiary tables for
        -: 1212:   the longer codes.  The time it costs to decode the longer codes is
        -: 1213:   then traded against the time it takes to make longer tables.
        -: 1214:
        -: 1215:   This results of this trade are in the variables lbits and dbits
        -: 1216:   below.  lbits is the number of bits the first level table for literal/
        -: 1217:   length codes can decode in one step, and dbits is the same thing for
        -: 1218:   the distance codes.  Subsequent tables are also less than or equal to
        -: 1219:   those sizes.  These values may be adjusted either when all of the
        -: 1220:   codes are shorter than that, in which case the longest code length in
        -: 1221:   bits is used, or when the shortest code is *longer* than the requested
        -: 1222:   table size, in which case the length of the shortest code in bits is
        -: 1223:   used.
        -: 1224:
        -: 1225:   There are two different values for the two tables, since they code a
        -: 1226:   different number of possibilities each.  The literal/length table
        -: 1227:   codes 286 possible values, or in a flat code, a little over eight
        -: 1228:   bits.  The distance table codes 30 possible values, or a little less
        -: 1229:   than five bits, flat.  The optimum values for speed end up being
        -: 1230:   about one bit more than those, so lbits is 8+1 and dbits is 5+1.
        -: 1231:   The optimum values may differ though from machine to machine, and
        -: 1232:   possibly even between compilers.  Your mileage may vary.
        -: 1233: */
        -: 1234:
        -: 1235:
        -: 1236:int lbits = 9;          /* bits in base literal/length lookup table */
        -: 1237:int dbits = 6;          /* bits in base distance lookup table */
        -: 1238:
        -: 1239:
        -: 1240:/* If BMAX needs to be larger than 16, then h and x[] should be ulg. */
        -: 1241:#define BMAX 16         /* maximum bit length of any code (16 for explode) */
        -: 1242:#define N_MAX 288       /* maximum number of codes in any set */
        -: 1243:
        -: 1244:
        -: 1245:unsigned hufts;         /* track memory usage */
        -: 1246:
        -: 1247:
function huft_build called 0 returned 0% blocks executed 0%
    #####: 1248:int huft_build(b, n, s, d, e, t, m)
        -: 1249:unsigned *b;            /* code lengths in bits (all assumed <= BMAX) */
        -: 1250:unsigned n;             /* number of codes (assumed <= N_MAX) */
        -: 1251:unsigned s;             /* number of simple-valued codes (0..s-1) */
        -: 1252:ush *d;                 /* list of base values for non-simple codes */
        -: 1253:ush *e;                 /* list of extra bits for non-simple codes */
        -: 1254:struct huft **t;        /* result: starting table */
        -: 1255:int *m;                 /* maximum lookup bits, returns actual */
        -: 1256:/* Given a list of code lengths and a maximum table size, make a set of
        -: 1257:   tables to decode that set of codes.  Return zero on success, one if
        -: 1258:   the given code set is incomplete (the tables are still built in this
        -: 1259:   case), two if the input is invalid (all zero length codes or an
        -: 1260:   oversubscribed set of lengths), and three if not enough memory. */
        -: 1261:{
        -: 1262:  unsigned a;                   /* counter for codes of length k */
        -: 1263:  unsigned c[BMAX+1];           /* bit length count table */
        -: 1264:  unsigned f;                   /* i repeats in table every f entries */
        -: 1265:  int g;                        /* maximum code length */
        -: 1266:  int h;                        /* table level */
        -: 1267:  register unsigned i;          /* counter, current code */
        -: 1268:  register unsigned j;          /* counter */
        -: 1269:  register int k;               /* number of bits in current code */
        -: 1270:  int l;                        /* bits per table (returned in m) */
        -: 1271:  register unsigned *p;         /* pointer into c[], b[], or v[] */
        -: 1272:  register struct huft *q;      /* points to current table */
        -: 1273:  struct huft r;                /* table entry for structure assignment */
        -: 1274:  struct huft *u[BMAX];         /* table stack */
        -: 1275:  unsigned v[N_MAX];            /* values in order of bit length */
        -: 1276:  register int w;               /* bits before this table == (l * h) */
        -: 1277:  unsigned x[BMAX+1];           /* bit offsets, then code stack */
        -: 1278:  unsigned *xp;                 /* pointer into x */
        -: 1279:  int y;                        /* number of dummy codes added */
        -: 1280:  unsigned z;                   /* number of entries in current table */
        -: 1281:
        -: 1282:
        -: 1283:  /* Generate counts for each bit length */
    #####: 1284:  memzero(c, sizeof(c));
    #####: 1285:  p = b;  i = n;
        -: 1286:  do {
        -: 1287:    Tracecv(*p, (stderr, (n-i >= ' ' && n-i <= '~' ? "%c %d\n" : "0x%x %d\n"), 
        -: 1288:	    n-i, *p));
    #####: 1289:    c[*p]++;                    /* assume all entries <= BMAX */
    #####: 1290:    p++;                      /* Can't combine with above line (Solaris bug) */
    #####: 1291:  } while (--i);
branch  0 never executed
branch  1 never executed
    #####: 1292:  if (c[0] == n)                /* null input--all zero length codes */
branch  0 never executed
branch  1 never executed
        -: 1293:  {
    #####: 1294:    *t = (struct huft *)NULL;
    #####: 1295:    *m = 0;
    #####: 1296:    return 0;
        -: 1297:  }
        -: 1298:
        -: 1299:
        -: 1300:  /* Find minimum and maximum length, bound *m by those */
    #####: 1301:  l = *m;
    #####: 1302:  for (j = 1; j <= BMAX; j++)
branch  0 never executed
branch  1 never executed
    #####: 1303:    if (c[j])
branch  0 never executed
branch  1 never executed
    #####: 1304:      break;
    #####: 1305:  k = j;                        /* minimum code length */
    #####: 1306:  if ((unsigned)l < j)
branch  0 never executed
branch  1 never executed
    #####: 1307:    l = j;
    #####: 1308:  for (i = BMAX; i; i--)
branch  0 never executed
branch  1 never executed
    #####: 1309:    if (c[i])
branch  0 never executed
branch  1 never executed
    #####: 1310:      break;
    #####: 1311:  g = i;                        /* maximum code length */
    #####: 1312:  if ((unsigned)l > i)
branch  0 never executed
branch  1 never executed
    #####: 1313:    l = i;
    #####: 1314:  *m = l;
        -: 1315:
        -: 1316:
        -: 1317:  /* Adjust last length count to fill out codes, if needed */
    #####: 1318:  for (y = 1 << j; j < i; j++, y <<= 1)
branch  0 never executed
branch  1 never executed
    #####: 1319:    if ((y -= c[j]) < 0)
branch  0 never executed
branch  1 never executed
    #####: 1320:      return 2;                 /* bad input: more codes than bits */
    #####: 1321:  if ((y -= c[i]) < 0)
branch  0 never executed
branch  1 never executed
    #####: 1322:    return 2;
    #####: 1323:  c[i] += y;
        -: 1324:
        -: 1325:
        -: 1326:  /* Generate starting offsets into the value table for each length */
    #####: 1327:  x[1] = j = 0;
    #####: 1328:  p = c + 1;  xp = x + 2;
    #####: 1329:  while (--i) {                 /* note that i == g from above */
branch  0 never executed
branch  1 never executed
    #####: 1330:    *xp++ = (j += *p++);
        -: 1331:  }
        -: 1332:
        -: 1333:
        -: 1334:  /* Make a table of values in order of bit lengths */
    #####: 1335:  p = b;  i = 0;
        -: 1336:  do {
    #####: 1337:    if ((j = *p++) != 0)
branch  0 never executed
branch  1 never executed
    #####: 1338:      v[x[j]++] = i;
    #####: 1339:  } while (++i < n);
branch  0 never executed
[...]
        -: 7483:		optarg = argv[optind++];
        -: 7484:	      else
        -: 7485:		{
        -: 7486:		  if (opterr)
        -: 7487:		    fprintf (stderr,
        -: 7488:			   _("%s: option `%s' requires an argument\n"),
        -: 7489:			   argv[0], argv[optind - 1]);
        -: 7490:		  nextchar += strlen (nextchar);
        -: 7491:		  optopt = pfound->val;
        -: 7492:		  return optstring[0] == ':' ? ':' : '?';
        -: 7493:		}
        -: 7494:	    }
        -: 7495:	  nextchar += strlen (nextchar);
        -: 7496:	  if (longind != NULL)
        -: 7497:	    *longind = option_index;
        -: 7498:	  if (pfound->flag)
        -: 7499:	    {
        -: 7500:	      *(pfound->flag) = pfound->val;
        -: 7501:	      return 0;
        -: 7502:	    }
        -: 7503:	  return pfound->val;
        -: 7504:	}
        -: 7505:
        -: 7506:      /* Can't find it as a long option.  If this is not getopt_long_only,
        -: 7507:	 or the option starts with '--' or is not a valid short
        -: 7508:	 option, then it's an error.
        -: 7509:	 Otherwise interpret it as a short option.  */
        -: 7510:      if (!long_only || argv[optind][1] == '-'
        -: 7511:	  || my_index (optstring, *nextchar) == NULL)
        -: 7512:	{
        -: 7513:	  if (opterr)
        -: 7514:	    {
        -: 7515:	      if (argv[optind][1] == '-')
        -: 7516:		/* --option */
        -: 7517:		fprintf (stderr, _("%s: unrecognized option `--%s'\n"),
        -: 7518:			 argv[0], nextchar);
        -: 7519:	      else
        -: 7520:		/* +option or -option */
        -: 7521:		fprintf (stderr, _("%s: unrecognized option `%c%s'\n"),
        -: 7522:			 argv[0], argv[optind][0], nextchar);
        -: 7523:	    }
        -: 7524:	  nextchar = (char *) "";
        -: 7525:	  optind++;
        -: 7526:	  optopt = 0;
        -: 7527:	  return '?';
        -: 7528:	}
        -: 7529:    }
        -: 7530:
        -: 7531:  /* Look at and handle the next short option-character.  */
        -: 7532:
        -: 7533:  {
        -: 7534:    char c = *nextchar++;
        -: 7535:    char *temp = my_index (optstring, c);
        -: 7536:
        -: 7537:    /* Increment `optind' when we start to process its last character.  */
        -: 7538:    if (*nextchar == '\0')
        -: 7539:      ++optind;
        -: 7540:
        -: 7541:    if (temp == NULL || c == ':')
        -: 7542:      {
        -: 7543:	if (opterr)
        -: 7544:	  {
        -: 7545:	    if (posixly_correct)
        -: 7546:	      /* 1003.2 specifies the format of this message.  */
        -: 7547:	      fprintf (stderr, _("%s: illegal option -- %c\n"),
        -: 7548:		       argv[0], c);
        -: 7549:	    else
        -: 7550:	      fprintf (stderr, _("%s: invalid option -- %c\n"),
        -: 7551:		       argv[0], c);
        -: 7552:	  }
        -: 7553:	optopt = c;
        -: 7554:	return '?';
        -: 7555:      }
        -: 7556:    /* Convenience. Treat POSIX -W foo same as long option --foo */
        -: 7557:    if (temp[0] == 'W' && temp[1] == ';')
        -: 7558:      {
        -: 7559:	char *nameend;
        -: 7560:	const struct option *p;
        -: 7561:	const struct option *pfound = NULL;
        -: 7562:	int exact = 0;
        -: 7563:	int ambig = 0;
        -: 7564:	int indfound = 0;
        -: 7565:	int option_index;
        -: 7566:
        -: 7567:	/* This is an option that requires an argument.  */
        -: 7568:	if (*nextchar != '\0')
        -: 7569:	  {
        -: 7570:	    optarg = nextchar;
        -: 7571:	    /* If we end this ARGV-element by taking the rest as an arg,
        -: 7572:	       we must advance to the next element now.  */
        -: 7573:	    optind++;
        -: 7574:	  }
        -: 7575:	else if (optind == argc)
        -: 7576:	  {
        -: 7577:	    if (opterr)
        -: 7578:	      {
        -: 7579:		/* 1003.2 specifies the format of this message.  */
        -: 7580:		fprintf (stderr, _("%s: option requires an argument -- %c\n"),
        -: 7581:			 argv[0], c);
        -: 7582:	      }
        -: 7583:	    optopt = c;
        -: 7584:	    if (optstring[0] == ':')
        -: 7585:	      c = ':';
        -: 7586:	    else
        -: 7587:	      c = '?';
        -: 7588:	    return c;
        -: 7589:	  }
        -: 7590:	else
        -: 7591:	  /* We already incremented `optind' once;
        -: 7592:	     increment it again when taking next ARGV-elt as argument.  */
        -: 7593:	  optarg = argv[optind++];
        -: 7594:
        -: 7595:	/* optarg is now the argument, see if it's in the
        -: 7596:	   table of longopts.  */
        -: 7597:
        -: 7598:	for (nextchar = nameend = optarg; *nameend && *nameend != '='; nameend++)
        -: 7599:	  /* Do nothing.  */ ;
        -: 7600:
        -: 7601:	/* Test all long options for either exact match
        -: 7602:	   or abbreviated matches.  */
        -: 7603:	for (p = longopts, option_index = 0; p->name; p++, option_index++)
        -: 7604:	  if (!strncmp (p->name, nextchar, nameend - nextchar))
        -: 7605:	    {
        -: 7606:	      if ((unsigned int) (nameend - nextchar) == strlen (p->name))
        -: 7607:		{
        -: 7608:		  /* Exact match found.  */
        -: 7609:		  pfound = p;
        -: 7610:		  indfound = option_index;
        -: 7611:		  exact = 1;
        -: 7612:		  break;
        -: 7613:		}
        -: 7614:	      else if (pfound == NULL)
        -: 7615:		{
        -: 7616:		  /* First nonexact match found.  */
        -: 7617:		  pfound = p;
        -: 7618:		  indfound = option_index;
        -: 7619:		}
        -: 7620:	      else
        -: 7621:		/* Second or later nonexact match found.  */
        -: 7622:		ambig = 1;
        -: 7623:	    }
        -: 7624:	if (ambig && !exact)
        -: 7625:	  {
        -: 7626:	    if (opterr)
        -: 7627:	      fprintf (stderr, _("%s: option `-W %s' is ambiguous\n"),
        -: 7628:		       argv[0], argv[optind]);
        -: 7629:	    nextchar += strlen (nextchar);
        -: 7630:	    optind++;
        -: 7631:	    return '?';
        -: 7632:	  }
        -: 7633:	if (pfound != NULL)
        -: 7634:	  {
        -: 7635:	    option_index = indfound;
        -: 7636:	    if (*nameend)
        -: 7637:	      {
        -: 7638:		/* Don't test has_arg with >, because some C compilers don't
        -: 7639:		   allow it to be used on enums.  */
        -: 7640:		if (pfound->has_arg)
        -: 7641:		  optarg = nameend + 1;
        -: 7642:		else
        -: 7643:		  {
        -: 7644:		    if (opterr)
        -: 7645:		      fprintf (stderr, _("\
        -: 7646:%s: option `-W %s' doesn't allow an argument\n"),
        -: 7647:			       argv[0], pfound->name);
        -: 7648:
        -: 7649:		    nextchar += strlen (nextchar);
        -: 7650:		    return '?';
        -: 7651:		  }
        -: 7652:	      }
        -: 7653:	    else if (pfound->has_arg == 1)
        -: 7654:	      {
        -: 7655:		if (optind < argc)
        -: 7656:		  optarg = argv[optind++];
        -: 7657:		else
        -: 7658:		  {
        -: 7659:		    if (opterr)
        -: 7660:		      fprintf (stderr,
        -: 7661:			       _("%s: option `%s' requires an argument\n"),
        -: 7662:			       argv[0], argv[optind - 1]);
        -: 7663:		    nextchar += strlen (nextchar);
        -: 7664:		    return optstring[0] == ':' ? ':' : '?';
        -: 7665:		  }
        -: 7666:	      }
        -: 7667:	    nextchar += strlen (nextchar);
        -: 7668:	    if (longind != NULL)
        -: 7669:	      *longind = option_index;
        -: 7670:	    if (pfound->flag)
        -: 7671:	      {
        -: 7672:		*(pfound->flag) = pfound->val;
        -: 7673:		return 0;
        -: 7674:	      }
        -: 7675:	    return pfound->val;
        -: 7676:	  }
        -: 7677:	  nextchar = NULL;
        -: 7678:	  return 'W';	/* Let the application handle it.   */
        -: 7679:      }
        -: 7680:    if (temp[1] == ':')
        -: 7681:      {
        -: 7682:	if (temp[2] == ':')
        -: 7683:	  {
        -: 7684:	    /* This is an option that accepts an argument optionally.  */
        -: 7685:	    if (*nextchar != '\0')
        -: 7686:	      {
        -: 7687:		optarg = nextchar;
        -: 7688:		optind++;
        -: 7689:	      }
        -: 7690:	    else
        -: 7691:	      optarg = NULL;
        -: 7692:	    nextchar = NULL;
        -: 7693:	  }
        -: 7694:	else
        -: 7695:	  {
        -: 7696:	    /* This is an option that requires an argument.  */
        -: 7697:	    if (*nextchar != '\0')
        -: 7698:	      {
        -: 7699:		optarg = nextchar;
        -: 7700:		/* If we end this ARGV-element by taking the rest as an arg,
        -: 7701:		   we must advance to the next element now.  */
        -: 7702:		optind++;
        -: 7703:	      }
        -: 7704:	    else if (optind == argc)
        -: 7705:	      {
        -: 7706:		if (opterr)
        -: 7707:		  {
        -: 7708:		    /* 1003.2 specifies the format of this message.  */
        -: 7709:		    fprintf (stderr,
        -: 7710:			   _("%s: option requires an argument -- %c\n"),
        -: 7711:			   argv[0], c);
        -: 7712:		  }
        -: 7713:		optopt = c;
        -: 7714:		if (optstring[0] == ':')
        -: 7715:		  c = ':';
        -: 7716:		else
        -: 7717:		  c = '?';
        -: 7718:	      }
        -: 7719:	    else
        -: 7720:	      /* We already incremented `optind' once;
        -: 7721:		 increment it again when taking next ARGV-elt as argument.  */
        -: 7722:	      optarg = argv[optind++];
        -: 7723:	    nextchar = NULL;
        -: 7724:	  }
        -: 7725:      }
        -: 7726:    return c;
        -: 7727:  }
        -: 7728:}
        -: 7729:
        -: 7730:int
        -: 7731:getopt (argc, argv, optstring)
        -: 7732:     int argc;
        -: 7733:     char *const *argv;
        -: 7734:     const char *optstring;
        -: 7735:{
        -: 7736:  return _getopt_internal (argc, argv, optstring,
        -: 7737:			   (const struct option *) 0,
        -: 7738:			   (int *) 0,
        -: 7739:			   0);
        -: 7740:}
        -: 7741:
        -: 7742:#endif	/* Not ELIDE_CODE.  */
        -: 7743:
        -: 7744:#ifdef TEST
        -: 7745:
        -: 7746:/* Compile with -DTEST to make an executable for use in testing
        -: 7747:   the above definition of `getopt'.  */
        -: 7748:
        -: 7749:int
        -: 7750:main (argc, argv)
        -: 7751:     int argc;
        -: 7752:     char **argv;
        -: 7753:{
        -: 7754:  int c;
        -: 7755:  int digit_optind = 0;
        -: 7756:
        -: 7757:  while (1)
        -: 7758:    {
        -: 7759:      int this_option_optind = optind ? optind : 1;
        -: 7760:
        -: 7761:      c = getopt (argc, argv, "abc:d:0123456789");
        -: 7762:      if (c == -1)
        -: 7763:	break;
        -: 7764:
        -: 7765:      switch (c)
        -: 7766:	{
        -: 7767:	case '0':
        -: 7768:	case '1':
        -: 7769:	case '2':
        -: 7770:	case '3':
        -: 7771:	case '4':
        -: 7772:	case '5':
        -: 7773:	case '6':
        -: 7774:	case '7':
        -: 7775:	case '8':
        -: 7776:	case '9':
        -: 7777:	  if (digit_optind != 0 && digit_optind != this_option_optind)
        -: 7778:	    printf ("digits occur in two different argv-elements.\n");
        -: 7779:	  digit_optind = this_option_optind;
        -: 7780:	  printf ("option %c\n", c);
        -: 7781:	  break;
        -: 7782:
        -: 7783:	case 'a':
        -: 7784:	  printf ("option a\n");
        -: 7785:	  break;
        -: 7786:
        -: 7787:	case 'b':
        -: 7788:	  printf ("option b\n");
        -: 7789:	  break;
        -: 7790:
        -: 7791:	case 'c':
        -: 7792:	  printf ("option c with value `%s'\n", optarg);
        -: 7793:	  break;
        -: 7794:
        -: 7795:	case '?':
        -: 7796:	  break;
        -: 7797:
        -: 7798:	default:
        -: 7799:	  printf ("?? getopt returned character code 0%o ??\n", c);
        -: 7800:	}
        -: 7801:    }
        -: 7802:
        -: 7803:  if (optind < argc)
        -: 7804:    {
        -: 7805:      printf ("non-option ARGV-elements: ");
        -: 7806:      while (optind < argc)
        -: 7807:	printf ("%s ", argv[optind++]);
        -: 7808:      printf ("\n");
        -: 7809:    }
        -: 7810:
        -: 7811:  exit (0);
        -: 7812:}
        -: 7813:
        -: 7814:#endif /* TEST */
        -: 7815:/* getopt_long and getopt_long_only entry points for GNU getopt.
        -: 7816:   Copyright (C) 1987,88,89,90,91,92,93,94,96,97,98
        -: 7817:     Free Software Foundation, Inc.
        -: 7818:   NOTE: The canonical source of this file is maintained with the GNU C Library.
        -: 7819:   Bugs can be reported to bug-glibc@gnu.org.
        -: 7820:
        -: 7821:   This program is free software; you can redistribute it and/or modify it
        -: 7822:   under the terms of the GNU General Public License as published by the
        -: 7823:   Free Software Foundation; either version 2, or (at your option) any
        -: 7824:   later version.
        -: 7825:
        -: 7826:   This program is distributed in the hope that it will be useful,
        -: 7827:   but WITHOUT ANY WARRANTY; without even the implied warranty of
        -: 7828:   MERCHANTABILITY or FITNESS FOR A PARTICULAR PURPOSE.  See the
        -: 7829:   GNU General Public License for more details.
        -: 7830:
        -: 7831:   You should have received a copy of the GNU General Public License
        -: 7832:   along with this program; if not, write to the Free Software Foundation,
        -: 7833:   Inc., 59 Temple Place - Suite 330, Boston, MA 02111-1307, USA.  */
        -: 7834:
        -: 7835:#ifdef HAVE_CONFIG_H
        -: 7836:#include <config.h>
        -: 7837:#else
        -: 7838:#if !defined __STDC__ || !__STDC__
        -: 7839:/* This is a separate conditional since some stdc systems
        -: 7840:   reject `defined (const)'.  */
        -: 7841:#ifndef const
        -: 7842:#define const
        -: 7843:#endif
        -: 7844:#endif
        -: 7845:#endif
        -: 7846:
        -: 7847:/* Comment out all this code if we are using the GNU C Library, and are not
        -: 7848:   actually compiling the library itself.  This code is part of the GNU C
        -: 7849:   Library, but also included in many other GNU distributions.  Compiling
        -: 7850:   and linking in this code is a waste when using the GNU C library
        -: 7851:   (especially if it is a shared library).  Rather than having every GNU
        -: 7852:   program understand `configure --with-gnu-libc' and omit the object files,
        -: 7853:   it is simpler to just do this in the source for each such file.  */
        -: 7854:
        -: 7855:#define GETOPT_INTERFACE_VERSION 2
        -: 7856:#if !defined _LIBC && defined __GLIBC__ && __GLIBC__ >= 2
        -: 7857:#include <gnu-versions.h>
        -: 7858:#if _GNU_GETOPT_INTERFACE_VERSION == GETOPT_INTERFACE_VERSION
        -: 7859:#define ELIDE_CODE
        -: 7860:#endif
        -: 7861:#endif
        -: 7862:
        -: 7863:#ifndef ELIDE_CODE
        -: 7864:
        -: 7865:
        -: 7866:/* This needs to come after some library #include
        -: 7867:   to get __GNU_LIBRARY__ defined.  */
        -: 7868:#ifdef __GNU_LIBRARY__
        -: 7869:#include <stdlib.h>
        -: 7870:#endif
        -: 7871:
        -: 7872:#ifndef	NULL
        -: 7873:#define NULL 0
        -: 7874:#endif
        -: 7875:
        -: 7876:int
        -: 7877:getopt_long (argc, argv, options, long_options, opt_index)
        -: 7878:     int argc;
        -: 7879:     char *const *argv;
        -: 7880:     const char *options;
        -: 7881:     const struct option *long_options;
        -: 7882:     int *opt_index;
        -: 7883:{
        -: 7884:  return _getopt_internal (argc, argv, options, long_options, opt_index, 0);
        -: 7885:}
        -: 7886:
        -: 7887:/* Like getopt_long, but '-' as well as '--' can indicate a long option.
        -: 7888:   If an option that starts with '-' (not '--') doesn't match a long option,
        -: 7889:   but does match a short option, it is parsed as a short option
        -: 7890:   instead.  */
        -: 7891:
        -: 7892:int
        -: 7893:getopt_long_only (argc, argv, options, long_options, opt_index)
        -: 7894:     int argc;
        -: 7895:     char *const *argv;
        -: 7896:     const char *options;
        -: 7897:     const struct option *long_options;
        -: 7898:     int *opt_index;
        -: 7899:{
        -: 7900:  return _getopt_internal (argc, argv, options, long_options, opt_index, 1);
        -: 7901:}
        -: 7902:
        -: 7903:
        -: 7904:#endif	/* Not ELIDE_CODE.  */
        -: 7905:
        -: 7906:#ifdef TEST
        -: 7907:
        -: 7908:int
        -: 7909:main (argc, argv)
        -: 7910:     int argc;
        -: 7911:     char **argv;
        -: 7912:{
        -: 7913:  int c;
        -: 7914:  int digit_optind = 0;
        -: 7915:
        -: 7916:  while (1)
        -: 7917:    {
        -: 7918:      int this_option_optind = optind ? optind : 1;
        -: 7919:      int option_index = 0;
        -: 7920:      static struct option long_options[] =
        -: 7921:      {
        -: 7922:	{"add", 1, 0, 0},
        -: 7923:	{"append", 0, 0, 0},
        -: 7924:	{"delete", 1, 0, 0},
        -: 7925:	{"verbose", 0, 0, 0},
        -: 7926:	{"create", 0, 0, 0},
        -: 7927:	{"file", 1, 0, 0},
        -: 7928:	{0, 0, 0, 0}
        -: 7929:      };
        -: 7930:
        -: 7931:      c = getopt_long (argc, argv, "abc:d:0123456789",
        -: 7932:		       long_options, &option_index);
        -: 7933:      if (c == -1)
        -: 7934:	break;
        -: 7935:
        -: 7936:      switch (c)
        -: 7937:	{
        -: 7938:	case 0:
        -: 7939:	  printf ("option %s", long_options[option_index].name);
        -: 7940:	  if (optarg)
        -: 7941:	    printf (" with arg %s", optarg);
        -: 7942:	  printf ("\n");
        -: 7943:	  break;
        -: 7944:
        -: 7945:	case '0':
        -: 7946:	case '1':
        -: 7947:	case '2':
        -: 7948:	case '3':
        -: 7949:	case '4':
        -: 7950:	case '5':
        -: 7951:	case '6':
        -: 7952:	case '7':
        -: 7953:	case '8':
        -: 7954:	case '9':
        -: 7955:	  if (digit_optind != 0 && digit_optind != this_option_optind)
        -: 7956:	    printf ("digits occur in two different argv-elements.\n");
        -: 7957:	  digit_optind = this_option_optind;
        -: 7958:	  printf ("option %c\n", c);
        -: 7959:	  break;
        -: 7960:
        -: 7961:	case 'a':
        -: 7962:	  printf ("option a\n");
        -: 7963:	  break;
        -: 7964:
        -: 7965:	case 'b':
        -: 7966:	  printf ("option b\n");
        -: 7967:	  break;
        -: 7968:
        -: 7969:	case 'c':
        -: 7970:	  printf ("option c with value `%s'\n", optarg);
        -: 7971:	  break;
        -: 7972:
        -: 7973:	case 'd':
        -: 7974:	  printf ("option d with value `%s'\n", optarg);
        -: 7975:	  break;
        -: 7976:
        -: 7977:	case '?':
        -: 7978:	  break;
        -: 7979:
        -: 7980:	default:
        -: 7981:	  printf ("?? getopt returned character code 0%o ??\n", c);
        -: 7982:	}
        -: 7983:    }
        -: 7984:
        -: 7985:  if (optind < argc)
        -: 7986:    {
        -: 7987:      printf ("non-option ARGV-elements: ");
        -: 7988:      while (optind < argc)
        -: 7989:	printf ("%s ", argv[optind++]);
        -: 7990:      printf ("\n");
        -: 7991:    }
        -: 7992:
        -: 7993:  exit (0);
        -: 7994:}
        -: 7995:
        -: 7996:#endif /* TEST */
