        -:    0:Source:flex.c
        -:    0:Graph:flex.gcno
        -:    0:Data:flex.gcda
        -:    0:Runs:567
        -:    1:/* flex - tool to generate fast lexical analyzers */
        -:    2:
        -:    3:/*-
        -:    4: * Copyright (c) 1990 The Regents of the University of California.
        -:    5: * All rights reserved.
        -:    6: *
        -:    7: * This code is derived from software contributed to Berkeley by
        -:    8: * Vern Paxson.
        -:    9: * 
        -:   10: * The United States Government has rights in this work pursuant
        -:   11: * to contract no. DE-AC03-76SF00098 between the United States
        -:   12: * Department of Energy and the University of California.
        -:   13: *
        -:   14: * Redistribution and use in source and binary forms are permitted provided
        -:   15: * that: (1) source distributions retain this entire copyright notice and
        -:   16: * comment, and (2) distributions including binaries display the following
        -:   17: * acknowledgement:  ``This product includes software developed by the
        -:   18: * University of California, Berkeley and its contributors'' in the
        -:   19: * documentation or other materials provided with the distribution and in
        -:   20: * all advertising materials mentioning features or use of this software.
        -:   21: * Neither the name of the University nor the names of its contributors may
        -:   22: * be used to endorse or promote products derived from this software without
        -:   23: * specific prior written permission.
        -:   24: * THIS SOFTWARE IS PROVIDED ``AS IS'' AND WITHOUT ANY EXPRESS OR IMPLIED
        -:   25: * WARRANTIES, INCLUDING, WITHOUT LIMITATION, THE IMPLIED WARRANTIES OF
        -:   26: * MERCHANTABILITY AND FITNESS FOR A PARTICULAR PURPOSE.
        -:   27: */
        -:   28:
        -:   29:#define LINUX 1
        -:   30:
        -:   31:#ifndef lint
        -:   32:char copyright[] =
        -:   33:"@(#) Copyright (c) 1990 The Regents of the University of California.\n\
        -:   34: All rights reserved.\n";
        -:   35:#endif /* not lint */
        -:   36:
        -:   37:/* $Header: /a1/cvsadm/cvsroot/expsir/csubjects/flex/versions.alt/versions.seeded/v1/flex.c,v 1.1.1.2 2003/09/02 20:21:59 expsir Exp $ */
        -:   38:
        -:   39:
        -:   40:#include "flexdef.h"
        -:   41:#include "version.h"
        -:   42:#include <ctype.h>
        -:   43:#include "parse.h"
        -:   44:#include "FaultSeeds.h"
        -:   45:
        -:   46:static char flex_version[] = FLEX_VERSION;
        -:   47:
        -:   48:
        -:   49:/* declare functions that have forward references */
        -:   50:
        -:   51:void flexinit PROTO((int, char**));
        -:   52:void readin PROTO((void));
        -:   53:void set_up_initial_allocations PROTO((void));
        -:   54:
        -:   55:
        -:   56:/* these globals are all defined and commented in flexdef.h */
        -:   57:int printstats, syntaxerror, eofseen, ddebug, trace, nowarn, spprdflt;
        -:   58:int interactive, caseins, lex_compat, useecs, fulltbl, usemecs;
        -:   59:int fullspd, gen_line_dirs, performance_report, backing_up_report;
        -:   60:int C_plus_plus, long_align, use_read, yytext_is_array, csize;
        -:   61:int yymore_used, reject, real_reject, continued_action;
        -:   62:int yymore_really_used, reject_really_used;
        -:   63:int datapos, dataline, linenum;
        -:   64:FILE *skelfile = NULL;
        -:   65:
        -:   66:/* ### add for testing ### */
        -:   67:FILE *err = NULL;
        -:   68:/* ####################### */
        -:   69:
        -:   70:int skel_ind = 0;
        -:   71:char *action_array;
        -:   72:int action_size, defs1_offset, prolog_offset, action_offset, action_index;
        -:   73:char *infilename = NULL;
        -:   74:int onestate[ONE_STACK_SIZE], onesym[ONE_STACK_SIZE];
        -:   75:int onenext[ONE_STACK_SIZE], onedef[ONE_STACK_SIZE], onesp;
        -:   76:int current_mns, num_rules, num_eof_rules, default_rule;
        -:   77:int current_max_rules, lastnfa;
        -:   78:int *firstst, *lastst, *finalst, *transchar, *trans1, *trans2;
        -:   79:int *accptnum, *assoc_rule, *state_type;
        -:   80:int *rule_type, *rule_linenum, *rule_useful;
        -:   81:int current_state_type;
        -:   82:int variable_trailing_context_rules;
        -:   83:int numtemps, numprots, protprev[MSP], protnext[MSP], prottbl[MSP];
        -:   84:int protcomst[MSP], firstprot, lastprot, protsave[PROT_SAVE_SIZE];
        -:   85:int numecs, nextecm[CSIZE + 1], ecgroup[CSIZE + 1], nummecs, tecfwd[CSIZE + 1];
        -:   86:int tecbck[CSIZE + 1];
        -:   87:int lastsc, current_max_scs, *scset, *scbol, *scxclu, *sceof, *actvsc;
        -:   88:char **scname;
        -:   89:int current_max_dfa_size, current_max_xpairs;
        -:   90:int current_max_template_xpairs, current_max_dfas;
        -:   91:int lastdfa, *nxt, *chk, *tnxt;
        -:   92:int *base, *def, *nultrans, NUL_ec, tblend, firstfree, **dss, *dfasiz;
        -:   93:union dfaacc_union *dfaacc;
        -:   94:int *accsiz, *dhash, numas;
        -:   95:int numsnpairs, jambase, jamstate;
        -:   96:int lastccl, current_maxccls, *cclmap, *ccllen, *cclng, cclreuse;
        -:   97:int current_max_ccl_tbl_size;
        -:   98:Char *ccltbl;
        -:   99:char nmstr[MAXLINE];
        -:  100:int sectnum, nummt, hshcol, dfaeql, numeps, eps2, num_reallocs;
        -:  101:int tmpuses, totnst, peakpairs, numuniq, numdup, hshsave;
        -:  102:int num_backing_up, bol_needed;
        -:  103:FILE *backing_up_file;
        -:  104:int end_of_buffer_state;
        -:  105:char **input_files;
        -:  106:int num_input_files;
        -:  107:char *program_name;
        -:  108:
        -:  109:#ifndef SHORT_FILE_NAMES
        -:  110:static char *outfile_template = "lex.%s.%s";
        -:  111:#else
        -:  112:static char *outfile_template = "lex%s.%s";
        -:  113:#endif
        -:  114:static char outfile_path[64];
        -:  115:
        -:  116:static int outfile_created = 0;
        -:  117:static int use_stdout;
        -:  118:static char *skelname = NULL;
        -:  119:static char *prefix = "yy";
        -:  120:
        -:  121:
function main called 567 returned 0% blocks executed 95%
      567:  122:int main( argc, argv )
        -:  123:int argc;
        -:  124:char **argv;
        -:  125:	{
        -:  126:	int i;
        -:  127:
        -:  128:/* ### add for testing ### */
        -:  129:
      567:  130:	if(--argc >0){
branch  0 taken 567 (fallthrough)
branch  1 taken 0
      567:  131:                err = fopen( *++argv, "w" );
call    0 returned 567
      567:  132:                --argv; ++argc;
        -:  133:        }
        -:  134:/* ####################### */
        -:  135:
        -:  136:
      567:  137:	flexinit( argc, argv );
call    0 returned 552
        -:  138:
      552:  139:	readin();
call    0 returned 543
        -:  140:
      543:  141:	ntod();
call    0 returned 543
        -:  142:
     4353:  143:	for ( i = 1; i <= num_rules; ++i )
branch  0 taken 3810
branch  1 taken 543 (fallthrough)
     3810:  144:		if ( ! rule_useful[i] && i != default_rule )
branch  0 taken 85 (fallthrough)
branch  1 taken 3725
branch  2 taken 12 (fallthrough)
branch  3 taken 73
       12:  145:			line_warning( "rule cannot be matched",
       12:  146:					rule_linenum[i] );
call    0 returned 12
        -:  147:
      543:  148:	if ( spprdflt && ! reject && rule_useful[default_rule] )
branch  0 taken 3 (fallthrough)
branch  1 taken 540
branch  2 taken 1 (fallthrough)
branch  3 taken 2
branch  4 taken 1 (fallthrough)
branch  5 taken 0
        1:  149:		line_warning( "-s option given but default rule can be matched",
        1:  150:			rule_linenum[default_rule] );
call    0 returned 1
        -:  151:
        -:  152:	/* Generate the C state transition tables from the DFA. */
      543:  153:	make_tables();
call    0 returned 543
        -:  154:
        -:  155:	/* Note, flexend does not return.  It exits with its argument
        -:  156:	 * as status.
        -:  157:	 */
      543:  158:	flexend( 0 );
call    0 returned 0
        -:  159:
    #####:  160:	return 0;	/* keep compilers/lint happy */
        -:  161:	}
        -:  162:
        -:  163:
        -:  164:/* flexend - terminate flex
        -:  165: *
        -:  166: * note
        -:  167: *    This routine does not return.
        -:  168: */
        -:  169:
function flexend called 564 returned 0% blocks executed 88%
      564:  170:void flexend( exit_status )
        -:  171:int exit_status;
        -:  172:
        -:  173:	{
        -:  174:	int tblsiz;
        -:  175:	int unlink();
        -:  176:
      564:  177:	if ( skelfile != NULL )
branch  0 taken 2 (fallthrough)
branch  1 taken 562
        -:  178:		{
        2:  179:		if ( ferror( skelfile ) )
call    0 returned 2
branch  1 taken 0 (fallthrough)
branch  2 taken 2
    #####:  180:			flexfatal(
call    0 never executed
        -:  181:				"error occurred when reading skeleton file" );
        -:  182:
        2:  183:		else if ( fclose( skelfile ) )
call    0 returned 2
branch  1 taken 0 (fallthrough)
branch  2 taken 2
    #####:  184:			flexfatal(
call    0 never executed
        -:  185:				"error occurred when closing skeleton file" );
        -:  186:		}
        -:  187:
      564:  188:	if ( exit_status != 0 && outfile_created )
branch  0 taken 21 (fallthrough)
branch  1 taken 543
branch  2 taken 11 (fallthrough)
branch  3 taken 10
        -:  189:		{
       11:  190:		if ( ferror( stdout ) )
call    0 returned 11
branch  1 taken 0 (fallthrough)
branch  2 taken 11
    #####:  191:			flexfatal( "error occurred when writing output file" );
call    0 never executed
        -:  192:
       11:  193:		else if ( fclose( stdout ) )
call    0 returned 11
branch  1 taken 0 (fallthrough)
branch  2 taken 11
    #####:  194:			flexfatal( "error occurred when closing output file" );
call    0 never executed
        -:  195:
       11:  196:		else if ( unlink( outfile_path ) )
call    0 returned 11
branch  1 taken 0 (fallthrough)
branch  2 taken 11
    #####:  197:			flexfatal( "error occurred when deleting output file" );
call    0 never executed
        -:  198:		}
        -:  199:
      564:  200:	if ( backing_up_report && backing_up_file )
branch  0 taken 5 (fallthrough)
branch  1 taken 559
branch  2 taken 5 (fallthrough)
branch  3 taken 0
        -:  201:		{
        5:  202:		if ( num_backing_up == 0 )
branch  0 taken 0 (fallthrough)
branch  1 taken 5
    #####:  203:			fprintf( backing_up_file, "No backing up.\n" );
call    0 never executed
        5:  204:		else if ( fullspd || fulltbl )
branch  0 taken 5 (fallthrough)
branch  1 taken 0
branch  2 taken 0 (fallthrough)
branch  3 taken 5
    #####:  205:			fprintf( backing_up_file,
call    0 never executed
        -:  206:				"%d backing up (non-accepting) states.\n",
        -:  207:				num_backing_up );
        -:  208:		else
        5:  209:			fprintf( backing_up_file,
call    0 returned 5
        -:  210:				"Compressed tables always back up.\n" );
        -:  211:
        5:  212:		if ( ferror( backing_up_file ) )
call    0 returned 5
branch  1 taken 0 (fallthrough)
branch  2 taken 5
    #####:  213:			flexfatal( "error occurred when writing backup file" );
call    0 never executed
        -:  214:
        5:  215:		else if ( fclose( backing_up_file ) )
call    0 returned 5
branch  1 taken 0 (fallthrough)
branch  2 taken 5
    #####:  216:			flexfatal( "error occurred when closing backup file" );
call    0 never executed
        -:  217:		}
        -:  218:
      564:  219:	if ( printstats )
branch  0 taken 9 (fallthrough)
branch  1 taken 555
        -:  220:		{
        9:  221:		fprintf( err, "%s version %s usage statistics:\n",
call    0 returned 9
        -:  222:			program_name, flex_version );
        -:  223:
        9:  224:		fprintf( err, "  scanner options: -" );
call    0 returned 9
        -:  225:
        9:  226:		if ( C_plus_plus )
branch  0 taken 0 (fallthrough)
branch  1 taken 9
    #####:  227:			putc( '+', err );
call    0 never executed
        9:  228:		if ( backing_up_report )
branch  0 taken 3 (fallthrough)
branch  1 taken 6
        3:  229:			putc( 'b', err );
call    0 returned 3
        9:  230:		if ( ddebug )
branch  0 taken 2 (fallthrough)
branch  1 taken 7
        2:  231:			putc( 'd', err );
call    0 returned 2
        9:  232:		if ( caseins )
branch  0 taken 2 (fallthrough)
branch  1 taken 7
        2:  233:			putc( 'i', err );
call    0 returned 2
        9:  234:		if ( lex_compat )
branch  0 taken 2 (fallthrough)
branch  1 taken 7
        2:  235:			putc( 'l', err );
call    0 returned 2
        9:  236:		if ( performance_report > 0 )
branch  0 taken 2 (fallthrough)
branch  1 taken 7
        2:  237:			putc( 'p', err );
call    0 returned 2
        9:  238:		if ( performance_report > 1 )
branch  0 taken 0 (fallthrough)
branch  1 taken 9
    #####:  239:			putc( 'p', err );
call    0 never executed
        9:  240:		if ( spprdflt )
branch  0 taken 2 (fallthrough)
branch  1 taken 7
        2:  241:			putc( 's', err );
call    0 returned 2
        9:  242:		if ( use_stdout )
branch  0 taken 2 (fallthrough)
branch  1 taken 7
        2:  243:			putc( 't', err );
call    0 returned 2
        9:  244:		if ( printstats )
branch  0 taken 9 (fallthrough)
branch  1 taken 0
        9:  245:			putc( 'v', err );	/* always true! */
call    0 returned 9
        9:  246:		if ( nowarn )
branch  0 taken 2 (fallthrough)
branch  1 taken 7
        2:  247:			putc( 'w', err );
call    0 returned 2
        9:  248:		if ( ! interactive )
branch  0 taken 3 (fallthrough)
branch  1 taken 6
        3:  249:			putc( 'B', err );
call    0 returned 3
        9:  250:		if ( interactive )
branch  0 taken 6 (fallthrough)
branch  1 taken 3
        6:  251:			putc( 'I', err );
call    0 returned 6
        9:  252:		if ( ! gen_line_dirs )
branch  0 taken 2 (fallthrough)
branch  1 taken 7
        2:  253:			putc( 'L', err );
call    0 returned 2
        9:  254:		if ( trace )
branch  0 taken 4 (fallthrough)
branch  1 taken 5
        4:  255:			putc( 'T', err );
call    0 returned 4
        9:  256:		if ( csize == 128 )
branch  0 taken 1 (fallthrough)
branch  1 taken 8
        1:  257:			putc( '7', err );
call    0 returned 1
        -:  258:		else
        8:  259:			putc( '8', err );
call    0 returned 8
        -:  260:
        9:  261:		fprintf( err, " -C" );
call    0 returned 9
        -:  262:
        9:  263:		if ( long_align )
branch  0 taken 3 (fallthrough)
branch  1 taken 6
        3:  264:			putc( 'a', err );
call    0 returned 3
        9:  265:		if ( fulltbl )
branch  0 taken 1 (fallthrough)
branch  1 taken 8
        1:  266:			putc( 'f', err );
call    0 returned 1
        9:  267:		if ( fullspd )
branch  0 taken 1 (fallthrough)
branch  1 taken 8
        1:  268:			putc( 'F', err );
call    0 returned 1
        9:  269:		if ( useecs )
branch  0 taken 8 (fallthrough)
branch  1 taken 1
        8:  270:			putc( 'e', err );
call    0 returned 8
        9:  271:		if ( usemecs )
branch  0 taken 8 (fallthrough)
branch  1 taken 1
        8:  272:			putc( 'm', err );
call    0 returned 8
        9:  273:		if ( use_read )
branch  0 taken 2 (fallthrough)
branch  1 taken 7
        2:  274:			putc( 'r', err );
call    0 returned 2
        -:  275:
        9:  276:		if ( skelname )
branch  0 taken 1 (fallthrough)
branch  1 taken 8
        1:  277:			fprintf( err, " -S%s", skelname );
call    0 returned 1
        -:  278:
        9:  279:		if ( strcmp( prefix, "yy" ) )
branch  0 taken 0 (fallthrough)
branch  1 taken 9
    #####:  280:			fprintf( err, " -P%s", prefix );
call    0 never executed
        -:  281:
        9:  282:		putc( '\n', err );
call    0 returned 9
        -:  283:
        9:  284:		fprintf( err, "  %d/%d NFA states\n", lastnfa, current_mns );
call    0 returned 9
        9:  285:		fprintf( err, "  %d/%d DFA states (%d words)\n", lastdfa,
call    0 returned 9
        -:  286:			current_max_dfas, totnst );
        9:  287:		fprintf( err, "  %d rules\n",
        9:  288:		num_rules + num_eof_rules - 1 /* - 1 for def. rule */ );
call    0 returned 9
        -:  289:
        9:  290:		if ( num_backing_up == 0 )
branch  0 taken 2 (fallthrough)
branch  1 taken 7
        2:  291:			fprintf( err, "  No backing up\n" );
call    0 returned 2
        7:  292:		else if ( fullspd || fulltbl )
branch  0 taken 7 (fallthrough)
branch  1 taken 0
branch  2 taken 0 (fallthrough)
branch  3 taken 7
    #####:  293:			fprintf( err,
call    0 never executed
        -:  294:				"  %d backing-up (non-accepting) states\n",
        -:  295:				num_backing_up );
        -:  296:		else
        7:  297:			fprintf( err,
call    0 returned 7
        -:  298:				"  Compressed tables always back-up\n" );
        -:  299:
        9:  300:		if ( bol_needed )
branch  0 taken 0 (fallthrough)
branch  1 taken 9
    #####:  301:			fprintf( err,
call    0 never executed
        -:  302:				"  Beginning-of-line patterns used\n" );
        -:  303:
        9:  304:		fprintf( err, "  %d/%d start conditions\n", lastsc,
call    0 returned 9
        -:  305:			current_max_scs );
        9:  306:		fprintf( err,
call    0 returned 9
        -:  307:			"  %d epsilon states, %d double epsilon states\n",
        -:  308:			numeps, eps2 );
        -:  309:
        9:  310:		if ( lastccl == 0 )
branch  0 taken 2 (fallthrough)
branch  1 taken 7
        2:  311:			fprintf( err, "  no character classes\n" );
call    0 returned 2
        -:  312:		else
        7:  313:			fprintf( err,
        -:  314:	"  %d/%d character classes needed %d/%d words of storage, %d reused\n",
        -:  315:				lastccl, current_maxccls,
        7:  316:				cclmap[lastccl] + ccllen[lastccl],
call    0 returned 7
        -:  317:				current_max_ccl_tbl_size, cclreuse );
        -:  318:
        9:  319:		fprintf( err, "  %d state/nextstate pairs created\n",
call    0 returned 9
        -:  320:			numsnpairs );
        9:  321:		fprintf( err, "  %d/%d unique/duplicate transitions\n",
call    0 returned 9
        -:  322:			numuniq, numdup );
        -:  323:
        9:  324:		if ( fulltbl )
branch  0 taken 1 (fallthrough)
branch  1 taken 8
        -:  325:			{
        1:  326:			tblsiz = lastdfa * numecs;
        1:  327:			fprintf( err, "  %d table entries\n", tblsiz );
call    0 returned 1
        -:  328:			}
        -:  329:
        -:  330:		else
        -:  331:			{
        8:  332:			tblsiz = 2 * (lastdfa + numtemps) + 2 * tblend;
        -:  333:
        8:  334:			fprintf( err, "  %d/%d base-def entries created\n",
call    0 returned 8
        -:  335:				lastdfa + numtemps, current_max_dfas );
        8:  336:			fprintf( err,
call    0 returned 8
        -:  337:				"  %d/%d (peak %d) nxt-chk entries created\n",
        -:  338:				tblend, current_max_xpairs, peakpairs );
        8:  339:			fprintf( err,
call    0 returned 8
        -:  340:			"  %d/%d (peak %d) template nxt-chk entries created\n",
        -:  341:				numtemps * nummecs, current_max_template_xpairs,
        -:  342:				numtemps * numecs );
        8:  343:			fprintf( err, "  %d empty table entries\n", nummt );
call    0 returned 8
        8:  344:			fprintf( err, "  %d protos created\n", numprots );
call    0 returned 8
        8:  345:			fprintf( err, "  %d templates created, %d uses\n",
call    0 returned 8
        -:  346:				numtemps, tmpuses );
        -:  347:			}
        -:  348:
        9:  349:		if ( useecs )
branch  0 taken 8 (fallthrough)
branch  1 taken 1
        -:  350:			{
        8:  351:			tblsiz = tblsiz + csize;
        8:  352:			fprintf( err,
call    0 returned 8
        -:  353:				"  %d/%d equivalence classes created\n",
        -:  354:				numecs, csize );
        -:  355:			}
        -:  356:
        9:  357:		if ( usemecs )
branch  0 taken 8 (fallthrough)
branch  1 taken 1
        -:  358:			{
        8:  359:			tblsiz = tblsiz + numecs;
        8:  360:			fprintf( err,
call    0 returned 8
        -:  361:				"  %d/%d meta-equivalence classes created\n",
        -:  362:				nummecs, csize );
        -:  363:			}
        -:  364:
        9:  365:		fprintf( err,
call    0 returned 9
        -:  366:			"  %d (%d saved) hash collisions, %d DFAs equal\n",
        -:  367:			hshcol, hshsave, dfaeql );
        9:  368:		fprintf( err, "  %d sets of reallocations needed\n",
call    0 returned 9
        -:  369:			num_reallocs );
        9:  370:		fprintf( err, "  %d total table entries needed\n", tblsiz );
call    0 returned 9
        -:  371:		}
        -:  372:
        -:  373:#ifndef VMS
      564:  374:	exit( exit_status );
        -:  375:#else
        -:  376:	exit( exit_status + 1 );
        -:  377:#endif
        -:  378:	}
        -:  379:
        -:  380:
        -:  381:/* flexinit - initialize flex */
        -:  382:
function flexinit called 567 returned 97% blocks executed 93%
      567:  383:void flexinit( argc, argv )
        -:  384:int argc;
        -:  385:char **argv;
        -:  386:	{
        -:  387:	int i, sawcmpflag;
        -:  388:	int csize_given, interactive_given;
        -:  389:	char *arg, *mktemp();
        -:  390:
      567:  391:	printstats = syntaxerror = trace = spprdflt = caseins = false;
      567:  392:	lex_compat = false;
      567:  393:	C_plus_plus = backing_up_report = ddebug = fulltbl = fullspd = false;
      567:  394:	long_align = nowarn = yymore_used = continued_action = reject = false;
      567:  395:	yytext_is_array = yymore_really_used = reject_really_used = false;
      567:  396:	gen_line_dirs = usemecs = useecs = true;
      567:  397:	performance_report = 0;
        -:  398:
      567:  399:	sawcmpflag = false;
      567:  400:	use_read = use_stdout = false;
      567:  401:	csize_given = false;
      567:  402:	interactive_given = false;
        -:  403:
        -:  404:	/* Initialize dynamic array for holding the rule actions. */
      567:  405:	action_size = 2048;	/* default size of action array in bytes */
      567:  406:	action_array = allocate_character_array( action_size );
call    0 returned 567
      567:  407:	defs1_offset = prolog_offset = action_offset = action_index = 0;
      567:  408:	action_array[0] = '\0';
        -:  409:
        -:  410:/* Commented by Amit Goel on 5th September 2001 to remove nomdeterminism */
        -:  411:/*	program_name = argv[0];  */
        -:  412:/* Added by Amit Goel on 5th September 2001 */
      567:  413:        program_name = "Executable";
        -:  414:
      567:  415:	if ( program_name[0] != '\0' &&
branch  0 taken 567 (fallthrough)
branch  1 taken 0
      567:  416:	     program_name[strlen( program_name ) - 1] == '+' )
branch  0 taken 0 (fallthrough)
branch  1 taken 567
    #####:  417:		C_plus_plus = true;
        -:  418:
        -:  419:/* ### add for testing ### */
      567:  420:        ++argv;--argc;
        -:  421:/* ####################### */
        -:  422:
        -:  423:
        -:  424:	/* read flags */
     1516:  425:	for ( --argc, ++argv; argc ; --argc, ++argv )
branch  0 taken 1516
branch  1 taken 0 (fallthrough)
        -:  426:		{
     1516:  427:		if ( argv[0][0] != '-' || argv[0][1] == '\0' )
branch  0 taken 956 (fallthrough)
branch  1 taken 560
branch  2 taken 956 (fallthrough)
branch  3 taken 0
        -:  428:			break;
        -:  429:
      956:  430:		arg = argv[0];
        -:  431:
     1614:  432:		for ( i = 1; arg[i] != '\0'; ++i )
branch  0 taken 1148
branch  1 taken 466 (fallthrough)
     1148:  433:			switch ( arg[i] )
branch  0 taken 0
branch  1 taken 2
branch  2 taken 5
branch  3 taken 1
branch  4 taken 478
branch  5 taken 252
branch  6 taken 84
branch  7 taken 80
branch  8 taken 1
branch  9 taken 3
branch 10 taken 3
branch 11 taken 163
branch 12 taken 3
branch 13 taken 1
branch 14 taken 4
branch 15 taken 15
branch 16 taken 4
branch 17 taken 3
branch 18 taken 3
branch 19 taken 24
branch 20 taken 9
branch 21 taken 1
branch 22 taken 3
branch 23 taken 3
branch 24 taken 2
branch 25 taken 1
        -:  434:				{
    #####:  435:				case '+':
    #####:  436:					C_plus_plus = true;
    #####:  437:					break;
        -:  438:
        2:  439:				case 'B':
        2:  440:					interactive = false;
        2:  441:					interactive_given = true;
        2:  442:					break;
        -:  443:
        5:  444:				case 'b':
        5:  445:					backing_up_report = true;
        5:  446:					break;
        -:  447:
        1:  448:				case 'c':
        1:  449:					fprintf( err,
call    0 returned 1
        -:  450:	"%s: Assuming use of deprecated -c flag is really intended to be -C\n",
        -:  451:					program_name );
        -:  452:
        -:  453:					/* fall through */
        -:  454:
      479:  455:				case 'C':
      479:  456:					if ( i != 1 )
branch  0 taken 1 (fallthrough)
branch  1 taken 478
        1:  457:						flexerror(
call    0 returned 0
        -:  458:					"-C flag must be given separately" );
        -:  459:
      478:  460:					if ( ! sawcmpflag )
branch  0 taken 477 (fallthrough)
branch  1 taken 1
        -:  461:						{
      477:  462:						useecs = false;
      477:  463:						usemecs = false;
      477:  464:						fulltbl = false;
      477:  465:						sawcmpflag = true;
        -:  466:						}
        -:  467:
     1402:  468:					for ( ++i; arg[i] != '\0'; ++i )
branch  0 taken 925
branch  1 taken 477 (fallthrough)
      925:  469:						switch ( arg[i] )
branch  0 taken 243
branch  1 taken 243
branch  2 taken 15
branch  3 taken 18
branch  4 taken 163
branch  5 taken 242
branch  6 taken 1
        -:  470:							{
      243:  471:							case 'a':
      243:  472:								long_align =
        -:  473:									true;
      243:  474:								break;
        -:  475:
      243:  476:							case 'e':
      243:  477:								useecs = true;
      243:  478:								break;
        -:  479:
       15:  480:							case 'F':
       15:  481:								fullspd = true;
       15:  482:								break;
        -:  483:
       18:  484:							case 'f':
       18:  485:								fulltbl = true;
       18:  486:								break;
        -:  487:
      163:  488:							case 'm':
      163:  489:								usemecs = true;
      163:  490:								break;
        -:  491:
      242:  492:							case 'r':
      242:  493:								use_read = true;
      242:  494:								break;
        -:  495:
        1:  496:							default:
        1:  497:								lerrif(
        -:  498:						"unknown -C option '%c'",
        1:  499:								(int) arg[i] );
call    0 returned 0
    #####:  500:								break;
        -:  501:							}
        -:  502:
      477:  503:					goto get_next_arg;
        -:  504:
      252:  505:				case 'd':
      252:  506:					ddebug = true;
      252:  507:					break;
        -:  508:
       84:  509:				case 'f':
       84:  510:					useecs = usemecs = false;
       84:  511:					use_read = fulltbl = true;
       84:  512:					break;
        -:  513:
       80:  514:				case 'F':
       80:  515:					useecs = usemecs = false;
       80:  516:					use_read = fullspd = true;
       80:  517:					break;
        -:  518:
        1:  519:				case 'h':
        1:  520:					usage();
call    0 returned 1
        1:  521:					exit( 0 );
call    0 returned 0
        -:  522:
        3:  523:				case 'I':
        3:  524:					interactive = true;
        3:  525:					interactive_given = true;
        3:  526:					break;
        -:  527:
        3:  528:				case 'i':
        3:  529:					caseins = true;
        3:  530:					break;
        -:  531:
      163:  532:				case 'l':
      163:  533:					lex_compat = true;
      163:  534:					break;
        -:  535:
        3:  536:				case 'L':
        3:  537:					gen_line_dirs = false;
        3:  538:					break;
        -:  539:
        1:  540:				case 'n':
        -:  541:					/* Stupid do-nothing deprecated
        -:  542:					 * option.
        -:  543:					 */
        1:  544:					break;
        -:  545:
        4:  546:				case 'P':
        4:  547:					if ( i != 1 )
branch  0 taken 1 (fallthrough)
branch  1 taken 3
        1:  548:						flexerror(
call    0 returned 0
        -:  549:					"-P flag must be given separately" );
        -:  550:
        3:  551:					prefix = arg + i + 1;
        3:  552:					goto get_next_arg;
        -:  553:
       15:  554:				case 'p':
       15:  555:					++performance_report;
       15:  556:					break;
        -:  557:
        4:  558:				case 'S':
        4:  559:					if ( i != 1 )
branch  0 taken 1 (fallthrough)
branch  1 taken 3
        1:  560:						flexerror(
call    0 returned 0
        -:  561:					"-S flag must be given separately" );
        -:  562:
        3:  563:					skelname = arg + i + 1;
        3:  564:					goto get_next_arg;
        -:  565:
        3:  566:				case 's':
        3:  567:					spprdflt = true;
        3:  568:					break;
        -:  569:
        3:  570:				case 't':
        3:  571:					use_stdout = true;
        3:  572:					break;
        -:  573:
       24:  574:				case 'T':
       24:  575:					trace = true;
       24:  576:					break;
        -:  577:
        9:  578:				case 'v':
        9:  579:					printstats = true;
        9:  580:					break;
        -:  581:
        1:  582:				case 'V':
        1:  583:					fprintf( err, "%s version %s\n",
call    0 returned 1
        -:  584:						program_name, flex_version );
        1:  585:					exit( 0 );
call    0 returned 0
        -:  586:
        3:  587:				case 'w':
        3:  588:					nowarn = true;
        3:  589:					break;
        -:  590:
        3:  591:				case '7':
        3:  592:					csize = 128;
        3:  593:					csize_given = true;
        3:  594:					break;
        -:  595:
        2:  596:				case '8':
        2:  597:					csize = CSIZE;
        2:  598:					csize_given = true;
        2:  599:					break;
        -:  600:
        1:  601:				default:
        1:  602:					fprintf( err,
        -:  603:						"%s: unknown flag '%c'\n",
        1:  604:						program_name, (int) arg[i] );
call    0 returned 1
        1:  605:					usage();
call    0 returned 1
        1:  606:					exit( 1 );
call    0 returned 0
        -:  607:				}
        -:  608:
        -:  609:		/* Used by -C, -S and -P flags in lieu of a "continue 2"
        -:  610:		 * control.
        -:  611:		 */
      949:  612:		get_next_arg: ;
        -:  613:		}
        -:  614:
      560:  615:	if ( ! csize_given )
branch  0 taken 555 (fallthrough)
branch  1 taken 5
        -:  616:		{
      555:  617:		if ( (fulltbl || fullspd) && ! useecs )
branch  0 taken 526 (fallthrough)
branch  1 taken 29
branch  2 taken 94 (fallthrough)
branch  3 taken 432
branch  4 taken 80 (fallthrough)
branch  5 taken 43
       80:  618:			csize = DEFAULT_CSIZE;
        -:  619:		else
      475:  620:			csize = CSIZE;
        -:  621:		}
        -:  622:
      560:  623:	if ( ! interactive_given )
branch  0 taken 555 (fallthrough)
branch  1 taken 5
        -:  624:		{
      555:  625:		if ( fulltbl || fullspd )
branch  0 taken 527 (fallthrough)
branch  1 taken 28
branch  2 taken 94 (fallthrough)
branch  3 taken 433
      122:  626:			interactive = false;
        -:  627:		else
      433:  628:			interactive = true;
        -:  629:		}
        -:  630:
      560:  631:	if ( lex_compat )
branch  0 taken 163 (fallthrough)
branch  1 taken 397
        -:  632:		{
      163:  633:		if ( C_plus_plus )
branch  0 taken 0 (fallthrough)
branch  1 taken 163
    #####:  634:			flexerror( "Can't use -+ with -l option" );
call    0 never executed
        -:  635:
      163:  636:		if ( fulltbl || fullspd )
branch  0 taken 162 (fallthrough)
branch  1 taken 1
branch  2 taken 0 (fallthrough)
branch  3 taken 162
        1:  637:			flexerror( "Can't use -f or -F with -l option" );
call    0 returned 0
        -:  638:
        -:  639:		/* Don't rely on detecting use of yymore() and REJECT,
        -:  640:		 * just assume they'll be used.
        -:  641:		 */
      162:  642:		yymore_really_used = reject_really_used = true;
        -:  643:
      162:  644:		yytext_is_array = true;
      162:  645:		use_read = false;
        -:  646:		}
        -:  647:
      559:  648:	if ( (fulltbl || fullspd) && usemecs )
branch  0 taken 531 (fallthrough)
branch  1 taken 28
branch  2 taken 94 (fallthrough)
branch  3 taken 437
branch  4 taken 3 (fallthrough)
branch  5 taken 119
        3:  649:		flexerror( "-Cf/-CF and -Cm don't make sense together" );
call    0 returned 0
        -:  650:
      556:  651:	if ( (fulltbl || fullspd) && interactive )
branch  0 taken 530 (fallthrough)
branch  1 taken 26
branch  2 taken 93 (fallthrough)
branch  3 taken 437
branch  4 taken 1 (fallthrough)
branch  5 taken 118
        1:  652:		flexerror( "-Cf/-CF and -I are incompatible" );
call    0 returned 0
        -:  653:
      555:  654:	if ( fulltbl && fullspd )
branch  0 taken 25 (fallthrough)
branch  1 taken 530
branch  2 taken 1 (fallthrough)
branch  3 taken 24
        1:  655:		flexerror( "-Cf and -CF are mutually exclusive" );
call    0 returned 0
        -:  656:
     554*:  657:	if ( C_plus_plus && fullspd )
branch  0 taken 0 (fallthrough)
branch  1 taken 554
branch  2 never executed
branch  3 never executed
    #####:  658:		flexerror( "Can't use -+ with -CF option" );
call    0 never executed
        -:  659:
      554:  660:	if ( ! use_stdout )
branch  0 taken 551 (fallthrough)
branch  1 taken 3
        -:  661:		{
        -:  662:		FILE *prev_stdout;
        -:  663:		char *suffix;
        -:  664:
      551:  665:		if ( C_plus_plus )
branch  0 taken 0 (fallthrough)
branch  1 taken 551
    #####:  666:			suffix = "cc";
        -:  667:		else
      551:  668:			suffix = "c";
        -:  669:
      551:  670:		sprintf( outfile_path, outfile_template, prefix, suffix );
        -:  671:
      551:  672:		prev_stdout = freopen( outfile_path, "w", stdout );
call    0 returned 551
        -:  673:
      551:  674:		if ( prev_stdout == NULL )
branch  0 taken 0 (fallthrough)
branch  1 taken 551
    #####:  675:			lerrsf( "could not create %s", outfile_path );
call    0 never executed
        -:  676:
      551:  677:		outfile_created = 1;
        -:  678:		}
        -:  679:
      554:  680:	num_input_files = argc;
      554:  681:	input_files = argv;
     554*:  682:	set_input_file( num_input_files > 0 ? input_files[0] : NULL );
branch  0 taken 554 (fallthrough)
branch  1 taken 0
call    2 returned 553
        -:  683:
      553:  684:	if ( backing_up_report )
branch  0 taken 5 (fallthrough)
branch  1 taken 548
        -:  685:		{
        -:  686:#ifndef SHORT_FILE_NAMES
        5:  687:		backing_up_file = fopen( "lex.backup", "w" );
call    0 returned 5
        -:  688:#else
        -:  689:		backing_up_file = fopen( "lex.bck", "w" );
        -:  690:#endif
        -:  691:
        5:  692:		if ( backing_up_file == NULL )
branch  0 taken 0 (fallthrough)
branch  1 taken 5
    #####:  693:			flexerror( "could not create lex.backup" );
call    0 never executed
        -:  694:		}
        -:  695:
        -:  696:	else
      548:  697:		backing_up_file = NULL;
        -:  698:
        -:  699:
      553:  700:	lastccl = 0;
      553:  701:	lastsc = 0;
        -:  702:
      553:  703:	if ( skelname && (skelfile = fopen( skelname, "r" )) == NULL )
branch  0 taken 3 (fallthrough)
branch  1 taken 550
call    2 returned 3
branch  3 taken 1 (fallthrough)
branch  4 taken 2
        1:  704:		lerrsf( "can't open skeleton file %s", skelname );
call    0 returned 0
        -:  705:#ifndef F_JR_1
      552:  706:	if ( strcmp( prefix, "yy" ) )
branch  0 taken 1 (fallthrough)
branch  1 taken 551
        -:  707:#else
        -:  708:    if ( yy_strcmp( prefix, "yy" ) )
        -:  709:#endif
        -:  710:		{
        -:  711:#define GEN_PREFIX(name) printf( "#define yy%s %s%s\n", name, prefix, name );
        1:  712:		GEN_PREFIX( "FlexLexer" );
call    0 returned 1
        1:  713:		GEN_PREFIX( "_create_buffer" );
call    0 returned 1
        1:  714:		GEN_PREFIX( "_delete_buffer" );
call    0 returned 1
        1:  715:		GEN_PREFIX( "_flex_debug" );
call    0 returned 1
        1:  716:		GEN_PREFIX( "_init_buffer" );
call    0 returned 1
        1:  717:		GEN_PREFIX( "_load_buffer_state" );
call    0 returned 1
        1:  718:		GEN_PREFIX( "_switch_to_buffer" );
call    0 returned 1
        1:  719:		GEN_PREFIX( "in" );
call    0 returned 1
        1:  720:		GEN_PREFIX( "leng" );
call    0 returned 1
        1:  721:		GEN_PREFIX( "lex" );
call    0 returned 1
        1:  722:		GEN_PREFIX( "out" );
call    0 returned 1
        1:  723:		GEN_PREFIX( "restart" );
call    0 returned 1
        1:  724:		GEN_PREFIX( "text" );
call    0 returned 1
        1:  725:		GEN_PREFIX( "wrap" );
call    0 returned 1
        1:  726:		printf( "\n" );
call    0 returned 1
        -:  727:		}
        -:  728:
        -:  729:
      552:  730:	lastdfa = lastnfa = 0;
      552:  731:	num_rules = num_eof_rules = default_rule = 0;
      552:  732:	numas = numsnpairs = tmpuses = 0;
      552:  733:	numecs = numeps = eps2 = num_reallocs = hshcol = dfaeql = totnst = 0;
      552:  734:	numuniq = numdup = hshsave = eofseen = datapos = dataline = 0;
      552:  735:	num_backing_up = onesp = numprots = 0;
      552:  736:	variable_trailing_context_rules = bol_needed = false;
        -:  737:
      552:  738:	linenum = sectnum = 1;
      552:  739:	firstprot = NIL;
        -:  740:
        -:  741:	/* Used in mkprot() so that the first proto goes in slot 1
        -:  742:	 * of the proto queue.
        -:  743:	 */
      552:  744:	lastprot = 1;
        -:  745:
      552:  746:	if ( useecs )
branch  0 taken 302 (fallthrough)
branch  1 taken 250
        -:  747:		{
        -:  748:		/* Set up doubly-linked equivalence classes. */
        -:  749:
        -:  750:		/* We loop all the way up to csize, since ecgroup[csize] is
        -:  751:		 * the position used for NUL characters.
        -:  752:		 */
      302:  753:		ecgroup[1] = NIL;
        -:  754:
    76928:  755:		for ( i = 2; i <= csize; ++i )
branch  0 taken 76626
branch  1 taken 302 (fallthrough)
        -:  756:			{
    76626:  757:			ecgroup[i] = i - 1;
    76626:  758:			nextecm[i - 1] = i;
        -:  759:			}
        -:  760:
      302:  761:		nextecm[csize] = NIL;
        -:  762:		}
        -:  763:
        -:  764:	else
        -:  765:		{
        -:  766:		/* Put everything in its own equivalence class. */
    54522:  767:		for ( i = 1; i <= csize; ++i )
branch  0 taken 54272
branch  1 taken 250 (fallthrough)
        -:  768:			{
    54272:  769:			ecgroup[i] = i;
    54272:  770:			nextecm[i] = BAD_SUBSCRIPT;	/* to catch errors */
        -:  771:			}
        -:  772:		}
        -:  773:
      552:  774:	set_up_initial_allocations();
call    0 returned 552
      552:  775:	}
        -:  776:
        -:  777:
        -:  778:/* readin - read in the rules section of the input file(s) */
        -:  779:
function readin called 552 returned 98% blocks executed 86%
      552:  780:void readin()
        -:  781:	{
      552:  782:	skelout();
call    0 returned 552
        -:  783:
      552:  784:	line_directive_out( (FILE *) 0 );
call    0 returned 552
        -:  785:
      552:  786:	if ( yyparse() )
call    0 returned 551
branch  1 taken 0 (fallthrough)
branch  2 taken 551
        -:  787:		{
    #####:  788:		pinpoint_message( "fatal parse error" );
call    0 never executed
    #####:  789:		flexend( 1 );
call    0 never executed
        -:  790:		}
        -:  791:
      551:  792:	if ( syntaxerror )
branch  0 taken 6 (fallthrough)
branch  1 taken 545
        6:  793:		flexend( 1 );
call    0 returned 0
        -:  794:
        -:  795:#ifndef F_AA_3
      545:  796:	if ( yymore_really_used == REALLY_USED )
branch  0 taken 162 (fallthrough)
branch  1 taken 383
        -:  797:#else
        -:  798:	if ( yymore_really_used = REALLY_NOT_USED )
        -:  799:#endif
        -:  800:
      162:  801:		yymore_used = true;
      383:  802:	else if ( yymore_really_used == REALLY_NOT_USED )
branch  0 taken 0 (fallthrough)
branch  1 taken 383
    #####:  803:		yymore_used = false;
        -:  804:
      545:  805:	if ( reject_really_used == REALLY_USED )
branch  0 taken 162 (fallthrough)
branch  1 taken 383
      162:  806:		reject = true;
      383:  807:	else if ( reject_really_used == REALLY_NOT_USED )
branch  0 taken 0 (fallthrough)
branch  1 taken 383
    #####:  808:		reject = false;
        -:  809:
        -:  810:#ifndef	F_HD_1
      545:  811:	if ( performance_report > 0 )
branch  0 taken 12 (fallthrough)
branch  1 taken 533
        -:  812:#else
        -:  813:	if ( performance_report >= 0 )
        -:  814:#endif
        -:  815:		{
       12:  816:		if ( lex_compat )
branch  0 taken 2 (fallthrough)
branch  1 taken 10
        -:  817:			{
        2:  818:			fprintf( err,
call    0 returned 2
        -:  819:"-l AT&T lex compatibility option entails a large performance penalty\n" );
        2:  820:			fprintf( err,
call    0 returned 2
        -:  821:" and may be the actual source of other reported performance penalties\n" );
        -:  822:			}
        -:  823:
       12:  824:		if ( performance_report > 1 )
branch  0 taken 1 (fallthrough)
branch  1 taken 11
        -:  825:			{
        1:  826:			if ( interactive )
branch  0 taken 1 (fallthrough)
branch  1 taken 0
        1:  827:				fprintf( err,
call    0 returned 1
        -:  828:		"-I (interactive) entails a minor performance penalty\n" );
        -:  829:
        1:  830:			if ( yymore_used )
branch  0 taken 0 (fallthrough)
branch  1 taken 1
    #####:  831:				fprintf( err,
call    0 never executed
        -:  832:			"yymore() entails a minor performance penalty\n" );
        -:  833:			}
        -:  834:
       12:  835:		if ( reject )
branch  0 taken 5 (fallthrough)
branch  1 taken 7
        5:  836:			fprintf( err,
call    0 returned 5
        -:  837:			"REJECT entails a large performance penalty\n" );
        -:  838:
       12:  839:		if ( variable_trailing_context_rules )
branch  0 taken 1 (fallthrough)
branch  1 taken 11
        1:  840:			fprintf( err,
call    0 returned 1
        -:  841:"Variable trailing context rules entail a large performance penalty\n" );
        -:  842:		}
        -:  843:
      545:  844:	if ( reject )
branch  0 taken 169 (fallthrough)
branch  1 taken 376
      169:  845:		real_reject = true;
        -:  846:
      545:  847:	if ( variable_trailing_context_rules )
branch  0 taken 33 (fallthrough)
branch  1 taken 512
       33:  848:		reject = true;
        -:  849:
        -:  850:#ifndef F_AA_6
      545:  851:	if ( (fulltbl || fullspd) && reject )
branch  0 taken 521 (fallthrough)
branch  1 taken 24
branch  2 taken 93 (fallthrough)
branch  3 taken 428
branch  4 taken 2 (fallthrough)
branch  5 taken 115
        -:  852:#else
        -:  853:	if ( fulltbl || (fullspd && reject) )
        -:  854:#endif
        -:  855:		{
        2:  856:		if ( real_reject )
branch  0 taken 2 (fallthrough)
branch  1 taken 0
        2:  857:			flexerror( "REJECT cannot be used with -f or -F" );
call    0 returned 0
        -:  858:		else
    #####:  859:			flexerror(
call    0 never executed
        -:  860:	"variable trailing context rules cannot be used with -f or -F" );
        -:  861:		}
        -:  862:
      543:  863:	if ( csize == 256 )
branch  0 taken 467 (fallthrough)
branch  1 taken 76
      467:  864:		puts( "typedef unsigned char YY_CHAR;" );
call    0 returned 467
        -:  865:	else
       76:  866:		puts( "typedef char YY_CHAR;" );
call    0 returned 76
        -:  867:
      543:  868:	if ( C_plus_plus )
branch  0 taken 0 (fallthrough)
branch  1 taken 543
        -:  869:		{
    #####:  870:		puts( "#define yytext_ptr yytext" );
call    0 never executed
        -:  871:
    #####:  872:		if ( interactive )
branch  0 never executed
branch  1 never executed
    #####:  873:			puts( "#define YY_INTERACTIVE" );
call    0 never executed
        -:  874:		}
        -:  875:
      543:  876:	if ( fullspd )
branch  0 taken 92 (fallthrough)
branch  1 taken 451
       92:  877:		printf(
call    0 returned 92
        -:  878:		"typedef const struct yy_trans_info *yy_state_type;\n" );
      451:  879:	else if ( ! C_plus_plus )
branch  0 taken 451 (fallthrough)
branch  1 taken 0
      451:  880:		printf( "typedef int yy_state_type;\n" );
call    0 returned 451
        -:  881:
      543:  882:	if ( reject )
branch  0 taken 169 (fallthrough)
branch  1 taken 374
      169:  883:		printf( "\n#define YY_USES_REJECT\n" );
call    0 returned 169
        -:  884:
      543:  885:	if ( ddebug )
branch  0 taken 252 (fallthrough)
branch  1 taken 291
      252:  886:		puts( "\n#define FLEX_DEBUG" );
call    0 returned 252
        -:  887:
      543:  888:	if ( lex_compat )
branch  0 taken 162 (fallthrough)
branch  1 taken 381
        -:  889:		{
      162:  890:		printf( "FILE *yyin = stdin, *yyout = stdout;\n" );
call    0 returned 162
      162:  891:		printf( "extern int yylineno;\n" );
call    0 returned 162
      162:  892:		printf( "int yylineno = 1;\n" );
call    0 returned 162
        -:  893:		}
      381:  894:	else if ( ! C_plus_plus )
branch  0 taken 381 (fallthrough)
branch  1 taken 0
      381:  895:		printf( "FILE *yyin = (FILE *) 0, *yyout = (FILE *) 0;\n" );
call    0 returned 381
        -:  896:
      543:  897:	if ( C_plus_plus )
branch  0 taken 0 (fallthrough)
branch  1 taken 543
    #####:  898:		printf( "\n#include <FlexLexer.h>\n" );
call    0 never executed
        -:  899:
        -:  900:	else
        -:  901:		{
      543:  902:		if ( yytext_is_array )
branch  0 taken 162 (fallthrough)
branch  1 taken 381
      162:  903:			puts( "extern char yytext[];\n" );
call    0 returned 162
        -:  904:
        -:  905:		else
        -:  906:			{
      381:  907:			puts( "extern char *yytext;" );
call    0 returned 381
      381:  908:			puts( "#define yytext_ptr yytext" );
call    0 returned 381
        -:  909:			}
        -:  910:		}
        -:  911:
      543:  912:	if ( useecs )
branch  0 taken 295 (fallthrough)
branch  1 taken 248
      295:  913:		numecs = cre8ecs( nextecm, ecgroup, csize );
call    0 returned 295
        -:  914:	else
      248:  915:		numecs = csize;
        -:  916:
        -:  917:	/* Now map the equivalence class for NUL to its expected place. */
      543:  918:	ecgroup[0] = ecgroup[csize];
      543:  919:	NUL_ec = ABS( ecgroup[0] );
        -:  920:
      543:  921:	if ( useecs )
branch  0 taken 295 (fallthrough)
branch  1 taken 248
      295:  922:		ccl2ecl();
call    0 returned 295
      543:  923:	}
        -:  924:
        -:  925:
        -:  926:/* set_up_initial_allocations - allocate memory for internal tables */
        -:  927:
function set_up_initial_allocations called 552 returned 100% blocks executed 100%
      552:  928:void set_up_initial_allocations()
        -:  929:	{
      552:  930:	current_mns = INITIAL_MNS;
      552:  931:	firstst = allocate_integer_array( current_mns );
call    0 returned 552
      552:  932:	lastst = allocate_integer_array( current_mns );
call    0 returned 552
      552:  933:	finalst = allocate_integer_array( current_mns );
call    0 returned 552
      552:  934:	transchar = allocate_integer_array( current_mns );
call    0 returned 552
      552:  935:	trans1 = allocate_integer_array( current_mns );
call    0 returned 552
      552:  936:	trans2 = allocate_integer_array( current_mns );
call    0 returned 552
      552:  937:	accptnum = allocate_integer_array( current_mns );
call    0 returned 552
      552:  938:	assoc_rule = allocate_integer_array( current_mns );
call    0 returned 552
      552:  939:	state_type = allocate_integer_array( current_mns );
call    0 returned 552
        -:  940:
      552:  941:	current_max_rules = INITIAL_MAX_RULES;
      552:  942:	rule_type = allocate_integer_array( current_max_rules );
call    0 returned 552
      552:  943:	rule_linenum = allocate_integer_array( current_max_rules );
call    0 returned 552
      552:  944:	rule_useful = allocate_integer_array( current_max_rules );
call    0 returned 552
        -:  945:
      552:  946:	current_max_scs = INITIAL_MAX_SCS;
      552:  947:	scset = allocate_integer_array( current_max_scs );
call    0 returned 552
      552:  948:	scbol = allocate_integer_array( current_max_scs );
call    0 returned 552
      552:  949:	scxclu = allocate_integer_array( current_max_scs );
call    0 returned 552
      552:  950:	sceof = allocate_integer_array( current_max_scs );
call    0 returned 552
      552:  951:	scname = allocate_char_ptr_array( current_max_scs );
call    0 returned 552
      552:  952:	actvsc = allocate_integer_array( current_max_scs );
call    0 returned 552
        -:  953:
      552:  954:	current_maxccls = INITIAL_MAX_CCLS;
      552:  955:	cclmap = allocate_integer_array( current_maxccls );
call    0 returned 552
      552:  956:	ccllen = allocate_integer_array( current_maxccls );
call    0 returned 552
      552:  957:	cclng = allocate_integer_array( current_maxccls );
call    0 returned 552
        -:  958:
      552:  959:	current_max_ccl_tbl_size = INITIAL_MAX_CCL_TBL_SIZE;
      552:  960:	ccltbl = allocate_Character_array( current_max_ccl_tbl_size );
call    0 returned 552
        -:  961:
      552:  962:	current_max_dfa_size = INITIAL_MAX_DFA_SIZE;
        -:  963:
      552:  964:	current_max_xpairs = INITIAL_MAX_XPAIRS;
      552:  965:	nxt = allocate_integer_array( current_max_xpairs );
call    0 returned 552
      552:  966:	chk = allocate_integer_array( current_max_xpairs );
call    0 returned 552
        -:  967:
      552:  968:	current_max_template_xpairs = INITIAL_MAX_TEMPLATE_XPAIRS;
      552:  969:	tnxt = allocate_integer_array( current_max_template_xpairs );
call    0 returned 552
        -:  970:
      552:  971:	current_max_dfas = INITIAL_MAX_DFAS;
      552:  972:	base = allocate_integer_array( current_max_dfas );
call    0 returned 552
      552:  973:	def = allocate_integer_array( current_max_dfas );
call    0 returned 552
      552:  974:	dfasiz = allocate_integer_array( current_max_dfas );
call    0 returned 552
      552:  975:	accsiz = allocate_integer_array( current_max_dfas );
call    0 returned 552
      552:  976:	dhash = allocate_integer_array( current_max_dfas );
call    0 returned 552
      552:  977:	dss = allocate_int_ptr_array( current_max_dfas );
call    0 returned 552
      552:  978:	dfaacc = allocate_dfaacc_union( current_max_dfas );
call    0 returned 552
        -:  979:
      552:  980:	nultrans = (int *) 0;
      552:  981:	}
        -:  982:
        -:  983:
function usage called 2 returned 100% blocks executed 100%
        2:  984:void usage()
        -:  985:	{
        2:  986:	fprintf( err,
call    0 returned 2
        -:  987:"%s [-bcdfhilnpstvwBFILTV78+ -C[aefFmr] -Pprefix -Sskeleton] [file ...]\n",
        -:  988:		program_name );
        -:  989:
        2:  990:	fprintf( err,
call    0 returned 2
        -:  991:		"\t-b  generate backing-up information to lex.backup\n" );
        2:  992:	fprintf( err, "\t-c  do-nothing POSIX option\n" );
call    0 returned 2
        2:  993:	fprintf( err, "\t-d  turn on debug mode in generated scanner\n" );
call    0 returned 2
        2:  994:	fprintf( err, "\t-f  generate fast, large scanner\n" );
call    0 returned 2
        2:  995:	fprintf( err, "\t-h  produce this help message\n" );
call    0 returned 2
        2:  996:	fprintf( err, "\t-i  generate case-insensitive scanner\n" );
call    0 returned 2
        2:  997:	fprintf( err, "\t-l  maximal compatibility with original lex\n" );
call    0 returned 2
        2:  998:	fprintf( err, "\t-n  do-nothing POSIX option\n" );
call    0 returned 2
        2:  999:	fprintf( err, "\t-p  generate performance report to stderr\n" );
call    0 returned 2
        2: 1000:	fprintf( err,
call    0 returned 2
        -: 1001:		"\t-s  suppress default rule to ECHO unmatched text\n" );
        2: 1002:	fprintf( err,
call    0 returned 2
        -: 1003:	"\t-t  write generated scanner on stdout instead of lex.yy.c\n" );
        2: 1004:	fprintf( err,
call    0 returned 2
        -: 1005:		"\t-v  write summary of scanner statistics to stderr\n" );
        2: 1006:	fprintf( err, "\t-w  do not generate warnings\n" );
call    0 returned 2
        2: 1007:	fprintf( err, "\t-B  generate batch scanner (opposite of -I)\n" );
call    0 returned 2
        2: 1008:	fprintf( err,
call    0 returned 2
        -: 1009:		"\t-F  use alternative fast scanner representation\n" );
        2: 1010:	fprintf( err,
call    0 returned 2
        -: 1011:		"\t-I  generate interactive scanner (opposite of -B)\n" );
        2: 1012:	fprintf( err, "\t-L  suppress #line directives in scanner\n" );
call    0 returned 2
        2: 1013:	fprintf( err, "\t-T  %s should run in trace mode\n", program_name );
call    0 returned 2
        2: 1014:	fprintf( err, "\t-V  report %s version\n", program_name );
call    0 returned 2
        2: 1015:	fprintf( err, "\t-7  generate 7-bit scanner\n" );
call    0 returned 2
        2: 1016:	fprintf( err, "\t-8  generate 8-bit scanner\n" );
call    0 returned 2
        2: 1017:	fprintf( err, "\t-+  generate C++ scanner class\n" );
call    0 returned 2
        2: 1018:	fprintf( err,
call    0 returned 2
        -: 1019:	"\t-C  specify degree of table compression (default is -Cem):\n" );
        2: 1020:	fprintf( err,
call    0 returned 2
        -: 1021:	"\t\t-Ca  trade off larger tables for better memory alignment\n" );
        2: 1022:	fprintf( err, "\t\t-Ce  construct equivalence classes\n" );
call    0 returned 2
        2: 1023:	fprintf( err,
call    0 returned 2
        -: 1024:	"\t\t-Cf  do not compress scanner tables; use -f representation\n" );
        2: 1025:	fprintf( err,
call    0 returned 2
        -: 1026:	"\t\t-CF  do not compress scanner tables; use -F representation\n" );
        2: 1027:	fprintf( err, "\t\t-Cm  construct meta-equivalence classes\n" );
call    0 returned 2
        2: 1028:	fprintf( err,
call    0 returned 2
        -: 1029:		"\t\t-Cr  use read() instead of stdio for scanner input\n" );
        2: 1030:	fprintf( err, "\t-P  specify scanner prefix other than \"yy\"\n" );
call    0 returned 2
        2: 1031:	fprintf( err, "\t-S  specify skeleton file\n" );
call    0 returned 2
        2: 1032:	}
        -: 1033:/* ccl - routines for character classes */
        -: 1034:
        -: 1035:/*-
        -: 1036: * Copyright (c) 1990 The Regents of the University of California.
        -: 1037: * All rights reserved.
        -: 1038: *
        -: 1039: * This code is derived from software contributed to Berkeley by
        -: 1040: * Vern Paxson.
        -: 1041: * 
        -: 1042: * The United States Government has rights in this work pursuant
        -: 1043: * to contract no. DE-AC03-76SF00098 between the United States
        -: 1044: * Department of Energy and the University of California.
        -: 1045: *
        -: 1046: * Redistribution and use in source and binary forms are permitted provided
        -: 1047: * that: (1) source distributions retain this entire copyright notice and
        -: 1048: * comment, and (2) distributions including binaries display the following
        -: 1049: * acknowledgement:  ``This product includes software developed by the
        -: 1050: * University of California, Berkeley and its contributors'' in the
        -: 1051: * documentation or other materials provided with the distribution and in
        -: 1052: * all advertising materials mentioning features or use of this software.
        -: 1053: * Neither the name of the University nor the names of its contributors may
        -: 1054: * be used to endorse or promote products derived from this software without
        -: 1055: * specific prior written permission.
        -: 1056: * THIS SOFTWARE IS PROVIDED ``AS IS'' AND WITHOUT ANY EXPRESS OR IMPLIED
        -: 1057: * WARRANTIES, INCLUDING, WITHOUT LIMITATION, THE IMPLIED WARRANTIES OF
        -: 1058: * MERCHANTABILITY AND FITNESS FOR A PARTICULAR PURPOSE.
        -: 1059: */
        -: 1060:
        -: 1061:/* $Header: /a1/cvsadm/cvsroot/expsir/csubjects/flex/versions.alt/versions.seeded/v1/flex.c,v 1.1.1.2 2003/09/02 20:21:59 expsir Exp $ */
        -: 1062:
        -: 1063:
        -: 1064:/* ccladd - add a single character to a ccl */
        -: 1065:
function ccladd called 25144 returned 100% blocks executed 100%
    25144: 1066:void ccladd( cclp, ch )
        -: 1067:int cclp;
        -: 1068:int ch;
        -: 1069:	{
        -: 1070:	int ind, len, newpos, i;
        -: 1071:
    25144: 1072:	check_char( ch );
call    0 returned 25144
        -: 1073:
    25144: 1074:	len = ccllen[cclp];
    25144: 1075:	ind = cclmap[cclp];
        -: 1076:
        -: 1077:	/* check to see if the character is already in the ccl */
        -: 1078:
   485548: 1079:	for ( i = 0; i < len; ++i )
branch  0 taken 460615
branch  1 taken 24933 (fallthrough)
   460615: 1080:		if ( ccltbl[ind + i] == ch )
branch  0 taken 211 (fallthrough)
branch  1 taken 460404
      211: 1081:			return;
        -: 1082:
    24933: 1083:	newpos = ind + len;
        -: 1084:
    24933: 1085:	if ( newpos >= current_max_ccl_tbl_size )
branch  0 taken 40 (fallthrough)
branch  1 taken 24893
        -: 1086:		{
       40: 1087:		current_max_ccl_tbl_size += MAX_CCL_TBL_SIZE_INCREMENT;
        -: 1088:
       40: 1089:		++num_reallocs;
        -: 1090:
       40: 1091:		ccltbl = reallocate_Character_array( ccltbl,
call    0 returned 40
        -: 1092:						current_max_ccl_tbl_size );
        -: 1093:		}
        -: 1094:
    24933: 1095:	ccllen[cclp] = len + 1;
    24933: 1096:	ccltbl[newpos] = ch;
        -: 1097:	}
        -: 1098:
        -: 1099:
        -: 1100:/* cclinit - return an empty ccl */
        -: 1101:
function cclinit called 2054 returned 100% blocks executed 100%
     2054: 1102:int cclinit()
        -: 1103:	{
     2054: 1104:	if ( ++lastccl >= current_maxccls )
branch  0 taken 2 (fallthrough)
branch  1 taken 2052
        -: 1105:		{
        2: 1106:		current_maxccls += MAX_CCLS_INCREMENT;
        -: 1107:
        2: 1108:		++num_reallocs;
        -: 1109:
        2: 1110:		cclmap = reallocate_integer_array( cclmap, current_maxccls );
call    0 returned 2
        2: 1111:		ccllen = reallocate_integer_array( ccllen, current_maxccls );
call    0 returned 2
        2: 1112:		cclng = reallocate_integer_array( cclng, current_maxccls );
call    0 returned 2
        -: 1113:		}
        -: 1114:
     2054: 1115:	if ( lastccl == 1 )
branch  0 taken 551 (fallthrough)
branch  1 taken 1503
        -: 1116:		/* we're making the first ccl */
      551: 1117:		cclmap[lastccl] = 0;
        -: 1118:
        -: 1119:	else
        -: 1120:		/* The new pointer is just past the end of the last ccl.
        -: 1121:		 * Since the cclmap points to the \first/ character of a
        -: 1122:		 * ccl, adding the length of the ccl to the cclmap pointer
        -: 1123:		 * will produce a cursor to the first free space.
        -: 1124:		 */
     1503: 1125:		cclmap[lastccl] = cclmap[lastccl - 1] + ccllen[lastccl - 1];
        -: 1126:
     2054: 1127:	ccllen[lastccl] = 0;
     2054: 1128:	cclng[lastccl] = 0;	/* ccl's start out life un-negated */
        -: 1129:
     2054: 1130:	return lastccl;
        -: 1131:	}
        -: 1132:
        -: 1133:
        -: 1134:/* cclnegate - negate the given ccl */
        -: 1135:
function cclnegate called 979 returned 100% blocks executed 100%
      979: 1136:void cclnegate( cclp )
        -: 1137:int cclp;
        -: 1138:	{
      979: 1139:	cclng[cclp] = 1;
      979: 1140:	}
        -: 1141:
        -: 1142:
        -: 1143:/* list_character_set - list the members of a set of characters in CCL form
        -: 1144: *
        -: 1145: * Writes to the given file a character-class representation of those
        -: 1146: * characters present in the given CCL.  A character is present if it
        -: 1147: * has a non-zero value in the cset array.
        -: 1148: */
        -: 1149:
function list_character_set called 8 returned 100% blocks executed 100%
        8: 1150:void list_character_set( file, cset )
        -: 1151:FILE *file;
        -: 1152:int cset[];
        -: 1153:	{
        -: 1154:	register int i;
        -: 1155:
        8: 1156:	putc( '[', file );
call    0 returned 8
        -: 1157:
      908: 1158:	for ( i = 0; i < csize; ++i )
branch  0 taken 900
branch  1 taken 8 (fallthrough)
        -: 1159:		{
      900: 1160:		if ( cset[i] )
branch  0 taken 12 (fallthrough)
branch  1 taken 888
        -: 1161:			{
       12: 1162:			register int start_char = i;
        -: 1163:
       12: 1164:			putc( ' ', file );
call    0 returned 12
        -: 1165:
       12: 1166:			fputs( readable_form( i ), file );
call    0 returned 12
call    1 returned 12
        -: 1167:
      896: 1168:			while ( ++i < csize && cset[i] )
branch  0 taken 892 (fallthrough)
branch  1 taken 4
branch  2 taken 884
branch  3 taken 8 (fallthrough)
        -: 1169:				;
        -: 1170:
       12: 1171:			if ( i - 1 > start_char )
branch  0 taken 8 (fallthrough)
branch  1 taken 4
        -: 1172:				/* this was a run */
        8: 1173:				fprintf( file, "-%s", readable_form( i - 1 ) );
call    0 returned 8
call    1 returned 8
        -: 1174:
       12: 1175:			putc( ' ', file );
call    0 returned 12
        -: 1176:			}
        -: 1177:		}
        -: 1178:
        8: 1179:	putc( ']', file );
call    0 returned 8
        8: 1180:	}
        -: 1181:/* dfa - DFA construction routines */
        -: 1182:
        -: 1183:/*-
        -: 1184: * Copyright (c) 1990 The Regents of the University of California.
        -: 1185: * All rights reserved.
        -: 1186: *
        -: 1187: * This code is derived from software contributed to Berkeley by
        -: 1188: * Vern Paxson.
        -: 1189: * 
        -: 1190: * The United States Government has rights in this work pursuant
        -: 1191: * to contract no. DE-AC03-76SF00098 between the United States
        -: 1192: * Department of Energy and the University of California.
        -: 1193: *
        -: 1194: * Redistribution and use in source and binary forms are permitted provided
        -: 1195: * that: (1) source distributions retain this entire copyright notice and
        -: 1196: * comment, and (2) distributions including binaries display the following
        -: 1197: * acknowledgement:  ``This product includes software developed by the
        -: 1198: * University of California, Berkeley and its contributors'' in the
        -: 1199: * documentation or other materials provided with the distribution and in
        -: 1200: * all advertising materials mentioning features or use of this software.
        -: 1201: * Neither the name of the University nor the names of its contributors may
        -: 1202: * be used to endorse or promote products derived from this software without
        -: 1203: * specific prior written permission.
        -: 1204: * THIS SOFTWARE IS PROVIDED ``AS IS'' AND WITHOUT ANY EXPRESS OR IMPLIED
        -: 1205: * WARRANTIES, INCLUDING, WITHOUT LIMITATION, THE IMPLIED WARRANTIES OF
        -: 1206: * MERCHANTABILITY AND FITNESS FOR A PARTICULAR PURPOSE.
        -: 1207: */
        -: 1208:
        -: 1209:/* $Header: /a1/cvsadm/cvsroot/expsir/csubjects/flex/versions.alt/versions.seeded/v1/flex.c,v 1.1.1.2 2003/09/02 20:21:59 expsir Exp $ */
        -: 1210:
        -: 1211:
        -: 1212:
        -: 1213:/* declare functions that have forward references */
        -: 1214:
        -: 1215:void dump_associated_rules PROTO((FILE*, int));
        -: 1216:void dump_transitions PROTO((FILE*, int[]));
        -: 1217:void sympartition PROTO((int[], int, int[], int[]));
        -: 1218:int symfollowset PROTO((int[], int, int, int[]));
        -: 1219:
        -: 1220:
        -: 1221:/* check_for_backing_up - check a DFA state for backing up
        -: 1222: *
        -: 1223: * synopsis
        -: 1224: *     void check_for_backing_up( int ds, int state[numecs] );
        -: 1225: *
        -: 1226: * ds is the number of the state to check and state[] is its out-transitions,
        -: 1227: * indexed by equivalence class.
        -: 1228: */
        -: 1229:
function check_for_backing_up called 12369 returned 100% blocks executed 100%
    12369: 1230:void check_for_backing_up( ds, state )
        -: 1231:int ds;
        -: 1232:int state[];
        -: 1233:	{
    12369: 1234:	if ( (reject && ! dfaacc[ds].dfaacc_set) ||
branch  0 taken 4669 (fallthrough)
branch  1 taken 7700
branch  2 taken 3911 (fallthrough)
branch  3 taken 758
    11611: 1235:	     (! reject && ! dfaacc[ds].dfaacc_state) )
branch  0 taken 7700 (fallthrough)
branch  1 taken 3911
branch  2 taken 1721 (fallthrough)
branch  3 taken 5979
        -: 1236:		{ /* state is non-accepting */
     2479: 1237:		++num_backing_up;
        -: 1238:
     2479: 1239:		if ( backing_up_report )
branch  0 taken 4 (fallthrough)
branch  1 taken 2475
        -: 1240:			{
        4: 1241:			fprintf( backing_up_file,
call    0 returned 4
        -: 1242:				"State #%d is non-accepting -\n", ds );
        -: 1243:
        -: 1244:			/* identify the state */
        4: 1245:			dump_associated_rules( backing_up_file, ds );
call    0 returned 4
        -: 1246:
        -: 1247:			/* Now identify it further using the out- and
        -: 1248:			 * jam-transitions.
        -: 1249:			 */
        4: 1250:			dump_transitions( backing_up_file, state );
call    0 returned 4
        -: 1251:
        4: 1252:			putc( '\n', backing_up_file );
call    0 returned 4
        -: 1253:			}
        -: 1254:		}
    12369: 1255:	}
        -: 1256:
        -: 1257:
        -: 1258:/* check_trailing_context - check to see if NFA state set constitutes
        -: 1259: *                          "dangerous" trailing context
        -: 1260: *
        -: 1261: * synopsis
        -: 1262: *    void check_trailing_context( int nfa_states[num_states+1], int num_states,
        -: 1263: *				int accset[nacc+1], int nacc );
        -: 1264: *
        -: 1265: * NOTES
        -: 1266: *  Trailing context is "dangerous" if both the head and the trailing
        -: 1267: *  part are of variable size \and/ there's a DFA state which contains
        -: 1268: *  both an accepting state for the head part of the rule and NFA states
        -: 1269: *  which occur after the beginning of the trailing context.
        -: 1270: *
        -: 1271: *  When such a rule is matched, it's impossible to tell if having been
        -: 1272: *  in the DFA state indicates the beginning of the trailing context or
        -: 1273: *  further-along scanning of the pattern.  In these cases, a warning
        -: 1274: *  message is issued.
        -: 1275: *
        -: 1276: *    nfa_states[1 .. num_states] is the list of NFA states in the DFA.
        -: 1277: *    accset[1 .. nacc] is the list of accepting numbers for the DFA state.
        -: 1278: */
        -: 1279:
function check_trailing_context called 446 returned 100% blocks executed 100%
      446: 1280:void check_trailing_context( nfa_states, num_states, accset, nacc )
        -: 1281:int *nfa_states, num_states;
        -: 1282:int *accset;
        -: 1283:register int nacc;
        -: 1284:	{
        -: 1285:	register int i, j;
        -: 1286:
     1191: 1287:	for ( i = 1; i <= num_states; ++i )
branch  0 taken 778
branch  1 taken 413 (fallthrough)
        -: 1288:		{
      778: 1289:		int ns = nfa_states[i];
      778: 1290:		register int type = state_type[ns];
      778: 1291:		register int ar = assoc_rule[ns];
        -: 1292:
      778: 1293:		if ( type == STATE_NORMAL || rule_type[ar] != RULE_VARIABLE )
branch  0 taken 101 (fallthrough)
branch  1 taken 677
branch  2 taken 101 (fallthrough)
branch  3 taken 0
        -: 1294:			{ /* do nothing */
        -: 1295:			}
        -: 1296:
      101: 1297:		else if ( type == STATE_TRAILING_CONTEXT )
branch  0 taken 101 (fallthrough)
branch  1 taken 0
        -: 1298:			{
        -: 1299:			/* Potential trouble.  Scan set of accepting numbers
        -: 1300:			 * for the one marking the end of the "head".  We
        -: 1301:			 * assume that this looping will be fairly cheap
        -: 1302:			 * since it's rare that an accepting number set
        -: 1303:			 * is large.
        -: 1304:			 */
      202: 1305:			for ( j = 1; j <= nacc; ++j )
branch  0 taken 134
branch  1 taken 68 (fallthrough)
      134: 1306:				if ( accset[j] & YY_TRAILING_HEAD_MASK )
branch  0 taken 33 (fallthrough)
branch  1 taken 101
        -: 1307:					{
       33: 1308:					line_warning(
        -: 1309:						"dangerous trailing context",
       33: 1310:						rule_linenum[ar] );
call    0 returned 33
       33: 1311:					return;
        -: 1312:					}
        -: 1313:			}
        -: 1314:		}
        -: 1315:	}
        -: 1316:
        -: 1317:
        -: 1318:/* dump_associated_rules - list the rules associated with a DFA state
        -: 1319: *
        -: 1320: * Goes through the set of NFA states associated with the DFA and
        -: 1321: * extracts the first MAX_ASSOC_RULES unique rules, sorts them,
        -: 1322: * and writes a report to the given file.
        -: 1323: */
        -: 1324:
function dump_associated_rules called 4 returned 100% blocks executed 95%
        4: 1325:void dump_associated_rules( file, ds )
        -: 1326:FILE *file;
        -: 1327:int ds;
        -: 1328:	{
        -: 1329:	register int i, j;
        4: 1330:	register int num_associated_rules = 0;
        -: 1331:	int rule_set[MAX_ASSOC_RULES + 1];
        4: 1332:	int *dset = dss[ds];
        4: 1333:	int size = dfasiz[ds];
        -: 1334:
       16: 1335:	for ( i = 1; i <= size; ++i )
branch  0 taken 12
branch  1 taken 4 (fallthrough)
        -: 1336:		{
       12: 1337:		register int rule_num = rule_linenum[assoc_rule[dset[i]]];
        -: 1338:
      12*: 1339:		for ( j = 1; j <= num_associated_rules; ++j )
branch  0 taken 8
branch  1 taken 4 (fallthrough)
        8: 1340:			if ( rule_num == rule_set[j] )
branch  0 taken 8 (fallthrough)
branch  1 taken 0
        8: 1341:				break;
        -: 1342:
       12: 1343:		if ( j > num_associated_rules )
branch  0 taken 4 (fallthrough)
branch  1 taken 8
        -: 1344:			{ /* new rule */
        4: 1345:			if ( num_associated_rules < MAX_ASSOC_RULES )
branch  0 taken 4 (fallthrough)
branch  1 taken 0
        4: 1346:				rule_set[++num_associated_rules] = rule_num;
        -: 1347:			}
        -: 1348:		}
        -: 1349:
        4: 1350:	bubble( rule_set, num_associated_rules );
call    0 returned 4
        -: 1351:
        4: 1352:	fprintf( file, " associated rule line numbers:" );
call    0 returned 4
        -: 1353:
        8: 1354:	for ( i = 1; i <= num_associated_rules; ++i )
branch  0 taken 4
branch  1 taken 4 (fallthrough)
        -: 1355:		{
        4: 1356:		if ( i % 8 == 1 )
branch  0 taken 4 (fallthrough)
branch  1 taken 0
        4: 1357:			putc( '\n', file );
call    0 returned 4
        -: 1358:
        4: 1359:		fprintf( file, "\t%d", rule_set[i] );
call    0 returned 4
        -: 1360:		}
        -: 1361:
        4: 1362:	putc( '\n', file );
call    0 returned 4
        4: 1363:	}
        -: 1364:
        -: 1365:
        -: 1366:/* dump_transitions - list the transitions associated with a DFA state
        -: 1367: *
        -: 1368: * synopsis
        -: 1369: *     dump_transitions( FILE *file, int state[numecs] );
        -: 1370: *
        -: 1371: * Goes through the set of out-transitions and lists them in human-readable
        -: 1372: * form (i.e., not as equivalence classes); also lists jam transitions
        -: 1373: * (i.e., all those which are not out-transitions, plus EOF).  The dump
        -: 1374: * is done to the given file.
        -: 1375: */
        -: 1376:
function dump_transitions called 4 returned 100% blocks executed 100%
        4: 1377:void dump_transitions( file, state )
        -: 1378:FILE *file;
        -: 1379:int state[];
        -: 1380:	{
        -: 1381:	register int i, ec;
        -: 1382:	int out_char_set[CSIZE];
        -: 1383:
      900: 1384:	for ( i = 0; i < csize; ++i )
branch  0 taken 896
branch  1 taken 4 (fallthrough)
        -: 1385:		{
      896: 1386:		ec = ABS( ecgroup[i] ); 
      896: 1387:		out_char_set[i] = state[ec];
        -: 1388:		}
        -: 1389:
        4: 1390:	fprintf( file, " out-transitions: " );
call    0 returned 4
        -: 1391:
        4: 1392:	list_character_set( file, out_char_set );
call    0 returned 4
        -: 1393:
        -: 1394:	/* now invert the members of the set to get the jam transitions */
      900: 1395:	for ( i = 0; i < csize; ++i )
branch  0 taken 896
branch  1 taken 4 (fallthrough)
      896: 1396:		out_char_set[i] = ! out_char_set[i];
        -: 1397:
        4: 1398:	fprintf( file, "\n jam-transitions: EOF " );
call    0 returned 4
        -: 1399:
        4: 1400:	list_character_set( file, out_char_set );
call    0 returned 4
        -: 1401:
        4: 1402:	putc( '\n', file );
call    0 returned 4
        4: 1403:	}
        -: 1404:
        -: 1405:
        -: 1406:/* epsclosure - construct the epsilon closure of a set of ndfa states
        -: 1407: *
        -: 1408: * synopsis
        -: 1409: *    int *epsclosure( int t[num_states], int *numstates_addr,
        -: 1410: *			int accset[num_rules+1], int *nacc_addr,
        -: 1411: *			int *hashval_addr );
        -: 1412: *
        -: 1413: * NOTES
        -: 1414: *  The epsilon closure is the set of all states reachable by an arbitrary
        -: 1415: *  number of epsilon transitions, which themselves do not have epsilon
        -: 1416: *  transitions going out, unioned with the set of states which have non-null
        -: 1417: *  accepting numbers.  t is an array of size numstates of nfa state numbers.
        -: 1418: *  Upon return, t holds the epsilon closure and *numstates_addr is updated.
        -: 1419: *  accset holds a list of the accepting numbers, and the size of accset is
        -: 1420: *  given by *nacc_addr.  t may be subjected to reallocation if it is not
        -: 1421: *  large enough to hold the epsilon closure.
        -: 1422: *
        -: 1423: *  hashval is the hash value for the dfa corresponding to the state set.
        -: 1424: */
        -: 1425:
function epsclosure called 26686 returned 100% blocks executed 75%
    26686: 1426:int *epsclosure( t, ns_addr, accset, nacc_addr, hv_addr )
        -: 1427:int *t, *ns_addr, accset[], *nacc_addr, *hv_addr;
        -: 1428:	{
        -: 1429:	register int stkpos, ns, tsp;
    26686: 1430:	int numstates = *ns_addr, nacc, hashval, transsym, nfaccnum;
        -: 1431:	int stkend, nstate;
        -: 1432:	static int did_stk_init = false, *stk; 
        -: 1433:
        -: 1434:#define MARK_STATE(state) \
        -: 1435:trans1[state] = trans1[state] - MARKER_DIFFERENCE;
        -: 1436:
        -: 1437:#define IS_MARKED(state) (trans1[state] < 0)
        -: 1438:
        -: 1439:#define UNMARK_STATE(state) \
        -: 1440:trans1[state] = trans1[state] + MARKER_DIFFERENCE;
        -: 1441:
        -: 1442:#define CHECK_ACCEPT(state) \
        -: 1443:{ \
        -: 1444:nfaccnum = accptnum[state]; \
        -: 1445:if ( nfaccnum != NIL ) \
        -: 1446:accset[++nacc] = nfaccnum; \
        -: 1447:}
        -: 1448:
        -: 1449:#define DO_REALLOCATION \
        -: 1450:{ \
        -: 1451:current_max_dfa_size += MAX_DFA_SIZE_INCREMENT; \
        -: 1452:++num_reallocs; \
        -: 1453:t = reallocate_integer_array( t, current_max_dfa_size ); \
        -: 1454:stk = reallocate_integer_array( stk, current_max_dfa_size ); \
        -: 1455:} \
        -: 1456:
        -: 1457:#define PUT_ON_STACK(state) \
        -: 1458:{ \
        -: 1459:if ( ++stkend >= current_max_dfa_size ) \
        -: 1460:DO_REALLOCATION \
        -: 1461:stk[stkend] = state; \
        -: 1462:MARK_STATE(state) \
        -: 1463:}
        -: 1464:
        -: 1465:#define ADD_STATE(state) \
        -: 1466:{ \
        -: 1467:if ( ++numstates >= current_max_dfa_size ) \
        -: 1468:DO_REALLOCATION \
        -: 1469:t[numstates] = state; \
        -: 1470:hashval += state; \
        -: 1471:}
        -: 1472:
        -: 1473:#define STACK_STATE(state) \
        -: 1474:{ \
        -: 1475:PUT_ON_STACK(state) \
        -: 1476:CHECK_ACCEPT(state) \
        -: 1477:if ( nfaccnum != NIL || transchar[state] != SYM_EPSILON ) \
        -: 1478:ADD_STATE(state) \
        -: 1479:}
        -: 1480:
        -: 1481:
    26686: 1482:	if ( ! did_stk_init )
branch  0 taken 543 (fallthrough)
branch  1 taken 26143
        -: 1483:		{
      543: 1484:		stk = allocate_integer_array( current_max_dfa_size );
call    0 returned 543
      543: 1485:		did_stk_init = true;
        -: 1486:		}
        -: 1487:
    26686: 1488:	nacc = stkend = hashval = 0;
        -: 1489:
    83610: 1490:	for ( nstate = 1; nstate <= numstates; ++nstate )
branch  0 taken 56924
branch  1 taken 26686 (fallthrough)
        -: 1491:		{
    56924: 1492:		ns = t[nstate];
        -: 1493:
        -: 1494:		/* The state could be marked if we've already pushed it onto
        -: 1495:		 * the stack.
        -: 1496:		 */
    56924: 1497:		if ( ! IS_MARKED(ns) )
branch  0 taken 56924 (fallthrough)
branch  1 taken 0
        -: 1498:			{
   56924*: 1499:			PUT_ON_STACK(ns)
branch  0 taken 0 (fallthrough)
branch  1 taken 56924
call    2 never executed
call    3 never executed
    56924: 1500:			CHECK_ACCEPT(ns)
branch  0 taken 31561 (fallthrough)
branch  1 taken 25363
    56924: 1501:			hashval += ns;
        -: 1502:			}
        -: 1503:		}
        -: 1504:
   151342: 1505:	for ( stkpos = 1; stkpos <= stkend; ++stkpos )
branch  0 taken 124656
branch  1 taken 26686 (fallthrough)
        -: 1506:		{
   124656: 1507:		ns = stk[stkpos];
   124656: 1508:		transsym = transchar[ns];
        -: 1509:
   124656: 1510:		if ( transsym == SYM_EPSILON )
branch  0 taken 76876 (fallthrough)
branch  1 taken 47780
        -: 1511:			{
    76876: 1512:			tsp = trans1[ns] + MARKER_DIFFERENCE;
        -: 1513:
    76876: 1514:			if ( tsp != NO_TRANSITION )
branch  0 taken 42386 (fallthrough)
branch  1 taken 34490
        -: 1515:				{
    42386: 1516:				if ( ! IS_MARKED(tsp) )
branch  0 taken 42386 (fallthrough)
branch  1 taken 0
   42386*: 1517:					STACK_STATE(tsp)
branch  0 taken 1 (fallthrough)
branch  1 taken 42385
call    2 returned 1
call    3 returned 1
branch  4 taken 0 (fallthrough)
branch  5 taken 42386
branch  6 taken 42386 (fallthrough)
branch  7 taken 0
branch  8 taken 31452 (fallthrough)
branch  9 taken 10934
branch 10 taken 0 (fallthrough)
branch 11 taken 31452
call   12 never executed
call   13 never executed
        -: 1518:
    42386: 1519:				tsp = trans2[ns];
        -: 1520:
    42386: 1521:				if ( tsp != NO_TRANSITION && ! IS_MARKED(tsp) )
branch  0 taken 25347 (fallthrough)
branch  1 taken 17039
branch  2 taken 25346 (fallthrough)
branch  3 taken 1
   25346*: 1522:					STACK_STATE(tsp)
branch  0 taken 0 (fallthrough)
branch  1 taken 25346
call    2 never executed
call    3 never executed
branch  4 taken 12818 (fallthrough)
branch  5 taken 12528
branch  6 taken 12528 (fallthrough)
branch  7 taken 12818
branch  8 taken 7000 (fallthrough)
branch  9 taken 5528
branch 10 taken 0 (fallthrough)
branch 11 taken 19818
call   12 never executed
call   13 never executed
        -: 1523:				}
        -: 1524:			}
        -: 1525:		}
        -: 1526:
        -: 1527:	/* Clear out "visit" markers. */
        -: 1528:
   151342: 1529:	for ( stkpos = 1; stkpos <= stkend; ++stkpos )
branch  0 taken 124656
[...]
        -:11893:static yy_state_type yy_try_NUL_trans( yy_current_state )
        -:11894:yy_state_type yy_current_state;
        -:11895:#endif
        -:11896:	{
        -:11897:	register int yy_is_jam;
    #####:11898:	register char *yy_cp = yy_c_buf_p;
        -:11899:
    #####:11900:	register YY_CHAR yy_c = 1;
    #####:11901:	if ( yy_accept[yy_current_state] )
branch  0 never executed
branch  1 never executed
        -:11902:		{
    #####:11903:		yy_last_accepting_state = yy_current_state;
    #####:11904:		yy_last_accepting_cpos = yy_cp;
        -:11905:		}
    #####:11906:	while ( yy_chk[yy_base[yy_current_state] + yy_c] != yy_current_state )
branch  0 never executed
branch  1 never executed
        -:11907:		{
    #####:11908:		yy_current_state = (int) yy_def[yy_current_state];
    #####:11909:		if ( yy_current_state >= 408 )
branch  0 never executed
branch  1 never executed
    #####:11910:			yy_c = yy_meta[(unsigned int) yy_c];
        -:11911:		}
    #####:11912:	yy_current_state = yy_nxt[yy_base[yy_current_state] + (unsigned int) yy_c];
    #####:11913:	yy_is_jam = (yy_current_state == 407);
        -:11914:
    #####:11915:	return yy_is_jam ? 0 : yy_current_state;
branch  0 never executed
branch  1 never executed
        -:11916:	}
        -:11917:
        -:11918:
        -:11919:#ifdef YY_USE_PROTOS
function yyunput called 3959 returned 100% blocks executed 50%
     3959:11920:static void yyunput( int c, register char *yy_bp )
        -:11921:#else
        -:11922:static void yyunput( c, yy_bp )
        -:11923:int c;
        -:11924:register char *yy_bp;
        -:11925:#endif
        -:11926:	{
     3959:11927:	register char *yy_cp = yy_c_buf_p;
        -:11928:
        -:11929:	/* undo effects of setting up yytext */
     3959:11930:	*yy_cp = yy_hold_char;
        -:11931:
     3959:11932:	if ( yy_cp < yy_current_buffer->yy_ch_buf + 2 )
branch  0 taken 0 (fallthrough)
branch  1 taken 3959
        -:11933:		{ /* need to shift things up to make room */
        -:11934:		/* +2 for EOB chars. */
    #####:11935:		register int number_to_move = yy_n_chars + 2;
    #####:11936:		register char *dest = &yy_current_buffer->yy_ch_buf[
    #####:11937:					yy_current_buffer->yy_buf_size + 2];
    #####:11938:		register char *source =
    #####:11939:				&yy_current_buffer->yy_ch_buf[number_to_move];
        -:11940:
    #####:11941:		while ( source > yy_current_buffer->yy_ch_buf )
branch  0 never executed
branch  1 never executed
    #####:11942:			*--dest = *--source;
        -:11943:
    #####:11944:		yy_cp += dest - source;
    #####:11945:		yy_bp += dest - source;
    #####:11946:		yy_n_chars = yy_current_buffer->yy_buf_size;
        -:11947:
    #####:11948:		if ( yy_cp < yy_current_buffer->yy_ch_buf + 2 )
branch  0 never executed
branch  1 never executed
    #####:11949:			YY_FATAL_ERROR( "flex scanner push-back overflow" );
call    0 never executed
        -:11950:		}
        -:11951:
     3959:11952:	if ( yy_cp > yy_bp && yy_cp[-1] == '\n' )
branch  0 taken 2639 (fallthrough)
branch  1 taken 1320
branch  2 taken 21 (fallthrough)
branch  3 taken 2618
       21:11953:		yy_cp[-2] = '\n';
        -:11954:
     3959:11955:	*--yy_cp = (char) c;
        -:11956:
        -:11957:
        -:11958:	/* Note: the formal parameter *must* be called "yy_bp" for this
        -:11959:	 * macro to now work correctly.
        -:11960:	 */
     3959:11961:	YY_DO_BEFORE_ACTION; /* set up yytext again */
     3959:11962:	}
        -:11963:
        -:11964:
        -:11965:#ifdef __cplusplus
        -:11966:static int yyinput()
        -:11967:#else
function input called 231 returned 100% blocks executed 20%
      231:11968:static int input()
        -:11969:#endif
        -:11970:	{
        -:11971:	int c;
        -:11972:
      231:11973:	*yy_c_buf_p = yy_hold_char;
        -:11974:
      231:11975:	if ( *yy_c_buf_p == YY_END_OF_BUFFER_CHAR )
branch  0 taken 0 (fallthrough)
branch  1 taken 231
        -:11976:		{
        -:11977:		/* yy_c_buf_p now points to the character we want to return.
        -:11978:		 * If this occurs *before* the EOB characters, then it's a
        -:11979:		 * valid NUL; if not, then we've hit the end of the buffer.
        -:11980:		 */
    #####:11981:		if ( yy_c_buf_p < &yy_current_buffer->yy_ch_buf[yy_n_chars] )
branch  0 never executed
branch  1 never executed
        -:11982:			/* This was really a NUL. */
    #####:11983:			*yy_c_buf_p = '\0';
        -:11984:
        -:11985:		else
        -:11986:			{ /* need more input */
    #####:11987:			yytext_ptr = yy_c_buf_p;
    #####:11988:			++yy_c_buf_p;
        -:11989:
    #####:11990:			switch ( yy_get_next_buffer() )
call    0 never executed
branch  1 never executed
branch  2 never executed
branch  3 never executed
branch  4 never executed
        -:11991:				{
    #####:11992:				case EOB_ACT_END_OF_FILE:
        -:11993:					{
    #####:11994:					if ( yywrap() )
call    0 never executed
branch  1 never executed
branch  2 never executed
        -:11995:						{
    #####:11996:						yy_c_buf_p =
        -:11997:						yytext_ptr + YY_MORE_ADJ;
    #####:11998:						return EOF;
        -:11999:						}
        -:12000:
    #####:12001:					YY_NEW_FILE;
call    0 never executed
        -:12002:#ifdef __cplusplus
        -:12003:					return yyinput();
        -:12004:#else
    #####:12005:					return input();
call    0 never executed
        -:12006:#endif
        -:12007:					}
        -:12008:
    #####:12009:				case EOB_ACT_CONTINUE_SCAN:
    #####:12010:					yy_c_buf_p = yytext_ptr + YY_MORE_ADJ;
    #####:12011:					break;
        -:12012:
    #####:12013:				case EOB_ACT_LAST_MATCH:
        -:12014:#ifdef __cplusplus
        -:12015:					YY_FATAL_ERROR(
        -:12016:					"unexpected last match in yyinput()" );
        -:12017:#else
    #####:12018:					YY_FATAL_ERROR(
call    0 never executed
        -:12019:					"unexpected last match in input()" );
        -:12020:#endif
        -:12021:				}
        -:12022:			}
        -:12023:		}
        -:12024:
      231:12025:	c = *(unsigned char *) yy_c_buf_p;	/* cast for 8-bit char's */
      231:12026:	*yy_c_buf_p = '\0';	/* preserve yytext */
      231:12027:	yy_hold_char = *++yy_c_buf_p;
        -:12028:
      231:12029:	return c;
        -:12030:	}
        -:12031:
        -:12032:
        -:12033:#ifdef YY_USE_PROTOS
function yyrestart called 547 returned 100% blocks executed 67%
      547:12034:void yyrestart( FILE *input_file )
        -:12035:#else
        -:12036:void yyrestart( input_file )
        -:12037:FILE *input_file;
        -:12038:#endif
        -:12039:	{
      547:12040:	if ( ! yy_current_buffer )
branch  0 taken 0 (fallthrough)
branch  1 taken 547
    #####:12041:		yy_current_buffer = yy_create_buffer( yyin, YY_BUF_SIZE );
call    0 never executed
        -:12042:
      547:12043:	yy_init_buffer( yy_current_buffer, input_file );
call    0 returned 547
      547:12044:	yy_load_buffer_state();
call    0 returned 547
      547:12045:	}
        -:12046:
        -:12047:
        -:12048:#ifdef YY_USE_PROTOS
function yy_switch_to_buffer called 0 returned 0% blocks executed 0%
    #####:12049:void yy_switch_to_buffer( YY_BUFFER_STATE new_buffer )
        -:12050:#else
        -:12051:void yy_switch_to_buffer( new_buffer )
        -:12052:YY_BUFFER_STATE new_buffer;
        -:12053:#endif
        -:12054:	{
    #####:12055:	if ( yy_current_buffer == new_buffer )
branch  0 never executed
branch  1 never executed
    #####:12056:		return;
        -:12057:
    #####:12058:	if ( yy_current_buffer )
branch  0 never executed
branch  1 never executed
        -:12059:		{
        -:12060:		/* Flush out information for old buffer. */
    #####:12061:		*yy_c_buf_p = yy_hold_char;
    #####:12062:		yy_current_buffer->yy_buf_pos = yy_c_buf_p;
    #####:12063:		yy_current_buffer->yy_n_chars = yy_n_chars;
        -:12064:		}
        -:12065:
    #####:12066:	yy_current_buffer = new_buffer;
    #####:12067:	yy_load_buffer_state();
call    0 never executed
        -:12068:
        -:12069:	/* We don't actually know whether we did this switch during
        -:12070:	 * EOF (yywrap()) processing, but the only time this flag
        -:12071:	 * is looked at is after yywrap() is called, so it's safe
        -:12072:	 * to go ahead and always set it.
        -:12073:	 */
    #####:12074:	yy_did_buffer_switch_on_eof = 1;
        -:12075:	}
        -:12076:
        -:12077:
        -:12078:#ifdef YY_USE_PROTOS
function yy_load_buffer_state called 1099 returned 100% blocks executed 100%
     1099:12079:void yy_load_buffer_state( void )
        -:12080:#else
        -:12081:void yy_load_buffer_state()
        -:12082:#endif
        -:12083:	{
     1099:12084:	yy_n_chars = yy_current_buffer->yy_n_chars;
     1099:12085:	yytext_ptr = yy_c_buf_p = yy_current_buffer->yy_buf_pos;
     1099:12086:	yyin = yy_current_buffer->yy_input_file;
     1099:12087:	yy_hold_char = *yy_c_buf_p;
     1099:12088:	}
        -:12089:
        -:12090:
        -:12091:#ifdef YY_USE_PROTOS
function yy_create_buffer called 552 returned 100% blocks executed 78%
      552:12092:YY_BUFFER_STATE yy_create_buffer( FILE *file, int size )
        -:12093:#else
        -:12094:YY_BUFFER_STATE yy_create_buffer( file, size )
        -:12095:FILE *file;
        -:12096:int size;
        -:12097:#endif
        -:12098:	{
        -:12099:	YY_BUFFER_STATE b;
        -:12100:
      552:12101:	b = (YY_BUFFER_STATE) yy_flex_alloc( sizeof( struct yy_buffer_state ) );
call    0 returned 552
        -:12102:
      552:12103:	if ( ! b )
branch  0 taken 0 (fallthrough)
branch  1 taken 552
    #####:12104:		YY_FATAL_ERROR( "out of dynamic memory in yy_create_buffer()" );
call    0 never executed
        -:12105:
      552:12106:	b->yy_buf_size = size;
        -:12107:
        -:12108:	/* yy_ch_buf has to be 2 characters longer than the size given because
        -:12109:	 * we need to put in 2 end-of-buffer characters.
        -:12110:	 */
      552:12111:	b->yy_ch_buf = (char *) yy_flex_alloc( b->yy_buf_size + 2 );
call    0 returned 552
        -:12112:
      552:12113:	if ( ! b->yy_ch_buf )
branch  0 taken 0 (fallthrough)
branch  1 taken 552
    #####:12114:		YY_FATAL_ERROR( "out of dynamic memory in yy_create_buffer()" );
call    0 never executed
        -:12115:
      552:12116:	yy_init_buffer( b, file );
call    0 returned 552
        -:12117:
      552:12118:	return b;
        -:12119:	}
        -:12120:
        -:12121:
        -:12122:#ifdef YY_USE_PROTOS
function yy_delete_buffer called 0 returned 0% blocks executed 0%
    #####:12123:void yy_delete_buffer( YY_BUFFER_STATE b )
        -:12124:#else
        -:12125:void yy_delete_buffer( b )
        -:12126:YY_BUFFER_STATE b;
        -:12127:#endif
        -:12128:	{
    #####:12129:	if ( b == yy_current_buffer )
branch  0 never executed
branch  1 never executed
    #####:12130:		yy_current_buffer = (YY_BUFFER_STATE) 0;
        -:12131:
    #####:12132:	yy_flex_free( (void *) b->yy_ch_buf );
call    0 never executed
    #####:12133:	yy_flex_free( (void *) b );
call    0 never executed
    #####:12134:	}
        -:12135:
        -:12136:
        -:12137:#ifdef YY_USE_PROTOS
function yy_init_buffer called 1099 returned 100% blocks executed 80%
     1099:12138:void yy_init_buffer( YY_BUFFER_STATE b, FILE *file )
        -:12139:#else
        -:12140:void yy_init_buffer( b, file )
        -:12141:YY_BUFFER_STATE b;
        -:12142:FILE *file;
        -:12143:#endif
        -:12144:	{
     1099:12145:	b->yy_input_file = file;
        -:12146:
        -:12147:	/* We put in the '\n' and start reading from [1] so that an
        -:12148:	 * initial match-at-newline will be true.
        -:12149:	 */
        -:12150:
     1099:12151:	b->yy_ch_buf[0] = '\n';
     1099:12152:	b->yy_n_chars = 1;
        -:12153:
        -:12154:	/* We always need two end-of-buffer characters.  The first causes
        -:12155:	 * a transition to the end-of-buffer state.  The second causes
        -:12156:	 * a jam in that state.
        -:12157:	 */
     1099:12158:	b->yy_ch_buf[1] = YY_END_OF_BUFFER_CHAR;
     1099:12159:	b->yy_ch_buf[2] = YY_END_OF_BUFFER_CHAR;
        -:12160:
     1099:12161:	b->yy_buf_pos = &b->yy_ch_buf[1];
        -:12162:
    1099*:12163:	b->yy_is_interactive = file ? isatty( fileno(file) ) : 0;
branch  0 taken 1099 (fallthrough)
branch  1 taken 0
call    2 returned 1099
call    3 returned 1099
        -:12164:
     1099:12165:	b->yy_fill_buffer = 1;
        -:12166:
     1099:12167:	b->yy_buffer_status = YY_BUFFER_NEW;
     1099:12168:	}
        -:12169:
        -:12170:
        -:12171:#ifdef YY_USE_PROTOS
function yy_push_state called 0 returned 0% blocks executed 0%
    #####:12172:static void yy_push_state( int new_state )
        -:12173:#else
        -:12174:static void yy_push_state( new_state )
        -:12175:int new_state;
        -:12176:#endif
        -:12177:	{
    #####:12178:	if ( yy_start_stack_ptr >= yy_start_stack_depth )
branch  0 never executed
branch  1 never executed
        -:12179:		{
        -:12180:		int new_size;
        -:12181:
    #####:12182:		yy_start_stack_depth += YY_START_STACK_INCR;
    #####:12183:		new_size = yy_start_stack_depth * sizeof( int );
        -:12184:
    #####:12185:		if ( ! yy_start_stack )
branch  0 never executed
branch  1 never executed
    #####:12186:			yy_start_stack = (int *) yy_flex_alloc( new_size );
call    0 never executed
        -:12187:
        -:12188:		else
    #####:12189:			yy_start_stack = (int *) yy_flex_realloc(
call    0 never executed
        -:12190:					(void *) yy_start_stack, new_size );
        -:12191:
    #####:12192:		if ( ! yy_start_stack )
branch  0 never executed
branch  1 never executed
    #####:12193:			YY_FATAL_ERROR(
call    0 never executed
        -:12194:			"out of memory expanding start-condition stack" );
        -:12195:		}
        -:12196:
    #####:12197:	yy_start_stack[yy_start_stack_ptr++] = YY_START;
        -:12198:
    #####:12199:	BEGIN(new_state);
    #####:12200:	}
        -:12201:
        -:12202:
function yy_pop_state called 0 returned 0% blocks executed 0%
    #####:12203:static void yy_pop_state()
        -:12204:	{
    #####:12205:	if ( --yy_start_stack_ptr < 0 )
branch  0 never executed
branch  1 never executed
    #####:12206:		YY_FATAL_ERROR( "start-condition stack underflow" );
call    0 never executed
        -:12207:
    #####:12208:	BEGIN(yy_start_stack[yy_start_stack_ptr]);
    #####:12209:	}
        -:12210:
        -:12211:
function yy_top_state called 0 returned 0% blocks executed 0%
    #####:12212:static int yy_top_state()
        -:12213:	{
    #####:12214:	return yy_start_stack[yy_start_stack_ptr - 1];
        -:12215:	}
        -:12216:
        -:12217:
        -:12218:#ifdef YY_USE_PROTOS
function yy_fatal_error called 0 returned 0% blocks executed 0%
    #####:12219:static void yy_fatal_error( const char msg[] )
        -:12220:#else
        -:12221:static void yy_fatal_error( msg )
        -:12222:char msg[];
        -:12223:#endif
        -:12224:	{
    #####:12225:	(void) fprintf( err, "%s\n", msg );
call    0 never executed
    #####:12226:	exit( 1 );
        -:12227:	}
        -:12228:
        -:12229:
        -:12230:
        -:12231:/* Redefine yyless() so it works in section 3 code. */
        -:12232:
        -:12233:#undef yyless
        -:12234:#define yyless(n) \
        -:12235:	do \
        -:12236:		{ \
        -:12237:		/* Undo effects of setting up yytext. */ \
        -:12238:		yytext[yyleng] = yy_hold_char; \
        -:12239:		yy_c_buf_p = yytext + n - YY_MORE_ADJ; \
        -:12240:		yy_hold_char = *yy_c_buf_p; \
        -:12241:		*yy_c_buf_p = '\0'; \
        -:12242:		yyleng = n; \
        -:12243:		} \
        -:12244:	while ( 0 )
        -:12245:
        -:12246:
        -:12247:/* Internal utility routines. */
        -:12248:
        -:12249:#ifndef yytext_ptr
        -:12250:#ifdef YY_USE_PROTOS
        -:12251:static void yy_flex_strncpy( char *s1, const char *s2, int n )
        -:12252:#else
        -:12253:static void yy_flex_strncpy( s1, s2, n )
        -:12254:char *s1;
        -:12255:const char *s2;
        -:12256:int n;
        -:12257:#endif
        -:12258:	{
        -:12259:	register int i;
        -:12260:	for ( i = 0; i < n; ++i )
        -:12261:		s1[i] = s2[i];
        -:12262:	}
        -:12263:#endif
        -:12264:
        -:12265:
        -:12266:#ifdef YY_USE_PROTOS
function yy_flex_alloc called 44579 returned 100% blocks executed 100%
    44579:12267:static void *yy_flex_alloc( unsigned int size )
        -:12268:#else
        -:12269:static void *yy_flex_alloc( size )
        -:12270:unsigned int size;
        -:12271:#endif
        -:12272:	{
    44579:12273:	return (void *) malloc( size );
        -:12274:	}
        -:12275:
        -:12276:#ifdef YY_USE_PROTOS
function yy_flex_realloc called 171 returned 100% blocks executed 100%
      171:12277:static void *yy_flex_realloc( void *ptr, unsigned int size )
        -:12278:#else
        -:12279:static void *yy_flex_realloc( ptr, size )
        -:12280:void *ptr;
        -:12281:unsigned int size;
        -:12282:#endif
        -:12283:	{
      171:12284:	return (void *) realloc( ptr, size );
        -:12285:	}
        -:12286:
        -:12287:#ifdef YY_USE_PROTOS
function yy_flex_free called 1086 returned 100% blocks executed 100%
     1086:12288:static void yy_flex_free( void *ptr )
        -:12289:#else
        -:12290:static void yy_flex_free( ptr )
        -:12291:void *ptr;
        -:12292:#endif
        -:12293:	{
     1086:12294:	free( ptr );
     1086:12295:	}
        -:12296:
        -:12297:
        -:12298:
function yywrap called 546 returned 100% blocks executed 100%
      546:12299:int yywrap()
        -:12300:	{
      546:12301:	if ( --num_input_files > 0 )
branch  0 taken 1 (fallthrough)
branch  1 taken 545
        -:12302:		{
        1:12303:		set_input_file( *++input_files );
call    0 returned 1
        1:12304:		return 0;
        -:12305:		}
        -:12306:
        -:12307:	else
      545:12308:		return 1;
        -:12309:	}
        -:12310:
        -:12311:
        -:12312:/* set_input_file - open the given file (if NULL, stdin) for scanning */
        -:12313:
function set_input_file called 555 returned 100% blocks executed 83%
      555:12314:void set_input_file( file )
        -:12315:char *file;
        -:12316:	{
      555:12317:	if ( file )
branch  0 taken 555 (fallthrough)
branch  1 taken 0
        -:12318:		{
      555:12319:		infilename = file;
      555:12320:		yyin = fopen( infilename, "r" );
call    0 returned 555
        -:12321:
      555:12322:		if ( yyin == NULL )
branch  0 taken 1 (fallthrough)
branch  1 taken 554
        1:12323:			lerrsf( "can't open %s", file );
call    0 returned 0
        -:12324:		}
        -:12325:
        -:12326:	else
        -:12327:		{
    #####:12328:		yyin = stdin;
    #####:12329:		infilename = "<stdin>";
        -:12330:		}
      554:12331:	}
        -:12332:
        -:12333:
        -:12334:/* Wrapper routines for accessing the scanner's malloc routines. */
        -:12335:
function flex_alloc called 43475 returned 100% blocks executed 100%
    43475:12336:void *flex_alloc( size )
        -:12337:unsigned int size;
        -:12338:	{
    43475:12339:	return yy_flex_alloc( size );
call    0 returned 43475
        -:12340:	}
        -:12341:
function flex_realloc called 171 returned 100% blocks executed 100%
      171:12342:void *flex_realloc( ptr, size )
        -:12343:void *ptr;
        -:12344:unsigned int size;
        -:12345:	{
      171:12346:	return yy_flex_realloc( ptr, size );
call    0 returned 171
        -:12347:	}
        -:12348:
function flex_free called 1086 returned 100% blocks executed 100%
     1086:12349:void flex_free( ptr )
        -:12350:void *ptr;
        -:12351:	{
     1086:12352:	yy_flex_free( ptr );
call    0 returned 1086
     1086:12353:	}
