        -:    0:Source:regexec.c
        -:    0:Graph:sed.gcno
        -:    0:Data:sed.gcda
        -:    0:Runs:370
        -:    1:/* Extended regular expression matching and search library.
        -:    2:   Copyright (C) 2002 Free Software Foundation, Inc.
        -:    3:   This file is part of the GNU C Library.
        -:    4:   Contributed by Isamu Hasegawa <isamu@yamato.ibm.com>.
        -:    5:
        -:    6:   The GNU C Library is free software; you can redistribute it and/or
        -:    7:   modify it under the terms of the GNU Lesser General Public
        -:    8:   License as published by the Free Software Foundation; either
        -:    9:   version 2.1 of the License, or (at your option) any later version.
        -:   10:
        -:   11:   The GNU C Library is distributed in the hope that it will be useful,
        -:   12:   but WITHOUT ANY WARRANTY; without even the implied warranty of
        -:   13:   MERCHANTABILITY or FITNESS FOR A PARTICULAR PURPOSE.  See the GNU
        -:   14:   Lesser General Public License for more details.
        -:   15:
        -:   16:   You should have received a copy of the GNU Lesser General Public
        -:   17:   License along with the GNU C Library; if not, write to the Free
        -:   18:   Software Foundation, Inc., 59 Temple Place, Suite 330, Boston, MA
        -:   19:   02111-1307 USA.  */
        -:   20:
        -:   21:/*
        -:   22:  Moved function prototypes to regexec.h file for *.c file
        -:   23:  merger required for SIR C-subjects -- July 2006 by 
        -:   24:  Kyle R. Murphy
        -:   25:*/
        -:   26:
        -:   27:#include "regexec.h"
        -:   28:
        -:   29:
        -:   30:/* Entry point for POSIX code.  */
        -:   31:
        -:   32:/* regexec searches for a given pattern, specified by PREG, in the
        -:   33:   string STRING.
        -:   34:
        -:   35:   If NMATCH is zero or REG_NOSUB was set in the cflags argument to
        -:   36:   `regcomp', we ignore PMATCH.  Otherwise, we assume PMATCH has at
        -:   37:   least NMATCH elements, and we set them to the offsets of the
        -:   38:   corresponding matched substrings.
        -:   39:
        -:   40:   EFLAGS specifies `execution flags' which affect matching: if
        -:   41:   REG_NOTBOL is set, then ^ does not match at the beginning of the
        -:   42:   string; if REG_NOTEOL is set, then $ does not match at the end.
        -:   43:
        -:   44:   We return 0 if we find a match and REG_NOMATCH if not.  */
        -:   45:
        -:   46:int
function regexec called 0 returned 0% blocks executed 0%
    #####:   47:regexec (preg, string, nmatch, pmatch, eflags)
        -:   48:    const regex_t *__restrict preg;
        -:   49:    const char *__restrict string;
        -:   50:    size_t nmatch;
        -:   51:    regmatch_t pmatch[];
        -:   52:    int eflags;
        -:   53:{
        -:   54:  reg_errcode_t err;
    #####:   55:  int length = strlen (string);
    #####:   56:  if (preg->no_sub)
branch  0 never executed
branch  1 never executed
    #####:   57:    err = re_search_internal (preg, string, length, 0, length, length, 0,
call    0 never executed
        -:   58:			      NULL, eflags);
        -:   59:  else
    #####:   60:    err = re_search_internal (preg, string, length, 0, length, length, nmatch,
call    0 never executed
        -:   61:			      pmatch, eflags);
    #####:   62:  return err != REG_NOERROR;
        -:   63:}
        -:   64:#ifdef _LIBC
        -:   65:weak_alias (__regexec, regexec)
        -:   66:#endif
        -:   67:
        -:   68:/* Entry points for GNU code.  */
        -:   69:
        -:   70:/* re_match, re_search, re_match_2, re_search_2
        -:   71:
        -:   72:   The former two functions operate on STRING with length LENGTH,
        -:   73:   while the later two operate on concatenation of STRING1 and STRING2
        -:   74:   with lengths LENGTH1 and LENGTH2, respectively.
        -:   75:
        -:   76:   re_match() matches the compiled pattern in BUFP against the string,
        -:   77:   starting at index START.
        -:   78:
        -:   79:   re_search() first tries matching at index START, then it tries to match
        -:   80:   starting from index START + 1, and so on.  The last start position tried
        -:   81:   is START + RANGE.  (Thus RANGE = 0 forces re_search to operate the same
        -:   82:   way as re_match().)
        -:   83:
        -:   84:   The parameter STOP of re_{match,search}_2 specifies that no match exceeding
        -:   85:   the first STOP characters of the concatenation of the strings should be
        -:   86:   concerned.
        -:   87:
        -:   88:   If REGS is not NULL, and BUFP->no_sub is not set, the offsets of the match
        -:   89:   and all groups is stroed in REGS.  (For the "_2" variants, the offsets are
        -:   90:   computed relative to the concatenation, not relative to the individual
        -:   91:   strings.)
        -:   92:
        -:   93:   On success, re_match* functions return the length of the match, re_search*
        -:   94:   return the position of the start of the match.  Return value -1 means no
        -:   95:   match was found and -2 indicates an internal error.  */
        -:   96:
        -:   97:int
function re_match called 0 returned 0% blocks executed 0%
    #####:   98:re_match (bufp, string, length, start, regs)
        -:   99:    struct re_pattern_buffer *bufp;
        -:  100:    const char *string;
        -:  101:    int length, start;
        -:  102:    struct re_registers *regs;
        -:  103:{
    #####:  104:  return re_search_stub (bufp, string, length, start, 0, length, regs, 1);
call    0 never executed
        -:  105:}
        -:  106:#ifdef _LIBC
        -:  107:weak_alias (__re_match, re_match)
        -:  108:#endif
        -:  109:
        -:  110:int
function re_search called 47141 returned 100% blocks executed 100%
    47141:  111:re_search (bufp, string, length, start, range, regs)
        -:  112:    struct re_pattern_buffer *bufp;
        -:  113:    const char *string;
        -:  114:    int length, start, range;
        -:  115:    struct re_registers *regs;
        -:  116:{
    47141:  117:  return re_search_stub (bufp, string, length, start, range, length, regs, 0);
call    0 returned 47141
        -:  118:}
        -:  119:#ifdef _LIBC
        -:  120:weak_alias (__re_search, re_search)
        -:  121:#endif
        -:  122:
        -:  123:int
function re_match_2 called 0 returned 0% blocks executed 0%
    #####:  124:re_match_2 (bufp, string1, length1, string2, length2, start, regs, stop)
        -:  125:    struct re_pattern_buffer *bufp;
        -:  126:    const char *string1, *string2;
        -:  127:    int length1, length2, start, stop;
        -:  128:    struct re_registers *regs;
        -:  129:{
    #####:  130:  return re_search_2_stub (bufp, string1, length1, string2, length2,
call    0 never executed
        -:  131:			   start, 0, regs, stop, 1);
        -:  132:}
        -:  133:#ifdef _LIBC
        -:  134:weak_alias (__re_match_2, re_match_2)
        -:  135:#endif
        -:  136:
        -:  137:int
function re_search_2 called 0 returned 0% blocks executed 0%
    #####:  138:re_search_2 (bufp, string1, length1, string2, length2, start, range, regs, stop)
        -:  139:    struct re_pattern_buffer *bufp;
        -:  140:    const char *string1, *string2;
        -:  141:    int length1, length2, start, range, stop;
        -:  142:    struct re_registers *regs;
        -:  143:{
    #####:  144:  return re_search_2_stub (bufp, string1, length1, string2, length2,
call    0 never executed
        -:  145:			   start, range, regs, stop, 0);
        -:  146:}
        -:  147:#ifdef _LIBC
        -:  148:weak_alias (__re_search_2, re_search_2)
        -:  149:#endif
        -:  150:
        -:  151:static int
function re_search_2_stub called 0 returned 0% blocks executed 0%
    #####:  152:re_search_2_stub (bufp, string1, length1, string2, length2, start, range, regs,
        -:  153:		  stop, ret_len)
        -:  154:    struct re_pattern_buffer *bufp;
        -:  155:    const char *string1, *string2;
        -:  156:    int length1, length2, start, range, stop, ret_len;
        -:  157:    struct re_registers *regs;
        -:  158:{
        -:  159:  const char *str;
        -:  160:  int rval;
    #####:  161:  int len = length1 + length2;
    #####:  162:  int free_str = 0;
        -:  163:
    #####:  164:  if (BE (length1 < 0 || length2 < 0 || stop < 0, 0))
branch  0 never executed
branch  1 never executed
branch  2 never executed
branch  3 never executed
branch  4 never executed
branch  5 never executed
branch  6 never executed
branch  7 never executed
    #####:  165:    return -2;
        -:  166:
        -:  167:  /* Concatenate the strings.  */
    #####:  168:  if (length2 > 0)
branch  0 never executed
branch  1 never executed
    #####:  169:    if (length1 > 0)
branch  0 never executed
branch  1 never executed
        -:  170:      {
    #####:  171:	char *s = re_malloc (char, len);
        -:  172:
    #####:  173:	if (BE (s == NULL, 0))
branch  0 never executed
branch  1 never executed
    #####:  174:	  return -2;
    #####:  175:	memcpy (s, string1, length1);
    #####:  176:	memcpy (s + length1, string2, length2);
    #####:  177:	str = s;
    #####:  178:	free_str = 1;
        -:  179:      }
        -:  180:    else
    #####:  181:      str = string2;
        -:  182:  else
    #####:  183:    str = string1;
        -:  184:
    #####:  185:  rval = re_search_stub (bufp, str, len, start, range, stop, regs,
call    0 never executed
        -:  186:			 ret_len);
    #####:  187:  if (free_str)
branch  0 never executed
branch  1 never executed
    #####:  188:    re_free ((char *) str);
    #####:  189:  return rval;
        -:  190:}
        -:  191:
        -:  192:/* The parameters have the same meaning as those of re_search.
        -:  193:   Additional parameters:
        -:  194:   If RET_LEN is nonzero the length of the match is returned (re_match style);
        -:  195:   otherwise the position of the match is returned.  */
        -:  196:
        -:  197:static int
function re_search_stub called 47141 returned 100% blocks executed 61%
    47141:  198:re_search_stub (bufp, string, length, start, range, stop, regs, ret_len)
        -:  199:    struct re_pattern_buffer *bufp;
        -:  200:    const char *string;
        -:  201:    int length, start, range, stop, ret_len;
        -:  202:    struct re_registers *regs;
        -:  203:{
        -:  204:  reg_errcode_t result;
        -:  205:  regmatch_t *pmatch;
        -:  206:  int nregs, rval;
    47141:  207:  int eflags = 0;
        -:  208:
        -:  209:  /* Check for out-of-range.  */
    47141:  210:  if (BE (start < 0 || start > length, 0))
branch  0 taken 47141 (fallthrough)
branch  1 taken 0
branch  2 taken 0 (fallthrough)
branch  3 taken 47141
    #####:  211:    return -1;
    47141:  212:  if (BE (start + range > length, 0))
branch  0 taken 0 (fallthrough)
branch  1 taken 47141
    #####:  213:    range = length - start;
    47141:  214:  else if (BE (start + range < 0, 0))
branch  0 taken 0 (fallthrough)
branch  1 taken 47141
    #####:  215:    range = -start;
        -:  216:
    47141:  217:  eflags |= (bufp->not_bol) ? REG_NOTBOL : 0;
    47141:  218:  eflags |= (bufp->not_eol) ? REG_NOTEOL : 0;
        -:  219:
        -:  220:  /* Compile fastmap if we haven't yet.  */
   47141*:  221:  if (range > 0 && bufp->fastmap != NULL && !bufp->fastmap_accurate)
branch  0 taken 33003 (fallthrough)
branch  1 taken 14138
branch  2 taken 0 (fallthrough)
branch  3 taken 33003
branch  4 never executed
branch  5 never executed
    #####:  222:    re_compile_fastmap (bufp);
call    0 never executed
        -:  223:
    47141:  224:  if (BE (bufp->no_sub, 0))
branch  0 taken 0 (fallthrough)
branch  1 taken 47141
    #####:  225:    regs = NULL;
        -:  226:
        -:  227:  /* We need at least 1 register.  */
    47141:  228:  if (regs == NULL)
branch  0 taken 31918 (fallthrough)
branch  1 taken 15223
    31918:  229:    nregs = 1;
   15223*:  230:  else if (BE (bufp->regs_allocated == REGS_FIXED &&
branch  0 taken 0 (fallthrough)
branch  1 taken 15223
branch  2 never executed
branch  3 never executed
        -:  231:	       regs->num_regs < bufp->re_nsub + 1, 0))
        -:  232:    {
    #####:  233:      nregs = regs->num_regs;
    #####:  234:      if (BE (nregs < 1, 0))
branch  0 never executed
branch  1 never executed
        -:  235:	{
        -:  236:	  /* Nothing can be copied to regs.  */
    #####:  237:	  regs = NULL;
    #####:  238:	  nregs = 1;
        -:  239:	}
        -:  240:    }
        -:  241:  else
    15223:  242:    nregs = bufp->re_nsub + 1;
    47141:  243:  pmatch = re_malloc (regmatch_t, nregs);
    47141:  244:  if (BE (pmatch == NULL, 0))
branch  0 taken 0 (fallthrough)
branch  1 taken 47141
    #####:  245:    return -2;
        -:  246:
    47141:  247:  result = re_search_internal (bufp, string, length, start, range, stop,
call    0 returned 47141
        -:  248:			       nregs, pmatch, eflags);
        -:  249:
    47141:  250:  rval = 0;
        -:  251:
        -:  252:  /* I hope we needn't fill ther regs with -1's when no match was found.  */
    47141:  253:  if (result != REG_NOERROR)
branch  0 taken 41353 (fallthrough)
branch  1 taken 5788
    41353:  254:    rval = -1;
     5788:  255:  else if (regs != NULL)
branch  0 taken 3506 (fallthrough)
branch  1 taken 2282
        -:  256:    {
        -:  257:      /* If caller wants register contents data back, copy them.  */
     7012:  258:      bufp->regs_allocated = re_copy_regs (regs, pmatch, nregs,
     3506:  259:					   bufp->regs_allocated);
call    0 returned 3506
     3506:  260:      if (BE (bufp->regs_allocated == REGS_UNALLOCATED, 0))
branch  0 taken 0 (fallthrough)
branch  1 taken 3506
    #####:  261:	rval = -2;
        -:  262:    }
        -:  263:
    47141:  264:  if (BE (rval == 0, 1))
branch  0 taken 5788 (fallthrough)
branch  1 taken 41353
        -:  265:    {
     5788:  266:      if (ret_len)
branch  0 taken 0 (fallthrough)
branch  1 taken 5788
        -:  267:	{
    #####:  268:	  assert (pmatch[0].rm_so == start);
branch  0 never executed
branch  1 never executed
call    2 never executed
    #####:  269:	  rval = pmatch[0].rm_eo - start;
        -:  270:	}
        -:  271:      else
     5788:  272:	rval = pmatch[0].rm_so;
        -:  273:    }
    47141:  274:  re_free (pmatch);
    47141:  275:  return rval;
        -:  276:}
        -:  277:
        -:  278:static unsigned
function re_copy_regs called 3506 returned 100% blocks executed 50%
     3506:  279:re_copy_regs (regs, pmatch, nregs, regs_allocated)
        -:  280:    struct re_registers *regs;
        -:  281:    regmatch_t *pmatch;
        -:  282:    int nregs, regs_allocated;
        -:  283:{
     3506:  284:  int rval = REGS_REALLOCATE;
        -:  285:  int i;
     3506:  286:  int need_regs = nregs + 1;
        -:  287:  /* We need one extra element beyond `num_regs' for the `-1' marker GNU code
        -:  288:     uses.  */
        -:  289:
        -:  290:  /* Have the register data arrays been allocated?  */
     3506:  291:  if (regs_allocated == REGS_UNALLOCATED)
branch  0 taken 209 (fallthrough)
branch  1 taken 3297
        -:  292:    { /* No.  So allocate them with malloc.  */
      209:  293:      regs->start = re_malloc (regoff_t, need_regs);
      209:  294:      if (BE (regs->start == NULL, 0))
branch  0 taken 0 (fallthrough)
branch  1 taken 209
    #####:  295:	return REGS_UNALLOCATED;
      209:  296:      regs->end = re_malloc (regoff_t, need_regs);
      209:  297:      if (BE (regs->end == NULL, 0))
branch  0 taken 0 (fallthrough)
branch  1 taken 209
        -:  298:	{
    #####:  299:	  re_free (regs->start);
    #####:  300:	  return REGS_UNALLOCATED;
        -:  301:	}
      209:  302:      regs->num_regs = need_regs;
        -:  303:    }
     3297:  304:  else if (regs_allocated == REGS_REALLOCATE)
branch  0 taken 3297 (fallthrough)
branch  1 taken 0
        -:  305:    { /* Yes.  If we need more elements than were already
        -:  306:	 allocated, reallocate them.  If we need fewer, just
        -:  307:	 leave it alone.  */
     3297:  308:      if (need_regs > regs->num_regs)
branch  0 taken 0 (fallthrough)
branch  1 taken 3297
        -:  309:	{
    #####:  310:	  regs->start = re_realloc (regs->start, regoff_t, need_regs);
    #####:  311:	  if (BE (regs->start == NULL, 0))
branch  0 never executed
branch  1 never executed
        -:  312:	    {
    #####:  313:	      if (regs->end != NULL)
branch  0 never executed
branch  1 never executed
    #####:  314:		re_free (regs->end);
    #####:  315:	      return REGS_UNALLOCATED;
        -:  316:	    }
    #####:  317:	  regs->end = re_realloc (regs->end, regoff_t, need_regs);
    #####:  318:	  if (BE (regs->end == NULL, 0))
branch  0 never executed
branch  1 never executed
        -:  319:	    {
    #####:  320:	      re_free (regs->start);
    #####:  321:	      return REGS_UNALLOCATED;
        -:  322:	    }
    #####:  323:	  regs->num_regs = need_regs;
        -:  324:	}
        -:  325:    }
        -:  326:  else
        -:  327:    {
    #####:  328:      assert (regs_allocated == REGS_FIXED);
branch  0 never executed
branch  1 never executed
call    2 never executed
        -:  329:      /* This function may not be called with REGS_FIXED and nregs too big.  */
    #####:  330:      assert (regs->num_regs >= nregs);
branch  0 never executed
branch  1 never executed
call    2 never executed
    #####:  331:      rval = REGS_FIXED;
        -:  332:    }
        -:  333:
        -:  334:  /* Copy the regs.  */
     7070:  335:  for (i = 0; i < nregs; ++i)
branch  0 taken 3564
branch  1 taken 3506 (fallthrough)
        -:  336:    {
     3564:  337:      regs->start[i] = pmatch[i].rm_so;
     3564:  338:      regs->end[i] = pmatch[i].rm_eo;
        -:  339:    }
     7012:  340:  for ( ; i < regs->num_regs; ++i)
branch  0 taken 3506
branch  1 taken 3506 (fallthrough)
     3506:  341:    regs->start[i] = regs->end[i] = -1;
        -:  342:
     3506:  343:  return rval;
        -:  344:}
        -:  345:
        -:  346:/* Set REGS to hold NUM_REGS registers, storing them in STARTS and
        -:  347:   ENDS.  Subsequent matches using PATTERN_BUFFER and REGS will use
        -:  348:   this memory for recording register information.  STARTS and ENDS
        -:  349:   must be allocated using the malloc library routine, and must each
        -:  350:   be at least NUM_REGS * sizeof (regoff_t) bytes long.
        -:  351:
        -:  352:   If NUM_REGS == 0, then subsequent matches should allocate their own
        -:  353:   register data.
        -:  354:
        -:  355:   Unless this function is called, the first search or match using
        -:  356:   PATTERN_BUFFER will allocate its own register data, without
        -:  357:   freeing the old data.  */
        -:  358:
        -:  359:void
function re_set_registers called 0 returned 0% blocks executed 0%
    #####:  360:re_set_registers (bufp, regs, num_regs, starts, ends)
        -:  361:    struct re_pattern_buffer *bufp;
        -:  362:    struct re_registers *regs;
        -:  363:    unsigned num_regs;
        -:  364:    regoff_t *starts, *ends;
        -:  365:{
    #####:  366:  if (num_regs)
branch  0 never executed
branch  1 never executed
        -:  367:    {
    #####:  368:      bufp->regs_allocated = REGS_REALLOCATE;
    #####:  369:      regs->num_regs = num_regs;
    #####:  370:      regs->start = starts;
    #####:  371:      regs->end = ends;
        -:  372:    }
        -:  373:  else
        -:  374:    {
    #####:  375:      bufp->regs_allocated = REGS_UNALLOCATED;
    #####:  376:      regs->num_regs = 0;
    #####:  377:      regs->start = regs->end = (regoff_t *) 0;
        -:  378:    }
    #####:  379:}
        -:  380:#ifdef _LIBC
        -:  381:weak_alias (__re_set_registers, re_set_registers)
        -:  382:#endif
        -:  383:
        -:  384:/* Entry points compatible with 4.2 BSD regex library.  We don't define
        -:  385:   them unless specifically requested.  */
        -:  386:
        -:  387:#if defined _REGEX_RE_COMP || defined _LIBC
        -:  388:int
        -:  389:# ifdef _LIBC
        -:  390:weak_function
        -:  391:# endif
        -:  392:re_exec (s)
        -:  393:     const char *s;
        -:  394:{
        -:  395:  return 0 == regexec (&re_comp_buf, s, 0, NULL, 0);
        -:  396:}
        -:  397:#endif /* _REGEX_RE_COMP */
        -:  398:
        -:  399:static re_node_set empty_set;
        -:  400:
        -:  401:/* Internal entry point.  */
        -:  402:
        -:  403:/* Searches for a compiled pattern PREG in the string STRING, whose
        -:  404:   length is LENGTH.  NMATCH, PMATCH, and EFLAGS have the same
        -:  405:   mingings with regexec.  START, and RANGE have the same meanings
        -:  406:   with re_search.
        -:  407:   Return REG_NOERROR if we find a match, and REG_NOMATCH if not,
        -:  408:   otherwise return the error code.
        -:  409:   Note: We assume front end functions already check ranges.
        -:  410:   (START + RANGE >= 0 && START + RANGE <= LENGTH)  */
        -:  411:
        -:  412:reg_errcode_t
function re_search_internal called 47141 returned 100% blocks executed 52%
    47141:  413:re_search_internal (preg, string, length, start, range, stop, nmatch, pmatch,
        -:  414:		    eflags)
        -:  415:    const regex_t *preg;
        -:  416:    const char *string;
        -:  417:    int length, start, range, stop, eflags;
        -:  418:    size_t nmatch;
        -:  419:    regmatch_t pmatch[];
        -:  420:{
        -:  421:  reg_errcode_t err;
    47141:  422:  re_dfa_t *dfa = (re_dfa_t *)preg->buffer;
        -:  423:  re_string_t input;
        -:  424:  int left_lim, right_lim, incr;
    47141:  425:  int fl_longest_match, match_first, match_last = -1;
        -:  426:  int fast_translate, sb;
        -:  427:  re_match_context_t mctx;
    #####:  428:  char *fastmap = ((preg->fastmap != NULL && preg->fastmap_accurate
branch  0 never executed
branch  1 never executed
   47141*:  429:		    && range && !preg->can_be_null) ? preg->fastmap : NULL);
branch  0 taken 0 (fallthrough)
branch  1 taken 47141
branch  2 never executed
branch  3 never executed
branch  4 never executed
branch  5 never executed
        -:  430:
        -:  431:  /* Check if the DFA haven't been compiled.  */
   47141*:  432:  if (BE (preg->used == 0 || dfa->init_state == NULL
branch  0 taken 47141 (fallthrough)
branch  1 taken 0
branch  2 taken 0 (fallthrough)
branch  3 taken 47141
branch  4 taken 47141 (fallthrough)
branch  5 taken 0
branch  6 taken 0 (fallthrough)
branch  7 taken 47141
branch  8 taken 47141 (fallthrough)
branch  9 taken 0
branch 10 taken 0 (fallthrough)
branch 11 taken 47141
branch 12 taken 47141 (fallthrough)
branch 13 taken 0
branch 14 taken 0 (fallthrough)
branch 15 taken 47141
        -:  433:	  || dfa->init_state_word == NULL || dfa->init_state_nl == NULL
        -:  434:	  || dfa->init_state_begbuf == NULL, 0))
    #####:  435:    return REG_NOMATCH;
        -:  436:
    47141:  437:  re_node_set_init_empty (&empty_set);
    47141:  438:  memset (&mctx, '\0', sizeof (re_match_context_t));
        -:  439:
        -:  440:  /* We must check the longest matching, if nmatch > 0.  */
   47141*:  441:  fl_longest_match = (nmatch != 0 || dfa->nbackref);
branch  0 taken 0 (fallthrough)
branch  1 taken 47141
branch  2 never executed
branch  3 never executed
        -:  442:
    47141:  443:  err = re_string_allocate (&input, string, length, dfa->nodes_len + 1,
    47141:  444:			    preg->translate, preg->syntax & RE_ICASE);
call    0 returned 47141
    47141:  445:  if (BE (err != REG_NOERROR, 0))
branch  0 taken 0 (fallthrough)
branch  1 taken 47141
    #####:  446:    goto free_return;
    47141:  447:  input.stop = stop;
        -:  448:
    47141:  449:  err = match_ctx_init (&mctx, eflags, &input, dfa->nbackref * 2);
call    0 returned 47141
    47141:  450:  if (BE (err != REG_NOERROR, 0))
branch  0 taken 0 (fallthrough)
branch  1 taken 47141
    #####:  451:    goto free_return;
        -:  452:
        -:  453:  /* We will log all the DFA states through which the dfa pass,
        -:  454:     if nmatch > 1, or this dfa has "multibyte node", which is a
        -:  455:     back-reference or a node which can accept multibyte character or
        -:  456:     multi character collating element.  */
    47141:  457:  if (nmatch > 1 || dfa->has_mb_node)
branch  0 taken 46881 (fallthrough)
branch  1 taken 260
branch  2 taken 0 (fallthrough)
branch  3 taken 46881
        -:  458:    {
      260:  459:      mctx.state_log = re_malloc (re_dfastate_t *, dfa->nodes_len + 1);
      260:  460:      if (BE (mctx.state_log == NULL, 0))
branch  0 taken 0 (fallthrough)
branch  1 taken 260
        -:  461:	{
    #####:  462:	  err = REG_ESPACE;
    #####:  463:	  goto free_return;
        -:  464:	}
        -:  465:    }
        -:  466:  else
    46881:  467:    mctx.state_log = NULL;
        -:  468:
        -:  469:#ifdef DEBUG
        -:  470:  /* We assume front-end functions already check them.  */
        -:  471:  assert (start + range >= 0 && start + range <= length);
        -:  472:#endif
        -:  473:
    47141:  474:  match_first = start;
    94282:  475:  input.tip_context = ((eflags & REG_NOTBOL) ? CONTEXT_BEGBUF
   47141*:  476:		       : CONTEXT_NEWLINE | CONTEXT_BEGBUF);
branch  0 taken 0 (fallthrough)
branch  1 taken 47141
        -:  477:
        -:  478:  /* Check incrementally whether of not the input string match.  */
   47141*:  479:  incr = (range < 0) ? -1 : 1;
branch  0 taken 0 (fallthrough)
branch  1 taken 47141
   47141*:  480:  left_lim = (range < 0) ? start + range : start;
branch  0 taken 0 (fallthrough)
branch  1 taken 47141
   47141*:  481:  right_lim = (range < 0) ? start : start + range;
branch  0 taken 47141 (fallthrough)
branch  1 taken 0
    47141:  482:  sb = MB_CUR_MAX == 1;
call    0 returned 47141
   47141*:  483:  fast_translate = sb || !(preg->syntax & RE_ICASE || preg->translate);
branch  0 taken 0 (fallthrough)
branch  1 taken 47141
branch  2 never executed
branch  3 never executed
branch  4 never executed
branch  5 never executed
        -:  484:
        -:  485:  for (;;)
        -:  486:    {
        -:  487:      /* At first get the current byte from input string.  */
   683752:  488:      if (fastmap)
branch  0 taken 0 (fallthrough)
branch  1 taken 683752
        -:  489:	{
    #####:  490:	  if (BE (fast_translate, 1))
branch  0 never executed
branch  1 never executed
        -:  491:	    {
    #####:  492:	      unsigned RE_TRANSLATE_TYPE t
        -:  493:		= (unsigned RE_TRANSLATE_TYPE) preg->translate;
    #####:  494:	      if (BE (range >= 0, 1))
branch  0 never executed
branch  1 never executed
        -:  495:		{
    #####:  496:		  if (BE (t != NULL, 0))
branch  0 never executed
branch  1 never executed
        -:  497:		    {
    #####:  498:		      while (BE (match_first < right_lim, 1)
    #####:  499:			     && !fastmap[t[(unsigned char) string[match_first]]])
branch  0 never executed
branch  1 never executed
branch  2 never executed
branch  3 never executed
    #####:  500:			++match_first;
        -:  501:		    }
        -:  502:		  else
        -:  503:		    {
    #####:  504:		      while (BE (match_first < right_lim, 1)
    #####:  505:			     && !fastmap[(unsigned char) string[match_first]])
branch  0 never executed
branch  1 never executed
branch  2 never executed
branch  3 never executed
    #####:  506:			++match_first;
        -:  507:		    }
    #####:  508:		  if (BE (match_first == right_lim, 0))
branch  0 never executed
branch  1 never executed
        -:  509:		    {
    #####:  510:		      int ch = match_first >= length
    #####:  511:			       ? 0 : (unsigned char) string[match_first];
branch  0 never executed
branch  1 never executed
    #####:  512:		      if (!fastmap[t ? t[ch] : ch])
branch  0 never executed
branch  1 never executed
branch  2 never executed
branch  3 never executed
    #####:  513:			break;
        -:  514:		    }
        -:  515:		}
        -:  516:	      else
        -:  517:		{
    #####:  518:		  while (match_first >= left_lim)
branch  0 never executed
branch  1 never executed
        -:  519:		    {
    #####:  520:		      int ch = match_first >= length
    #####:  521:			       ? 0 : (unsigned char) string[match_first];
branch  0 never executed
branch  1 never executed
    #####:  522:		      if (fastmap[t ? t[ch] : ch])
branch  0 never executed
branch  1 never executed
branch  2 never executed
branch  3 never executed
    #####:  523:			break;
    #####:  524:		      --match_first;
        -:  525:		    }
    #####:  526:		  if (match_first < left_lim)
branch  0 never executed
branch  1 never executed
    #####:  527:		    break;
        -:  528:		}
        -:  529:	    }
        -:  530:	  else
        -:  531:	    {
        -:  532:	      int ch;
        -:  533:
        -:  534:	      do
        -:  535:		{
        -:  536:		  /* In this case, we can't determine easily the current byte,
        -:  537:		     since it might be a component byte of a multibyte
        -:  538:		     character.  Then we use the constructed buffer
        -:  539:		     instead.  */
        -:  540:		  /* If MATCH_FIRST is out of the valid range, reconstruct the
        -:  541:		     buffers.  */
    #####:  542:		  if (input.raw_mbs_idx + input.valid_len <= match_first
branch  0 never executed
branch  1 never executed
    #####:  543:		      || match_first < input.raw_mbs_idx)
branch  0 never executed
branch  1 never executed
        -:  544:		    {
    #####:  545:		      err = re_string_reconstruct (&input, match_first, eflags,
    #####:  546:						   preg->newline_anchor);
call    0 never executed
    #####:  547:		      if (BE (err != REG_NOERROR, 0))
branch  0 never executed
branch  1 never executed
    #####:  548:			goto free_return;
        -:  549:		    }
        -:  550:		  /* If MATCH_FIRST is out of the buffer, leave it as '\0'.
        -:  551:		     Note that MATCH_FIRST must not be smaller than 0.  */
    #####:  552:		  ch = ((match_first >= length) ? 0
    #####:  553:		       : re_string_byte_at (&input,
branch  0 never executed
branch  1 never executed
        -:  554:					    match_first - input.raw_mbs_idx));
    #####:  555:		  if (fastmap[ch])
branch  0 never executed
branch  1 never executed
    #####:  556:		    break;
    #####:  557:		  match_first += incr;
        -:  558:		}
    #####:  559:	      while (match_first >= left_lim && match_first <= right_lim);
branch  0 never executed
branch  1 never executed
branch  2 never executed
branch  3 never executed
    #####:  560:	      if (! fastmap[ch])
branch  0 never executed
branch  1 never executed
    #####:  561:		break;
        -:  562:	    }
        -:  563:	}
        -:  564:
        -:  565:      /* Reconstruct the buffers so that the matcher can assume that
        -:  566:	 the matching starts from the begining of the buffer.  */
   683752:  567:      err = re_string_reconstruct (&input, match_first, eflags,
   683752:  568:				   preg->newline_anchor);
call    0 returned 683752
   683752:  569:      if (BE (err != REG_NOERROR, 0))
branch  0 taken 0 (fallthrough)
branch  1 taken 683752
    #####:  570:	goto free_return;
        -:  571:#ifdef RE_ENABLE_I18N
        -:  572:     /* Eliminate it when it is a component of a multibyte character
        -:  573:	 and isn't the head of a multibyte character.  */
        -:  574:      if (sb || re_string_first_byte (&input, 0))
        -:  575:#endif
        -:  576:	{
        -:  577:	  /* It seems to be appropriate one, then use the matcher.  */
        -:  578:	  /* We assume that the matching starts from 0.  */
   683752:  579:	  mctx.state_log_top = mctx.nbkref_ents = mctx.max_mb_elem_len = 0;
   683752:  580:	  match_last = check_matching (preg, &mctx, 0, fl_longest_match);
call    0 returned 683752
   683752:  581:	  if (match_last != -1)
branch  0 taken 5788 (fallthrough)
branch  1 taken 677964
        -:  582:	    {
     5788:  583:	      if (BE (match_last == -2, 0))
branch  0 taken 0 (fallthrough)
branch  1 taken 5788
        -:  584:		{
    #####:  585:		  err = REG_ESPACE;
    #####:  586:		  goto free_return;
        -:  587:		}
        -:  588:	      else
        -:  589:		{
     5788:  590:		  mctx.match_last = match_last;
     5788:  591:		  if ((!preg->no_sub && nmatch > 1) || dfa->nbackref)
branch  0 taken 5788 (fallthrough)
branch  1 taken 0
branch  2 taken 5758 (fallthrough)
branch  3 taken 30
branch  4 taken 0 (fallthrough)
branch  5 taken 5758
        -:  592:		    {
       30:  593:		      re_dfastate_t *pstate = mctx.state_log[match_last];
       30:  594:		      mctx.last_node = check_halt_state_context (preg, pstate,
call    0 returned 30
        -:  595:								 &mctx, match_last);
        -:  596:		    }
     5788:  597:		  if ((!preg->no_sub && nmatch > 1 && dfa->has_plural_match)
branch  0 taken 5788 (fallthrough)
branch  1 taken 0
branch  2 taken 30 (fallthrough)
branch  3 taken 5758
branch  4 taken 0 (fallthrough)
branch  5 taken 30
     5758:  598:		      || dfa->nbackref)
branch  0 taken 0 (fallthrough)
branch  1 taken 5758
        -:  599:		    {
       30:  600:		      err = prune_impossible_nodes (preg, &mctx);
call    0 returned 30
       30:  601:		      if (err == REG_NOERROR)
branch  0 taken 30 (fallthrough)
branch  1 taken 0
       30:  602:			break;
    #####:  603:		      if (BE (err != REG_NOMATCH, 0))
branch  0 never executed
branch  1 never executed
    #####:  604:			goto free_return;
        -:  605:		    }
        -:  606:		  else
        -:  607:		    break; /* We found a matching.  */
        -:  608:		}
        -:  609:	    }
        -:  610:	}
        -:  611:      /* Update counter.  */
   677964:  612:      match_first += incr;
   677964:  613:      if (match_first < left_lim || right_lim < match_first)
branch  0 taken 677964 (fallthrough)
branch  1 taken 0
branch  2 taken 636611 (fallthrough)
branch  3 taken 41353
        -:  614:	break;
        -:  615:    }
        -:  616:
        -:  617:  /* Set pmatch[] if we need.  */
    47141:  618:  if (match_last != -1 && nmatch > 0)
branch  0 taken 5788 (fallthrough)
branch  1 taken 41353
branch  2 taken 5788 (fallthrough)
branch  3 taken 0
        -:  619:    {
        -:  620:      int reg_idx;
        -:  621:
        -:  622:      /* Initialize registers.  */
    11634:  623:      for (reg_idx = 0; reg_idx < nmatch; ++reg_idx)
branch  0 taken 5846
branch  1 taken 5788 (fallthrough)
     5846:  624:	pmatch[reg_idx].rm_so = pmatch[reg_idx].rm_eo = -1;
        -:  625:
        -:  626:      /* Set the points where matching start/end.  */
     5788:  627:      pmatch[0].rm_so = 0;
     5788:  628:      pmatch[0].rm_eo = mctx.match_last;
        -:  629:
     5788:  630:      if (!preg->no_sub && nmatch > 1)
branch  0 taken 5788 (fallthrough)
branch  1 taken 0
branch  2 taken 30 (fallthrough)
branch  3 taken 5758
        -:  631:	{
      30*:  632:	  err = set_regs (preg, &mctx, nmatch, pmatch,
call    0 returned 30
       30:  633:			  dfa->has_plural_match && dfa->nbackref > 0);
branch  0 taken 30 (fallthrough)
branch  1 taken 0
branch  2 taken 0 (fallthrough)
branch  3 taken 30
       30:  634:	  if (BE (err != REG_NOERROR, 0))
branch  0 taken 0 (fallthrough)
branch  1 taken 30
    #####:  635:	    goto free_return;
        -:  636:	}
        -:  637:
        -:  638:      /* At last, add the offset to the each registers, since we slided
        -:  639:	 the buffers so that We can assume that the matching starts from 0.  */
    11634:  640:      for (reg_idx = 0; reg_idx < nmatch; ++reg_idx)
branch  0 taken 5846
branch  1 taken 5788 (fallthrough)
     5846:  641:	if (pmatch[reg_idx].rm_so != -1)
branch  0 taken 5822 (fallthrough)
branch  1 taken 24
        -:  642:	  {
     5822:  643:	    pmatch[reg_idx].rm_so += match_first;
     5822:  644:	    pmatch[reg_idx].rm_eo += match_first;
        -:  645:	  }
        -:  646:    }
    47141:  647:  err = (match_last == -1) ? REG_NOMATCH : REG_NOERROR;
    47141:  648: free_return:
    47141:  649:  re_free (mctx.state_log);
    47141:  650:  if (dfa->nbackref)
branch  0 taken 0 (fallthrough)
branch  1 taken 47141
    #####:  651:    match_ctx_free (&mctx);
call    0 never executed
    47141:  652:  re_string_destruct (&input);
call    0 returned 47141
    47141:  653:  return err;
        -:  654:}
        -:  655:
        -:  656:static reg_errcode_t
function prune_impossible_nodes called 30 returned 100% blocks executed 30%
       30:  657:prune_impossible_nodes (preg, mctx)
        -:  658:     const regex_t *preg;
        -:  659:     re_match_context_t *mctx;
        -:  660:{
        -:  661:  int halt_node, match_last;
        -:  662:  reg_errcode_t ret;
       30:  663:  re_dfa_t *dfa = (re_dfa_t *)preg->buffer;
        -:  664:  re_dfastate_t **sifted_states;
       30:  665:  re_dfastate_t **lim_states = NULL;
        -:  666:  re_sift_context_t sctx;
        -:  667:#ifdef DEBUG
        -:  668:  assert (mctx->state_log != NULL);
        -:  669:#endif
       30:  670:  match_last = mctx->match_last;
       30:  671:  halt_node = mctx->last_node;
       30:  672:  sifted_states = re_malloc (re_dfastate_t *, match_last + 1);
       30:  673:  if (BE (sifted_states == NULL, 0))
branch  0 taken 0 (fallthrough)
branch  1 taken 30
        -:  674:    {
    #####:  675:      ret = REG_ESPACE;
    #####:  676:      goto free_return;
        -:  677:    }
       30:  678:  if (dfa->nbackref)
branch  0 taken 0 (fallthrough)
branch  1 taken 30
        -:  679:    {
    #####:  680:      lim_states = re_malloc (re_dfastate_t *, match_last + 1);
    #####:  681:      if (BE (lim_states == NULL, 0))
branch  0 never executed
branch  1 never executed
        -:  682:	{
    #####:  683:	  ret = REG_ESPACE;
    #####:  684:	  goto free_return;
        -:  685:	}
        -:  686:      while (1)
        -:  687:	{
    #####:  688:	  memset (lim_states, '\0',
    #####:  689:		  sizeof (re_dfastate_t *) * (match_last + 1));
    #####:  690:	  match_ctx_clear_flag (mctx);
call    0 never executed
    #####:  691:	  sift_ctx_init (&sctx, sifted_states, lim_states, halt_node,
call    0 never executed
        -:  692:			 match_last, 0);
    #####:  693:	  ret = sift_states_backward (preg, mctx, &sctx);
call    0 never executed
    #####:  694:	  re_node_set_free (&sctx.limits);
    #####:  695:	  if (BE (ret != REG_NOERROR, 0))
branch  0 never executed
branch  1 never executed
    #####:  696:	      goto free_return;
    #####:  697:	  if (sifted_states[0] != NULL || lim_states[0] != NULL)
branch  0 never executed
branch  1 never executed
branch  2 never executed
branch  3 never executed
        -:  698:	    break;
        -:  699:	  do
        -:  700:	    {
    #####:  701:	      --match_last;
    #####:  702:	      if (match_last < 0)
branch  0 never executed
branch  1 never executed
        -:  703:		{
    #####:  704:		  ret = REG_NOMATCH;
    #####:  705:		  goto free_return;
        -:  706:		}
    #####:  707:	    } while (!mctx->state_log[match_last]->halt);
branch  0 never executed
branch  1 never executed
    #####:  708:	  halt_node = check_halt_state_context (preg,
    #####:  709:						mctx->state_log[match_last],
call    0 never executed
        -:  710:						mctx, match_last);
        -:  711:	}
    #####:  712:      ret = merge_state_array (dfa, sifted_states, lim_states,
call    0 never executed
        -:  713:			       match_last + 1);
    #####:  714:      re_free (lim_states);
    #####:  715:      lim_states = NULL;
    #####:  716:      if (BE (ret != REG_NOERROR, 0))
branch  0 never executed
branch  1 never executed
    #####:  717:	goto free_return;
        -:  718:    }
        -:  719:  else
        -:  720:    {
       30:  721:      sift_ctx_init (&sctx, sifted_states, lim_states, halt_node,
call    0 returned 30
        -:  722:		     match_last, 0);
       30:  723:      ret = sift_states_backward (preg, mctx, &sctx);
call    0 returned 30
       30:  724:      re_node_set_free (&sctx.limits);
       30:  725:      if (BE (ret != REG_NOERROR, 0))
branch  0 taken 0 (fallthrough)
branch  1 taken 30
    #####:  726:	goto free_return;
        -:  727:    }
       30:  728:  re_free (mctx->state_log);
       30:  729:  mctx->state_log = sifted_states;
       30:  730:  sifted_states = NULL;
       30:  731:  mctx->last_node = halt_node;
       30:  732:  mctx->match_last = match_last;
       30:  733:  ret = REG_NOERROR;
       30:  734: free_return:
       30:  735:  re_free (sifted_states);
       30:  736:  re_free (lim_states);
       30:  737:  return ret;
        -:  738:}
        -:  739:
        -:  740:/* Acquire an initial state and return it.
        -:  741:   We must select appropriate initial state depending on the context,
        -:  742:   since initial states may have constraints like "\<", "^", etc..  */
        -:  743:
        -:  744:static inline re_dfastate_t *
function acquire_init_state_context called 683752 returned 100% blocks executed 65%
   683752:  745:acquire_init_state_context (err, preg, mctx, idx)
        -:  746:     reg_errcode_t *err;
        -:  747:     const regex_t *preg;
        -:  748:     const re_match_context_t *mctx;
        -:  749:     int idx;
        -:  750:{
   683752:  751:  re_dfa_t *dfa = (re_dfa_t *) preg->buffer;
        -:  752:
   683752:  753:  *err = REG_NOERROR;
   683752:  754:  if (dfa->init_state->has_constraint)
branch  0 taken 170575 (fallthrough)
branch  1 taken 513177
        -:  755:    {
        -:  756:      unsigned int context;
   170575:  757:      context =  re_string_context_at (mctx->input, idx - 1, mctx->eflags,
   170575:  758:				       preg->newline_anchor);
call    0 returned 170575
   170575:  759:      if (IS_WORD_CONTEXT (context))
branch  0 taken 127340 (fallthrough)
branch  1 taken 43235
   127340:  760:	return dfa->init_state_word;
    43235:  761:      else if (IS_ORDINARY_CONTEXT (context))
branch  0 taken 32376 (fallthrough)
branch  1 taken 10859
    32376:  762:	return dfa->init_state;
    10859:  763:      else if (IS_BEGBUF_CONTEXT (context) && IS_NEWLINE_CONTEXT (context))
branch  0 taken 10859 (fallthrough)
branch  1 taken 0
branch  2 taken 10859 (fallthrough)
branch  3 taken 0
    10859:  764:	return dfa->init_state_begbuf;
    #####:  765:      else if (IS_NEWLINE_CONTEXT (context))
branch  0 never executed
branch  1 never executed
    #####:  766:	return dfa->init_state_nl;
    #####:  767:      else if (IS_BEGBUF_CONTEXT (context))
branch  0 never executed
branch  1 never executed
        -:  768:	{
        -:  769:	  /* It is relatively rare case, then calculate on demand.  */
    #####:  770:	  return  re_acquire_state_context (err, dfa,
    #####:  771:					    dfa->init_state->entrance_nodes,
call    0 never executed
        -:  772:					    context);
        -:  773:	}
        -:  774:      else
        -:  775:	/* Must not happen?  */
    #####:  776:	return dfa->init_state;
        -:  777:    }
        -:  778:  else
   513177:  779:    return dfa->init_state;
        -:  780:}
        -:  781:
        -:  782:/* Check whether the regular expression match input string INPUT or not,
        -:  783:   and return the index where the matching end, return -1 if not match,
        -:  784:   or return -2 in case of an error.
        -:  785:   FL_SEARCH means we must search where the matching starts,
        -:  786:   FL_LONGEST_MATCH means we want the POSIX longest matching.
        -:  787:   Note that the matcher assume that the maching starts from the current
        -:  788:   index of the buffer.  */
        -:  789:
        -:  790:static int
function check_matching called 683752 returned 100% blocks executed 63%
   683752:  791:check_matching (preg, mctx, fl_search, fl_longest_match)
        -:  792:    const regex_t *preg;
        -:  793:    re_match_context_t *mctx;
        -:  794:    int fl_search, fl_longest_match;
        -:  795:{
   683752:  796:  re_dfa_t *dfa = (re_dfa_t *) preg->buffer;
        -:  797:  reg_errcode_t err;
   683752:  798:  int match = 0;
   683752:  799:  int match_last = -1;
   683752:  800:  int cur_str_idx = re_string_cur_idx (mctx->input);
        -:  801:  re_dfastate_t *cur_state;
        -:  802:
   683752:  803:  cur_state = acquire_init_state_context (&err, preg, mctx, cur_str_idx);
call    0 returned 683752
        -:  804:  /* An initial state must not be NULL(invalid state).  */
   683752:  805:  if (BE (cur_state == NULL, 0))
branch  0 taken 0 (fallthrough)
branch  1 taken 683752
    #####:  806:    return -2;
   683752:  807:  if (mctx->state_log != NULL)
branch  0 taken 3604 (fallthrough)
branch  1 taken 680148
     3604:  808:    mctx->state_log[cur_str_idx] = cur_state;
        -:  809:
        -:  810:  /* Check OP_OPEN_SUBEXP in the initial state in case that we use them
        -:  811:     later.  E.g. Processing back references.  */
   683752:  812:  if (dfa->nbackref)
branch  0 taken 0 (fallthrough)
branch  1 taken 683752
        -:  813:    {
    #####:  814:      err = check_subexp_matching_top (dfa, mctx, &cur_state->nodes, 0);
call    0 never executed
    #####:  815:      if (BE (err != REG_NOERROR, 0))
branch  0 never executed
branch  1 never executed
    #####:  816:	return err;
        -:  817:    }
        -:  818:
   683752:  819:  if (cur_state->has_backref)
branch  0 taken 0 (fallthrough)
branch  1 taken 683752
        -:  820:    {
    #####:  821:      err = transit_state_bkref (preg, cur_state, mctx);
call    0 never executed
    #####:  822:      if (BE (err != REG_NOERROR, 0))
branch  0 never executed
branch  1 never executed
    #####:  823:	return err;
        -:  824:    }
        -:  825:
        -:  826:  /* If the RE accepts NULL string.  */
   683752:  827:  if (cur_state->halt)
branch  0 taken 71931 (fallthrough)
branch  1 taken 611821
        -:  828:    {
    71931:  829:      if (!cur_state->has_constraint
branch  0 taken 71717 (fallthrough)
branch  1 taken 214
    71717:  830:	  || check_halt_state_context (preg, cur_state, mctx, cur_str_idx))
call    0 returned 71717
branch  1 taken 1804 (fallthrough)
branch  2 taken 69913
        -:  831:	{
     2018:  832:	  if (!fl_longest_match)
branch  0 taken 0 (fallthrough)
branch  1 taken 2018
    #####:  833:	    return cur_str_idx;
        -:  834:	  else
        -:  835:	    {
     2018:  836:	      match_last = cur_str_idx;
     2018:  837:	      match = 1;
        -:  838:	    }
        -:  839:	}
        -:  840:    }
        -:  841:
  1069287:  842:  while (!re_string_eoi (mctx->input))
branch  0 taken 997910
branch  1 taken 71377 (fallthrough)
        -:  843:    {
  997910*:  844:      cur_state = transit_state (&err, preg, mctx, cur_state,
branch  0 taken 0 (fallthrough)
branch  1 taken 997910
branch  2 never executed
branch  3 never executed
call    4 returned 997910
        -:  845:				 fl_search && !match);
   997910:  846:      if (cur_state == NULL) /* Reached at the invalid state or an error.  */
branch  0 taken 612375 (fallthrough)
branch  1 taken 385535
        -:  847:	{
   612375:  848:	  cur_str_idx = re_string_cur_idx (mctx->input);
   612375:  849:	  if (BE (err != REG_NOERROR, 0))
branch  0 taken 0 (fallthrough)
branch  1 taken 612375
    #####:  850:	    return -2;
  612375*:  851:	  if (fl_search && !match)
branch  0 taken 0 (fallthrough)
branch  1 taken 612375
branch  2 never executed
branch  3 never executed
        -:  852:	    {
        -:  853:	      /* Restart from initial state, since we are searching
        -:  854:		 the point from where matching start.  */
        -:  855:#ifdef RE_ENABLE_I18N
        -:  856:	      if (MB_CUR_MAX == 1
        -:  857:		  || re_string_first_byte (mctx->input, cur_str_idx))
        -:  858:#endif /* RE_ENABLE_I18N */
    #####:  859:		cur_state = acquire_init_state_context (&err, preg, mctx,
call    0 never executed
        -:  860:							cur_str_idx);
    #####:  861:	      if (BE (cur_state == NULL && err != REG_NOERROR, 0))
branch  0 never executed
branch  1 never executed
branch  2 never executed
branch  3 never executed
    #####:  862:		return -2;
    #####:  863:	      if (mctx->state_log != NULL)
branch  0 never executed
branch  1 never executed
    #####:  864:		mctx->state_log[cur_str_idx] = cur_state;
        -:  865:	    }
  612375*:  866:	  else if (!fl_longest_match && match)
branch  0 taken 0 (fallthrough)
branch  1 taken 612375
branch  2 never executed
branch  3 never executed
        -:  867:	    break;
        -:  868:	  else /* (fl_longest_match && match) || (!fl_search && !match)  */
        -:  869:	    {
   612375:  870:	      if (mctx->state_log == NULL)
branch  0 taken 609037 (fallthrough)
branch  1 taken 3338
   609037:  871:		break;
        -:  872:	      else
        -:  873:		{
     3338:  874:		  int max = mctx->state_log_top;
     6676:  875:		  for (; cur_str_idx <= max; ++cur_str_idx)
branch  0 taken 3338
branch  1 taken 3338 (fallthrough)
     3338:  876:		    if (mctx->state_log[cur_str_idx] != NULL)
branch  0 taken 0 (fallthrough)
branch  1 taken 3338
    #####:  877:		      break;
     3338:  878:		  if (cur_str_idx > max)
branch  0 taken 3338 (fallthrough)
branch  1 taken 0
     3338:  879:		    break;
        -:  880:		}
        -:  881:	    }
        -:  882:	}
        -:  883:
   385535:  884:      if (cur_state != NULL && cur_state->halt)
branch  0 taken 385535 (fallthrough)
branch  1 taken 0
branch  2 taken 23095 (fallthrough)
branch  3 taken 362440
        -:  885:	{
        -:  886:	  /* Reached at a halt state.
        -:  887:	     Check the halt state can satisfy the current context.  */
    23095:  888:	  if (!cur_state->has_constraint
branch  0 taken 3298 (fallthrough)
branch  1 taken 19797
     3298:  889:	      || check_halt_state_context (preg, cur_state, mctx,
branch  0 taken 135 (fallthrough)
branch  1 taken 3163
     3298:  890:					   re_string_cur_idx (mctx->input)))
call    0 returned 3298
        -:  891:	    {
        -:  892:	      /* We found an appropriate halt state.  */
    19932:  893:	      match_last = re_string_cur_idx (mctx->input);
    19932:  894:	      match = 1;
    19932:  895:	      if (!fl_longest_match)
branch  0 taken 0 (fallthrough)
branch  1 taken 19932
    #####:  896:		break;
        -:  897:	    }
        -:  898:	}
        -:  899:   }
   683752:  900:  return match_last;
        -:  901:}
        -:  902:
        -:  903:/* Check NODE match the current context.  */
        -:  904:
function check_halt_node_context called 85146 returned 100% blocks executed 80%
    85146:  905:static int check_halt_node_context (dfa, node, context)
        -:  906:    const re_dfa_t *dfa;
        -:  907:    int node;
        -:  908:    unsigned int context;
        -:  909:{
    85146:  910:  re_token_type_t type = dfa->nodes[node].type;
    85146:  911:  unsigned int constraint = dfa->nodes[node].constraint;
    85146:  912:  if (type != END_OF_RE)
branch  0 taken 77486 (fallthrough)
branch  1 taken 7660
    77486:  913:    return 0;
     7660:  914:  if (!constraint)
branch  0 taken 30 (fallthrough)
branch  1 taken 7630
       30:  915:    return 1;
    7630*:  916:  if (NOT_SATISFY_NEXT_CONSTRAINT (constraint, context))
branch  0 taken 0 (fallthrough)
branch  1 taken 7630
branch  2 never executed
branch  3 never executed
branch  4 taken 0 (fallthrough)
branch  5 taken 7630
branch  6 never executed
branch  7 never executed
branch  8 taken 6889 (fallthrough)
branch  9 taken 741
branch 10 taken 1198 (fallthrough)
branch 11 taken 5691
branch 12 taken 0 (fallthrough)
branch 13 taken 1939
branch 14 never executed
branch 15 never executed
     5691:  917:    return 0;
     1939:  918:  return 1;
        -:  919:}
        -:  920:
        -:  921:/* Check the halt state STATE match the current context.
        -:  922:   Return 0 if not match, if the node, STATE has, is a halt node and
        -:  923:   match the context, return the node.  */
        -:  924:
        -:  925:static int
function check_halt_state_context called 75045 returned 100% blocks executed 100%
    75045:  926:check_halt_state_context (preg, state, mctx, idx)
        -:  927:    const regex_t *preg;
        -:  928:    const re_dfastate_t *state;
        -:  929:    const re_match_context_t *mctx;
        -:  930:    int idx;
        -:  931:{
    75045:  932:  re_dfa_t *dfa = (re_dfa_t *) preg->buffer;
        -:  933:  int i;
        -:  934:  unsigned int context;
        -:  935:#ifdef DEBUG
        -:  936:  assert (state->halt);
        -:  937:#endif
    75045:  938:  context = re_string_context_at (mctx->input, idx, mctx->eflags,
    75045:  939:				  preg->newline_anchor);
call    0 returned 75045
   158222:  940:  for (i = 0; i < state->nodes.nelem; ++i)
branch  0 taken 85146
branch  1 taken 73076 (fallthrough)
    85146:  941:    if (check_halt_node_context (dfa, state->nodes.elems[i], context))
call    0 returned 85146
branch  1 taken 1969 (fallthrough)
branch  2 taken 83177
     1969:  942:      return state->nodes.elems[i];
    73076:  943:  return 0;
        -:  944:}
        -:  945:
        -:  946:/* Compute the next node to which "NFA" transit from NODE("NFA" is a NFA
        -:  947:   corresponding to the DFA).
        -:  948:   Return the destination node, and update EPS_VIA_NODES, return -1 in case
        -:  949:   of errors.  */
        -:  950:
        -:  951:static int
function proceed_next_node called 376 returned 100% blocks executed 52%
      376:  952:proceed_next_node (preg, nregs, regs, mctx, pidx, node, eps_via_nodes, fs)
        -:  953:    const regex_t *preg;
        -:  954:    regmatch_t *regs;
        -:  955:    const re_match_context_t *mctx;
        -:  956:    int nregs, *pidx, node;
        -:  957:    re_node_set *eps_via_nodes;
        -:  958:    struct re_fail_stack_t *fs;
        -:  959:{
      376:  960:  re_dfa_t *dfa = (re_dfa_t *)preg->buffer;
        -:  961:  int i, err, dest_node;
      376:  962:  dest_node = -1;
      376:  963:  if (IS_EPSILON_NODE (dfa->nodes[node].type))
branch  0 taken 352 (fallthrough)
branch  1 taken 24
branch  2 taken 253 (fallthrough)
branch  3 taken 99
branch  4 taken 253 (fallthrough)
branch  5 taken 0
branch  6 taken 253 (fallthrough)
branch  7 taken 0
branch  8 taken 253 (fallthrough)
branch  9 taken 0
branch 10 taken 219 (fallthrough)
branch 11 taken 34
branch 12 taken 34 (fallthrough)
branch 13 taken 185
        -:  964:    {
      191:  965:      re_node_set *cur_nodes = &mctx->state_log[*pidx]->nodes;
        -:  966:      int ndest, dest_nodes[2];
      191:  967:      err = re_node_set_insert (eps_via_nodes, node);
call    0 returned 191
      191:  968:      if (BE (err < 0, 0))
branch  0 taken 0 (fallthrough)
branch  1 taken 191
    #####:  969:	return -1;
        -:  970:      /* Pick up valid destinations.  */
      505:  971:      for (ndest = 0, i = 0; i < dfa->edests[node].nelem; ++i)
branch  0 taken 314
branch  1 taken 191 (fallthrough)
        -:  972:	{
      314:  973:	  int candidate = dfa->edests[node].elems[i];
      314:  974:	  if (!re_node_set_contains (cur_nodes, candidate))
call    0 returned 314
branch  1 taken 123 (fallthrough)
branch  2 taken 191
      123:  975:	    continue;
     191*:  976:	  dest_nodes[0] = (ndest == 0) ? candidate : dest_nodes[0];
branch  0 taken 0 (fallthrough)
branch  1 taken 191
     191*:  977:	  dest_nodes[1] = (ndest == 1) ? candidate : dest_nodes[1];
branch  0 taken 191 (fallthrough)
branch  1 taken 0
      191:  978:	  ++ndest;
        -:  979:	}
      191:  980:      if (ndest <= 1)
branch  0 taken 191 (fallthrough)
branch  1 taken 0
     191*:  981:	return ndest == 0 ? -1 : (ndest == 1 ? dest_nodes[0] : 0);
branch  0 taken 191 (fallthrough)
branch  1 taken 0
branch  2 taken 191 (fallthrough)
branch  3 taken 0
        -:  982:      /* In order to avoid infinite loop like "(a*)*".  */
    #####:  983:      if (re_node_set_contains (eps_via_nodes, dest_nodes[0]))
call    0 never executed
branch  1 never executed
branch  2 never executed
    #####:  984:	return dest_nodes[1];
    #####:  985:      if (fs != NULL)
branch  0 never executed
branch  1 never executed
    #####:  986:	push_fail_stack (fs, *pidx, dest_nodes, nregs, regs, eps_via_nodes);
call    0 never executed
    #####:  987:      return dest_nodes[0];
        -:  988:    }
        -:  989:  else
        -:  990:    {
      185:  991:      int naccepted = 0;
      185:  992:      re_token_type_t type = dfa->nodes[node].type;
        -:  993:
        -:  994:#ifdef RE_ENABLE_I18N
        -:  995:      if (ACCEPT_MB_NODE (type))
        -:  996:	naccepted = check_node_accept_bytes (preg, node, mctx->input, *pidx);
        -:  997:      else
        -:  998:#endif /* RE_ENABLE_I18N */
      185:  999:      if (type == OP_BACK_REF)
branch  0 taken 0 (fallthrough)
branch  1 taken 185
        -: 1000:	{
    #####: 1001:	  int subexp_idx = dfa->nodes[node].opr.idx;
    #####: 1002:	  naccepted = regs[subexp_idx].rm_eo - regs[subexp_idx].rm_so;
    #####: 1003:	  if (fs != NULL)
branch  0 never executed
branch  1 never executed
        -: 1004:	    {
    #####: 1005:	      if (regs[subexp_idx].rm_so == -1 || regs[subexp_idx].rm_eo == -1)
branch  0 never executed
branch  1 never executed
branch  2 never executed
branch  3 never executed
    #####: 1006:		return -1;
    #####: 1007:	      else if (naccepted)
branch  0 never executed
branch  1 never executed
        -: 1008:		{
    #####: 1009:		  char *buf = re_string_get_buffer (mctx->input);
    #####: 1010:		  if (my_memcmp (buf + regs[subexp_idx].rm_so, buf + *pidx,
call    0 never executed
branch  1 never executed
branch  2 never executed
        -: 1011:			         naccepted) != 0)
    #####: 1012:		    return -1;
        -: 1013:		}
        -: 1014:	    }
        -: 1015:
    #####: 1016:	  if (naccepted == 0)
branch  0 never executed
branch  1 never executed
        -: 1017:	    {
    #####: 1018:	      err = re_node_set_insert (eps_via_nodes, node);
call    0 never executed
    #####: 1019:	      if (BE (err < 0, 0))
branch  0 never executed
branch  1 never executed
    #####: 1020:		return -2;
    #####: 1021:	      dest_node = dfa->edests[node].elems[0];
    #####: 1022:	      if (re_node_set_contains (&mctx->state_log[*pidx]->nodes,
call    0 never executed
branch  1 never executed
branch  2 never executed
        -: 1023:					dest_node))
    #####: 1024:		return dest_node;
        -: 1025:	    }
        -: 1026:	}
        -: 1027:
      185: 1028:      if (naccepted != 0
branch  0 taken 185 (fallthrough)
branch  1 taken 0
      185: 1029:	  || check_node_accept (preg, dfa->nodes + node, mctx, *pidx))
call    0 returned 185
branch  1 taken 185 (fallthrough)
branch  2 taken 0
        -: 1030:	{
      185: 1031:	  dest_node = dfa->nexts[node];
     185*: 1032:	  *pidx = (naccepted == 0) ? *pidx + 1 : *pidx + naccepted;
branch  0 taken 185 (fallthrough)
branch  1 taken 0
     185*: 1033:	  if (fs && (*pidx > mctx->match_last || mctx->state_log[*pidx] == NULL
branch  0 taken 0 (fallthrough)
branch  1 taken 185
branch  2 never executed
branch  3 never executed
branch  4 never executed
branch  5 never executed
    #####: 1034:		     || !re_node_set_contains (&mctx->state_log[*pidx]->nodes,
call    0 never executed
branch  1 never executed
branch  2 never executed
        -: 1035:					       dest_node)))
    #####: 1036:	    return -1;
      185: 1037:	  re_node_set_empty (eps_via_nodes);
      185: 1038:	  return dest_node;
        -: 1039:	}
        -: 1040:    }
    #####: 1041:  return -1;
        -: 1042:}
        -: 1043:
        -: 1044:static reg_errcode_t
function push_fail_stack called 0 returned 0% blocks executed 0%
    #####: 1045:push_fail_stack (fs, str_idx, dests, nregs, regs, eps_via_nodes)
        -: 1046:     struct re_fail_stack_t *fs;
        -: 1047:     int str_idx, *dests, nregs;
        -: 1048:     regmatch_t *regs;
        -: 1049:     re_node_set *eps_via_nodes;
        -: 1050:{
        -: 1051:  reg_errcode_t err;
    #####: 1052:  int num = fs->num++;
    #####: 1053:  if (fs->num == fs->alloc)
branch  0 never executed
branch  1 never executed
        -: 1054:    {
        -: 1055:      struct re_fail_stack_ent_t *new_array;
    #####: 1056:      fs->alloc *= 2;
    #####: 1057:      new_array = realloc (fs->stack, (sizeof (struct re_fail_stack_ent_t)
    #####: 1058:				       * fs->alloc));
    #####: 1059:      if (new_array == NULL)
branch  0 never executed
branch  1 never executed
    #####: 1060:	return REG_ESPACE;
    #####: 1061:      fs->stack = new_array;
        -: 1062:    }
    #####: 1063:  fs->stack[num].idx = str_idx;
    #####: 1064:  fs->stack[num].node = dests[1];
    #####: 1065:  fs->stack[num].regs = re_malloc (regmatch_t, nregs);
    #####: 1066:  memcpy (fs->stack[num].regs, regs, sizeof (regmatch_t) * nregs);
    #####: 1067:  err = re_node_set_init_copy (&fs->stack[num].eps_via_nodes, eps_via_nodes);
call    0 never executed
    #####: 1068:  return err;
        -: 1069:}
        -: 1070:
        -: 1071:static int
function pop_fail_stack called 0 returned 0% blocks executed 0%
    #####: 1072:pop_fail_stack (fs, pidx, nregs, regs, eps_via_nodes)
        -: 1073:     struct re_fail_stack_t *fs;
        -: 1074:     int *pidx, nregs;
        -: 1075:     regmatch_t *regs;
        -: 1076:     re_node_set *eps_via_nodes;
        -: 1077:{
    #####: 1078:  int num = --fs->num;
    #####: 1079:  assert (num >= 0);
branch  0 never executed
branch  1 never executed
call    2 never executed
    #####: 1080: *pidx = fs->stack[num].idx;
    #####: 1081:  memcpy (regs, fs->stack[num].regs, sizeof (regmatch_t) * nregs);
    #####: 1082:  re_node_set_free (eps_via_nodes);
    #####: 1083:  re_free (fs->stack[num].regs);
    #####: 1084:  *eps_via_nodes = fs->stack[num].eps_via_nodes;
    #####: 1085:  return fs->stack[num].node;
        -: 1086:}
        -: 1087:
        -: 1088:/* Set the positions where the subexpressions are starts/ends to registers
        -: 1089:   PMATCH.
        -: 1090:   Note: We assume that pmatch[0] is already set, and
        -: 1091:   pmatch[i].rm_so == pmatch[i].rm_eo == -1 (i > 1).  */
        -: 1092:
        -: 1093:static reg_errcode_t
function set_regs called 30 returned 100% blocks executed 45%
       30: 1094:set_regs (preg, mctx, nmatch, pmatch, fl_backtrack)
        -: 1095:     const regex_t *preg;
        -: 1096:     const re_match_context_t *mctx;
        -: 1097:     size_t nmatch;
        -: 1098:     regmatch_t *pmatch;
        -: 1099:     int fl_backtrack;
        -: 1100:{
       30: 1101:  re_dfa_t *dfa = (re_dfa_t *)preg->buffer;
        -: 1102:  int idx, cur_node, real_nmatch;
        -: 1103:  re_node_set eps_via_nodes;
        -: 1104:  struct re_fail_stack_t *fs;
       30: 1105:  struct re_fail_stack_t fs_body = {0, 2, NULL};
        -: 1106:#ifdef DEBUG
        -: 1107:  assert (nmatch > 1);
        -: 1108:  assert (mctx->state_log != NULL);
        -: 1109:#endif
       30: 1110:  if (fl_backtrack)
branch  0 taken 0 (fallthrough)
branch  1 taken 30
        -: 1111:    {
    #####: 1112:      fs = &fs_body;
    #####: 1113:      fs->stack = re_malloc (struct re_fail_stack_ent_t, fs->alloc);
        -: 1114:    }
        -: 1115:  else
       30: 1116:    fs = NULL;
       30: 1117:  cur_node = dfa->init_node;
      30*: 1118:  real_nmatch = (nmatch <= preg->re_nsub) ? nmatch : preg->re_nsub + 1;
branch  0 taken 30 (fallthrough)
branch  1 taken 0
       30: 1119:  re_node_set_init_empty (&eps_via_nodes);
      406: 1120:  for (idx = pmatch[0].rm_so; idx <= pmatch[0].rm_eo ;)
branch  0 taken 406
branch  1 taken 0 (fallthrough)
        -: 1121:    {
      406: 1122:      update_regs (dfa, pmatch, cur_node, idx, real_nmatch);
call    0 returned 406
      406: 1123:      if (idx == pmatch[0].rm_eo && cur_node == mctx->last_node)
branch  0 taken 54 (fallthrough)
branch  1 taken 352
branch  2 taken 30 (fallthrough)
branch  3 taken 24
        -: 1124:	{
        -: 1125:	  int reg_idx;
       30: 1126:	  if (fs)
branch  0 taken 0 (fallthrough)
branch  1 taken 30
        -: 1127:	    {
    #####: 1128:	      for (reg_idx = 0; reg_idx < nmatch; ++reg_idx)
branch  0 never executed
branch  1 never executed
    #####: 1129:		if (pmatch[reg_idx].rm_so > -1 && pmatch[reg_idx].rm_eo == -1)
branch  0 never executed
branch  1 never executed
branch  2 never executed
branch  3 never executed
    #####: 1130:		  break;
    #####: 1131:	      if (reg_idx == nmatch)
branch  0 never executed
branch  1 never executed
        -: 1132:		{
    #####: 1133:		  re_node_set_free (&eps_via_nodes);
    #####: 1134:		  return free_fail_stack_return (fs);
call    0 never executed
        -: 1135:		}
    #####: 1136:	      cur_node = pop_fail_stack (fs, &idx, nmatch, pmatch,
call    0 never executed
        -: 1137:					 &eps_via_nodes);
        -: 1138:	    }
        -: 1139:	  else
        -: 1140:	    {
       30: 1141:	      re_node_set_free (&eps_via_nodes);
       30: 1142:	      return REG_NOERROR;
        -: 1143:	    }
        -: 1144:	}
        -: 1145:
        -: 1146:      /* Proceed to next node.  */
      376: 1147:      cur_node = proceed_next_node (preg, nmatch, pmatch, mctx, &idx, cur_node,
call    0 returned 376
        -: 1148:				    &eps_via_nodes, fs);
        -: 1149:
      376: 1150:      if (BE (cur_node < 0, 0))
branch  0 taken 0 (fallthrough)
branch  1 taken 376
        -: 1151:	{
    #####: 1152:	  if (cur_node == -2)
branch  0 never executed
branch  1 never executed
    #####: 1153:	    return REG_ESPACE;
    #####: 1154:	  if (fs)
branch  0 never executed
branch  1 never executed
    #####: 1155:	    cur_node = pop_fail_stack (fs, &idx, nmatch, pmatch,
call    0 never executed
        -: 1156:				       &eps_via_nodes);
        -: 1157:	  else
        -: 1158:	    {
    #####: 1159:	      re_node_set_free (&eps_via_nodes);
    #####: 1160:	      return REG_NOMATCH;
        -: 1161:	    }
        -: 1162:	}
        -: 1163:    }
    #####: 1164:  re_node_set_free (&eps_via_nodes);
    #####: 1165:  return free_fail_stack_return (fs);
call    0 never executed
        -: 1166:}
        -: 1167:
        -: 1168:static reg_errcode_t
function free_fail_stack_return called 0 returned 0% blocks executed 0%
    #####: 1169:free_fail_stack_return (fs)
        -: 1170:     struct re_fail_stack_t *fs;
        -: 1171:{
    #####: 1172:  if (fs)
branch  0 never executed
branch  1 never executed
        -: 1173:    {
        -: 1174:      int fs_idx;
    #####: 1175:      for (fs_idx = 0; fs_idx < fs->num; ++fs_idx)
branch  0 never executed
branch  1 never executed
        -: 1176:	{
    #####: 1177:	  re_node_set_free (&fs->stack[fs_idx].eps_via_nodes);
    #####: 1178:	  re_free (fs->stack[fs_idx].regs);
        -: 1179:	}
    #####: 1180:      re_free (fs->stack);
        -: 1181:    }
    #####: 1182:  return REG_NOERROR;
        -: 1183:}
        -: 1184:
        -: 1185:static void
function update_regs called 406 returned 100% blocks executed 90%
      406: 1186:update_regs (dfa, pmatch, cur_node, cur_idx, nmatch)
        -: 1187:     re_dfa_t *dfa;
        -: 1188:     regmatch_t *pmatch;
        -: 1189:     int cur_node, cur_idx, nmatch;
        -: 1190:{
      406: 1191:  int type = dfa->nodes[cur_node].type;
        -: 1192:  int reg_num;
      406: 1193:  if (type != OP_OPEN_SUBEXP && type != OP_CLOSE_SUBEXP)
branch  0 taken 372 (fallthrough)
branch  1 taken 34
branch  2 taken 338 (fallthrough)
branch  3 taken 34
      338: 1194:    return;
       68: 1195:  reg_num = dfa->nodes[cur_node].opr.idx + 1;
       68: 1196:  if (reg_num >= nmatch)
branch  0 taken 0 (fallthrough)
branch  1 taken 68
    #####: 1197:    return;
       68: 1198:  if (type == OP_OPEN_SUBEXP)
branch  0 taken 34 (fallthrough)
branch  1 taken 34
        -: 1199:    {
        -: 1200:      /* We are at the first node of this sub expression.  */
       34: 1201:      pmatch[reg_num].rm_so = cur_idx;
       34: 1202:      pmatch[reg_num].rm_eo = -1;
        -: 1203:    }
       34: 1204:  else if (type == OP_CLOSE_SUBEXP)
branch  0 taken 34 (fallthrough)
branch  1 taken 0
        -: 1205:    /* We are at the first node of this sub expression.  */
       34: 1206:    pmatch[reg_num].rm_eo = cur_idx;
        -: 1207:}
        -: 1208:
        -: 1209:#define NUMBER_OF_STATE 1
        -: 1210:
        -: 1211:/* This function checks the STATE_LOG from the SCTX->last_str_idx to 0
        -: 1212:   and sift the nodes in each states according to the following rules.
        -: 1213:   Updated state_log will be wrote to STATE_LOG.
        -: 1214:
        -: 1215:   Rules: We throw away the Node `a' in the STATE_LOG[STR_IDX] if...
        -: 1216:     1. When STR_IDX == MATCH_LAST(the last index in the state_log):
        -: 1217:	If `a' isn't the LAST_NODE and `a' can't epsilon transit to
        -: 1218:	the LAST_NODE, we throw away the node `a'.
        -: 1219:     2. When 0 <= STR_IDX < MATCH_LAST and `a' accepts
        -: 1220:	string `s' and transit to `b':
        -: 1221:	i. If 'b' isn't in the STATE_LOG[STR_IDX+strlen('s')], we throw
        -: 1222:	   away the node `a'.
        -: 1223:	ii. If 'b' is in the STATE_LOG[STR_IDX+strlen('s')] but 'b' is
        -: 1224:	    throwed away, we throw away the node `a'.
        -: 1225:     3. When 0 <= STR_IDX < n and 'a' epsilon transit to 'b':
        -: 1226:	i. If 'b' isn't in the STATE_LOG[STR_IDX], we throw away the
        -: 1227:	   node `a'.
        -: 1228:	ii. If 'b' is in the STATE_LOG[STR_IDX] but 'b' is throwed away,
        -: 1229:	    we throw away the node `a'.  */
        -: 1230:
        -: 1231:#define STATE_NODE_CONTAINS(state,node) \
        -: 1232:  ((state) != NULL && re_node_set_contains (&(state)->nodes, node))
        -: 1233:
        -: 1234:static reg_errcode_t
function sift_states_backward called 30 returned 100% blocks executed 80%
       30: 1235:sift_states_backward (preg, mctx, sctx)
        -: 1236:     const regex_t *preg;
        -: 1237:     re_match_context_t *mctx;
        -: 1238:     re_sift_context_t *sctx;
        -: 1239:{
        -: 1240:  reg_errcode_t err;
       30: 1241:  re_dfa_t *dfa = (re_dfa_t *)preg->buffer;
       30: 1242:  int null_cnt = 0;
       30: 1243:  int str_idx = sctx->last_str_idx;
        -: 1244:  re_node_set cur_dest;
        -: 1245:  re_node_set *cur_src; /* Points the state_log[str_idx]->nodes  */
        -: 1246:
        -: 1247:#ifdef DEBUG
        -: 1248:  assert (mctx->state_log != NULL && mctx->state_log[str_idx] != NULL);
        -: 1249:#endif
       30: 1250:  cur_src = &mctx->state_log[str_idx]->nodes;
        -: 1251:
        -: 1252:  /* Build sifted state_log[str_idx].  It has the nodes which can epsilon
        -: 1253:     transit to the last_node and the last_node itself.  */
       30: 1254:  err = re_node_set_init_1 (&cur_dest, sctx->last_node);
call    0 returned 30
       30: 1255:  if (BE (err != REG_NOERROR, 0))
branch  0 taken 0 (fallthrough)
branch  1 taken 30
    #####: 1256:    return err;
       30: 1257:  err = update_cur_sifted_state (preg, mctx, sctx, str_idx, &cur_dest);
call    0 returned 30
       30: 1258:  if (BE (err != REG_NOERROR, 0))
branch  0 taken 0 (fallthrough)
branch  1 taken 30
    #####: 1259:    goto free_return;
        -: 1260:
        -: 1261:  /* Then check each states in the state_log.  */
      215: 1262:  while (str_idx > 0)
branch  0 taken 185
branch  1 taken 30 (fallthrough)
        -: 1263:    {
        -: 1264:      int i, ret;
        -: 1265:      /* Update counters.  */
     185*: 1266:      null_cnt = (sctx->sifted_states[str_idx] == NULL) ? null_cnt + 1 : 0;
branch  0 taken 0 (fallthrough)
branch  1 taken 185
      185: 1267:      if (null_cnt > mctx->max_mb_elem_len)
branch  0 taken 0 (fallthrough)
branch  1 taken 185
        -: 1268:	{
    #####: 1269:	  memset (sctx->sifted_states, '\0',
        -: 1270:		  sizeof (re_dfastate_t *) * str_idx);
    #####: 1271:	  re_node_set_free (&cur_dest);
    #####: 1272:	  return REG_NOERROR;
        -: 1273:	}
      185: 1274:      re_node_set_empty (&cur_dest);
      185: 1275:      --str_idx;
      370: 1276:      cur_src = ((mctx->state_log[str_idx] == NULL) ? &empty_set
     185*: 1277:		 : &mctx->state_log[str_idx]->nodes);
branch  0 taken 185 (fallthrough)
branch  1 taken 0
        -: 1278:
        -: 1279:      /* Then build the next sifted state.
        -: 1280:	 We build the next sifted state on `cur_dest', and update
        -: 1281:	 `sifted_states[str_idx]' with `cur_dest'.
        -: 1282:	 Note:
        -: 1283:	 `cur_dest' is the sifted state from `state_log[str_idx + 1]'.
        -: 1284:	 `cur_src' points the node_set of the old `state_log[str_idx]'.  */
     1041: 1285:      for (i = 0; i < cur_src->nelem; i++)
branch  0 taken 856
branch  1 taken 185 (fallthrough)
        -: 1286:	{
      856: 1287:	  int prev_node = cur_src->elems[i];
      856: 1288:	  int naccepted = 0;
      856: 1289:	  re_token_type_t type = dfa->nodes[prev_node].type;
        -: 1290:
      856: 1291:	  if (IS_EPSILON_NODE(type))
branch  0 taken 832 (fallthrough)
branch  1 taken 24
branch  2 taken 668 (fallthrough)
branch  3 taken 164
branch  4 taken 668 (fallthrough)
branch  5 taken 0
branch  6 taken 668 (fallthrough)
branch  7 taken 0
branch  8 taken 668 (fallthrough)
branch  9 taken 0
branch 10 taken 609 (fallthrough)
branch 11 taken 59
branch 12 taken 164 (fallthrough)
branch 13 taken 445
      411: 1292:	    continue;
        -: 1293:#ifdef RE_ENABLE_I18N
        -: 1294:	  /* If the node may accept `multi byte'.  */
        -: 1295:	  if (ACCEPT_MB_NODE (type))
        -: 1296:	    naccepted = sift_states_iter_mb (preg, mctx, sctx, prev_node,
        -: 1297:					     str_idx, sctx->last_str_idx);
        -: 1298:
        -: 1299:#endif /* RE_ENABLE_I18N */
        -: 1300:	  /* We don't check backreferences here.
        -: 1301:	     See update_cur_sifted_state().  */
        -: 1302:
      445: 1303:	  if (!naccepted
branch  0 taken 445 (fallthrough)
branch  1 taken 0
      445: 1304:	      && check_node_accept (preg, dfa->nodes + prev_node, mctx,
call    0 returned 445
branch  1 taken 272 (fallthrough)
branch  2 taken 173
        -: 1305:				    str_idx)
      272: 1306:	      && STATE_NODE_CONTAINS (sctx->sifted_states[str_idx + 1],
branch  0 taken 272 (fallthrough)
branch  1 taken 0
call    2 returned 272
branch  3 taken 185 (fallthrough)
branch  4 taken 87
        -: 1307:				      dfa->nexts[prev_node]))
      185: 1308:	    naccepted = 1;
        -: 1309:
      445: 1310:	  if (naccepted == 0)
branch  0 taken 260 (fallthrough)
branch  1 taken 185
      260: 1311:	    continue;
        -: 1312:
      185: 1313:	  if (sctx->limits.nelem)
branch  0 taken 0 (fallthrough)
branch  1 taken 185
        -: 1314:	    {
    #####: 1315:	      int to_idx = str_idx + naccepted;
    #####: 1316:	      if (check_dst_limits (dfa, &sctx->limits, mctx,
branch  0 never executed
branch  1 never executed
    #####: 1317:				    dfa->nexts[prev_node], to_idx,
call    0 never executed
        -: 1318:				    prev_node, str_idx))
    #####: 1319:		continue;
        -: 1320:	    }
      185: 1321:	  ret = re_node_set_insert (&cur_dest, prev_node);
call    0 returned 185
      185: 1322:	  if (BE (ret == -1, 0))
branch  0 taken 0 (fallthrough)
branch  1 taken 185
        -: 1323:	    {
    #####: 1324:	      err = REG_ESPACE;
    #####: 1325:	      goto free_return;
        -: 1326:	    }
        -: 1327:	}
        -: 1328:
        -: 1329:      /* Add all the nodes which satisfy the following conditions:
        -: 1330:	 - It can epsilon transit to a node in CUR_DEST.
        -: 1331:	 - It is in CUR_SRC.
        -: 1332:	 And update state_log.  */
      185: 1333:      err = update_cur_sifted_state (preg, mctx, sctx, str_idx, &cur_dest);
call    0 returned 185
      185: 1334:      if (BE (err != REG_NOERROR, 0))
branch  0 taken 0 (fallthrough)
branch  1 taken 185
    #####: 1335:	goto free_return;
        -: 1336:    }
       30: 1337:  err = REG_NOERROR;
       30: 1338: free_return:
       30: 1339:  re_node_set_free (&cur_dest);
       30: 1340:  return err;
        -: 1341:}
        -: 1342:
        -: 1343:/* Helper functions.  */
        -: 1344:
        -: 1345:static inline reg_errcode_t
function clean_state_log_if_need called 0 returned 0% blocks executed 0%
    #####: 1346:clean_state_log_if_need (mctx, next_state_log_idx)
        -: 1347:    re_match_context_t *mctx;
        -: 1348:    int next_state_log_idx;
        -: 1349:{
    #####: 1350:  int top = mctx->state_log_top;
        -: 1351:
    #####: 1352:  if (next_state_log_idx >= mctx->input->bufs_len
branch  0 never executed
branch  1 never executed
    #####: 1353:      || (next_state_log_idx >= mctx->input->valid_len
branch  0 never executed
branch  1 never executed
    #####: 1354:	  && mctx->input->valid_len < mctx->input->len))
branch  0 never executed
branch  1 never executed
        -: 1355:    {
        -: 1356:      reg_errcode_t err;
    #####: 1357:      err = extend_buffers (mctx);
call    0 never executed
    #####: 1358:      if (BE (err != REG_NOERROR, 0))
branch  0 never executed
branch  1 never executed
    #####: 1359:	return err;
        -: 1360:    }
        -: 1361:
    #####: 1362:  if (top < next_state_log_idx)
branch  0 never executed
branch  1 never executed
        -: 1363:    {
    #####: 1364:      memset (mctx->state_log + top + 1, '\0',
    #####: 1365:	      sizeof (re_dfastate_t *) * (next_state_log_idx - top));
    #####: 1366:      mctx->state_log_top = next_state_log_idx;
        -: 1367:    }
    #####: 1368:  return REG_NOERROR;
        -: 1369:}
        -: 1370:
        -: 1371:static reg_errcode_t
function merge_state_array called 0 returned 0% blocks executed 0%
    #####: 1372:merge_state_array (dfa, dst, src, num)
        -: 1373:     re_dfa_t *dfa;
        -: 1374:     re_dfastate_t **dst;
        -: 1375:     re_dfastate_t **src;
        -: 1376:     int num;
        -: 1377:{
        -: 1378:  int st_idx;
        -: 1379:  reg_errcode_t err;
    #####: 1380:  for (st_idx = 0; st_idx < num; ++st_idx)
branch  0 never executed
branch  1 never executed
        -: 1381:    {
    #####: 1382:      if (dst[st_idx] == NULL)
branch  0 never executed
branch  1 never executed
    #####: 1383:	dst[st_idx] = src[st_idx];
    #####: 1384:      else if (src[st_idx] != NULL)
branch  0 never executed
branch  1 never executed
        -: 1385:	{
        -: 1386:	  re_node_set merged_set;
    #####: 1387:	  err = re_node_set_init_union (&merged_set, &dst[st_idx]->nodes,
    #####: 1388:					&src[st_idx]->nodes);
call    0 never executed
    #####: 1389:	  if (BE (err != REG_NOERROR, 0))
branch  0 never executed
branch  1 never executed
    #####: 1390:	    return err;
    #####: 1391:	  dst[st_idx] = re_acquire_state (&err, dfa, &merged_set);
call    0 never executed
    #####: 1392:	  re_node_set_free (&merged_set);
    #####: 1393:	  if (BE (err != REG_NOERROR, 0))
branch  0 never executed
branch  1 never executed
    #####: 1394:	    return err;
        -: 1395:	}
        -: 1396:    }
    #####: 1397:  return REG_NOERROR;
        -: 1398:}
        -: 1399:
        -: 1400:static reg_errcode_t
[...]
        -: 3338:			  {
        -: 3339:			    match_len = elem_len;
        -: 3340:			    goto check_node_accept_bytes_match;
        -: 3341:			  }
        -: 3342:		      }
        -: 3343:		  }
        -: 3344:	    }
        -: 3345:	}
        -: 3346:      else
        -: 3347:# endif /* _LIBC */
        -: 3348:	{
        -: 3349:	  /* match with range expression?  */
        -: 3350:#if __GNUC__ >= 2
        -: 3351:	  wchar_t cmp_buf[] = {L'\0', L'\0', wc, L'\0', L'\0', L'\0'};
        -: 3352:#else
        -: 3353:	  wchar_t cmp_buf[] = {L'\0', L'\0', L'\0', L'\0', L'\0', L'\0'};
        -: 3354:	  cmp_buf[2] = wc;
        -: 3355:#endif
        -: 3356:	  for (i = 0; i < cset->nranges; ++i)
        -: 3357:	    {
        -: 3358:	      cmp_buf[0] = cset->range_starts[i];
        -: 3359:	      cmp_buf[4] = cset->range_ends[i];
        -: 3360:	      if (wcscoll (cmp_buf, cmp_buf + 2) <= 0
        -: 3361:		  && wcscoll (cmp_buf + 2, cmp_buf + 4) <= 0)
        -: 3362:		{
        -: 3363:		  match_len = char_len;
        -: 3364:		  goto check_node_accept_bytes_match;
        -: 3365:		}
        -: 3366:	    }
        -: 3367:	}
        -: 3368:    check_node_accept_bytes_match:
        -: 3369:      if (!cset->non_match)
        -: 3370:	return match_len;
        -: 3371:      else
        -: 3372:	{
        -: 3373:	  if (match_len > 0)
        -: 3374:	    return 0;
        -: 3375:	  else
        -: 3376:	    return (elem_len > char_len) ? elem_len : char_len;
        -: 3377:	}
        -: 3378:    }
        -: 3379:  return 0;
        -: 3380:}
        -: 3381:
        -: 3382:# ifdef _LIBC
        -: 3383:static unsigned int
        -: 3384:find_collation_sequence_value (mbs, mbs_len)
        -: 3385:    const unsigned char *mbs;
        -: 3386:    size_t mbs_len;
        -: 3387:{
        -: 3388:  uint32_t nrules = _NL_CURRENT_WORD (LC_COLLATE, _NL_COLLATE_NRULES);
        -: 3389:  if (nrules == 0)
        -: 3390:    {
        -: 3391:      if (mbs_len == 1)
        -: 3392:	{
        -: 3393:	  /* No valid character.  Match it as a single byte character.  */
        -: 3394:	  const unsigned char *collseq = (const unsigned char *)
        -: 3395:	    _NL_CURRENT (LC_COLLATE, _NL_COLLATE_COLLSEQMB);
        -: 3396:	  return collseq[mbs[0]];
        -: 3397:	}
        -: 3398:      return UINT_MAX;
        -: 3399:    }
        -: 3400:  else
        -: 3401:    {
        -: 3402:      int32_t idx;
        -: 3403:      const unsigned char *extra = (const unsigned char *)
        -: 3404:	_NL_CURRENT (LC_COLLATE, _NL_COLLATE_SYMB_EXTRAMB);
        -: 3405:
        -: 3406:      for (idx = 0; ;)
        -: 3407:	{
        -: 3408:	  int mbs_cnt, found = 0;
        -: 3409:	  int32_t elem_mbs_len;
        -: 3410:	  /* Skip the name of collating element name.  */
        -: 3411:	  idx = idx + extra[idx] + 1;
        -: 3412:	  elem_mbs_len = extra[idx++];
        -: 3413:	  if (mbs_len == elem_mbs_len)
        -: 3414:	    {
        -: 3415:	      for (mbs_cnt = 0; mbs_cnt < elem_mbs_len; ++mbs_cnt)
        -: 3416:		if (extra[idx + mbs_cnt] != mbs[mbs_cnt])
        -: 3417:		  break;
        -: 3418:	      if (mbs_cnt == elem_mbs_len)
        -: 3419:		/* Found the entry.  */
        -: 3420:		found = 1;
        -: 3421:	    }
        -: 3422:	  /* Skip the byte sequence of the collating element.  */
        -: 3423:	  idx += elem_mbs_len;
        -: 3424:	  /* Adjust for the alignment.  */
        -: 3425:	  idx = (idx + 3) & ~3;
        -: 3426:	  /* Skip the collation sequence value.  */
        -: 3427:	  idx += sizeof (uint32_t);
        -: 3428:	  /* Skip the wide char sequence of the collating element.  */
        -: 3429:	  idx = idx + sizeof (uint32_t) * (extra[idx] + 1);
        -: 3430:	  /* If we found the entry, return the sequence value.  */
        -: 3431:	  if (found)
        -: 3432:	    return *(uint32_t *) (extra + idx);
        -: 3433:	  /* Skip the collation sequence value.  */
        -: 3434:	  idx += sizeof (uint32_t);
        -: 3435:	}
        -: 3436:    }
        -: 3437:}
        -: 3438:# endif /* _LIBC */
        -: 3439:#endif /* RE_ENABLE_I18N */
        -: 3440:
        -: 3441:/* Check whether the node accepts the byte which is IDX-th
        -: 3442:   byte of the INPUT.  */
        -: 3443:
        -: 3444:static int
function check_node_accept called 630 returned 100% blocks executed 44%
      630: 3445:check_node_accept (preg, node, mctx, idx)
        -: 3446:    const regex_t *preg;
        -: 3447:    const re_token_t *node;
        -: 3448:    const re_match_context_t *mctx;
        -: 3449:    int idx;
        -: 3450:{
        -: 3451:  unsigned char ch;
      630: 3452:  if (node->constraint)
branch  0 taken 0 (fallthrough)
branch  1 taken 630
        -: 3453:    {
        -: 3454:      /* The node has constraints.  Check whether the current context
        -: 3455:	 satisfies the constraints.  */
    #####: 3456:      unsigned int context = re_string_context_at (mctx->input, idx,
    #####: 3457:						   mctx->eflags,
    #####: 3458:						   preg->newline_anchor);
call    0 never executed
    #####: 3459:      if (NOT_SATISFY_NEXT_CONSTRAINT (node->constraint, context))
branch  0 never executed
branch  1 never executed
branch  2 never executed
branch  3 never executed
branch  4 never executed
branch  5 never executed
branch  6 never executed
branch  7 never executed
branch  8 never executed
branch  9 never executed
branch 10 never executed
branch 11 never executed
branch 12 never executed
branch 13 never executed
branch 14 never executed
branch 15 never executed
    #####: 3460:	return 0;
        -: 3461:    }
      630: 3462:  ch = re_string_byte_at (mctx->input, idx);
      630: 3463:  if (node->type == CHARACTER)
branch  0 taken 305 (fallthrough)
branch  1 taken 325
      305: 3464:    return node->opr.c == ch;
      325: 3465:  else if (node->type == SIMPLE_BRACKET)
branch  0 taken 72 (fallthrough)
branch  1 taken 253
       72: 3466:    return bitset_contain (node->opr.sbcset, ch);
      253: 3467:  else if (node->type == OP_PERIOD)
branch  0 taken 253 (fallthrough)
branch  1 taken 0
     253*: 3468:    return !((ch == '\n' && !(preg->syntax & RE_DOT_NEWLINE))
branch  0 taken 0 (fallthrough)
branch  1 taken 253
branch  2 never executed
branch  3 never executed
branch  4 taken 0 (fallthrough)
branch  5 taken 253
    #####: 3469:	     || (ch == '\0' && (preg->syntax & RE_DOT_NOT_NULL)));
branch  0 never executed
branch  1 never executed
        -: 3470:  else
    #####: 3471:    return 0;
        -: 3472:}
        -: 3473:
        -: 3474:/* Extend the buffers, if the buffers have run out.  */
        -: 3475:
        -: 3476:static reg_errcode_t
function extend_buffers called 4447 returned 100% blocks executed 71%
     4447: 3477:extend_buffers (mctx)
        -: 3478:     re_match_context_t *mctx;
        -: 3479:{
        -: 3480:  reg_errcode_t ret;
     4447: 3481:  re_string_t *pstr = mctx->input;
        -: 3482:
        -: 3483:  /* Double the lengthes of the buffers.  */
     4447: 3484:  ret = re_string_realloc_buffers (pstr, pstr->bufs_len * 2);
call    0 returned 4447
     4447: 3485:  if (BE (ret != REG_NOERROR, 0))
branch  0 taken 0 (fallthrough)
branch  1 taken 4447
    #####: 3486:    return ret;
        -: 3487:
     4447: 3488:  if (mctx->state_log != NULL)
branch  0 taken 8 (fallthrough)
branch  1 taken 4439
        -: 3489:    {
        -: 3490:      /* And double the length of state_log.  */
        -: 3491:      re_dfastate_t **new_array;
        8: 3492:      new_array = re_realloc (mctx->state_log, re_dfastate_t *,
        -: 3493:			      pstr->bufs_len * 2);
        8: 3494:      if (BE (new_array == NULL, 0))
branch  0 taken 0 (fallthrough)
branch  1 taken 8
    #####: 3495:	return REG_ESPACE;
        8: 3496:      mctx->state_log = new_array;
        -: 3497:    }
        -: 3498:
        -: 3499:  /* Then reconstruct the buffers.  */
     4447: 3500:  if (pstr->icase)
branch  0 taken 0 (fallthrough)
branch  1 taken 4447
        -: 3501:    {
        -: 3502:#ifdef RE_ENABLE_I18N
        -: 3503:      if (MB_CUR_MAX > 1)
        -: 3504:	build_wcs_upper_buffer (pstr);
        -: 3505:      else
        -: 3506:#endif /* RE_ENABLE_I18N  */
    #####: 3507:	build_upper_buffer (pstr);
call    0 never executed
        -: 3508:    }
        -: 3509:  else
        -: 3510:    {
        -: 3511:#ifdef RE_ENABLE_I18N
        -: 3512:      if (MB_CUR_MAX > 1)
        -: 3513:	build_wcs_buffer (pstr);
        -: 3514:      else
        -: 3515:#endif /* RE_ENABLE_I18N  */
        -: 3516:	{
     4447: 3517:	  if (pstr->trans != NULL)
branch  0 taken 0 (fallthrough)
branch  1 taken 4447
    #####: 3518:	    re_string_translate_buffer (pstr);
call    0 never executed
        -: 3519:	  else
     4447: 3520:	    pstr->valid_len = pstr->bufs_len;
        -: 3521:	}
        -: 3522:    }
     4447: 3523:  return REG_NOERROR;
        -: 3524:}
        -: 3525:
        -: 3526:
        -: 3527:/* Functions for matching context.  */
        -: 3528:
        -: 3529:static reg_errcode_t
function match_ctx_init called 47141 returned 100% blocks executed 57%
    47141: 3530:match_ctx_init (mctx, eflags, input, n)
        -: 3531:    re_match_context_t *mctx;
        -: 3532:    int eflags, n;
        -: 3533:    re_string_t *input;
        -: 3534:{
    47141: 3535:  mctx->eflags = eflags;
    47141: 3536:  mctx->input = input;
    47141: 3537:  mctx->match_last = -1;
    47141: 3538:  if (n > 0)
branch  0 taken 0 (fallthrough)
branch  1 taken 47141
        -: 3539:    {
    #####: 3540:      mctx->bkref_ents = re_malloc (struct re_backref_cache_entry, n);
    #####: 3541:      mctx->sub_tops = re_malloc (re_sub_match_top_t *, n);
    #####: 3542:      if (BE (mctx->bkref_ents == NULL || mctx->sub_tops == NULL, 0))
branch  0 never executed
branch  1 never executed
branch  2 never executed
branch  3 never executed
    #####: 3543:	return REG_ESPACE;
        -: 3544:    }
        -: 3545:  else
    47141: 3546:    mctx->bkref_ents = NULL;
    47141: 3547:  mctx->nbkref_ents = 0;
    47141: 3548:  mctx->abkref_ents = n;
    47141: 3549:  mctx->max_mb_elem_len = 1;
    47141: 3550:  mctx->nsub_tops = 0;
    47141: 3551:  mctx->asub_tops = n;
    47141: 3552:  return REG_NOERROR;
        -: 3553:}
        -: 3554:
        -: 3555:static void
function match_ctx_free called 0 returned 0% blocks executed 0%
    #####: 3556:match_ctx_free (mctx)
        -: 3557:    re_match_context_t *mctx;
        -: 3558:{
        -: 3559:  int st_idx;
    #####: 3560:  for (st_idx = 0; st_idx < mctx->nsub_tops; ++st_idx)
branch  0 never executed
branch  1 never executed
        -: 3561:    {
        -: 3562:      int sl_idx;
    #####: 3563:      re_sub_match_top_t *top = mctx->sub_tops[st_idx];
    #####: 3564:      for (sl_idx = 0; sl_idx < top->nlasts; ++sl_idx)
branch  0 never executed
branch  1 never executed
        -: 3565:	{
    #####: 3566:	  re_sub_match_last_t *last = top->lasts[sl_idx];
    #####: 3567:	  re_free (last->path.array);
    #####: 3568:	  if (last->limits)
branch  0 never executed
branch  1 never executed
    #####: 3569:	    re_node_set_free (last->limits);
    #####: 3570:	  re_free (last);
        -: 3571:	}
    #####: 3572:      re_free (top->lasts);
    #####: 3573:      if (top->path)
branch  0 never executed
branch  1 never executed
        -: 3574:	{
    #####: 3575:	  re_free (top->path->array);
    #####: 3576:	  re_free (top->path);
        -: 3577:	}
    #####: 3578:      if (top->limits)
branch  0 never executed
branch  1 never executed
    #####: 3579:	re_node_set_free (top->limits);
    #####: 3580:      free (top);
        -: 3581:    }
    #####: 3582:  re_free (mctx->sub_tops);
    #####: 3583:  re_free (mctx->bkref_ents);
    #####: 3584:}
        -: 3585:
        -: 3586:/* Add a new backreference entry to the cache.  */
        -: 3587:
        -: 3588:static reg_errcode_t
function match_ctx_add_entry called 0 returned 0% blocks executed 0%
    #####: 3589:match_ctx_add_entry (mctx, node, str_idx, from, to, top, last)
        -: 3590:     re_match_context_t *mctx;
        -: 3591:     int node, str_idx, from, to;
        -: 3592:     re_sub_match_top_t *top;
        -: 3593:     re_sub_match_last_t *last;
        -: 3594:{
        -: 3595:  /* TODO: It can be more efficient.  */
        -: 3596:  int i;
    #####: 3597:  for (i = 0; i < mctx->nbkref_ents; ++i)
branch  0 never executed
branch  1 never executed
        -: 3598:    {
    #####: 3599:      struct re_backref_cache_entry *entry = mctx->bkref_ents + i;
    #####: 3600:      if (entry->node == node && entry->str_idx == str_idx
branch  0 never executed
branch  1 never executed
branch  2 never executed
branch  3 never executed
    #####: 3601:	  &&  entry->subexp_from == from &&  entry->subexp_to == to)
branch  0 never executed
branch  1 never executed
branch  2 never executed
branch  3 never executed
    #####: 3602:	return REG_NOERROR;
        -: 3603:    }
        -: 3604:
    #####: 3605:  if (mctx->nbkref_ents >= mctx->abkref_ents)
branch  0 never executed
branch  1 never executed
        -: 3606:    {
        -: 3607:      struct re_backref_cache_entry* new_entry;
    #####: 3608:      new_entry = re_realloc (mctx->bkref_ents, struct re_backref_cache_entry,
        -: 3609:			      mctx->abkref_ents * 2);
    #####: 3610:      if (BE (new_entry == NULL, 0))
branch  0 never executed
branch  1 never executed
        -: 3611:	{
    #####: 3612:	  re_free (mctx->bkref_ents);
    #####: 3613:	  return REG_ESPACE;
        -: 3614:	}
    #####: 3615:      mctx->bkref_ents = new_entry;
    #####: 3616:      memset (mctx->bkref_ents + mctx->nbkref_ents, '\0',
    #####: 3617:	      sizeof (struct re_backref_cache_entry) * mctx->abkref_ents);
    #####: 3618:      mctx->abkref_ents *= 2;
        -: 3619:    }
    #####: 3620:  mctx->bkref_ents[mctx->nbkref_ents].node = node;
    #####: 3621:  mctx->bkref_ents[mctx->nbkref_ents].str_idx = str_idx;
    #####: 3622:  mctx->bkref_ents[mctx->nbkref_ents].subexp_from = from;
    #####: 3623:  mctx->bkref_ents[mctx->nbkref_ents].subexp_to = to;
    #####: 3624:  mctx->bkref_ents[mctx->nbkref_ents].top = top;
    #####: 3625:  mctx->bkref_ents[mctx->nbkref_ents].last = last;
    #####: 3626:  mctx->bkref_ents[mctx->nbkref_ents++].flag = 0;
    #####: 3627:  if (mctx->max_mb_elem_len < to - from)
branch  0 never executed
branch  1 never executed
    #####: 3628:    mctx->max_mb_elem_len = to - from;
    #####: 3629:  return REG_NOERROR;
        -: 3630:}
        -: 3631:
        -: 3632:static int
function search_cur_bkref_entry called 0 returned 0% blocks executed 0%
    #####: 3633:search_cur_bkref_entry (mctx, str_idx)
        -: 3634:     re_match_context_t *mctx;
        -: 3635:     int str_idx;
        -: 3636:{
        -: 3637:  int left, right, mid;
    #####: 3638:  right = mctx->nbkref_ents;
    #####: 3639:  for (left = 0; left < right;)
branch  0 never executed
branch  1 never executed
        -: 3640:    {
    #####: 3641:      mid = (left + right) / 2;
    #####: 3642:      if (mctx->bkref_ents[mid].str_idx < str_idx)
branch  0 never executed
branch  1 never executed
    #####: 3643:	left = mid + 1;
        -: 3644:      else
    #####: 3645:	right = mid;
        -: 3646:    }
    #####: 3647:  return left;
        -: 3648:}
        -: 3649:
        -: 3650:static void
function match_ctx_clear_flag called 0 returned 0% blocks executed 0%
    #####: 3651:match_ctx_clear_flag (mctx)
        -: 3652:     re_match_context_t *mctx;
        -: 3653:{
        -: 3654:  int i;
    #####: 3655:  for (i = 0; i < mctx->nbkref_ents; ++i)
branch  0 never executed
branch  1 never executed
        -: 3656:    {
    #####: 3657:      mctx->bkref_ents[i].flag = 0;
        -: 3658:    }
    #####: 3659:}
        -: 3660:
        -: 3661:static reg_errcode_t
function match_ctx_add_subtop called 0 returned 0% blocks executed 0%
    #####: 3662:match_ctx_add_subtop (mctx, node, str_idx)
        -: 3663:     re_match_context_t *mctx;
        -: 3664:     int node, str_idx;
        -: 3665:{
        -: 3666:#ifdef DEBUG
        -: 3667:  assert (mctx->sub_tops != NULL);
        -: 3668:  assert (mctx->asub_tops > 0);
        -: 3669:#endif
    #####: 3670:  if (mctx->nsub_tops == mctx->asub_tops)
branch  0 never executed
branch  1 never executed
        -: 3671:    {
    #####: 3672:      mctx->asub_tops *= 2;
    #####: 3673:      mctx->sub_tops = re_realloc (mctx->sub_tops, re_sub_match_top_t *,
        -: 3674:				   mctx->asub_tops);
    #####: 3675:      if (BE (mctx->sub_tops == NULL, 0))
branch  0 never executed
branch  1 never executed
    #####: 3676:	return REG_ESPACE;
        -: 3677:    }
    #####: 3678:  mctx->sub_tops[mctx->nsub_tops] = calloc (1, sizeof (re_sub_match_top_t));
    #####: 3679:  if (mctx->sub_tops[mctx->nsub_tops] == NULL)
branch  0 never executed
branch  1 never executed
    #####: 3680:    return REG_ESPACE;
    #####: 3681:  mctx->sub_tops[mctx->nsub_tops]->node = node;
    #####: 3682:  mctx->sub_tops[mctx->nsub_tops++]->str_idx = str_idx;
    #####: 3683:  return REG_NOERROR;
        -: 3684:}
        -: 3685:
        -: 3686:static re_sub_match_last_t *
function match_ctx_add_sublast called 0 returned 0% blocks executed 0%
    #####: 3687:match_ctx_add_sublast (subtop, node, str_idx)
        -: 3688:     re_sub_match_top_t *subtop;
        -: 3689:     int node, str_idx;
        -: 3690:{
        -: 3691:  re_sub_match_last_t *new_entry;
    #####: 3692:  if (subtop->nlasts == subtop->alasts)
branch  0 never executed
branch  1 never executed
        -: 3693:    {
    #####: 3694:      subtop->alasts = 2 * subtop->alasts + 1;
    #####: 3695:      subtop->lasts = re_realloc (subtop->lasts, re_sub_match_last_t *,
        -: 3696:				  subtop->alasts);
    #####: 3697:      if (BE (subtop->lasts == NULL, 0))
branch  0 never executed
branch  1 never executed
    #####: 3698:	return NULL;
        -: 3699:    }
    #####: 3700:  new_entry = calloc (1, sizeof (re_sub_match_last_t));
    #####: 3701:  subtop->lasts[subtop->nlasts] = new_entry;
    #####: 3702:  new_entry->node = node;
    #####: 3703:  new_entry->str_idx = str_idx;
    #####: 3704:  new_entry->limits = NULL;
    #####: 3705:  ++subtop->nlasts;
    #####: 3706:  return new_entry;
        -: 3707:}
        -: 3708:
        -: 3709:static void
function sift_ctx_init called 30 returned 100% blocks executed 100%
       30: 3710:sift_ctx_init (sctx, sifted_sts, limited_sts, last_node, last_str_idx,
        -: 3711:	       check_subexp)
        -: 3712:    re_sift_context_t *sctx;
        -: 3713:    re_dfastate_t **sifted_sts, **limited_sts;
        -: 3714:    int last_node, last_str_idx, check_subexp;
        -: 3715:{
       30: 3716:  sctx->sifted_states = sifted_sts;
       30: 3717:  sctx->limited_states = limited_sts;
       30: 3718:  sctx->last_node = last_node;
       30: 3719:  sctx->last_str_idx = last_str_idx;
       30: 3720:  sctx->check_subexp = check_subexp;
       30: 3721:  sctx->cur_bkref = -1;
       30: 3722:  sctx->cls_subexp_idx = -1;
       30: 3723:  re_node_set_init_empty (&sctx->limits);
       30: 3724:}
        -: 3725:
        -: 3726:/* This function is optimized to compare for equality only.
        -: 3727:   It also tries to limit the startup time as much as possible.  */
function my_memcmp called 0 returned 0% blocks executed 0%
    #####: 3728:static int my_memcmp (char *s1, char *s2, unsigned int l)
        -: 3729:{
    #####: 3730:  if (BE(l, 1) != 0)
branch  0 never executed
branch  1 never executed
    #####: 3731:    while (BE(*s1 == *s2, 1) && BE(--l, 0) != 0)
branch  0 never executed
branch  1 never executed
branch  2 never executed
branch  3 never executed
    #####: 3732:      s1++, s2++;
        -: 3733:
    #####: 3734:  return l;
        -: 3735:}
