        -:    0:Source:sed.c
        -:    0:Graph:sed.gcno
        -:    0:Data:sed.gcda
        -:    0:Runs:370
        -:    1:#define COPYRIGHT_NOTICE "Copyright (C) 2003 Free Software Foundation, Inc."
        -:    2:#define BUG_ADDRESS "bonzini@gnu.org"
        -:    3:
        -:    4:/*  GNU SED, a batch stream editor.
        -:    5:    Copyright (C) 1989,90,91,92,93,94,95,98,99,2002,2003
        -:    6:    Free Software Foundation, Inc.
        -:    7:
        -:    8:    This program is free software; you can redistribute it and/or modify
        -:    9:    it under the terms of the GNU General Public License as published by
        -:   10:    the Free Software Foundation; either version 2, or (at your option)
        -:   11:    any later version.
        -:   12:
        -:   13:    This program is distributed in the hope that it will be useful,
        -:   14:    but WITHOUT ANY WARRANTY; without even the implied warranty of
        -:   15:    MERCHANTABILITY or FITNESS FOR A PARTICULAR PURPOSE.  See the
        -:   16:    GNU General Public License for more details.
        -:   17:
        -:   18:    You should have received a copy of the GNU General Public License
        -:   19:    along with this program; if not, write to the Free Software
        -:   20:    Foundation, 59 Temple Place - Suite 330, Boston, MA 02111-1307, USA. */
        -:   21:
        -:   22:/*
        -:   23:  Fix a little non-determinism
        -:   24:  for SIR July 2006, Kyle R. Murphy
        -:   25:*/
        -:   26:#undef stderr
        -:   27:#define stderr stdout
        -:   28:#include "FaultSeeds.h"
        -:   29:
        -:   30:#include "config.h"
        -:   31:
        -:   32:#include <stdio.h>
        -:   33:#ifdef HAVE_STRINGS_H
        -:   34:# include <strings.h>
        -:   35:#else
        -:   36:# include <string.h>
        -:   37:#endif /*HAVE_STRINGS_H*/
        -:   38:#ifdef HAVE_MEMORY_H
        -:   39:# include <memory.h>
        -:   40:#endif
        -:   41:
        -:   42:#ifndef HAVE_STRCHR
        -:   43:# define strchr index
        -:   44:# define strrchr rindex
        -:   45:#endif
        -:   46:
        -:   47:#ifdef HAVE_STDLIB_H
        -:   48:# include <stdlib.h>
        -:   49:#endif
        -:   50:
        -:   51:#ifdef HAVE_SYS_TYPES_H
        -:   52:# include <sys/types.h>
        -:   53:#endif
        -:   54:#ifdef HAVE_LOCALE_H
        -:   55:# include <locale.h>
        -:   56:#endif
        -:   57:#include "getopt.h"
        -:   58:#include "basicdefs.h"
        -:   59:#include "utils.h"
        -:   60:#include "sed.h"
        -:   61:
        -:   62:#ifndef BOOTSTRAP
        -:   63:#ifndef HAVE_STDLIB_H
        -:   64: extern char *getenv P_((const char *));
        -:   65:#endif
        -:   66:#endif
        -:   67:
        -:   68:#ifndef HAVE_STRTOUL
        -:   69:# define ATOI(x)	atoi(x)
        -:   70:#else
        -:   71:# define ATOI(x)	strtoul(x, NULL, 0)
        -:   72:#endif
        -:   73:
        -:   74:int extended_regexp_flags = 0;
        -:   75:
        -:   76:/* If set, fflush(stdout) on every line output. */
        -:   77:flagT unbuffered_output = FALSE;
        -:   78:
        -:   79:/* If set, don't write out the line unless explicitly told to */
        -:   80:flagT no_default_output = FALSE;
        -:   81:
        -:   82:/* If set, reset line counts on every new file. */
        -:   83:flagT separate_files = FALSE;
        -:   84:
        -:   85:/* How do we edit files in-place? (we don't if NULL) */
        -:   86:char *in_place_extension = NULL;
        -:   87:
        -:   88:/* Do we need to be pedantically POSIX compliant? */
        -:   89:flagT POSIXLY_CORRECT;
        -:   90:
        -:   91:/* How long should the `l' command's output line be? */
        -:   92:countT lcmd_out_line_len = 70;
        -:   93:
        -:   94:/* The complete compiled SED program that we are going to run: */
        -:   95:static struct vector *the_program = NULL;
        -:   96:
        -:   97:static void usage P_((int));
        -:   98:static void
function usage called 0 returned 0% blocks executed 0%
    #####:   99:usage(status)
        -:  100:  int status;
        -:  101:{
    #####:  102:  FILE *out = status ? stderr : stdout;
        -:  103:
        -:  104:#ifdef REG_PERL
        -:  105:#define PERL_HELP _("  -R, --regexp-perl\n                 use Perl 5's regular expressions syntax in the script.\n")
        -:  106:#else
        -:  107:#define PERL_HELP ""
        -:  108:#endif
        -:  109:
    #####:  110:  fprintf(out, _("\
call    0 never executed
        -:  111:Usage: %s [OPTION]... {script-only-if-no-other-script} [input-file]...\n\
        -:  112:\n\
        -:  113:  -n, --quiet, --silent\n\
        -:  114:                 suppress automatic printing of pattern space\n\
        -:  115:  -e script, --expression=script\n\
        -:  116:                 add the script to the commands to be executed\n\
        -:  117:  -f script-file, --file=script-file\n\
        -:  118:                 add the contents of script-file to the commands to be executed\n\
        -:  119:  -i[suffix], --in-place[=suffix]\n\
        -:  120:                 edit files in place (makes backup if extension supplied)\n\
        -:  121:  -l N, --line-length=N\n\
        -:  122:                 specify the desired line-wrap length for the `l' command\n\
        -:  123:  -r, --regexp-extended\n\
        -:  124:                 use extended regular expressions in the script.\n%s\
        -:  125:  -s, --separate\n\
        -:  126:                 consider files as separate rather than as a single continuous\n\
        -:  127:                 long stream.\n\
        -:  128:  -u, --unbuffered\n\
        -:  129:                 load minimal amounts of data from the input files and flush\n\
        -:  130:                 the output buffers more often\n\
        -:  131:      --help     display this help and exit\n\
        -:  132:  -V, --version  output version information and exit\n\
        -:  133:\n\
        -:  134:If no -e, --expression, -f, or --file option is given, then the first\n\
        -:  135:non-option argument is taken as the sed script to interpret.  All\n\
        -:  136:remaining arguments are names of input files; if no input files are\n\
        -:  137:specified, then the standard input is read.\n\
        -:  138:\n"), myname, PERL_HELP);
    #####:  139:  fprintf(out, _("E-mail bug reports to: %s .\n\
call    0 never executed
        -:  140:Be sure to include the word ``%s'' somewhere in the ``Subject:'' field.\n"),
        -:  141:	  BUG_ADDRESS, PACKAGE);
        -:  142:
    #####:  143:  ck_fclose (NULL);
call    0 never executed
    #####:  144:  exit (status);
        -:  145:}
        -:  146:
        -:  147:int
function main called 370 returned 0% blocks executed 76%
      370:  148:main(argc, argv)
        -:  149:  int argc;
        -:  150:  char **argv;
        -:  151:{
        -:  152:#ifdef REG_PERL
        -:  153:#define SHORTOPTS "shnrRuVe:f:l:i::"
        -:  154:#else
        -:  155:#define SHORTOPTS "shnruVe:f:l:i::"
        -:  156:#endif
        -:  157:
        -:  158:  static struct option longopts[] = {
        -:  159:    {"regexp-extended", 0, NULL, 'r'},
        -:  160:#ifdef REG_PERL
        -:  161:    {"regexp-perl", 0, NULL, 'R'},
        -:  162:#endif
        -:  163:    {"expression", 1, NULL, 'e'},
        -:  164:    {"file", 1, NULL, 'f'},
        -:  165:    {"in-place", 2, NULL, 'i'},
        -:  166:    {"line-length", 1, NULL, 'l'},
        -:  167:    {"quiet", 0, NULL, 'n'},
        -:  168:    {"silent", 0, NULL, 'n'},
        -:  169:    {"separate", 0, NULL, 's'},
        -:  170:    {"unbuffered", 0, NULL, 'u'},
        -:  171:    {"version", 0, NULL, 'V'},
        -:  172:    {"help", 0, NULL, 'h'},
        -:  173:    {NULL, 0, NULL, 0}
        -:  174:  };
        -:  175:
        -:  176:  int opt;
        -:  177:  int return_code;
        -:  178:
        -:  179:  initialize_main(&argc, &argv);
        -:  180:
        -:  181:#if ENABLE_NLS
        -:  182:#if HAVE_SETLOCALE
        -:  183:  /* Set locale according to user's wishes.  */
        -:  184:  setlocale (LC_ALL, "");
        -:  185:#endif
        -:  186:
        -:  187:  /* Tell program which translations to use and where to find.  */
        -:  188:  bindtextdomain (PACKAGE, LOCALEDIR);
        -:  189:#endif
        -:  190:
      370:  191:  POSIXLY_CORRECT = (getenv("POSIXLY_CORRECT") != NULL);
call    0 returned 370
        -:  192:
        -:  193:  /* If environment variable `COLS' is set, use its value for
        -:  194:     the baseline setting of `lcmd_out_line_len'.  The "-1"
        -:  195:     is to avoid gratuitous auto-line-wrap on ttys.
        -:  196:   */
        -:  197:  {
      370:  198:    const char *p = getenv("COLS");
call    0 returned 370
      370:  199:    if (p)
branch  0 taken 0 (fallthrough)
branch  1 taken 370
        -:  200:      {
    #####:  201:	countT t = ATOI(p);
    #####:  202:	if (1 < t)
branch  0 never executed
branch  1 never executed
    #####:  203:	  lcmd_out_line_len = t-1;
        -:  204:      }
        -:  205:  }
        -:  206:/*
        -:  207:  More non-determinism -- SIR July 2006
        -:  208:  by Kyle R. Murphy
        -:  209:  myname = *argv;
        -:  210:*/
      370:  211:  myname = "Executable";
      751:  212:  while ((opt = getopt_long(argc, argv, SHORTOPTS, longopts, NULL)) != EOF)
call    0 returned 751
branch  1 taken 385
branch  2 taken 366 (fallthrough)
        -:  213:    {
      385:  214:      switch (opt)
branch  0 taken 7
branch  1 taken 27
branch  2 taken 339
branch  3 taken 2
branch  4 taken 2
branch  5 taken 2
branch  6 taken 2
branch  7 taken 2
branch  8 taken 2
branch  9 taken 0
branch 10 taken 0
        -:  215:	{
        7:  216:	case 'n':
        7:  217:	  no_default_output = TRUE;
        7:  218:	  break;
       27:  219:	case 'e':
       27:  220:	  the_program = compile_string(the_program, optarg, strlen(optarg));
call    0 returned 27
       27:  221:	  break;
      339:  222:	case 'f':
      339:  223:	  the_program = compile_file(the_program, optarg);
call    0 returned 337
      337:  224:	  break;
        -:  225:
        2:  226:	case 'i':
        2:  227:	  separate_files = TRUE;
        2:  228:	  if (optarg == NULL)
branch  0 taken 1 (fallthrough)
branch  1 taken 1
        1:  229:	    in_place_extension = "*";
        1:  230:	  else if (strchr(optarg, '*') == NULL)
branch  0 taken 1 (fallthrough)
branch  1 taken 0
        -:  231:	    {
        1:  232:	      in_place_extension = xmalloc (strlen(optarg) + 2);
call    0 returned 1
        1:  233:	      in_place_extension[0] = '*';
        1:  234:	      strcpy (in_place_extension + 1, optarg);
        -:  235:	    }
        -:  236:	  else
    #####:  237:	    in_place_extension = ck_strdup(optarg);
call    0 never executed
        2:  238:	  break;
        -:  239:
        2:  240:	case 'l':
        2:  241:	  lcmd_out_line_len = ATOI(optarg);
        2:  242:	  break;
        2:  243:	case 'r':
        2:  244:	  if (extended_regexp_flags)
branch  0 taken 0 (fallthrough)
branch  1 taken 2
    #####:  245:	    usage(4);
call    0 never executed
        2:  246:	  extended_regexp_flags = REG_EXTENDED;
        2:  247:	  break;
        -:  248:
        -:  249:#ifdef REG_PERL
        -:  250:	case 'R':
        -:  251:	  if (extended_regexp_flags)
        -:  252:	    usage(4);
        -:  253:	  extended_regexp_flags = REG_PERL;
        -:  254:	  break;
        -:  255:#endif
        -:  256:
        2:  257:	case 's':
        2:  258:	  separate_files = TRUE;
        2:  259:	  break;
        -:  260:
        2:  261:	case 'u':
        2:  262:	  unbuffered_output = TRUE;
        2:  263:	  break;
        -:  264:
        2:  265:	case 'V':
        -:  266:#ifdef REG_PERL
        -:  267:	  fprintf(stdout, _("super-sed version %s\n"), VERSION);
        -:  268:	  fprintf(stdout, _("based on GNU sed version 3.02.80\n\n"));
        -:  269:#else
        2:  270:	  fprintf(stdout, _("GNU sed version %s\n"), VERSION);
call    0 returned 2
        -:  271:#endif
        2:  272:	  fprintf(stdout, _("%s\n\
call    0 returned 2
        -:  273:This is free software; see the source for copying conditions.  There is NO\n\
        -:  274:warranty; not even for MERCHANTABILITY or FITNESS FOR A PARTICULAR PURPOSE,\n\
        -:  275:to the extent permitted by law.\n\
        -:  276:"), COPYRIGHT_NOTICE);
        2:  277:	  ck_fclose (NULL);
call    0 returned 0
    #####:  278:	  exit (0);
call    0 never executed
    #####:  279:	case 'h':
    #####:  280:	  usage(0);
call    0 never executed
    #####:  281:	default:
    #####:  282:	  usage(4);
call    0 never executed
        -:  283:	}
        -:  284:    }
        -:  285:
      366:  286:  if (!the_program)
branch  0 taken 5 (fallthrough)
branch  1 taken 361
        -:  287:    {
        5:  288:      if (optind < argc)
branch  0 taken 5 (fallthrough)
branch  1 taken 0
        -:  289:	{
        5:  290:	  char *arg = argv[optind++];
       5*:  291:	  the_program = compile_string(the_program, arg, strlen(arg));
call    0 returned 0
        -:  292:	}
        -:  293:      else
    #####:  294:	usage(4);
call    0 never executed
        -:  295:    }
      361:  296:  check_final_program(the_program);
call    0 returned 360
        -:  297:
      360:  298:  return_code = process_files(the_program, argv+optind);
call    0 returned 360
        -:  299:
      360:  300:  finish_program(the_program);
call    0 returned 360
      360:  301:  ck_fclose(NULL);
call    0 returned 0
        -:  302:
    #####:  303:  return return_code;
        -:  304:}
        -:  305:/*  GNU SED, a batch stream editor.
        -:  306:    Copyright (C) 1989,90,91,92,93,94,95,98,99,2002,2003
        -:  307:    Free Software Foundation, Inc.
        -:  308:
        -:  309:    This program is free software; you can redistribute it and/or modify
        -:  310:    it under the terms of the GNU General Public License as published by
        -:  311:    the Free Software Foundation; either version 2, or (at your option)
        -:  312:    any later version.
        -:  313:
        -:  314:    This program is distributed in the hope that it will be useful,
        -:  315:    but WITHOUT ANY WARRANTY; without even the implied warranty of
        -:  316:    MERCHANTABILITY or FITNESS FOR A PARTICULAR PURPOSE.  See the
        -:  317:    GNU General Public License for more details.
        -:  318:
        -:  319:    You should have received a copy of the GNU General Public License
        -:  320:    along with this program; if not, write to the Free Software
        -:  321:    Foundation, 59 Temple Place - Suite 330, Boston, MA 02111-1307, USA. */
        -:  322:
        -:  323:/* compile.c: translate sed source into internal form */
        -:  324:
        -:  325:#include "config.h"
        -:  326:#include <stdio.h>
        -:  327:#include <ctype.h>
        -:  328:
        -:  329:#ifdef HAVE_STRINGS_H
        -:  330:# include <strings.h>
        -:  331:# ifdef HAVE_MEMORY_H
        -:  332:#  include <memory.h>
        -:  333:# endif
        -:  334:#else
        -:  335:# include <string.h>
        -:  336:#endif /* HAVE_STRINGS_H */
        -:  337:
        -:  338:#ifdef HAVE_STDLIB_H
        -:  339:# include <stdlib.h>
        -:  340:#endif
        -:  341:#ifndef EXIT_FAILURE
        -:  342:# define EXIT_FAILURE 1
        -:  343:#endif
        -:  344:
        -:  345:#if defined HAVE_WCTYPE_H && defined HAVE_WCHAR_H && defined HAVE_MBRTOWC
        -:  346:/* We can handle multibyte string.  */
        -:  347:# include <wchar.h>
        -:  348:# include <wctype.h>
        -:  349:# define MBS_SUPPORT
        -:  350:#endif
        -:  351:
        -:  352:#ifdef HAVE_SYS_TYPES_H
        -:  353:# include <sys/types.h>
        -:  354:#endif
        -:  355:#include "obstack.h"
        -:  356:#include "basicdefs.h"
        -:  357:#include "utils.h"
        -:  358:
        -:  359:extern flagT no_default_output;
        -:  360:extern flagT POSIXLY_CORRECT;
        -:  361:
        -:  362:
        -:  363:#define YMAP_LENGTH		256 /*XXX shouldn't this be (UCHAR_MAX+1)?*/
        -:  364:#define VECTOR_ALLOC_INCREMENT	40
        -:  365:
        -:  366:/* let's not confuse text editors that have only dumb bracket-matching... */
        -:  367:#define OPEN_BRACKET	'['
        -:  368:#define CLOSE_BRACKET	']'
        -:  369:#define OPEN_BRACE	'{'
        -:  370:#define CLOSE_BRACE	'}'
        -:  371:
        -:  372:struct prog_info {
        -:  373:  /* When we're reading a script command from a string, `prog.base'
        -:  374:     points to the first character in the string, 'prog.cur' points
        -:  375:     to the current character in the string, and 'prog.end' points
        -:  376:     to the end of the string.  This allows us to compile script
        -:  377:     strings that contain nulls. */
        -:  378:  const unsigned char *base;
        -:  379:  const unsigned char *cur;
        -:  380:  const unsigned char *end;
        -:  381:
        -:  382:  /* This is the current script file.  If it is NULL, we are reading
        -:  383:     from a string stored at `prog.cur' instead.  If both `prog.file'
        -:  384:     and `prog.cur' are NULL, we're in trouble! */
        -:  385:  FILE *file;
        -:  386:};
        -:  387:
        -:  388:/* Information used to give out useful and informative error messages. */
        -:  389:struct error_info {
        -:  390:  /* This is the name of the current script file. */
        -:  391:  const char *name;
        -:  392:
        -:  393:  /* This is the number of the current script line that we're compiling. */
        -:  394:  countT line;
        -:  395:
        -:  396:  /* This is the index of the "-e" expressions on the command line. */
        -:  397:  countT string_expr_count;
        -:  398:};
        -:  399:
        -:  400:
        -:  401:/* Label structure used to resolve GOTO's, labels, and block beginnings. */
        -:  402:struct sed_label {
        -:  403:  countT v_index;		/* index of vector element being referenced */
        -:  404:  char *name;			/* NUL-terminated name of the label */
        -:  405:  struct error_info err_info;	/* track where `{}' blocks start */
        -:  406:  struct sed_label *next;	/* linked list (stack) */
        -:  407:};
        -:  408:
        -:  409:struct special_files {
        -:  410:  char *name;
        -:  411:  FILE **pfp;
        -:  412:};
        -:  413:
        -:  414:FILE *my_stdin, *my_stdout, *my_stderr;
        -:  415:struct special_files special_files[] = {
        -:  416:  { "/dev/stdin", &my_stdin },
        -:  417:  { "/dev/stdout", &my_stdout },
        -:  418:  { "/dev/stdout", &my_stderr },
        -:  419:  { NULL, NULL }
        -:  420:};
        -:  421:
        -:  422:/* This structure tracks files opened by the `w' and `s///w' commands
        -:  423:   so that they may all be closed cleanly at normal program termination.
        -:  424:   Those marked as `special' are not closed. */
        -:  425:struct fp_list {
        -:  426:    char *name;
        -:  427:    int special;
        -:  428:    FILE *fp;
        -:  429:    struct fp_list *link;
        -:  430:  };
        -:  431:
        -:  432:
        -:  433:/* Where we are in the processing of the input. */
        -:  434:static struct prog_info prog;
        -:  435:static struct error_info cur_input;
        -:  436:
        -:  437:/* Information about labels and jumps-to-labels.  This is used to do
        -:  438:   the required backpatching after we have compiled all the scripts. */
        -:  439:static struct sed_label *jumps = NULL;
        -:  440:static struct sed_label *labels = NULL;
        -:  441:
        -:  442:/* We wish to detect #n magic only in the first input argument;
        -:  443:   this flag tracks when we have consumed the first file of input. */
        -:  444:static flagT first_script = TRUE;
        -:  445:
        -:  446:/* Allow for scripts like "sed -e 'i\' -e foo": */
        -:  447:static struct buffer *pending_text = NULL;
        -:  448:static struct text_buf *old_text_buf = NULL;
        -:  449:
        -:  450:/* Information about block start positions.  This is used to backpatch
        -:  451:   block end positions. */
        -:  452:static struct sed_label *blocks = NULL;
        -:  453:
        -:  454:/* Use an obstack for compilation. */
        -:  455:static struct obstack obs;
        -:  456:
        -:  457:/* Various error messages we may want to print */
        -:  458:static const char errors[] =
        -:  459:  "Multiple `!'s\0"
        -:  460:  "Unexpected `,'\0"
        -:  461:  "Cannot use +N or ~N as first address\0"
        -:  462:  "Unmatched `{'\0"
        -:  463:  "Unexpected `}'\0"
        -:  464:  "Extra characters after command\0"
        -:  465:  "Expected \\ after `a', `c' or `i'\0"
        -:  466:  "`}' doesn't want any addresses\0"
        -:  467:  ": doesn't want any addresses\0"
        -:  468:  "Comments don't accept any addresses\0"
        -:  469:  "Missing command\0"
        -:  470:  "Command only uses one address\0"
        -:  471:  "Unterminated address regex\0"
        -:  472:  "Unterminated `s' command\0"
        -:  473:  "Unterminated `y' command\0"
        -:  474:  "Unknown option to `s'\0"
        -:  475:  "multiple `p' options to `s' command\0"
        -:  476:  "multiple `g' options to `s' command\0"
        -:  477:  "multiple number options to `s' command\0"
        -:  478:  "number option to `s' command may not be zero\0"
        -:  479:  "strings for y command are different lengths\0"
        -:  480:  "expected newer version of sed";
        -:  481:
        -:  482:#define BAD_BANG (errors)
        -:  483:#define BAD_COMMA (BAD_BANG + sizeof(N_("Multiple `!'s")))
        -:  484:#define BAD_PLUS (BAD_COMMA + sizeof(N_("Unexpected `,'")))
        -:  485:#define EXCESS_OPEN_BRACE (BAD_PLUS + sizeof(N_("Cannot use +N or ~N as first address")))
        -:  486:#define EXCESS_CLOSE_BRACE (EXCESS_OPEN_BRACE + sizeof(N_("Unmatched `{'")))
        -:  487:#define EXCESS_JUNK (EXCESS_CLOSE_BRACE + sizeof(N_("Unexpected `}'")))
        -:  488:#define EXPECTED_SLASH (EXCESS_JUNK + sizeof(N_("Extra characters after command")))
        -:  489:#define NO_CLOSE_BRACE_ADDR (EXPECTED_SLASH + sizeof(N_("Expected \\ after `a', `c' or `i'")))
        -:  490:#define NO_COLON_ADDR (NO_CLOSE_BRACE_ADDR + sizeof(N_("`}' doesn't want any addresses")))
        -:  491:#define NO_SHARP_ADDR (NO_COLON_ADDR + sizeof(N_(": doesn't want any addresses")))
        -:  492:#define NO_COMMAND (NO_SHARP_ADDR + sizeof(N_("Comments don't accept any addresses")))
        -:  493:#define ONE_ADDR (NO_COMMAND + sizeof(N_("Missing command")))
        -:  494:#define UNTERM_ADDR_RE (ONE_ADDR + sizeof(N_("Command only uses one address")))
        -:  495:#define UNTERM_S_CMD (UNTERM_ADDR_RE + sizeof(N_("Unterminated address regex")))
        -:  496:#define UNTERM_Y_CMD (UNTERM_S_CMD + sizeof(N_("Unterminated `s' command")))
        -:  497:#define UNKNOWN_S_OPT (UNTERM_Y_CMD + sizeof(N_("Unterminated `y' command")))
        -:  498:#define EXCESS_P_OPT (UNKNOWN_S_OPT + sizeof(N_("Unknown option to `s'")))
        -:  499:#define EXCESS_G_OPT (EXCESS_P_OPT + sizeof(N_("multiple `p' options to `s' command")))
        -:  500:#define EXCESS_N_OPT (EXCESS_G_OPT + sizeof(N_("multiple `g' options to `s' command")))
        -:  501:#define ZERO_N_OPT (EXCESS_N_OPT + sizeof(N_("multiple number options to `s' command")))
        -:  502:#define Y_CMD_LEN (ZERO_N_OPT + sizeof(N_("number option to `s' command may not be zero")))
        -:  503:#define ANCIENT_VERSION (Y_CMD_LEN + sizeof(N_("strings for y command are different lengths")))
        -:  504:#define END_ERRORS (ANCIENT_VERSION + sizeof(N_("expected newer version of sed")))
        -:  505:
        -:  506:static struct fp_list *file_read = NULL;
        -:  507:static struct fp_list *file_write = NULL;
        -:  508:
        -:  509:
        -:  510:/* Read the next character from the program.  Return EOF if there isn't
        -:  511:   anything to read.  Keep cur_input.line up to date, so error messages
        -:  512:   can be meaningful. */
        -:  513:static int inchar P_((void));
        -:  514:static int
function inchar called 32614 returned 100% blocks executed 100%
    32614:  515:inchar()
        -:  516:{
    32614:  517:  int ch = EOF;
        -:  518:
    32614:  519:  if (prog.cur)
branch  0 taken 473 (fallthrough)
branch  1 taken 32141
        -:  520:    {
        -:  521:#ifndef FAULTY_F_KRM_1
      473:  522:      if (prog.cur < prog.end)
branch  0 taken 420 (fallthrough)
branch  1 taken 53
        -:  523:#else
        -:  524:      if (prog.cur <= prog.end)
        -:  525:#endif
        -:  526:#ifndef FAULTY_F_KRM_2
      420:  527:	ch = *prog.cur++;
        -:  528:#else
        -:  529:        ch = *(prog.cur+1);
        -:  530:#endif
        -:  531:    }
    32141:  532:  else if (prog.file)
branch  0 taken 32141 (fallthrough)
branch  1 taken 0
        -:  533:    {
    32141:  534:      if (!feof(prog.file))
call    0 returned 32141
branch  1 taken 32141 (fallthrough)
branch  2 taken 0
    32141:  535:	ch = getc(prog.file);
call    0 returned 32141
        -:  536:    }
    32614:  537:  if (ch == '\n')
branch  0 taken 3307 (fallthrough)
branch  1 taken 29307
     3307:  538:    ++cur_input.line;
    32614:  539:  return ch;
        -:  540:}
        -:  541:
        -:  542:/* unget `ch' so the next call to inchar will return it.   */
        -:  543:static void savchar P_((int ch));
        -:  544:static void
function savchar called 572 returned 100% blocks executed 82%
      572:  545:savchar(ch)
        -:  546:  int ch;
        -:  547:{
      572:  548:  if (ch == EOF)
branch  0 taken 0 (fallthrough)
branch  1 taken 572
    #####:  549:    return;
      572:  550:  if (ch == '\n' && cur_input.line > 0)
branch  0 taken 13 (fallthrough)
branch  1 taken 559
branch  2 taken 13 (fallthrough)
branch  3 taken 0
       13:  551:    --cur_input.line;
      572:  552:  if (prog.cur)
branch  0 taken 11 (fallthrough)
branch  1 taken 561
        -:  553:    {
       11:  554:      if (prog.cur <= prog.base || *--prog.cur != ch)
branch  0 taken 11 (fallthrough)
branch  1 taken 0
branch  2 taken 0 (fallthrough)
branch  3 taken 11
    #####:  555:	panic(_("Called savchar() with unexpected pushback (%x)"),
    #####:  556:	      CAST(unsigned char)ch);
call    0 never executed
        -:  557:    }
        -:  558:  else
      561:  559:    ungetc(ch, prog.file);
call    0 returned 561
        -:  560:}
        -:  561:
        -:  562:/* Read the next non-blank character from the program.  */
        -:  563:static int in_nonblank P_((void));
        -:  564:static int
function in_nonblank called 3191 returned 100% blocks executed 100%
     3455:  565:in_nonblank()
        -:  566:{
        -:  567:  int ch;
        -:  568:  do
     3455:  569:    ch = inchar();
call    0 returned 3455
     3455:  570:    while (ISBLANK(ch));
branch  0 taken 262
branch  1 taken 3193 (fallthrough)
branch  2 taken 2
branch  3 taken 3191 (fallthrough)
     3191:  571:  return ch;
        -:  572:}
        -:  573:
        -:  574:/* Read an integer value from the program.  */
        -:  575:static countT in_integer P_((int ch));
        -:  576:static countT
function in_integer called 88 returned 100% blocks executed 100%
       88:  577:in_integer(ch)
        -:  578:  int ch;
        -:  579:{
       88:  580:  countT num = 0;
        -:  581:
      246:  582:  while (ISDIGIT(ch))
branch  0 taken 158
branch  1 taken 88 (fallthrough)
        -:  583:    {
      158:  584:      num = num * 10 + ch - '0';
      158:  585:      ch = inchar();
call    0 returned 158
        -:  586:    }
       88:  587:  savchar(ch);
call    0 returned 88
       88:  588:  return num;
        -:  589:}
        -:  590:
        -:  591:static int add_then_next P_((struct buffer *b, int ch));
        -:  592:static int
function add_then_next called 40 returned 100% blocks executed 100%
       40:  593:add_then_next(b, ch)
        -:  594:  struct buffer *b;
        -:  595:  int ch;
        -:  596:{
       40:  597:  add1_buffer(b, ch);
call    0 returned 40
       40:  598:  return inchar();
call    0 returned 40
        -:  599:}
        -:  600:
        -:  601:static char * convert_number P_((char *, char *, const char *, int, int, int));
        -:  602:static char *
function convert_number called 0 returned 0% blocks executed 0%
    #####:  603:convert_number(result, buf, bufend, base, maxdigits, default_char)
        -:  604:  char *result;
        -:  605:  char *buf;
        -:  606:  const char *bufend;
        -:  607:  int base;
        -:  608:  int maxdigits;
        -:  609:  int default_char;
        -:  610:{
    #####:  611:  int n = 0;
        -:  612:  char *p;
        -:  613:
        -:  614:#ifndef FAULTY_F_KRM_3
    #####:  615:  for (p=buf; p < bufend && maxdigits-- > 0; ++p)
branch  0 never executed
branch  1 never executed
branch  2 never executed
branch  3 never executed
        -:  616:#else
        -:  617:    for (p=buf; p < bufend && --maxdigits > 0; ++p)
        -:  618:#endif
        -:  619:    {
    #####:  620:      int d = -1;
    #####:  621:      switch (*p)
branch  0 never executed
branch  1 never executed
branch  2 never executed
branch  3 never executed
branch  4 never executed
branch  5 never executed
branch  6 never executed
branch  7 never executed
branch  8 never executed
branch  9 never executed
branch 10 never executed
branch 11 never executed
branch 12 never executed
branch 13 never executed
branch 14 never executed
branch 15 never executed
branch 16 never executed
        -:  622:	{
    #####:  623:	case '0': d = 0x0; break;
    #####:  624:	case '1': d = 0x1; break;
    #####:  625:	case '2': d = 0x2; break;
    #####:  626:	case '3': d = 0x3; break;
    #####:  627:	case '4': d = 0x4; break;
    #####:  628:	case '5': d = 0x5; break;
    #####:  629:	case '6': d = 0x6; break;
    #####:  630:	case '7': d = 0x7; break;
    #####:  631:	case '8': d = 0x8; break;
    #####:  632:	case '9': d = 0x9; break;
    #####:  633:	case 'A': case 'a': d = 0xa; break;
    #####:  634:	case 'B': case 'b': d = 0xb; break;
    #####:  635:	case 'C': case 'c': d = 0xc; break;
    #####:  636:	case 'D': case 'd': d = 0xd; break;
    #####:  637:	case 'E': case 'e': d = 0xe; break;
    #####:  638:	case 'F': case 'f': d = 0xf; break;
        -:  639:	}
    #####:  640:      if (d < 0 || base <= d)
branch  0 never executed
branch  1 never executed
branch  2 never executed
branch  3 never executed
        -:  641:	break;
    #####:  642:      n = n * base + d;
        -:  643:    }
    #####:  644:  if (p == buf)
branch  0 never executed
branch  1 never executed
    #####:  645:    *result = default_char;
        -:  646:  else
    #####:  647:    *result = n;
    #####:  648:  return p;
        -:  649:}
        -:  650:
        -:  651:
        -:  652:/* Read in a filename for a `r', `w', or `s///w' command. */
        -:  653:static struct buffer *read_filename P_((void));
        -:  654:static struct buffer *
function read_filename called 231 returned 100% blocks executed 100%
      231:  655:read_filename()
        -:  656:{
        -:  657:  struct buffer *b;
        -:  658:  int ch;
        -:  659:
      231:  660:  b = init_buffer();
call    0 returned 231
      231:  661:  ch = in_nonblank();
call    0 returned 231
     3109:  662:  while (ch != EOF && ch != '\n')
branch  0 taken 3102 (fallthrough)
branch  1 taken 7
branch  2 taken 2878
branch  3 taken 224 (fallthrough)
        -:  663:    {
        -:  664:#if 0 /*XXX ZZZ 1998-09-12 kpp: added, then had second thoughts*/
        -:  665:      if (!POSIXLY_CORRECT)
        -:  666:	if (ch == ';' || ch == CLOSE_BRACE || ch == '#')
        -:  667:	  {
        -:  668:	    savchar(ch);
        -:  669:	    break;
        -:  670:	  }
        -:  671:#endif
     2878:  672:      add1_buffer(b, ch);
call    0 returned 2878
     2878:  673:      ch = inchar();
call    0 returned 2878
        -:  674:    }
      231:  675:  add1_buffer(b, '\0');
call    0 returned 231
      231:  676:  return b;
        -:  677:}
        -:  678:
        -:  679:static FILE *get_openfile P_((struct fp_list **file_ptrs, char *mode, flagT fail));
        -:  680:static FILE *
function get_openfile called 197 returned 100% blocks executed 81%
      197:  681:get_openfile(file_ptrs, mode, fail)
        -:  682:     struct fp_list **file_ptrs;
        -:  683:     char *mode;
        -:  684:     flagT fail;
        -:  685:{
        -:  686:  struct buffer *b;
        -:  687:  char *file_name;
        -:  688:  struct fp_list *p;
        -:  689:  int is_stderr;
        -:  690:
      197:  691:  b = read_filename();
call    0 returned 197
      197:  692:  file_name = get_buffer(b);
call    0 returned 197
      242:  693:  for (p=*file_ptrs; p; p=p->link)
branch  0 taken 45
branch  1 taken 197 (fallthrough)
       45:  694:    if (strcmp(p->name, file_name) == 0)
branch  0 taken 0 (fallthrough)
branch  1 taken 45
    #####:  695:      break;
        -:  696:
      197:  697:  if (!p)
branch  0 taken 197 (fallthrough)
branch  1 taken 0
        -:  698:    {
      197:  699:      FILE *fp = NULL;
      197:  700:      if (!POSIXLY_CORRECT)
branch  0 taken 197 (fallthrough)
branch  1 taken 0
        -:  701:	{
        -:  702:	  /* Check whether it is a special file (stdin, stdout or stderr) */
      197:  703:	  struct special_files *special = special_files;
        -:  704:		  
        -:  705:	  /* std* sometimes are not constants, so they
        -:  706:	     cannot be used in the initializer for special_files */
      197:  707:	  my_stdin = stdin; my_stdout = stdout; my_stderr = stderr;
      788:  708:	  for (special = special_files; special->name; special++)
branch  0 taken 591
branch  1 taken 197 (fallthrough)
      591:  709:	    if (strcmp(special->name, file_name) == 0)
branch  0 taken 0 (fallthrough)
branch  1 taken 591
        -:  710:	      {
    #####:  711:		fp = *special->pfp;
    #####:  712:		break;
        -:  713:	      }
        -:  714:	}
        -:  715:
     197*:  716:      p = OB_MALLOC(&obs, 1, struct fp_list);
branch  0 taken 0 (fallthrough)
branch  1 taken 197
call    2 never executed
branch  3 taken 0 (fallthrough)
branch  4 taken 197
branch  5 taken 0 (fallthrough)
branch  6 taken 197
      197:  717:      p->name = ck_strdup(file_name);
call    0 returned 197
      197:  718:      p->special = fp != NULL;
      197:  719:      if (!fp)
branch  0 taken 197 (fallthrough)
branch  1 taken 0
      197:  720:	fp = ck_fopen(p->name, mode, fail);
call    0 returned 197
      197:  721:      p->fp = fp;
      197:  722:      p->link = *file_ptrs;
      197:  723:      *file_ptrs = p;
        -:  724:    }
      197:  725:  free_buffer(b);
call    0 returned 197
      197:  726:  return p->fp;
        -:  727:}
        -:  728:
        -:  729:
        -:  730:static struct sed_cmd *next_cmd_entry P_((struct vector **vectorp));
        -:  731:static struct sed_cmd *
function next_cmd_entry called 2539 returned 100% blocks executed 100%
     2539:  732:next_cmd_entry(vectorp)
        -:  733:  struct vector **vectorp;
        -:  734:{
        -:  735:  struct sed_cmd *cmd;
        -:  736:  struct vector *v;
        -:  737:
     2539:  738:  v = *vectorp;
     2539:  739:  if (v->v_length == v->v_allocated)
branch  0 taken 365 (fallthrough)
branch  1 taken 2174
        -:  740:    {
      365:  741:      v->v_allocated += VECTOR_ALLOC_INCREMENT;
      365:  742:      v->v = REALLOC(v->v, v->v_allocated, struct sed_cmd);
call    0 returned 365
        -:  743:    }
        -:  744:
     2539:  745:  cmd = v->v + v->v_length;
     2539:  746:  cmd->a1 = NULL;
     2539:  747:  cmd->a2 = NULL;
     2539:  748:  cmd->a1_matched = FALSE;
     2539:  749:  cmd->addr_bang = FALSE;
     2539:  750:  cmd->cmd = '\0';	/* something invalid, to catch bugs early */
        -:  751:
     2539:  752:  *vectorp  = v;
     2539:  753:  return cmd;
        -:  754:}
        -:  755:
        -:  756:static int snarf_char_class P_((struct buffer *b));
        -:  757:static int
function snarf_char_class called 9 returned 100% blocks executed 37%
        9:  758:snarf_char_class(b)
        -:  759:  struct buffer *b;
        -:  760:{
        -:  761:  int ch;
        -:  762:
        9:  763:  ch = inchar();
call    0 returned 9
        9:  764:  if (ch == '^')
branch  0 taken 1 (fallthrough)
branch  1 taken 8
        1:  765:    ch = add_then_next(b, ch);
call    0 returned 1
        9:  766:  if (ch == CLOSE_BRACKET)
branch  0 taken 0 (fallthrough)
branch  1 taken 9
    #####:  767:    ch = add_then_next(b, ch);
call    0 never executed
       48:  768:  while (ch != EOF && ch != '\n' && ch != CLOSE_BRACKET)
branch  0 taken 48 (fallthrough)
branch  1 taken 0
branch  2 taken 48 (fallthrough)
branch  3 taken 0
branch  4 taken 39
branch  5 taken 9 (fallthrough)
        -:  769:    {
       39:  770:      if (ch == OPEN_BRACKET)
branch  0 taken 0 (fallthrough)
branch  1 taken 39
        -:  771:	{
        -:  772:	  int prev;
    #####:  773:	  int delim = ch = add_then_next(b, ch);
call    0 never executed
        -:  774:
    #####:  775:	  if (delim != '.'  &&  delim != ':'  &&  delim != '=')
branch  0 never executed
branch  1 never executed
branch  2 never executed
branch  3 never executed
branch  4 never executed
branch  5 never executed
    #####:  776:	    continue; /* bypass the add_then_next() call at bottom of loop */
    #####:  777:	  for (prev=ch=add_then_next(b, ch);
call    0 never executed
    #####:  778:		  !(ch==CLOSE_BRACKET && prev==delim); ch=add_then_next(b, ch))
branch  0 never executed
branch  1 never executed
branch  2 never executed
branch  3 never executed
        -:  779:	    {
    #####:  780:	      if (ch == EOF || ch == '\n')
branch  0 never executed
branch  1 never executed
branch  2 never executed
branch  3 never executed
    #####:  781:		return ch;
    #####:  782:	      prev = ch;
call    0 never executed
        -:  783:	    }
        -:  784:	}
        -:  785:#ifndef REG_PERL
       39:  786:      else if (ch == '\\')
branch  0 taken 0 (fallthrough)
branch  1 taken 39
        -:  787:	{
    #####:  788:	  ch = inchar();
call    0 never executed
    #####:  789:	  if (ch == EOF)
branch  0 never executed
branch  1 never executed
    #####:  790:	    break;
    #####:  791:	  if (ch != 'n' && ch != '\n')
branch  0 never executed
branch  1 never executed
branch  2 never executed
branch  3 never executed
        -:  792:	    {
    #####:  793:	      add1_buffer(b, '\\');
call    0 never executed
    #####:  794:	      continue; /* bypass the add_then_next() call at bottom of loop */
        -:  795:	    }
    #####:  796:	  ch = '\n';
        -:  797:	}
        -:  798:#endif
       39:  799:      ch = add_then_next(b, ch);
call    0 returned 39
        -:  800:    }
        -:  801:
        9:  802:  return ch;
        -:  803:}
        -:  804:
        -:  805:static struct buffer *match_slash P_((int slash, flagT regex, flagT keep_back));
        -:  806:static struct buffer *
function match_slash called 912 returned 100% blocks executed 81%
      912:  807:match_slash(slash, regex, keep_backwhack)
        -:  808:  int slash;
        -:  809:  flagT regex;
        -:  810:  flagT keep_backwhack;
        -:  811:{
        -:  812:  struct buffer *b;
        -:  813:  int ch;
        -:  814:
      912:  815:  b = init_buffer();
call    0 returned 912
        -:  816:#ifndef FAULTY_F_KRM_4
     5406:  817:  while ((ch = inchar()) != EOF && ch != '\n' && ch != slash)
call    0 returned 5406
branch  1 taken 5406 (fallthrough)
branch  2 taken 0
branch  3 taken 5406 (fallthrough)
branch  4 taken 0
branch  5 taken 4494
branch  6 taken 912 (fallthrough)
        -:  818:#else
        -:  819:    while ((ch = inchar()) != '\n' && ch != slash)
        -:  820:#endif
        -:  821:    {
     4494:  822:      if (ch == '\\')
branch  0 taken 393 (fallthrough)
branch  1 taken 4101
        -:  823:	{
      393:  824:	  ch = inchar();
call    0 returned 393
      393:  825:	  if (ch == EOF)
branch  0 taken 0 (fallthrough)
branch  1 taken 393
    #####:  826:	    break;
        -:  827:#ifndef REG_PERL
      393:  828:	  else if (ch == 'n' && regex)
branch  0 taken 12 (fallthrough)
branch  1 taken 381
branch  2 taken 12 (fallthrough)
branch  3 taken 0
       12:  829:	    ch = '\n';
        -:  830:#endif
      381:  831:	  else if (ch != '\n' && (ch != slash || keep_backwhack))
branch  0 taken 381 (fallthrough)
branch  1 taken 0
branch  2 taken 4 (fallthrough)
branch  3 taken 377
branch  4 taken 4 (fallthrough)
branch  5 taken 0
      381:  832:	    add1_buffer(b, '\\');
call    0 returned 381
        -:  833:	}
     4101:  834:      else if (ch == OPEN_BRACKET && regex)
branch  0 taken 29 (fallthrough)
branch  1 taken 4072
branch  2 taken 9 (fallthrough)
branch  3 taken 20
        -:  835:	{
        9:  836:	  add1_buffer(b, ch);
call    0 returned 9
        9:  837:	  ch = snarf_char_class(b);
call    0 returned 9
        9:  838:	  if (ch != CLOSE_BRACKET)
branch  0 taken 0 (fallthrough)
branch  1 taken 9
    #####:  839:	    break;
        -:  840:	}
     4494:  841:      add1_buffer(b, ch);
call    0 returned 4494
        -:  842:    }
      912:  843:  if (ch == slash)
branch  0 taken 912 (fallthrough)
branch  1 taken 0
      912:  844:    return b;
        -:  845:
    #####:  846:  if (ch == '\n')
branch  0 never executed
branch  1 never executed
    #####:  847:    savchar(ch);	/* for proper line number in error report */
call    0 never executed
    #####:  848:  free_buffer(b);
call    0 never executed
    #####:  849:  return NULL;
        -:  850:}
        -:  851:
        -:  852:static flagT mark_subst_opts P_((struct subst *cmd));
        -:  853:static flagT
function mark_subst_opts called 245 returned 100% blocks executed 43%
      245:  854:mark_subst_opts(cmd)
        -:  855:  struct subst *cmd;
        -:  856:{
      245:  857:  int flags = 0;
        -:  858:  int ch;
        -:  859:
      245:  860:  cmd->global = FALSE;
      245:  861:  cmd->print = FALSE;
      245:  862:  cmd->eval = FALSE;
      245:  863:  cmd->numb = FALSE;
      245:  864:  cmd->fp = NULL;
        -:  865:
        -:  866:  for (;;)
      567:  867:    switch ( (ch = in_nonblank()) )
call    0 returned 567
branch  1 taken 0
branch  2 taken 0
branch  3 taken 0
branch  4 taken 112
branch  5 taken 210
branch  6 taken 152
branch  7 taken 0
branch  8 taken 0
branch  9 taken 93
branch 10 taken 0
branch 11 taken 0
        -:  868:      {
    #####:  869:      case 'i':	/* GNU extension */
        -:  870:      case 'I':	/* GNU extension */
    #####:  871:	flags |= REG_ICASE;
    #####:  872:	break;
        -:  873:
        -:  874:#ifdef REG_PERL
        -:  875:      case 's':	/* GNU extension */
        -:  876:      case 'S':	/* GNU extension */
        -:  877:	if (extended_regexp_flags & REG_PERL)
        -:  878:	  flags |= REG_DOTALL;
        -:  879:	break;
        -:  880:
        -:  881:      case 'x':	/* GNU extension */
        -:  882:      case 'X':	/* GNU extension */
        -:  883:	if (extended_regexp_flags & REG_PERL)
        -:  884:	  flags |= REG_EXTENDED;
        -:  885:	break;
        -:  886:#endif
        -:  887:
    #####:  888:      case 'm':	/* GNU extension */
        -:  889:      case 'M':	/* GNU extension */
    #####:  890:	flags |= REG_NEWLINE;
    #####:  891:	break;
        -:  892:
    #####:  893:      case 'e':
    #####:  894:	cmd->eval = TRUE;
    #####:  895:	break;
        -:  896:
      112:  897:      case 'p':
      112:  898:	if (cmd->print)
branch  0 taken 0 (fallthrough)
branch  1 taken 112
    #####:  899:	  bad_prog(_(EXCESS_P_OPT));
call    0 never executed
      112:  900:	cmd->print |= (TRUE << cmd->eval); /* 1=before eval, 2=after */
      112:  901:	break;
        -:  902:
      210:  903:      case 'g':
      210:  904:	if (cmd->global)
branch  0 taken 0 (fallthrough)
branch  1 taken 210
    #####:  905:	  bad_prog(_(EXCESS_G_OPT));
call    0 never executed
      210:  906:	cmd->global = TRUE;
      210:  907:	break;
        -:  908:
      152:  909:      case 'w':
      152:  910:	cmd->fp = get_openfile(&file_write, "w", TRUE);
call    0 returned 152
      152:  911:	return flags;
        -:  912:
    #####:  913:      case '0': case '1': case '2': case '3': case '4':
        -:  914:      case '5': case '6': case '7': case '8': case '9':
    #####:  915:	if (cmd->numb)
branch  0 never executed
branch  1 never executed
    #####:  916:	  bad_prog(_(EXCESS_N_OPT));
call    0 never executed
    #####:  917:	cmd->numb = in_integer(ch);
call    0 never executed
    #####:  918:	if (!cmd->numb)
branch  0 never executed
branch  1 never executed
    #####:  919:	  bad_prog(_(ZERO_N_OPT));
call    0 never executed
    #####:  920:	break;
        -:  921:
    #####:  922:      case CLOSE_BRACE:
        -:  923:      case '#':
    #####:  924:	savchar(ch);
call    0 never executed
        -:  925:	/* Fall Through */
       93:  926:      case EOF:
        -:  927:      case '\n':
        -:  928:      case ';':
       93:  929:	return flags;
        -:  930:
    #####:  931:      case '\r':
    #####:  932:	if (inchar() == '\n')
call    0 never executed
branch  1 never executed
branch  2 never executed
    #####:  933:	  return flags;
        -:  934:	/* FALLTHROUGH */
        -:  935:
        -:  936:      default:
    #####:  937:	bad_prog(_(UNKNOWN_S_OPT));
call    0 never executed
        -:  938:	/*NOTREACHED*/
        -:  939:      }
        -:  940:}
        -:  941:
        -:  942:
        -:  943:/* read in a label for a `:', `b', or `t' command */
        -:  944:static char *read_label P_((void));
        -:  945:static char *
function read_label called 13 returned 100% blocks executed 100%
       13:  946:read_label()
        -:  947:{
        -:  948:  struct buffer *b;
        -:  949:  int ch;
        -:  950:  char *ret;
        -:  951:
       13:  952:  b = init_buffer();
call    0 returned 13
       13:  953:  ch = in_nonblank();
call    0 returned 13
        -:  954:
       53:  955:  while (ch != EOF && ch != '\n'
branch  0 taken 27 (fallthrough)
branch  1 taken 13
       67:  956:	 && !ISBLANK(ch) && ch != ';' && ch != CLOSE_BRACE && ch != '#')
branch  0 taken 40 (fallthrough)
branch  1 taken 0
branch  2 taken 27 (fallthrough)
branch  3 taken 0
branch  4 taken 27 (fallthrough)
branch  5 taken 0
branch  6 taken 27 (fallthrough)
branch  7 taken 0
branch  8 taken 27 (fallthrough)
branch  9 taken 0
branch 10 taken 27
branch 11 taken 0 (fallthrough)
        -:  957:    {
       27:  958:      add1_buffer(b, ch);
call    0 returned 27
       27:  959:      ch = inchar();
call    0 returned 27
        -:  960:    }
       13:  961:  savchar(ch);
call    0 returned 13
       13:  962:  add1_buffer(b, '\0');
call    0 returned 13
       13:  963:  ret = ck_strdup(get_buffer(b));
call    0 returned 13
call    1 returned 13
       13:  964:  free_buffer(b);
call    0 returned 13
       13:  965:  return ret;
        -:  966:}
        -:  967:
        -:  968:/* Store a label (or label reference) created by a `:', `b', or `t'
        -:  969:   command so that the jump to/from the label can be backpatched after
        -:  970:   compilation is complete, or a reference created by a `{' to be
        -:  971:   backpatched when the corresponding `}' is found.  */
        -:  972:static struct sed_label *setup_label
        -:  973:  P_((struct sed_label *, countT, char *, const struct error_info *));
        -:  974:static struct sed_label *
function setup_label called 343 returned 100% blocks executed 70%
      343:  975:setup_label(list, idx, name, err_info)
        -:  976:  struct sed_label *list;
        -:  977:  countT idx;
        -:  978:  char *name;
        -:  979:  const struct error_info *err_info;
        -:  980:{
     343*:  981:  struct sed_label *ret = OB_MALLOC(&obs, 1, struct sed_label);
branch  0 taken 0 (fallthrough)
branch  1 taken 343
call    2 never executed
branch  3 taken 0 (fallthrough)
branch  4 taken 343
branch  5 taken 0 (fallthrough)
branch  6 taken 343
      343:  982:  ret->v_index = idx;
      343:  983:  ret->name = name;
      343:  984:  if (err_info)
branch  0 taken 330 (fallthrough)
branch  1 taken 13
      330:  985:    MEMCPY(&ret->err_info, err_info, sizeof ret->err_info);
      343:  986:  ret->next = list;
        -:  987:#ifndef FAULTY_F_KRM_5  
      343:  988:  return ret;
        -:  989:#else
        -:  990:  return ++ret;
        -:  991:#endif
        -:  992:}
        -:  993:
        -:  994:static struct sed_label *release_label P_((struct sed_label *list_head));
        -:  995:static struct sed_label *
function release_label called 342 returned 100% blocks executed 80%
      342:  996:release_label(list_head)
        -:  997:  struct sed_label *list_head;
        -:  998:{
        -:  999:  struct sed_label *ret;
      342: 1000:  if (!list_head)
branch  0 taken 0 (fallthrough)
branch  1 taken 342
    #####: 1001:    return NULL;
      342: 1002:  ret = list_head->next;
        -: 1003:
      342: 1004:  FREE(list_head->name);
call    0 returned 342
        -: 1005:
        -: 1006:#if 0
        -: 1007:  /* We use obstacks */
        -: 1008:  FREE(list_head);
        -: 1009:#endif
      342: 1010:  return ret;
        -: 1011:}
        -: 1012:
        -: 1013:static struct replacement *new_replacement P_((char *, size_t,
        -: 1014:					       enum replacement_types));
        -: 1015:static struct replacement *
function new_replacement called 253 returned 100% blocks executed 62%
      253: 1016:new_replacement(text, length, type)
        -: 1017:  char *text;
        -: 1018:  size_t length;
        -: 1019:  enum replacement_types type;
        -: 1020:{
     253*: 1021:  struct replacement *r = OB_MALLOC(&obs, 1, struct replacement);
branch  0 taken 0 (fallthrough)
branch  1 taken 253
call    2 never executed
branch  3 taken 0 (fallthrough)
branch  4 taken 253
branch  5 taken 0 (fallthrough)
branch  6 taken 253
        -: 1022:
      253: 1023:  r->prefix = text;
      253: 1024:  r->prefix_length = length;
      253: 1025:  r->subst_id = -1;
      253: 1026:  r->repl_type = type;
        -: 1027:  /* r-> next = NULL; */
      253: 1028:  return r;
        -: 1029:}
        -: 1030:
        -: 1031:static void setup_replacement P_((struct subst *, const char *, size_t));
        -: 1032:static void
function setup_replacement called 245 returned 100% blocks executed 69%
      245: 1033:setup_replacement(sub, text, length)
        -: 1034:     struct subst *sub;
        -: 1035:     const char *text;
        -: 1036:     size_t length;
        -: 1037:{
        -: 1038:  char *base;
        -: 1039:  char *p;
        -: 1040:  char *text_end;
      245: 1041:  enum replacement_types repl_type = repl_asis, save_type = repl_asis;
        -: 1042:  struct replacement root;
        -: 1043:  struct replacement *tail;
        -: 1044:
      245: 1045:  sub->max_id = 0;
      245: 1046:  base = MEMDUP(text, length, char);
call    0 returned 245
      245: 1047:  length = normalize_text(base, length);
call    0 returned 245
        -: 1048:
      245: 1049:  text_end = base + length;
      245: 1050:  tail = &root;
        -: 1051:#ifndef FAULTY_F_KRM_6
        -: 1052:  #ifndef FAULTY_F_KRM_7
     1770: 1053:  for (p=base; p<text_end; ++p)
branch  0 taken 1525
branch  1 taken 245 (fallthrough)
        -: 1054:  #else
        -: 1055:  for (p=base; p<text_end; p++)
        -: 1056:  #endif
        -: 1057:#else
        -: 1058:  for (p=base; p<=text_end; ++p)
        -: 1059:#endif
        -: 1060:    {
     1525: 1061:      if (*p == '\\')
branch  0 taken 42 (fallthrough)
branch  1 taken 1483
        -: 1062:	{
        -: 1063:	  /* Preceding the backslash may be some literal text: */
       42: 1064:	  tail = tail->next =
       42: 1065:	    new_replacement(base, CAST(size_t)(p - base), repl_type);
call    0 returned 42
        -: 1066:
       42: 1067:	  repl_type = save_type;
        -: 1068:
        -: 1069:	  /* Skip the backslash and look for a numeric back-reference: */
       42: 1070:	  ++p;
       42: 1071:	  if (p<text_end)
branch  0 taken 42 (fallthrough)
branch  1 taken 0
       42: 1072:	    switch (*p)
branch  0 taken 0
branch  1 taken 0
branch  2 taken 0
branch  3 taken 0
branch  4 taken 0
branch  5 taken 0
branch  6 taken 42
        -: 1073:	      {
    #####: 1074:	      case '0': case '1': case '2': case '3': case '4': 
        -: 1075:	      case '5': case '6': case '7': case '8': case '9': 
    #####: 1076:		tail->subst_id = *p - '0';
    #####: 1077:		if (sub->max_id < tail->subst_id)
branch  0 never executed
branch  1 never executed
    #####: 1078:		  sub->max_id = tail->subst_id;
    #####: 1079:		break;
        -: 1080:
    #####: 1081:	      case 'L':
    #####: 1082:		repl_type = repl_lowercase;
    #####: 1083:		save_type = repl_lowercase;
    #####: 1084:		break;
        -: 1085:
    #####: 1086:	      case 'U':
    #####: 1087:		repl_type = repl_uppercase;
    #####: 1088:		save_type = repl_uppercase;
    #####: 1089:		break;
        -: 1090:		
    #####: 1091:	      case 'E':
    #####: 1092:		repl_type = repl_asis;
    #####: 1093:		save_type = repl_asis;
    #####: 1094:		break;
        -: 1095:
    #####: 1096:	      case 'l':
    #####: 1097:		save_type = repl_type;
    #####: 1098:		repl_type |= repl_lowercase_first;
    #####: 1099:		break;
        -: 1100:
    #####: 1101:	      case 'u':
    #####: 1102:		save_type = repl_type;
    #####: 1103:		repl_type |= repl_uppercase_first;
    #####: 1104:		break;
        -: 1105:		
       42: 1106:	      default:
       42: 1107:		p[-1] = *p;
       42: 1108:		++tail->prefix_length;
        -: 1109:	      }
        -: 1110:
       42: 1111:	  base = p + 1;
        -: 1112:	}
     1483: 1113:      else if (*p == '&')
branch  0 taken 17 (fallthrough)
branch  1 taken 1466
        -: 1114:	{
        -: 1115:	  /* Preceding the ampersand may be some literal text: */
       17: 1116:	  tail = tail->next =
       17: 1117:	    new_replacement(base, CAST(size_t)(p - base), repl_type);
call    0 returned 17
        -: 1118:
       17: 1119:	  repl_type = save_type;
       17: 1120:	  tail->subst_id = 0;
       17: 1121:	  base = p + 1;
        -: 1122:	}
        -: 1123:  }
        -: 1124:  /* There may be some trailing literal text: */
      245: 1125:  if (base < text_end)
branch  0 taken 194 (fallthrough)
branch  1 taken 51
      194: 1126:    tail = tail->next =
      194: 1127:      new_replacement(base, CAST(size_t)(text_end - base), repl_type);
call    0 returned 194
        -: 1128:
      245: 1129:  tail->next = NULL;
      245: 1130:  sub->replacement = root.next;
      245: 1131:}
        -: 1132:
        -: 1133:static void read_text P_((struct text_buf *buf, int leadin_ch));
        -: 1134:static void
function read_text called 106 returned 100% blocks executed 79%
      106: 1135:read_text(buf, leadin_ch)
        -: 1136:  struct text_buf *buf;
        -: 1137:  int leadin_ch;
        -: 1138:{
        -: 1139:  int ch;
        -: 1140:
        -: 1141:  /* Should we start afresh (as opposed to continue a partial text)? */
      106: 1142:  if (buf)
branch  0 taken 106 (fallthrough)
branch  1 taken 0
        -: 1143:    {
      106: 1144:      if (pending_text)
branch  0 taken 0 (fallthrough)
branch  1 taken 106
    #####: 1145:	free_buffer(pending_text);
call    0 never executed
      106: 1146:      pending_text = init_buffer();
call    0 returned 106
      106: 1147:      buf->text = NULL;
      106: 1148:      buf->text_length = 0;
      106: 1149:      old_text_buf = buf;
        -: 1150:    }
        -: 1151:  /* assert(old_text_buf != NULL); */
        -: 1152:
      106: 1153:  if (leadin_ch == EOF)
branch  0 taken 0 (fallthrough)
branch  1 taken 106
    #####: 1154:    return;
        -: 1155:#ifndef NO_INPUT_INDENT
      106: 1156:  if (leadin_ch != '\n')
branch  0 taken 0 (fallthrough)
branch  1 taken 106
    #####: 1157:    add1_buffer(pending_text, leadin_ch);
call    0 never executed
      106: 1158:  ch = inchar();
call    0 returned 106
        -: 1159:#else /*NO_INPUT_INDENT*/
        -: 1160:  if (leadin_ch == '\n')
        -: 1161:    ch = in_nonblank();
        -: 1162:  else
        -: 1163:    {
        -: 1164:      add1_buffer(pending_text, leadin_ch);
        -: 1165:      ch = inchar();
        -: 1166:    }
        -: 1167:#endif /*NO_INPUT_INDENT*/
        -: 1168:
     2629: 1169:  while (ch!=EOF && ch!='\n')
branch  0 taken 2629 (fallthrough)
branch  1 taken 0
branch  2 taken 2523
branch  3 taken 106 (fallthrough)
        -: 1170:    {
     2523: 1171:      if (ch == '\\')
branch  0 taken 14 (fallthrough)
branch  1 taken 2509
       14: 1172:	ch = inchar();
call    0 returned 14
     2523: 1173:      if (ch == EOF)
branch  0 taken 0 (fallthrough)
branch  1 taken 2523
        -: 1174:	{
    #####: 1175:	  add1_buffer(pending_text, '\n');
call    0 never executed
    #####: 1176:	  return;
        -: 1177:	}
     2523: 1178:      add1_buffer(pending_text, ch);
call    0 returned 2523
        -: 1179:#ifdef NO_INPUT_INDENT
        -: 1180:      if (ch == '\n')
        -: 1181:	ch = in_nonblank();
        -: 1182:      else
        -: 1183:#endif /*NO_INPUT_INDENT*/
     2523: 1184:	ch = inchar();
call    0 returned 2523
        -: 1185:    }
      106: 1186:  add1_buffer(pending_text, '\n');
call    0 returned 106
        -: 1187:
      106: 1188:  if (!buf)
branch  0 taken 0 (fallthrough)
branch  1 taken 106
    #####: 1189:    buf = old_text_buf;
      106: 1190:  buf->text_length = size_buffer(pending_text);
call    0 returned 106
      106: 1191:  buf->text = MEMDUP(get_buffer(pending_text), buf->text_length, char);
call    0 returned 106
call    1 returned 106
      106: 1192:  free_buffer(pending_text);
call    0 returned 106
      106: 1193:  pending_text = NULL;
        -: 1194:}
        -: 1195:
        -: 1196:
        -: 1197:/* Try to read an address for a sed command.  If it succeeds,
        -: 1198:   return non-zero and store the resulting address in `*addr'.
        -: 1199:   If the input doesn't look like an address read nothing
        -: 1200:   and return zero.  */
        -: 1201:static flagT compile_address P_((struct addr *addr, int ch));
        -: 1202:static flagT
function compile_address called 2584 returned 100% blocks executed 60%
     2584: 1203:compile_address(addr, ch)
        -: 1204:  struct addr *addr;
        -: 1205:  int ch;
        -: 1206:{
     2584: 1207:  addr->addr_type = addr_is_null;
     2584: 1208:  addr->addr_step = 0;
     2584: 1209:  addr->addr_number = ~(countT)0;  /* extremely unlikely to ever match */
     2584: 1210:  addr->addr_regex = NULL;
        -: 1211:
     2584: 1212:  if (ch == '/' || ch == '\\')
branch  0 taken 2201 (fallthrough)
branch  1 taken 383
branch  2 taken 0 (fallthrough)
branch  3 taken 2201
        -: 1213:    {
      383: 1214:      int flags = 0;
        -: 1215:      struct buffer *b;
      383: 1216:      addr->addr_type = addr_is_regex;
      383: 1217:      if (ch == '\\')
branch  0 taken 0 (fallthrough)
branch  1 taken 383
    #####: 1218:	ch = inchar();
call    0 never executed
      383: 1219:      if ( !(b = match_slash(ch, TRUE, TRUE)) )
call    0 returned 383
branch  1 taken 0 (fallthrough)
branch  2 taken 383
    #####: 1220:	bad_prog(_(UNTERM_ADDR_RE));
call    0 never executed
        -: 1221:
        -: 1222:      for(;;)
        -: 1223:	{
     383*: 1224:	  ch = in_nonblank();
call    0 returned 383
      383: 1225:          switch(ch)
branch  0 taken 0
branch  1 taken 0
branch  2 taken 383
        -: 1226:	    {
    #####: 1227:	    case 'I':	/* GNU extension */
    #####: 1228:	      flags |= REG_ICASE;
    #####: 1229:	      break;
        -: 1230:
        -: 1231:#ifdef REG_PERL
        -: 1232:	    case 'S':	/* GNU extension */
        -: 1233:	      if (extended_regexp_flags & REG_PERL)
        -: 1234:		flags |= REG_DOTALL;
        -: 1235:	      break;
        -: 1236:
        -: 1237:	    case 'X':	/* GNU extension */
        -: 1238:	      if (extended_regexp_flags & REG_PERL)
        -: 1239:		flags |= REG_EXTENDED;
        -: 1240:	      break;
        -: 1241:#endif
        -: 1242:
    #####: 1243:	    case 'M':	/* GNU extension */
    #####: 1244:	      flags |= REG_NEWLINE;
    #####: 1245:	      break;
        -: 1246:
      383: 1247:	    default:
      383: 1248:	      savchar (ch);
call    0 returned 383
      383: 1249:	      addr->addr_regex = compile_regex (b, flags, 0);
call    0 returned 383
      383: 1250:	      free_buffer(b);
call    0 returned 383
      383: 1251:	      return TRUE;
        -: 1252:	    }
        -: 1253:	}
        -: 1254:    }
     2201: 1255:  else if (ISDIGIT(ch))
branch  0 taken 88 (fallthrough)
branch  1 taken 2113
        -: 1256:    {
        -: 1257:#ifndef FAULTY_F_KRM_8
       88: 1258:      addr->addr_number = in_integer(ch);
call    0 returned 88
        -: 1259:#else
        -: 1260:      addr->addr_number = inchar();
        -: 1261:#endif
       88: 1262:      addr->addr_type = addr_is_num;
       88: 1263:      ch = in_nonblank();
call    0 returned 88
        -: 1264:
       88: 1265:      if (ch != '~')
branch  0 taken 88 (fallthrough)
branch  1 taken 0
        -: 1266:	{
       88: 1267:	  savchar(ch);
call    0 returned 88
        -: 1268:	}
        -: 1269:      else
        -: 1270:	{
    #####: 1271:	  countT step = in_integer(in_nonblank()); 
call    0 never executed
call    1 never executed
    #####: 1272:	  if (step > 0)
branch  0 never executed
branch  1 never executed
        -: 1273:	    {
    #####: 1274:	      addr->addr_step = step;
    #####: 1275:	      addr->addr_type = addr_is_num_mod;
        -: 1276:	    }
        -: 1277:	}
        -: 1278:    }
     2113: 1279:  else if (ch == '+' || ch == '~')
branch  0 taken 2113 (fallthrough)
branch  1 taken 0
branch  2 taken 0 (fallthrough)
branch  3 taken 2113
        -: 1280:    {
    #####: 1281:      addr->addr_step = in_integer(in_nonblank());
call    0 never executed
call    1 never executed
    #####: 1282:      if (addr->addr_step==0)
branch  0 never executed
branch  1 never executed
        -: 1283:	; /* default to addr_is_null; forces matching to stop on next line */
    #####: 1284:      else if (ch == '+')
branch  0 never executed
branch  1 never executed
    #####: 1285:	addr->addr_type = addr_is_step;
        -: 1286:      else
    #####: 1287:	addr->addr_type = addr_is_step_mod;
        -: 1288:    }
     2113: 1289:  else if (ch == '$')
branch  0 taken 13 (fallthrough)
branch  1 taken 2100
        -: 1290:    {
       13: 1291:      addr->addr_type = addr_is_last;
        -: 1292:    }
        -: 1293:  else
     2100: 1294:    return FALSE;
        -: 1295:
      101: 1296:  return TRUE;
        -: 1297:}
        -: 1298:
        -: 1299:/* Read a program (or a subprogram within `{' `}' pairs) in and store
        -: 1300:   the compiled form in `*vector'.  Return a pointer to the new vector.  */
        -: 1301:static struct vector *compile_program P_((struct vector *));
        -: 1302:static struct vector *
function compile_program called 369 returned 99% blocks executed 72%
      369: 1303:compile_program(vector)
        -: 1304:  struct vector *vector;
        -: 1305:{
        -: 1306:  struct sed_cmd *cur_cmd;
        -: 1307:  struct buffer *b;
        -: 1308:  int ch;
        -: 1309:
      369: 1310:  if (!vector)
branch  0 taken 366 (fallthrough)
branch  1 taken 3
        -: 1311:    {
      366: 1312:      vector = MALLOC(1, struct vector);
call    0 returned 366
      366: 1313:      vector->v = NULL;
      366: 1314:      vector->v_allocated = 0;
      366: 1315:      vector->v_length = 0;
        -: 1316:
      366: 1317:      obstack_init (&obs);
call    0 returned 366
        -: 1318:    }
      369: 1319:  if (pending_text)
branch  0 taken 0 (fallthrough)
branch  1 taken 369
    #####: 1320:    read_text(NULL, '\n');
call    0 never executed
        -: 1321:
        -: 1322:  for (;;)
     2534: 1323:    {
        -: 1324:      struct addr a;
        -: 1325:
    10609: 1326:      while ((ch=inchar()) == ';' || ISSPACE(ch))
call    0 returned 10609
branch  1 taken 0
branch  2 taken 10609 (fallthrough)
branch  3 taken 7706
branch  4 taken 2903 (fallthrough)
        -: 1327:	;
     2903: 1328:      if (ch == EOF)
branch  0 taken 364 (fallthrough)
branch  1 taken 2539
      364: 1329:	break;
        -: 1330:
     2539: 1331:      cur_cmd = next_cmd_entry(&vector);
call    0 returned 2539
     2539: 1332:      if (compile_address(&a, ch))
call    0 returned 2539
branch  1 taken 439 (fallthrough)
branch  2 taken 2100
        -: 1333:	{
      439: 1334:	  if (a.addr_type == addr_is_step
branch  0 taken 439 (fallthrough)
branch  1 taken 0
      439: 1335:	      || a.addr_type == addr_is_step_mod)
branch  0 taken 0 (fallthrough)
branch  1 taken 439
    #####: 1336:	    bad_prog(_(BAD_PLUS));
call    0 never executed
        -: 1337:
      439: 1338:	  cur_cmd->a1 = MEMDUP(&a, 1, struct addr);
call    0 returned 439
      439: 1339:	  ch = in_nonblank();
call    0 returned 439
      439: 1340:	  if (ch == ',')
branch  0 taken 45 (fallthrough)
branch  1 taken 394
        -: 1341:	    {
       45: 1342:	      if (!compile_address(&a, in_nonblank()))
call    0 returned 45
call    1 returned 45
branch  2 taken 0 (fallthrough)
branch  3 taken 45
    #####: 1343:		bad_prog(_(BAD_COMMA));
call    0 never executed
       45: 1344:	      if (a.addr_type == addr_is_num)
branch  0 taken 21 (fallthrough)
branch  1 taken 24
       21: 1345:		a.addr_type = addr_is_num2;
       45: 1346:	      cur_cmd->a2 = MEMDUP(&a, 1, struct addr);
call    0 returned 45
       45: 1347:	      ch = in_nonblank();
call    0 returned 45
       45: 1348:	      if ((cur_cmd->a1->addr_type == addr_is_num
branch  0 taken 19 (fallthrough)
branch  1 taken 26
       19: 1349:		   || cur_cmd->a1->addr_type == addr_is_num_mod)
branch  0 taken 0 (fallthrough)
branch  1 taken 19
       26: 1350:	      	  && cur_cmd->a1->addr_number == 0)
branch  0 taken 0 (fallthrough)
branch  1 taken 26
    #####: 1351:		cur_cmd->a1_matched = TRUE;
        -: 1352:	    }
        -: 1353:	}
     2539: 1354:      if (ch == '!')
branch  0 taken 20 (fallthrough)
branch  1 taken 2519
        -: 1355:	{
       20: 1356:	  cur_cmd->addr_bang = TRUE;
       20: 1357:	  ch = in_nonblank();
call    0 returned 20
       20: 1358:	  if (ch == '!')
branch  0 taken 0 (fallthrough)
branch  1 taken 20
    #####: 1359:	    bad_prog(_(BAD_BANG));
call    0 never executed
        -: 1360:	}
        -: 1361:
     2539: 1362:      cur_cmd->cmd = ch;
    2539*: 1363:      switch (ch)
branch  0 taken 507
branch  1 taken 0
branch  2 taken 330
branch  3 taken 329
branch  4 taken 0
branch  5 taken 70
branch  6 taken 36
branch  7 taken 4
branch  8 taken 9
branch  9 taken 35
branch 10 taken 40
branch 11 taken 2
branch 12 taken 809
branch 13 taken 34
branch 14 taken 0
branch 15 taken 45
branch 16 taken 245
branch 17 taken 39
branch 18 taken 0
branch 19 taken 5
        -: 1364:	{
      507: 1365:	case '#':
      507: 1366:	  if (cur_cmd->a1)
branch  0 taken 0 (fallthrough)
branch  1 taken 507
    #####: 1367:	    bad_prog(_(NO_SHARP_ADDR));
call    0 never executed
      507: 1368:	  ch = inchar();
call    0 returned 507
      507: 1369:	  if (ch=='n' && first_script && cur_input.line < 2)
branch  0 taken 211 (fallthrough)
branch  1 taken 296
branch  2 taken 211 (fallthrough)
branch  3 taken 0
branch  4 taken 211 (fallthrough)
branch  5 taken 0
     211*: 1370:	    if (   (prog.base && prog.cur==2+prog.base)
branch  0 taken 0 (fallthrough)
branch  1 taken 211
branch  2 never executed
branch  3 never executed
      211: 1371:		|| (prog.file && !prog.base && 2==ftell(prog.file)))
branch  0 taken 211 (fallthrough)
branch  1 taken 0
branch  2 taken 211 (fallthrough)
branch  3 taken 0
call    4 returned 211
branch  5 taken 211 (fallthrough)
branch  6 taken 0
      211: 1372:	      no_default_output = TRUE;
     6278: 1373:	  while (ch != EOF && ch != '\n')
branch  0 taken 6278 (fallthrough)
branch  1 taken 0
branch  2 taken 5771
branch  3 taken 507 (fallthrough)
     5771: 1374:	    ch = inchar();
call    0 returned 5771
      507: 1375:	  continue;	/* restart the for (;;) loop */
        -: 1376:
    #####: 1377:	case 'v':
        -: 1378:          /* This is an extension.  Programs needing GNU sed might start
        -: 1379:           * with a `v' command so that other seds will stop.
        -: 1380:           * We compare the version ignore it.
        -: 1381:           */
        -: 1382:          {
    #####: 1383:            char *version = read_label ();
call    0 never executed
        -: 1384:            char *compared_version;
    #####: 1385:            compared_version = (*version == '\0') ? "4.0" : version;
branch  0 never executed
branch  1 never executed
        -: 1386:            
        -: 1387:	    /* Removed by Kyle R. Murphy - July 2006 */	    
        -: 1388:	    /* 
        -: 1389:	    if (strverscmp (compared_version, SED_FEATURE_VERSION) > 0)
        -: 1390:              bad_prog(_(ANCIENT_VERSION));
        -: 1391:	    */
        -: 1392:
    #####: 1393:            free (version);
    #####: 1394:	    POSIXLY_CORRECT = 0;
        -: 1395:          }
    #####: 1396:	  continue;
        -: 1397:
      330: 1398:	case '{':
      330: 1399:	  blocks = setup_label(blocks, vector->v_length, NULL, &cur_input);
call    0 returned 330
      330: 1400:	  cur_cmd->addr_bang = !cur_cmd->addr_bang;
      330: 1401:	  break;
        -: 1402:
      329: 1403:	case '}':
      329: 1404:	  if (!blocks)
branch  0 taken 0 (fallthrough)
branch  1 taken 329
    #####: 1405:	    bad_prog(_(EXCESS_CLOSE_BRACE));
call    0 never executed
        -: 1406:#ifndef FAULTY_F_KRM_9
      329: 1407:	  if (cur_cmd->a1)
branch  0 taken 0 (fallthrough)
branch  1 taken 329
    #####: 1408:	    bad_prog(_(NO_CLOSE_BRACE_ADDR));
call    0 never executed
        -: 1409:#else
        -: 1410:#endif
      329: 1411:	  ch = in_nonblank();
call    0 returned 329
      329: 1412:	  if (ch == CLOSE_BRACE || ch == '#')
branch  0 taken 329 (fallthrough)
branch  1 taken 0
branch  2 taken 0 (fallthrough)
branch  3 taken 329
    #####: 1413:	    savchar(ch);
call    0 never executed
     329*: 1414:	  else if (ch != EOF && ch != '\n' && ch != ';')
branch  0 taken 329 (fallthrough)
branch  1 taken 0
branch  2 taken 0 (fallthrough)
branch  3 taken 329
branch  4 never executed
branch  5 never executed
    #####: 1415:	    bad_prog(_(EXCESS_JUNK));
call    0 never executed
        -: 1416:
      329: 1417:	  vector->v[blocks->v_index].x.jump_index = vector->v_length;
      329: 1418:	  blocks = release_label(blocks);	/* done with this entry */
call    0 returned 329
      329: 1419:	  break;
        -: 1420:
    #####: 1421:	case 'e':
    #####: 1422:	  ch = in_nonblank();
call    0 never executed
    #####: 1423:	  if (ch == EOF || ch == '\n')
branch  0 never executed
branch  1 never executed
branch  2 never executed
branch  3 never executed
        -: 1424:	    {
    #####: 1425:	      cur_cmd->x.cmd_txt.text_length = 0;
    #####: 1426:	      break;
        -: 1427:	    }
        -: 1428:	  else
    #####: 1429:	    goto read_text_to_slash;
        -: 1430:
       70: 1431:	case 'a':
        -: 1432:	case 'i':
      70*: 1433:	  if (POSIXLY_CORRECT && cur_cmd->a2)
branch  0 taken 0 (fallthrough)
branch  1 taken 70
branch  2 never executed
branch  3 never executed
    #####: 1434:	    bad_prog(_(ONE_ADDR));
call    0 never executed
        -: 1435:	  /* Fall Through */
        -: 1436:
        -: 1437:	case 'c':
      106: 1438:	  ch = in_nonblank();
call    0 returned 106
        -: 1439:
      106: 1440:	read_text_to_slash:
      106: 1441:	  if (ch == EOF)
branch  0 taken 0 (fallthrough)
branch  1 taken 106
    #####: 1442:	    bad_prog(_(EXPECTED_SLASH));
call    0 never executed
        -: 1443:	      
      106: 1444:	  if (ch == '\\')
branch  0 taken 106 (fallthrough)
branch  1 taken 0
      106: 1445:	    ch = inchar();
call    0 returned 106
        -: 1446:	  else
        -: 1447:	    {
    #####: 1448:	      savchar(ch);
call    0 never executed
    #####: 1449:	      ch = '\n';
        -: 1450:	    }
        -: 1451:
      106: 1452:	  read_text(&cur_cmd->x.cmd_txt, ch);
call    0 returned 106
      106: 1453:	  break;
        -: 1454:
        4: 1455:	case ':':
        4: 1456:	  if (cur_cmd->a1)
branch  0 taken 0 (fallthrough)
branch  1 taken 4
    #####: 1457:	    bad_prog(_(NO_COLON_ADDR));
call    0 never executed
        4: 1458:	  labels = setup_label(labels, vector->v_length, read_label(), NULL);
call    0 returned 4
call    1 returned 4
        4: 1459:	  break;
        -: 1460:	
        9: 1461:	case 'b':
        -: 1462:	case 't':
        -: 1463:	case 'T':
        9: 1464:	  jumps = setup_label(jumps, vector->v_length, read_label(), NULL);
call    0 returned 9
call    1 returned 9
        9: 1465:	  break;
        -: 1466:
       35: 1467:	case 'q':
        -: 1468:	case 'Q':
       35: 1469:	  if (cur_cmd->a2)
branch  0 taken 0 (fallthrough)
branch  1 taken 35
    #####: 1470:	    bad_prog(_(ONE_ADDR));
call    0 never executed
        -: 1471:	  /* Fall through */
        -: 1472:
        -: 1473:	case 'l':
        -: 1474:	case 'L':
      75*: 1475:	  if (POSIXLY_CORRECT && cur_cmd->a2)
branch  0 taken 0 (fallthrough)
branch  1 taken 75
branch  2 never executed
branch  3 never executed
    #####: 1476:	    bad_prog(_(ONE_ADDR));
call    0 never executed
        -: 1477:
       75: 1478:	  ch = in_nonblank();
call    0 returned 75
       75: 1479:	  if (ISDIGIT(ch)) 
branch  0 taken 0 (fallthrough)
branch  1 taken 75
        -: 1480:	    {
    #####: 1481:	      cur_cmd->x.int_arg = in_integer(ch);
call    0 never executed
    #####: 1482:	      ch = in_nonblank();
call    0 never executed
        -: 1483:	    }
        -: 1484:	  else
       75: 1485:	    cur_cmd->x.int_arg = -1;
        -: 1486:
       75: 1487:	  if (ch == CLOSE_BRACE || ch == '#')
branch  0 taken 75 (fallthrough)
branch  1 taken 0
branch  2 taken 0 (fallthrough)
branch  3 taken 75
    #####: 1488:	    savchar(ch);
call    0 never executed
       75: 1489:	  else if (ch != EOF && ch != '\n' && ch != ';')
branch  0 taken 73 (fallthrough)
branch  1 taken 2
branch  2 taken 4 (fallthrough)
branch  3 taken 69
branch  4 taken 0 (fallthrough)
branch  5 taken 4
    #####: 1490:	    bad_prog(_(EXCESS_JUNK));
call    0 never executed
        -: 1491:
       75: 1492:	  break;
        -: 1493:
        2: 1494:	case '=':
       2*: 1495:	  if (POSIXLY_CORRECT && cur_cmd->a2)
branch  0 taken 0 (fallthrough)
branch  1 taken 2
branch  2 never executed
branch  3 never executed
    #####: 1496:	    bad_prog(_(ONE_ADDR));
call    0 never executed
        -: 1497:	  /* Fall Through */
        -: 1498:	case 'd':
        -: 1499:	case 'D':
        -: 1500:	case 'g':
        -: 1501:	case 'G':
        -: 1502:	case 'h':
        -: 1503:	case 'H':
        -: 1504:	case 'n':
        -: 1505:	case 'N':
        -: 1506:	case 'p':
        -: 1507:	case 'P':
        -: 1508:	case 'x':
      811: 1509:	  ch = in_nonblank();
call    0 returned 811
      811: 1510:	  if (ch == CLOSE_BRACE || ch == '#')
branch  0 taken 811 (fallthrough)
branch  1 taken 0
branch  2 taken 0 (fallthrough)
branch  3 taken 811
    #####: 1511:	    savchar(ch);
call    0 never executed
      811: 1512:	  else if (ch != EOF && ch != '\n' && ch != ';')
branch  0 taken 806 (fallthrough)
branch  1 taken 5
branch  2 taken 73 (fallthrough)
branch  3 taken 733
branch  4 taken 0 (fallthrough)
branch  5 taken 73
    #####: 1513:	    bad_prog(_(EXCESS_JUNK));
call    0 never executed
      811: 1514:	  break;
        -: 1515:
       34: 1516:	case 'r':
      34*: 1517:	  if (POSIXLY_CORRECT && cur_cmd->a2)
branch  0 taken 0 (fallthrough)
branch  1 taken 34
branch  2 never executed
branch  3 never executed
    #####: 1518:	    bad_prog(_(ONE_ADDR));
call    0 never executed
       34: 1519:	  b = read_filename();
call    0 returned 34
       34: 1520:	  cur_cmd->x.fname = ck_strdup(get_buffer(b));
call    0 returned 34
call    1 returned 34
       34: 1521:	  free_buffer(b);
call    0 returned 34
       34: 1522:	  break;
        -: 1523:
    #####: 1524:        case 'R':
    #####: 1525:	  cur_cmd->x.fp = get_openfile(&file_read, "r", FALSE);
call    0 never executed
    #####: 1526:	  break;
        -: 1527:
       45: 1528:	case 'w':
        -: 1529:        case 'W':
       45: 1530:	  cur_cmd->x.fp = get_openfile(&file_write, "w", TRUE);
call    0 returned 45
       45: 1531:	  break;
        -: 1532:
      245: 1533:	case 's':
        -: 1534:	  {
        -: 1535:	    struct buffer *b2;
        -: 1536:	    int flags;
        -: 1537:	    int slash;
        -: 1538:
      245: 1539:	    slash = inchar();
call    0 returned 245
      245: 1540:	    if ( !(b  = match_slash(slash, TRUE, TRUE)) )
call    0 returned 245
branch  1 taken 0 (fallthrough)
branch  2 taken 245
    #####: 1541:	      bad_prog(_(UNTERM_S_CMD));
call    0 never executed
      245: 1542:	    if ( !(b2 = match_slash(slash, FALSE, TRUE)) )
call    0 returned 245
branch  1 taken 0 (fallthrough)
branch  2 taken 245
    #####: 1543:	      bad_prog(_(UNTERM_S_CMD));
call    0 never executed
        -: 1544:
     245*: 1545:	    cur_cmd->x.cmd_subst = OB_MALLOC(&obs, 1, struct subst);
branch  0 taken 0 (fallthrough)
branch  1 taken 245
call    2 never executed
branch  3 taken 0 (fallthrough)
branch  4 taken 245
branch  5 taken 0 (fallthrough)
branch  6 taken 245
      490: 1546:	    setup_replacement(cur_cmd->x.cmd_subst,
call    0 returned 245
call    1 returned 245
      245: 1547:			      get_buffer(b2), size_buffer(b2));
call    0 returned 245
      245: 1548:	    free_buffer(b2);
call    0 returned 245
        -: 1549:
      245: 1550:	    flags = mark_subst_opts(cur_cmd->x.cmd_subst);
call    0 returned 245
      490: 1551:	    cur_cmd->x.cmd_subst->regx =
      245: 1552:	      compile_regex(b, flags, cur_cmd->x.cmd_subst->max_id);
call    0 returned 245
      245: 1553:	    free_buffer(b);
call    0 returned 245
        -: 1554:	  }
      245: 1555:	  break;
        -: 1556:
       39: 1557:	case 'y':
        -: 1558:	  {
        -: 1559:	    unsigned char *ustring;
        -: 1560:	    size_t len;
        -: 1561:	    int slash;
        -: 1562:
        -: 1563:#if defined MBS_SUPPORT && !defined (REG_PERL)
        -: 1564:	    if (MB_CUR_MAX == 1)
        -: 1565:#endif
        -: 1566:	      {
      39*: 1567:	        ustring = OB_MALLOC(&obs, YMAP_LENGTH, unsigned char);
branch  0 taken 0 (fallthrough)
branch  1 taken 39
call    2 never executed
branch  3 taken 0 (fallthrough)
branch  4 taken 39
branch  5 taken 0 (fallthrough)
branch  6 taken 39
    10023: 1568:	        for (len = 0; len < YMAP_LENGTH; len++)
branch  0 taken 9984
branch  1 taken 39 (fallthrough)
[...]
        -: 6212:
        -: 6213:#define GETOPT_INTERFACE_VERSION 2
        -: 6214:#if !defined _LIBC && defined __GLIBC__ && __GLIBC__ >= 2
        -: 6215:#include <gnu-versions.h>
        -: 6216:#if _GNU_GETOPT_INTERFACE_VERSION == GETOPT_INTERFACE_VERSION
        -: 6217:#define ELIDE_CODE
        -: 6218:#endif
        -: 6219:#endif
        -: 6220:
        -: 6221:#ifndef ELIDE_CODE
        -: 6222:
        -: 6223:
        -: 6224:/* This needs to come after some library #include
        -: 6225:   to get __GNU_LIBRARY__ defined.  */
        -: 6226:#ifdef __GNU_LIBRARY__
        -: 6227:#include <stdlib.h>
        -: 6228:#endif
        -: 6229:
        -: 6230:#ifndef	NULL
        -: 6231:#define NULL 0
        -: 6232:#endif
        -: 6233:
        -: 6234:int
        -: 6235:getopt_long (argc, argv, options, long_options, opt_index)
        -: 6236:     int argc;
        -: 6237:     char *const *argv;
        -: 6238:     const char *options;
        -: 6239:     const struct option *long_options;
        -: 6240:     int *opt_index;
        -: 6241:{
        -: 6242:  return _getopt_internal (argc, argv, options, long_options, opt_index, 0);
        -: 6243:}
        -: 6244:
        -: 6245:/* Like getopt_long, but '-' as well as '--' can indicate a long option.
        -: 6246:   If an option that starts with '-' (not '--') doesn't match a long option,
        -: 6247:   but does match a short option, it is parsed as a short option
        -: 6248:   instead.  */
        -: 6249:
        -: 6250:int
        -: 6251:getopt_long_only (argc, argv, options, long_options, opt_index)
        -: 6252:     int argc;
        -: 6253:     char *const *argv;
        -: 6254:     const char *options;
        -: 6255:     const struct option *long_options;
        -: 6256:     int *opt_index;
        -: 6257:{
        -: 6258:  return _getopt_internal (argc, argv, options, long_options, opt_index, 1);
        -: 6259:}
        -: 6260:
        -: 6261:
        -: 6262:#endif	/* Not ELIDE_CODE.  */
        -: 6263:
        -: 6264:#ifdef TEST
        -: 6265:
        -: 6266:#include <stdio.h>
        -: 6267:
        -: 6268:int
        -: 6269:main (argc, argv)
        -: 6270:     int argc;
        -: 6271:     char **argv;
        -: 6272:{
        -: 6273:  int c;
        -: 6274:  int digit_optind = 0;
        -: 6275:
        -: 6276:  while (1)
        -: 6277:    {
        -: 6278:      int this_option_optind = optind ? optind : 1;
        -: 6279:      int option_index = 0;
        -: 6280:      static struct option long_options[] =
        -: 6281:      {
        -: 6282:	{"add", 1, 0, 0},
        -: 6283:	{"append", 0, 0, 0},
        -: 6284:	{"delete", 1, 0, 0},
        -: 6285:	{"verbose", 0, 0, 0},
        -: 6286:	{"create", 0, 0, 0},
        -: 6287:	{"file", 1, 0, 0},
        -: 6288:	{0, 0, 0, 0}
        -: 6289:      };
        -: 6290:
        -: 6291:      c = getopt_long (argc, argv, "abc:d:0123456789",
        -: 6292:		       long_options, &option_index);
        -: 6293:      if (c == -1)
        -: 6294:	break;
        -: 6295:
        -: 6296:      switch (c)
        -: 6297:	{
        -: 6298:	case 0:
        -: 6299:	  printf ("option %s", long_options[option_index].name);
        -: 6300:	  if (optarg)
        -: 6301:	    printf (" with arg %s", optarg);
        -: 6302:	  printf ("\n");
        -: 6303:	  break;
        -: 6304:
        -: 6305:	case '0':
        -: 6306:	case '1':
        -: 6307:	case '2':
        -: 6308:	case '3':
        -: 6309:	case '4':
        -: 6310:	case '5':
        -: 6311:	case '6':
        -: 6312:	case '7':
        -: 6313:	case '8':
        -: 6314:	case '9':
        -: 6315:	  if (digit_optind != 0 && digit_optind != this_option_optind)
        -: 6316:	    printf ("digits occur in two different argv-elements.\n");
        -: 6317:	  digit_optind = this_option_optind;
        -: 6318:	  printf ("option %c\n", c);
        -: 6319:	  break;
        -: 6320:
        -: 6321:	case 'a':
        -: 6322:	  printf ("option a\n");
        -: 6323:	  break;
        -: 6324:
        -: 6325:	case 'b':
        -: 6326:	  printf ("option b\n");
        -: 6327:	  break;
        -: 6328:
        -: 6329:	case 'c':
        -: 6330:	  printf ("option c with value `%s'\n", optarg);
        -: 6331:	  break;
        -: 6332:
        -: 6333:	case 'd':
        -: 6334:	  printf ("option d with value `%s'\n", optarg);
        -: 6335:	  break;
        -: 6336:
        -: 6337:	case '?':
        -: 6338:	  break;
        -: 6339:
        -: 6340:	default:
        -: 6341:	  printf ("?? getopt returned character code 0%o ??\n", c);
        -: 6342:	}
        -: 6343:    }
        -: 6344:
        -: 6345:  if (optind < argc)
        -: 6346:    {
        -: 6347:      printf ("non-option ARGV-elements: ");
        -: 6348:      while (optind < argc)
        -: 6349:	printf ("%s ", argv[optind++]);
        -: 6350:      printf ("\n");
        -: 6351:    }
        -: 6352:
        -: 6353:  exit (0);
        -: 6354:}
        -: 6355:
        -: 6356:#endif /* TEST */
        -: 6357:
        -: 6358:
        -: 6359:/* Extended regular expression matching and search library.
        -: 6360:   Copyright (C) 2002 Free Software Foundation, Inc.
        -: 6361:   This file is part of the GNU C Library.
        -: 6362:   Contributed by Isamu Hasegawa <isamu@yamato.ibm.com>.
        -: 6363:
        -: 6364:   The GNU C Library is free software; you can redistribute it and/or
        -: 6365:   modify it under the terms of the GNU Lesser General Public
        -: 6366:   License as published by the Free Software Foundation; either
        -: 6367:   version 2.1 of the License, or (at your option) any later version.
        -: 6368:
        -: 6369:   The GNU C Library is distributed in the hope that it will be useful,
        -: 6370:   but WITHOUT ANY WARRANTY; without even the implied warranty of
        -: 6371:   MERCHANTABILITY or FITNESS FOR A PARTICULAR PURPOSE.  See the GNU
        -: 6372:   Lesser General Public License for more details.
        -: 6373:
        -: 6374:   You should have received a copy of the GNU Lesser General Public
        -: 6375:   License along with the GNU C Library; if not, write to the Free
        -: 6376:   Software Foundation, Inc., 59 Temple Place, Suite 330, Boston, MA
        -: 6377:   02111-1307 USA.  */
        -: 6378:
        -: 6379:#ifdef _LIBC
        -: 6380:/* We have to keep the namespace clean.  */
        -: 6381:#  define regfree(preg) __regfree (preg)
        -: 6382:#  define regexec(pr, st, nm, pm, ef) __regexec (pr, st, nm, pm, ef)
        -: 6383:#  define regcomp(preg, pattern, cflags) __regcomp (preg, pattern, cflags)
        -: 6384:#  define regerror(errcode, preg, errbuf, errbuf_size) \
        -: 6385:	__regerror(errcode, preg, errbuf, errbuf_size)
        -: 6386:#  define re_set_registers(bu, re, nu, st, en) \
        -: 6387:	__re_set_registers (bu, re, nu, st, en)
        -: 6388:#  define re_match_2(bufp, string1, size1, string2, size2, pos, regs, stop) \
        -: 6389:	__re_match_2 (bufp, string1, size1, string2, size2, pos, regs, stop)
        -: 6390:#  define re_match(bufp, string, size, pos, regs) \
        -: 6391:	__re_match (bufp, string, size, pos, regs)
        -: 6392:#  define re_search(bufp, string, size, startpos, range, regs) \
        -: 6393:	__re_search (bufp, string, size, startpos, range, regs)
        -: 6394:#  define re_compile_pattern(pattern, length, bufp) \
        -: 6395:	__re_compile_pattern (pattern, length, bufp)
        -: 6396:#  define re_set_syntax(syntax) __re_set_syntax (syntax)
        -: 6397:#  define re_search_2(bufp, st1, s1, st2, s2, startpos, range, regs, stop) \
        -: 6398:	__re_search_2 (bufp, st1, s1, st2, s2, startpos, range, regs, stop)
        -: 6399:#  define re_compile_fastmap(bufp) __re_compile_fastmap (bufp)
        -: 6400:#endif
        -: 6401:
        -: 6402:/* POSIX says that <sys/types.h> must be included (by the caller) before
        -: 6403:   <regex.h>.  */
        -: 6404:#include <sys/types.h>
        -: 6405:#include <regex.h>
        -: 6406:#include "regex_internal.h"
        -: 6407:
        -: 6408:#include "regex_internal.c"
        -: 6409:#include "regcomp.c"
        -: 6410:#include "regexec.c"
        -: 6411:
        -: 6412:/* Binary backward compatibility.  */
        -: 6413:#if _LIBC
        -: 6414:# include <shlib-compat.h>
        -: 6415:# if SHLIB_COMPAT (libc, GLIBC_2_0, GLIBC_2_3)
        -: 6416:link_warning (re_max_failures, "the 're_max_failures' variable is obsolete and will go away.")
        -: 6417:int re_max_failures = 2000;
        -: 6418:# endif
        -: 6419:#endif
        -: 6420:
        -: 6421:
        -: 6422:/*  GNU SED, a batch stream editor.
        -: 6423:    Copyright (C) 1999, 2002, 2003 Free Software Foundation, Inc.
        -: 6424:
        -: 6425:    This program is free software; you can redistribute it and/or modify
        -: 6426:    it under the terms of the GNU General Public License as published by
        -: 6427:    the Free Software Foundation; either version 2, or (at your option)
        -: 6428:    any later version.
        -: 6429:
        -: 6430:    This program is distributed in the hope that it will be useful,
        -: 6431:    but WITHOUT ANY WARRANTY; without even the implied warranty of
        -: 6432:    MERCHANTABILITY or FITNESS FOR A PARTICULAR PURPOSE.  See the
        -: 6433:    GNU General Public License for more details.
        -: 6434:
        -: 6435:    You should have received a copy of the GNU General Public License
        -: 6436:    along with this program; if not, write to the Free Software
        -: 6437:    Foundation, 59 Temple Place - Suite 330, Boston, MA 02111-1307, USA. */
        -: 6438:
        -: 6439:#include "config.h"
        -: 6440:
        -: 6441:#include <ctype.h>
        -: 6442:#ifdef HAVE_STDLIB_H
        -: 6443:# include <stdlib.h>
        -: 6444:#endif
        -: 6445:#ifndef NULL
        -: 6446:# include <stdio.h>
        -: 6447:#endif
        -: 6448:
        -: 6449:#ifndef NULL
        -: 6450:# define NULL CAST(VOID *)0
        -: 6451:#endif
        -: 6452:
        -: 6453:extern flagT use_extended_syntax_p;
        -: 6454:
        -: 6455:/* 
        -: 6456:   Changed variable name: errors[] to regex_errors[]
        -: 6457:   to allow *.c file merging for SIR -- July, 2006
        -: 6458:   by Kyle R. Murphy
        -: 6459:*/
        -: 6460:static const char regex_errors[] =
        -: 6461:  "No previous regular expression\0"
        -: 6462:  "Cannot specify modifiers on empty regexp";
        -: 6463:
        -: 6464:#define NO_REGEX (regex_errors)
        -: 6465:#define BAD_MODIF (NO_REGEX + sizeof(N_("No previous regular expression")))
        -: 6466:
        -: 6467:/*
        -: 6468:  Added pre-proc. conditional to allow *.c file
        -: 6469:  merging for SIR -- July, 2006 by Kyle R. Murphy
        -: 6470:*/
        -: 6471:#ifndef END_ERRORS
        -: 6472:#define END_ERRORS (BAD_MODIF + sizeof(N_("Cannot specify modifiers on empty regexp")))
        -: 6473:#endif
        -: 6474:
        -: 6475:
        -: 6476:regex_t *
function compile_regex called 628 returned 100% blocks executed 78%
      628: 6477:compile_regex(b, flags, needed_sub)
        -: 6478:  struct buffer *b;
        -: 6479:  int flags;
        -: 6480:  int needed_sub;
        -: 6481:{
        -: 6482:  regex_t *new_regex;
        -: 6483:
      628: 6484:  char *last_re = NULL;
        -: 6485:  size_t last_re_len;
        -: 6486:
        -: 6487:  /* My reading of IEEE Std 1003.2-1992 is that // means the empty RE.
        -: 6488:     But historical and common practice is that // "matches the last RE";
        -: 6489:     thus this use of POSIXLY_CORRECT. */
      628: 6490:  if (size_buffer(b) == 0 && !POSIXLY_CORRECT)
call    0 returned 628
branch  1 taken 18 (fallthrough)
branch  2 taken 610
branch  3 taken 18 (fallthrough)
branch  4 taken 0
        -: 6491:    {
       18: 6492:      if (flags > 0)
branch  0 taken 0 (fallthrough)
branch  1 taken 18
    #####: 6493:	bad_prog(_(BAD_MODIF));
call    0 never executed
       18: 6494:      return NULL;
        -: 6495:    }
        -: 6496:
      610: 6497:  last_re_len = size_buffer(b);
call    0 returned 610
      610: 6498:  last_re = ck_memdup(get_buffer(b), last_re_len);
call    0 returned 610
call    1 returned 610
        -: 6499:
      610: 6500:  new_regex = MALLOC(1, regex_t);
call    0 returned 610
        -: 6501:
        -: 6502:#ifdef REG_PERL
        -: 6503:  {
        -: 6504:    int errcode;
        -: 6505:    errcode = regncomp(new_regex, last_re, last_re_len,
        -: 6506:		       (needed_sub ? 0 : REG_NOSUB)
        -: 6507:		       | flags
        -: 6508:		       | extended_regexp_flags);
        -: 6509:
        -: 6510:    if (errcode)
        -: 6511:      {
        -: 6512:        char errorbuf[200];
        -: 6513:        regerror(errcode, NULL, errorbuf, 200);
        -: 6514:        bad_prog(gettext(errorbuf));
        -: 6515:      }
        -: 6516:  }
        -: 6517:#else
        -: 6518:  {
        -: 6519:    const char *error;
      610: 6520:    int syntax = ((extended_regexp_flags & REG_EXTENDED)
branch  0 taken 2 (fallthrough)
branch  1 taken 608
        -: 6521:		   ? RE_SYNTAX_POSIX_EXTENDED
        -: 6522:                   : RE_SYNTAX_POSIX_BASIC)
        -: 6523:		   & ~RE_UNMATCHED_RIGHT_PAREN_ORD;
        -: 6524:
      610: 6525:    syntax |= RE_NO_POSIX_BACKTRACKING;
        -: 6526:#ifdef RE_ICASE
      610: 6527:    syntax |= (flags & REG_ICASE) ? RE_ICASE : 0;
        -: 6528:#endif
        -: 6529:
        -: 6530:    /* If REG_NEWLINE is set, newlines are treated differently.  */
      610: 6531:    if (flags & REG_NEWLINE)
branch  0 taken 0 (fallthrough)
branch  1 taken 610
        -: 6532:      { /* REG_NEWLINE implies neither . nor [^...] match newline.  */
    #####: 6533:        syntax &= ~RE_DOT_NEWLINE;
    #####: 6534:        syntax |= RE_HAT_LISTS_NOT_NEWLINE;
        -: 6535:      }
        -: 6536:
        -: 6537:    /* Only PCRE processes \t & co. */
      610: 6538:    last_re_len = normalize_text(last_re, last_re_len);
call    0 returned 610
      610: 6539:    re_set_syntax (syntax);
call    0 returned 610
      610: 6540:    error = re_compile_pattern (last_re, last_re_len, new_regex);
call    0 returned 610
      610: 6541:    new_regex->newline_anchor = (flags & REG_NEWLINE) != 0;
        -: 6542:
      610: 6543:    new_regex->translate = NULL;
        -: 6544:#ifndef RE_ICASE
        -: 6545:    if (flags & REG_ICASE)
        -: 6546:      {
        -: 6547:        static char translate[1 << (sizeof(char) * 8)];
        -: 6548:	int i;
        -: 6549:	for (i = 0; i < sizeof(translate) / sizeof(char); i++)
        -: 6550:	  translate[i] = tolower (i);
        -: 6551:
        -: 6552:        new_regex->translate = translate;
        -: 6553:      }
        -: 6554:#endif
        -: 6555:
      610: 6556:    if (error)
branch  0 taken 0 (fallthrough)
branch  1 taken 610
    #####: 6557:      bad_prog(error);
call    0 never executed
        -: 6558:  }
        -: 6559:#endif
        -: 6560:
      610: 6561:  FREE(last_re);
call    0 returned 610
        -: 6562:
        -: 6563:  /* Just to be sure, I mark this as not POSIXLY_CORRECT behavior */
     610*: 6564:  if (new_regex->re_nsub < needed_sub && !POSIXLY_CORRECT)
branch  0 taken 0 (fallthrough)
branch  1 taken 610
branch  2 never executed
branch  3 never executed
        -: 6565:    {
        -: 6566:      char buf[200];
    #####: 6567:      sprintf(buf, _("Invalid reference \\%d on `s' command's RHS"),
        -: 6568:	      needed_sub);
    #####: 6569:      bad_prog(buf);
call    0 never executed
        -: 6570:    }
        -: 6571:
      610: 6572:  return new_regex;
        -: 6573:}
        -: 6574:
        -: 6575:#ifdef REG_PERL
        -: 6576:static void
        -: 6577:copy_regs (regs, pmatch, nregs)
        -: 6578:     struct re_registers *regs;
        -: 6579:     regmatch_t *pmatch;
        -: 6580:     int nregs;
        -: 6581:{
        -: 6582:  int i;
        -: 6583:  int need_regs = nregs + 1;
        -: 6584:  /* We need one extra element beyond `num_regs' for the `-1' marker GNU code
        -: 6585:     uses.  */
        -: 6586:
        -: 6587:  /* Have the register data arrays been allocated?  */
        -: 6588:  if (!regs->start)
        -: 6589:    { /* No.  So allocate them with malloc.  */
        -: 6590:      regs->start = MALLOC (need_regs, regoff_t);
        -: 6591:      regs->end = MALLOC (need_regs, regoff_t);
        -: 6592:      regs->num_regs = need_regs;
        -: 6593:    }
        -: 6594:  else if (need_regs > regs->num_regs)
        -: 6595:    { /* Yes.  We also need more elements than were already
        -: 6596:         allocated, so reallocate them.  */
        -: 6597:      regs->start = REALLOC (regs->start, need_regs, regoff_t);
        -: 6598:      regs->end = REALLOC (regs->end, need_regs, regoff_t);
        -: 6599:      regs->num_regs = need_regs;
        -: 6600:    }
        -: 6601:
        -: 6602:  /* Copy the regs.  */
        -: 6603:  for (i = 0; i < nregs; ++i)
        -: 6604:    {
        -: 6605:      regs->start[i] = pmatch[i].rm_so;
        -: 6606:      regs->end[i] = pmatch[i].rm_eo;
        -: 6607:    }
        -: 6608:  for ( ; i < regs->num_regs; ++i)
        -: 6609:    regs->start[i] = regs->end[i] = -1;
        -: 6610:}
        -: 6611:#endif
        -: 6612:
        -: 6613:int
function match_regex called 47141 returned 100% blocks executed 90%
    47141: 6614:match_regex(regex, buf, buflen, buf_start_offset, regarray, regsize)
        -: 6615:  regex_t *regex;
        -: 6616:  char *buf;
        -: 6617:  size_t buflen;
        -: 6618:  size_t buf_start_offset;
        -: 6619:  struct re_registers *regarray;
        -: 6620:  int regsize;
        -: 6621:{
        -: 6622:  static regex_t *regex_last;
        -: 6623:#ifdef REG_PERL
        -: 6624:  regmatch_t *regmatch;
        -: 6625:  if (regsize)
        -: 6626:    regmatch = (regmatch_t *) alloca (sizeof (regmatch_t) * regsize);
        -: 6627:  else
        -: 6628:    regmatch = NULL;
        -: 6629:#endif
        -: 6630:
        -: 6631:  int ret;
        -: 6632:
        -: 6633:  /* Keep track of the last regexp matched. */
    47141: 6634:  if (!regex)
branch  0 taken 178 (fallthrough)
branch  1 taken 46963
        -: 6635:    {
      178: 6636:      regex = regex_last;
      178: 6637:      if (!regex_last)
branch  0 taken 0 (fallthrough)
branch  1 taken 178
    #####: 6638:	bad_prog(_(NO_REGEX));
call    0 never executed
        -: 6639:    }
        -: 6640:  else
    46963: 6641:    regex_last = regex;
        -: 6642:
        -: 6643:#ifdef REG_PERL
        -: 6644:  ret = regexec2(regex, 
        -: 6645:		 buf, CAST(int)buflen, CAST(int)buf_start_offset,
        -: 6646:		 regsize, regmatch, 0);
        -: 6647:
        -: 6648:  if (regsize)
        -: 6649:    copy_regs (regarray, regmatch, regsize);
        -: 6650:
        -: 6651:  return (ret == 0);
        -: 6652:#else
    47141: 6653:  ret = re_search(regex, buf, buflen, buf_start_offset,
branch  0 taken 15223 (fallthrough)
branch  1 taken 31918
    47141: 6654:		  buflen - buf_start_offset,
call    0 returned 47141
        -: 6655:		  regsize ? regarray : NULL);
        -: 6656:
    47141: 6657:  return (ret > -1);
        -: 6658:#endif
        -: 6659:}
        -: 6660:
        -: 6661:
        -: 6662:#ifdef DEBUG_LEAKS
        -: 6663:void
        -: 6664:release_regex(regex)
        -: 6665:  regex_t *regex;
        -: 6666:{
        -: 6667:  regfree(regex);
        -: 6668:  FREE(regex);
        -: 6669:}
        -: 6670:#endif /*DEBUG_LEAKS*/
        -: 6671:
