        -:    0:Source:sed.c
        -:    0:Graph:sed.gcno
        -:    0:Data:sed.gcda
        -:    0:Runs:370
        -:    1:#define COPYRIGHT_NOTICE "Copyright (C) 1998 Free Software Foundation, Inc."
        -:    2:#define BUG_ADDRESS "bug-gnu-utils@gnu.org"
        -:    3:
        -:    4:/*  GNU SED, a batch stream editor.
        -:    5:    Copyright (C) 1989, 1990, 1991, 1992, 1993, 1994, 1995, 1998 \
        -:    6:    Free Software Foundation, Inc."
        -:    7:
        -:    8:    This program is free software; you can redistribute it and/or modify
        -:    9:    it under the terms of the GNU General Public License as published by
        -:   10:    the Free Software Foundation; either version 2, or (at your option)
        -:   11:    any later version.
        -:   12:
        -:   13:    This program is distributed in the hope that it will be useful,
        -:   14:    but WITHOUT ANY WARRANTY; without even the implied warranty of
        -:   15:    MERCHANTABILITY or FITNESS FOR A PARTICULAR PURPOSE.  See the
        -:   16:    GNU General Public License for more details.
        -:   17:
        -:   18:    You should have received a copy of the GNU General Public License
        -:   19:    along with this program; if not, write to the Free Software
        -:   20:    Foundation, 59 Temple Place - Suite 330, Boston, MA 02111-1307, USA. */
        -:   21:
        -:   22:
        -:   23:#include "config.h"
        -:   24:#include <stdio.h>
        -:   25:
        -:   26:#undef stderr
        -:   27:#define stderr stdout
        -:   28:
        -:   29:#ifndef HAVE_STRING_H
        -:   30:# include <strings.h>
        -:   31:#else
        -:   32:# include <string.h>
        -:   33:#endif
        -:   34:
        -:   35:#ifdef HAVE_STDLIB_H
        -:   36:# include <stdlib.h>
        -:   37:#endif
        -:   38:
        -:   39:#ifdef HAVE_MMAP
        -:   40:# ifdef HAVE_UNISTD_H
        -:   41:#  include <unistd.h>
        -:   42:# endif
        -:   43:# include <sys/types.h>
        -:   44:# include <sys/mman.h>
        -:   45:# ifndef MAP_FAILED
        -:   46:#  define MAP_FAILED	((char *)-1)	/* what a stupid concept... */
        -:   47:# endif
        -:   48:# include <sys/stat.h>
        -:   49:# ifndef S_ISREG
        -:   50:#  define S_ISREG(m)	(((m)&S_IFMT) == S_IFMT)
        -:   51:# endif
        -:   52:#endif /* HAVE_MMAP */
        -:   53:
        -:   54:#ifdef HAVE_SYS_TYPES_H
        -:   55:# include <sys/types.h>
        -:   56:#endif
        -:   57:#include "regex-sed.h"
        -:   58:#include "getopt.h"
        -:   59:#include "basicdefs.h"
        -:   60:#include "utils.h"
        -:   61:#include "sed.h"
        -:   62:#include "FaultSeeds.h"
        -:   63:
        -:   64:#ifndef HAVE_STDLIB_H
        -:   65: extern char *getenv P_((const char *));
        -:   66:#endif
        -:   67:
        -:   68:#ifdef STUB_FROM_RX_LIBRARY_USAGE
        -:   69:extern void print_rexp P_((void));
        -:   70:extern int rx_basic_unfaniverse_delay;
        -:   71:#endif /*STUB_FROM_RX_LIBRARY_USAGE*/
        -:   72:
        -:   73:static void usage P_((int));
        -:   74:
        -:   75:flagT use_extended_syntax_p = 0;
        -:   76:
        -:   77:flagT rx_testing = 0;
        -:   78:
        -:   79:/* If set, don't write out the line unless explicitly told to */
        -:   80:flagT no_default_output = 0;
        -:   81:
        -:   82:/* Do we need to be pedantically POSIX compliant? */
        -:   83:flagT POSIXLY_CORRECT;
        -:   84:
        -:   85:static void
function usage called 6 returned 0% blocks executed 100%
        6:   86:usage(status)
        -:   87:  int status;
        -:   88:{
        6:   89:  FILE *out = status ? stderr : stdout;
        -:   90:
        6:   91:  fprintf(out, "\
call    0 returned 6
        -:   92:Usage: %s [OPTION]... {script-only-if-no-other-script} [input-file]...\n\
        -:   93:\n\
        -:   94:  -n, --quiet, --silent\n\
        -:   95:                 suppress automatic printing of pattern space\n\
        -:   96:  -e script, --expression=script\n\
        -:   97:                 add the script to the commands to be executed\n\
        -:   98:  -f script-file, --file=script-file\n\
        -:   99:                 add the contents of script-file to the commands to be executed\n\
        -:  100:      --help     display this help and exit\n\
        -:  101:  -V, --version  output version information and exit\n\
        -:  102:\n\
        -:  103:If no -e, --expression, -f, or --file option is given, then the first\n\
        -:  104:non-option argument is taken as the sed script to interpret.  All\n\
        -:  105:remaining arguments are names of input files; if no input files are\n\
        -:  106:specified, then the standard input is read.\n\
        -:  107:\n", myname);
        6:  108:  fprintf(out, "E-mail bug reports to: %s .\n\
call    0 returned 6
        -:  109:Be sure to include the word ``%s'' somewhere in the ``Subject:'' field.\n",
        -:  110:	  BUG_ADDRESS, PACKAGE);
        6:  111:  exit(status);
        -:  112:}
        -:  113:
        -:  114:int
function main called 370 returned 95% blocks executed 93%
      370:  115:main(argc, argv)
        -:  116:  int argc;
        -:  117:  char **argv;
        -:  118:{
        -:  119:  static struct option longopts[] = {
        -:  120:    {"rxtest", 0, NULL, 'r'},
        -:  121:    {"expression", 1, NULL, 'e'},
        -:  122:    {"file", 1, NULL, 'f'},
        -:  123:    {"quiet", 0, NULL, 'n'},
        -:  124:    {"silent", 0, NULL, 'n'},
        -:  125:    {"version", 0, NULL, 'V'},
        -:  126:    {"help", 0, NULL, 'h'},
        -:  127:    {NULL, 0, NULL, 0}
        -:  128:  };
        -:  129:
        -:  130:  /* The complete compiled SED program that we are going to run: */
      370:  131:  struct vector *the_program = NULL;
        -:  132:  int opt;
        -:  133:  flagT bad_input;	/* If this variable is non-zero at exit, one or
        -:  134:			   more of the input files couldn't be opened. */
        -:  135:
      370:  136:  POSIXLY_CORRECT = (getenv("POSIXLY_CORRECT") != NULL);
call    0 returned 370
        -:  137:#ifdef STUB_FROM_RX_LIBRARY_USAGE
        -:  138:  if (!rx_default_cache)
        -:  139:    print_rexp();
        -:  140:  /* Allow roughly a megabyte of cache space. */
        -:  141:  rx_default_cache->bytes_allowed = 1<<20;
        -:  142:  rx_basic_unfaniverse_delay = 512 * 4;
        -:  143:#endif /*STUB_FROM_RX_LIBRARY_USAGE*/
        -:  144: /* Commented by Amit Goel on 30th August 2001 to remove Nondeterminism */
        -:  145: /* myname = *argv; */
        -:  146: /* Added By Amit Goel on 30th August 2001 */
      370:  147:    myname = "Executable";
      737:  148:  while ((opt = getopt_long(argc, argv, "hnrVe:f:", longopts, NULL)) != EOF)
call    0 returned 737
branch  1 taken 377
branch  2 taken 360 (fallthrough)
        -:  149:    {
      377:  150:      switch (opt)
branch  0 taken 7
branch  1 taken 21
branch  2 taken 339
branch  3 taken 2
branch  4 taken 2
branch  5 taken 0
branch  6 taken 6
        -:  151:	{
        7:  152:	case 'n':
        7:  153:	  no_default_output = 1;
        7:  154:	  break;
       21:  155:	case 'e':
       21:  156:	  the_program = compile_string(the_program, optarg);
call    0 returned 21
       21:  157:	  break;
      339:  158:	case 'f':
      339:  159:	  the_program = compile_file(the_program, optarg);
call    0 returned 337
      337:  160:	  break;
        -:  161:
        2:  162:	case 'r':
        2:  163:	  use_extended_syntax_p = 1;
        -:  164:	  #ifndef FAULTY_F_AG_2
        2:  165:	  rx_testing = 1;
        -:  166:	  #else
        -:  167:	  #endif
        2:  168:	  break;
        2:  169:	case 'V':
        2:  170:	  fprintf(stdout, "GNU %s version %s\n\n", PACKAGE, VERSION);
call    0 returned 2
        2:  171:	  fprintf(stdout, "%s\n\
call    0 returned 2
        -:  172:This is free software; see the source for copying conditions.  There is NO\n\
        -:  173:warranty; not even for MERCHANTABILITY or FITNESS FOR A PARTICULAR PURPOSE,\n\
        -:  174:to the extent permitted by law.\n\
        -:  175:", COPYRIGHT_NOTICE);
        2:  176:	  exit(0);
call    0 returned 0
    #####:  177:	case 'h':
    #####:  178:	  usage(0);
call    0 never executed
        6:  179:	default:
        6:  180:	  usage(4);
call    0 returned 0
        -:  181:	}
        -:  182:    }
        -:  183:
      360:  184:  if (!the_program)
branch  0 taken 5 (fallthrough)
branch  1 taken 355
        -:  185:    {
        5:  186:      if (optind < argc)
branch  0 taken 5 (fallthrough)
branch  1 taken 0
        -:  187:      #ifndef FAULTY_F_AG_1
        5:  188:	the_program = compile_string(the_program, argv[optind++]);
call    0 returned 0
        -:  189:      #else
        -:  190:        the_program = compile_string(the_program, argv[optind]);
        -:  191:      #endif
        -:  192:      else
    #####:  193:	usage(4);
call    0 never executed
        -:  194:    }
      355:  195:  check_final_program(the_program);
call    0 returned 354
        -:  196:
      354:  197:  bad_input = process_files(the_program, argv+optind);
call    0 returned 354
        -:  198:
      354:  199:  close_all_files();
call    0 returned 354
      354:  200:  ck_fclose(stdout);
call    0 returned 354
      354:  201:  if (bad_input)
branch  0 taken 1 (fallthrough)
branch  1 taken 353
        1:  202:    exit(2);
call    0 returned 0
      353:  203:  return 0;
        -:  204:}
        -:  205:
        -:  206:
        -:  207:/* Attempt to mmap() a file.  On failure, just return a zero,
        -:  208:   otherwise set *base and *len and return non-zero.  */
        -:  209:flagT
function map_file called 691 returned 100% blocks executed 91%
      691:  210:map_file(fp, base, len)
        -:  211:  FILE *fp;
        -:  212:  VOID **base;
        -:  213:  size_t *len;
        -:  214:{
        -:  215:#ifdef HAVE_MMAP
        -:  216:  struct stat s;
        -:  217:  VOID *nbase;
        -:  218:
      691:  219:  if (fstat(fileno(fp), &s) == 0
call    0 returned 691
call    1 returned 691
branch  2 taken 691 (fallthrough)
branch  3 taken 0
      691:  220:      && S_ISREG(s.st_mode)
branch  0 taken 691 (fallthrough)
branch  1 taken 0
        -:  221:      #ifndef FAULTY_F_AG_4
        -:  222:      && s.st_size == CAST(size_t)s.st_size)
        -:  223:      #else
        -:  224:      || s.st_size == CAST(size_t)s.st_size)
        -:  225:      #endif
        -:  226:    {
        -:  227:      /* "As if" the whole file was read into memory at this moment... */
      691:  228:      nbase = VCAST(VOID *)mmap(NULL, CAST(size_t)s.st_size, PROT_READ,
call    0 returned 691
call    1 returned 691
        -:  229:				MAP_PRIVATE, fileno(fp), CAST(off_t)0);
      691:  230:      if (nbase != MAP_FAILED)
branch  0 taken 691 (fallthrough)
branch  1 taken 0
        -:  231:	{
      691:  232:	  *base = nbase;
      691:  233:	  *len =  s.st_size;
      691:  234:	  return 1;
        -:  235:	}
        -:  236:    }
        -:  237:#endif /* HAVE_MMAP */
        -:  238:
    #####:  239:  return 0;
        -:  240:}
        -:  241:
        -:  242:/* Attempt to munmap() a memory region. */
        -:  243:void
function unmap_file called 691 returned 100% blocks executed 100%
      691:  244:unmap_file(base, len)
        -:  245:  VOID *base;
        -:  246:  size_t len;
        -:  247:{
        -:  248:#ifdef HAVE_MMAP
      691:  249:  if (base)
branch  0 taken 691 (fallthrough)
branch  1 taken 0
      691:  250:    munmap(VCAST(caddr_t)base, len);
call    0 returned 691
        -:  251:#endif
      691:  252:}
        -:  253:/*  GNU SED, a batch stream editor.
        -:  254:    Copyright (C) 1989, 1990, 1991, 1992, 1993, 1994, 1995, 1998
        -:  255:    Free Software Foundation, Inc.
        -:  256:
        -:  257:    This program is free software; you can redistribute it and/or modify
        -:  258:    it under the terms of the GNU General Public License as published by
        -:  259:    the Free Software Foundation; either version 2, or (at your option)
        -:  260:    any later version.
        -:  261:
        -:  262:    This program is distributed in the hope that it will be useful,
        -:  263:    but WITHOUT ANY WARRANTY; without even the implied warranty of
        -:  264:    MERCHANTABILITY or FITNESS FOR A PARTICULAR PURPOSE.  See the
        -:  265:    GNU General Public License for more details.
        -:  266:
        -:  267:    You should have received a copy of the GNU General Public License
        -:  268:    along with this program; if not, write to the Free Software
        -:  269:    Foundation, 59 Temple Place - Suite 330, Boston, MA 02111-1307, USA. */
        -:  270:
        -:  271:/* compile.c: translate sed source into internal form */
        -:  272:
        -:  273:#include "config.h"
        -:  274:#include <stdio.h>
        -:  275:
        -:  276:#ifndef __STRICT_ANSI__
        -:  277:# define _GNU_SOURCE
        -:  278:#endif
        -:  279:#include <ctype.h>
        -:  280:
        -:  281:#ifndef HAVE_STRING_H
        -:  282:# include <strings.h>
        -:  283:# ifdef HAVE_MEMORY_H
        -:  284:#  include <memory.h>
        -:  285:# endif
        -:  286:#else
        -:  287:# include <string.h>
        -:  288:#endif /* HAVE_STRING_H */
        -:  289:
        -:  290:#ifdef HAVE_STDLIB_H
        -:  291:# include <stdlib.h>
        -:  292:#endif
        -:  293:
        -:  294:#ifdef HAVE_SYS_TYPES_H
        -:  295:# include <sys/types.h>
        -:  296:#endif
        -:  297:#include "regex-sed.h"
        -:  298:#include "basicdefs.h"
        -:  299:#include "utils.h"
        -:  300:#include "sed.h"
        -:  301:
        -:  302:
        -:  303:extern flagT rx_testing;
        -:  304:extern flagT no_default_output;
        -:  305:extern flagT use_extended_syntax_p;
        -:  306:
        -:  307:
        -:  308:#define YMAP_LENGTH		256 /*XXX shouldn't this be (UCHAR_MAX+1)?*/
        -:  309:#define VECTOR_ALLOC_INCREMENT	40
        -:  310:
        -:  311:struct prog_info {
        -:  312:  /* When we're reading a script command from a string, 'prog.base'
        -:  313:     points to the first character in the string, 'prog.cur' points
        -:  314:     to the current character in the string, and 'prog.end' points
        -:  315:     to the end of the string.  This allows us to compile script
        -:  316:     strings that contain nulls, which might happen if we're mmap'ing
        -:  317:     a file. */
        -:  318:  VOID *base;
        -:  319:  const unsigned char *cur;
        -:  320:  const unsigned char *end;
        -:  321:
        -:  322:  /* This is the current script file.  If it is NULL, we are reading
        -:  323:     from a string stored at 'prog.cur' instead.  If both 'prog.file'
        -:  324:     and 'prog.cur' are NULL, we're in trouble! */
        -:  325:  FILE *file;
        -:  326:};
        -:  327:
        -:  328:/* Information used to give out useful and informative error messages. */
        -:  329:struct error_info {
        -:  330:  /* This is the name of the current script file. */
        -:  331:  const char *name;
        -:  332:
        -:  333:  /* This is the number of the current script line that we're compiling. */
        -:  334:  countT line;
        -:  335:
        -:  336:  /* This is the index of the "-e" expressions on the command line. */
        -:  337:  countT string_expr_count;
        -:  338:};
        -:  339:
        -:  340:
        -:  341:static struct vector *compile_program P_((struct vector *));
        -:  342:static struct vector *new_vector
        -:  343:	P_((struct error_info *errinfo, struct vector *old_vector));
        -:  344:static void read_text P_((struct text_buf *buf, int leadin_ch));
        -:  345:static struct sed_cmd *next_cmd_entry P_((struct vector **vectorp));
        -:  346:static int add_then_next P_((struct buffer *b, int ch));
        -:  347:static int snarf_char_class P_((struct buffer *b));
        -:  348:static struct buffer *match_slash P_((int slash, flagT regex, flagT keep_back));
        -:  349:static regex_t *compile_regex P_((struct buffer *b, flagT icase, flagT nosub));
        -:  350:static flagT compile_address P_((struct addr *addr, int ch));
        -:  351:static void compile_filename P_((flagT readit, const char **name, FILE **fp));
        -:  352:static struct sed_label *setup_jump
        -:  353:	P_((struct sed_label *list, struct sed_cmd *cmd, struct vector *vec));
        -:  354:static flagT mark_subst_opts P_((struct subst *cmd));
        -:  355:static int inchar P_((void));
        -:  356:static int in_nonblank P_((void));
        -:  357:static countT in_integer P_((int ch));
        -:  358:static void savchar P_((int ch));
        -:  359:static void bad_prog P_((const char *why));
        -:  360:
        -:  361:
        -:  362:/* Where we are in the processing of the input. */
        -:  363:static struct prog_info prog;
        -:  364:static struct error_info cur_input;
        -:  365:
        -:  366:/* Information about labels and jumps-to-labels.  This is used to do
        -:  367:   the required backpatching after we have compiled all the scripts. */
        -:  368:static struct sed_label *jumps = NULL;
        -:  369:static struct sed_label *labels = NULL;
        -:  370:
        -:  371:/* We wish to detect #n magic only in the first input argument;
        -:  372:   this flag tracks when we have consumed the first file of input. */
        -:  373:static flagT first_script = 1;
        -:  374:
        -:  375:/* Allow for scripts like "sed -e 'i\' -e foo": */
        -:  376:static struct buffer *pending_text = NULL;
        -:  377:static struct text_buf *old_text_buf = NULL;
        -:  378:
        -:  379:/* Various error messages we may want to print */
        -:  380:static const char ONE_ADDR[] = "Command only uses one address";
        -:  381:static const char NO_ADDR[] = "Command doesn't take any addresses";
        -:  382:static const char LINE_JUNK[] = "Extra characters after command";
        -:  383:static const char BAD_EOF[] = "Unexpected End-of-file";
        -:  384:static const char BAD_REGEX_FMT[] = "bad regexp: %s\n";
        -:  385:static const char EXCESS_OPEN_BRACKET[] = "Unmatched `{'";
        -:  386:static const char EXCESS_CLOSE_BRACKET[] = "Unexpected `}'";
        -:  387:static const char NO_REGEX[] = "No previous regular expression";
        -:  388:static const char NO_COMMAND[] = "Missing command";
        -:  389:static const char UNTERM_S_CMD[] = "Unterminated `s' command";
        -:  390:static const char UNTERM_Y_CMD[] = "Unterminated `y' command";
        -:  391:
        -:  392:
        -:  393:/* This structure tracks files opened by the 'r', 'w', and 's///w' commands
        -:  394:   so that they may all be closed cleanly at normal program termination.  */
        -:  395:struct fp_list {
        -:  396:    char *name;
        -:  397:    FILE *fp;
        -:  398:    flagT readit_p;
        -:  399:    struct fp_list *link;
        -:  400:  };
        -:  401:static struct fp_list *file_ptrs = NULL;
        -:  402:
        -:  403:void
function close_all_files called 354 returned 100% blocks executed 100%
      354:  404:close_all_files()
        -:  405:{
        -:  406:  struct fp_list *p, *q;
        -:  407:
      584:  408:  for (p=file_ptrs; p; p=q)
branch  0 taken 230
branch  1 taken 354 (fallthrough)
        -:  409:    {
      230:  410:      if (p->fp)
branch  0 taken 196 (fallthrough)
branch  1 taken 34
      196:  411:	ck_fclose(p->fp);
call    0 returned 196
        -:  412:     #ifndef FAULTY_F_AG_3
      230:  413:      FREE(p->name);
call    0 returned 230
        -:  414:     #else
        -:  415:     #endif
      230:  416:      q = p->link;
      230:  417:      FREE(p);
call    0 returned 230
        -:  418:    }
      354:  419:  file_ptrs = NULL;
      354:  420:}
        -:  421:
        -:  422:/* 'str' is a string (from the command line) that contains a sed command.
        -:  423:   Compile the command, and add it to the end of 'cur_program'. */
        -:  424:struct vector *
function compile_string called 26 returned 81% blocks executed 100%
       26:  425:compile_string(cur_program, str)
        -:  426:  struct vector *cur_program;
        -:  427:  char *str;
        -:  428:{
        -:  429:  static countT string_expr_count = 0;
        -:  430:  struct vector *ret;
        -:  431:
       26:  432:  prog.file = NULL;
       26:  433:  prog.base = VCAST(VOID *)str;
       26:  434:  prog.cur = CAST(unsigned char *)str;
       26:  435:  prog.end = prog.cur + strlen(str);
        -:  436:
       26:  437:  cur_input.line = 0;
       26:  438:  cur_input.name = NULL;
        -:  439:  #ifndef FAULTY_F_AG_5
       26:  440:  cur_input.string_expr_count = ++string_expr_count;
        -:  441:  #else
        -:  442:  cur_input.string_expr_count = string_expr_count++;
        -:  443:  #endif
        -:  444:
       26:  445:  ret = compile_program(cur_program);
call    0 returned 21
       21:  446:  prog.base = NULL;
       21:  447:  prog.cur = NULL;
       21:  448:  prog.end = NULL;
        -:  449:
       21:  450:  first_script = 0;
       21:  451:  return ret;
        -:  452:}
        -:  453:
        -:  454:/* 'cmdfile' is the name of a file containing sed commands.
        -:  455:   Read them in and add them to the end of 'cur_program'.
        -:  456: */
        -:  457:struct vector *
function compile_file called 339 returned 99% blocks executed 93%
      339:  458:compile_file(cur_program, cmdfile)
        -:  459:  struct vector *cur_program;
        -:  460:  const char *cmdfile;
        -:  461:{
        -:  462:  size_t len;
        -:  463:  struct vector *ret;
        -:  464:
      339:  465:  prog.base = NULL;
      339:  466:  prog.cur = NULL;
      339:  467:  prog.end = NULL;
      339:  468:  prog.file = stdin;
     339*:  469:  if (cmdfile[0] != '-' || cmdfile[1] != '\0')
branch  0 taken 0 (fallthrough)
branch  1 taken 339
branch  2 never executed
branch  3 never executed
      339:  470:    prog.file = ck_fopen(cmdfile, "r");
call    0 returned 337
      337:  471:  if (map_file(prog.file, &prog.base, &len))
call    0 returned 337
branch  1 taken 337 (fallthrough)
branch  2 taken 0
        -:  472:    {
      337:  473:      prog.cur = VCAST(const unsigned char *)prog.base;
      337:  474:      prog.end = prog.cur + len;
        -:  475:    }
        -:  476:
      337:  477:  cur_input.line = 1;
      337:  478:  cur_input.name = cmdfile;
        -:  479:#ifndef FAULTY_F_AG_16  
      337:  480:  cur_input.string_expr_count = 0;
        -:  481:#endif
        -:  482:   
      337:  483:  ret = compile_program(cur_program);
call    0 returned 337
      337:  484:  if (prog.base)
branch  0 taken 337 (fallthrough)
branch  1 taken 0
        -:  485:    {
      337:  486:      unmap_file(prog.base, len);
call    0 returned 337
      337:  487:      prog.base = NULL;
      337:  488:      prog.cur = NULL;
      337:  489:      prog.end = NULL;
        -:  490:    }
      337:  491:  if (prog.file != stdin)
branch  0 taken 337 (fallthrough)
branch  1 taken 0
      337:  492:    ck_fclose(prog.file);
call    0 returned 337
      337:  493:  prog.file = NULL;
        -:  494:
      337:  495:  first_script = 0;
      337:  496:  return ret;
        -:  497:}
        -:  498:
        -:  499:/* Make any checks which require the whole program to have been read.
        -:  500:   In particular: this backpatches the jump targets.
        -:  501:   Any cleanup which can be done after these checks is done here also.  */
        -:  502:void
function check_final_program called 355 returned 100% blocks executed 78%
      355:  503:check_final_program(program)
        -:  504:  struct vector *program;
        -:  505:{
        -:  506:  struct sed_label *go;
        -:  507:  struct sed_label *lbl;
        -:  508:  struct sed_label *nxt;
        -:  509:
        -:  510:  /* do all "{"s have a corresponding "}"? */
      355:  511:  if (program->return_v)
branch  0 taken 1 (fallthrough)
branch  1 taken 354
        -:  512:    {
        1:  513:      cur_input = *program->return_v->err_info; /* for error reporting */
        1:  514:      bad_prog(EXCESS_OPEN_BRACKET);
call    0 returned 0
        -:  515:    }
      354:  516:  FREE(program->err_info);	/* no longer need this */
call    0 returned 354
      354:  517:  program->err_info = NULL;
        -:  518:
        -:  519:  /* was the final command an unterminated a/c/i command? */
      354:  520:  if (pending_text)
branch  0 taken 0 (fallthrough)
branch  1 taken 354
        -:  521:    {
    #####:  522:      old_text_buf->text_len = size_buffer(pending_text);
call    0 never executed
    #####:  523:      old_text_buf->text = MEMDUP(get_buffer(pending_text),
call    0 never executed
call    1 never executed
        -:  524:				  old_text_buf->text_len, char);
    #####:  525:      free_buffer(pending_text);
call    0 never executed
    #####:  526:      pending_text = NULL;
        -:  527:    }
        -:  528:
      363:  529:  for (go = jumps; go; go = nxt)
branch  0 taken 9
branch  1 taken 354 (fallthrough)
        -:  530:    {
       11:  531:      for (lbl = labels; lbl; lbl = lbl->next)
branch  0 taken 7
branch  1 taken 4 (fallthrough)
        -:  532:      #ifndef FAULTY_F_AG_6
        7:  533:	if (strcmp(lbl->name, go->name) == 0)
branch  0 taken 5 (fallthrough)
branch  1 taken 2
        -:  534:      #else
        -:  535:        if (strcmp(lbl->name, go->name)) 
        -:  536:      #endif
        5:  537:	  break;
        9:  538:      if (*go->name && !lbl)
branch  0 taken 5 (fallthrough)
branch  1 taken 4
branch  2 taken 0 (fallthrough)
branch  3 taken 5
    #####:  539:	panic("Can't find label for jump to '%s'", go->name);
call    0 never executed
        9:  540:      go->v->v[go->v_index].x.jump = lbl;
        9:  541:      nxt = go->next;
        9:  542:      FREE(go->name);
call    0 returned 9
        9:  543:      FREE(go);
call    0 returned 9
        -:  544:    }
      354:  545:  jumps = NULL;
        -:  546:
      358:  547:  for (lbl = labels; lbl; lbl = lbl->next)
branch  0 taken 4
branch  1 taken 354 (fallthrough)
        -:  548:    {
        4:  549:      FREE(lbl->name);
call    0 returned 4
        4:  550:      lbl->name = NULL;
        -:  551:    }
      354:  552:}
        -:  553:
        -:  554:static struct vector *
function new_vector called 690 returned 100% blocks executed 100%
      690:  555:new_vector(errinfo, old_vector)
        -:  556:  struct error_info *errinfo;
        -:  557:  struct vector *old_vector;
        -:  558:{
      690:  559:  struct vector *vector = MALLOC(1, struct vector);
call    0 returned 690
      690:  560:  vector->v = NULL;
      690:  561:  vector->v_allocated = 0;
      690:  562:  vector->v_length = 0;
      690:  563:  vector->err_info = MEMDUP(errinfo, 1, struct error_info);
call    0 returned 690
      690:  564:  vector->return_v = old_vector;
      690:  565:  vector->return_i = old_vector ? old_vector->v_length : 0;
branch  0 taken 330 (fallthrough)
branch  1 taken 360
      690:  566:  return vector;
        -:  567:}
        -:  568:
        -:  569:static void
function read_text called 106 returned 100% blocks executed 81%
      106:  570:read_text(buf, leadin_ch)
        -:  571:  struct text_buf *buf;
        -:  572:  int leadin_ch;
        -:  573:{
        -:  574:  int ch;
        -:  575:
        -:  576:  /* Should we start afresh (as opposed to continue a partial text)? */
      106:  577:  if (buf)
branch  0 taken 106 (fallthrough)
branch  1 taken 0
        -:  578:    {
      106:  579:      if (pending_text)
branch  0 taken 0 (fallthrough)
branch  1 taken 106
    #####:  580:	free_buffer(pending_text);
call    0 never executed
      106:  581:      pending_text = init_buffer();
call    0 returned 106
      106:  582:      buf->text = NULL;
      106:  583:      buf->text_len = 0;
      106:  584:      old_text_buf = buf;
        -:  585:    }
        -:  586:  /* assert(old_text_buf != NULL); */
        -:  587:
      106:  588:  if (leadin_ch == EOF)
branch  0 taken 0 (fallthrough)
branch  1 taken 106
    #####:  589:    return;
     2629:  590:  while ((ch = inchar()) != EOF && ch != '\n')
call    0 returned 2629
branch  1 taken 2629 (fallthrough)
branch  2 taken 0
branch  3 taken 2523
branch  4 taken 106 (fallthrough)
        -:  591:    {
     2523:  592:      if (ch == '\\')
branch  0 taken 14 (fallthrough)
branch  1 taken 2509
        -:  593:	{
       14:  594:	  if ((ch = inchar()) == EOF)
call    0 returned 14
branch  1 taken 0 (fallthrough)
branch  2 taken 14
        -:  595:	    {
    #####:  596:	      add1_buffer(pending_text, '\n');
call    0 never executed
    #####:  597:	      return;
        -:  598:	    }
        -:  599:	}
     2523:  600:      add1_buffer(pending_text, ch);
call    0 returned 2523
        -:  601:    }
      106:  602:  add1_buffer(pending_text, '\n');
call    0 returned 106
        -:  603:
      106:  604:  if (!buf)
branch  0 taken 0 (fallthrough)
branch  1 taken 106
    #####:  605:    buf = old_text_buf;
      106:  606:  buf->text_len = size_buffer(pending_text);
call    0 returned 106
      106:  607:  buf->text = MEMDUP(get_buffer(pending_text), buf->text_len, char);
call    0 returned 106
call    1 returned 106
      106:  608:  free_buffer(pending_text);
call    0 returned 106
      106:  609:  pending_text = NULL;
        -:  610:}
        -:  611:
        -:  612:
        -:  613:/* Read a program (or a subprogram within '{' '}' pairs) in and store
        -:  614:   the compiled form in *'vector'.  Return a pointer to the new vector.  */
        -:  615:static struct vector *
function compile_program called 363 returned 99% blocks executed 79%
      363:  616:compile_program(vector)
        -:  617:  struct vector *vector;
        -:  618:{
        -:  619:  struct sed_cmd *cur_cmd;
        -:  620:  struct buffer *b;
        -:  621:  struct buffer *b2;
        -:  622:  unsigned char *ustring;
        -:  623:  size_t len;
        -:  624:  int slash;
        -:  625:  int ch;
        -:  626:
      363:  627:  if (!vector)
branch  0 taken 360 (fallthrough)
branch  1 taken 3
      360:  628:    vector = new_vector(&cur_input, NULL);
call    0 returned 360
      363:  629:  if (pending_text)
branch  0 taken 0 (fallthrough)
branch  1 taken 363
    #####:  630:    read_text(NULL, '\n');
call    0 never executed
        -:  631:
        -:  632:  for (;;)
        -:  633:    {
    10593:  634:      while ((ch=inchar()) == ';' || ISSPACE(ch))
call    0 returned 10593
branch  1 taken 0
branch  2 taken 10593 (fallthrough)
branch  3 taken 7704
branch  4 taken 2889 (fallthrough)
        -:  635:	;
     2889:  636:      if (ch == EOF)
branch  0 taken 358 (fallthrough)
branch  1 taken 2531
      358:  637:	break;
        -:  638:
     2531:  639:      cur_cmd = next_cmd_entry(&vector);
call    0 returned 2531
     2531:  640:      if (compile_address(&cur_cmd->a1, ch))
call    0 returned 2531
branch  1 taken 439 (fallthrough)
branch  2 taken 2092
        -:  641:	{
      439:  642:	  ch = in_nonblank();
call    0 returned 439
      439:  643:	  if (ch == ',')
branch  0 taken 45 (fallthrough)
branch  1 taken 394
        -:  644:	    {
       45:  645:	      if (!compile_address(&cur_cmd->a2, in_nonblank()))
call    0 returned 45
call    1 returned 45
branch  2 taken 0 (fallthrough)
branch  3 taken 45
    #####:  646:		bad_prog("Unexpected ','");
call    0 never executed
       45:  647:	      ch = in_nonblank();
call    0 returned 45
        -:  648:	    }
        -:  649:	}
     2531:  650:      if (cur_cmd->a2.addr_type == addr_is_num
branch  0 taken 21 (fallthrough)
branch  1 taken 2510
       21:  651:	  && cur_cmd->a1.addr_type == addr_is_num
branch  0 taken 18 (fallthrough)
branch  1 taken 3
       18:  652:	  && cur_cmd->a2.a.addr_number < cur_cmd->a1.a.addr_number)
branch  0 taken 0 (fallthrough)
branch  1 taken 18
    #####:  653:	cur_cmd->a2.a.addr_number = cur_cmd->a1.a.addr_number;
     2531:  654:      if (ch == '!')
branch  0 taken 20 (fallthrough)
branch  1 taken 2511
        -:  655:	{
        -:  656:#ifndef FAULTY_F_AG_18
       20:  657:	  cur_cmd->addr_bang = 1;
        -:  658:#else
        -:  659:	  cur_cmd->addr_bang = 0;
        -:  660:#endif
       20:  661:	  ch = in_nonblank();
call    0 returned 20
       20:  662:	  if (ch == '!')
branch  0 taken 0 (fallthrough)
branch  1 taken 20
    #####:  663:	    bad_prog("Multiple '!'s");
call    0 never executed
        -:  664:	}
        -:  665:
     2531:  666:      cur_cmd->cmd = ch;
     2531:  667:      switch (ch)
branch  0 taken 507
branch  1 taken 330
branch  2 taken 329
branch  3 taken 70
branch  4 taken 36
branch  5 taken 4
branch  6 taken 9
branch  7 taken 37
branch  8 taken 847
branch  9 taken 34
branch 10 taken 45
branch 11 taken 239
branch 12 taken 39
branch 13 taken 0
branch 14 taken 5
        -:  668:	{
      507:  669:	case '#':
      507:  670:	  if (cur_cmd->a1.addr_type != addr_is_null)
branch  0 taken 0 (fallthrough)
branch  1 taken 507
    #####:  671:	    bad_prog(NO_ADDR);
call    0 never executed
      507:  672:	  ch = inchar();
call    0 returned 507
      507:  673:	  if (ch=='n' && first_script && cur_input.line < 2)
branch  0 taken 211 (fallthrough)
branch  1 taken 296
branch  2 taken 211 (fallthrough)
branch  3 taken 0
branch  4 taken 211 (fallthrough)
branch  5 taken 0
      211:  674:	    if (   (prog.base && prog.cur==2+CAST(unsigned char *)prog.base)
branch  0 taken 211 (fallthrough)
branch  1 taken 0
branch  2 taken 0 (fallthrough)
branch  3 taken 211
    #####:  675:	        || (prog.file && !prog.base && 2==ftell(prog.file)))
branch  0 never executed
branch  1 never executed
branch  2 never executed
branch  3 never executed
call    4 never executed
branch  5 never executed
branch  6 never executed
      211:  676:	      no_default_output = 1;
     6278:  677:	  while (ch != EOF && ch != '\n')
branch  0 taken 6278 (fallthrough)
branch  1 taken 0
branch  2 taken 5771
branch  3 taken 507 (fallthrough)
     5771:  678:	    ch = inchar();
call    0 returned 5771
      507:  679:	  continue;	/* restart the for (;;) loop */
        -:  680:
      330:  681:	case '{':
      330:  682:	  ++vector->v_length;	/* be sure to count this insn */
      330:  683:	  vector = cur_cmd->x.sub = new_vector(&cur_input, vector);
call    0 returned 330
      330:  684:	  continue;	/* restart the for (;;) loop */
        -:  685:
      329:  686:	case '}':
        -:  687:	  /* a return insn for subprograms -t */
      329:  688:	  if (!vector->return_v)
branch  0 taken 0 (fallthrough)
branch  1 taken 329
    #####:  689:	    bad_prog(EXCESS_CLOSE_BRACKET);
call    0 never executed
      329:  690:	  if (cur_cmd->a1.addr_type != addr_is_null)
branch  0 taken 0 (fallthrough)
branch  1 taken 329
    #####:  691:	    bad_prog(/*{*/ "} doesn't want any addresses");
call    0 never executed
      329:  692:	  ch = in_nonblank();
call    0 returned 329
     329*:  693:	  if (ch != EOF && ch != '\n' && ch != ';')
branch  0 taken 329 (fallthrough)
branch  1 taken 0
branch  2 taken 0 (fallthrough)
branch  3 taken 329
branch  4 never executed
branch  5 never executed
    #####:  694:	    bad_prog(LINE_JUNK);
call    0 never executed
      329:  695:	  ++vector->v_length;		/* we haven't counted this insn yet */
      329:  696:	  FREE(vector->err_info);	/* no longer need this */
call    0 returned 329
      329:  697:	  vector->err_info = NULL;
      329:  698:	  vector = vector->return_v;
      329:  699:	  continue;	/* restart the for (;;) loop */
        -:  700:
       70:  701:	case 'a':
        -:  702:	case 'i':
       70:  703:	  if (cur_cmd->a2.addr_type != addr_is_null)
branch  0 taken 0 (fallthrough)
branch  1 taken 70
    #####:  704:	    bad_prog(ONE_ADDR);
call    0 never executed
        -:  705:	  /* Fall Through */
        -:  706:	case 'c':
      106:  707:	  ch = in_nonblank();
call    0 returned 106
      106:  708:	  if (ch != '\\')
branch  0 taken 0 (fallthrough)
branch  1 taken 106
    #####:  709:	    bad_prog(LINE_JUNK);
call    0 never executed
      106:  710:	  ch = inchar();
call    0 returned 106
     106*:  711:	  if (ch != '\n' && ch != EOF)
branch  0 taken 0 (fallthrough)
branch  1 taken 106
branch  2 never executed
branch  3 never executed
    #####:  712:	    bad_prog(LINE_JUNK);
call    0 never executed
      106:  713:	  read_text(&cur_cmd->x.cmd_txt, ch);
call    0 returned 106
      106:  714:	  break;
        -:  715:
        4:  716:	case ':':
        4:  717:	  if (cur_cmd->a1.addr_type != addr_is_null)
branch  0 taken 0 (fallthrough)
branch  1 taken 4
    #####:  718:	    bad_prog(": doesn't want any addresses");
call    0 never executed
        4:  719:	  labels = setup_jump(labels, cur_cmd, vector);
call    0 returned 4
        4:  720:	  break;
        9:  721:	case 'b':
        -:  722:	case 't':
        9:  723:	  jumps = setup_jump(jumps, cur_cmd, vector);
call    0 returned 9
        9:  724:	  break;
        -:  725:
       37:  726:	case 'q':
        -:  727:	case '=':
       37:  728:	  if (cur_cmd->a2.addr_type != addr_is_null)
branch  0 taken 0 (fallthrough)
branch  1 taken 37
    #####:  729:	    bad_prog(ONE_ADDR);
call    0 never executed
        -:  730:	  /* Fall Through */
        -:  731:	case 'd':
        -:  732:	case 'D':
        -:  733:	case 'g':
        -:  734:	case 'G':
        -:  735:	case 'h':
        -:  736:	case 'H':
        -:  737:	case 'l':
        -:  738:	case 'n':
        -:  739:	case 'N':
        -:  740:	case 'p':
        -:  741:	case 'P':
        -:  742:	case 'x':
      884:  743:	  ch = in_nonblank();
call    0 returned 884
      884:  744:	  if (ch != EOF && ch != '\n' && ch != ';')
branch  0 taken 879 (fallthrough)
branch  1 taken 5
branch  2 taken 77 (fallthrough)
branch  3 taken 802
branch  4 taken 0 (fallthrough)
branch  5 taken 77
    #####:  745:	    bad_prog(LINE_JUNK);
call    0 never executed
      884:  746:	  break;
        -:  747:
       34:  748:	case 'r':
       34:  749:	  if (cur_cmd->a2.addr_type != addr_is_null)
branch  0 taken 0 (fallthrough)
branch  1 taken 34
    #####:  750:	    bad_prog(ONE_ADDR);
call    0 never executed
       34:  751:	  compile_filename(1, &cur_cmd->x.rfile, NULL);
call    0 returned 34
       34:  752:	  break;
       45:  753:	case 'w':
       45:  754:	  compile_filename(0, NULL, &cur_cmd->x.wfile);
call    0 returned 45
       45:  755:	  break;
        -:  756:
      239:  757:	case 's':
      239:  758:	  slash = inchar();
call    0 returned 239
      239:  759:	  if ( !(b  = match_slash(slash, 1, 1)) )
call    0 returned 239
branch  1 taken 0 (fallthrough)
branch  2 taken 239
    #####:  760:	    bad_prog(UNTERM_S_CMD);
call    0 never executed
      239:  761:	  if ( !(b2 = match_slash(slash, 0, 1)) )
call    0 returned 239
branch  1 taken 0 (fallthrough)
branch  2 taken 239
    #####:  762:	    bad_prog(UNTERM_S_CMD);
call    0 never executed
        -:  763:
      239:  764:	  cur_cmd->x.cmd_regex.replace_length = size_buffer(b2);
call    0 returned 239
      239:  765:	  cur_cmd->x.cmd_regex.replacement = MEMDUP(get_buffer(b2),
call    0 returned 239
call    1 returned 239
        -:  766:				    cur_cmd->x.cmd_regex.replace_length, char);
      239:  767:	  free_buffer(b2);
call    0 returned 239
        -:  768:
        -:  769:	  {
      239:  770:	    flagT caseless = mark_subst_opts(&cur_cmd->x.cmd_regex);
call    0 returned 239
      239:  771:	    cur_cmd->x.cmd_regex.regx = compile_regex(b, caseless, 0);
call    0 returned 239
        -:  772:	  }
      239:  773:	  free_buffer(b);
call    0 returned 239
      239:  774:	  break;
        -:  775:
       39:  776:	case 'y':
       39:  777:	  ustring = MALLOC(YMAP_LENGTH, unsigned char);
call    0 returned 39
        -:  778:	  #ifndef FAULTY_F_AG_7
    10023:  779:	  for (len = 0; len < YMAP_LENGTH; len++)
branch  0 taken 9984
branch  1 taken 39 (fallthrough)
        -:  780:	  #else
        -:  781:	  for (len = 0; len <= YMAP_LENGTH; len++)
        -:  782:	  #endif
     9984:  783:	    ustring[len] = len;
       39:  784:	  cur_cmd->x.translate = ustring;
        -:  785:
       39:  786:	  slash = inchar();
call    0 returned 39
       39:  787:	  if ( !(b = match_slash(slash, 0, 0)) )
call    0 returned 39
branch  1 taken 0 (fallthrough)
branch  2 taken 39
    #####:  788:	    bad_prog(UNTERM_Y_CMD);
call    0 never executed
       39:  789:	  ustring = CAST(unsigned char *)get_buffer(b);
call    0 returned 39
      328:  790:	  for (len = size_buffer(b); len; --len)
call    0 returned 39
branch  1 taken 289
branch  2 taken 39 (fallthrough)
        -:  791:	    {
      289:  792:	      ch = inchar();
call    0 returned 289
      289:  793:	      if (ch == slash)
branch  0 taken 0 (fallthrough)
branch  1 taken 289
    #####:  794:		bad_prog("strings for y command are different lengths");
call    0 never executed
      289:  795:	      if (ch == '\n')
branch  0 taken 0 (fallthrough)
branch  1 taken 289
    #####:  796:		bad_prog(UNTERM_Y_CMD);
call    0 never executed
      289:  797:	      if (ch == '\\')
branch  0 taken 0 (fallthrough)
branch  1 taken 289
    #####:  798:		ch = inchar();
call    0 never executed
      289:  799:	      if (ch == EOF)
branch  0 taken 0 (fallthrough)
branch  1 taken 289
    #####:  800:		bad_prog(BAD_EOF);
call    0 never executed
      289:  801:	      cur_cmd->x.translate[*ustring++] = ch;
        -:  802:	    }
       39:  803:	  free_buffer(b);
call    0 returned 39
        -:  804:
       78:  805:	  if (inchar() != slash ||
call    0 returned 39
branch  1 taken 39 (fallthrough)
branch  2 taken 0
branch  3 taken 39 (fallthrough)
branch  4 taken 0
       78:  806:	      ((ch = in_nonblank()) != EOF && ch != '\n' && ch != ';'))
call    0 returned 39
branch  1 taken 2 (fallthrough)
branch  2 taken 37
branch  3 taken 0 (fallthrough)
branch  4 taken 2
    #####:  807:	    bad_prog(LINE_JUNK);
call    0 never executed
       39:  808:	  break;
        -:  809:
    #####:  810:	case EOF:
    #####:  811:	  bad_prog(NO_COMMAND);
call    0 never executed
        -:  812:	  /*NOTREACHED*/
        5:  813:	default:
        -:  814:	  {
        -:  815:	    static char unknown_cmd[] = "Unknown command: ``_''";
        5:  816:	    unknown_cmd[sizeof(unknown_cmd)-4] = ch;
        5:  817:	    bad_prog(unknown_cmd);
call    0 returned 0
        -:  818:	  }
        -:  819:	  /*NOTREACHED*/
        -:  820:	}
        -:  821:
        -:  822:      /* this is buried down here so that "continue" statements will miss it */
     1360:  823:      ++vector->v_length;
        -:  824:    }
      358:  825:  return vector;
        -:  826:}
        -:  827:
        -:  828:static struct sed_cmd *
function next_cmd_entry called 2531 returned 100% blocks executed 100%
     2531:  829:next_cmd_entry(vectorp)
        -:  830:  struct vector **vectorp;
        -:  831:{
        -:  832:  struct sed_cmd *cmd;
        -:  833:  struct vector *v;
        -:  834:
     2531:  835:  v = *vectorp;
     2531:  836:  if (v->v_length == v->v_allocated)
branch  0 taken 689 (fallthrough)
branch  1 taken 1842
        -:  837:    {
      689:  838:      v->v_allocated += VECTOR_ALLOC_INCREMENT;
      689:  839:      v->v = REALLOC(v->v, v->v_allocated, struct sed_cmd);
call    0 returned 689
        -:  840:    }
        -:  841:
     2531:  842:  cmd = v->v + v->v_length;
     2531:  843:  cmd->a1.addr_type = addr_is_null;
     2531:  844:  cmd->a2.addr_type = addr_is_null;
     2531:  845:  cmd->a1_matched = 0;
     2531:  846:  cmd->addr_bang = 0;
        -:  847:
     2531:  848:  *vectorp  = v;
     2531:  849:  return cmd;
        -:  850:}
        -:  851:
        -:  852:
        -:  853:/* let's not confuse text editors that have only dumb bracket-matching... */
        -:  854:#define OPEN_BRACKET	'['
        -:  855:#define CLOSE_BRACKET	']'
        -:  856:
        -:  857:static int
function add_then_next called 36 returned 100% blocks executed 100%
       36:  858:add_then_next(b, ch)
        -:  859:  struct buffer *b;
        -:  860:  int ch;
        -:  861:{
       36:  862:  add1_buffer(b, ch);
call    0 returned 36
       36:  863:  return inchar();
call    0 returned 36
        -:  864:}
        -:  865:
        -:  866:static int
function snarf_char_class called 7 returned 100% blocks executed 39%
        7:  867:snarf_char_class(b)
        -:  868:  struct buffer *b;
        -:  869:{
        -:  870:  int ch;
        -:  871:
        7:  872:  ch = inchar();
call    0 returned 7
        7:  873:  if (ch == '^')
branch  0 taken 1 (fallthrough)
branch  1 taken 6
        1:  874:    ch = add_then_next(b, ch);
call    0 returned 1
        7:  875:  if (ch == CLOSE_BRACKET)
branch  0 taken 0 (fallthrough)
branch  1 taken 7
    #####:  876:    ch = add_then_next(b, ch);
call    0 never executed
       42:  877:  while (ch != EOF && ch != '\n' && ch != CLOSE_BRACKET)
branch  0 taken 42 (fallthrough)
branch  1 taken 0
branch  2 taken 42 (fallthrough)
branch  3 taken 0
branch  4 taken 35
branch  5 taken 7 (fallthrough)
        -:  878:    {
       35:  879:      if (ch == OPEN_BRACKET)
branch  0 taken 0 (fallthrough)
branch  1 taken 35
        -:  880:	{
        -:  881:	  int prev;
    #####:  882:	  int delim = ch = add_then_next(b, ch);
call    0 never executed
        -:  883:
    #####:  884:	  if (delim != '.'  &&  delim != ':'  &&  delim != '=')
branch  0 never executed
branch  1 never executed
branch  2 never executed
branch  3 never executed
branch  4 never executed
branch  5 never executed
    #####:  885:	    continue; /* bypass the add_then_next() call at bottom of loop */
    #####:  886:	  for (prev=ch=add_then_next(b, ch);
call    0 never executed
    #####:  887:		  !(ch==CLOSE_BRACKET && prev==delim); ch=add_then_next(b, ch))
call    0 never executed
branch  1 never executed
branch  2 never executed
branch  3 never executed
branch  4 never executed
    #####:  888:	    if (ch == EOF || ch == '\n')
branch  0 never executed
branch  1 never executed
branch  2 never executed
branch  3 never executed
    #####:  889:	      return EOF;
        -:  890:	}
       35:  891:      else if (ch == '\\')
branch  0 taken 0 (fallthrough)
branch  1 taken 35
        -:  892:	{
    #####:  893:	  ch = inchar();
call    0 never executed
    #####:  894:	  if (ch == EOF)
branch  0 never executed
branch  1 never executed
    #####:  895:	    break;
    #####:  896:	  if (ch != 'n' && ch != '\n')
branch  0 never executed
branch  1 never executed
branch  2 never executed
branch  3 never executed
        -:  897:	    {
    #####:  898:	      add1_buffer(b, '\\');
call    0 never executed
    #####:  899:	      continue; /* bypass the add_then_next() call at bottom of loop */
        -:  900:	    }
    #####:  901:	  ch = '\n';
        -:  902:	}
       35:  903:      ch = add_then_next(b, ch);
call    0 returned 35
        -:  904:    }
        -:  905:
        -:  906:  /* ensure that a newline here is an error, not a "slash" match: */
       7*:  907:  return ch == '\n' ? EOF : ch;
branch  0 taken 7 (fallthrough)
branch  1 taken 0
        -:  908:}
        -:  909:
        -:  910:static struct buffer *
function match_slash called 900 returned 100% blocks executed 62%
      900:  911:match_slash(slash, regex, keep_backwhack)
        -:  912:  int slash;
        -:  913:  flagT regex;
        -:  914:  flagT keep_backwhack;
        -:  915:{
        -:  916:  struct buffer *b;
        -:  917:  int ch;
        -:  918:
      900:  919:  b = init_buffer();
call    0 returned 900
     5353:  920:  while ((ch = inchar()) != EOF && ch != '\n' && ch != slash)
call    0 returned 5353
branch  1 taken 5353 (fallthrough)
branch  2 taken 0
branch  3 taken 5353 (fallthrough)
branch  4 taken 0
branch  5 taken 4453
branch  6 taken 900 (fallthrough)
        -:  921:    {
     4453:  922:      if (ch == '\\')
branch  0 taken 391 (fallthrough)
branch  1 taken 4062
        -:  923:	{
      391:  924:	  ch = inchar();
call    0 returned 391
      391:  925:	  if (ch == EOF)
branch  0 taken 0 (fallthrough)
branch  1 taken 391
    #####:  926:	    break;
      391:  927:	  else if (ch == 'n' && regex)
branch  0 taken 12 (fallthrough)
branch  1 taken 379
branch  2 taken 12 (fallthrough)
branch  3 taken 0
       12:  928:	    ch = '\n';
      379:  929:	  else if (ch != '\n' && (ch != slash || keep_backwhack))
branch  0 taken 379 (fallthrough)
branch  1 taken 0
branch  2 taken 4 (fallthrough)
branch  3 taken 375
branch  4 taken 4 (fallthrough)
branch  5 taken 0
      379:  930:	    add1_buffer(b, '\\');
call    0 returned 379
        -:  931:	}
     4062:  932:      else if (ch == OPEN_BRACKET && regex)
branch  0 taken 27 (fallthrough)
branch  1 taken 4035
branch  2 taken 7 (fallthrough)
branch  3 taken 20
        -:  933:	{
        7:  934:	  add1_buffer(b, ch);
call    0 returned 7
        7:  935:	  ch = snarf_char_class(b);
call    0 returned 7
        7:  936:	  if (ch != CLOSE_BRACKET)
branch  0 taken 0 (fallthrough)
branch  1 taken 7
    #####:  937:	    break;
        -:  938:	}
     4453:  939:      add1_buffer(b, ch);
call    0 returned 4453
        -:  940:    }
      900:  941:  if (ch == slash)
branch  0 taken 900 (fallthrough)
branch  1 taken 0
      900:  942:    return b;
        -:  943:
    #####:  944:  if (ch == '\n')
branch  0 never executed
branch  1 never executed
    #####:  945:    savchar(ch);	/* for proper line number in error report */
call    0 never executed
    #####:  946:  if (regex && rx_testing)
branch  0 never executed
branch  1 never executed
branch  2 never executed
branch  3 never executed
        -:  947:    {
        -:  948:      /* This is slightly bogus.  Sed is noticing an ill-formed regexp,
        -:  949:       * but rx is getting the credit.  Fortunately, this only affects
        -:  950:       * a few spencer tests.
        -:  951:       */
    #####:  952:      size_t sz = size_buffer(b);
call    0 never executed
        -:  953:      char *re_txt;
    #####:  954:      add1_buffer(b, '\0');
call    0 never executed
    #####:  955:      re_txt = get_buffer(b);
call    0 never executed
    #####:  956:      if (sz > 0 && re_txt[sz] == '\n')
branch  0 never executed
branch  1 never executed
branch  2 never executed
branch  3 never executed
    #####:  957:	re_txt[sz] = '\0';
    #####:  958:      printf(BAD_REGEX_FMT, re_txt);
call    0 never executed
    #####:  959:      exit(1);
call    0 never executed
        -:  960:    }
    #####:  961:  free_buffer(b);
call    0 never executed
    #####:  962:  return NULL;
        -:  963:}
        -:  964:
        -:  965:static regex_t *
function compile_regex called 622 returned 100% blocks executed 69%
      622:  966:compile_regex(b, ignore_case, nosub)
        -:  967:  struct buffer *b;
        -:  968:  flagT ignore_case;
        -:  969:  flagT nosub;
        -:  970:{
        -:  971:  /* ``An empty regular expression is equivalent to the last regular
        -:  972:     expression read'' so we have to keep track of the last regexp read.
        -:  973:     We keep track the _source_ form of the regular expression because
        -:  974:     it is possible for different modifiers to be specified. */
        -:  975:  static char *last_re = NULL;
      622:  976:  regex_t *new_regex = MALLOC(1, regex_t);
call    0 returned 622
        -:  977:  size_t sz;
        -:  978:  int cflags;
        -:  979:  int error;
        -:  980:
      622:  981:  sz = size_buffer(b);
call    0 returned 622
      622:  982:  if (sz > 0)
branch  0 taken 604 (fallthrough)
branch  1 taken 18
        -:  983:    {
      604:  984:      add1_buffer(b, '\0');
call    0 returned 604
      604:  985:      FREE(last_re);
call    0 returned 604
      604:  986:      last_re = ck_strdup(get_buffer(b));
call    0 returned 604
call    1 returned 604
        -:  987:    }
       18:  988:  else if (!last_re)
branch  0 taken 0 (fallthrough)
branch  1 taken 18
    #####:  989:    bad_prog(NO_REGEX);
call    0 never executed
        -:  990:
      622:  991:  cflags = 0;
      622:  992:  if (ignore_case)
branch  0 taken 0 (fallthrough)
branch  1 taken 622
    #####:  993:    cflags |= REG_ICASE;
      622:  994:  if (nosub)
branch  0 taken 383 (fallthrough)
branch  1 taken 239
      383:  995:    cflags |= REG_NOSUB;
      622:  996:  if (use_extended_syntax_p)
branch  0 taken 1 (fallthrough)
branch  1 taken 621
        1:  997:    cflags |= REG_EXTENDED;
      622:  998:  if ( (error = regcomp(new_regex, last_re, cflags)) )
call    0 returned 622
branch  1 taken 0 (fallthrough)
branch  2 taken 622
        -:  999:    {
        -: 1000:      char msg[1000];
    #####: 1001:      if (rx_testing)
branch  0 never executed
branch  1 never executed
        -: 1002:	{
    #####: 1003:	  printf(BAD_REGEX_FMT, last_re);
call    0 never executed
    #####: 1004:	  exit(1);
call    0 never executed
        -: 1005:	}
    #####: 1006:      regerror(error, NULL, msg, sizeof msg);
call    0 never executed
    #####: 1007:      bad_prog(msg);
call    0 never executed
        -: 1008:  }
        -: 1009:
      622: 1010:  return new_regex;
        -: 1011:}
        -: 1012:
        -: 1013:/* Try to read an address for a sed command.  If it succeeds,
        -: 1014:   return non-zero and store the resulting address in *'addr'.
        -: 1015:   If the input doesn't look like an address read nothing
        -: 1016:   and return zero.  */
        -: 1017:static flagT
function compile_address called 2576 returned 100% blocks executed 75%
     2576: 1018:compile_address(addr, ch)
        -: 1019:  struct addr *addr;
        -: 1020:  int ch;
        -: 1021:{
     2576: 1022:  if (ISDIGIT(ch))
branch  0 taken 88 (fallthrough)
branch  1 taken 2488
        -: 1023:    {
       88: 1024:      countT num = in_integer(ch);
call    0 returned 88
       88: 1025:      ch = in_nonblank();
call    0 returned 88
        -: 1026:#if 1
       88: 1027:      if (ch != '~')
branch  0 taken 88 (fallthrough)
branch  1 taken 0
        -: 1028:	{
       88: 1029:	  savchar(ch);
call    0 returned 88
        -: 1030:	}
        -: 1031:      else
        -: 1032:	{
    #####: 1033:	  countT num2 = in_integer(in_nonblank());
call    0 never executed
call    1 never executed
    #####: 1034:	  if (num2 > 0)
branch  0 never executed
branch  1 never executed
        -: 1035:	    {
    #####: 1036:	      addr->addr_type = addr_is_mod;
    #####: 1037:	      addr->a.m.offset = num;
    #####: 1038:	      addr->a.m.modulo = num2;
    #####: 1039:	      return 1;
        -: 1040:	    }
        -: 1041:	}
       88: 1042:      addr->addr_type = addr_is_num;
       88: 1043:      addr->a.addr_number = num;
        -: 1044:#else
        -: 1045:      if (ch == '~')
        -: 1046:	{
        -: 1047:	  countT num2 = in_integer(in_nonblank());
        -: 1048:	  if (num2 == 0)
        -: 1049:	    bad_prog("Zero step size for ~ addressing is not valid");
        -: 1050:	  addr->addr_type = addr_is_mod;
        -: 1051:	  addr->a.m.offset = num;
        -: 1052:	  addr->a.m.modulo = num2;
        -: 1053:	}
        -: 1054:      else
        -: 1055:	{
        -: 1056:	  savchar(ch);
        -: 1057:	  addr->addr_type = addr_is_num;
        -: 1058:	  addr->a.addr_number = num;
        -: 1059:	}
        -: 1060:#endif
       88: 1061:      return 1;
        -: 1062:    }
     2488: 1063:  else if (ch == '/' || ch == '\\')
branch  0 taken 2105 (fallthrough)
branch  1 taken 383
branch  2 taken 0 (fallthrough)
branch  3 taken 2105
        -: 1064:    {
      383: 1065:      flagT caseless = 0;
        -: 1066:      struct buffer *b;
      383: 1067:      addr->addr_type = addr_is_regex;
      383: 1068:      if (ch == '\\')
branch  0 taken 0 (fallthrough)
branch  1 taken 383
    #####: 1069:	ch = inchar();
call    0 never executed
      383: 1070:      if ( !(b = match_slash(ch, 1, 1)) )
call    0 returned 383
branch  1 taken 0 (fallthrough)
branch  2 taken 383
    #####: 1071:	bad_prog("Unterminated address regex");
call    0 never executed
      383: 1072:      ch = in_nonblank();
call    0 returned 383
      383: 1073:      if (ch == 'I')	/* lower case i would break existing programs */
branch  0 taken 0 (fallthrough)
branch  1 taken 383
    #####: 1074:	caseless = 1;
        -: 1075:      else
      383: 1076:	savchar(ch);
call    0 returned 383
      383: 1077:      addr->a.addr_regex = compile_regex(b, caseless, 1);
call    0 returned 383
      383: 1078:      free_buffer(b);
call    0 returned 383
      383: 1079:      return 1;
        -: 1080:    }
     2105: 1081:  else if (ch == '$')
branch  0 taken 13 (fallthrough)
branch  1 taken 2092
        -: 1082:    {
       13: 1083:      addr->addr_type = addr_is_last;
       13: 1084:      return 1;
        -: 1085:    }
     2092: 1086:  return 0;
        -: 1087:}
        -: 1088:
        -: 1089:/* read in a filename for a 'r', 'w', or 's///w' command, and
        -: 1090:   update the internal structure about files.  The file is
        -: 1091:   opened if it isn't already open in the given mode.  */
        -: 1092:static void
function compile_filename called 230 returned 100% blocks executed 96%
      230: 1093:compile_filename(readit, name, fp)
        -: 1094:  flagT readit;
        -: 1095:  const char **name;
        -: 1096:  FILE **fp;
        -: 1097:{
        -: 1098:  struct buffer *b;
        -: 1099:  int ch;
        -: 1100:  char *file_name;
        -: 1101:  struct fp_list *p;
        -: 1102:
      230: 1103:  b = init_buffer();
call    0 returned 230
      230: 1104:  ch = in_nonblank();
call    0 returned 230
     3097: 1105:  while (ch != EOF && ch != '\n')
branch  0 taken 3091 (fallthrough)
branch  1 taken 6
branch  2 taken 2867
branch  3 taken 224 (fallthrough)
        -: 1106:    {
        -: 1107:#ifndef FAULTY_F_AG_17
     2867: 1108:      add1_buffer(b, ch);
call    0 returned 2867
     2867: 1109:      ch = inchar();
call    0 returned 2867
        -: 1110:#else
        -: 1111:     ch = inchar();
        -: 1112:     add1_buffer(b, ch);
        -: 1113:#endif 	
        -: 1114:    }
      230: 1115:  add1_buffer(b, '\0');
call    0 returned 230
      230: 1116:  file_name = get_buffer(b);
call    0 returned 230
        -: 1117:
      292: 1118:  for (p=file_ptrs; p; p=p->link)
branch  0 taken 62
branch  1 taken 230 (fallthrough)
       62: 1119:    if (p->readit_p == readit && strcmp(p->name, file_name) == 0)
branch  0 taken 45 (fallthrough)
branch  1 taken 17
branch  2 taken 0 (fallthrough)
branch  3 taken 45
    #####: 1120:      break;
        -: 1121:
      230: 1122:  if (!p)
branch  0 taken 230 (fallthrough)
branch  1 taken 0
        -: 1123:    {
      230: 1124:      p = MALLOC(1, struct fp_list);
call    0 returned 230
      230: 1125:      p->name = ck_strdup(file_name);
call    0 returned 230
      230: 1126:      p->readit_p = readit;
      230: 1127:      p->fp = NULL;
      230: 1128:      if (!readit)
branch  0 taken 196 (fallthrough)
branch  1 taken 34
      196: 1129:	p->fp = ck_fopen(p->name, "w");
call    0 returned 196
      230: 1130:      p->link = file_ptrs;
      230: 1131:      file_ptrs = p;
        -: 1132:    }
        -: 1133:
      230: 1134:  free_buffer(b);
call    0 returned 230
      230: 1135:  if (name)
branch  0 taken 34 (fallthrough)
branch  1 taken 196
       34: 1136:    *name = p->name;
      230: 1137:  if (fp)
branch  0 taken 196 (fallthrough)
branch  1 taken 34
      196: 1138:    *fp = p->fp;
      230: 1139:}
        -: 1140:
        -: 1141:/* Store a label (or label reference) created by a ':', 'b', or 't'
        -: 1142:   command so that the jump to/from the label can be backpatched after
        -: 1143:   compilation is complete.  */
        -: 1144:static struct sed_label *
function setup_jump called 13 returned 100% blocks executed 100%
       13: 1145:setup_jump(list, cmd, vec)
        -: 1146:  struct sed_label *list;
        -: 1147:  struct sed_cmd *cmd;
        -: 1148:  struct vector *vec;
        -: 1149:{
        -: 1150:  struct sed_label *ret;
        -: 1151:  struct buffer *b;
        -: 1152:  int ch;
        -: 1153:
       13: 1154:  b = init_buffer();
call    0 returned 13
       13: 1155:  ch = in_nonblank();
call    0 returned 13
        -: 1156:
       53: 1157:  while (ch != EOF && ch != '\n'
branch  0 taken 27 (fallthrough)
branch  1 taken 13
       67: 1158:	 && !ISBLANK(ch) && ch != ';' && ch != /*{*/ '}')
branch  0 taken 40 (fallthrough)
branch  1 taken 0
branch  2 taken 27 (fallthrough)
branch  3 taken 0
branch  4 taken 27 (fallthrough)
branch  5 taken 0
branch  6 taken 27 (fallthrough)
branch  7 taken 0
branch  8 taken 27
branch  9 taken 0 (fallthrough)
        -: 1159:    {
       27: 1160:      add1_buffer(b, ch);
call    0 returned 27
       27: 1161:      ch = inchar();
call    0 returned 27
        -: 1162:    }
       13: 1163:  savchar(ch);
call    0 returned 13
       13: 1164:  add1_buffer(b, '\0');
call    0 returned 13
       13: 1165:  ret = MALLOC(1, struct sed_label);
call    0 returned 13
       13: 1166:  ret->name = ck_strdup(get_buffer(b));
call    0 returned 13
call    1 returned 13
       13: 1167:  ret->v = vec;
       13: 1168:  ret->v_index = cmd - vec->v;
       13: 1169:  ret->next = list;
       13: 1170:  free_buffer(b);
call    0 returned 13
       13: 1171:  return ret;
        -: 1172:}
        -: 1173:
        -: 1174:static flagT
function mark_subst_opts called 239 returned 100% blocks executed 56%
      239: 1175:mark_subst_opts(cmd)
        -: 1176:  struct subst *cmd;
        -: 1177:{
      239: 1178:  flagT caseless = 0;
        -: 1179:  int ch;
        -: 1180:
      239: 1181:  cmd->global = 0;
      239: 1182:  cmd->print = 0;
      239: 1183:  cmd->numb = 0;
      239: 1184:  cmd->wfile = NULL;
        -: 1185:
        -: 1186:  for (;;)
      553: 1187:    switch ( (ch = in_nonblank()) )
call    0 returned 553
branch  1 taken 0
branch  2 taken 110
branch  3 taken 204
branch  4 taken 151
branch  5 taken 0
branch  6 taken 88
branch  7 taken 0
        -: 1188:      {
    #####: 1189:      case 'i':	/* GNU extension */
        -: 1190:      case 'I':	/* GNU extension */
    #####: 1191:	caseless = 1;
    #####: 1192:	break;
        -: 1193:
      110: 1194:      case 'p':
      110: 1195:	cmd->print = 1;
      110: 1196:	break;
        -: 1197:
      204: 1198:      case 'g':
      204: 1199:	cmd->global = 1;
      204: 1200:	break;
        -: 1201:
      151: 1202:      case 'w':
      151: 1203:	compile_filename(0, NULL, &cmd->wfile);
call    0 returned 151
      151: 1204:	return caseless;
        -: 1205:
    #####: 1206:      case '0': case '1': case '2': case '3': case '4':
        -: 1207:      case '5': case '6': case '7': case '8': case '9':
    #####: 1208:	if (cmd->numb)
branch  0 never executed
branch  1 never executed
    #####: 1209:	  bad_prog("multiple number options to 's' command");
call    0 never executed
    #####: 1210:	cmd->numb = in_integer(ch);
call    0 never executed
    #####: 1211:	if (!cmd->numb)
branch  0 never executed
branch  1 never executed
    #####: 1212:	  bad_prog("number option to 's' command may not be zero");
call    0 never executed
    #####: 1213:	break;
        -: 1214:
       88: 1215:      case EOF:
        -: 1216:      case '\n':
        -: 1217:      case ';':
       88: 1218:	return caseless;
        -: 1219:
    #####: 1220:      default:
    #####: 1221:	bad_prog("Unknown option to 's'");
call    0 never executed
        -: 1222:	/*NOTREACHED*/
        -: 1223:      }
        -: 1224:}
        -: 1225:
        -: 1226:
        -: 1227:/* Read the next character from the program.  Return EOF if there isn't
        -: 1228:   anything to read.  Keep cur_input.line up to date, so error messages
        -: 1229:   can be meaningful. */
        -: 1230:static int
function inchar called 32502 returned 100% blocks executed 64%
    32502: 1231:inchar()
        -: 1232:{
    32502: 1233:  int ch = EOF;
        -: 1234:
    32502: 1235:  if (prog.cur)
branch  0 taken 32502 (fallthrough)
branch  1 taken 0
        -: 1236:    {
    32502: 1237:      if (prog.cur < prog.end)
branch  0 taken 32124 (fallthrough)
branch  1 taken 378
    32124: 1238:	ch = *prog.cur++;
        -: 1239:    }
    #####: 1240:  else if (prog.file)
branch  0 never executed
branch  1 never executed
        -: 1241:    {
        -: 1242:    #ifndef FAULTY_F_AG_8
    #####: 1243:      if (!feof(prog.file))
call    0 never executed
branch  1 never executed
branch  2 never executed
        -: 1244:    #else
        -: 1245:      if (feof(prog.file))
        -: 1246:    #endif 
    #####: 1247:	ch = getc(prog.file);
call    0 never executed
        -: 1248:    }
    32502: 1249:  if (ch == '\n')
branch  0 taken 3307 (fallthrough)
branch  1 taken 29195
     3307: 1250:    ++cur_input.line;
    32502: 1251:  return ch;
        -: 1252:}
        -: 1253:
        -: 1254:/* Read the next non-blank character from the program.  */
        -: 1255:static int
function in_nonblank called 3174 returned 100% blocks executed 100%
     3437: 1256:in_nonblank()
        -: 1257:{
        -: 1258:  int ch;
        -: 1259:  do
     3437: 1260:    ch = inchar();
call    0 returned 3437
     3437: 1261:    while (ISBLANK(ch));
branch  0 taken 261
branch  1 taken 3176 (fallthrough)
branch  2 taken 2
branch  3 taken 3174 (fallthrough)
     3174: 1262:  return ch;
        -: 1263:}
        -: 1264:
        -: 1265:/* Read an integer value from the program.  */
        -: 1266:static countT
function in_integer called 88 returned 100% blocks executed 100%
       88: 1267:in_integer(ch)
        -: 1268:  int ch;
        -: 1269:{
       88: 1270:  countT num = 0;
        -: 1271:
      246: 1272:  while (ISDIGIT(ch))
branch  0 taken 158
branch  1 taken 88 (fallthrough)
        -: 1273:    {
      158: 1274:      num = num * 10 + ch - '0';
      158: 1275:      ch = inchar();
call    0 returned 158
        -: 1276:    }
       88: 1277:  savchar(ch);
call    0 returned 88
       88: 1278:  return num;
        -: 1279:}
        -: 1280:
        -: 1281:/* unget 'ch' so the next call to inchar will return it.   */
        -: 1282:static void
function savchar called 572 returned 100% blocks executed 73%
      572: 1283:savchar(ch)
        -: 1284:  int ch;
        -: 1285:{
      572: 1286:  if (ch == EOF)
branch  0 taken 0 (fallthrough)
branch  1 taken 572
    #####: 1287:    return;
      572: 1288:  if (ch == '\n' && cur_input.line > 0)
branch  0 taken 13 (fallthrough)
branch  1 taken 559
branch  2 taken 13 (fallthrough)
branch  3 taken 0
       13: 1289:    --cur_input.line;
      572: 1290:  if (prog.cur)
branch  0 taken 572 (fallthrough)
branch  1 taken 0
        -: 1291:    {
      572: 1292:      if (prog.cur <= CAST(const unsigned char *)prog.base
branch  0 taken 572 (fallthrough)
branch  1 taken 0
      572: 1293:	  || *--prog.cur != ch)
branch  0 taken 0 (fallthrough)
branch  1 taken 572
    #####: 1294:	panic("Called savchar() with unexpected pushback (%x)",
    #####: 1295:	      CAST(unsigned char)ch);
call    0 never executed
        -: 1296:    }
        -: 1297:  else
    #####: 1298:    ungetc(ch, prog.file);
call    0 never executed
        -: 1299:}
        -: 1300:
        -: 1301:/* Complain about a programming error and exit. */
        -: 1302:static void
function bad_prog called 6 returned 0% blocks executed 100%
        6: 1303:bad_prog(why)
        -: 1304:  const char *why;
        -: 1305:{
        6: 1306:  if (cur_input.name)
branch  0 taken 1 (fallthrough)
branch  1 taken 5
        1: 1307:    fprintf(stderr, "%s: file %s line %lu: %s\n",
        1: 1308:	    myname, cur_input.name, CAST(unsigned long)cur_input.line, why);
call    0 returned 1
        -: 1309:  else
        5: 1310:    fprintf(stderr, "%s: -e expression #%lu, char %lu: %s\n",
        -: 1311:	    myname,
        5: 1312:	    CAST(unsigned long)cur_input.string_expr_count,
        5: 1313:	    CAST(unsigned long)(prog.cur-CAST(unsigned char *)prog.base),
call    0 returned 5
        -: 1314:	    why);
        6: 1315:  exit(1);
        -: 1316:}
        -: 1317:/*  GNU SED, a batch stream editor.
        -: 1318:    Copyright (C) 1989, 1990, 1991, 1992, 1993, 1994, 1995, 1998
        -: 1319:    Free Software Foundation, Inc.
        -: 1320:
        -: 1321:    This program is free software; you can redistribute it and/or modify
        -: 1322:    it under the terms of the GNU General Public License as published by
        -: 1323:    the Free Software Foundation; either version 2, or (at your option)
        -: 1324:    any later version.
        -: 1325:
        -: 1326:    This program is distributed in the hope that it will be useful,
        -: 1327:    but WITHOUT ANY WARRANTY; without even the implied warranty of
        -: 1328:    MERCHANTABILITY or FITNESS FOR A PARTICULAR PURPOSE.  See the
        -: 1329:    GNU General Public License for more details.
        -: 1330:
        -: 1331:    You should have received a copy of the GNU General Public License
        -: 1332:    along with this program; if not, write to the Free Software
        -: 1333:    Foundation, 59 Temple Place - Suite 330, Boston, MA 02111-1307, USA. */
        -: 1334:
        -: 1335:#undef EXPERIMENTAL_DASH_N_OPTIMIZATION	/*don't use -- is buggy*/
        -: 1336:#define INITIAL_BUFFER_SIZE	50
        -: 1337:#define LCMD_OUT_LINE_LEN	70
        -: 1338:#define FREAD_BUFFER_SIZE	8192
        -: 1339:
        -: 1340:#include "config.h"
        -: 1341:#include <stdio.h>
        -: 1342:#include <ctype.h>
        -: 1343:
        -: 1344:#include <errno.h>
        -: 1345:#ifndef errno
        -: 1346:extern int errno;
        -: 1347:#endif
        -: 1348:
        -: 1349:#ifdef HAVE_ISATTY
        -: 1350:# ifdef HAVE_UNISTD_H
        -: 1351:#  include <unistd.h>
        -: 1352:# endif
        -: 1353:#endif
        -: 1354:
        -: 1355:#ifdef __GNUC__
        -: 1356:# if __GNUC__ > 2 || (__GNUC__ == 2 && __GNUC_MINOR__-0 >= 7)
        -: 1357:  /* silence warning about unused parameter even for "gcc -W -Wunused" */
        -: 1358:#  define UNUSED	__attribute__((unused))
        -: 1359:# endif
        -: 1360:#endif
        -: 1361:#ifndef UNUSED
        -: 1362:# define UNUSED
        -: 1363:#endif
        -: 1364:
        -: 1365:#ifndef HAVE_STRING_H
        -: 1366:# include <strings.h>
        -: 1367:# ifdef HAVE_MEMORY_H
        -: 1368:#  include <memory.h>
        -: 1369:# endif
        -: 1370:#else
        -: 1371:# include <string.h>
        -: 1372:#endif /* HAVE_STRING_H */
        -: 1373:
        -: 1374:#ifdef HAVE_STDLIB_H
        -: 1375:# include <stdlib.h>
        -: 1376:#endif
        -: 1377:
        -: 1378:#ifdef HAVE_SYS_TYPES_H
        -: 1379:# include <sys/types.h>
        -: 1380:#endif
        -: 1381:#include "regex-sed.h"
        -: 1382:#include "basicdefs.h"
        -: 1383:#include "utils.h"
        -: 1384:#include "sed.h"
        -: 1385:
        -: 1386:#ifdef BOOTSTRAP
        -: 1387:# ifdef memchr
        -: 1388:#  undef memchr
        -: 1389:# endif
        -: 1390:# define memchr bootstrap_memchr
        -: 1391:static VOID *bootstrap_memchr P_((const VOID *s, int c, size_t n));
        -: 1392:#endif /*BOOTSTRAP*/
        -: 1393:
        -: 1394:#ifndef HAVE_REGNEXEC
        -: 1395:# define regnexec(x,t,l,r,n,f)	regexec(x,t,r,n,f)
        -: 1396:#endif
        -: 1397:
        -: 1398:/* If set, don't write out the line unless explicitly told to */
        -: 1399:extern flagT no_default_output;
        -: 1400:
        -: 1401:/* Do we need to be pedantically POSIX compliant? */
        -: 1402:extern flagT POSIXLY_CORRECT;
        -: 1403:
        -: 1404:
        -: 1405:/* Sed operates a line at a time. */
        -: 1406:struct line {
        -: 1407:  char *text;		/* Pointer to line allocated by malloc. */
        -: 1408:  char *active;		/* Pointer to non-consumed part of text. */
        -: 1409:  size_t length;	/* Length of text (or active, if used). */
        -: 1410:  size_t alloc;		/* Allocated space for text. */
        -: 1411:  flagT chomped;	/* Was a trailing newline dropped? */
        -: 1412:};
        -: 1413:
        -: 1414:/* A queue of text to write out at the end of a cycle
        -: 1415:   (filled by the "a" and "r" commands.) */
        -: 1416:struct append_queue {
        -: 1417:  const char *rfile;
        -: 1418:  const char *text;
        -: 1419:  size_t textlen;
        -: 1420:  struct append_queue *next;
        -: 1421:};
        -: 1422:
        -: 1423:/* State information for the input stream. */
        -: 1424:struct input {
        -: 1425:  char **file_list;	/* The list of yet-to-be-opened files.
        -: 1426:			   It is invalid for file_list to be NULL.
        -: 1427:			   When *file_list is NULL we are
        -: 1428:			   currently processing the last file. */
        -: 1429:  countT bad_count;	/* count of files we failed to open */
        -: 1430:  countT line_number;	/* Current input line number (over all files) */
        -: 1431:
        -: 1432:  flagT (*read_fn) P_((struct input *));	/* read one line */
        -: 1433:  /* If fp is NULL, read_fn better not be one which uses fp;
        -: 1434:     in particular, read_always_fail() is recommended. */
        -: 1435:
        -: 1436:  FILE *fp;		/* if NULL, none of the following are valid */
        -: 1437:  VOID *base;		/* if non-NULL, we are using mmap()ed input */
        -: 1438:  const char *cur;	/* only valid if base is non-NULL */
        -: 1439:  size_t length;	/* only valid if base is non-NULL */
        -: 1440:  size_t left;		/* only valid if base is non-NULL */
        -: 1441:#ifdef HAVE_ISATTY
        -: 1442:  flagT is_tty;		/* only valid if base is NULL */
        -: 1443:#endif
        -: 1444:};
        -: 1445:
        -: 1446:static void resize_line P_((struct line *lb, size_t len));
        -: 1447:static void open_next_file P_((const char *name, struct input *input));
        -: 1448:static void closedown P_((struct input *input));
        -: 1449:static flagT read_always_fail P_((struct input *input));
        -: 1450:static flagT read_mem_line P_((struct input *input));
        -: 1451:static size_t slow_getline P_((char *buf, size_t buflen, FILE *in));
        -: 1452:static flagT read_file_line P_((struct input *input));
        -: 1453:static flagT read_pattern_space P_((struct input *input, flagT append));
        -: 1454:static flagT last_file_with_data_p P_((struct input *input));
        -: 1455:static flagT test_dollar_EOF P_((struct input *input));
        -: 1456:static flagT match_an_address_p P_((struct addr *, struct input *, flagT));
        -: 1457:static flagT match_address_p P_((struct sed_cmd *cmd, struct input *input));
        -: 1458:static void do_list P_((void));
        -: 1459:static void do_subst P_((struct subst *subst));
        -: 1460:static flagT execute_program P_((struct vector *, struct input *input));
        -: 1461:static void output_line
        -: 1462:		P_((const char *text, size_t length, flagT nl, FILE *fp));
        -: 1463:static void line_init P_((struct line *buf, size_t initial_size));
        -: 1464:static void line_copy P_((struct line *from, struct line *to));
        -: 1465:static void str_append P_((struct line *to, const char *string, size_t length));
        -: 1466:static void nul_append P_((struct line *dest));
        -: 1467:static void line_append P_((struct line *from, struct line *to));
        -: 1468:static void dump_append_queue P_((void));
        -: 1469:static struct append_queue *next_append_slot P_((void));
        -: 1470:
        -: 1471:#ifdef EXPERIMENTAL_DASH_N_OPTIMIZATION
        -: 1472:static countT count_branches P_((struct vector *));
        -: 1473:static struct sed_cmd *shrink_program
        -: 1474:		P_((struct vector *vec, struct sed_cmd *cur_cmd, countT*n));
        -: 1475:
        -: 1476:/* Used to attempt a simple-minded optimization. */
        -: 1477:static countT branches_in_top_level;
        -: 1478:#endif /*EXPERIMENTAL_DASH_N_OPTIMIZATION*/
        -: 1479:
        -: 1480:
        -: 1481:/* Have we done any replacements lately?  This is used by the 't' command. */
        -: 1482:static flagT replaced = 0;
        -: 1483:
        -: 1484:/* The 'current' input line. */
        -: 1485:static struct line line;
        -: 1486:
        -: 1487:/* An input line that's been stored by later use by the program */
        -: 1488:static struct line hold;
        -: 1489:
        -: 1490:/* The buffered input look-ahead. */
        -: 1491:static struct line buffer;
        -: 1492:
        -: 1493:static struct append_queue *append_head = NULL;
        -: 1494:static struct append_queue *append_tail = NULL;
        -: 1495:
        -: 1496:
        -: 1497:/* Apply the compiled script to all the named files. */
        -: 1498:countT
function process_files called 354 returned 100% blocks executed 100%
      354: 1499:process_files(the_program, argv)
        -: 1500:  struct vector *the_program;
        -: 1501:  char **argv;
        -: 1502:{
        -: 1503:  static char dash[] = "-";
        -: 1504:  static char *stdin_argv[2] = { dash, NULL };
        -: 1505:  struct input input;
        -: 1506:
        -: 1507:#ifdef EXPERIMENTAL_DASH_N_OPTIMIZATION
        -: 1508:  branches_in_top_level = count_branches(the_program);
        -: 1509:#endif /*EXPERIMENTAL_DASH_N_OPTIMIZATION*/
      354: 1510:  input.file_list = stdin_argv;
      354: 1511:  if (argv && *argv)
branch  0 taken 354 (fallthrough)
branch  1 taken 0
branch  2 taken 353 (fallthrough)
branch  3 taken 1
      353: 1512:    input.file_list = argv;
      354: 1513:  input.bad_count = 0;
      354: 1514:  input.line_number = 0;
      354: 1515:  input.read_fn = read_always_fail;
      354: 1516:  input.fp = NULL;
        -: 1517:
      354: 1518:  line_init(&line, INITIAL_BUFFER_SIZE);
call    0 returned 354
      354: 1519:  line_init(&hold, INITIAL_BUFFER_SIZE);
call    0 returned 354
      354: 1520:  line_init(&buffer, FREAD_BUFFER_SIZE);
call    0 returned 354
        -: 1521:
    32216: 1522:  while (read_pattern_space(&input, 0))
call    0 returned 32216
branch  1 taken 31909
branch  2 taken 307 (fallthrough)
        -: 1523:    {
    31909: 1524:      flagT quit = execute_program(the_program, &input);
call    0 returned 31909
    31909: 1525:      if (!no_default_output)
branch  0 taken 12802 (fallthrough)
branch  1 taken 19107
    12802: 1526:	output_line(line.text, line.length, line.chomped, stdout);
call    0 returned 12802
    31909: 1527:      if (quit)
branch  0 taken 47 (fallthrough)
branch  1 taken 31862
       47: 1528:	break;
        -: 1529:    }
      354: 1530:  closedown(&input);
call    0 returned 354
      354: 1531:  return input.bad_count;
        -: 1532:}
        -: 1533:
        -: 1534:/* increase a struct line's length, making some attempt at
        -: 1535:   keeping realloc() calls under control by padding for future growth.  */
        -: 1536:static void
[...]
    #####: 9642:  register const unsigned char *p2 = (const unsigned char *) s2;
    #####: 9643:  while (len)
branch  0 never executed
branch  1 never executed
        -: 9644:    {
    #####: 9645:      if (translate[*p1++] != translate[*p2++]) return 1;
branch  0 never executed
branch  1 never executed
    #####: 9646:      len--;
        -: 9647:    }
    #####: 9648:  return 0;
        -: 9649:}
        -: 9650:
        -: 9651:/* Entry points for GNU code.  */
        -: 9652:
        -: 9653:/* re_compile_pattern is the GNU regular expression compiler: it
        -: 9654:   compiles PATTERN (of length SIZE) and puts the result in BUFP.
        -: 9655:   Returns 0 if the pattern was valid, otherwise an error string.
        -: 9656:
        -: 9657:   Assumes the `allocated' (and perhaps `buffer') and `translate' fields
        -: 9658:   are set in BUFP on entry.
        -: 9659:
        -: 9660:   We call regex_compile to do the actual compilation.  */
        -: 9661:
        -: 9662:const char *
function re_compile_pattern called 0 returned 0% blocks executed 0%
    #####: 9663:re_compile_pattern (pattern, length, bufp)
        -: 9664:     const char *pattern;
        -: 9665:     size_t length;
        -: 9666:     struct re_pattern_buffer *bufp;
        -: 9667:{
        -: 9668:  reg_errcode_t ret;
        -: 9669:
        -: 9670:  /* GNU code is written to assume at least RE_NREGS registers will be set
        -: 9671:     (and at least one extra will be -1).  */
    #####: 9672:  bufp->regs_allocated = REGS_UNALLOCATED;
        -: 9673:
        -: 9674:  /* And GNU code determines whether or not to get register information
        -: 9675:     by passing null for the REGS argument to re_match, etc., not by
        -: 9676:     setting no_sub.  */
    #####: 9677:  bufp->no_sub = 0;
        -: 9678:
        -: 9679:  /* Match anchors at newline.  */
    #####: 9680:  bufp->newline_anchor = 1;
        -: 9681:
    #####: 9682:  ret = regex_compile (pattern, length, re_syntax_options, bufp);
call    0 never executed
        -: 9683:
    #####: 9684:  if (!ret)
branch  0 never executed
branch  1 never executed
    #####: 9685:    return NULL;
    #####: 9686:  return gettext (re_error_msgid[(int) ret]);
        -: 9687:}
        -: 9688:#ifdef _LIBC
        -: 9689:weak_alias (__re_compile_pattern, re_compile_pattern)
        -: 9690:#endif
        -: 9691:
        -: 9692:/* Entry points compatible with 4.2 BSD regex library.  We don't define
        -: 9693:   them unless specifically requested.  */
        -: 9694:
        -: 9695:#if defined _REGEX_RE_COMP || defined _LIBC
        -: 9696:
        -: 9697:/* BSD has one and only one pattern buffer.  */
        -: 9698:static struct re_pattern_buffer re_comp_buf;
        -: 9699:
        -: 9700:char *
        -: 9701:#ifdef _LIBC
        -: 9702:/* Make these definitions weak in libc, so POSIX programs can redefine
        -: 9703:   these names if they don't use our functions, and still use
        -: 9704:   regcomp/regexec below without link errors.  */
        -: 9705:weak_function
        -: 9706:#endif
        -: 9707:re_comp (s)
        -: 9708:    const char *s;
        -: 9709:{
        -: 9710:  reg_errcode_t ret;
        -: 9711:
        -: 9712:  if (!s)
        -: 9713:    {
        -: 9714:      if (!re_comp_buf.buffer)
        -: 9715:	return gettext ("No previous regular expression");
        -: 9716:      return 0;
        -: 9717:    }
        -: 9718:
        -: 9719:  if (!re_comp_buf.buffer)
        -: 9720:    {
        -: 9721:      re_comp_buf.buffer = (unsigned char *) malloc (200);
        -: 9722:      if (re_comp_buf.buffer == NULL)
        -: 9723:        return gettext (re_error_msgid[(int) REG_ESPACE]);
        -: 9724:      re_comp_buf.allocated = 200;
        -: 9725:
        -: 9726:      re_comp_buf.fastmap = (char *) malloc (1 << BYTEWIDTH);
        -: 9727:      if (re_comp_buf.fastmap == NULL)
        -: 9728:	return gettext (re_error_msgid[(int) REG_ESPACE]);
        -: 9729:    }
        -: 9730:
        -: 9731:  /* Since `re_exec' always passes NULL for the `regs' argument, we
        -: 9732:     don't need to initialize the pattern buffer fields which affect it.  */
        -: 9733:
        -: 9734:  /* Match anchors at newlines.  */
        -: 9735:  re_comp_buf.newline_anchor = 1;
        -: 9736:
        -: 9737:  ret = regex_compile (s, strlen (s), re_syntax_options, &re_comp_buf);
        -: 9738:
        -: 9739:  if (!ret)
        -: 9740:    return NULL;
        -: 9741:
        -: 9742:  /* Yes, we're discarding `const' here if !HAVE_LIBINTL.  */
        -: 9743:  return (char *) gettext (re_error_msgid[(int) ret]);
        -: 9744:}
        -: 9745:
        -: 9746:
        -: 9747:int
        -: 9748:#ifdef _LIBC
        -: 9749:weak_function
        -: 9750:#endif
        -: 9751:re_exec (s)
        -: 9752:    const char *s;
        -: 9753:{
        -: 9754:  const int len = strlen (s);
        -: 9755:  return
        -: 9756:    0 <= re_search (&re_comp_buf, s, len, 0, len, (struct re_registers *) 0);
        -: 9757:}
        -: 9758:
        -: 9759:#endif /* _REGEX_RE_COMP */
        -: 9760:
        -: 9761:/* POSIX.2 functions.  Don't define these for Emacs.  */
        -: 9762:
        -: 9763:#ifndef emacs
        -: 9764:
        -: 9765:/* regcomp takes a regular expression as a string and compiles it.
        -: 9766:
        -: 9767:   PREG is a regex_t *.  We do not expect any fields to be initialized,
        -: 9768:   since POSIX says we shouldn't.  Thus, we set
        -: 9769:
        -: 9770:     `buffer' to the compiled pattern;
        -: 9771:     `used' to the length of the compiled pattern;
        -: 9772:     `syntax' to RE_SYNTAX_POSIX_EXTENDED if the
        -: 9773:       REG_EXTENDED bit in CFLAGS is set; otherwise, to
        -: 9774:       RE_SYNTAX_POSIX_BASIC;
        -: 9775:     `newline_anchor' to REG_NEWLINE being set in CFLAGS;
        -: 9776:     `fastmap' and `fastmap_accurate' to zero;
        -: 9777:     `re_nsub' to the number of subexpressions in PATTERN.
        -: 9778:
        -: 9779:   PATTERN is the address of the pattern string.
        -: 9780:
        -: 9781:   CFLAGS is a series of bits which affect compilation.
        -: 9782:
        -: 9783:     If REG_EXTENDED is set, we use POSIX extended syntax; otherwise, we
        -: 9784:     use POSIX basic syntax.
        -: 9785:
        -: 9786:     If REG_NEWLINE is set, then . and [^...] don't match newline.
        -: 9787:     Also, regexec will try a match beginning after every newline.
        -: 9788:
        -: 9789:     If REG_ICASE is set, then we considers upper- and lowercase
        -: 9790:     versions of letters to be equivalent when matching.
        -: 9791:
        -: 9792:     If REG_NOSUB is set, then when PREG is passed to regexec, that
        -: 9793:     routine will report only success or failure, and nothing about the
        -: 9794:     registers.
        -: 9795:
        -: 9796:   It returns 0 if it succeeds, nonzero if it doesn't.  (See regex-gnu.h for
        -: 9797:   the return codes and their meanings.)  */
        -: 9798:
        -: 9799:int
function regcomp called 622 returned 100% blocks executed 52%
      622: 9800:regcomp (preg, pattern, cflags)
        -: 9801:    regex_t *preg;
        -: 9802:    const char *pattern;
        -: 9803:    int cflags;
        -: 9804:{
        -: 9805:  reg_errcode_t ret;
      622: 9806:  reg_syntax_t syntax
      622: 9807:    = (cflags & REG_EXTENDED) ?
      622: 9808:      RE_SYNTAX_POSIX_EXTENDED : RE_SYNTAX_POSIX_BASIC;
branch  0 taken 1 (fallthrough)
branch  1 taken 621
        -: 9809:
        -: 9810:  /* regex_compile will allocate the space for the compiled pattern.  */
      622: 9811:  preg->buffer = 0;
      622: 9812:  preg->allocated = 0;
      622: 9813:  preg->used = 0;
        -: 9814:
        -: 9815:  /* Don't bother to use a fastmap when searching.  This simplifies the
        -: 9816:     REG_NEWLINE case: if we used a fastmap, we'd have to put all the
        -: 9817:     characters after newlines into the fastmap.  This way, we just try
        -: 9818:     every character.  */
      622: 9819:  preg->fastmap = 0;
        -: 9820:
      622: 9821:  if (cflags & REG_ICASE)
branch  0 taken 0 (fallthrough)
branch  1 taken 622
        -: 9822:    {
        -: 9823:      unsigned i;
        -: 9824:
        -: 9825:      preg->translate
    #####: 9826:	= (RE_TRANSLATE_TYPE) malloc (CHAR_SET_SIZE
        -: 9827:				      * sizeof (*(RE_TRANSLATE_TYPE)0));
        -: 9828:    #ifndef FAULTY_F_AG_14
    #####: 9829:      if (preg->translate == NULL)
branch  0 never executed
branch  1 never executed
        -: 9830:    #else
        -: 9831:      if (preg->translate = NULL)
        -: 9832:    #endif
    #####: 9833:        return (int) REG_ESPACE;
        -: 9834:
        -: 9835:      /* Map uppercase characters to corresponding lowercase ones.  */
    #####: 9836:      for (i = 0; i < CHAR_SET_SIZE; i++)
branch  0 never executed
branch  1 never executed
    #####: 9837:        preg->translate[i] = ISUPPER (i) ? tolower (i) : i;
branch  0 never executed
branch  1 never executed
        -: 9838:    }
        -: 9839:  else
      622: 9840:    preg->translate = NULL;
        -: 9841:
        -: 9842:  /* If REG_NEWLINE is set, newlines are treated differently.  */
      622: 9843:  if (cflags & REG_NEWLINE)
branch  0 taken 0 (fallthrough)
branch  1 taken 622
        -: 9844:    { /* REG_NEWLINE implies neither . nor [^...] match newline.  */
    #####: 9845:      syntax &= ~RE_DOT_NEWLINE;
    #####: 9846:      syntax |= RE_HAT_LISTS_NOT_NEWLINE;
        -: 9847:      /* It also changes the matching behavior.  */
    #####: 9848:      preg->newline_anchor = 1;
        -: 9849:    }
        -: 9850:  else
      622: 9851:    preg->newline_anchor = 0;
        -: 9852:
      622: 9853:  preg->no_sub = !!(cflags & REG_NOSUB);
        -: 9854:
        -: 9855:  /* POSIX says a null character in the pattern terminates it, so we
        -: 9856:     can use strlen here in compiling the pattern.  */
      622: 9857:  ret = regex_compile (pattern, strlen (pattern), syntax, preg);
call    0 returned 622
        -: 9858:
        -: 9859:  /* POSIX doesn't distinguish between an unmatched open-group and an
        -: 9860:     unmatched close-group: both are REG_EPAREN.  */
     622*: 9861:  if (ret == REG_ERPAREN) ret = REG_EPAREN;
branch  0 taken 0 (fallthrough)
branch  1 taken 622
        -: 9862:
      622: 9863:  return (int) ret;
        -: 9864:}
        -: 9865:#ifdef _LIBC
        -: 9866:weak_alias (__regcomp, regcomp)
        -: 9867:#endif
        -: 9868:
        -: 9869:
        -: 9870:/* regnexec searches for a given pattern, specified by PREG, in the
        -: 9871:   memory buffer STRING of lengthe LEN.
        -: 9872:
        -: 9873:   If NMATCH is zero or REG_NOSUB was set in the cflags argument to
        -: 9874:   `regcomp', we ignore PMATCH.  Otherwise, we assume PMATCH has at
        -: 9875:   least NMATCH elements, and we set them to the offsets of the
        -: 9876:   corresponding matched substrings.
        -: 9877:
        -: 9878:   EFLAGS specifies `execution flags' which affect matching: if
        -: 9879:   REG_NOTBOL is set, then ^ does not match at the beginning of the
        -: 9880:   string; if REG_NOTEOL is set, then $ does not match at the end.
        -: 9881:
        -: 9882:   We return 0 if we find a match and REG_NOMATCH if not.  */
        -: 9883:
        -: 9884:int
function regnexec called 46417 returned 100% blocks executed 95%
    46417: 9885:regnexec (preg, string, len, nmatch, pmatch, eflags)
        -: 9886:    const regex_t *preg;
        -: 9887:    const char *string;
        -: 9888:    size_t len;
        -: 9889:    size_t nmatch;
        -: 9890:    regmatch_t pmatch[];
        -: 9891:    int eflags;
        -: 9892:{
        -: 9893:  int ret;
        -: 9894:  struct re_registers regs;
        -: 9895:  regex_t private_preg;
    46417: 9896:  boolean want_reg_info = !preg->no_sub && nmatch > 0;
branch  0 taken 14521 (fallthrough)
branch  1 taken 31896
branch  2 taken 14521 (fallthrough)
branch  3 taken 0
        -: 9897:
    46417: 9898:  private_preg = *preg;
        -: 9899:
    46417: 9900:  private_preg.not_bol = !!(eflags & REG_NOTBOL);
    46417: 9901:  private_preg.not_eol = !!(eflags & REG_NOTEOL);
        -: 9902:
        -: 9903:  /* The user has told us exactly how many registers to return
        -: 9904:     information about, via `nmatch'.  We have to pass that on to the
        -: 9905:     matching routines.  */
    46417: 9906:  private_preg.regs_allocated = REGS_FIXED;
        -: 9907:
    46417: 9908:  if (want_reg_info)
branch  0 taken 14521 (fallthrough)
branch  1 taken 31896
        -: 9909:    {
    14521: 9910:      regs.num_regs = nmatch;
    14521: 9911:      regs.start = TALLOC (nmatch, regoff_t);
    14521: 9912:      regs.end = TALLOC (nmatch, regoff_t);
        -: 9913:      #ifndef FAULTY_F_AG_13
    14521: 9914:      if (regs.start == NULL || regs.end == NULL)
branch  0 taken 14521 (fallthrough)
branch  1 taken 0
branch  2 taken 0 (fallthrough)
branch  3 taken 14521
        -: 9915:      #else
        -: 9916:      if (regs.start == NULL || regs.end == 0)
        -: 9917:      #endif
    #####: 9918:        return (int) REG_NOMATCH;
        -: 9919:    }
        -: 9920:
        -: 9921:  /* Perform the searching operation.  */
    46417: 9922:  ret = re_search (&private_preg, string, len,
branch  0 taken 14521 (fallthrough)
branch  1 taken 31896
call    2 returned 46417
        -: 9923:                   /* start: */ 0, /* range: */ len,
        -: 9924:                   want_reg_info ? &regs : (struct re_registers *) 0);
        -: 9925:
        -: 9926:  /* Copy the register information to the POSIX structure.  */
    46417: 9927:  if (want_reg_info)
branch  0 taken 14521 (fallthrough)
branch  1 taken 31896
        -: 9928:    {
    14521: 9929:      if (ret >= 0)
branch  0 taken 3491 (fallthrough)
branch  1 taken 11030
        -: 9930:        {
        -: 9931:          unsigned r;
        -: 9932:
    38401: 9933:          for (r = 0; r < nmatch; r++)
branch  0 taken 34910
branch  1 taken 3491 (fallthrough)
        -: 9934:            {
    34910: 9935:              pmatch[r].rm_so = regs.start[r];
    34910: 9936:              pmatch[r].rm_eo = regs.end[r];
        -: 9937:            }
        -: 9938:        }
        -: 9939:
        -: 9940:      /* If we needed the temporary register info, free the space now.  */
    14521: 9941:      free (regs.start);
    14521: 9942:      free (regs.end);
        -: 9943:    }
        -: 9944:
        -: 9945:  /* We want zero return to mean success, unlike `re_search'.  */
    46417: 9946:  return ret >= 0 ? (int) REG_NOERROR : (int) REG_NOMATCH;
        -: 9947:}
        -: 9948:#ifdef _LIBC
        -: 9949:weak_alias (__regnexec, regnexec)
        -: 9950:#endif
        -: 9951:
        -: 9952:/* regexec searches for a given pattern, specified by PREG, in the
        -: 9953:   string STRING.
        -: 9954:
        -: 9955:   If NMATCH is zero or REG_NOSUB was set in the cflags argument to
        -: 9956:   `regcomp', we ignore PMATCH.  Otherwise, we assume PMATCH has at
        -: 9957:   least NMATCH elements, and we set them to the offsets of the
        -: 9958:   corresponding matched substrings.
        -: 9959:
        -: 9960:   EFLAGS specifies `execution flags' which affect matching: if
        -: 9961:   REG_NOTBOL is set, then ^ does not match at the beginning of the
        -: 9962:   string; if REG_NOTEOL is set, then $ does not match at the end.
        -: 9963:
        -: 9964:   We return 0 if we find a match and REG_NOMATCH if not.  */
        -: 9965:
        -: 9966:int
function regexec called 0 returned 0% blocks executed 0%
    #####: 9967:regexec (preg, string, nmatch, pmatch, eflags)
        -: 9968:    const regex_t *preg;
        -: 9969:    const char *string;
        -: 9970:    size_t nmatch;
        -: 9971:    regmatch_t pmatch[];
        -: 9972:    int eflags;
        -: 9973:{
    #####: 9974:  return regnexec(preg, string, strlen(string), nmatch, pmatch, eflags);
call    0 never executed
        -: 9975:}
        -: 9976:#ifdef _LIBC
        -: 9977:weak_alias (__regexec, regexec)
        -: 9978:#endif
        -: 9979:
        -: 9980:
        -: 9981:/* Returns a message corresponding to an error code, ERRCODE, returned
        -: 9982:   from either regcomp or regexec.   We don't use PREG here.  */
        -: 9983:
        -: 9984:size_t
function regerror called 0 returned 0% blocks executed 0%
    #####: 9985:regerror (errcode, preg, errbuf, errbuf_size)
        -: 9986:    int errcode;
        -: 9987:    const regex_t *preg;
        -: 9988:    char *errbuf;
        -: 9989:    size_t errbuf_size;
        -: 9990:{
        -: 9991:  const char *msg;
        -: 9992:  size_t msg_size;
        -: 9993:
    #####: 9994:  if (errcode < 0
branch  0 never executed
branch  1 never executed
    #####: 9995:      || errcode >= (int) (sizeof (re_error_msgid)
branch  0 never executed
branch  1 never executed
        -: 9996:			   / sizeof (re_error_msgid[0])))
        -: 9997:    /* Only error codes returned by the rest of the code should be passed
        -: 9998:       to this routine.  If we are given anything else, or if other regex
        -: 9999:       code generates an invalid error code, then the program has a bug.
        -:10000:       Dump core so we can fix it.  */
    #####:10001:    abort ();
call    0 never executed
        -:10002:
    #####:10003:  msg = gettext (re_error_msgid[errcode]);
        -:10004:
    #####:10005:  msg_size = strlen (msg) + 1; /* Includes the null.  */
        -:10006:
    #####:10007:  if (errbuf_size != 0)
branch  0 never executed
branch  1 never executed
        -:10008:    {
    #####:10009:      if (msg_size > errbuf_size)
branch  0 never executed
branch  1 never executed
        -:10010:        {
        -:10011:#if defined HAVE_MEMPCPY || defined _LIBC
        -:10012:	  *((char *) __mempcpy (errbuf, msg, errbuf_size - 1)) = '\0';
        -:10013:#else
    #####:10014:          memcpy (errbuf, msg, errbuf_size - 1);
    #####:10015:          errbuf[errbuf_size - 1] = 0;
        -:10016:#endif
        -:10017:        }
        -:10018:      else
    #####:10019:        memcpy (errbuf, msg, msg_size);
        -:10020:    }
        -:10021:
    #####:10022:  return msg_size;
        -:10023:}
        -:10024:#ifdef _LIBC
        -:10025:weak_alias (__regerror, regerror)
        -:10026:#endif
        -:10027:
        -:10028:
        -:10029:/* Free dynamically allocated space used by PREG.  */
        -:10030:
        -:10031:void
function regfree called 0 returned 0% blocks executed 0%
    #####:10032:regfree (preg)
        -:10033:    regex_t *preg;
        -:10034:{
    #####:10035:  if (preg->buffer != NULL)
branch  0 never executed
branch  1 never executed
    #####:10036:    free (preg->buffer);
    #####:10037:  preg->buffer = NULL;
        -:10038:
    #####:10039:  preg->allocated = 0;
    #####:10040:  preg->used = 0;
        -:10041:
    #####:10042:  if (preg->fastmap != NULL)
branch  0 never executed
branch  1 never executed
    #####:10043:    free (preg->fastmap);
    #####:10044:  preg->fastmap = NULL;
    #####:10045:  preg->fastmap_accurate = 0;
        -:10046:
    #####:10047:  if (preg->translate != NULL)
branch  0 never executed
branch  1 never executed
    #####:10048:    free (preg->translate);
    #####:10049:  preg->translate = NULL;
    #####:10050:}
        -:10051:#ifdef _LIBC
        -:10052:weak_alias (__regfree, regfree)
        -:10053:#endif
        -:10054:
        -:10055:#endif /* not emacs  */
