        -:    0:Source:gzip.c
        -:    0:Graph:gzip.gcno
        -:    0:Data:gzip.gcda
        -:    0:Runs:214
        -:    1:#include "crypt.h"
        -:    2:#include "getopt.h"
        -:    3:#include "gzip.h"
        -:    4:#include "lzw.h"
        -:    5:#include "tailor.h"
        -:    6:#include "revision.h"
        -:    7:
        -:    8:#include <stdio.h>
        -:    9:#include <ctype.h>
        -:   10:#include <sys/types.h>
        -:   11:#include <sys/stat.h>
        -:   12:#include <errno.h>
        -:   13:#include <signal.h>
        -:   14:
        -:   15:#define LINUX 1 
        -:   16:
        -:   17:/* bits.c -- output variable-length bit strings
        -:   18: * Copyright (C) 1992-1993 Jean-loup Gailly
        -:   19: * This is free software; you can redistribute it and/or modify it under the
        -:   20: * terms of the GNU General Public License, see the file COPYING.
        -:   21: */
        -:   22:
        -:   23:
        -:   24:/*
        -:   25: *  PURPOSE
        -:   26: *
        -:   27: *      Output variable-length bit strings. Compression can be done
        -:   28: *      to a file or to memory. (The latter is not supported in this version.)
        -:   29: *
        -:   30: *  DISCUSSION
        -:   31: *
        -:   32: *      The PKZIP "deflate" file format interprets compressed file data
        -:   33: *      as a sequence of bits.  Multi-bit strings in the file may cross
        -:   34: *      byte boundaries without restriction.
        -:   35: *
        -:   36: *      The first bit of each byte is the low-order bit.
        -:   37: *
        -:   38: *      The routines in this file allow a variable-length bit value to
        -:   39: *      be output right-to-left (useful for literal values). For
        -:   40: *      left-to-right output (useful for code strings from the tree routines),
        -:   41: *      the bits must have been reversed first with bi_reverse().
        -:   42: *
        -:   43: *      For in-memory compression, the compressed bit stream goes directly
        -:   44: *      into the requested output buffer. The input data is read in blocks
        -:   45: *      by the mem_read() function. The buffer is limited to 64K on 16 bit
        -:   46: *      machines.
        -:   47: *
        -:   48: *  INTERFACE
        -:   49: *
        -:   50: *      void bi_init (FILE *zipfile)
        -:   51: *          Initialize the bit string routines.
        -:   52: *
        -:   53: *      void send_bits (int value, int length)
        -:   54: *          Write out a bit string, taking the source bits right to
        -:   55: *          left.
        -:   56: *
        -:   57: *      int bi_reverse (int value, int length)
        -:   58: *          Reverse the bits of a bit string, taking the source bits left to
        -:   59: *          right and emitting them right to left.
        -:   60: *
        -:   61: *      void bi_windup (void)
        -:   62: *          Write out any remaining bits in an incomplete byte.
        -:   63: *
        -:   64: *      void copy_block(char *buf, unsigned len, int header)
        -:   65: *          Copy a stored block to the zip file, storing first the length and
        -:   66: *          its one's complement if requested.
        -:   67: *
        -:   68: */
        -:   69:
        -:   70:#ifdef DEBUG
        -:   71:#  include <stdio.h>
        -:   72:#endif
        -:   73:
        -:   74:/*
        -:   75:#ifndef lint
        -:   76:static char rcsid[] = "$Id: bits.c,v 0.8 1993/02/04 13:21:06 jloup Exp $";
        -:   77:#endif
        -:   78:*/
        -:   79:
        -:   80:/* ===========================================================================
        -:   81: * Local data used by the "bit string" routines.
        -:   82: */
        -:   83:
        -:   84:local file_t zfile; /* output gzip file */
        -:   85:
        -:   86:local unsigned short bi_buf;
        -:   87:/* Output buffer. bits are inserted starting at the bottom (least significant
        -:   88: * bits).
        -:   89: */
        -:   90:
        -:   91:#define Buf_size (8 * 2*sizeof(char))
        -:   92:/* Number of bits used within bi_buf. (bi_buf might be implemented on
        -:   93: * more than 16 bits on some systems.)
        -:   94: */
        -:   95:
        -:   96:local int bi_valid;
        -:   97:/* Number of valid bits in bi_buf.  All bits above the last valid bit
        -:   98: * are always zero.
        -:   99: */
        -:  100:
        -:  101:int (*read_buf) OF((char *buf, unsigned size)) = file_read;
        -:  102:/* Current input function. Set to mem_read for in-memory compression */
        -:  103:
        -:  104:#ifdef DEBUG
        -:  105:  ulg bits_sent;   /* bit length of the compressed data */
        -:  106:#endif
        -:  107:
        -:  108:/* ===========================================================================
        -:  109: * Initialize the bit string routines.
        -:  110: */
function bi_init called 177 returned 100% blocks executed 100%
      177:  111:void bi_init (zipfile)
        -:  112:    file_t zipfile; /* output zip file, NO_FILE for in-memory compression */
        -:  113:{
      177:  114:    zfile  = zipfile;
      177:  115:    bi_buf = 0;
      177:  116:    bi_valid = 0;
        -:  117:#ifdef DEBUG
        -:  118:    bits_sent = 0L;
        -:  119:#endif
        -:  120:
        -:  121:    /* Set the defaults for file compression. They are set by memcompress
        -:  122:     * for in-memory compression.
        -:  123:     */
      177:  124:    if (zfile != NO_FILE) {
branch  0 taken 177 (fallthrough)
branch  1 taken 0
      177:  125:        read_buf  = file_read;
        -:  126:    }
      177:  127:}
        -:  128:
        -:  129:/* ===========================================================================
        -:  130: * Send a value on a given number of bits.
        -:  131: * IN assertion: length <= 16 and value fits in length bits.
        -:  132: */
function send_bits called 3897254 returned 100% blocks executed 90%
  3897254:  133:void send_bits(value, length)
        -:  134:    int value;  /* value to send */
        -:  135:    int length; /* number of bits */
        -:  136:{
        -:  137:#ifdef DEBUG
        -:  138:    Tracev((stderr," l %2d v %4x ", length, value));
        -:  139:    Assert(length > 0 && length <= 15, "invalid length");
        -:  140:    bits_sent += (ulg)length;
        -:  141:#endif
        -:  142:    /* If not enough room in bi_buf, use (valid) bits from bi_buf and
        -:  143:     * (16 - bi_valid) bits from value, leaving (width - (16-bi_valid))
        -:  144:     * unused bits in value.
        -:  145:     */
  3897254:  146:    if (bi_valid > (int)Buf_size - length) {
branch  0 taken 1166659 (fallthrough)
branch  1 taken 2730595
  1166659:  147:        bi_buf |= (value << bi_valid);
 1166659*:  148:        put_short(bi_buf);
branch  0 taken 1166642 (fallthrough)
branch  1 taken 17
branch  2 taken 0 (fallthrough)
branch  3 taken 17
call    4 never executed
branch  5 taken 17 (fallthrough)
branch  6 taken 0
call    7 returned 17
  1166659:  149:        bi_buf = (ush)value >> (Buf_size - bi_valid);
  1166659:  150:        bi_valid += length - Buf_size;
        -:  151:    } else {
  2730595:  152:        bi_buf |= value << bi_valid;
  2730595:  153:        bi_valid += length;
        -:  154:    }
  3897254:  155:}
        -:  156:
        -:  157:/* ===========================================================================
        -:  158: * Reverse the first len bits of a code, using straightforward code (a faster
        -:  159: * method would use a table)
        -:  160: * IN assertion: 1 <= len <= 15
        -:  161: */
function bi_reverse called 85609 returned 100% blocks executed 100%
    85609:  162:unsigned bi_reverse(code, len)
        -:  163:    unsigned code; /* the value to invert */
        -:  164:    int len;       /* its bit length */
        -:  165:{
    85609:  166:    register unsigned res = 0;
        -:  167:    do {
   676231:  168:        res |= code & 1;
   676231:  169:        code >>= 1, res <<= 1;
   676231:  170:    } while (--len > 0);
branch  0 taken 590622
branch  1 taken 85609 (fallthrough)
    85609:  171:    return res >> 1;
        -:  172:}
        -:  173:
        -:  174:/* ===========================================================================
        -:  175: * Write out any remaining bits in an incomplete byte.
        -:  176: */
function bi_windup called 178 returned 100% blocks executed 55%
      178:  177:void bi_windup()
        -:  178:{
      178:  179:    if (bi_valid > 8) {
branch  0 taken 124 (fallthrough)
branch  1 taken 54
     124*:  180:        put_short(bi_buf);
branch  0 taken 124 (fallthrough)
branch  1 taken 0
branch  2 never executed
branch  3 never executed
call    4 never executed
branch  5 never executed
branch  6 never executed
call    7 never executed
       54:  181:    } else if (bi_valid > 0) {
branch  0 taken 53 (fallthrough)
branch  1 taken 1
      53*:  182:        put_byte(bi_buf);
branch  0 taken 0 (fallthrough)
branch  1 taken 53
call    2 never executed
        -:  183:    }
      178:  184:    bi_buf = 0;
      178:  185:    bi_valid = 0;
        -:  186:#ifdef DEBUG
        -:  187:    bits_sent = (bits_sent+7) & ~7;
        -:  188:#endif
      178:  189:}
        -:  190:
        -:  191:/* ===========================================================================
        -:  192: * Copy a stored block to the zip file, storing first the length and its
        -:  193: * one's complement if requested.
        -:  194: */
function copy_block called 1 returned 100% blocks executed 53%
        1:  195:void copy_block(buf, len, header)
        -:  196:    char     *buf;    /* the input data */
        -:  197:    unsigned len;     /* its length */
        -:  198:    int      header;  /* true if block header must be written */
        -:  199:{
        1:  200:    bi_windup();              /* align on byte boundary */
call    0 returned 1
        -:  201:
        1:  202:    if (header) {
branch  0 taken 1 (fallthrough)
branch  1 taken 0
       1*:  203:        put_short((ush)len);
branch  0 taken 1 (fallthrough)
branch  1 taken 0
branch  2 never executed
branch  3 never executed
call    4 never executed
branch  5 never executed
branch  6 never executed
call    7 never executed
       1*:  204:        put_short((ush)~len);
branch  0 taken 1 (fallthrough)
branch  1 taken 0
branch  2 never executed
branch  3 never executed
call    4 never executed
branch  5 never executed
branch  6 never executed
call    7 never executed
        -:  205:#ifdef DEBUG
        -:  206:        bits_sent += 2*16;
        -:  207:#endif
        -:  208:    }
        -:  209:#ifdef DEBUG
        -:  210:    bits_sent += (ulg)len<<3;
        -:  211:#endif
    12047:  212:    while (len--) {
branch  0 taken 12046
branch  1 taken 1 (fallthrough)
        -:  213:#ifdef CRYPT
        -:  214:        int t;
        -:  215:        if (key) zencode(*buf, t);
        -:  216:#endif
   12046*:  217:        put_byte(*buf++);
branch  0 taken 0 (fallthrough)
branch  1 taken 12046
call    2 never executed
        -:  218:    }
        1:  219:}
        -:  220:/* crypt.c (dummy version) -- do not perform encrytion
        -:  221: * Hardly worth copyrighting :-)
        -:  222: */
        -:  223:/*
        -:  224:#ifndef lint
        -:  225:static char rcsid[] = "$Id: crypt.c,v 0.5 1992/12/21 18:56:56 jloup Exp $";
        -:  226:#endif
        -:  227:*/
        -:  228:/* deflate.c -- compress data using the deflation algorithm
        -:  229: * Copyright (C) 1992-1993 Jean-loup Gailly
        -:  230: * This is free software; you can redistribute it and/or modify it under the
        -:  231: * terms of the GNU General Public License, see the file COPYING.
        -:  232: */
        -:  233:
        -:  234:/*
        -:  235: *  PURPOSE
        -:  236: *
        -:  237: *      Identify new text as repetitions of old text within a fixed-
        -:  238: *      length sliding window trailing behind the new text.
        -:  239: *
        -:  240: *  DISCUSSION
        -:  241: *
        -:  242: *      The "deflation" process depends on being able to identify portions
        -:  243: *      of the input text which are identical to earlier input (within a
        -:  244: *      sliding window trailing behind the input currently being processed).
        -:  245: *
        -:  246: *      The most straightforward technique turns out to be the fastest for
        -:  247: *      most input files: try all possible matches and select the longest.
        -:  248: *      The key feature of this algorithm is that insertions into the string
        -:  249: *      dictionary are very simple and thus fast, and deletions are avoided
        -:  250: *      completely. Insertions are performed at each input character, whereas
        -:  251: *      string matches are performed only when the previous match ends. So it
        -:  252: *      is preferable to spend more time in matches to allow very fast string
        -:  253: *      insertions and avoid deletions. The matching algorithm for small
        -:  254: *      strings is inspired from that of Rabin & Karp. A brute force approach
        -:  255: *      is used to find longer strings when a small match has been found.
        -:  256: *      A similar algorithm is used in comic (by Jan-Mark Wams) and freeze
        -:  257: *      (by Leonid Broukhis).
        -:  258: *         A previous version of this file used a more sophisticated algorithm
        -:  259: *      (by Fiala and Greene) which is guaranteed to run in linear amortized
        -:  260: *      time, but has a larger average cost, uses more memory and is patented.
        -:  261: *      However the F&G algorithm may be faster for some highly redundant
        -:  262: *      files if the parameter max_chain_length (described below) is too large.
        -:  263: *
        -:  264: *  ACKNOWLEDGEMENTS
        -:  265: *
        -:  266: *      The idea of lazy evaluation of matches is due to Jan-Mark Wams, and
        -:  267: *      I found it in 'freeze' written by Leonid Broukhis.
        -:  268: *      Thanks to many info-zippers for bug reports and testing.
        -:  269: *
        -:  270: *  REFERENCES
        -:  271: *
        -:  272: *      APPNOTE.TXT documentation file in PKZIP 1.93a distribution.
        -:  273: *
        -:  274: *      A description of the Rabin and Karp algorithm is given in the book
        -:  275: *         "Algorithms" by R. Sedgewick, Addison-Wesley, p252.
        -:  276: *
        -:  277: *      Fiala,E.R., and Greene,D.H.
        -:  278: *         Data Compression with Finite Windows, Comm.ACM, 32,4 (1989) 490-595
        -:  279: *
        -:  280: *  INTERFACE
        -:  281: *
        -:  282: *      void lm_init (int pack_level, ush *flags)
        -:  283: *          Initialize the "longest match" routines for a new file
        -:  284: *
        -:  285: *      ulg deflate (void)
        -:  286: *          Processes a new input file and return its compressed length. Sets
        -:  287: *          the compressed length, crc, deflate flags and internal file
        -:  288: *          attributes.
        -:  289: */
        -:  290:
        -:  291:/*
        -:  292:#ifndef lint
        -:  293:static char rcsid[] = "$Id: deflate.c,v 0.12 1993/03/04 19:15:33 jloup Exp $";
        -:  294:#endif
        -:  295:*/
        -:  296:
        -:  297:/* ===========================================================================
        -:  298: * Configuration parameters
        -:  299: */
        -:  300:
        -:  301:/* Compile with MEDIUM_MEM to reduce the memory requirements or
        -:  302: * with SMALL_MEM to use as little memory as possible. Use BIG_MEM if the
        -:  303: * entire input file can be held in memory (not possible on 16 bit systems).
        -:  304: * Warning: defining these symbols affects HASH_BITS (see below) and thus
        -:  305: * affects the compression ratio. The compressed output
        -:  306: * is still correct, and might even be smaller in some cases.
        -:  307: */
        -:  308:
        -:  309:#ifdef SMALL_MEM
        -:  310:#   define HASH_BITS  13  /* Number of bits used to hash strings */
        -:  311:#endif
        -:  312:#ifdef MEDIUM_MEM
        -:  313:#   define HASH_BITS  14
        -:  314:#endif
        -:  315:#ifndef HASH_BITS
        -:  316:#   define HASH_BITS  15
        -:  317:   /* For portability to 16 bit machines, do not use values above 15. */
        -:  318:#endif
        -:  319:
        -:  320:/* To save space (see unlzw.c), we overlay prev+head with tab_prefix and
        -:  321: * window with tab_suffix. Check that we can do this:
        -:  322: */
        -:  323:#if WSIZE<<1 > 1<<BITS
        -:  324:   error: cannot overlay window with tab_suffix and prev with tab_prefix0
        -:  325:#endif
        -:  326:#if HASH_BITS > BITS-1
        -:  327:   error: cannot overlay head with tab_prefix1
        -:  328:#endif
        -:  329:
        -:  330:#define HASH_SIZE (unsigned)(1<<HASH_BITS)
        -:  331:#define HASH_MASK (HASH_SIZE-1)
        -:  332:#define WMASK     (WSIZE-1)
        -:  333:/* HASH_SIZE and WSIZE must be powers of two */
        -:  334:
        -:  335:#define NIL 0
        -:  336:/* Tail of hash chains */
        -:  337:
        -:  338:#define FAST 4
        -:  339:#define SLOW 2
        -:  340:/* speed options for the general purpose bit flag */
        -:  341:
        -:  342:#ifndef TOO_FAR
        -:  343:#  define TOO_FAR 4096
        -:  344:#endif
        -:  345:/* Matches of length 3 are discarded if their distance exceeds TOO_FAR */
        -:  346:
        -:  347:/* ===========================================================================
        -:  348: * Local data used by the "longest match" routines.
        -:  349: */
        -:  350:
        -:  351:typedef ush Pos;
        -:  352:typedef unsigned IPos;
        -:  353:/* A Pos is an index in the character window. We use short instead of int to
        -:  354: * save space in the various tables. IPos is used only for parameter passing.
        -:  355: */
        -:  356:
        -:  357:/* DECLARE(uch, window, 2L*WSIZE); */
        -:  358:/* Sliding window. Input bytes are read into the second half of the window,
        -:  359: * and move to the first half later to keep a dictionary of at least WSIZE
        -:  360: * bytes. With this organization, matches are limited to a distance of
        -:  361: * WSIZE-MAX_MATCH bytes, but this ensures that IO is always
        -:  362: * performed with a length multiple of the block size. Also, it limits
        -:  363: * the window size to 64K, which is quite useful on MSDOS.
        -:  364: * To do: limit the window size to WSIZE+BSZ if SMALL_MEM (the code would
        -:  365: * be less efficient).
        -:  366: */
        -:  367:
        -:  368:/* DECLARE(Pos, prev, WSIZE); */
        -:  369:/* Link to older string with same hash index. To limit the size of this
        -:  370: * array to 64K, this link is maintained only for the last 32K strings.
        -:  371: * An index in this array is thus a window index modulo 32K.
        -:  372: */
        -:  373:
        -:  374:/* DECLARE(Pos, head, 1<<HASH_BITS); */
        -:  375:/* Heads of the hash chains or NIL. */
        -:  376:
        -:  377:ulg window_size = (ulg)2*WSIZE;
        -:  378:/* window size, 2*WSIZE except for MMAP or BIG_MEM, where it is the
        -:  379: * input file length plus MIN_LOOKAHEAD.
        -:  380: */
        -:  381:
        -:  382:long block_start;
        -:  383:/* window position at the beginning of the current output block. Gets
        -:  384: * negative when the window is moved backwards.
        -:  385: */
        -:  386:
        -:  387:local unsigned ins_h;  /* hash index of string to be inserted */
        -:  388:
        -:  389:#define H_SHIFT  ((HASH_BITS+MIN_MATCH-1)/MIN_MATCH)
        -:  390:/* Number of bits by which ins_h and del_h must be shifted at each
        -:  391: * input step. It must be such that after MIN_MATCH steps, the oldest
        -:  392: * byte no longer takes part in the hash key, that is:
        -:  393: *   H_SHIFT * MIN_MATCH >= HASH_BITS
        -:  394: */
        -:  395:
        -:  396:unsigned int near prev_length;
        -:  397:/* Length of the best match at previous step. Matches not greater than this
        -:  398: * are discarded. This is used in the lazy match evaluation.
        -:  399: */
        -:  400:
        -:  401:      unsigned near strstart;      /* start of string to insert */
        -:  402:      unsigned near match_start;   /* start of matching string */
        -:  403:local int           eofile;        /* flag set at end of input file */
        -:  404:local unsigned      lookahead;     /* number of valid bytes ahead in window */
        -:  405:
        -:  406:unsigned near max_chain_length;
        -:  407:/* To speed up deflation, hash chains are never searched beyond this length.
        -:  408: * A higher limit improves compression ratio but degrades the speed.
        -:  409: */
        -:  410:
        -:  411:local unsigned int max_lazy_match;
        -:  412:/* Attempt to find a better match only when the current match is strictly
        -:  413: * smaller than this value.
        -:  414: */
        -:  415:
        -:  416:int near good_match;
        -:  417:/* Use a faster search when the previous match is longer than this */
        -:  418:
        -:  419:
        -:  420:/* Values for max_lazy_match, good_match and max_chain_length, depending on
        -:  421: * the desired pack level (0..9). The values given below have been tuned to
        -:  422: * exclude worst case performance for pathological files. Better values may be
        -:  423: * found for specific files.
        -:  424: */
        -:  425:
        -:  426:typedef struct config {
        -:  427:   ush good_length; /* reduce lazy search above this match length */
        -:  428:   ush max_lazy;    /* do not perform lazy search above this match length */
        -:  429:   ush nice_length; /* quit search above this match length */
        -:  430:   ush max_chain;
        -:  431:} config;
        -:  432:
        -:  433:#ifdef  FULL_SEARCH
        -:  434:# define nice_match MAX_MATCH
        -:  435:#else
        -:  436:  int near nice_match; /* Stop searching when current match exceeds this */
        -:  437:#endif
        -:  438:
        -:  439:local config configuration_table[10] = {
        -:  440:/*      good lazy nice chain */
        -:  441:/* 0 */ {0,    0,  0,    0},  /* store only */
        -:  442:/* 1 */ {4,    4, 16,   16},  /* maximum speed */
        -:  443:/* 2 */ {6,    8, 16,   16},
        -:  444:/* 3 */ {8,   16, 32,   32},
        -:  445:/* 4 */ {8,   16, 64,   64},
        -:  446:/* 5 */ {8,   16, 128, 128},
        -:  447:/* 6 */ {8,   32, 128, 256},
        -:  448:/* 7 */ {8,   64, 128, 512},
        -:  449:/* 8 */ {32, 128, 258, 1024},
        -:  450:/* 9 */ {32, 258, 258, 4096}}; /* maximum compression */
        -:  451:
        -:  452:/* Note: the current code requires max_lazy >= MIN_MATCH and max_chain >= 4
        -:  453: * but these restrictions can easily be removed at a small cost.
        -:  454: */
        -:  455:
        -:  456:#define EQUAL 0
        -:  457:/* result of memcmp for equal strings */
        -:  458:
        -:  459:/* ===========================================================================
        -:  460: *  Prototypes for local functions.
        -:  461: */
        -:  462:local void fill_window   OF((void));
        -:  463:      int  longest_match OF((IPos cur_match));
        -:  464:#ifdef ASMV
        -:  465:      void match_init OF((void)); /* asm code initialization */
        -:  466:#endif
        -:  467:
        -:  468:#ifdef DEBUG
        -:  469:local  void check_match OF((IPos start, IPos match, int length));
        -:  470:#endif
        -:  471:
        -:  472:/* ===========================================================================
        -:  473: * Update a hash value with the given input byte
        -:  474: * IN  assertion: all calls to to UPDATE_HASH are made with consecutive
        -:  475: *    input characters, so that a running hash key can be computed from the
        -:  476: *    previous key instead of complete recalculation each time.
        -:  477: */
        -:  478:#define UPDATE_HASH(h,c) (h = (((h)<<H_SHIFT) ^ (c)) & HASH_MASK)
        -:  479:
        -:  480:/* ===========================================================================
        -:  481: * Insert string s in the dictionary and set match_head to the previous head
        -:  482: * of the hash chain (the most recent string with same hash key). Return
        -:  483: * the previous length of the hash chain.
        -:  484: * IN  assertion: all calls to to INSERT_STRING are made with consecutive
        -:  485: *    input characters and the first MIN_MATCH bytes of s are valid
        -:  486: *    (except for the last MIN_MATCH-1 bytes of the input file).
        -:  487: */
        -:  488:#define INSERT_STRING(s, match_head) \
        -:  489:   (UPDATE_HASH(ins_h, window[(s) + MIN_MATCH-1]), \
        -:  490:    prev[(s) & WMASK] = match_head = head[ins_h], \
        -:  491:    head[ins_h] = (s))
        -:  492:
        -:  493:/* ===========================================================================
        -:  494: * Initialize the "longest match" routines for a new file
        -:  495: */
function lm_init called 177 returned 100% blocks executed 84%
      177:  496:void lm_init (pack_level, flags)
        -:  497:    int pack_level; /* 0: store, 1: best speed, 9: best compression */
        -:  498:    ush *flags;     /* general purpose bit flag */
        -:  499:{
        -:  500:    register unsigned j;
        -:  501:
     177*:  502:    if (pack_level < 1 || pack_level > 9) error("bad pack level");
branch  0 taken 177 (fallthrough)
branch  1 taken 0
branch  2 taken 0 (fallthrough)
branch  3 taken 177
call    4 never executed
        -:  503:
        -:  504:    /* Initialize the hash table. */
        -:  505:#if defined(MAXSEG_64K) && HASH_BITS == 15
        -:  506:    for (j = 0;  j < HASH_SIZE; j++) head[j] = NIL;
        -:  507:#else
      177:  508:    memzero(head, HASH_SIZE*sizeof(*head));
        -:  509:#endif
        -:  510:    /* prev will be initialized on the fly */
        -:  511:
        -:  512:    /* Set the default configuration parameters:
        -:  513:     */
      177:  514:    max_lazy_match   = configuration_table[pack_level].max_lazy;
      177:  515:    good_match       = configuration_table[pack_level].good_length;
        -:  516:#ifndef FULL_SEARCH
      177:  517:    nice_match       = configuration_table[pack_level].nice_length;
        -:  518:#endif
      177:  519:    max_chain_length = configuration_table[pack_level].max_chain;
      177:  520:    if (pack_level == 1) {
branch  0 taken 17 (fallthrough)
branch  1 taken 160
       17:  521:       *flags |= FAST;
      160:  522:    } else if (pack_level == 9) {
branch  0 taken 17 (fallthrough)
branch  1 taken 143
       17:  523:       *flags |= SLOW;
        -:  524:    }
        -:  525:    /* ??? reduce max_chain_length for binary files */
        -:  526:
      177:  527:    strstart = 0;
      177:  528:    block_start = 0L;
        -:  529:#ifdef ASMV
        -:  530:    match_init(); /* initialize the asm code */
        -:  531:#endif
        -:  532:
        -:  533:#ifdef MAXSEG_64K
        -:  534:    /* Can't read a 64K block */
        -:  535:    lookahead = read_buf((char*)window, (unsigned)WSIZE);
        -:  536:#else
      177:  537:    lookahead = read_buf((char*)window, 2*WSIZE);
call    0 returned 177
        -:  538:#endif
      177:  539:    if (lookahead == 0 || lookahead == (unsigned)EOF) {
branch  0 taken 176 (fallthrough)
branch  1 taken 1
branch  2 taken 3 (fallthrough)
branch  3 taken 173
        4:  540:       eofile = 1, lookahead = 0;
        4:  541:       return;
        -:  542:    }
      173:  543:    eofile = 0;
        -:  544:    /* Make sure that we always have enough lookahead. This is important
        -:  545:     * if input comes from a device such as a tty.
        -:  546:     */
     173*:  547:    while (lookahead < MIN_LOOKAHEAD && !eofile) fill_window();
call    0 never executed
branch  1 taken 0 (fallthrough)
branch  2 taken 173
branch  3 never executed
branch  4 never executed
        -:  548:
      173:  549:    ins_h = 0;
      519:  550:    for (j=0; j<MIN_MATCH-1; j++) UPDATE_HASH(ins_h, window[j]);
branch  0 taken 346
branch  1 taken 173 (fallthrough)
        -:  551:    /* If lookahead < MIN_MATCH, ins_h is garbage, but this is
        -:  552:     * not important since only literal bytes will be emitted.
        -:  553:     */
        -:  554:}
        -:  555:
        -:  556:/* ===========================================================================
        -:  557: * Set match_start to the longest match starting at the given string and
        -:  558: * return its length. Matches shorter or equal to prev_length are discarded,
        -:  559: * in which case the result is equal to prev_length and match_start is
        -:  560: * garbage.
        -:  561: * IN assertions: cur_match is the head of the hash chain for the current
        -:  562: *   string (strstart) and its distance is <= MAX_DIST, and prev_length >= 1
        -:  563: */
        -:  564:#ifndef ASMV
        -:  565:/* For MSDOS, OS/2 and 386 Unix, an optimized version is in match.asm or
        -:  566: * match.s. The code is functionally equivalent, so you can use the C version
        -:  567: * if desired.
        -:  568: */
function longest_match called 2037967 returned 100% blocks executed 100%
  2037967:  569:int longest_match(cur_match)
        -:  570:    IPos cur_match;                             /* current match */
        -:  571:{
  2037967:  572:    unsigned chain_length = max_chain_length;   /* max hash chain length */
  2037967:  573:    register uch *scan = window + strstart;     /* current string */
        -:  574:    register uch *match;                        /* matched string */
        -:  575:    register int len;                           /* length of current match */
  2037967:  576:    int best_len = prev_length;                 /* best match length so far */
  2037967:  577:    IPos limit = strstart > (IPos)MAX_DIST ? strstart - (IPos)MAX_DIST : NIL;
        -:  578:    /* Stop when cur_match becomes <= limit. To simplify the code,
        -:  579:     * we prevent matches with the string of window index 0.
        -:  580:     */
        -:  581:
        -:  582:/* The code is optimized for HASH_BITS >= 8 and MAX_MATCH-2 multiple of 16.
        -:  583: * It is easy to get rid of this optimization if necessary.
        -:  584: */
        -:  585:#if HASH_BITS < 8 || MAX_MATCH != 258
        -:  586:   error: Code too clever
        -:  587:#endif
        -:  588:
        -:  589:#ifdef UNALIGNED_OK
        -:  590:    /* Compare two bytes at a time. Note: this is not always beneficial.
        -:  591:     * Try with and without -DUNALIGNED_OK to check.
        -:  592:     */
        -:  593:    register uch *strend = window + strstart + MAX_MATCH - 1;
        -:  594:    register ush scan_start = *(ush*)scan;
        -:  595:    register ush scan_end   = *(ush*)(scan+best_len-1);
        -:  596:#else
  2037967:  597:    register uch *strend = window + strstart + MAX_MATCH;
  2037967:  598:    register uch scan_end1  = scan[best_len-1];
  2037967:  599:    register uch scan_end   = scan[best_len];
        -:  600:#endif
        -:  601:
        -:  602:    /* Do not waste too much time if we already have a good match: */
  2037967:  603:    if (prev_length >= good_match) {
branch  0 taken 176138 (fallthrough)
branch  1 taken 1861829
   176138:  604:        chain_length >>= 2;
        -:  605:    }
        -:  606:    Assert(strstart <= window_size-MIN_LOOKAHEAD, "insufficient lookahead");
        -:  607:
        -:  608:    do {
        -:  609:        Assert(cur_match < strstart, "no future");
 47018150:  610:        match = window + cur_match;
        -:  611:
        -:  612:        /* Skip to next match if the match length cannot increase
        -:  613:         * or if the match length is less than 2:
        -:  614:         */
        -:  615:#if (defined(UNALIGNED_OK) && MAX_MATCH == 258)
        -:  616:        /* This code assumes sizeof(unsigned short) == 2. Do not use
        -:  617:         * UNALIGNED_OK if your compiler uses a different size.
        -:  618:         */
        -:  619:        if (*(ush*)(match+best_len-1) != scan_end ||
        -:  620:            *(ush*)match != scan_start) continue;
        -:  621:
        -:  622:        /* It is not necessary to compare scan[2] and match[2] since they are
        -:  623:         * always equal when the other bytes match, given that the hash keys
        -:  624:         * are equal and that HASH_BITS >= 8. Compare 2 bytes at a time at
        -:  625:         * strstart+3, +5, ... up to strstart+257. We check for insufficient
        -:  626:         * lookahead only every 4th comparison; the 128th check will be made
        -:  627:         * at strstart+257. If MAX_MATCH-2 is not a multiple of 8, it is
        -:  628:         * necessary to put more guard bytes at the end of the window, or
        -:  629:         * to check more often for insufficient lookahead.
        -:  630:         */
        -:  631:        scan++, match++;
        -:  632:        do {
        -:  633:        } while (*(ush*)(scan+=2) == *(ush*)(match+=2) &&
        -:  634:                 *(ush*)(scan+=2) == *(ush*)(match+=2) &&
        -:  635:                 *(ush*)(scan+=2) == *(ush*)(match+=2) &&
        -:  636:                 *(ush*)(scan+=2) == *(ush*)(match+=2) &&
        -:  637:                 scan < strend);
        -:  638:        /* The funny "do {}" generates better code on most compilers */
        -:  639:
        -:  640:        /* Here, scan <= window+strstart+257 */
        -:  641:        Assert(scan <= window+(unsigned)(window_size-1), "wild scan");
        -:  642:        if (*scan == *match) scan++;
        -:  643:
        -:  644:        len = (MAX_MATCH - 1) - (int)(strend-scan);
        -:  645:        scan = strend - (MAX_MATCH-1);
        -:  646:
        -:  647:#else /* UNALIGNED_OK */
        -:  648:
 47018150:  649:        if (match[best_len]   != scan_end  ||
branch  0 taken 6082373 (fallthrough)
branch  1 taken 40935777
  6082373:  650:            match[best_len-1] != scan_end1 ||
branch  0 taken 3081812 (fallthrough)
branch  1 taken 3000561
  3081812:  651:            *match            != *scan     ||
branch  0 taken 2034708 (fallthrough)
branch  1 taken 1047104
 47018150:  652:            *++match          != scan[1])      continue;
branch  0 taken 6279 (fallthrough)
branch  1 taken 2028429
        -:  653:
        -:  654:        /* The check at best_len-1 can be removed because it will be made
        -:  655:         * again later. (This heuristic is not always a win.)
        -:  656:         * It is not necessary to compare scan[2] and match[2] since they
        -:  657:         * are always equal when the other bytes match, given that
        -:  658:         * the hash keys are equal and that HASH_BITS >= 8.
        -:  659:         */
  2028429:  660:        scan += 2, match++;
        -:  661:
        -:  662:        /* We check for insufficient lookahead only every 8th comparison;
        -:  663:         * the 256th check will be made at strstart+258.
        -:  664:         */
        -:  665:        do {
 14341569:  666:        } while (*++scan == *++match && *++scan == *++match &&
branch  0 taken 14011686 (fallthrough)
branch  1 taken 329883
 14011686:  667:                 *++scan == *++match && *++scan == *++match &&
branch  0 taken 13789366 (fallthrough)
branch  1 taken 222320
branch  2 taken 13606744 (fallthrough)
branch  3 taken 182622
 13606744:  668:                 *++scan == *++match && *++scan == *++match &&
branch  0 taken 13478410 (fallthrough)
branch  1 taken 128334
branch  2 taken 13380045 (fallthrough)
branch  3 taken 98365
 15408474:  669:                 *++scan == *++match && *++scan == *++match &&
branch  0 taken 14341569 (fallthrough)
branch  1 taken 541785
branch  2 taken 13313655 (fallthrough)
branch  3 taken 66390
branch  4 taken 13262193 (fallthrough)
branch  5 taken 51462
branch  6 taken 12854925
branch  7 taken 407268 (fallthrough)
        -:  670:                 scan < strend);
        -:  671:
  2028429:  672:        len = MAX_MATCH - (int)(strend - scan);
  2028429:  673:        scan = strend - MAX_MATCH;
        -:  674:
        -:  675:#endif /* UNALIGNED_OK */
        -:  676:
  2028429:  677:        if (len > best_len) {
branch  0 taken 1814543 (fallthrough)
branch  1 taken 213886
  1814543:  678:            match_start = cur_match;
  1814543:  679:            best_len = len;
  1814543:  680:            if (len >= nice_match) break;
branch  0 taken 414382 (fallthrough)
branch  1 taken 1400161
        -:  681:#ifdef UNALIGNED_OK
        -:  682:            scan_end = *(ush*)(scan+best_len-1);
        -:  683:#else
  1400161:  684:            scan_end1  = scan[best_len-1];
  1400161:  685:            scan_end   = scan[best_len];
        -:  686:#endif
        -:  687:        }
 46603768:  688:    } while ((cur_match = prev[cur_match & WMASK]) > limit
 46603768:  689:             && --chain_length != 0);
branch  0 taken 45238724 (fallthrough)
branch  1 taken 1365044
branch  2 taken 44980183
branch  3 taken 258541 (fallthrough)
        -:  690:
  2037967:  691:    return best_len;
        -:  692:}
        -:  693:#endif /* ASMV */
        -:  694:
        -:  695:#ifdef DEBUG
        -:  696:/* ===========================================================================
        -:  697: * Check that the match at match_start is indeed a match.
        -:  698: */
        -:  699:local void check_match(start, match, length)
        -:  700:    IPos start, match;
        -:  701:    int length;
        -:  702:{
        -:  703:    /* check that the match is indeed a match */
        -:  704:    if (memcmp((char*)window + match,
        -:  705:                (char*)window + start, length) != EQUAL) {
        -:  706:        fprintf(stderr,
        -:  707:            " start %d, match %d, length %d\n",
        -:  708:            start, match, length);
        -:  709:        error("invalid match");
        -:  710:    }
        -:  711:    if (verbose > 1) {
        -:  712:        fprintf(stderr,"\\[%d,%d]", start-match, length);
        -:  713:        do { putc(window[start++], stderr); } while (--length != 0);
        -:  714:    }
        -:  715:}
        -:  716:#else
        -:  717:#  define check_match(start, match, length)
        -:  718:#endif
        -:  719:
        -:  720:/* ===========================================================================
        -:  721: * Fill the window when the lookahead becomes insufficient.
        -:  722: * Updates strstart and lookahead, and sets eofile if end of input file.
        -:  723: * IN assertion: lookahead < MIN_LOOKAHEAD && strstart + lookahead > 0
        -:  724: * OUT assertions: at least one byte has been read, or eofile is set;
        -:  725: *    file reads are performed for at least two bytes (required for the
        -:  726: *    translate_eol option).
        -:  727: */
function fill_window called 3395 returned 100% blocks executed 96%
     3395:  728:local void fill_window()
        -:  729:{
        -:  730:    register unsigned n, m;
     3395:  731:    unsigned more = (unsigned)(window_size - (ulg)lookahead - (ulg)strstart);
        -:  732:    /* Amount of free space at the end of the window. */
        -:  733:
        -:  734:    /* If the window is almost full and there is insufficient lookahead,
        -:  735:     * move the upper half to the lower one to make room in the upper half.
        -:  736:     */
     3395:  737:    if (more == (unsigned)EOF) {
branch  0 taken 0 (fallthrough)
branch  1 taken 3395
        -:  738:        /* Very unlikely, but possible on 16 bit machine if strstart == 0
        -:  739:         * and lookahead == 1 (input done one byte at time)
        -:  740:         */
    #####:  741:        more--;
     3395:  742:    } else if (strstart >= WSIZE+MAX_DIST) {
branch  0 taken 3223 (fallthrough)
branch  1 taken 172
        -:  743:        /* By the IN assertion, the window is not empty so we can't confuse
        -:  744:         * more == 0 with more == 64K on a 16 bit machine.
        -:  745:         */
        -:  746:        Assert(window_size == (ulg)2*WSIZE, "no sliding with BIG_MEM");
        -:  747:
     3223:  748:        memcpy((char*)window, (char*)window+WSIZE, (unsigned)WSIZE);
     3223:  749:        match_start -= WSIZE;
     3223:  750:        strstart    -= WSIZE; /* we now have strstart >= MAX_DIST: */
        -:  751:
     3223:  752:        block_start -= (long) WSIZE;
        -:  753:
105614487:  754:        for (n = 0; n < HASH_SIZE; n++) {
branch  0 taken 105611264
branch  1 taken 3223 (fallthrough)
105611264:  755:            m = head[n];
105611264:  756:            head[n] = (Pos)(m >= WSIZE ? m-WSIZE : NIL);
branch  0 taken 67185 (fallthrough)
branch  1 taken 105544079
        -:  757:        }
105614487:  758:        for (n = 0; n < WSIZE; n++) {
branch  0 taken 105611264
branch  1 taken 3223 (fallthrough)
105611264:  759:            m = prev[n];
105611264:  760:            prev[n] = (Pos)(m >= WSIZE ? m-WSIZE : NIL);
branch  0 taken 105113304 (fallthrough)
branch  1 taken 497960
        -:  761:            /* If n is not on any hash chain, prev[n] is garbage but
        -:  762:             * its value will never be used.
        -:  763:             */
        -:  764:        }
     3223:  765:        more += WSIZE;
        -:  766:    }
        -:  767:    /* At this point, more >= 2 */
     3395:  768:    if (!eofile) {
branch  0 taken 3395 (fallthrough)
branch  1 taken 0
     3395:  769:        n = read_buf((char*)window+strstart+lookahead, more);
call    0 returned 3395
     3395:  770:        if (n == 0 || n == (unsigned)EOF) {
branch  0 taken 3222 (fallthrough)
branch  1 taken 173
branch  2 taken 0 (fallthrough)
branch  3 taken 3222
      173:  771:            eofile = 1;
        -:  772:        } else {
     3222:  773:            lookahead += n;
        -:  774:        }
        -:  775:    }
     3395:  776:}
        -:  777:
        -:  778:/* ===========================================================================
        -:  779: * Flush the current block, with given end-of-file flag.
        -:  780: * IN assertion: strstart is set to the end of the current match.
        -:  781: */
        -:  782:#define FLUSH_BLOCK(eof) \
        -:  783:   flush_block(block_start >= 0L ? (char*)&window[(unsigned)block_start] : \
        -:  784:                (char*)NULL, (long)strstart - block_start, (eof))
        -:  785:
        -:  786:/* ===========================================================================
        -:  787: * Processes a new input file and return its compressed length.
        -:  788: */
        -:  789:#ifdef NO_LAZY
        -:  790:ulg deflate()
        -:  791:{
        -:  792:    IPos hash_head; /* head of the hash chain */
        -:  793:    int flush;      /* set if current block must be flushed */
        -:  794:    unsigned match_length = 0;  /* length of best match */
        -:  795:
        -:  796:    prev_length = MIN_MATCH-1;
        -:  797:    while (lookahead != 0) {
        -:  798:        /* Insert the string window[strstart .. strstart+2] in the
        -:  799:         * dictionary, and set hash_head to the head of the hash chain:
        -:  800:         */
        -:  801:        INSERT_STRING(strstart, hash_head);
        -:  802:
        -:  803:        /* Find the longest match, discarding those <= prev_length.
        -:  804:         * At this point we have always match_length < MIN_MATCH
        -:  805:         */
        -:  806:        if (hash_head != NIL && strstart - hash_head <= MAX_DIST) {
        -:  807:            /* To simplify the code, we prevent matches with the string
        -:  808:             * of window index 0 (in particular we have to avoid a match
        -:  809:             * of the string with itself at the start of the input file).
        -:  810:             */
        -:  811:            match_length = longest_match (hash_head);
        -:  812:            /* longest_match() sets match_start */
        -:  813:            if (match_length > lookahead) match_length = lookahead;
        -:  814:        }
        -:  815:        if (match_length >= MIN_MATCH) {
        -:  816:            check_match(strstart, match_start, match_length);
        -:  817:
        -:  818:            flush = ct_tally(strstart-match_start, match_length - MIN_MATCH);
        -:  819:
        -:  820:            lookahead -= match_length;
        -:  821:            match_length--; /* string at strstart already in hash table */
        -:  822:            do {
        -:  823:                strstart++;
        -:  824:                INSERT_STRING(strstart, hash_head);
        -:  825:                /* strstart never exceeds WSIZE-MAX_MATCH, so there are
        -:  826:                 * always MIN_MATCH bytes ahead. If lookahead < MIN_MATCH
        -:  827:                 * these bytes are garbage, but it does not matter since the
        -:  828:                 * next lookahead bytes will always be emitted as literals.
        -:  829:                 */
        -:  830:            } while (--match_length != 0);
        -:  831:        } else {
        -:  832:            /* No match, output a literal byte */
        -:  833:            flush = ct_tally (0, window[strstart]);
        -:  834:            lookahead--;
        -:  835:        }
        -:  836:        strstart++;
        -:  837:        if (flush) FLUSH_BLOCK(0), block_start = strstart;
        -:  838:
        -:  839:        /* Make sure that we always have enough lookahead, except
        -:  840:         * at the end of the input file. We need MAX_MATCH bytes
        -:  841:         * for the next match, plus MIN_MATCH bytes to insert the
        -:  842:         * string following the next match.
        -:  843:         */
        -:  844:        while (lookahead < MIN_LOOKAHEAD && !eofile) fill_window();
        -:  845:
        -:  846:    }
        -:  847:    return FLUSH_BLOCK(1); /* eof */
        -:  848:}
        -:  849:#else /* LAZY */
        -:  850:/* ===========================================================================
        -:  851: * Same as above, but achieves better compression. We use a lazy
        -:  852: * evaluation for matches: a match is finally adopted only if there is
        -:  853: * no better match at the next window position.
        -:  854: */
function deflate called 177 returned 100% blocks executed 98%
      177:  855:ulg deflate()
        -:  856:{
        -:  857:    IPos hash_head;          /* head of hash chain */
        -:  858:    IPos prev_match;         /* previous match */
        -:  859:    int flush;               /* set if current block must be flushed */
      177:  860:    int match_available = 0; /* set if previous match exists */
      177:  861:    register unsigned match_length = MIN_MATCH-1; /* length of best match */
        -:  862:#ifdef DEBUG
        -:  863:    extern long isize;        /* byte length of input file, for debug only */
        -:  864:#endif
        -:  865:
        -:  866:    /* Process the input block. */
  2977132:  867:    while (lookahead != 0) {
branch  0 taken 2976955
branch  1 taken 177 (fallthrough)
        -:  868:        /* Insert the string window[strstart .. strstart+2] in the
        -:  869:         * dictionary, and set hash_head to the head of the hash chain:
        -:  870:         */
  2976955:  871:        INSERT_STRING(strstart, hash_head);
        -:  872:
        -:  873:        /* Find the longest match, discarding those <= prev_length.
        -:  874:         */
  2976955:  875:        prev_length = match_length, prev_match = match_start;
  2976955:  876:        match_length = MIN_MATCH-1;
        -:  877:
  2976955:  878:        if (hash_head != NIL && prev_length < max_lazy_match &&
branch  0 taken 2561256 (fallthrough)
branch  1 taken 415699
branch  2 taken 2040626 (fallthrough)
branch  3 taken 520630
  2040626:  879:            strstart - hash_head <= MAX_DIST) {
branch  0 taken 2037967 (fallthrough)
branch  1 taken 2659
        -:  880:            /* To simplify the code, we prevent matches with the string
        -:  881:             * of window index 0 (in particular we have to avoid a match
        -:  882:             * of the string with itself at the start of the input file).
        -:  883:             */
  2037967:  884:            match_length = longest_match (hash_head);
call    0 returned 2037967
        -:  885:            /* longest_match() sets match_start */
  2037967:  886:            if (match_length > lookahead) match_length = lookahead;
branch  0 taken 172 (fallthrough)
branch  1 taken 2037795
        -:  887:
        -:  888:            /* Ignore a length 3 match if it is too distant: */
  2037967:  889:            if (match_length == MIN_MATCH && strstart-match_start > TOO_FAR){
branch  0 taken 241496 (fallthrough)
branch  1 taken 1796471
branch  2 taken 50271 (fallthrough)
branch  3 taken 191225
        -:  890:                /* If prev_match is also MIN_MATCH, match_start is garbage
        -:  891:                 * but we will ignore the current match anyway.
        -:  892:                 */
    50271:  893:                match_length--;
        -:  894:            }
        -:  895:        }
        -:  896:        /* If there was a match at the previous step and the current
        -:  897:         * match is not better, output the previous match:
        -:  898:         */
  2976955:  899:        if (prev_length >= MIN_MATCH && match_length <= prev_length) {
branch  0 taken 1297430 (fallthrough)
branch  1 taken 1679525
branch  2 taken 1182279 (fallthrough)
branch  3 taken 115151
        -:  900:
        -:  901:            check_match(strstart-1, prev_match, prev_length);
        -:  902:
  1182279:  903:            flush = ct_tally(strstart-1-prev_match, prev_length - MIN_MATCH);
call    0 returned 1182279
        -:  904:
        -:  905:            /* Insert in hash table all strings up to the end of the match.
        -:  906:             * strstart-1 and strstart are already inserted.
        -:  907:             */
  1182279:  908:            lookahead -= prev_length-1;
  1182279:  909:            prev_length -= 2;
        -:  910:            do {
108518547:  911:                strstart++;
108518547:  912:                INSERT_STRING(strstart, hash_head);
        -:  913:                /* strstart never exceeds WSIZE-MAX_MATCH, so there are
        -:  914:                 * always MIN_MATCH bytes ahead. If lookahead < MIN_MATCH
        -:  915:                 * these bytes are garbage, but it does not matter since the
        -:  916:                 * next lookahead bytes will always be emitted as literals.
        -:  917:                 */
108518547:  918:            } while (--prev_length != 0);
branch  0 taken 107336268
branch  1 taken 1182279 (fallthrough)
  1182279:  919:            match_available = 0;
  1182279:  920:            match_length = MIN_MATCH-1;
  1182279:  921:            strstart++;
  1182279:  922:            if (flush) FLUSH_BLOCK(0), block_start = strstart;
branch  0 taken 16 (fallthrough)
branch  1 taken 1182263
branch  2 taken 1 (fallthrough)
branch  3 taken 15
call    4 returned 16
        -:  923:
  1794676:  924:        } else if (match_available) {
branch  0 taken 612228 (fallthrough)
branch  1 taken 1182448
        -:  925:            /* If there was no match at the previous position, output a
        -:  926:             * single literal. If there was a match but the current match
        -:  927:             * is longer, truncate the previous match to a single literal.
        -:  928:             */
        -:  929:            Tracevv((stderr,"%c",window[strstart-1]));
   612228:  930:            if (ct_tally (0, window[strstart-1])) {
call    0 returned 612228
branch  1 taken 4 (fallthrough)
branch  2 taken 612224
       4*:  931:                FLUSH_BLOCK(0), block_start = strstart;
branch  0 taken 4 (fallthrough)
branch  1 taken 0
call    2 returned 4
        -:  932:            }
   612228:  933:            strstart++;
   612228:  934:            lookahead--;
        -:  935:        } else {
        -:  936:            /* There is no previous match to compare with, wait for
        -:  937:             * the next step to decide.
        -:  938:             */
  1182448:  939:            match_available = 1;
  1182448:  940:            strstart++;
  1182448:  941:            lookahead--;
        -:  942:        }
        -:  943:        Assert (strstart <= isize && lookahead <= isize, "a bit too far");
        -:  944:
        -:  945:        /* Make sure that we always have enough lookahead, except
        -:  946:         * at the end of the input file. We need MAX_MATCH bytes
        -:  947:         * for the next match, plus MIN_MATCH bytes to insert the
        -:  948:         * string following the next match.
        -:  949:         */
  2980350:  950:        while (lookahead < MIN_LOOKAHEAD && !eofile) fill_window();
call    0 returned 3395
branch  1 taken 22756 (fallthrough)
branch  2 taken 2957594
branch  3 taken 3395
branch  4 taken 19361 (fallthrough)
        -:  951:    }
      177:  952:    if (match_available) ct_tally (0, window[strstart-1]);
branch  0 taken 169 (fallthrough)
branch  1 taken 8
call    2 returned 169
        -:  953:
      177:  954:    return FLUSH_BLOCK(1); /* eof */
branch  0 taken 174 (fallthrough)
branch  1 taken 3
call    2 returned 177
        -:  955:}
        -:  956:#endif /* LAZY */
        -:  957:/* inflate.c -- Not copyrighted 1992 by Mark Adler
        -:  958:   version c10p1, 10 January 1993 */
        -:  959:
        -:  960:/* You can do whatever you like with this source file, though I would
        -:  961:   prefer that if you modify it and redistribute it that you include
        -:  962:   comments to that effect with your name and the date.  Thank you.
        -:  963:   [The history has been moved to the file ChangeLog.]
        -:  964: */
        -:  965:
        -:  966:/*
        -:  967:   Inflate deflated (PKZIP's method 8 compressed) data.  The compression
        -:  968:   method searches for as much of the current string of bytes (up to a
        -:  969:   length of 258) in the previous 32K bytes.  If it doesn't find any
        -:  970:   matches (of at least length 3), it codes the next byte.  Otherwise, it
        -:  971:   codes the length of the matched string and its distance backwards from
        -:  972:   the current position.  There is a single Huffman code that codes both
        -:  973:   single bytes (called "literals") and match lengths.  A second Huffman
        -:  974:   code codes the distance information, which follows a length code.  Each
        -:  975:   length or distance code actually represents a base value and a number
        -:  976:   of "extra" (sometimes zero) bits to get to add to the base value.  At
        -:  977:   the end of each deflated block is a special end-of-block (EOB) literal/
        -:  978:   length code.  The decoding process is basically: get a literal/length
        -:  979:   code; if EOB then done; if a literal, emit the decoded byte; if a
        -:  980:   length then get the distance and emit the referred-to bytes from the
        -:  981:   sliding window of previously emitted data.
        -:  982:
        -:  983:   There are (currently) three kinds of inflate blocks: stored, fixed, and
        -:  984:   dynamic.  The compressor deals with some chunk of data at a time, and
        -:  985:   decides which method to use on a chunk-by-chunk basis.  A chunk might
        -:  986:   typically be 32K or 64K.  If the chunk is uncompressible, then the
        -:  987:   "stored" method is used.  In this case, the bytes are simply stored as
        -:  988:   is, eight bits per byte, with none of the above coding.  The bytes are
        -:  989:   preceded by a count, since there is no longer an EOB code.
        -:  990:
        -:  991:   If the data is compressible, then either the fixed or dynamic methods
        -:  992:   are used.  In the dynamic method, the compressed data is preceded by
        -:  993:   an encoding of the literal/length and distance Huffman codes that are
        -:  994:   to be used to decode this block.  The representation is itself Huffman
        -:  995:   coded, and so is preceded by a description of that code.  These code
        -:  996:   descriptions take up a little space, and so for small blocks, there is
        -:  997:   a predefined set of codes, called the fixed codes.  The fixed method is
        -:  998:   used if the block codes up smaller that way (usually for quite small
        -:  999:   chunks), otherwise the dynamic method is used.  In the latter case, the
        -: 1000:   codes are customized to the probabilities in the current block, and so
        -: 1001:   can code it much better than the pre-determined fixed codes.
        -: 1002:
        -: 1003:   The Huffman codes themselves are decoded using a mutli-level table
        -: 1004:   lookup, in order to maximize the speed of decoding plus the speed of
        -: 1005:   building the decoding tables.  See the comments below that precede the
        -: 1006:   lbits and dbits tuning parameters.
        -: 1007: */
        -: 1008:
        -: 1009:
        -: 1010:/*
        -: 1011:   Notes beyond the 1.93a appnote.txt:
        -: 1012:
        -: 1013:   1. Distance pointers never point before the beginning of the output
        -: 1014:      stream.
        -: 1015:   2. Distance pointers can point back across blocks, up to 32k away.
        -: 1016:   3. There is an implied maximum of 7 bits for the bit length table and
        -: 1017:      15 bits for the actual data.
        -: 1018:   4. If only one code exists, then it is encoded using one bit.  (Zero
        -: 1019:      would be more efficient, but perhaps a little confusing.)  If two
        -: 1020:      codes exist, they are coded using one bit each (0 and 1).
        -: 1021:   5. There is no way of sending zero distance codes--a dummy must be
        -: 1022:      sent if there are none.  (History: a pre 2.0 version of PKZIP would
        -: 1023:      store blocks with no distance codes, but this was discovered to be
        -: 1024:      too harsh a criterion.)  Valid only for 1.93a.  2.04c does allow
        -: 1025:      zero distance codes, which is sent as one code of zero bits in
        -: 1026:      length.
        -: 1027:   6. There are up to 286 literal/length codes.  Code 256 represents the
        -: 1028:      end-of-block.  Note however that the static length tree defines
        -: 1029:      288 codes just to fill out the Huffman codes.  Codes 286 and 287
        -: 1030:      cannot be used though, since there is no length base or extra bits
        -: 1031:      defined for them.  Similarly, there are up to 30 distance codes.
        -: 1032:      However, static trees define 32 codes (all 5 bits) to fill out the
        -: 1033:      Huffman codes, but the last two had better not show up in the data.
        -: 1034:   7. Unzip can check dynamic Huffman blocks for complete code sets.
        -: 1035:      The exception is that a single code would not be complete (see #4).
        -: 1036:   8. The five bits following the block type is really the number of
        -: 1037:      literal codes sent minus 257.
        -: 1038:   9. Length codes 8,16,16 are interpreted as 13 length codes of 8 bits
        -: 1039:      (1+6+6).  Therefore, to output three times the length, you output
        -: 1040:      three codes (1+1+1), whereas to output four times the same length,
        -: 1041:      you only need two codes (1+3).  Hmm.
        -: 1042:  10. In the tree reconstruction algorithm, Code = Code + Increment
        -: 1043:      only if BitLength(i) is not zero.  (Pretty obvious.)
        -: 1044:  11. Correction: 4 Bits: # of Bit Length codes - 4     (4 - 19)
        -: 1045:  12. Note: length code 284 can represent 227-258, but length code 285
        -: 1046:      really is 258.  The last length deserves its own, short code
        -: 1047:      since it gets used a lot in very redundant files.  The length
        -: 1048:      258 is special since 258 - 3 (the min match length) is 255.
        -: 1049:  13. The literal/length and distance code bit lengths are read as a
        -: 1050:      single stream of lengths.  It is possible (and advantageous) for
        -: 1051:      a repeat code (16, 17, or 18) to go across the boundary between
        -: 1052:      the two sets of lengths.
        -: 1053: */
        -: 1054:
        -: 1055:/*
        -: 1056:#ifndef lint
        -: 1057:static char rcsid[] = "$Id: inflate.c,v 0.12 1993/03/18 18:14:56 jloup Exp $";
        -: 1058:#endif
        -: 1059:*/
        -: 1060:
        -: 1061:#define slide window
        -: 1062:
        -: 1063:#if defined(STDC_HEADERS) || !defined(NO_STDLIB_H)
        -: 1064:#  include <sys/types.h>
        -: 1065:#  include <stdlib.h>
        -: 1066:#endif
        -: 1067:
        -: 1068:/* Huffman code lookup table entry--this entry is four bytes for machines
        -: 1069:   that have 16-bit pointers (e.g. PC's in the small or medium model).
        -: 1070:   Valid extra bits are 0..13.  e == 15 is EOB (end of block), e == 16
        -: 1071:   means that v is a literal, 16 < e < 32 means that v is a pointer to
        -: 1072:   the next table, which codes e - 16 bits, and lastly e == 99 indicates
        -: 1073:   an unused code.  If a code with e == 99 is looked up, this implies an
        -: 1074:   error in the data. */
        -: 1075:struct huft {
        -: 1076:  uch e;                /* number of extra bits or operation */
        -: 1077:  uch b;                /* number of bits in this code or subcode */
        -: 1078:  union {
        -: 1079:    ush n;              /* literal, length base, or distance base */
        -: 1080:    struct huft *t;     /* pointer to next level of table */
        -: 1081:  } v;
        -: 1082:};
        -: 1083:
        -: 1084:
        -: 1085:/* Function prototypes */
        -: 1086:int huft_build OF((unsigned *, unsigned, unsigned, ush *, ush *,
        -: 1087:                   struct huft **, int *));
        -: 1088:int huft_free OF((struct huft *));
        -: 1089:int inflate_codes OF((struct huft *, struct huft *, int, int));
        -: 1090:int inflate_stored OF((void));
        -: 1091:int inflate_fixed OF((void));
        -: 1092:int inflate_dynamic OF((void));
        -: 1093:int inflate_block OF((int *));
        -: 1094:int inflate OF((void));
        -: 1095:
        -: 1096:
        -: 1097:/* The inflate algorithm uses a sliding 32K byte window on the uncompressed
        -: 1098:   stream to find repeated byte strings.  This is implemented here as a
        -: 1099:   circular buffer.  The index is updated simply by incrementing and then
        -: 1100:   and'ing with 0x7fff (32K-1). */
        -: 1101:/* It is left to other modules to supply the 32K area.  It is assumed
        -: 1102:   to be usable as if it were declared "uch slide[32768];" or as just
        -: 1103:   "uch *slide;" and then malloc'ed in the latter case.  The definition
        -: 1104:   must be in unzip.h, included above. */
        -: 1105:/* unsigned wp;             current position in slide */
        -: 1106:#define wp outcnt
        -: 1107:#define flush_output(w) (wp=(w),flush_window())
        -: 1108:
        -: 1109:/* Tables for deflate from PKZIP's appnote.txt. */
        -: 1110:static unsigned border[] = {    /* Order of the bit length code lengths */
        -: 1111:        16, 17, 18, 0, 8, 7, 9, 6, 10, 5, 11, 4, 12, 3, 13, 2, 14, 1, 15};
        -: 1112:static ush cplens[] = {         /* Copy lengths for literal codes 257..285 */
        -: 1113:        3, 4, 5, 6, 7, 8, 9, 10, 11, 13, 15, 17, 19, 23, 27, 31,
        -: 1114:        35, 43, 51, 59, 67, 83, 99, 115, 131, 163, 195, 227, 258, 0, 0};
        -: 1115:        /* note: see note #13 above about the 258 in this list. */
        -: 1116:static ush cplext[] = {         /* Extra bits for literal codes 257..285 */
        -: 1117:        0, 0, 0, 0, 0, 0, 0, 0, 1, 1, 1, 1, 2, 2, 2, 2,
        -: 1118:        3, 3, 3, 3, 4, 4, 4, 4, 5, 5, 5, 5, 0, 99, 99}; /* 99==invalid */
        -: 1119:static ush cpdist[] = {         /* Copy offsets for distance codes 0..29 */
        -: 1120:        1, 2, 3, 4, 5, 7, 9, 13, 17, 25, 33, 49, 65, 97, 129, 193,
        -: 1121:        257, 385, 513, 769, 1025, 1537, 2049, 3073, 4097, 6145,
        -: 1122:        8193, 12289, 16385, 24577};
        -: 1123:static ush cpdext[] = {         /* Extra bits for distance codes */
        -: 1124:        0, 0, 0, 0, 1, 1, 2, 2, 3, 3, 4, 4, 5, 5, 6, 6,
        -: 1125:        7, 7, 8, 8, 9, 9, 10, 10, 11, 11,
        -: 1126:        12, 12, 13, 13};
        -: 1127:
        -: 1128:
        -: 1129:
        -: 1130:/* Macros for inflate() bit peeking and grabbing.
        -: 1131:   The usage is:
        -: 1132:
        -: 1133:        NEEDBITS(j)
        -: 1134:        x = b & mask_bits[j];
        -: 1135:        DUMPBITS(j)
        -: 1136:
        -: 1137:   where NEEDBITS makes sure that b has at least j bits in it, and
        -: 1138:   DUMPBITS removes the bits from b.  The macros use the variable k
        -: 1139:   for the number of bits in b.  Normally, b and k are register
        -: 1140:   variables for speed, and are initialized at the beginning of a
        -: 1141:   routine that uses these macros from a global bit buffer and count.
        -: 1142:
        -: 1143:   If we assume that EOB will be the longest code, then we will never
        -: 1144:   ask for bits with NEEDBITS that are beyond the end of the stream.
        -: 1145:   So, NEEDBITS should not read any more bytes than are needed to
        -: 1146:   meet the request.  Then no bytes need to be "returned" to the buffer
        -: 1147:   at the end of the last block.
        -: 1148:
        -: 1149:   However, this assumption is not true for fixed blocks--the EOB code
        -: 1150:   is 7 bits, but the other literal/length codes can be 8 or 9 bits.
        -: 1151:   (The EOB code is shorter than other codes becuase fixed blocks are
        -: 1152:   generally short.  So, while a block always has an EOB, many other
        -: 1153:   literal/length codes have a significantly lower probability of
        -: 1154:   showing up at all.)  However, by making the first table have a
        -: 1155:   lookup of seven bits, the EOB code will be found in that first
        -: 1156:   lookup, and so will not require that too many bits be pulled from
        -: 1157:   the stream.
        -: 1158: */
        -: 1159:
        -: 1160:ulg bb;                         /* bit buffer */
        -: 1161:unsigned bk;                    /* bits in bit buffer */
        -: 1162:
        -: 1163:ush mask_bits[] = {
        -: 1164:    0x0000,
        -: 1165:    0x0001, 0x0003, 0x0007, 0x000f, 0x001f, 0x003f, 0x007f, 0x00ff,
        -: 1166:    0x01ff, 0x03ff, 0x07ff, 0x0fff, 0x1fff, 0x3fff, 0x7fff, 0xffff
        -: 1167:};
        -: 1168:
        -: 1169:#ifdef CRYPT
        -: 1170:  uch cc;
        -: 1171:#  define NEXTBYTE() \
        -: 1172:     (decrypt ? (cc = get_byte(), zdecode(cc), cc) : get_byte())
        -: 1173:#else
        -: 1174:#  define NEXTBYTE()  (uch)get_byte()
        -: 1175:#endif
        -: 1176:#define NEEDBITS(n) {while(k<(n)){b|=((ulg)NEXTBYTE())<<k;k+=8;}}
        -: 1177:#define DUMPBITS(n) {b>>=(n);k-=(n);}
        -: 1178:
        -: 1179:
        -: 1180:/*
        -: 1181:   Huffman code decoding is performed using a multi-level table lookup.
        -: 1182:   The fastest way to decode is to simply build a lookup table whose
        -: 1183:   size is determined by the longest code.  However, the time it takes
        -: 1184:   to build this table can also be a factor if the data being decoded
        -: 1185:   is not very long.  The most common codes are necessarily the
        -: 1186:   shortest codes, so those codes dominate the decoding time, and hence
        -: 1187:   the speed.  The idea is you can have a shorter table that decodes the
        -: 1188:   shorter, more probable codes, and then point to subsidiary tables for
        -: 1189:   the longer codes.  The time it costs to decode the longer codes is
        -: 1190:   then traded against the time it takes to make longer tables.
        -: 1191:
        -: 1192:   This results of this trade are in the variables lbits and dbits
        -: 1193:   below.  lbits is the number of bits the first level table for literal/
        -: 1194:   length codes can decode in one step, and dbits is the same thing for
        -: 1195:   the distance codes.  Subsequent tables are also less than or equal to
        -: 1196:   those sizes.  These values may be adjusted either when all of the
        -: 1197:   codes are shorter than that, in which case the longest code length in
        -: 1198:   bits is used, or when the shortest code is *longer* than the requested
        -: 1199:   table size, in which case the length of the shortest code in bits is
        -: 1200:   used.
        -: 1201:
        -: 1202:   There are two different values for the two tables, since they code a
        -: 1203:   different number of possibilities each.  The literal/length table
        -: 1204:   codes 286 possible values, or in a flat code, a little over eight
        -: 1205:   bits.  The distance table codes 30 possible values, or a little less
        -: 1206:   than five bits, flat.  The optimum values for speed end up being
        -: 1207:   about one bit more than those, so lbits is 8+1 and dbits is 5+1.
        -: 1208:   The optimum values may differ though from machine to machine, and
        -: 1209:   possibly even between compilers.  Your mileage may vary.
        -: 1210: */
        -: 1211:
        -: 1212:
        -: 1213:int lbits = 9;          /* bits in base literal/length lookup table */
        -: 1214:int dbits = 6;          /* bits in base distance lookup table */
        -: 1215:
        -: 1216:
        -: 1217:/* If BMAX needs to be larger than 16, then h and x[] should be ulg. */
        -: 1218:#define BMAX 16         /* maximum bit length of any code (16 for explode) */
        -: 1219:#define N_MAX 288       /* maximum number of codes in any set */
        -: 1220:
        -: 1221:
        -: 1222:unsigned hufts;         /* track memory usage */
        -: 1223:
        -: 1224:
function huft_build called 36 returned 100% blocks executed 87%
       36: 1225:int huft_build(b, n, s, d, e, t, m)
        -: 1226:unsigned *b;            /* code lengths in bits (all assumed <= BMAX) */
        -: 1227:unsigned n;             /* number of codes (assumed <= N_MAX) */
        -: 1228:unsigned s;             /* number of simple-valued codes (0..s-1) */
        -: 1229:ush *d;                 /* list of base values for non-simple codes */
        -: 1230:ush *e;                 /* list of extra bits for non-simple codes */
        -: 1231:struct huft **t;        /* result: starting table */
        -: 1232:int *m;                 /* maximum lookup bits, returns actual */
        -: 1233:/* Given a list of code lengths and a maximum table size, make a set of
        -: 1234:   tables to decode that set of codes.  Return zero on success, one if
        -: 1235:   the given code set is incomplete (the tables are still built in this
        -: 1236:   case), two if the input is invalid (all zero length codes or an
        -: 1237:   oversubscribed set of lengths), and three if not enough memory. */
        -: 1238:{
        -: 1239:  unsigned a;                   /* counter for codes of length k */
        -: 1240:  unsigned c[BMAX+1];           /* bit length count table */
        -: 1241:  unsigned f;                   /* i repeats in table every f entries */
        -: 1242:  int g;                        /* maximum code length */
        -: 1243:  int h;                        /* table level */
        -: 1244:  register unsigned i;          /* counter, current code */
        -: 1245:  register unsigned j;          /* counter */
        -: 1246:  register int k;               /* number of bits in current code */
        -: 1247:  int l;                        /* bits per table (returned in m) */
        -: 1248:  register unsigned *p;         /* pointer into c[], b[], or v[] */
        -: 1249:  register struct huft *q;      /* points to current table */
        -: 1250:  struct huft r;                /* table entry for structure assignment */
        -: 1251:  struct huft *u[BMAX];         /* table stack */
        -: 1252:  unsigned v[N_MAX];            /* values in order of bit length */
        -: 1253:  register int w;               /* bits before this table == (l * h) */
        -: 1254:  unsigned x[BMAX+1];           /* bit offsets, then code stack */
        -: 1255:  unsigned *xp;                 /* pointer into x */
        -: 1256:  int y;                        /* number of dummy codes added */
        -: 1257:  unsigned z;                   /* number of entries in current table */
        -: 1258:
        -: 1259:
        -: 1260:  /* Generate counts for each bit length */
       36: 1261:  memzero(c, sizeof(c));
       36: 1262:  p = b;  i = n;
        -: 1263:  do {
        -: 1264:    Tracecv(*p, (stderr, (n-i >= ' ' && n-i <= '~' ? "%c %d\n" : "0x%x %d\n"),
        -: 1265:            n-i, *p));
     4019: 1266:    c[*p++]++;                  /* assume all entries <= BMAX */
     4019: 1267:  } while (--i);
branch  0 taken 3983
branch  1 taken 36 (fallthrough)
       36: 1268:  if (c[0] == n)                /* null input--all zero length codes */
branch  0 taken 0 (fallthrough)
branch  1 taken 36
        -: 1269:  {
    #####: 1270:    *t = (struct huft *)NULL;
    #####: 1271:    *m = 0;
    #####: 1272:    return 0;
        -: 1273:  }
        -: 1274:
        -: 1275:
        -: 1276:  /* Find minimum and maximum length, bound *m by those */
       36: 1277:  l = *m;
      121: 1278:  for (j = 1; j <= BMAX; j++)
branch  0 taken 121
branch  1 taken 0 (fallthrough)
      121: 1279:    if (c[j])
branch  0 taken 36 (fallthrough)
branch  1 taken 85
       36: 1280:      break;
       36: 1281:  k = j;                        /* minimum code length */
       36: 1282:  if ((unsigned)l < j)
branch  0 taken 0 (fallthrough)
branch  1 taken 36
    #####: 1283:    l = j;
      252: 1284:  for (i = BMAX; i; i--)
branch  0 taken 252
branch  1 taken 0 (fallthrough)
      252: 1285:    if (c[i])
branch  0 taken 36 (fallthrough)
branch  1 taken 216
       36: 1286:      break;
       36: 1287:  g = i;                        /* maximum code length */
       36: 1288:  if ((unsigned)l > i)
branch  0 taken 11 (fallthrough)
branch  1 taken 25
       11: 1289:    l = i;
       36: 1290:  *m = l;
        -: 1291:
        -: 1292:
        -: 1293:  /* Adjust last length count to fill out codes, if needed */
      275: 1294:  for (y = 1 << j; j < i; j++, y <<= 1)
branch  0 taken 239
branch  1 taken 36 (fallthrough)
      239: 1295:    if ((y -= c[j]) < 0)
branch  0 taken 0 (fallthrough)
branch  1 taken 239
    #####: 1296:      return 2;                 /* bad input: more codes than bits */
       36: 1297:  if ((y -= c[i]) < 0)
branch  0 taken 0 (fallthrough)
branch  1 taken 36
    #####: 1298:    return 2;
       36: 1299:  c[i] += y;
        -: 1300:
        -: 1301:
        -: 1302:  /* Generate starting offsets into the value table for each length */
       36: 1303:  x[1] = j = 0;
       36: 1304:  p = c + 1;  xp = x + 2;
      360: 1305:  while (--i) {                 /* note that i == g from above */
branch  0 taken 324
branch  1 taken 36 (fallthrough)
      324: 1306:    *xp++ = (j += *p++);
        -: 1307:  }
        -: 1308:
        -: 1309:
        -: 1310:  /* Make a table of values in order of bit lengths */
       36: 1311:  p = b;  i = 0;
        -: 1312:  do {
     4019: 1313:    if ((j = *p++) != 0)
branch  0 taken 1888 (fallthrough)
branch  1 taken 2131
     1888: 1314:      v[x[j]++] = i;
     4019: 1315:  } while (++i < n);
branch  0 taken 3983
branch  1 taken 36 (fallthrough)
        -: 1316:
        -: 1317:
        -: 1318:  /* Generate the Huffman codes and for each, make the table entries */
       36: 1319:  x[0] = i = 0;                 /* first Huffman code is zero */
       36: 1320:  p = v;                        /* grab values in bit order */
       36: 1321:  h = -1;                       /* no tables yet--level -1 */
       36: 1322:  w = -l;                       /* bits decoded == (l * h) */
       36: 1323:  u[0] = (struct huft *)NULL;   /* just to keep compilers happy */
       36: 1324:  q = (struct huft *)NULL;      /* ditto */
       36: 1325:  z = 0;                        /* ditto */
        -: 1326:
        -: 1327:  /* go through the bit lengths (k already is bits in shortest code) */
      311: 1328:  for (; k <= g; k++)
branch  0 taken 275
branch  1 taken 36 (fallthrough)
        -: 1329:  {
      275: 1330:    a = c[k];
     2163: 1331:    while (a--)
branch  0 taken 1888
branch  1 taken 275 (fallthrough)
        -: 1332:    {
        -: 1333:      /* here i is the Huffman code of length k bits for value *p */
        -: 1334:      /* make tables up to required level */
     2056: 1335:      while (k > w + l)
branch  0 taken 168
branch  1 taken 1888 (fallthrough)
        -: 1336:      {
      168: 1337:        h++;
      168: 1338:        w += l;                 /* previous table always l bits */
        -: 1339:
        -: 1340:        /* compute minimum size table less than or equal to l bits */
      168: 1341:        z = (z = g - w) > (unsigned)l ? l : z;  /* upper limit on table size */
branch  0 taken 24 (fallthrough)
branch  1 taken 144
      168: 1342:        if ((f = 1 << (j = k - w)) > a + 1)     /* try a k-w bit table */
branch  0 taken 71 (fallthrough)
branch  1 taken 97
        -: 1343:        {                       /* too few codes for k-w bit table */
       71: 1344:          f -= a + 1;           /* deduct codes from patterns left */
       71: 1345:          xp = c + k;
      194: 1346:          while (++j < z)       /* try smaller tables up to z bits */
branch  0 taken 134
branch  1 taken 60 (fallthrough)
        -: 1347:          {
[...]
branch  3 taken 203
        -: 5991:#ifdef GETOPT_COMPAT
      453: 5992:                 && (longopts == NULL
branch  0 taken 223 (fallthrough)
branch  1 taken 210
branch  2 taken 0
branch  3 taken 20 (fallthrough)
      20*: 5993:                     || argv[optind][0] != '+' || argv[optind][1] == '\0')
branch  0 taken 20
branch  1 taken 0 (fallthrough)
branch  2 never executed
branch  3 never executed
        -: 5994:#endif                          /* GETOPT_COMPAT */
        -: 5995:                 )
       20: 5996:            optind++;
      413: 5997:          last_nonopt = optind;
        -: 5998:        }
        -: 5999:
        -: 6000:      /* Special ARGV-element `--' means premature end of options.
        -: 6001:         Skip it like a null option,
        -: 6002:         then exchange with previous non-options as if it were an option,
        -: 6003:         then skip everything else like a non-option.  */
        -: 6004:
      413: 6005:      if (optind != argc && !strcmp (argv[optind], "--"))
branch  0 taken 203 (fallthrough)
branch  1 taken 210
branch  2 taken 0 (fallthrough)
branch  3 taken 203
        -: 6006:        {
    #####: 6007:          optind++;
        -: 6008:
    #####: 6009:          if (first_nonopt != last_nonopt && last_nonopt != optind)
branch  0 never executed
branch  1 never executed
branch  2 never executed
branch  3 never executed
    #####: 6010:            exchange ((char **) argv);
call    0 never executed
    #####: 6011:          else if (first_nonopt == last_nonopt)
branch  0 never executed
branch  1 never executed
    #####: 6012:            first_nonopt = optind;
    #####: 6013:          last_nonopt = argc;
        -: 6014:
    #####: 6015:          optind = argc;
        -: 6016:        }
        -: 6017:
        -: 6018:      /* If we have done all the ARGV-elements, stop the scan
        -: 6019:         and back over any non-options that we skipped and permuted.  */
        -: 6020:
      413: 6021:      if (optind == argc)
branch  0 taken 210 (fallthrough)
branch  1 taken 203
        -: 6022:        {
        -: 6023:          /* Set the next-arg-index to point at the non-options
        -: 6024:             that we previously skipped, so the caller will digest them.  */
      210: 6025:          if (first_nonopt != last_nonopt)
branch  0 taken 20 (fallthrough)
branch  1 taken 190
       20: 6026:            optind = first_nonopt;
      210: 6027:          return EOF;
        -: 6028:        }
        -: 6029:
        -: 6030:      /* If we have come to a non-option and did not permute it,
        -: 6031:         either stop the scan or describe it to the caller and pass it by.  */
        -: 6032:
      203: 6033:      if ((argv[optind][0] != '-' || argv[optind][1] == '\0')
branch  0 taken 203 (fallthrough)
branch  1 taken 0
branch  2 taken 0 (fallthrough)
branch  3 taken 203
        -: 6034:#ifdef GETOPT_COMPAT
    #####: 6035:          && (longopts == NULL
branch  0 never executed
branch  1 never executed
    #####: 6036:              || argv[optind][0] != '+' || argv[optind][1] == '\0')
branch  0 never executed
branch  1 never executed
branch  2 never executed
branch  3 never executed
        -: 6037:#endif                          /* GETOPT_COMPAT */
        -: 6038:          )
        -: 6039:        {
    #####: 6040:          if (ordering == REQUIRE_ORDER)
branch  0 never executed
branch  1 never executed
    #####: 6041:            return EOF;
    #####: 6042:          optarg = argv[optind++];
    #####: 6043:          return 1;
        -: 6044:        }
        -: 6045:
        -: 6046:      /* We have found another option-ARGV-element.
        -: 6047:         Start decoding its characters.  */
        -: 6048:
      406: 6049:      nextchar = (argv[optind] + 1
      203: 6050:                  + (longopts != NULL && argv[optind][1] == '-'));
branch  0 taken 203 (fallthrough)
branch  1 taken 0
branch  2 taken 13 (fallthrough)
branch  3 taken 190
        -: 6051:    }
        -: 6052:
      508: 6053:  if (longopts != NULL
branch  0 taken 508 (fallthrough)
branch  1 taken 0
      508: 6054:      && ((argv[optind][0] == '-'
branch  0 taken 508 (fallthrough)
branch  1 taken 0
      508: 6055:           && (argv[optind][1] == '-' || long_only))
branch  0 taken 495 (fallthrough)
branch  1 taken 13
branch  2 taken 495 (fallthrough)
branch  3 taken 0
        -: 6056:#ifdef GETOPT_COMPAT
      495: 6057:          || argv[optind][0] == '+'
branch  0 taken 0 (fallthrough)
branch  1 taken 495
        -: 6058:#endif                          /* GETOPT_COMPAT */
        -: 6059:          ))
        -: 6060:    {
        -: 6061:      const struct option *p;
       13: 6062:      char *s = nextchar;
       13: 6063:      int exact = 0;
       13: 6064:      int ambig = 0;
       13: 6065:      const struct option *pfound = NULL;
       13: 6066:      int indfound = 0;
        -: 6067:
       93: 6068:      while (*s && *s != '=')
branch  0 taken 80 (fallthrough)
branch  1 taken 13
branch  2 taken 80
branch  3 taken 0 (fallthrough)
       80: 6069:        s++;
        -: 6070:
        -: 6071:      /* Test all options for either exact match or abbreviated matches.  */
       91: 6072:      for (p = longopts, option_index = 0; p->name;
branch  0 taken 91
branch  1 taken 0 (fallthrough)
       78: 6073:           p++, option_index++)
       91: 6074:        if (!strncmp (p->name, nextchar, s - nextchar))
branch  0 taken 13 (fallthrough)
branch  1 taken 78
        -: 6075:          {
       13: 6076:            if (s - nextchar == strlen (p->name))
branch  0 taken 13 (fallthrough)
branch  1 taken 0
        -: 6077:              {
        -: 6078:                /* Exact match found.  */
       13: 6079:                pfound = p;
       13: 6080:                indfound = option_index;
       13: 6081:                exact = 1;
       13: 6082:                break;
        -: 6083:              }
    #####: 6084:            else if (pfound == NULL)
branch  0 never executed
branch  1 never executed
        -: 6085:              {
        -: 6086:                /* First nonexact match found.  */
    #####: 6087:                pfound = p;
    #####: 6088:                indfound = option_index;
        -: 6089:              }
        -: 6090:            else
        -: 6091:              /* Second nonexact match found.  */
    #####: 6092:              ambig = 1;
        -: 6093:          }
        -: 6094:
      13*: 6095:      if (ambig && !exact)
branch  0 taken 0 (fallthrough)
branch  1 taken 13
branch  2 never executed
branch  3 never executed
        -: 6096:        {
    #####: 6097:          if (opterr)
branch  0 never executed
branch  1 never executed
    #####: 6098:            fprintf (stderr, "%s: option `%s' is ambiguous\n",
    #####: 6099:                     argv[0], argv[optind]);
call    0 never executed
    #####: 6100:          nextchar += strlen (nextchar);
    #####: 6101:          optind++;
    #####: 6102:          return '?';
        -: 6103:        }
        -: 6104:
       13: 6105:      if (pfound != NULL)
branch  0 taken 13 (fallthrough)
branch  1 taken 0
        -: 6106:        {
       13: 6107:          option_index = indfound;
       13: 6108:          optind++;
       13: 6109:          if (*s)
branch  0 taken 0 (fallthrough)
branch  1 taken 13
        -: 6110:            {
        -: 6111:              /* Don't test has_arg with >, because some C compilers don't
        -: 6112:                 allow it to be used on enums.  */
    #####: 6113:              if (pfound->has_arg)
branch  0 never executed
branch  1 never executed
    #####: 6114:                optarg = s + 1;
        -: 6115:              else
        -: 6116:                {
    #####: 6117:                  if (opterr)
branch  0 never executed
branch  1 never executed
        -: 6118:                    {
    #####: 6119:                      if (argv[optind - 1][1] == '-')
branch  0 never executed
branch  1 never executed
        -: 6120:                        /* --option */
    #####: 6121:                        fprintf (stderr,
        -: 6122:                                 "%s: option `--%s' doesn't allow an argument\n",
    #####: 6123:                                 argv[0], pfound->name);
call    0 never executed
        -: 6124:                      else
        -: 6125:                        /* +option or -option */
    #####: 6126:                        fprintf (stderr,
        -: 6127:                             "%s: option `%c%s' doesn't allow an argument\n",
    #####: 6128:                             argv[0], argv[optind - 1][0], pfound->name);
call    0 never executed
        -: 6129:                    }
    #####: 6130:                  nextchar += strlen (nextchar);
    #####: 6131:                  return '?';
        -: 6132:                }
        -: 6133:            }
       13: 6134:          else if (pfound->has_arg == 1)
branch  0 taken 0 (fallthrough)
branch  1 taken 13
        -: 6135:            {
    #####: 6136:              if (optind < argc)
branch  0 never executed
branch  1 never executed
    #####: 6137:                optarg = argv[optind++];
        -: 6138:              else
        -: 6139:                {
    #####: 6140:                  if (opterr)
branch  0 never executed
branch  1 never executed
    #####: 6141:                    fprintf (stderr, "%s: option `%s' requires an argument\n",
    #####: 6142:                             argv[0], argv[optind - 1]);
call    0 never executed
    #####: 6143:                  nextchar += strlen (nextchar);
    #####: 6144:                  return '?';
        -: 6145:                }
        -: 6146:            }
       13: 6147:          nextchar += strlen (nextchar);
       13: 6148:          if (longind != NULL)
branch  0 taken 0 (fallthrough)
branch  1 taken 13
    #####: 6149:            *longind = option_index;
       13: 6150:          if (pfound->flag)
branch  0 taken 0 (fallthrough)
branch  1 taken 13
        -: 6151:            {
    #####: 6152:              *(pfound->flag) = pfound->val;
    #####: 6153:              return 0;
        -: 6154:            }
       13: 6155:          return pfound->val;
        -: 6156:        }
        -: 6157:      /* Can't find it as a long option.  If this is not getopt_long_only,
        -: 6158:         or the option starts with '--' or is not a valid short
        -: 6159:         option, then it's an error.
        -: 6160:         Otherwise interpret it as a short option.  */
    #####: 6161:      if (!long_only || argv[optind][1] == '-'
branch  0 never executed
branch  1 never executed
branch  2 never executed
branch  3 never executed
        -: 6162:#ifdef GETOPT_COMPAT
    #####: 6163:          || argv[optind][0] == '+'
branch  0 never executed
branch  1 never executed
        -: 6164:#endif                          /* GETOPT_COMPAT */
    #####: 6165:          || my_index (optstring, *nextchar) == NULL)
branch  0 never executed
branch  1 never executed
        -: 6166:        {
    #####: 6167:          if (opterr)
branch  0 never executed
branch  1 never executed
        -: 6168:            {
    #####: 6169:              if (argv[optind][1] == '-')
branch  0 never executed
branch  1 never executed
        -: 6170:                /* --option */
    #####: 6171:                fprintf (stderr, "%s: unrecognized option `--%s'\n",
call    0 never executed
        -: 6172:                         argv[0], nextchar);
        -: 6173:              else
        -: 6174:                /* +option or -option */
    #####: 6175:                fprintf (stderr, "%s: unrecognized option `%c%s'\n",
    #####: 6176:                         argv[0], argv[optind][0], nextchar);
call    0 never executed
        -: 6177:            }
    #####: 6178:          nextchar = (char *) "";
    #####: 6179:          optind++;
    #####: 6180:          return '?';
        -: 6181:        }
        -: 6182:    }
        -: 6183:
        -: 6184:  /* Look at and handle the next option-character.  */
        -: 6185:
        -: 6186:  {
      495: 6187:    char c = *nextchar++;
      495: 6188:    char *temp = my_index (optstring, c);
        -: 6189:
        -: 6190:    /* Increment `optind' when we start to process its last character.  */
      495: 6191:    if (*nextchar == '\0')
branch  0 taken 190 (fallthrough)
branch  1 taken 305
      190: 6192:      ++optind;
        -: 6193:
      495: 6194:    if (temp == NULL || c == ':')
branch  0 taken 495 (fallthrough)
branch  1 taken 0
branch  2 taken 0 (fallthrough)
branch  3 taken 495
        -: 6195:      {
    #####: 6196:        if (opterr)
branch  0 never executed
branch  1 never executed
        -: 6197:          {
    #####: 6198:            if (c < 040 || c >= 0177)
branch  0 never executed
branch  1 never executed
branch  2 never executed
branch  3 never executed
    #####: 6199:              fprintf (stderr, "%s: unrecognized option, character code 0%o\n",
call    0 never executed
        -: 6200:                       argv[0], c);
        -: 6201:            else
    #####: 6202:              fprintf (stderr, "%s: unrecognized option `-%c'\n", argv[0], c);
call    0 never executed
        -: 6203:          }
    #####: 6204:        return '?';
        -: 6205:      }
      495: 6206:    if (temp[1] == ':')
branch  0 taken 0 (fallthrough)
branch  1 taken 495
        -: 6207:      {
    #####: 6208:        if (temp[2] == ':')
branch  0 never executed
branch  1 never executed
        -: 6209:          {
        -: 6210:            /* This is an option that accepts an argument optionally.  */
    #####: 6211:            if (*nextchar != '\0')
branch  0 never executed
branch  1 never executed
        -: 6212:              {
    #####: 6213:                optarg = nextchar;
    #####: 6214:                optind++;
        -: 6215:              }
        -: 6216:            else
    #####: 6217:              optarg = 0;
    #####: 6218:            nextchar = NULL;
        -: 6219:          }
        -: 6220:        else
        -: 6221:          {
        -: 6222:            /* This is an option that requires an argument.  */
    #####: 6223:            if (*nextchar != '\0')
branch  0 never executed
branch  1 never executed
        -: 6224:              {
    #####: 6225:                optarg = nextchar;
        -: 6226:                /* If we end this ARGV-element by taking the rest as an arg,
        -: 6227:                   we must advance to the next element now.  */
    #####: 6228:                optind++;
        -: 6229:              }
    #####: 6230:            else if (optind == argc)
branch  0 never executed
branch  1 never executed
        -: 6231:              {
    #####: 6232:                if (opterr)
branch  0 never executed
branch  1 never executed
    #####: 6233:                  fprintf (stderr, "%s: option `-%c' requires an argument\n",
call    0 never executed
        -: 6234:                           argv[0], c);
    #####: 6235:                c = '?';
        -: 6236:              }
        -: 6237:            else
        -: 6238:              /* We already incremented `optind' once;
        -: 6239:                 increment it again when taking next ARGV-elt as argument.  */
    #####: 6240:              optarg = argv[optind++];
    #####: 6241:            nextchar = NULL;
        -: 6242:          }
        -: 6243:      }
      495: 6244:    return c;
        -: 6245:  }
        -: 6246:}
        -: 6247:
        -: 6248:int
        -: 6249:getopt (argc, argv, optstring)
        -: 6250:     int argc;
        -: 6251:     char *const *argv;
        -: 6252:     const char *optstring;
        -: 6253:{
    #####: 6254:  return _getopt_internal (argc, argv, optstring,
call    0 never executed
        -: 6255:                           (const struct option *) 0,
        -: 6256:                           (int *) 0,
        -: 6257:                           0);
        -: 6258:}
        -: 6259:
        -: 6260:int
function getopt_long called 718 returned 100% blocks executed 100%
      718: 6261:getopt_long (argc, argv, options, long_options, opt_index)
        -: 6262:     int argc;
        -: 6263:     char *const *argv;
        -: 6264:     const char *options;
        -: 6265:     const struct option *long_options;
        -: 6266:     int *opt_index;
        -: 6267:{
      718: 6268:  return _getopt_internal (argc, argv, options, long_options, opt_index, 0);
call    0 returned 718
        -: 6269:}
        -: 6270:
        -: 6271:/* Like getopt_long, but '-' as well as '--' can indicate a long option.
        -: 6272:   If an option that starts with '-' (not '--') doesn't match a long option,
        -: 6273:   but does match a short option, it is parsed as a short option
        -: 6274:   instead. */
        -: 6275:
        -: 6276:int
function getopt_long_only called 0 returned 0% blocks executed 0%
    #####: 6277:getopt_long_only (argc, argv, options, long_options, opt_index)
        -: 6278:     int argc;
        -: 6279:     char *const *argv;
        -: 6280:     const char *options;
        -: 6281:     const struct option *long_options;
        -: 6282:     int *opt_index;
        -: 6283:{
    #####: 6284:  return _getopt_internal (argc, argv, options, long_options, opt_index, 1);
call    0 never executed
        -: 6285:}
        -: 6286:
        -: 6287:#ifdef TEST
        -: 6288:
        -: 6289:/* Compile with -DTEST to make an executable for use in testing
        -: 6290:   the above definition of `getopt'.  */
        -: 6291:
        -: 6292:int
        -: 6293:main (argc, argv)
        -: 6294:     int argc;
        -: 6295:     char **argv;
        -: 6296:{
        -: 6297:  int c;
        -: 6298:  int digit_optind = 0;
        -: 6299:
        -: 6300:  while (1)
        -: 6301:    {
        -: 6302:      int this_option_optind = optind ? optind : 1;
        -: 6303:
        -: 6304:      c = getopt (argc, argv, "abc:d:0123456789");
        -: 6305:      if (c == EOF)
        -: 6306:        break;
        -: 6307:
        -: 6308:      switch (c)
        -: 6309:        {
        -: 6310:        case '0':
        -: 6311:        case '1':
        -: 6312:        case '2':
        -: 6313:        case '3':
        -: 6314:        case '4':
        -: 6315:        case '5':
        -: 6316:        case '6':
        -: 6317:        case '7':
        -: 6318:        case '8':
        -: 6319:        case '9':
        -: 6320:          if (digit_optind != 0 && digit_optind != this_option_optind)
        -: 6321:            printf ("digits occur in two different argv-elements.\n");
        -: 6322:          digit_optind = this_option_optind;
        -: 6323:          printf ("option %c\n", c);
        -: 6324:          break;
        -: 6325:
        -: 6326:        case 'a':
        -: 6327:          printf ("option a\n");
        -: 6328:          break;
        -: 6329:
        -: 6330:        case 'b':
        -: 6331:          printf ("option b\n");
        -: 6332:          break;
        -: 6333:
        -: 6334:        case 'c':
        -: 6335:          printf ("option c with value `%s'\n", optarg);
        -: 6336:          break;
        -: 6337:
        -: 6338:        case '?':
        -: 6339:          break;
        -: 6340:
        -: 6341:        default:
        -: 6342:          printf ("?? getopt returned character code 0%o ??\n", c);
        -: 6343:        }
        -: 6344:    }
        -: 6345:
        -: 6346:  if (optind < argc)
        -: 6347:    {
        -: 6348:      printf ("non-option ARGV-elements: ");
        -: 6349:      while (optind < argc)
        -: 6350:        printf ("%s ", argv[optind++]);
        -: 6351:      printf ("\n");
        -: 6352:    }
        -: 6353:
        -: 6354:  exit (0);
        -: 6355:}
        -: 6356:
        -: 6357:#endif /* TEST */
