        -:    0:Source:flex.c
        -:    0:Graph:flex.gcno
        -:    0:Data:flex.gcda
        -:    0:Runs:567
        -:    1:/* flex - tool to generate fast lexical analyzers */
        -:    2:
        -:    3:/*-
        -:    4: * Copyright (c) 1990 The Regents of the University of California.
        -:    5: * All rights reserved.
        -:    6: *
        -:    7: * This code is derived from software contributed to Berkeley by
        -:    8: * Vern Paxson.
        -:    9: *
        -:   10: * The United States Government has rights in this work pursuant
        -:   11: * to contract no. DE-AC03-76SF00098 between the United States
        -:   12: * Department of Energy and the University of California.
        -:   13: *
        -:   14: * Redistribution and use in source and binary forms are permitted provided
        -:   15: * that: (1) source distributions retain this entire copyright notice and
        -:   16: * comment, and (2) distributions including binaries display the following
        -:   17: * acknowledgement:  ``This product includes software developed by the
        -:   18: * University of California, Berkeley and its contributors'' in the
        -:   19: * documentation or other materials provided with the distribution and in
        -:   20: * all advertising materials mentioning features or use of this software.
        -:   21: * Neither the name of the University nor the names of its contributors may
        -:   22: * be used to endorse or promote products derived from this software without
        -:   23: * specific prior written permission.
        -:   24: * THIS SOFTWARE IS PROVIDED ``AS IS'' AND WITHOUT ANY EXPRESS OR IMPLIED
        -:   25: * WARRANTIES, INCLUDING, WITHOUT LIMITATION, THE IMPLIED WARRANTIES OF
        -:   26: * MERCHANTABILITY AND FITNESS FOR A PARTICULAR PURPOSE.
        -:   27: */
        -:   28:
        -:   29:#ifndef lint
        -:   30:char copyright[] =
        -:   31:"@(#) Copyright (c) 1990 The Regents of the University of California.\n\
        -:   32: All rights reserved.\n";
        -:   33:#endif /* not lint */
        -:   34:
        -:   35:/* $Header: /a1/cvsadm/cvsroot/expsir/csubjects/flex/versions.alt/versions.seeded/v4/flex.c,v 1.1.1.2 2003/09/02 20:21:59 expsir Exp $
        -:   36:*/
        -:   37:
        -:   38:#include "flexdef.h"
        -:   39:#include "version.h"
        -:   40:#include <ctype.h> 
        -:   41:#include "parse.h"
        -:   42:#include "FaultSeeds.h"
        -:   43:
        -:   44:static char flex_version[] = FLEX_VERSION;
        -:   45:
        -:   46:
        -:   47:/* declare functions that have forward references */
        -:   48:
        -:   49:void flexinit PROTO((int, char**));
        -:   50:void readin PROTO((void));
        -:   51:void set_up_initial_allocations PROTO((void));
        -:   52:
        -:   53:#ifdef NEED_ARGV_FIXUP
        -:   54:extern void argv_fixup PROTO((int *, char ***));
        -:   55:#endif
        -:   56:
        -:   57:
        -:   58:/* these globals are all defined and commented in flexdef.h */
        -:   59:int printstats, syntaxerror, eofseen, ddebug, trace, nowarn, spprdflt;
        -:   60:int interactive, caseins, lex_compat, do_yylineno, useecs, fulltbl, usemecs;
        -:   61:int fullspd, gen_line_dirs, performance_report, backing_up_report;
        -:   62:int C_plus_plus, long_align, use_read, yytext_is_array, do_yywrap, csize;
        -:   63:int yymore_used, reject, real_reject, continued_action, in_rule;
        -:   64:int yymore_really_used, reject_really_used;
        -:   65:int datapos, dataline, linenum, out_linenum;
        -:   66:FILE *skelfile = NULL;
        -:   67:
        -:   68:/* ### add for testing ### */
        -:   69:FILE *err = NULL;
        -:   70:/* ####################### */
        -:   71:
        -:   72:int skel_ind = 0;
        -:   73:char *action_array;
        -:   74:int action_size, defs1_offset, prolog_offset, action_offset, action_index;
        -:   75:char *infilename = NULL, *outfilename = NULL;
        -:   76:int did_outfilename;
        -:   77:char *prefix, *yyclass;
        -:   78:int do_stdinit, use_stdout;
        -:   79:int onestate[ONE_STACK_SIZE], onesym[ONE_STACK_SIZE];
        -:   80:int onenext[ONE_STACK_SIZE], onedef[ONE_STACK_SIZE], onesp;
        -:   81:int current_mns, current_max_rules;
        -:   82:int num_rules, num_eof_rules, default_rule, lastnfa;
        -:   83:int *firstst, *lastst, *finalst, *transchar, *trans1, *trans2;
        -:   84:int *accptnum, *assoc_rule, *state_type;
        -:   85:int *rule_type, *rule_linenum, *rule_useful;
        -:   86:int current_state_type;
        -:   87:int variable_trailing_context_rules;
        -:   88:int numtemps, numprots, protprev[MSP], protnext[MSP], prottbl[MSP];
        -:   89:int protcomst[MSP], firstprot, lastprot, protsave[PROT_SAVE_SIZE];
        -:   90:int numecs, nextecm[CSIZE + 1], ecgroup[CSIZE + 1], nummecs, tecfwd[CSIZE + 1];
        -:   91:int tecbck[CSIZE + 1];
        -:   92:int lastsc, *scset, *scbol, *scxclu, *sceof;
        -:   93:int current_max_scs;
        -:   94:char **scname;
        -:   95:int current_max_dfa_size, current_max_xpairs;
        -:   96:int current_max_template_xpairs, current_max_dfas;
        -:   97:int lastdfa, *nxt, *chk, *tnxt;
        -:   98:int *base, *def, *nultrans, NUL_ec, tblend, firstfree, **dss, *dfasiz;
        -:   99:union dfaacc_union *dfaacc;
        -:  100:int *accsiz, *dhash, numas;
        -:  101:int numsnpairs, jambase, jamstate;
        -:  102:int lastccl, *cclmap, *ccllen, *cclng, cclreuse;
        -:  103:int current_maxccls, current_max_ccl_tbl_size;
        -:  104:Char *ccltbl;
        -:  105:char nmstr[MAXLINE];
        -:  106:int sectnum, nummt, hshcol, dfaeql, numeps, eps2, num_reallocs;
        -:  107:int tmpuses, totnst, peakpairs, numuniq, numdup, hshsave;
        -:  108:int num_backing_up, bol_needed;
        -:  109:FILE *backing_up_file;
        -:  110:int end_of_buffer_state;
        -:  111:char **input_files;
        -:  112:int num_input_files;
        -:  113:
        -:  114:/* Make sure program_name is initialized so we don't crash if writing
        -:  115: * out an error message before getting the program name from argv[0].
        -:  116: */
        -:  117:char *program_name = "flex";
        -:  118:
        -:  119:#ifndef SHORT_FILE_NAMES
        -:  120:static char *outfile_template = "lex.%s.%s";
        -:  121:static char *backing_name = "lex.backup";
        -:  122:#else
        -:  123:static char *outfile_template = "lex%s.%s";
        -:  124:static char *backing_name = "lex.bck";
        -:  125:#endif
        -:  126:
        -:  127:#ifdef THINK_C
        -:  128:#include <console.h>
        -:  129:#endif
        -:  130:
        -:  131:#ifdef MS_DOS
        -:  132:extern unsigned _stklen = 16384;
        -:  133:#endif
        -:  134:
        -:  135:static char outfile_path[MAXLINE];
        -:  136:static int outfile_created = 0;
        -:  137:static char *skelname = NULL;
        -:  138:
        -:  139:
function main called 567 returned 0% blocks executed 95%
      567:  140:int main( argc, argv )
        -:  141:int argc;
        -:  142:char **argv;
        -:  143:	{
        -:  144:	int i;
        -:  145:
        -:  146:#ifdef THINK_C
        -:  147:	argc = ccommand( &argv );
        -:  148:#endif
        -:  149:#ifdef NEED_ARGV_FIXUP
        -:  150:	argv_fixup( &argc, &argv );
        -:  151:#endif
        -:  152:
        -:  153:/* ### add for testing ### */
      567:  154:        if(--argc >0){
branch  0 taken 567 (fallthrough)
branch  1 taken 0
      567:  155:                err = fopen( *++argv, "w" );
call    0 returned 567
      567:  156:                --argv; ++argc;
        -:  157:        }
        -:  158:/* ####################### */
        -:  159:
      567:  160:	flexinit( argc, argv );
call    0 returned 560
        -:  161:
      560:  162:	readin();
call    0 returned 543
        -:  163:
      543:  164:	ntod();
call    0 returned 543
        -:  165:
     4360:  166:	for ( i = 1; i <= num_rules; ++i )
branch  0 taken 3817
branch  1 taken 543 (fallthrough)
     3817:  167:		if ( ! rule_useful[i] && i != default_rule )
branch  0 taken 86 (fallthrough)
branch  1 taken 3731
branch  2 taken 12 (fallthrough)
branch  3 taken 74
       12:  168:			line_warning( _( "rule cannot be matched" ),
       12:  169:					rule_linenum[i] );
call    0 returned 12
        -:  170:
      543:  171:	if ( spprdflt && ! reject && rule_useful[default_rule] )
branch  0 taken 3 (fallthrough)
branch  1 taken 540
branch  2 taken 1 (fallthrough)
branch  3 taken 2
branch  4 taken 1 (fallthrough)
branch  5 taken 0
        1:  172:		line_warning(
        -:  173:			_( "-s option given but default rule can be matched" ),
        1:  174:			rule_linenum[default_rule] );
call    0 returned 1
        -:  175:
        -:  176:	/* Generate the C state transition tables from the DFA. */
      543:  177:	make_tables();
call    0 returned 543
        -:  178:
        -:  179:	/* Note, flexend does not return.  It exits with its argument
        -:  180:	 * as status.
        -:  181:	 */
      543:  182:	flexend( 0 );
call    0 returned 0
        -:  183:
    #####:  184:	return 0;	/* keep compilers/lint happy */
        -:  185:	}
        -:  186:
        -:  187:
        -:  188:/* check_options - check user-specified options */
        -:  189:
function check_options called 560 returned 99% blocks executed 87%
      560:  190:void check_options()
        -:  191:	{
        -:  192:	int i;
        -:  193:
      560:  194:	if ( lex_compat )
branch  0 taken 163 (fallthrough)
branch  1 taken 397
        -:  195:		{
      163:  196:		if ( C_plus_plus )
branch  0 taken 0 (fallthrough)
branch  1 taken 163
    #####:  197:			flexerror( _( "Can't use -+ with -l option" ) );
call    0 never executed
        -:  198:
      163:  199:		if ( fulltbl || fullspd )
branch  0 taken 162 (fallthrough)
branch  1 taken 1
branch  2 taken 0 (fallthrough)
branch  3 taken 162
        1:  200:			flexerror( _( "Can't use -f or -F with -l option" ) );
call    0 returned 0
        -:  201:
        -:  202:		/* Don't rely on detecting use of yymore() and REJECT,
        -:  203:		 * just assume they'll be used.
        -:  204:		 */
      162:  205:		yymore_really_used = reject_really_used = true;
        -:  206:
      162:  207:		yytext_is_array = true;
      162:  208:		do_yylineno = true;
      162:  209:		use_read = false;
        -:  210:		}
        -:  211:
      559:  212:	if ( do_yylineno )
branch  0 taken 162 (fallthrough)
branch  1 taken 397
        -:  213:		/* This should really be "maintain_backup_tables = true" */
      162:  214:		reject_really_used = true;
        -:  215:
      559:  216:	if ( csize == unspecified )
branch  0 taken 554 (fallthrough)
branch  1 taken 5
        -:  217:		{
      554:  218:		if ( (fulltbl || fullspd) && ! useecs )
branch  0 taken 526 (fallthrough)
branch  1 taken 28
branch  2 taken 94 (fallthrough)
branch  3 taken 432
branch  4 taken 79 (fallthrough)
branch  5 taken 43
       79:  219:			csize = DEFAULT_CSIZE;
        -:  220:		else
      475:  221:			csize = CSIZE;
        -:  222:		}
        -:  223:
      559:  224:	if ( interactive == unspecified )
branch  0 taken 554 (fallthrough)
branch  1 taken 5
        -:  225:		{
      554:  226:		if ( fulltbl || fullspd )
branch  0 taken 527 (fallthrough)
branch  1 taken 27
branch  2 taken 94 (fallthrough)
branch  3 taken 433
      121:  227:			interactive = false;
        -:  228:		else
      433:  229:			interactive = true;
        -:  230:		}
        -:  231:
      559:  232:	if ( fulltbl || fullspd )
branch  0 taken 531 (fallthrough)
branch  1 taken 28
branch  2 taken 94 (fallthrough)
branch  3 taken 437
        -:  233:		{
      122:  234:		if ( usemecs )
branch  0 taken 3 (fallthrough)
branch  1 taken 119
        3:  235:			flexerror(
call    0 returned 0
        -:  236:			_( "-Cf/-CF and -Cm don't make sense together" ) );
        -:  237:
      119:  238:		if ( interactive )
branch  0 taken 1 (fallthrough)
branch  1 taken 118
        1:  239:			flexerror( _( "-Cf/-CF and -I are incompatible" ) );
call    0 returned 0
        -:  240:
      118:  241:		if ( lex_compat )
branch  0 taken 0 (fallthrough)
branch  1 taken 118
    #####:  242:			flexerror(
call    0 never executed
        -:  243:		_( "-Cf/-CF are incompatible with lex-compatibility mode" ) );
        -:  244:
      118:  245:		if ( do_yylineno )
branch  0 taken 0 (fallthrough)
branch  1 taken 118
    #####:  246:			flexerror(
call    0 never executed
        -:  247:			_( "-Cf/-CF and %option yylineno are incompatible" ) );
        -:  248:
      118:  249:		if ( fulltbl && fullspd )
branch  0 taken 25 (fallthrough)
branch  1 taken 93
branch  2 taken 1 (fallthrough)
branch  3 taken 24
        1:  250:			flexerror( _( "-Cf and -CF are mutually exclusive" ) );
call    0 returned 0
        -:  251:		}
        -:  252:
     554*:  253:	if ( C_plus_plus && fullspd )
branch  0 taken 0 (fallthrough)
branch  1 taken 554
branch  2 never executed
branch  3 never executed
    #####:  254:		flexerror( _( "Can't use -+ with -CF option" ) );
call    0 never executed
        -:  255:
     554*:  256:	if ( C_plus_plus && yytext_is_array )
branch  0 taken 0 (fallthrough)
branch  1 taken 554
branch  2 never executed
branch  3 never executed
        -:  257:		{
    #####:  258:		warn( _( "%array incompatible with -+ option" ) );
call    0 never executed
    #####:  259:		yytext_is_array = false;
        -:  260:		}
        -:  261:
      554:  262:	if ( useecs )
branch  0 taken 305 (fallthrough)
branch  1 taken 249
        -:  263:		{ /* Set up doubly-linked equivalence classes. */
        -:  264:
        -:  265:		/* We loop all the way up to csize, since ecgroup[csize] is
        -:  266:		 * the position used for NUL characters.
        -:  267:		 */
      305:  268:		ecgroup[1] = NIL;
        -:  269:
    77696:  270:		for ( i = 2; i <= csize; ++i )
branch  0 taken 77391
branch  1 taken 305 (fallthrough)
        -:  271:			{
    77391:  272:			ecgroup[i] = i - 1;
    77391:  273:			nextecm[i - 1] = i;
        -:  274:			}
        -:  275:
      305:  276:		nextecm[csize] = NIL;
        -:  277:		}
        -:  278:
        -:  279:	else
        -:  280:		{
        -:  281:		/* Put everything in its own equivalence class. */
    54265:  282:		for ( i = 1; i <= csize; ++i )
branch  0 taken 54016
branch  1 taken 249 (fallthrough)
        -:  283:			{
    54016:  284:			ecgroup[i] = i;
    54016:  285:			nextecm[i] = BAD_SUBSCRIPT;	/* to catch errors */
        -:  286:			}
        -:  287:		}
        -:  288:
      554:  289:	if ( ! use_stdout )
branch  0 taken 551 (fallthrough)
branch  1 taken 3
        -:  290:		{
        -:  291:		FILE *prev_stdout;
        -:  292:
      551:  293:		if ( ! did_outfilename )
branch  0 taken 550 (fallthrough)
branch  1 taken 1
        -:  294:			{
        -:  295:			char *suffix;
        -:  296:
      550:  297:			if ( C_plus_plus )
branch  0 taken 0 (fallthrough)
branch  1 taken 550
    #####:  298:				suffix = "cc";
        -:  299:			else
      550:  300:				suffix = "c";
        -:  301:
      550:  302:			sprintf( outfile_path, outfile_template,
        -:  303:				prefix, suffix );
        -:  304:
      550:  305:			outfilename = outfile_path;
        -:  306:			}
        -:  307:
      551:  308:		prev_stdout = freopen( outfilename, "w", stdout );
call    0 returned 551
        -:  309:
      551:  310:		if ( prev_stdout == NULL )
branch  0 taken 0 (fallthrough)
branch  1 taken 551
    #####:  311:			lerrsf( _( "could not create %s" ), outfilename );
call    0 never executed
        -:  312:
      551:  313:		outfile_created = 1;
        -:  314:		}
        -:  315:
      554:  316:	if ( skelname && (skelfile = fopen( skelname, "r" )) == NULL )
branch  0 taken 3 (fallthrough)
branch  1 taken 551
call    2 returned 3
branch  3 taken 1 (fallthrough)
branch  4 taken 2
        1:  317:		lerrsf( _( "can't open skeleton file %s" ), skelname );
call    0 returned 0
        -:  318:
      553:  319:	if ( strcmp( prefix, "yy" ) )
branch  0 taken 1 (fallthrough)
branch  1 taken 552
        -:  320:		{
        -:  321:#define GEN_PREFIX(name) out_str3( "#define yy%s %s%s\n", name, prefix, name )
        1:  322:		if ( C_plus_plus )
branch  0 taken 0 (fallthrough)
branch  1 taken 1
    #####:  323:			GEN_PREFIX( "FlexLexer" );
call    0 never executed
        -:  324:		else
        -:  325:			{
        1:  326:			GEN_PREFIX( "_create_buffer" );
call    0 returned 1
        1:  327:			GEN_PREFIX( "_delete_buffer" );
call    0 returned 1
        1:  328:			GEN_PREFIX( "_scan_buffer" );
call    0 returned 1
        1:  329:			GEN_PREFIX( "_scan_string" );
call    0 returned 1
        1:  330:			GEN_PREFIX( "_scan_bytes" );
call    0 returned 1
        1:  331:			GEN_PREFIX( "_flex_debug" );
call    0 returned 1
        1:  332:			GEN_PREFIX( "_init_buffer" );
call    0 returned 1
        1:  333:			GEN_PREFIX( "_flush_buffer" );
call    0 returned 1
        1:  334:			GEN_PREFIX( "_load_buffer_state" );
call    0 returned 1
        1:  335:			GEN_PREFIX( "_switch_to_buffer" );
call    0 returned 1
        1:  336:			GEN_PREFIX( "in" );
call    0 returned 1
        1:  337:			GEN_PREFIX( "leng" );
call    0 returned 1
        1:  338:			GEN_PREFIX( "lex" );
call    0 returned 1
        1:  339:			GEN_PREFIX( "out" );
call    0 returned 1
        1:  340:			GEN_PREFIX( "restart" );
call    0 returned 1
        1:  341:			GEN_PREFIX( "text" );
call    0 returned 1
        -:  342:
        1:  343:			if ( do_yylineno )
branch  0 taken 0 (fallthrough)
branch  1 taken 1
    #####:  344:				GEN_PREFIX( "lineno" );
call    0 never executed
        -:  345:			}
        -:  346:
        1:  347:		if ( do_yywrap )
branch  0 taken 1 (fallthrough)
branch  1 taken 0
        1:  348:			GEN_PREFIX( "wrap" );
call    0 returned 1
        -:  349:
        1:  350:		outn( "" );
call    0 returned 1
        -:  351:		}
        -:  352:
      553:  353:	if ( did_outfilename )
branch  0 taken 1 (fallthrough)
branch  1 taken 552
        1:  354:		line_directive_out( stdout, 0 );
call    0 returned 1
        -:  355:
      553:  356:	skelout();
call    0 returned 553
      553:  357:	}
        -:  358:
        -:  359:
        -:  360:/* flexend - terminate flex
        -:  361: *
        -:  362: * note
        -:  363: *    This routine does not return.
        -:  364: */
        -:  365:
function flexend called 565 returned 0% blocks executed 87%
      565:  366:void flexend( exit_status )
        -:  367:int exit_status;
        -:  368:
        -:  369:	{
        -:  370:	int tblsiz;
        -:  371:	int unlink();
        -:  372:
      565:  373:	if ( skelfile != NULL )
branch  0 taken 2 (fallthrough)
branch  1 taken 563
        -:  374:		{
        2:  375:		if ( ferror( skelfile ) )
call    0 returned 2
branch  1 taken 0 (fallthrough)
branch  2 taken 2
    #####:  376:			lerrsf( _( "input error reading skeleton file %s" ),
call    0 never executed
        -:  377:				skelname );
        -:  378:
        2:  379:		else if ( fclose( skelfile ) )
call    0 returned 2
branch  1 taken 0 (fallthrough)
branch  2 taken 2
    #####:  380:			lerrsf( _( "error closing skeleton file %s" ),
call    0 never executed
        -:  381:				skelname );
        -:  382:		}
        -:  383:
      565:  384:	if ( exit_status != 0 && outfile_created )
branch  0 taken 22 (fallthrough)
branch  1 taken 543
branch  2 taken 11 (fallthrough)
branch  3 taken 11
        -:  385:		{
       11:  386:		if ( ferror( stdout ) )
call    0 returned 11
branch  1 taken 0 (fallthrough)
branch  2 taken 11
    #####:  387:			lerrsf( _( "error writing output file %s" ),
call    0 never executed
        -:  388:				outfilename );
        -:  389:
       11:  390:		else if ( fclose( stdout ) )
call    0 returned 11
branch  1 taken 0 (fallthrough)
branch  2 taken 11
    #####:  391:			lerrsf( _( "error closing output file %s" ),
call    0 never executed
        -:  392:				outfilename );
        -:  393:
       11:  394:		else if ( unlink( outfilename ) )
call    0 returned 11
branch  1 taken 0 (fallthrough)
branch  2 taken 11
    #####:  395:			lerrsf( _( "error deleting output file %s" ),
call    0 never executed
        -:  396:				outfilename );
        -:  397:		}
        -:  398:
      565:  399:	if ( backing_up_report && backing_up_file )
branch  0 taken 5 (fallthrough)
branch  1 taken 560
branch  2 taken 5 (fallthrough)
branch  3 taken 0
        -:  400:		{
        5:  401:		if ( num_backing_up == 0 )
branch  0 taken 0 (fallthrough)
branch  1 taken 5
    #####:  402:			fprintf( backing_up_file, _( "No backing up.\n" ) );
call    0 never executed
        5:  403:		else if ( fullspd || fulltbl )
branch  0 taken 5 (fallthrough)
branch  1 taken 0
branch  2 taken 0 (fallthrough)
branch  3 taken 5
    #####:  404:			fprintf( backing_up_file,
call    0 never executed
        -:  405:				_( "%d backing up (non-accepting) states.\n" ),
        -:  406:				num_backing_up );
        -:  407:		else
        5:  408:			fprintf( backing_up_file,
call    0 returned 5
        -:  409:				_( "Compressed tables always back up.\n" ) );
        -:  410:
        5:  411:		if ( ferror( backing_up_file ) )
call    0 returned 5
branch  1 taken 0 (fallthrough)
branch  2 taken 5
    #####:  412:			lerrsf( _( "error writing backup file %s" ),
call    0 never executed
        -:  413:				backing_name );
        -:  414:
        5:  415:		else if ( fclose( backing_up_file ) )
call    0 returned 5
branch  1 taken 0 (fallthrough)
branch  2 taken 5
    #####:  416:			lerrsf( _( "error closing backup file %s" ),
call    0 never executed
        -:  417:				backing_name );
        -:  418:		}
        -:  419:
      565:  420:	if ( printstats )
branch  0 taken 9 (fallthrough)
branch  1 taken 556
        -:  421:		{
        9:  422:		fprintf( err, _( "%s version %s usage statistics:\n" ),
call    0 returned 9
        -:  423:			program_name, flex_version );
        -:  424:
        9:  425:		fprintf( err, _( "  scanner options: -" ) );
call    0 returned 9
        -:  426:
        9:  427:		if ( C_plus_plus )
branch  0 taken 0 (fallthrough)
branch  1 taken 9
    #####:  428:			putc( '+', err );
call    0 never executed
        9:  429:		if ( backing_up_report )
branch  0 taken 3 (fallthrough)
branch  1 taken 6
        3:  430:			putc( 'b', err );
call    0 returned 3
        9:  431:		if ( ddebug )
branch  0 taken 2 (fallthrough)
branch  1 taken 7
        2:  432:			putc( 'd', err );
call    0 returned 2
        9:  433:		if ( caseins )
branch  0 taken 2 (fallthrough)
branch  1 taken 7
        2:  434:			putc( 'i', err );
call    0 returned 2
        9:  435:		if ( lex_compat )
branch  0 taken 2 (fallthrough)
branch  1 taken 7
        2:  436:			putc( 'l', err );
call    0 returned 2
        9:  437:		if ( performance_report > 0 )
branch  0 taken 2 (fallthrough)
branch  1 taken 7
        2:  438:			putc( 'p', err );
call    0 returned 2
        9:  439:		if ( performance_report > 1 )
branch  0 taken 0 (fallthrough)
branch  1 taken 9
    #####:  440:			putc( 'p', err );
call    0 never executed
        9:  441:		if ( spprdflt )
branch  0 taken 2 (fallthrough)
branch  1 taken 7
        2:  442:			putc( 's', err );
call    0 returned 2
        9:  443:		if ( use_stdout )
branch  0 taken 2 (fallthrough)
branch  1 taken 7
        2:  444:			putc( 't', err );
call    0 returned 2
        9:  445:		if ( printstats )
branch  0 taken 9 (fallthrough)
branch  1 taken 0
        9:  446:			putc( 'v', err );	/* always true! */
call    0 returned 9
        9:  447:		if ( nowarn )
branch  0 taken 2 (fallthrough)
branch  1 taken 7
        2:  448:			putc( 'w', err );
call    0 returned 2
        9:  449:		if ( interactive == false )
branch  0 taken 3 (fallthrough)
branch  1 taken 6
        3:  450:			putc( 'B', err );
call    0 returned 3
        9:  451:		if ( interactive == true )
branch  0 taken 6 (fallthrough)
branch  1 taken 3
        6:  452:			putc( 'I', err );
call    0 returned 6
        9:  453:		if ( ! gen_line_dirs )
branch  0 taken 2 (fallthrough)
branch  1 taken 7
        2:  454:			putc( 'L', err );
call    0 returned 2
        9:  455:		if ( trace )
branch  0 taken 4 (fallthrough)
branch  1 taken 5
        4:  456:			putc( 'T', err );
call    0 returned 4
        -:  457:
        9:  458:		if ( csize == unspecified )
branch  0 taken 0 (fallthrough)
branch  1 taken 9
        -:  459:			/* We encountered an error fairly early on, so csize
        -:  460:			 * never got specified.  Define it now, to prevent
        -:  461:			 * bogus table sizes being written out below.
        -:  462:			 */
    #####:  463:			csize = 256;
        -:  464:
        9:  465:		if ( csize == 128 )
branch  0 taken 1 (fallthrough)
branch  1 taken 8
        1:  466:			putc( '7', err );
call    0 returned 1
        -:  467:		else
        8:  468:			putc( '8', err );
call    0 returned 8
        -:  469:
        9:  470:		fprintf( err, " -C" );
call    0 returned 9
        -:  471:
        9:  472:		if ( long_align )
branch  0 taken 3 (fallthrough)
branch  1 taken 6
        3:  473:			putc( 'a', err );
call    0 returned 3
        9:  474:		if ( fulltbl )
branch  0 taken 1 (fallthrough)
branch  1 taken 8
        1:  475:			putc( 'f', err );
call    0 returned 1
        9:  476:		if ( fullspd )
branch  0 taken 1 (fallthrough)
branch  1 taken 8
        1:  477:			putc( 'F', err );
call    0 returned 1
        9:  478:		if ( useecs )
branch  0 taken 8 (fallthrough)
branch  1 taken 1
        8:  479:			putc( 'e', err );
call    0 returned 8
        9:  480:		if ( usemecs )
branch  0 taken 8 (fallthrough)
branch  1 taken 1
        8:  481:			putc( 'm', err );
call    0 returned 8
        9:  482:		if ( use_read )
branch  0 taken 2 (fallthrough)
branch  1 taken 7
        2:  483:			putc( 'r', err );
call    0 returned 2
        -:  484:
        9:  485:		if ( did_outfilename )
branch  0 taken 0 (fallthrough)
branch  1 taken 9
    #####:  486:			fprintf( err, " -o%s", outfilename );
call    0 never executed
        -:  487:
        9:  488:		if ( skelname )
branch  0 taken 1 (fallthrough)
branch  1 taken 8
        1:  489:			fprintf( err, " -S%s", skelname );
call    0 returned 1
        -:  490:
        9:  491:		if ( strcmp( prefix, "yy" ) )
branch  0 taken 0 (fallthrough)
branch  1 taken 9
    #####:  492:			fprintf( err, " -P%s", prefix );
call    0 never executed
        -:  493:
        9:  494:		putc( '\n', err );
call    0 returned 9
        -:  495:
        9:  496:		fprintf( err, _( "  %d/%d NFA states\n" ),
call    0 returned 9
        -:  497:			lastnfa, current_mns );
        9:  498:		fprintf( err, _( "  %d/%d DFA states (%d words)\n" ),
call    0 returned 9
        -:  499:			lastdfa, current_max_dfas, totnst );
        9:  500:		fprintf( err, _( "  %d rules\n" ),
        9:  501:		num_rules + num_eof_rules - 1 /* - 1 for def. rule */ );
call    0 returned 9
        -:  502:
        9:  503:		if ( num_backing_up == 0 )
branch  0 taken 2 (fallthrough)
branch  1 taken 7
        2:  504:			fprintf( err, _( "  No backing up\n" ) );
call    0 returned 2
        7:  505:		else if ( fullspd || fulltbl )
branch  0 taken 7 (fallthrough)
branch  1 taken 0
branch  2 taken 0 (fallthrough)
branch  3 taken 7
    #####:  506:			fprintf( err,
call    0 never executed
        -:  507:			_( "  %d backing-up (non-accepting) states\n" ),
        -:  508:				num_backing_up );
        -:  509:		else
        7:  510:			fprintf( err,
call    0 returned 7
        -:  511:				_( "  Compressed tables always back-up\n" ) );
        -:  512:
        9:  513:		if ( bol_needed )
branch  0 taken 0 (fallthrough)
branch  1 taken 9
    #####:  514:			fprintf( err,
call    0 never executed
        -:  515:				_( "  Beginning-of-line patterns used\n" ) );
        -:  516:
        9:  517:		fprintf( err, _( "  %d/%d start conditions\n" ), lastsc,
call    0 returned 9
        -:  518:			current_max_scs );
        9:  519:		fprintf( err,
call    0 returned 9
        -:  520:			_( "  %d epsilon states, %d double epsilon states\n" ),
        -:  521:			numeps, eps2 );
        -:  522:
        9:  523:		if ( lastccl == 0 )
branch  0 taken 2 (fallthrough)
branch  1 taken 7
        2:  524:			fprintf( err, _( "  no character classes\n" ) );
call    0 returned 2
        -:  525:		else
        7:  526:			fprintf( err,
        -:  527:_( "  %d/%d character classes needed %d/%d words of storage, %d reused\n" ),
        -:  528:				lastccl, current_maxccls,
        7:  529:				cclmap[lastccl] + ccllen[lastccl],
call    0 returned 7
        -:  530:				current_max_ccl_tbl_size, cclreuse );
        -:  531:
        9:  532:		fprintf( err, _( "  %d state/nextstate pairs created\n" ),
call    0 returned 9
        -:  533:			numsnpairs );
        9:  534:		fprintf( err, _( "  %d/%d unique/duplicate transitions\n" ),
call    0 returned 9
        -:  535:			numuniq, numdup );
        -:  536:
        9:  537:		if ( fulltbl )
branch  0 taken 1 (fallthrough)
branch  1 taken 8
        -:  538:			{
        1:  539:			tblsiz = lastdfa * numecs;
        1:  540:			fprintf( err, _( "  %d table entries\n" ), tblsiz );
call    0 returned 1
        -:  541:			}
        -:  542:
        -:  543:		else
        -:  544:			{
        8:  545:			tblsiz = 2 * (lastdfa + numtemps) + 2 * tblend;
        -:  546:
        8:  547:			fprintf( err,
call    0 returned 8
        -:  548:				_( "  %d/%d base-def entries created\n" ),
        -:  549:				lastdfa + numtemps, current_max_dfas );
        8:  550:			fprintf( err,
call    0 returned 8
        -:  551:			_( "  %d/%d (peak %d) nxt-chk entries created\n" ),
        -:  552:				tblend, current_max_xpairs, peakpairs );
        8:  553:			fprintf( err,
call    0 returned 8
        -:  554:		_( "  %d/%d (peak %d) template nxt-chk entries created\n" ),
        -:  555:				numtemps * nummecs,
        -:  556:				current_max_template_xpairs,
        -:  557:				numtemps * numecs );
        8:  558:			fprintf( err, _( "  %d empty table entries\n" ),
call    0 returned 8
        -:  559:				nummt );
        8:  560:			fprintf( err, _( "  %d protos created\n" ),
call    0 returned 8
        -:  561:				numprots );
        8:  562:			fprintf( err,
call    0 returned 8
        -:  563:				_( "  %d templates created, %d uses\n" ),
        -:  564:				numtemps, tmpuses );
        -:  565:			}
        -:  566:
        9:  567:		if ( useecs )
branch  0 taken 8 (fallthrough)
branch  1 taken 1
        -:  568:			{
        8:  569:			tblsiz = tblsiz + csize;
        8:  570:			fprintf( err,
call    0 returned 8
        -:  571:				_( "  %d/%d equivalence classes created\n" ),
        -:  572:				numecs, csize );
        -:  573:			}
        -:  574:
        9:  575:		if ( usemecs )
branch  0 taken 8 (fallthrough)
branch  1 taken 1
        -:  576:			{
        8:  577:			tblsiz = tblsiz + numecs;
        8:  578:			fprintf( err,
call    0 returned 8
        -:  579:			_( "  %d/%d meta-equivalence classes created\n" ),
        -:  580:				nummecs, csize );
        -:  581:			}
        -:  582:
        9:  583:		fprintf( err,
call    0 returned 9
        -:  584:		_( "  %d (%d saved) hash collisions, %d DFAs equal\n" ),
        -:  585:			hshcol, hshsave, dfaeql );
        9:  586:		fprintf( err, _( "  %d sets of reallocations needed\n" ),
call    0 returned 9
        -:  587:			num_reallocs );
        9:  588:		fprintf( err, _( "  %d total table entries needed\n" ),
call    0 returned 9
        -:  589:			tblsiz );
        -:  590:		}
        -:  591:
      565:  592:	exit( exit_status );
        -:  593:	}
        -:  594:
        -:  595:
        -:  596:/* flexinit - initialize flex */
        -:  597:
function flexinit called 567 returned 99% blocks executed 84%
      567:  598:void flexinit( argc, argv )
        -:  599:int argc;
        -:  600:char **argv;
        -:  601:	{
        -:  602:	int i, sawcmpflag;
        -:  603:	char *arg;
        -:  604:
      567:  605:	printstats = syntaxerror = trace = spprdflt = caseins = false;
      567:  606:	lex_compat = C_plus_plus = backing_up_report = ddebug = fulltbl = false;
      567:  607:	fullspd = long_align = nowarn = yymore_used = continued_action = false;
      567:  608:	do_yylineno = yytext_is_array = in_rule = reject = do_stdinit = false;
      567:  609:	yymore_really_used = reject_really_used = unspecified;
      567:  610:	interactive = csize = unspecified;
      567:  611:	do_yywrap = gen_line_dirs = usemecs = useecs = true;
      567:  612:	performance_report = 0;
      567:  613:	did_outfilename = 0;
      567:  614:	prefix = "yy";
      567:  615:	yyclass = 0;
      567:  616:	use_read = use_stdout = false;
        -:  617:
      567:  618:	sawcmpflag = false;
        -:  619:
        -:  620:	/* Initialize dynamic array for holding the rule actions. */
      567:  621:	action_size = 2048;	/* default size of action array in bytes */
      567:  622:	action_array = allocate_character_array( action_size );
call    0 returned 567
      567:  623:	defs1_offset = prolog_offset = action_offset = action_index = 0;
      567:  624:	action_array[0] = '\0';
        -:  625:
        -:  626:/* Commented by Amit Goel on 5th September 2001 to remove nomdeterminism */
        -:  627:/*	program_name = argv[0];  */
        -:  628:/* Added by Amit Goel on 5th September 2001 */
      567:  629:        program_name = "Executable";
        -:  630:
      567:  631:	if ( program_name[0] != '\0' &&
branch  0 taken 567 (fallthrough)
branch  1 taken 0
      567:  632:	     program_name[strlen( program_name ) - 1] == '+' )
branch  0 taken 0 (fallthrough)
branch  1 taken 567
    #####:  633:		C_plus_plus = true;
        -:  634:
        -:  635:/* ### add for testing ### */
      567:  636:        ++argv;--argc;
        -:  637:/* ####################### */
        -:  638:
        -:  639:	/* read flags */
     1517:  640:	for ( --argc, ++argv; argc ; --argc, ++argv )
branch  0 taken 1517
branch  1 taken 0 (fallthrough)
        -:  641:		{
     1517:  642:		arg = argv[0];
        -:  643:
     1517:  644:		if ( arg[0] != '-' || arg[1] == '\0' )
branch  0 taken 956 (fallthrough)
branch  1 taken 561
branch  2 taken 956 (fallthrough)
branch  3 taken 0
        -:  645:			break;
        -:  646:
      956:  647:		if ( arg[1] == '-' )
branch  0 taken 0 (fallthrough)
branch  1 taken 956
        -:  648:			{ /* --option */
    #####:  649:			if ( ! strcmp( arg, "--help" ) )
branch  0 never executed
branch  1 never executed
    #####:  650:				arg = "-h";
        -:  651:
    #####:  652:			else if ( ! strcmp( arg, "--version" ) )
branch  0 never executed
branch  1 never executed
    #####:  653:				arg = "-V";
        -:  654:
    #####:  655:			else if ( ! strcmp( arg, "--" ) )
branch  0 never executed
branch  1 never executed
        -:  656:				{ /* end of options */
    #####:  657:				--argc;
    #####:  658:				++argv;
    #####:  659:				break;
        -:  660:				}
        -:  661:			}
        -:  662:
     1615:  663:		for ( i = 1; arg[i] != '\0'; ++i )
branch  0 taken 1148
branch  1 taken 467 (fallthrough)
     1148:  664:			switch ( arg[i] )
branch  0 taken 0
branch  1 taken 2
branch  2 taken 5
branch  3 taken 1
branch  4 taken 478
branch  5 taken 252
branch  6 taken 84
branch  7 taken 80
branch  8 taken 1
branch  9 taken 3
branch 10 taken 3
branch 11 taken 163
branch 12 taken 3
branch 13 taken 1
branch 14 taken 1
branch 15 taken 4
branch 16 taken 15
branch 17 taken 4
branch 18 taken 3
branch 19 taken 3
branch 20 taken 24
branch 21 taken 9
branch 22 taken 1
branch 23 taken 3
branch 24 taken 3
branch 25 taken 2
branch 26 taken 0
        -:  665:				{
    #####:  666:				case '+':
    #####:  667:					C_plus_plus = true;
    #####:  668:					break;
        -:  669:
        2:  670:				case 'B':
        2:  671:					interactive = false;
        2:  672:					break;
        -:  673:
        5:  674:				case 'b':
        5:  675:					backing_up_report = true;
        5:  676:					break;
        -:  677:
        1:  678:				case 'c':
        1:  679:					break;
        -:  680:
      478:  681:				case 'C':
      478:  682:					if ( i != 1 )
branch  0 taken 1 (fallthrough)
branch  1 taken 477
        1:  683:						flexerror(
call    0 returned 0
        -:  684:				_( "-C flag must be given separately" ) );
        -:  685:
      477:  686:					if ( ! sawcmpflag )
branch  0 taken 476 (fallthrough)
branch  1 taken 1
        -:  687:						{
      476:  688:						useecs = false;
      476:  689:						usemecs = false;
      476:  690:						fulltbl = false;
      476:  691:						sawcmpflag = true;
        -:  692:						}
        -:  693:
     1401:  694:					for ( ++i; arg[i] != '\0'; ++i )
branch  0 taken 925
branch  1 taken 476 (fallthrough)
      925:  695:						switch ( arg[i] )
branch  0 taken 243
branch  1 taken 243
branch  2 taken 15
branch  3 taken 18
branch  4 taken 163
branch  5 taken 242
branch  6 taken 1
        -:  696:							{
      243:  697:							case 'a':
      243:  698:								long_align =
        -:  699:									true;
      243:  700:								break;
        -:  701:
      243:  702:							case 'e':
      243:  703:								useecs = true;
      243:  704:								break;
        -:  705:
       15:  706:							case 'F':
       15:  707:								fullspd = true;
       15:  708:								break;
        -:  709:
       18:  710:							case 'f':
       18:  711:								fulltbl = true;
       18:  712:								break;
        -:  713:
      163:  714:							case 'm':
      163:  715:								usemecs = true;
      163:  716:								break;
        -:  717:
      242:  718:							case 'r':
      242:  719:								use_read = true;
      242:  720:								break;
        -:  721:
        1:  722:							default:
        1:  723:								lerrif(
        -:  724:						_( "unknown -C option '%c'" ),
        1:  725:								(int) arg[i] );
call    0 returned 0
    #####:  726:								break;
        -:  727:							}
        -:  728:
      476:  729:					goto get_next_arg;
        -:  730:
      252:  731:				case 'd':
      252:  732:					ddebug = true;
      252:  733:					break;
        -:  734:
       84:  735:				case 'f':
       84:  736:					useecs = usemecs = false;
       84:  737:					use_read = fulltbl = true;
       84:  738:					break;
        -:  739:
       80:  740:				case 'F':
       80:  741:					useecs = usemecs = false;
       80:  742:					use_read = fullspd = true;
       80:  743:					break;
        -:  744:
        1:  745:				case '?':
        -:  746:				case 'h':
        1:  747:					usage();
call    0 returned 1
        1:  748:					exit( 0 );
call    0 returned 0
        -:  749:
        3:  750:				case 'I':
        3:  751:					interactive = true;
        3:  752:					break;
        -:  753:
        3:  754:				case 'i':
        3:  755:					caseins = true;
        3:  756:					break;
        -:  757:
      163:  758:				case 'l':
      163:  759:					lex_compat = true;
      163:  760:					break;
        -:  761:
        3:  762:				case 'L':
        3:  763:					gen_line_dirs = false;
        3:  764:					break;
        -:  765:
        1:  766:				case 'n':
        -:  767:					/* Stupid do-nothing deprecated
        -:  768:					 * option.
        -:  769:					 */
        1:  770:					break;
        -:  771:
        1:  772:				case 'o':
        1:  773:					if ( i != 1 )
branch  0 taken 0 (fallthrough)
branch  1 taken 1
    #####:  774:						flexerror(
call    0 never executed
        -:  775:				_( "-o flag must be given separately" ) );
        -:  776:
        1:  777:					outfilename = arg + i + 1;
        1:  778:					did_outfilename = 1;
        1:  779:					goto get_next_arg;
        -:  780:
        4:  781:				case 'P':
        4:  782:					if ( i != 1 )
branch  0 taken 1 (fallthrough)
branch  1 taken 3
        1:  783:						flexerror(
call    0 returned 0
        -:  784:				_( "-P flag must be given separately" ) );
        -:  785:
        3:  786:					prefix = arg + i + 1;
        3:  787:					goto get_next_arg;
        -:  788:
       15:  789:				case 'p':
       15:  790:					++performance_report;
       15:  791:					break;
        -:  792:
        4:  793:				case 'S':
        4:  794:					if ( i != 1 )
branch  0 taken 1 (fallthrough)
branch  1 taken 3
        1:  795:						flexerror(
call    0 returned 0
        -:  796:				_( "-S flag must be given separately" ) );
        -:  797:
        3:  798:					skelname = arg + i + 1;
        3:  799:					goto get_next_arg;
        -:  800:
        3:  801:				case 's':
        3:  802:					spprdflt = true;
        3:  803:					break;
        -:  804:
        3:  805:				case 't':
        3:  806:					use_stdout = true;
        3:  807:					break;
        -:  808:
       24:  809:				case 'T':
       24:  810:					trace = true;
       24:  811:					break;
        -:  812:
        9:  813:				case 'v':
        9:  814:					printstats = true;
        9:  815:					break;
        -:  816:
        1:  817:				case 'V':
        1:  818:					printf( _( "%s version %s\n" ),
call    0 returned 1
        -:  819:						program_name, flex_version );
        1:  820:					exit( 0 );
call    0 returned 0
        -:  821:
        3:  822:				case 'w':
        3:  823:					nowarn = true;
        3:  824:					break;
        -:  825:
        3:  826:				case '7':
        3:  827:					csize = 128;
        3:  828:					break;
        -:  829:
        2:  830:				case '8':
        2:  831:					csize = CSIZE;
        2:  832:					break;
        -:  833:
    #####:  834:				default:
    #####:  835:					fprintf( err,
        -:  836:		_( "%s: unknown flag '%c'.  For usage, try\n\t%s --help\n" ),
    #####:  837:						program_name, (int) arg[i],
call    0 never executed
        -:  838:						program_name );
    #####:  839:					exit( 1 );
call    0 never executed
        -:  840:				}
        -:  841:
        -:  842:		/* Used by -C, -S, -o, and -P flags in lieu of a "continue 2"
        -:  843:		 * control.
        -:  844:		 */
      950:  845:		get_next_arg: ;
        -:  846:		}
        -:  847:
      561:  848:	num_input_files = argc;
      561:  849:	input_files = argv;
     561*:  850:	set_input_file( num_input_files > 0 ? input_files[0] : NULL );
branch  0 taken 561 (fallthrough)
branch  1 taken 0
call    2 returned 560
        -:  851:
      560:  852:	lastccl = lastsc = lastdfa = lastnfa = 0;
      560:  853:	num_rules = num_eof_rules = default_rule = 0;
      560:  854:	numas = numsnpairs = tmpuses = 0;
      560:  855:	numecs = numeps = eps2 = num_reallocs = hshcol = dfaeql = totnst = 0;
      560:  856:	numuniq = numdup = hshsave = eofseen = datapos = dataline = 0;
      560:  857:	num_backing_up = onesp = numprots = 0;
      560:  858:	variable_trailing_context_rules = bol_needed = false;
        -:  859:
      560:  860:	out_linenum = linenum = sectnum = 1;
      560:  861:	firstprot = NIL;
        -:  862:
        -:  863:	/* Used in mkprot() so that the first proto goes in slot 1
        -:  864:	 * of the proto queue.
        -:  865:	 */
      560:  866:	lastprot = 1;
        -:  867:
      560:  868:	set_up_initial_allocations();
call    0 returned 560
      560:  869:	}
        -:  870:
        -:  871:
        -:  872:/* readin - read in the rules section of the input file(s) */
        -:  873:
function readin called 560 returned 97% blocks executed 71%
      560:  874:void readin()
        -:  875:	{
        -:  876:	static char yy_stdinit[] = "FILE *yyin = stdin, *yyout = stdout;";
        -:  877:	static char yy_nostdinit[] =
        -:  878:		"FILE *yyin = (FILE *) 0, *yyout = (FILE *) 0;";
        -:  879:
      560:  880:	line_directive_out( (FILE *) 0, 1 );
call    0 returned 560
        -:  881:
      560:  882:	if ( yyparse() )
call    0 returned 552
branch  1 taken 1 (fallthrough)
branch  2 taken 551
        -:  883:		{
        1:  884:		pinpoint_message( _( "fatal parse error" ) );
call    0 returned 1
        1:  885:		flexend( 1 );
call    0 returned 0
        -:  886:		}
        -:  887:
      551:  888:	if ( syntaxerror )
branch  0 taken 6 (fallthrough)
branch  1 taken 545
        6:  889:		flexend( 1 );
call    0 returned 0
        -:  890:
      545:  891:	if ( backing_up_report )
branch  0 taken 5 (fallthrough)
branch  1 taken 540
        -:  892:		{
        5:  893:		backing_up_file = fopen( backing_name, "w" );
call    0 returned 5
        5:  894:		if ( backing_up_file == NULL )
branch  0 taken 0 (fallthrough)
branch  1 taken 5
    #####:  895:			lerrsf(
call    0 never executed
        -:  896:			_( "could not create backing-up info file %s" ),
        -:  897:				backing_name );
        -:  898:		}
        -:  899:
        -:  900:	else
      540:  901:		backing_up_file = NULL;
        -:  902:
      545:  903:	if ( yymore_really_used == true )
branch  0 taken 161 (fallthrough)
branch  1 taken 384
      161:  904:		yymore_used = true;
      384:  905:	else if ( yymore_really_used == false )
branch  0 taken 0 (fallthrough)
branch  1 taken 384
    #####:  906:		yymore_used = false;
        -:  907:
      545:  908:	if ( reject_really_used == true )
branch  0 taken 161 (fallthrough)
branch  1 taken 384
      161:  909:		reject = true;
      384:  910:	else if ( reject_really_used == false )
branch  0 taken 0 (fallthrough)
branch  1 taken 384
    #####:  911:		reject = false;
        -:  912:
      545:  913:	if ( performance_report > 0 )
branch  0 taken 12 (fallthrough)
branch  1 taken 533
        -:  914:		{
       12:  915:		if ( lex_compat )
branch  0 taken 2 (fallthrough)
branch  1 taken 10
        -:  916:			{
        2:  917:			fprintf( err,
call    0 returned 2
        -:  918:_( "-l AT&T lex compatibility option entails a large performance penalty\n" ) );
        2:  919:			fprintf( err,
call    0 returned 2
        -:  920:_( " and may be the actual source of other reported performance penalties\n" ) );
        -:  921:			}
        -:  922:
       10:  923:		else if ( do_yylineno )
branch  0 taken 0 (fallthrough)
branch  1 taken 10
        -:  924:			{
    #####:  925:			fprintf( err,
call    0 never executed
        -:  926:	_( "%%option yylineno entails a large performance penalty\n" ) );
        -:  927:			}
        -:  928:
       12:  929:		if ( performance_report > 1 )
branch  0 taken 1 (fallthrough)
branch  1 taken 11
        -:  930:			{
        1:  931:			if ( interactive )
branch  0 taken 1 (fallthrough)
branch  1 taken 0
        1:  932:				fprintf( err,
call    0 returned 1
        -:  933:	_( "-I (interactive) entails a minor performance penalty\n" ) );
        -:  934:
        1:  935:			if ( yymore_used )
branch  0 taken 0 (fallthrough)
branch  1 taken 1
    #####:  936:				fprintf( err,
call    0 never executed
        -:  937:		_( "yymore() entails a minor performance penalty\n" ) );
        -:  938:			}
        -:  939:
       12:  940:		if ( reject )
branch  0 taken 5 (fallthrough)
branch  1 taken 7
        5:  941:			fprintf( err,
call    0 returned 5
        -:  942:			_( "REJECT entails a large performance penalty\n" ) );
        -:  943:
       12:  944:		if ( variable_trailing_context_rules )
branch  0 taken 1 (fallthrough)
branch  1 taken 11
        1:  945:			fprintf( err,
call    0 returned 1
        -:  946:_( "Variable trailing context rules entail a large performance penalty\n" ) );
        -:  947:		}
        -:  948:
      545:  949:	if ( reject )
branch  0 taken 168 (fallthrough)
branch  1 taken 377
      168:  950:		real_reject = true;
        -:  951:
      545:  952:	if ( variable_trailing_context_rules )
branch  0 taken 33 (fallthrough)
branch  1 taken 512
       33:  953:		reject = true;
        -:  954:
      545:  955:	if ( (fulltbl || fullspd) && reject )
branch  0 taken 521 (fallthrough)
branch  1 taken 24
branch  2 taken 93 (fallthrough)
branch  3 taken 428
branch  4 taken 2 (fallthrough)
branch  5 taken 115
        -:  956:		{
        2:  957:		if ( real_reject )
branch  0 taken 2 (fallthrough)
branch  1 taken 0
        2:  958:			flexerror(
call    0 returned 0
        -:  959:				_( "REJECT cannot be used with -f or -F" ) );
    #####:  960:		else if ( do_yylineno )
branch  0 never executed
branch  1 never executed
    #####:  961:			flexerror(
call    0 never executed
        -:  962:			_( "%option yylineno cannot be used with -f or -F" ) );
        -:  963:		else
    #####:  964:			flexerror(
call    0 never executed
        -:  965:	_( "variable trailing context rules cannot be used with -f or -F" ) );
        -:  966:		}
        -:  967:
      543:  968:	if ( reject )
branch  0 taken 168 (fallthrough)
branch  1 taken 375
      168:  969:		outn( "\n#define YY_USES_REJECT" );
call    0 returned 168
        -:  970:
      543:  971:	if ( ! do_yywrap )
branch  0 taken 0 (fallthrough)
branch  1 taken 543
        -:  972:		{
    #####:  973:		outn( "\n#define yywrap() 1" );
call    0 never executed
    #####:  974:		outn( "#define YY_SKIP_YYWRAP" );
call    0 never executed
        -:  975:		}
        -:  976:
      543:  977:	if ( ddebug )
branch  0 taken 252 (fallthrough)
branch  1 taken 291
      252:  978:		outn( "\n#define FLEX_DEBUG" );
call    0 returned 252
        -:  979:
      543:  980:	if ( csize == 256 )
branch  0 taken 467 (fallthrough)
branch  1 taken 76
      467:  981:		outn( "typedef unsigned char YY_CHAR;" );
call    0 returned 467
        -:  982:	else
       76:  983:		outn( "typedef char YY_CHAR;" );
call    0 returned 76
        -:  984:
      543:  985:	if ( C_plus_plus )
branch  0 taken 0 (fallthrough)
branch  1 taken 543
        -:  986:		{
    #####:  987:		outn( "#define yytext_ptr yytext" );
call    0 never executed
        -:  988:
    #####:  989:		if ( interactive )
branch  0 never executed
branch  1 never executed
    #####:  990:			outn( "#define YY_INTERACTIVE" );
call    0 never executed
        -:  991:		}
        -:  992:
        -:  993:	else
        -:  994:		{
      543:  995:		if ( do_stdinit )
branch  0 taken 0 (fallthrough)
branch  1 taken 543
        -:  996:			{
    #####:  997:			outn( "#ifdef VMS" );
call    0 never executed
    #####:  998:			outn( "#ifndef __VMS_POSIX" );
call    0 never executed
    #####:  999:			outn( yy_nostdinit );
call    0 never executed
    #####: 1000:			outn( "#else" );
call    0 never executed
    #####: 1001:			outn( yy_stdinit );
call    0 never executed
    #####: 1002:			outn( "#endif" );
call    0 never executed
    #####: 1003:			outn( "#else" );
call    0 never executed
    #####: 1004:			outn( yy_stdinit );
call    0 never executed
    #####: 1005:			outn( "#endif" );
call    0 never executed
        -: 1006:			}
        -: 1007:
        -: 1008:		else
      543: 1009:			outn( yy_nostdinit );
call    0 returned 543
        -: 1010:		}
        -: 1011:
      543: 1012:	if ( fullspd )
branch  0 taken 92 (fallthrough)
branch  1 taken 451
       92: 1013:		outn( "typedef yyconst struct yy_trans_info *yy_state_type;" );
call    0 returned 92
      451: 1014:	else if ( ! C_plus_plus )
branch  0 taken 451 (fallthrough)
branch  1 taken 0
      451: 1015:		outn( "typedef int yy_state_type;" );
call    0 returned 451
        -: 1016:
      543: 1017:	if ( ddebug )
branch  0 taken 252 (fallthrough)
branch  1 taken 291
      252: 1018:		outn( "\n#define FLEX_DEBUG" );
call    0 returned 252
        -: 1019:
      543: 1020:	if ( lex_compat )
branch  0 taken 161 (fallthrough)
branch  1 taken 382
      161: 1021:		outn( "#define YY_FLEX_LEX_COMPAT" );
call    0 returned 161
        -: 1022:
      543: 1023:	if ( do_yylineno && ! C_plus_plus )
branch  0 taken 161 (fallthrough)
branch  1 taken 382
branch  2 taken 161 (fallthrough)
branch  3 taken 0
        -: 1024:		{
      161: 1025:		outn( "extern int yylineno;" );
call    0 returned 161
      161: 1026:		outn( "int yylineno = 1;" );
call    0 returned 161
        -: 1027:		}
        -: 1028:
      543: 1029:	if ( C_plus_plus )
branch  0 taken 0 (fallthrough)
branch  1 taken 543
        -: 1030:		{
    #####: 1031:		outn( "\n#include <FlexLexer.h>" );
call    0 never executed
        -: 1032:
    #####: 1033:		if ( yyclass )
branch  0 never executed
branch  1 never executed
        -: 1034:			{
    #####: 1035:			outn( "int yyFlexLexer::yylex()" );
call    0 never executed
    #####: 1036:			outn( "\t{" );
call    0 never executed
    #####: 1037:			outn(
call    0 never executed
        -: 1038:"\tLexerError( \"yyFlexLexer::yylex invoked but %option yyclass used\" );" );
    #####: 1039:			outn( "\treturn 0;" );
call    0 never executed
    #####: 1040:			outn( "\t}" );
call    0 never executed
        -: 1041:	
    #####: 1042:			out_str( "\n#define YY_DECL int %s::yylex()\n",
call    0 never executed
        -: 1043:				yyclass );
        -: 1044:			}
        -: 1045:		}
        -: 1046:
        -: 1047:	else
        -: 1048:		{
      543: 1049:		if ( yytext_is_array )
branch  0 taken 161 (fallthrough)
branch  1 taken 382
      161: 1050:			outn( "extern char yytext[];\n" );
call    0 returned 161
        -: 1051:
        -: 1052:		else
        -: 1053:			{
      382: 1054:			outn( "extern char *yytext;" );
call    0 returned 382
      382: 1055:			outn( "#define yytext_ptr yytext" );
call    0 returned 382
        -: 1056:			}
        -: 1057:
      543: 1058:		if ( yyclass )
branch  0 taken 0 (fallthrough)
branch  1 taken 543
    #####: 1059:			flexerror(
call    0 never executed
        -: 1060:		_( "%option yyclass only meaningful for C++ scanners" ) );
        -: 1061:		}
        -: 1062:
      543: 1063:	if ( useecs )
branch  0 taken 296 (fallthrough)
branch  1 taken 247
      296: 1064:		numecs = cre8ecs( nextecm, ecgroup, csize );
call    0 returned 296
        -: 1065:	else
      247: 1066:		numecs = csize;
        -: 1067:
        -: 1068:	/* Now map the equivalence class for NUL to its expected place. */
      543: 1069:	ecgroup[0] = ecgroup[csize];
      543: 1070:	NUL_ec = ABS( ecgroup[0] );
        -: 1071:
      543: 1072:	if ( useecs )
branch  0 taken 296 (fallthrough)
branch  1 taken 247
      296: 1073:		ccl2ecl();
call    0 returned 296
      543: 1074:	}
        -: 1075:
        -: 1076:
        -: 1077:/* set_up_initial_allocations - allocate memory for internal tables */
        -: 1078:
function set_up_initial_allocations called 560 returned 100% blocks executed 100%
      560: 1079:void set_up_initial_allocations()
        -: 1080:	{
      560: 1081:	current_mns = INITIAL_MNS;
      560: 1082:	firstst = allocate_integer_array( current_mns );
call    0 returned 560
      560: 1083:	lastst = allocate_integer_array( current_mns );
call    0 returned 560
      560: 1084:	finalst = allocate_integer_array( current_mns );
call    0 returned 560
      560: 1085:	transchar = allocate_integer_array( current_mns );
call    0 returned 560
      560: 1086:	trans1 = allocate_integer_array( current_mns );
call    0 returned 560
      560: 1087:	trans2 = allocate_integer_array( current_mns );
call    0 returned 560
      560: 1088:	accptnum = allocate_integer_array( current_mns );
call    0 returned 560
      560: 1089:	assoc_rule = allocate_integer_array( current_mns );
call    0 returned 560
      560: 1090:	state_type = allocate_integer_array( current_mns );
call    0 returned 560
        -: 1091:
      560: 1092:	current_max_rules = INITIAL_MAX_RULES;
      560: 1093:	rule_type = allocate_integer_array( current_max_rules );
call    0 returned 560
      560: 1094:	rule_linenum = allocate_integer_array( current_max_rules );
call    0 returned 560
      560: 1095:	rule_useful = allocate_integer_array( current_max_rules );
call    0 returned 560
        -: 1096:
      560: 1097:	current_max_scs = INITIAL_MAX_SCS;
      560: 1098:	scset = allocate_integer_array( current_max_scs );
call    0 returned 560
      560: 1099:	scbol = allocate_integer_array( current_max_scs );
call    0 returned 560
      560: 1100:	scxclu = allocate_integer_array( current_max_scs );
call    0 returned 560
      560: 1101:	sceof = allocate_integer_array( current_max_scs );
call    0 returned 560
      560: 1102:	scname = allocate_char_ptr_array( current_max_scs );
call    0 returned 560
        -: 1103:
      560: 1104:	current_maxccls = INITIAL_MAX_CCLS;
      560: 1105:	cclmap = allocate_integer_array( current_maxccls );
call    0 returned 560
      560: 1106:	ccllen = allocate_integer_array( current_maxccls );
call    0 returned 560
      560: 1107:	cclng = allocate_integer_array( current_maxccls );
call    0 returned 560
        -: 1108:
      560: 1109:	current_max_ccl_tbl_size = INITIAL_MAX_CCL_TBL_SIZE;
      560: 1110:	ccltbl = allocate_Character_array( current_max_ccl_tbl_size );
call    0 returned 560
        -: 1111:
      560: 1112:	current_max_dfa_size = INITIAL_MAX_DFA_SIZE;
        -: 1113:
      560: 1114:	current_max_xpairs = INITIAL_MAX_XPAIRS;
      560: 1115:	nxt = allocate_integer_array( current_max_xpairs );
call    0 returned 560
      560: 1116:	chk = allocate_integer_array( current_max_xpairs );
call    0 returned 560
        -: 1117:
      560: 1118:	current_max_template_xpairs = INITIAL_MAX_TEMPLATE_XPAIRS;
      560: 1119:	tnxt = allocate_integer_array( current_max_template_xpairs );
call    0 returned 560
        -: 1120:
      560: 1121:	current_max_dfas = INITIAL_MAX_DFAS;
      560: 1122:	base = allocate_integer_array( current_max_dfas );
call    0 returned 560
      560: 1123:	def = allocate_integer_array( current_max_dfas );
call    0 returned 560
      560: 1124:	dfasiz = allocate_integer_array( current_max_dfas );
call    0 returned 560
      560: 1125:	accsiz = allocate_integer_array( current_max_dfas );
call    0 returned 560
      560: 1126:	dhash = allocate_integer_array( current_max_dfas );
call    0 returned 560
      560: 1127:	dss = allocate_int_ptr_array( current_max_dfas );
call    0 returned 560
      560: 1128:	dfaacc = allocate_dfaacc_union( current_max_dfas );
call    0 returned 560
        -: 1129:
      560: 1130:	nultrans = (int *) 0;
      560: 1131:	}
        -: 1132:
        -: 1133:
function usage called 1 returned 100% blocks executed 98%
        1: 1134:void usage()
        -: 1135:	{
        -: 1136:/*	FILE *f = stdout;*/ /* ### f is replaced by err for testing. #### */
        -: 1137:
        1: 1138:	fprintf( err,
call    0 returned 1
        -: 1139:_( "%s [-bcdfhilnpstvwBFILTV78+? -C[aefFmr] -ooutput -Pprefix -Sskeleton]\n" ),
        -: 1140:		program_name );
        1: 1141:	fprintf( err, _( "\t[--help --version] [file ...]\n" ) );
call    0 returned 1
        -: 1142:
        1: 1143:	fprintf( err, _( "\t-b  generate backing-up information to %s\n" ),
call    0 returned 1
        -: 1144:		backing_name );
        1: 1145:	fprintf( err, _( "\t-c  do-nothing POSIX option\n" ) );
call    0 returned 1
        1: 1146:	fprintf( err, _( "\t-d  turn on debug mode in generated scanner\n" ) );
call    0 returned 1
        1: 1147:	fprintf( err, _( "\t-f  generate fast, large scanner\n" ) );
call    0 returned 1
        1: 1148:	fprintf( err, _( "\t-h  produce this help message\n" ) );
call    0 returned 1
        1: 1149:	fprintf( err, _( "\t-i  generate case-insensitive scanner\n" ) );
call    0 returned 1
        1: 1150:	fprintf( err, _( "\t-l  maximal compatibility with original lex\n" ) );
call    0 returned 1
        1: 1151:	fprintf( err, _( "\t-n  do-nothing POSIX option\n" ) );
call    0 returned 1
        1: 1152:	fprintf( err, _( "\t-p  generate performance report to err\n" ) );
call    0 returned 1
        1: 1153:	fprintf( err,
call    0 returned 1
        -: 1154:		_( "\t-s  suppress default rule to ECHO unmatched text\n" ) );
        -: 1155:
        1: 1156:	if ( ! did_outfilename )
branch  0 taken 1 (fallthrough)
branch  1 taken 0
        -: 1157:		{
       1*: 1158:		sprintf( outfile_path, outfile_template,
        1: 1159:			prefix, C_plus_plus ? "cc" : "c" );
branch  0 taken 0 (fallthrough)
branch  1 taken 1
        1: 1160:		outfilename = outfile_path;
        -: 1161:		}
        -: 1162:
        1: 1163:	fprintf( err,
call    0 returned 1
        -: 1164:		_( "\t-t  write generated scanner on stdout instead of %s\n" ),
        -: 1165:		outfilename );
        -: 1166:
        1: 1167:	fprintf( err,
call    0 returned 1
        -: 1168:		_( "\t-v  write summary of scanner statistics to f\n" ) );
        1: 1169:	fprintf( err, _( "\t-w  do not generate warnings\n" ) );
call    0 returned 1
        1: 1170:	fprintf( err, _( "\t-B  generate batch scanner (opposite of -I)\n" ) );
call    0 returned 1
        1: 1171:	fprintf( err,
call    0 returned 1
        -: 1172:		_( "\t-F  use alternative fast scanner representation\n" ) );
        1: 1173:	fprintf( err,
call    0 returned 1
        -: 1174:		_( "\t-I  generate interactive scanner (opposite of -B)\n" ) );
        1: 1175:	fprintf( err, _( "\t-L  suppress #line directives in scanner\n" ) );
call    0 returned 1
        1: 1176:	fprintf( err, _( "\t-T  %s should run in trace mode\n" ), program_name );
call    0 returned 1
        1: 1177:	fprintf( err, _( "\t-V  report %s version\n" ), program_name );
call    0 returned 1
        1: 1178:	fprintf( err, _( "\t-7  generate 7-bit scanner\n" ) );
call    0 returned 1
        1: 1179:	fprintf( err, _( "\t-8  generate 8-bit scanner\n" ) );
call    0 returned 1
        1: 1180:	fprintf( err, _( "\t-+  generate C++ scanner class\n" ) );
call    0 returned 1
        1: 1181:	fprintf( err, _( "\t-?  produce this help message\n" ) );
call    0 returned 1
        1: 1182:	fprintf( err,
call    0 returned 1
        -: 1183:_( "\t-C  specify degree of table compression (default is -Cem):\n" ) );
        1: 1184:	fprintf( err,
call    0 returned 1
        -: 1185:_( "\t\t-Ca  trade off larger tables for better memory alignment\n" ) );
        1: 1186:	fprintf( err, _( "\t\t-Ce  construct equivalence classes\n" ) );
call    0 returned 1
        1: 1187:	fprintf( err,
call    0 returned 1
        -: 1188:_( "\t\t-Cf  do not compress scanner tables; use -f representation\n" ) );
        1: 1189:	fprintf( err,
call    0 returned 1
        -: 1190:_( "\t\t-CF  do not compress scanner tables; use -F representation\n" ) );
        1: 1191:	fprintf( err, _( "\t\t-Cm  construct meta-equivalence classes\n" ) );
call    0 returned 1
        1: 1192:	fprintf( err,
call    0 returned 1
        -: 1193:	_( "\t\t-Cr  use read() instead of stdio for scanner input\n" ) );
        1: 1194:	fprintf( err, _( "\t-o  specify output filename\n" ) );
call    0 returned 1
        1: 1195:	fprintf( err, _( "\t-P  specify scanner prefix other than \"yy\"\n" ) );
call    0 returned 1
        1: 1196:	fprintf( err, _( "\t-S  specify skeleton file\n" ) );
call    0 returned 1
        1: 1197:	fprintf( err, _( "\t--help     produce this help message\n" ) );
call    0 returned 1
        1: 1198:	fprintf( err, _( "\t--version  report %s version\n" ), program_name );
call    0 returned 1
        1: 1199:	}
        -: 1200:/* ccl - routines for character classes */
        -: 1201:
        -: 1202:/*-
        -: 1203: * Copyright (c) 1990 The Regents of the University of California.
        -: 1204: * All rights reserved.
        -: 1205: *
        -: 1206: * This code is derived from software contributed to Berkeley by
        -: 1207: * Vern Paxson.
        -: 1208: * 
        -: 1209: * The United States Government has rights in this work pursuant
        -: 1210: * to contract no. DE-AC03-76SF00098 between the United States
        -: 1211: * Department of Energy and the University of California.
        -: 1212: *
        -: 1213: * Redistribution and use in source and binary forms are permitted provided
        -: 1214: * that: (1) source distributions retain this entire copyright notice and
        -: 1215: * comment, and (2) distributions including binaries display the following
        -: 1216: * acknowledgement:  ``This product includes software developed by the
        -: 1217: * University of California, Berkeley and its contributors'' in the
        -: 1218: * documentation or other materials provided with the distribution and in
        -: 1219: * all advertising materials mentioning features or use of this software.
        -: 1220: * Neither the name of the University nor the names of its contributors may
        -: 1221: * be used to endorse or promote products derived from this software without
        -: 1222: * specific prior written permission.
        -: 1223: * THIS SOFTWARE IS PROVIDED ``AS IS'' AND WITHOUT ANY EXPRESS OR IMPLIED
        -: 1224: * WARRANTIES, INCLUDING, WITHOUT LIMITATION, THE IMPLIED WARRANTIES OF
        -: 1225: * MERCHANTABILITY AND FITNESS FOR A PARTICULAR PURPOSE.
        -: 1226: */
        -: 1227:
        -: 1228:/* $Header: /a1/cvsadm/cvsroot/expsir/csubjects/flex/versions.alt/versions.seeded/v4/flex.c,v 1.1.1.2 2003/09/02 20:21:59 expsir Exp $ */
        -: 1229:
        -: 1230:
        -: 1231:/* ccladd - add a single character to a ccl */
        -: 1232:
function ccladd called 25222 returned 100% blocks executed 100%
    25222: 1233:void ccladd( cclp, ch )
        -: 1234:int cclp;
        -: 1235:int ch;
        -: 1236:	{
        -: 1237:	int ind, len, newpos, i;
        -: 1238:
    25222: 1239:	check_char( ch );
call    0 returned 25222
        -: 1240:
    25222: 1241:	len = ccllen[cclp];
    25222: 1242:	ind = cclmap[cclp];
        -: 1243:
        -: 1244:	/* check to see if the character is already in the ccl */
        -: 1245:
   486630: 1246:	for ( i = 0; i < len; ++i )
branch  0 taken 461619
branch  1 taken 25011 (fallthrough)
   461619: 1247:		if ( ccltbl[ind + i] == ch )
branch  0 taken 211 (fallthrough)
branch  1 taken 461408
      211: 1248:			return;
        -: 1249:
    25011: 1250:	newpos = ind + len;
        -: 1251:
    25011: 1252:	if ( newpos >= current_max_ccl_tbl_size )
branch  0 taken 40 (fallthrough)
branch  1 taken 24971
        -: 1253:		{
       40: 1254:		current_max_ccl_tbl_size += MAX_CCL_TBL_SIZE_INCREMENT;
        -: 1255:
       40: 1256:		++num_reallocs;
        -: 1257:
       40: 1258:		ccltbl = reallocate_Character_array( ccltbl,
call    0 returned 40
        -: 1259:						current_max_ccl_tbl_size );
        -: 1260:		}
        -: 1261:
    25011: 1262:	ccllen[cclp] = len + 1;
    25011: 1263:	ccltbl[newpos] = ch;
        -: 1264:	}
        -: 1265:
        -: 1266:
        -: 1267:/* cclinit - return an empty ccl */
        -: 1268:
function cclinit called 2060 returned 100% blocks executed 100%
     2060: 1269:int cclinit()
        -: 1270:	{
     2060: 1271:	if ( ++lastccl >= current_maxccls )
branch  0 taken 2 (fallthrough)
branch  1 taken 2058
        -: 1272:		{
        2: 1273:		current_maxccls += MAX_CCLS_INCREMENT;
        -: 1274:
        2: 1275:		++num_reallocs;
        -: 1276:
        2: 1277:		cclmap = reallocate_integer_array( cclmap, current_maxccls );
call    0 returned 2
        2: 1278:		ccllen = reallocate_integer_array( ccllen, current_maxccls );
call    0 returned 2
        2: 1279:		cclng = reallocate_integer_array( cclng, current_maxccls );
call    0 returned 2
        -: 1280:		}
        -: 1281:
     2060: 1282:	if ( lastccl == 1 )
branch  0 taken 551 (fallthrough)
branch  1 taken 1509
        -: 1283:		/* we're making the first ccl */
      551: 1284:		cclmap[lastccl] = 0;
        -: 1285:
        -: 1286:	else
        -: 1287:		/* The new pointer is just past the end of the last ccl.
        -: 1288:		 * Since the cclmap points to the \first/ character of a
        -: 1289:		 * ccl, adding the length of the ccl to the cclmap pointer
        -: 1290:		 * will produce a cursor to the first free space.
        -: 1291:		 */
     1509: 1292:		cclmap[lastccl] = cclmap[lastccl - 1] + ccllen[lastccl - 1];
        -: 1293:
     2060: 1294:	ccllen[lastccl] = 0;
     2060: 1295:	cclng[lastccl] = 0;	/* ccl's start out life un-negated */
        -: 1296:
     2060: 1297:	return lastccl;
        -: 1298:	}
        -: 1299:
        -: 1300:
        -: 1301:/* cclnegate - negate the given ccl */
        -: 1302:
function cclnegate called 981 returned 100% blocks executed 100%
      981: 1303:void cclnegate( cclp )
        -: 1304:int cclp;
        -: 1305:	{
      981: 1306:	cclng[cclp] = 1;
      981: 1307:	}
        -: 1308:
        -: 1309:
        -: 1310:/* list_character_set - list the members of a set of characters in CCL form
        -: 1311: *
        -: 1312: * Writes to the given file a character-class representation of those
        -: 1313: * characters present in the given CCL.  A character is present if it
        -: 1314: * has a non-zero value in the cset array.
        -: 1315: */
        -: 1316:
function list_character_set called 8 returned 100% blocks executed 100%
        8: 1317:void list_character_set( file, cset )
        -: 1318:FILE *file;
        -: 1319:int cset[];
        -: 1320:	{
        -: 1321:	register int i;
        -: 1322:
        8: 1323:	putc( '[', file );
call    0 returned 8
        -: 1324:
      908: 1325:	for ( i = 0; i < csize; ++i )
branch  0 taken 900
branch  1 taken 8 (fallthrough)
        -: 1326:		{
      900: 1327:		if ( cset[i] )
branch  0 taken 12 (fallthrough)
branch  1 taken 888
        -: 1328:			{
       12: 1329:			register int start_char = i;
        -: 1330:
       12: 1331:			putc( ' ', file );
call    0 returned 12
        -: 1332:
       12: 1333:			fputs( readable_form( i ), file );
call    0 returned 12
call    1 returned 12
        -: 1334:
      896: 1335:			while ( ++i < csize && cset[i] )
branch  0 taken 892 (fallthrough)
branch  1 taken 4
branch  2 taken 884
branch  3 taken 8 (fallthrough)
        -: 1336:				;
        -: 1337:
       12: 1338:			if ( i - 1 > start_char )
branch  0 taken 8 (fallthrough)
branch  1 taken 4
        -: 1339:				/* this was a run */
        8: 1340:				fprintf( file, "-%s", readable_form( i - 1 ) );
call    0 returned 8
call    1 returned 8
        -: 1341:
       12: 1342:			putc( ' ', file );
call    0 returned 12
        -: 1343:			}
        -: 1344:		}
        -: 1345:
        8: 1346:	putc( ']', file );
call    0 returned 8
        8: 1347:	}
        -: 1348:/* dfa - DFA construction routines */
        -: 1349:
        -: 1350:/*-
        -: 1351: * Copyright (c) 1990 The Regents of the University of California.
        -: 1352: * All rights reserved.
        -: 1353: *
        -: 1354: * This code is derived from software contributed to Berkeley by
        -: 1355: * Vern Paxson.
        -: 1356: * 
        -: 1357: * The United States Government has rights in this work pursuant
        -: 1358: * to contract no. DE-AC03-76SF00098 between the United States
        -: 1359: * Department of Energy and the University of California.
        -: 1360: *
        -: 1361: * Redistribution and use in source and binary forms are permitted provided
        -: 1362: * that: (1) source distributions retain this entire copyright notice and
        -: 1363: * comment, and (2) distributions including binaries display the following
        -: 1364: * acknowledgement:  ``This product includes software developed by the
        -: 1365: * University of California, Berkeley and its contributors'' in the
        -: 1366: * documentation or other materials provided with the distribution and in
        -: 1367: * all advertising materials mentioning features or use of this software.
        -: 1368: * Neither the name of the University nor the names of its contributors may
        -: 1369: * be used to endorse or promote products derived from this software without
        -: 1370: * specific prior written permission.
        -: 1371: * THIS SOFTWARE IS PROVIDED ``AS IS'' AND WITHOUT ANY EXPRESS OR IMPLIED
        -: 1372: * WARRANTIES, INCLUDING, WITHOUT LIMITATION, THE IMPLIED WARRANTIES OF
        -: 1373: * MERCHANTABILITY AND FITNESS FOR A PARTICULAR PURPOSE.
        -: 1374: */
        -: 1375:
        -: 1376:/* $Header: /a1/cvsadm/cvsroot/expsir/csubjects/flex/versions.alt/versions.seeded/v4/flex.c,v 1.1.1.2 2003/09/02 20:21:59 expsir Exp $ */
        -: 1377:
        -: 1378:
        -: 1379:
        -: 1380:/* declare functions that have forward references */
        -: 1381:
        -: 1382:void dump_associated_rules PROTO((FILE*, int));
        -: 1383:void dump_transitions PROTO((FILE*, int[]));
        -: 1384:void sympartition PROTO((int[], int, int[], int[]));
        -: 1385:int symfollowset PROTO((int[], int, int, int[]));
        -: 1386:
        -: 1387:
        -: 1388:/* check_for_backing_up - check a DFA state for backing up
        -: 1389: *
        -: 1390: * synopsis
        -: 1391: *     void check_for_backing_up( int ds, int state[numecs] );
        -: 1392: *
        -: 1393: * ds is the number of the state to check and state[] is its out-transitions,
        -: 1394: * indexed by equivalence class.
        -: 1395: */
        -: 1396:
function check_for_backing_up called 12403 returned 100% blocks executed 100%
    12403: 1397:void check_for_backing_up( ds, state )
        -: 1398:int ds;
        -: 1399:int state[];
        -: 1400:	{
    12403: 1401:	if ( (reject && ! dfaacc[ds].dfaacc_set) ||
branch  0 taken 4663 (fallthrough)
branch  1 taken 7740
branch  2 taken 3907 (fallthrough)
branch  3 taken 756
    11647: 1402:	     (! reject && ! dfaacc[ds].dfaacc_state) )
branch  0 taken 7740 (fallthrough)
branch  1 taken 3907
branch  2 taken 1722 (fallthrough)
branch  3 taken 6018
        -: 1403:		{ /* state is non-accepting */
     2478: 1404:		++num_backing_up;
        -: 1405:
     2478: 1406:		if ( backing_up_report )
branch  0 taken 4 (fallthrough)
branch  1 taken 2474
        -: 1407:			{
        4: 1408:			fprintf( backing_up_file,
call    0 returned 4
        -: 1409:				_( "State #%d is non-accepting -\n" ), ds );
        -: 1410:
        -: 1411:			/* identify the state */
        4: 1412:			dump_associated_rules( backing_up_file, ds );
call    0 returned 4
        -: 1413:
        -: 1414:			/* Now identify it further using the out- and
        -: 1415:			 * jam-transitions.
        -: 1416:			 */
        4: 1417:			dump_transitions( backing_up_file, state );
call    0 returned 4
        -: 1418:
        4: 1419:			putc( '\n', backing_up_file );
call    0 returned 4
        -: 1420:			}
        -: 1421:		}
    12403: 1422:	}
        -: 1423:
        -: 1424:
        -: 1425:/* check_trailing_context - check to see if NFA state set constitutes
        -: 1426: *                          "dangerous" trailing context
        -: 1427: *
        -: 1428: * synopsis
        -: 1429: *    void check_trailing_context( int nfa_states[num_states+1], int num_states,
        -: 1430: *				int accset[nacc+1], int nacc );
        -: 1431: *
        -: 1432: * NOTES
        -: 1433: *  Trailing context is "dangerous" if both the head and the trailing
        -: 1434: *  part are of variable size \and/ there's a DFA state which contains
        -: 1435: *  both an accepting state for the head part of the rule and NFA states
        -: 1436: *  which occur after the beginning of the trailing context.
        -: 1437: *
        -: 1438: *  When such a rule is matched, it's impossible to tell if having been
        -: 1439: *  in the DFA state indicates the beginning of the trailing context or
        -: 1440: *  further-along scanning of the pattern.  In these cases, a warning
        -: 1441: *  message is issued.
        -: 1442: *
        -: 1443: *    nfa_states[1 .. num_states] is the list of NFA states in the DFA.
        -: 1444: *    accset[1 .. nacc] is the list of accepting numbers for the DFA state.
        -: 1445: */
        -: 1446:
function check_trailing_context called 446 returned 100% blocks executed 100%
      446: 1447:void check_trailing_context( nfa_states, num_states, accset, nacc )
        -: 1448:int *nfa_states, num_states;
        -: 1449:int *accset;
        -: 1450:int nacc;
        -: 1451:	{
        -: 1452:	register int i, j;
        -: 1453:
     1191: 1454:	for ( i = 1; i <= num_states; ++i )
branch  0 taken 778
branch  1 taken 413 (fallthrough)
        -: 1455:		{
      778: 1456:		int ns = nfa_states[i];
      778: 1457:		register int type = state_type[ns];
      778: 1458:		register int ar = assoc_rule[ns];
        -: 1459:
      778: 1460:		if ( type == STATE_NORMAL || rule_type[ar] != RULE_VARIABLE )
branch  0 taken 101 (fallthrough)
branch  1 taken 677
branch  2 taken 101 (fallthrough)
branch  3 taken 0
        -: 1461:			{ /* do nothing */
        -: 1462:			}
        -: 1463:
      101: 1464:		else if ( type == STATE_TRAILING_CONTEXT )
branch  0 taken 101 (fallthrough)
branch  1 taken 0
        -: 1465:			{
        -: 1466:			/* Potential trouble.  Scan set of accepting numbers
        -: 1467:			 * for the one marking the end of the "head".  We
        -: 1468:			 * assume that this looping will be fairly cheap
        -: 1469:			 * since it's rare that an accepting number set
        -: 1470:			 * is large.
        -: 1471:			 */
      202: 1472:			for ( j = 1; j <= nacc; ++j )
branch  0 taken 134
branch  1 taken 68 (fallthrough)
      134: 1473:				if ( accset[j] & YY_TRAILING_HEAD_MASK )
branch  0 taken 33 (fallthrough)
branch  1 taken 101
        -: 1474:					{
       33: 1475:					line_warning(
        -: 1476:					_( "dangerous trailing context" ),
       33: 1477:						rule_linenum[ar] );
call    0 returned 33
       33: 1478:					return;
        -: 1479:					}
        -: 1480:			}
        -: 1481:		}
        -: 1482:	}
        -: 1483:
        -: 1484:
        -: 1485:/* dump_associated_rules - list the rules associated with a DFA state
        -: 1486: *
        -: 1487: * Goes through the set of NFA states associated with the DFA and
        -: 1488: * extracts the first MAX_ASSOC_RULES unique rules, sorts them,
        -: 1489: * and writes a report to the given file.
        -: 1490: */
        -: 1491:
function dump_associated_rules called 4 returned 100% blocks executed 95%
        4: 1492:void dump_associated_rules( file, ds )
        -: 1493:FILE *file;
        -: 1494:int ds;
        -: 1495:	{
        -: 1496:	register int i, j;
        4: 1497:	register int num_associated_rules = 0;
        -: 1498:	int rule_set[MAX_ASSOC_RULES + 1];
        4: 1499:	int *dset = dss[ds];
        4: 1500:	int size = dfasiz[ds];
        -: 1501:
       16: 1502:	for ( i = 1; i <= size; ++i )
branch  0 taken 12
branch  1 taken 4 (fallthrough)
        -: 1503:		{
       12: 1504:		register int rule_num = rule_linenum[assoc_rule[dset[i]]];
        -: 1505:
      12*: 1506:		for ( j = 1; j <= num_associated_rules; ++j )
branch  0 taken 8
branch  1 taken 4 (fallthrough)
        8: 1507:			if ( rule_num == rule_set[j] )
branch  0 taken 8 (fallthrough)
branch  1 taken 0
        8: 1508:				break;
        -: 1509:
       12: 1510:		if ( j > num_associated_rules )
branch  0 taken 4 (fallthrough)
branch  1 taken 8
        -: 1511:			{ /* new rule */
        4: 1512:			if ( num_associated_rules < MAX_ASSOC_RULES )
branch  0 taken 4 (fallthrough)
branch  1 taken 0
        4: 1513:				rule_set[++num_associated_rules] = rule_num;
        -: 1514:			}
        -: 1515:		}
        -: 1516:
        4: 1517:	bubble( rule_set, num_associated_rules );
call    0 returned 4
        -: 1518:
        4: 1519:	fprintf( file, _( " associated rule line numbers:" ) );
call    0 returned 4
        -: 1520:
        8: 1521:	for ( i = 1; i <= num_associated_rules; ++i )
branch  0 taken 4
branch  1 taken 4 (fallthrough)
        -: 1522:		{
        4: 1523:		if ( i % 8 == 1 )
branch  0 taken 4 (fallthrough)
branch  1 taken 0
[...]
        -:13767:YY_BUFFER_STATE new_buffer;
        -:13768:#endif
        -:13769:	{
    #####:13770:	if ( yy_current_buffer == new_buffer )
branch  0 never executed
branch  1 never executed
    #####:13771:		return;
        -:13772:
    #####:13773:	if ( yy_current_buffer )
branch  0 never executed
branch  1 never executed
        -:13774:		{
        -:13775:		/* Flush out information for old buffer. */
    #####:13776:		*yy_c_buf_p = yy_hold_char;
    #####:13777:		yy_current_buffer->yy_buf_pos = yy_c_buf_p;
    #####:13778:		yy_current_buffer->yy_n_chars = yy_n_chars;
        -:13779:		}
        -:13780:
    #####:13781:	yy_current_buffer = new_buffer;
    #####:13782:	yy_load_buffer_state();
call    0 never executed
        -:13783:
        -:13784:	/* We don't actually know whether we did this switch during
        -:13785:	 * EOF (yywrap()) processing, but the only time this flag
        -:13786:	 * is looked at is after yywrap() is called, so it's safe
        -:13787:	 * to go ahead and always set it.
        -:13788:	 */
    #####:13789:	yy_did_buffer_switch_on_eof = 1;
        -:13790:	}
        -:13791:
        -:13792:
        -:13793:#ifdef YY_USE_PROTOS
function yy_load_buffer_state called 1656 returned 100% blocks executed 100%
     1656:13794:void yy_load_buffer_state( void )
        -:13795:#else
        -:13796:void yy_load_buffer_state()
        -:13797:#endif
        -:13798:	{
     1656:13799:	yy_n_chars = yy_current_buffer->yy_n_chars;
     1656:13800:	yytext_ptr = yy_c_buf_p = yy_current_buffer->yy_buf_pos;
     1656:13801:	yyin = yy_current_buffer->yy_input_file;
     1656:13802:	yy_hold_char = *yy_c_buf_p;
     1656:13803:	}
        -:13804:
        -:13805:
        -:13806:#ifdef YY_USE_PROTOS
function yy_create_buffer called 560 returned 100% blocks executed 78%
      560:13807:YY_BUFFER_STATE yy_create_buffer( FILE *file, int size )
        -:13808:#else
        -:13809:YY_BUFFER_STATE yy_create_buffer( file, size )
        -:13810:FILE *file;
        -:13811:int size;
        -:13812:#endif
        -:13813:	{
        -:13814:	YY_BUFFER_STATE b;
        -:13815:
      560:13816:	b = (YY_BUFFER_STATE) yy_flex_alloc( sizeof( struct yy_buffer_state ) );
call    0 returned 560
      560:13817:	if ( ! b )
branch  0 taken 0 (fallthrough)
branch  1 taken 560
    #####:13818:		YY_FATAL_ERROR( "out of dynamic memory in yy_create_buffer()" );
call    0 never executed
        -:13819:
      560:13820:	b->yy_buf_size = size;
        -:13821:
        -:13822:	/* yy_ch_buf has to be 2 characters longer than the size given because
        -:13823:	 * we need to put in 2 end-of-buffer characters.
        -:13824:	 */
      560:13825:	b->yy_ch_buf = (char *) yy_flex_alloc( b->yy_buf_size + 2 );
call    0 returned 560
      560:13826:	if ( ! b->yy_ch_buf )
branch  0 taken 0 (fallthrough)
branch  1 taken 560
    #####:13827:		YY_FATAL_ERROR( "out of dynamic memory in yy_create_buffer()" );
call    0 never executed
        -:13828:
      560:13829:	b->yy_is_our_buffer = 1;
        -:13830:
      560:13831:	yy_init_buffer( b, file );
call    0 returned 560
        -:13832:
      560:13833:	return b;
        -:13834:	}
        -:13835:
        -:13836:
        -:13837:#ifdef YY_USE_PROTOS
function yy_delete_buffer called 0 returned 0% blocks executed 0%
    #####:13838:void yy_delete_buffer( YY_BUFFER_STATE b )
        -:13839:#else
        -:13840:void yy_delete_buffer( b )
        -:13841:YY_BUFFER_STATE b;
        -:13842:#endif
        -:13843:	{
    #####:13844:	if ( ! b )
branch  0 never executed
branch  1 never executed
    #####:13845:		return;
        -:13846:
    #####:13847:	if ( b == yy_current_buffer )
branch  0 never executed
branch  1 never executed
    #####:13848:		yy_current_buffer = (YY_BUFFER_STATE) 0;
        -:13849:
    #####:13850:	if ( b->yy_is_our_buffer )
branch  0 never executed
branch  1 never executed
    #####:13851:		yy_flex_free( (void *) b->yy_ch_buf );
call    0 never executed
        -:13852:
    #####:13853:	yy_flex_free( (void *) b );
call    0 never executed
        -:13854:	}
        -:13855:
        -:13856:
        -:13857:#ifndef YY_ALWAYS_INTERACTIVE
        -:13858:#ifndef YY_NEVER_INTERACTIVE
        -:13859:extern int isatty YY_PROTO(( int ));
        -:13860:#endif
        -:13861:#endif
        -:13862:
        -:13863:#ifdef YY_USE_PROTOS
function yy_init_buffer called 1108 returned 100% blocks executed 88%
     1108:13864:void yy_init_buffer( YY_BUFFER_STATE b, FILE *file )
        -:13865:#else
        -:13866:void yy_init_buffer( b, file )
        -:13867:YY_BUFFER_STATE b;
        -:13868:FILE *file;
        -:13869:#endif
        -:13870:
        -:13871:
        -:13872:	{
     1108:13873:	yy_flush_buffer( b );
call    0 returned 1108
        -:13874:
     1108:13875:	b->yy_input_file = file;
     1108:13876:	b->yy_fill_buffer = 1;
        -:13877:
        -:13878:#if YY_ALWAYS_INTERACTIVE
        -:13879:	b->yy_is_interactive = 1;
        -:13880:#else
        -:13881:#if YY_NEVER_INTERACTIVE
        -:13882:	b->yy_is_interactive = 0;
        -:13883:#else
    1108*:13884:	b->yy_is_interactive = file ? (isatty( fileno(file) ) > 0) : 0;
branch  0 taken 1108 (fallthrough)
branch  1 taken 0
call    2 returned 1108
call    3 returned 1108
branch  4 taken 0 (fallthrough)
branch  5 taken 1108
        -:13885:#endif
        -:13886:#endif
     1108:13887:	}
        -:13888:
        -:13889:
        -:13890:#ifdef YY_USE_PROTOS
function yy_flush_buffer called 1108 returned 100% blocks executed 100%
     1108:13891:void yy_flush_buffer( YY_BUFFER_STATE b )
        -:13892:#else
        -:13893:void yy_flush_buffer( b )
        -:13894:YY_BUFFER_STATE b;
        -:13895:#endif
        -:13896:
        -:13897:	{
     1108:13898:	b->yy_n_chars = 0;
        -:13899:
        -:13900:	/* We always need two end-of-buffer characters.  The first causes
        -:13901:	 * a transition to the end-of-buffer state.  The second causes
        -:13902:	 * a jam in that state.
        -:13903:	 */
     1108:13904:	b->yy_ch_buf[0] = YY_END_OF_BUFFER_CHAR;
     1108:13905:	b->yy_ch_buf[1] = YY_END_OF_BUFFER_CHAR;
        -:13906:
     1108:13907:	b->yy_buf_pos = &b->yy_ch_buf[0];
        -:13908:
     1108:13909:	b->yy_at_bol = 1;
     1108:13910:	b->yy_buffer_status = YY_BUFFER_NEW;
        -:13911:
     1108:13912:	if ( b == yy_current_buffer )
branch  0 taken 548 (fallthrough)
branch  1 taken 560
      548:13913:		yy_load_buffer_state();
call    0 returned 548
     1108:13914:	}
        -:13915:
        -:13916:
        -:13917:#ifndef YY_NO_SCAN_BUFFER
        -:13918:#ifdef YY_USE_PROTOS
function yy_scan_buffer called 0 returned 0% blocks executed 0%
    #####:13919:YY_BUFFER_STATE yy_scan_buffer( char *base, yy_size_t size )
        -:13920:#else
        -:13921:YY_BUFFER_STATE yy_scan_buffer( base, size )
        -:13922:char *base;
        -:13923:yy_size_t size;
        -:13924:#endif
        -:13925:	{
        -:13926:	YY_BUFFER_STATE b;
        -:13927:
    #####:13928:	if ( size < 2 ||
branch  0 never executed
branch  1 never executed
    #####:13929:	     base[size-2] != YY_END_OF_BUFFER_CHAR ||
branch  0 never executed
branch  1 never executed
    #####:13930:	     base[size-1] != YY_END_OF_BUFFER_CHAR )
branch  0 never executed
branch  1 never executed
        -:13931:		/* They forgot to leave room for the EOB's. */
    #####:13932:		return 0;
        -:13933:
    #####:13934:	b = (YY_BUFFER_STATE) yy_flex_alloc( sizeof( struct yy_buffer_state ) );
call    0 never executed
    #####:13935:	if ( ! b )
branch  0 never executed
branch  1 never executed
    #####:13936:		YY_FATAL_ERROR( "out of dynamic memory in yy_scan_buffer()" );
call    0 never executed
        -:13937:
    #####:13938:	b->yy_buf_size = size - 2;	/* "- 2" to take care of EOB's */
    #####:13939:	b->yy_buf_pos = b->yy_ch_buf = base;
    #####:13940:	b->yy_is_our_buffer = 0;
    #####:13941:	b->yy_input_file = 0;
    #####:13942:	b->yy_n_chars = b->yy_buf_size;
    #####:13943:	b->yy_is_interactive = 0;
    #####:13944:	b->yy_at_bol = 1;
    #####:13945:	b->yy_fill_buffer = 0;
    #####:13946:	b->yy_buffer_status = YY_BUFFER_NEW;
        -:13947:
    #####:13948:	yy_switch_to_buffer( b );
call    0 never executed
        -:13949:
    #####:13950:	return b;
        -:13951:	}
        -:13952:#endif
        -:13953:
        -:13954:
        -:13955:#ifndef YY_NO_SCAN_STRING
        -:13956:#ifdef YY_USE_PROTOS
function yy_scan_string called 0 returned 0% blocks executed 0%
    #####:13957:YY_BUFFER_STATE yy_scan_string( yyconst char *str )
        -:13958:#else
        -:13959:YY_BUFFER_STATE yy_scan_string( str )
        -:13960:yyconst char *str;
        -:13961:#endif
        -:13962:	{
        -:13963:	int len;
    #####:13964:	for ( len = 0; str[len]; ++len )
branch  0 never executed
branch  1 never executed
        -:13965:		;
        -:13966:
    #####:13967:	return yy_scan_bytes( str, len );
call    0 never executed
        -:13968:	}
        -:13969:#endif
        -:13970:
        -:13971:
        -:13972:#ifndef YY_NO_SCAN_BYTES
        -:13973:#ifdef YY_USE_PROTOS
function yy_scan_bytes called 0 returned 0% blocks executed 0%
    #####:13974:YY_BUFFER_STATE yy_scan_bytes( yyconst char *bytes, int len )
        -:13975:#else
        -:13976:YY_BUFFER_STATE yy_scan_bytes( bytes, len )
        -:13977:yyconst char *bytes;
        -:13978:int len;
        -:13979:#endif
        -:13980:	{
        -:13981:	YY_BUFFER_STATE b;
        -:13982:	char *buf;
        -:13983:	yy_size_t n;
        -:13984:	int i;
        -:13985:
        -:13986:	/* Get memory for full buffer, including space for trailing EOB's. */
    #####:13987:	n = len + 2;
    #####:13988:	buf = (char *) yy_flex_alloc( n );
call    0 never executed
    #####:13989:	if ( ! buf )
branch  0 never executed
branch  1 never executed
    #####:13990:		YY_FATAL_ERROR( "out of dynamic memory in yy_scan_bytes()" );
call    0 never executed
        -:13991:
    #####:13992:	for ( i = 0; i < len; ++i )
branch  0 never executed
branch  1 never executed
    #####:13993:		buf[i] = bytes[i];
        -:13994:
    #####:13995:	buf[len] = buf[len+1] = YY_END_OF_BUFFER_CHAR;
        -:13996:
    #####:13997:	b = yy_scan_buffer( buf, n );
call    0 never executed
    #####:13998:	if ( ! b )
branch  0 never executed
branch  1 never executed
    #####:13999:		YY_FATAL_ERROR( "bad buffer in yy_scan_bytes()" );
call    0 never executed
        -:14000:
        -:14001:	/* It's okay to grow etc. this buffer, and we should throw it
        -:14002:	 * away when we're done.
        -:14003:	 */
    #####:14004:	b->yy_is_our_buffer = 1;
        -:14005:
    #####:14006:	return b;
        -:14007:	}
        -:14008:#endif
        -:14009:
        -:14010:
        -:14011:#ifndef YY_NO_PUSH_STATE
        -:14012:#ifdef YY_USE_PROTOS
function yy_push_state called 357 returned 100% blocks executed 67%
      357:14013:static void yy_push_state( int new_state )
        -:14014:#else
        -:14015:static void yy_push_state( new_state )
        -:14016:int new_state;
        -:14017:#endif
        -:14018:	{
      357:14019:	if ( yy_start_stack_ptr >= yy_start_stack_depth )
branch  0 taken 124 (fallthrough)
branch  1 taken 233
        -:14020:		{
        -:14021:		yy_size_t new_size;
        -:14022:
      124:14023:		yy_start_stack_depth += YY_START_STACK_INCR;
      124:14024:		new_size = yy_start_stack_depth * sizeof( int );
        -:14025:
      124:14026:		if ( ! yy_start_stack )
branch  0 taken 124 (fallthrough)
branch  1 taken 0
      124:14027:			yy_start_stack = (int *) yy_flex_alloc( new_size );
call    0 returned 124
        -:14028:
        -:14029:		else
    #####:14030:			yy_start_stack = (int *) yy_flex_realloc(
call    0 never executed
        -:14031:					(void *) yy_start_stack, new_size );
        -:14032:
      124:14033:		if ( ! yy_start_stack )
branch  0 taken 0 (fallthrough)
branch  1 taken 124
    #####:14034:			YY_FATAL_ERROR(
call    0 never executed
        -:14035:			"out of memory expanding start-condition stack" );
        -:14036:		}
        -:14037:
      357:14038:	yy_start_stack[yy_start_stack_ptr++] = YY_START;
        -:14039:
      357:14040:	BEGIN(new_state);
      357:14041:	}
        -:14042:#endif
        -:14043:
        -:14044:
        -:14045:#ifndef YY_NO_POP_STATE
function yy_pop_state called 357 returned 100% blocks executed 67%
      357:14046:static void yy_pop_state()
        -:14047:	{
      357:14048:	if ( --yy_start_stack_ptr < 0 )
branch  0 taken 0 (fallthrough)
branch  1 taken 357
    #####:14049:		YY_FATAL_ERROR( "start-condition stack underflow" );
call    0 never executed
        -:14050:
      357:14051:	BEGIN(yy_start_stack[yy_start_stack_ptr]);
      357:14052:	}
        -:14053:#endif
        -:14054:
        -:14055:
        -:14056:#ifndef YY_NO_TOP_STATE
        -:14057:static int yy_top_state()
        -:14058:	{
        -:14059:	return yy_start_stack[yy_start_stack_ptr - 1];
        -:14060:	}
        -:14061:#endif
        -:14062:
        -:14063:#ifndef YY_EXIT_FAILURE
        -:14064:#define YY_EXIT_FAILURE 2
        -:14065:#endif
        -:14066:
        -:14067:#ifdef YY_USE_PROTOS
function yy_fatal_error called 0 returned 0% blocks executed 0%
    #####:14068:static void yy_fatal_error( yyconst char msg[] )
        -:14069:#else
        -:14070:static void yy_fatal_error( msg )
        -:14071:char msg[];
        -:14072:#endif
        -:14073:	{
    #####:14074:	(void) fprintf( err, "%s\n", msg );
call    0 never executed
    #####:14075:	exit( YY_EXIT_FAILURE );
        -:14076:	}
        -:14077:
        -:14078:
        -:14079:
        -:14080:/* Redefine yyless() so it works in section 3 code. */
        -:14081:
        -:14082:#undef yyless
        -:14083:#define yyless(n) \
        -:14084:	do \
        -:14085:		{ \
        -:14086:		/* Undo effects of setting up yytext. */ \
        -:14087:		yytext[yyleng] = yy_hold_char; \
        -:14088:		yy_c_buf_p = yytext + n; \
        -:14089:		yy_hold_char = *yy_c_buf_p; \
        -:14090:		*yy_c_buf_p = '\0'; \
        -:14091:		yyleng = n; \
        -:14092:		} \
        -:14093:	while ( 0 )
        -:14094:
        -:14095:
        -:14096:/* Internal utility routines. */
        -:14097:
        -:14098:#ifndef yytext_ptr
        -:14099:#ifdef YY_USE_PROTOS
        -:14100:static void yy_flex_strncpy( char *s1, yyconst char *s2, int n )
        -:14101:#else
        -:14102:static void yy_flex_strncpy( s1, s2, n )
        -:14103:char *s1;
        -:14104:yyconst char *s2;
        -:14105:int n;
        -:14106:#endif
        -:14107:	{
        -:14108:	register int i;
        -:14109:	for ( i = 0; i < n; ++i )
        -:14110:		s1[i] = s2[i];
        -:14111:	}
        -:14112:#endif
        -:14113:
        -:14114:#ifdef YY_NEED_STRLEN
        -:14115:#ifdef YY_USE_PROTOS
        -:14116:static int yy_flex_strlen( yyconst char *s )
        -:14117:#else
        -:14118:static int yy_flex_strlen( s )
        -:14119:yyconst char *s;
        -:14120:#endif
        -:14121:	{
        -:14122:	register int n;
        -:14123:#ifndef F_AA_5
        -:14124:	for ( n = 0; s[n]; ++n )
        -:14125:#else
        -:14126:	for ( n = 1; s[n]; ++n )
        -:14127:#endif
        -:14128:		;
        -:14129:
        -:14130:#ifndef F_HD_4
        -:14131:	return n;
        -:14132:#else
        -:14133:
        -:14134:#endif
        -:14135:	}
        -:14136:#endif
        -:14137:
        -:14138:
        -:14139:#ifdef YY_USE_PROTOS
function yy_flex_alloc called 1244 returned 100% blocks executed 100%
     1244:14140:static void *yy_flex_alloc( yy_size_t size )
        -:14141:#else
        -:14142:static void *yy_flex_alloc( size )
        -:14143:yy_size_t size;
        -:14144:#endif
        -:14145:	{
     1244:14146:	return (void *) malloc( size );
        -:14147:	}
        -:14148:
        -:14149:#ifdef YY_USE_PROTOS
function yy_flex_realloc called 0 returned 0% blocks executed 0%
    #####:14150:static void *yy_flex_realloc( void *ptr, yy_size_t size )
        -:14151:#else
        -:14152:static void *yy_flex_realloc( ptr, size )
        -:14153:void *ptr;
        -:14154:yy_size_t size;
        -:14155:#endif
        -:14156:	{
        -:14157:	/* The cast to (char *) in the following accommodates both
        -:14158:	 * implementations that use char* generic pointers, and those
        -:14159:	 * that use void* generic pointers.  It works with the latter
        -:14160:	 * because both ANSI C and C++ allow castless assignment from
        -:14161:	 * any pointer type to void*, and deal with argument conversions
        -:14162:	 * as though doing an assignment.
        -:14163:	 */
    #####:14164:	return (void *) realloc( (char *) ptr, size );
        -:14165:	}
        -:14166:
        -:14167:#ifdef YY_USE_PROTOS
function yy_flex_free called 0 returned 0% blocks executed 0%
    #####:14168:static void yy_flex_free( void *ptr )
        -:14169:#else
        -:14170:static void yy_flex_free( ptr )
        -:14171:void *ptr;
        -:14172:#endif
        -:14173:	{
    #####:14174:	free( ptr );
    #####:14175:	}
        -:14176:
        -:14177:#if YY_MAIN
        -:14178:int main()
        -:14179:	{
        -:14180:	yylex();
        -:14181:	return 0;
        -:14182:	}
        -:14183:#endif
        -:14184:
        -:14185:
        -:14186:
function yywrap called 547 returned 100% blocks executed 100%
      547:14187:int yywrap()
        -:14188:	{
      547:14189:	if ( --num_input_files > 0 )
branch  0 taken 1 (fallthrough)
branch  1 taken 546
        -:14190:		{
        1:14191:		set_input_file( *++input_files );
call    0 returned 1
        1:14192:		return 0;
        -:14193:		}
        -:14194:
        -:14195:	else
      546:14196:		return 1;
        -:14197:	}
        -:14198:
        -:14199:
        -:14200:/* set_input_file - open the given file (if NULL, stdin) for scanning */
        -:14201:
function set_input_file called 562 returned 100% blocks executed 80%
      562:14202:void set_input_file( file )
        -:14203:char *file;
        -:14204:	{
      562:14205:	if ( file && strcmp( file, "-" ) )
branch  0 taken 562 (fallthrough)
branch  1 taken 0
branch  2 taken 562 (fallthrough)
branch  3 taken 0
        -:14206:		{
      562:14207:		infilename = copy_string( file );
call    0 returned 562
      562:14208:		yyin = fopen( infilename, "r" );
call    0 returned 562
        -:14209:
      562:14210:		if ( yyin == NULL )
branch  0 taken 1 (fallthrough)
branch  1 taken 561
        1:14211:			lerrsf( _( "can't open %s" ), file );
call    0 returned 0
        -:14212:		}
        -:14213:
        -:14214:	else
        -:14215:		{
    #####:14216:		yyin = stdin;
    #####:14217:		infilename = copy_string( "<stdin>" );
call    0 never executed
        -:14218:		}
        -:14219:
      561:14220:	linenum = 1;
      561:14221:	}
        -:14222:
        -:14223:
        -:14224:/* Wrapper routines for accessing the scanner's malloc routines. */
        -:14225:
function flex_alloc called 43837 returned 100% blocks executed 100%
    43837:14226:void *flex_alloc( size )
        -:14227:size_t size;
        -:14228:	{
    43837:14229:	return (void *) malloc( size );
        -:14230:	}
        -:14231:
function flex_realloc called 171 returned 100% blocks executed 100%
      171:14232:void *flex_realloc( ptr, size )
        -:14233:void *ptr;
        -:14234:size_t size;
        -:14235:	{
      171:14236:	return (void *) realloc( ptr, size );
        -:14237:	}
        -:14238:
function flex_free called 1086 returned 100% blocks executed 100%
     1086:14239:void flex_free( ptr )
        -:14240:void *ptr;
        -:14241:	{
     1086:14242:	if ( ptr )
branch  0 taken 1086 (fallthrough)
branch  1 taken 0
     1086:14243:		free( ptr );
     1086:14244:	}
