        -:    0:Source:gzip.c
        -:    0:Graph:gzip.gcno
        -:    0:Data:gzip.gcda
        -:    0:Runs:214
        -:    1:#include "FaultSeeds.h"
        -:    2:#include "crypt.h"
        -:    3:#include "getopt.h"
        -:    4:#include "gzip.h"
        -:    5:#include "lzw.h"
        -:    6:#include "tailor.h"
        -:    7:#include "revision.h"
        -:    8:
        -:    9:#include <stdio.h>
        -:   10:#include <ctype.h>
        -:   11:#include <sys/types.h>
        -:   12:#include <signal.h>
        -:   13:#include <sys/stat.h>
        -:   14:#include <errno.h>
        -:   15:
        -:   16:/* bits.c -- output variable-length bit strings
        -:   17: * Copyright (C) 1992-1993 Jean-loup Gailly
        -:   18: * This is free software; you can redistribute it and/or modify it under the
        -:   19: * terms of the GNU General Public License, see the file COPYING.
        -:   20: */
        -:   21:
        -:   22:
        -:   23:/*
        -:   24: *  PURPOSE
        -:   25: *
        -:   26: *      Output variable-length bit strings. Compression can be done
        -:   27: *      to a file or to memory. (The latter is not supported in this version.)
        -:   28: *
        -:   29: *  DISCUSSION
        -:   30: *
        -:   31: *      The PKZIP "deflate" file format interprets compressed file data
        -:   32: *      as a sequence of bits.  Multi-bit strings in the file may cross
        -:   33: *      byte boundaries without restriction.
        -:   34: *
        -:   35: *      The first bit of each byte is the low-order bit.
        -:   36: *
        -:   37: *      The routines in this file allow a variable-length bit value to
        -:   38: *      be output right-to-left (useful for literal values). For
        -:   39: *      left-to-right output (useful for code strings from the tree routines),
        -:   40: *      the bits must have been reversed first with bi_reverse().
        -:   41: *
        -:   42: *      For in-memory compression, the compressed bit stream goes directly
        -:   43: *      into the requested output buffer. The input data is read in blocks
        -:   44: *      by the mem_read() function. The buffer is limited to 64K on 16 bit
        -:   45: *      machines.
        -:   46: *
        -:   47: *  INTERFACE
        -:   48: *
        -:   49: *      void bi_init (FILE *zipfile)
        -:   50: *          Initialize the bit string routines.
        -:   51: *
        -:   52: *      void send_bits (int value, int length)
        -:   53: *          Write out a bit string, taking the source bits right to
        -:   54: *          left.
        -:   55: *
        -:   56: *      int bi_reverse (int value, int length)
        -:   57: *          Reverse the bits of a bit string, taking the source bits left to
        -:   58: *          right and emitting them right to left.
        -:   59: *
        -:   60: *      void bi_windup (void)
        -:   61: *          Write out any remaining bits in an incomplete byte.
        -:   62: *
        -:   63: *      void copy_block(char *buf, unsigned len, int header)
        -:   64: *          Copy a stored block to the zip file, storing first the length and
        -:   65: *          its one's complement if requested.
        -:   66: *
        -:   67: */
        -:   68:
        -:   69:#ifdef DEBUG
        -:   70:#  include <stdio.h>
        -:   71:#endif
        -:   72:
        -:   73:#ifdef RCSID
        -:   74:static char rcsid[] = "$Id: bits.c,v 0.9 1993/06/11 10:16:58 jloup Exp $";
        -:   75:#endif
        -:   76:
        -:   77:/* ===========================================================================
        -:   78: * Local data used by the "bit string" routines.
        -:   79: */
        -:   80:
        -:   81:local file_t zfile; /* output gzip file */
        -:   82:
        -:   83:local unsigned short bi_buf;
        -:   84:/* Output buffer. bits are inserted starting at the bottom (least significant
        -:   85: * bits).
        -:   86: */
        -:   87:
        -:   88:#define Buf_size (8 * 2*sizeof(char))
        -:   89:/* Number of bits used within bi_buf. (bi_buf might be implemented on
        -:   90: * more than 16 bits on some systems.)
        -:   91: */
        -:   92:
        -:   93:local int bi_valid;
        -:   94:/* Number of valid bits in bi_buf.  All bits above the last valid bit
        -:   95: * are always zero.
        -:   96: */
        -:   97:
        -:   98:int (*read_buf) OF((char *buf, unsigned size));
        -:   99:/* Current input function. Set to mem_read for in-memory compression */
        -:  100:
        -:  101:#ifdef DEBUG
        -:  102:  ulg bits_sent;   /* bit length of the compressed data */
        -:  103:#endif
        -:  104:
        -:  105:/* ===========================================================================
        -:  106: * Initialize the bit string routines.
        -:  107: */
function bi_init called 175 returned 100% blocks executed 100%
      175:  108:void bi_init (zipfile)
        -:  109:    file_t zipfile; /* output zip file, NO_FILE for in-memory compression */
        -:  110:{
      175:  111:    zfile  = zipfile;
      175:  112:    bi_buf = 0;
      175:  113:    bi_valid = 0;
        -:  114:#ifdef DEBUG
        -:  115:    bits_sent = 0L;
        -:  116:#endif
        -:  117:
        -:  118:    /* Set the defaults for file compression. They are set by memcompress
        -:  119:     * for in-memory compression.
        -:  120:     */
      175:  121:    if (zfile != NO_FILE) {
branch  0 taken 175 (fallthrough)
branch  1 taken 0
      175:  122:	read_buf  = file_read;
        -:  123:    }
      175:  124:}
        -:  125:
        -:  126:/* ===========================================================================
        -:  127: * Send a value on a given number of bits.
        -:  128: * IN assertion: length <= 16 and value fits in length bits.
        -:  129: */
function send_bits called 3998701 returned 100% blocks executed 90%
  3998701:  130:void send_bits(value, length)
        -:  131:    int value;  /* value to send */
        -:  132:    int length; /* number of bits */
        -:  133:{
        -:  134:#ifdef DEBUG
        -:  135:    Tracev((stderr," l %2d v %4x ", length, value));
        -:  136:    Assert(length > 0 && length <= 15, "invalid length");
        -:  137:    bits_sent += (ulg)length;
        -:  138:#endif
        -:  139:    /* If not enough room in bi_buf, use (valid) bits from bi_buf and
        -:  140:     * (16 - bi_valid) bits from value, leaving (width - (16-bi_valid))
        -:  141:     * unused bits in value.
        -:  142:     */
  3998701:  143:    if (bi_valid > (int)Buf_size - length) {
branch  0 taken 1198598 (fallthrough)
branch  1 taken 2800103
  1198598:  144:        bi_buf |= (value << bi_valid);
 1198598*:  145:        put_short(bi_buf);
branch  0 taken 1198581 (fallthrough)
branch  1 taken 17
branch  2 taken 0 (fallthrough)
branch  3 taken 17
call    4 never executed
branch  5 taken 17 (fallthrough)
branch  6 taken 0
call    7 returned 17
  1198598:  146:        bi_buf = (ush)value >> (Buf_size - bi_valid);
  1198598:  147:        bi_valid += length - Buf_size;
        -:  148:    } else {
  2800103:  149:        bi_buf |= value << bi_valid;
  2800103:  150:        bi_valid += length;
        -:  151:    }
  3998701:  152:}
        -:  153:
        -:  154:/* ===========================================================================
        -:  155: * Reverse the first len bits of a code, using straightforward code (a faster
        -:  156: * method would use a table)
        -:  157: * IN assertion: 1 <= len <= 15
        -:  158: */
function bi_reverse called 85011 returned 100% blocks executed 100%
    85011:  159:unsigned bi_reverse(code, len)
        -:  160:    unsigned code; /* the value to invert */
        -:  161:    int len;       /* its bit length */
        -:  162:{
    85011:  163:    register unsigned res = 0;
        -:  164:    do {
   672964:  165:        res |= code & 1;
   672964:  166:        code >>= 1, res <<= 1;
   672964:  167:    } while (--len > 0);
branch  0 taken 587953
branch  1 taken 85011 (fallthrough)
    85011:  168:    return res >> 1;
        -:  169:}
        -:  170:
        -:  171:/* ===========================================================================
        -:  172: * Write out any remaining bits in an incomplete byte.
        -:  173: */
function bi_windup called 176 returned 100% blocks executed 55%
      176:  174:void bi_windup()
        -:  175:{
      176:  176:    if (bi_valid > 8) {
branch  0 taken 105 (fallthrough)
branch  1 taken 71
     105*:  177:        put_short(bi_buf);
branch  0 taken 105 (fallthrough)
branch  1 taken 0
branch  2 never executed
branch  3 never executed
call    4 never executed
branch  5 never executed
branch  6 never executed
call    7 never executed
       71:  178:    } else if (bi_valid > 0) {
branch  0 taken 70 (fallthrough)
branch  1 taken 1
      70*:  179:        put_byte(bi_buf);
branch  0 taken 0 (fallthrough)
branch  1 taken 70
call    2 never executed
        -:  180:    }
      176:  181:    bi_buf = 0;
      176:  182:    bi_valid = 0;
        -:  183:#ifdef DEBUG
        -:  184:    bits_sent = (bits_sent+7) & ~7;
        -:  185:#endif
      176:  186:}
        -:  187:
        -:  188:/* ===========================================================================
        -:  189: * Copy a stored block to the zip file, storing first the length and its
        -:  190: * one's complement if requested.
        -:  191: */
function copy_block called 1 returned 100% blocks executed 53%
        1:  192:void copy_block(buf, len, header)
        -:  193:    char     *buf;    /* the input data */
        -:  194:    unsigned len;     /* its length */
        -:  195:    int      header;  /* true if block header must be written */
        -:  196:{
        1:  197:    bi_windup();              /* align on byte boundary */
call    0 returned 1
        -:  198:
        1:  199:    if (header) {
branch  0 taken 1 (fallthrough)
branch  1 taken 0
       1*:  200:        put_short((ush)len);   
branch  0 taken 1 (fallthrough)
branch  1 taken 0
branch  2 never executed
branch  3 never executed
call    4 never executed
branch  5 never executed
branch  6 never executed
call    7 never executed
       1*:  201:        put_short((ush)~len);
branch  0 taken 1 (fallthrough)
branch  1 taken 0
branch  2 never executed
branch  3 never executed
call    4 never executed
branch  5 never executed
branch  6 never executed
call    7 never executed
        -:  202:#ifdef DEBUG
        -:  203:        bits_sent += 2*16;
        -:  204:#endif
        -:  205:    }
        -:  206:#ifdef DEBUG
        -:  207:    bits_sent += (ulg)len<<3;
        -:  208:#endif
    12047:  209:    while (len--) {
branch  0 taken 12046
branch  1 taken 1 (fallthrough)
        -:  210:#ifdef CRYPT
        -:  211:        int t;
        -:  212:	if (key) zencode(*buf, t);
        -:  213:#endif
   12046*:  214:	put_byte(*buf++);
branch  0 taken 0 (fallthrough)
branch  1 taken 12046
call    2 never executed
        -:  215:    }
        1:  216:}
        -:  217:/* crypt.c (dummy version) -- do not perform encryption
        -:  218: * Hardly worth copyrighting :-)
        -:  219: */
        -:  220:#ifdef RCSID
        -:  221:static char rcsid[] = "$Id: crypt.c,v 0.6 1993/03/22 09:48:47 jloup Exp $";
        -:  222:#endif
        -:  223:/* deflate.c -- compress data using the deflation algorithm
        -:  224: * Copyright (C) 1992-1993 Jean-loup Gailly
        -:  225: * This is free software; you can redistribute it and/or modify it under the
        -:  226: * terms of the GNU General Public License, see the file COPYING.
        -:  227: */
        -:  228:
        -:  229:/*
        -:  230: *  PURPOSE
        -:  231: *
        -:  232: *      Identify new text as repetitions of old text within a fixed-
        -:  233: *      length sliding window trailing behind the new text.
        -:  234: *
        -:  235: *  DISCUSSION
        -:  236: *
        -:  237: *      The "deflation" process depends on being able to identify portions
        -:  238: *      of the input text which are identical to earlier input (within a
        -:  239: *      sliding window trailing behind the input currently being processed).
        -:  240: *
        -:  241: *      The most straightforward technique turns out to be the fastest for
        -:  242: *      most input files: try all possible matches and select the longest.
        -:  243: *      The key feature of this algorithm is that insertions into the string
        -:  244: *      dictionary are very simple and thus fast, and deletions are avoided
        -:  245: *      completely. Insertions are performed at each input character, whereas
        -:  246: *      string matches are performed only when the previous match ends. So it
        -:  247: *      is preferable to spend more time in matches to allow very fast string
        -:  248: *      insertions and avoid deletions. The matching algorithm for small
        -:  249: *      strings is inspired from that of Rabin & Karp. A brute force approach
        -:  250: *      is used to find longer strings when a small match has been found.
        -:  251: *      A similar algorithm is used in comic (by Jan-Mark Wams) and freeze
        -:  252: *      (by Leonid Broukhis).
        -:  253: *         A previous version of this file used a more sophisticated algorithm
        -:  254: *      (by Fiala and Greene) which is guaranteed to run in linear amortized
        -:  255: *      time, but has a larger average cost, uses more memory and is patented.
        -:  256: *      However the F&G algorithm may be faster for some highly redundant
        -:  257: *      files if the parameter max_chain_length (described below) is too large.
        -:  258: *
        -:  259: *  ACKNOWLEDGEMENTS
        -:  260: *
        -:  261: *      The idea of lazy evaluation of matches is due to Jan-Mark Wams, and
        -:  262: *      I found it in 'freeze' written by Leonid Broukhis.
        -:  263: *      Thanks to many info-zippers for bug reports and testing.
        -:  264: *
        -:  265: *  REFERENCES
        -:  266: *
        -:  267: *      APPNOTE.TXT documentation file in PKZIP 1.93a distribution.
        -:  268: *
        -:  269: *      A description of the Rabin and Karp algorithm is given in the book
        -:  270: *         "Algorithms" by R. Sedgewick, Addison-Wesley, p252.
        -:  271: *
        -:  272: *      Fiala,E.R., and Greene,D.H.
        -:  273: *         Data Compression with Finite Windows, Comm.ACM, 32,4 (1989) 490-595
        -:  274: *
        -:  275: *  INTERFACE
        -:  276: *
        -:  277: *      void lm_init (int pack_level, ush *flags)
        -:  278: *          Initialize the "longest match" routines for a new file
        -:  279: *
        -:  280: *      ulg deflate (void)
        -:  281: *          Processes a new input file and return its compressed length. Sets
        -:  282: *          the compressed length, crc, deflate flags and internal file
        -:  283: *          attributes.
        -:  284: */
        -:  285:
        -:  286:#ifdef RCSID
        -:  287:static char rcsid[] = "$Id: deflate.c,v 0.15 1993/06/24 10:53:53 jloup Exp $";
        -:  288:#endif
        -:  289:
        -:  290:/* ===========================================================================
        -:  291: * Configuration parameters
        -:  292: */
        -:  293:
        -:  294:/* Compile with MEDIUM_MEM to reduce the memory requirements or
        -:  295: * with SMALL_MEM to use as little memory as possible. Use BIG_MEM if the
        -:  296: * entire input file can be held in memory (not possible on 16 bit systems).
        -:  297: * Warning: defining these symbols affects HASH_BITS (see below) and thus
        -:  298: * affects the compression ratio. The compressed output
        -:  299: * is still correct, and might even be smaller in some cases.
        -:  300: */
        -:  301:
        -:  302:#ifdef SMALL_MEM
        -:  303:#   define HASH_BITS  13  /* Number of bits used to hash strings */
        -:  304:#endif
        -:  305:#ifdef MEDIUM_MEM
        -:  306:#   define HASH_BITS  14
        -:  307:#endif
        -:  308:#ifndef HASH_BITS
        -:  309:#   define HASH_BITS  15
        -:  310:   /* For portability to 16 bit machines, do not use values above 15. */
        -:  311:#endif
        -:  312:
        -:  313:/* To save space (see unlzw.c), we overlay prev+head with tab_prefix and
        -:  314: * window with tab_suffix. Check that we can do this:
        -:  315: */
        -:  316:#if (WSIZE<<1) > (1<<BITS)
        -:  317:   error: cannot overlay window with tab_suffix and prev with tab_prefix0
        -:  318:#endif
        -:  319:#if HASH_BITS > BITS-1
        -:  320:   error: cannot overlay head with tab_prefix1
        -:  321:#endif
        -:  322:
        -:  323:#define HASH_SIZE (unsigned)(1<<HASH_BITS)
        -:  324:#define HASH_MASK (HASH_SIZE-1)
        -:  325:#define WMASK     (WSIZE-1)
        -:  326:/* HASH_SIZE and WSIZE must be powers of two */
        -:  327:
        -:  328:#define NIL 0
        -:  329:/* Tail of hash chains */
        -:  330:
        -:  331:#define FAST 4
        -:  332:#define SLOW 2
        -:  333:/* speed options for the general purpose bit flag */
        -:  334:
        -:  335:#ifndef TOO_FAR
        -:  336:#  define TOO_FAR 4096
        -:  337:#endif
        -:  338:/* Matches of length 3 are discarded if their distance exceeds TOO_FAR */
        -:  339:
        -:  340:/* ===========================================================================
        -:  341: * Local data used by the "longest match" routines.
        -:  342: */
        -:  343:
        -:  344:typedef ush Pos;
        -:  345:typedef unsigned IPos;
        -:  346:/* A Pos is an index in the character window. We use short instead of int to
        -:  347: * save space in the various tables. IPos is used only for parameter passing.
        -:  348: */
        -:  349:
        -:  350:/* DECLARE(uch, window, 2L*WSIZE); */
        -:  351:/* Sliding window. Input bytes are read into the second half of the window,
        -:  352: * and move to the first half later to keep a dictionary of at least WSIZE
        -:  353: * bytes. With this organization, matches are limited to a distance of
        -:  354: * WSIZE-MAX_MATCH bytes, but this ensures that IO is always
        -:  355: * performed with a length multiple of the block size. Also, it limits
        -:  356: * the window size to 64K, which is quite useful on MSDOS.
        -:  357: * To do: limit the window size to WSIZE+BSZ if SMALL_MEM (the code would
        -:  358: * be less efficient).
        -:  359: */
        -:  360:
        -:  361:/* DECLARE(Pos, prev, WSIZE); */
        -:  362:/* Link to older string with same hash index. To limit the size of this
        -:  363: * array to 64K, this link is maintained only for the last 32K strings.
        -:  364: * An index in this array is thus a window index modulo 32K.
        -:  365: */
        -:  366:
        -:  367:/* DECLARE(Pos, head, 1<<HASH_BITS); */
        -:  368:/* Heads of the hash chains or NIL. */
        -:  369:
        -:  370:ulg window_size = (ulg)2*WSIZE;
        -:  371:/* window size, 2*WSIZE except for MMAP or BIG_MEM, where it is the
        -:  372: * input file length plus MIN_LOOKAHEAD.
        -:  373: */
        -:  374:
        -:  375:long block_start;
        -:  376:/* window position at the beginning of the current output block. Gets
        -:  377: * negative when the window is moved backwards.
        -:  378: */
        -:  379:
        -:  380:local unsigned ins_h;  /* hash index of string to be inserted */
        -:  381:
        -:  382:#define H_SHIFT  ((HASH_BITS+MIN_MATCH-1)/MIN_MATCH)
        -:  383:/* Number of bits by which ins_h and del_h must be shifted at each
        -:  384: * input step. It must be such that after MIN_MATCH steps, the oldest
        -:  385: * byte no longer takes part in the hash key, that is:
        -:  386: *   H_SHIFT * MIN_MATCH >= HASH_BITS
        -:  387: */
        -:  388:
        -:  389:unsigned int near prev_length;
        -:  390:/* Length of the best match at previous step. Matches not greater than this
        -:  391: * are discarded. This is used in the lazy match evaluation.
        -:  392: */
        -:  393:
        -:  394:      unsigned near strstart;      /* start of string to insert */
        -:  395:      unsigned near match_start;   /* start of matching string */
        -:  396:local int           eofile;        /* flag set at end of input file */
        -:  397:local unsigned      lookahead;     /* number of valid bytes ahead in window */
        -:  398:
        -:  399:unsigned near max_chain_length;
        -:  400:/* To speed up deflation, hash chains are never searched beyond this length.
        -:  401: * A higher limit improves compression ratio but degrades the speed.
        -:  402: */
        -:  403:
        -:  404:local unsigned int max_lazy_match;
        -:  405:/* Attempt to find a better match only when the current match is strictly
        -:  406: * smaller than this value. This mechanism is used only for compression
        -:  407: * levels >= 4.
        -:  408: */
        -:  409:#define max_insert_length  max_lazy_match
        -:  410:/* Insert new strings in the hash table only if the match length
        -:  411: * is not greater than this length. This saves time but degrades compression.
        -:  412: * max_insert_length is used only for compression levels <= 3.
        -:  413: */
        -:  414:
        -:  415:local int compr_level;
        -:  416:/* compression level (1..9) */
        -:  417:
        -:  418:unsigned near good_match;
        -:  419:/* Use a faster search when the previous match is longer than this */
        -:  420:
        -:  421:
        -:  422:/* Values for max_lazy_match, good_match and max_chain_length, depending on
        -:  423: * the desired pack level (0..9). The values given below have been tuned to
        -:  424: * exclude worst case performance for pathological files. Better values may be
        -:  425: * found for specific files.
        -:  426: */
        -:  427:
        -:  428:typedef struct config {
        -:  429:   ush good_length; /* reduce lazy search above this match length */
        -:  430:   ush max_lazy;    /* do not perform lazy search above this match length */
        -:  431:   ush nice_length; /* quit search above this match length */
        -:  432:   ush max_chain;
        -:  433:} config;
        -:  434:
        -:  435:#ifdef  FULL_SEARCH
        -:  436:# define nice_match MAX_MATCH
        -:  437:#else
        -:  438:  int near nice_match; /* Stop searching when current match exceeds this */
        -:  439:#endif
        -:  440:
        -:  441:local config configuration_table[10] = {
        -:  442:/*      good lazy nice chain */
        -:  443:/* 0 */ {0,    0,  0,    0},  /* store only */
        -:  444:/* 1 */ {4,    4,  8,    4},  /* maximum speed, no lazy matches */
        -:  445:/* 2 */ {4,    5, 16,    8},
        -:  446:/* 3 */ {4,    6, 32,   32},
        -:  447:
        -:  448:/* 4 */ {4,    4, 16,   16},  /* lazy matches */
        -:  449:/* 5 */ {8,   16, 32,   32},
        -:  450:/* 6 */ {8,   16, 128, 128},
        -:  451:/* 7 */ {8,   32, 128, 256},
        -:  452:/* 8 */ {32, 128, 258, 1024},
        -:  453:/* 9 */ {32, 258, 258, 4096}}; /* maximum compression */
        -:  454:
        -:  455:/* Note: the deflate() code requires max_lazy >= MIN_MATCH and max_chain >= 4
        -:  456: * For deflate_fast() (levels <= 3) good is ignored and lazy has a different
        -:  457: * meaning.
        -:  458: */
        -:  459:
        -:  460:#define EQUAL 0
        -:  461:/* result of memcmp for equal strings */
        -:  462:
        -:  463:/* ===========================================================================
        -:  464: *  Prototypes for local functions.
        -:  465: */
        -:  466:local void fill_window   OF((void));
        -:  467:local ulg deflate_fast   OF((void));
        -:  468:
        -:  469:      int  longest_match OF((IPos cur_match));
        -:  470:#ifdef ASMV
        -:  471:      void match_init OF((void)); /* asm code initialization */
        -:  472:#endif
        -:  473:
        -:  474:#ifdef DEBUG
        -:  475:local  void check_match OF((IPos start, IPos match, int length));
        -:  476:#endif
        -:  477:
        -:  478:/* ===========================================================================
        -:  479: * Update a hash value with the given input byte
        -:  480: * IN  assertion: all calls to to UPDATE_HASH are made with consecutive
        -:  481: *    input characters, so that a running hash key can be computed from the
        -:  482: *    previous key instead of complete recalculation each time.
        -:  483: */
        -:  484:#define UPDATE_HASH(h,c) (h = (((h)<<H_SHIFT) ^ (c)) & HASH_MASK)
        -:  485:
        -:  486:/* ===========================================================================
        -:  487: * Insert string s in the dictionary and set match_head to the previous head
        -:  488: * of the hash chain (the most recent string with same hash key). Return
        -:  489: * the previous length of the hash chain.
        -:  490: * IN  assertion: all calls to to INSERT_STRING are made with consecutive
        -:  491: *    input characters and the first MIN_MATCH bytes of s are valid
        -:  492: *    (except for the last MIN_MATCH-1 bytes of the input file).
        -:  493: */
        -:  494:#define INSERT_STRING(s, match_head) \
        -:  495:   (UPDATE_HASH(ins_h, window[(s) + MIN_MATCH-1]), \
        -:  496:    prev[(s) & WMASK] = match_head = head[ins_h], \
        -:  497:    head[ins_h] = (s))
        -:  498:
        -:  499:/* ===========================================================================
        -:  500: * Initialize the "longest match" routines for a new file
        -:  501: */
function lm_init called 175 returned 100% blocks executed 84%
      175:  502:void lm_init (pack_level, flags)
        -:  503:    int pack_level; /* 0: store, 1: best speed, 9: best compression */
        -:  504:    ush *flags;     /* general purpose bit flag */
        -:  505:{
        -:  506:    register unsigned j;
        -:  507:
     175*:  508:    if (pack_level < 1 || pack_level > 9) error("bad pack level");
branch  0 taken 175 (fallthrough)
branch  1 taken 0
branch  2 taken 0 (fallthrough)
branch  3 taken 175
call    4 never executed
      175:  509:    compr_level = pack_level;
        -:  510:
        -:  511:    /* Initialize the hash table. */
        -:  512:#if defined(MAXSEG_64K) && HASH_BITS == 15
        -:  513:    for (j = 0;  j < HASH_SIZE; j++) head[j] = NIL;
        -:  514:#else
      175:  515:    memzero((char*)head, HASH_SIZE*sizeof(*head));
        -:  516:#endif
        -:  517:    /* prev will be initialized on the fly */
        -:  518:
        -:  519:    /* Set the default configuration parameters:
        -:  520:     */
      175:  521:    max_lazy_match   = configuration_table[pack_level].max_lazy;
      175:  522:    good_match       = configuration_table[pack_level].good_length;
        -:  523:#ifndef FULL_SEARCH
      175:  524:    nice_match       = configuration_table[pack_level].nice_length;
        -:  525:#endif
      175:  526:    max_chain_length = configuration_table[pack_level].max_chain;
      175:  527:    if (pack_level == 1) {
branch  0 taken 17 (fallthrough)
branch  1 taken 158
       17:  528:       *flags |= FAST;
      158:  529:    } else if (pack_level == 9) {
branch  0 taken 17 (fallthrough)
branch  1 taken 141
       17:  530:       *flags |= SLOW;
        -:  531:    }
        -:  532:    /* ??? reduce max_chain_length for binary files */
        -:  533:
      175:  534:    strstart = 0;
      175:  535:    block_start = 0L;
        -:  536:#ifdef ASMV
        -:  537:    match_init(); /* initialize the asm code */
        -:  538:#endif
        -:  539:
      175:  540:    lookahead = read_buf((char*)window,
call    0 returned 175
        -:  541:			 sizeof(int) <= 2 ? (unsigned)WSIZE : 2*WSIZE);
        -:  542:
      175:  543:    if (lookahead == 0 || lookahead == (unsigned)EOF) {
branch  0 taken 174 (fallthrough)
branch  1 taken 1
branch  2 taken 1 (fallthrough)
branch  3 taken 173
        2:  544:       eofile = 1, lookahead = 0;
        2:  545:       return;
        -:  546:    }
      173:  547:    eofile = 0;
        -:  548:    /* Make sure that we always have enough lookahead. This is important
        -:  549:     * if input comes from a device such as a tty.
        -:  550:     */
     173*:  551:    while (lookahead < MIN_LOOKAHEAD && !eofile) fill_window();
call    0 never executed
branch  1 taken 0 (fallthrough)
branch  2 taken 173
branch  3 never executed
branch  4 never executed
        -:  552:
      173:  553:    ins_h = 0;
      519:  554:    for (j=0; j<MIN_MATCH-1; j++) UPDATE_HASH(ins_h, window[j]);
branch  0 taken 346
branch  1 taken 173 (fallthrough)
        -:  555:    /* If lookahead < MIN_MATCH, ins_h is garbage, but this is
        -:  556:     * not important since only literal bytes will be emitted.
        -:  557:     */
        -:  558:}
        -:  559:
        -:  560:/* ===========================================================================
        -:  561: * Set match_start to the longest match starting at the given string and
        -:  562: * return its length. Matches shorter or equal to prev_length are discarded,
        -:  563: * in which case the result is equal to prev_length and match_start is
        -:  564: * garbage.
        -:  565: * IN assertions: cur_match is the head of the hash chain for the current
        -:  566: *   string (strstart) and its distance is <= MAX_DIST, and prev_length >= 1
        -:  567: */
        -:  568:#ifndef ASMV
        -:  569:/* For MSDOS, OS/2 and 386 Unix, an optimized version is in match.asm or
        -:  570: * match.s. The code is functionally equivalent, so you can use the C version
        -:  571: * if desired.
        -:  572: */
function longest_match called 1882478 returned 100% blocks executed 100%
  1882478:  573:int longest_match(cur_match)
        -:  574:    IPos cur_match;                             /* current match */
        -:  575:{
  1882478:  576:    unsigned chain_length = max_chain_length;   /* max hash chain length */
  1882478:  577:    register uch *scan = window + strstart;     /* current string */
        -:  578:    register uch *match;                        /* matched string */
        -:  579:    register int len;                           /* length of current match */
  1882478:  580:    int best_len = prev_length;                 /* best match length so far */
  1882478:  581:    IPos limit = strstart > (IPos)MAX_DIST ? strstart - (IPos)MAX_DIST : NIL;
        -:  582:    /* Stop when cur_match becomes <= limit. To simplify the code,
        -:  583:     * we prevent matches with the string of window index 0.
        -:  584:     */
        -:  585:
        -:  586:/* The code is optimized for HASH_BITS >= 8 and MAX_MATCH-2 multiple of 16.
        -:  587: * It is easy to get rid of this optimization if necessary.
        -:  588: */
        -:  589:#if HASH_BITS < 8 || MAX_MATCH != 258
        -:  590:   error: Code too clever
        -:  591:#endif
        -:  592:
        -:  593:#ifdef UNALIGNED_OK
        -:  594:    /* Compare two bytes at a time. Note: this is not always beneficial.
        -:  595:     * Try with and without -DUNALIGNED_OK to check.
        -:  596:     */
        -:  597:    register uch *strend = window + strstart + MAX_MATCH - 1;
        -:  598:    register ush scan_start = *(ush*)scan;
        -:  599:    register ush scan_end   = *(ush*)(scan+best_len-1);
        -:  600:#else
  1882478:  601:    register uch *strend = window + strstart + MAX_MATCH;
  1882478:  602:    register uch scan_end1  = scan[best_len-1];
  1882478:  603:    register uch scan_end   = scan[best_len];
        -:  604:#endif
        -:  605:
        -:  606:    /* Do not waste too much time if we already have a good match: */
  1882478:  607:    if (prev_length >= good_match) {
branch  0 taken 114250 (fallthrough)
branch  1 taken 1768228
   114250:  608:        chain_length >>= 2;
        -:  609:    }
        -:  610:    Assert(strstart <= window_size-MIN_LOOKAHEAD, "insufficient lookahead");
        -:  611:
        -:  612:    do {
        -:  613:        Assert(cur_match < strstart, "no future");
 39870405:  614:        match = window + cur_match;
        -:  615:
        -:  616:        /* Skip to next match if the match length cannot increase
        -:  617:         * or if the match length is less than 2:
        -:  618:         */
        -:  619:#if (defined(UNALIGNED_OK) && MAX_MATCH == 258)
        -:  620:        /* This code assumes sizeof(unsigned short) == 2. Do not use
        -:  621:         * UNALIGNED_OK if your compiler uses a different size.
        -:  622:         */
        -:  623:        if (*(ush*)(match+best_len-1) != scan_end ||
        -:  624:            *(ush*)match != scan_start) continue;
        -:  625:
        -:  626:        /* It is not necessary to compare scan[2] and match[2] since they are
        -:  627:         * always equal when the other bytes match, given that the hash keys
        -:  628:         * are equal and that HASH_BITS >= 8. Compare 2 bytes at a time at
        -:  629:         * strstart+3, +5, ... up to strstart+257. We check for insufficient
        -:  630:         * lookahead only every 4th comparison; the 128th check will be made
        -:  631:         * at strstart+257. If MAX_MATCH-2 is not a multiple of 8, it is
        -:  632:         * necessary to put more guard bytes at the end of the window, or
        -:  633:         * to check more often for insufficient lookahead.
        -:  634:         */
        -:  635:        scan++, match++;
        -:  636:        do {
        -:  637:        } while (*(ush*)(scan+=2) == *(ush*)(match+=2) &&
        -:  638:                 *(ush*)(scan+=2) == *(ush*)(match+=2) &&
        -:  639:                 *(ush*)(scan+=2) == *(ush*)(match+=2) &&
        -:  640:                 *(ush*)(scan+=2) == *(ush*)(match+=2) &&
        -:  641:                 scan < strend);
        -:  642:        /* The funny "do {}" generates better code on most compilers */
        -:  643:
        -:  644:        /* Here, scan <= window+strstart+257 */
        -:  645:        Assert(scan <= window+(unsigned)(window_size-1), "wild scan");
        -:  646:        if (*scan == *match) scan++;
        -:  647:
        -:  648:        len = (MAX_MATCH - 1) - (int)(strend-scan);
        -:  649:        scan = strend - (MAX_MATCH-1);
        -:  650:
        -:  651:#else /* UNALIGNED_OK */
        -:  652:
 39870405:  653:        if (match[best_len]   != scan_end  ||
branch  0 taken 5616771 (fallthrough)
branch  1 taken 34253634
  5616771:  654:            match[best_len-1] != scan_end1 ||
branch  0 taken 2966671 (fallthrough)
branch  1 taken 2650100
  2966671:  655:            *match            != *scan     ||
branch  0 taken 1985637 (fallthrough)
branch  1 taken 981034
 39870405:  656:            *++match          != scan[1])      continue;
branch  0 taken 6279 (fallthrough)
branch  1 taken 1979358
        -:  657:
        -:  658:        /* The check at best_len-1 can be removed because it will be made
        -:  659:         * again later. (This heuristic is not always a win.)
        -:  660:         * It is not necessary to compare scan[2] and match[2] since they
        -:  661:         * are always equal when the other bytes match, given that
        -:  662:         * the hash keys are equal and that HASH_BITS >= 8.
        -:  663:         */
  1979358:  664:        scan += 2, match++;
        -:  665:
        -:  666:        /* We check for insufficient lookahead only every 8th comparison;
        -:  667:         * the 256th check will be made at strstart+258.
        -:  668:         */
        -:  669:        do {
 14279847:  670:        } while (*++scan == *++match && *++scan == *++match &&
branch  0 taken 13956569 (fallthrough)
branch  1 taken 323278
 13956569:  671:                 *++scan == *++match && *++scan == *++match &&
branch  0 taken 13743506 (fallthrough)
branch  1 taken 213063
branch  2 taken 13570244 (fallthrough)
branch  3 taken 173262
 13570244:  672:                 *++scan == *++match && *++scan == *++match &&
branch  0 taken 13448119 (fallthrough)
branch  1 taken 122125
branch  2 taken 13356178 (fallthrough)
branch  3 taken 91941
 15335536:  673:                 *++scan == *++match && *++scan == *++match &&
branch  0 taken 14279847 (fallthrough)
branch  1 taken 539057
branch  2 taken 13294763 (fallthrough)
branch  3 taken 61415
branch  4 taken 13246814 (fallthrough)
branch  5 taken 47949
branch  6 taken 12839546
branch  7 taken 407268 (fallthrough)
        -:  674:                 scan < strend);
        -:  675:
  1979358:  676:        len = MAX_MATCH - (int)(strend - scan);
  1979358:  677:        scan = strend - MAX_MATCH;
        -:  678:
        -:  679:#endif /* UNALIGNED_OK */
        -:  680:
  1979358:  681:        if (len > best_len) {
branch  0 taken 1793845 (fallthrough)
branch  1 taken 185513
  1793845:  682:            match_start = cur_match;
  1793845:  683:            best_len = len;
  1793845:  684:            if (len >= nice_match) break;
branch  0 taken 431802 (fallthrough)
branch  1 taken 1362043
        -:  685:#ifdef UNALIGNED_OK
        -:  686:            scan_end = *(ush*)(scan+best_len-1);
        -:  687:#else
  1362043:  688:            scan_end1  = scan[best_len-1];
  1362043:  689:            scan_end   = scan[best_len];
        -:  690:#endif
        -:  691:        }
 39438603:  692:    } while ((cur_match = prev[cur_match & WMASK]) > limit
 39438603:  693:	     && --chain_length != 0);
branch  0 taken 38256418 (fallthrough)
branch  1 taken 1182185
branch  2 taken 37987927
branch  3 taken 268491 (fallthrough)
        -:  694:
  1882478:  695:    return best_len;
        -:  696:}
        -:  697:#endif /* ASMV */
        -:  698:
        -:  699:#ifdef DEBUG
        -:  700:/* ===========================================================================
        -:  701: * Check that the match at match_start is indeed a match.
        -:  702: */
        -:  703:local void check_match(start, match, length)
        -:  704:    IPos start, match;
        -:  705:    int length;
        -:  706:{
        -:  707:    /* check that the match is indeed a match */
        -:  708:    if (memcmp((char*)window + match,
        -:  709:                (char*)window + start, length) != EQUAL) {
        -:  710:        fprintf(stderr,
        -:  711:            " start %d, match %d, length %d\n",
        -:  712:            start, match, length);
        -:  713:        error("invalid match");
        -:  714:    }
        -:  715:    if (verbose > 1) {
        -:  716:        fprintf(stderr,"\\[%d,%d]", start-match, length);
        -:  717:        do { putc(window[start++], stderr); } while (--length != 0);
        -:  718:    }
        -:  719:}
        -:  720:#else
        -:  721:#  define check_match(start, match, length)
        -:  722:#endif
        -:  723:
        -:  724:/* ===========================================================================
        -:  725: * Fill the window when the lookahead becomes insufficient.
        -:  726: * Updates strstart and lookahead, and sets eofile if end of input file.
        -:  727: * IN assertion: lookahead < MIN_LOOKAHEAD && strstart + lookahead > 0
        -:  728: * OUT assertions: at least one byte has been read, or eofile is set;
        -:  729: *    file reads are performed for at least two bytes (required for the
        -:  730: *    translate_eol option).
        -:  731: */
function fill_window called 3395 returned 100% blocks executed 96%
     3395:  732:local void fill_window()
        -:  733:{
        -:  734:    register unsigned n, m;
     3395:  735:    unsigned more = (unsigned)(window_size - (ulg)lookahead - (ulg)strstart);
        -:  736:    /* Amount of free space at the end of the window. */
        -:  737:
        -:  738:    /* If the window is almost full and there is insufficient lookahead,
        -:  739:     * move the upper half to the lower one to make room in the upper half.
        -:  740:     */
     3395:  741:    if (more == (unsigned)EOF) {
branch  0 taken 0 (fallthrough)
branch  1 taken 3395
        -:  742:        /* Very unlikely, but possible on 16 bit machine if strstart == 0
        -:  743:         * and lookahead == 1 (input done one byte at time)
        -:  744:         */
    #####:  745:        more--;
     3395:  746:    } else if (strstart >= WSIZE+MAX_DIST) {
branch  0 taken 3223 (fallthrough)
branch  1 taken 172
        -:  747:        /* By the IN assertion, the window is not empty so we can't confuse
        -:  748:         * more == 0 with more == 64K on a 16 bit machine.
        -:  749:         */
        -:  750:        Assert(window_size == (ulg)2*WSIZE, "no sliding with BIG_MEM");
        -:  751:
     3223:  752:        memcpy((char*)window, (char*)window+WSIZE, (unsigned)WSIZE);
     3223:  753:        match_start -= WSIZE;
     3223:  754:        strstart    -= WSIZE; /* we now have strstart >= MAX_DIST: */
        -:  755:
     3223:  756:        block_start -= (long) WSIZE;
        -:  757:
105614487:  758:        for (n = 0; n < HASH_SIZE; n++) {
branch  0 taken 105611264
branch  1 taken 3223 (fallthrough)
105611264:  759:            m = head[n];
105611264:  760:            head[n] = (Pos)(m >= WSIZE ? m-WSIZE : NIL);
branch  0 taken 67185 (fallthrough)
branch  1 taken 105544079
        -:  761:        }
105614487:  762:        for (n = 0; n < WSIZE; n++) {
branch  0 taken 105611264
branch  1 taken 3223 (fallthrough)
105611264:  763:            m = prev[n];
105611264:  764:            prev[n] = (Pos)(m >= WSIZE ? m-WSIZE : NIL);
branch  0 taken 105113304 (fallthrough)
branch  1 taken 497960
        -:  765:            /* If n is not on any hash chain, prev[n] is garbage but
        -:  766:             * its value will never be used.
        -:  767:             */
        -:  768:        }
     3223:  769:        more += WSIZE;
        -:  770:    }
        -:  771:    /* At this point, more >= 2 */
     3395:  772:    if (!eofile) {
branch  0 taken 3395 (fallthrough)
branch  1 taken 0
     3395:  773:        n = read_buf((char*)window+strstart+lookahead, more);
call    0 returned 3395
     3395:  774:        if (n == 0 || n == (unsigned)EOF) {
branch  0 taken 3222 (fallthrough)
branch  1 taken 173
branch  2 taken 0 (fallthrough)
branch  3 taken 3222
      173:  775:            eofile = 1;
        -:  776:        } else {
     3222:  777:            lookahead += n;
        -:  778:        }
        -:  779:    }
     3395:  780:}
        -:  781:
        -:  782:/* ===========================================================================
        -:  783: * Flush the current block, with given end-of-file flag.
        -:  784: * IN assertion: strstart is set to the end of the current match.
        -:  785: */
        -:  786:#define FLUSH_BLOCK(eof) \
        -:  787:   flush_block(block_start >= 0L ? (char*)&window[(unsigned)block_start] : \
        -:  788:                (char*)NULL, (long)strstart - block_start, (eof))
        -:  789:
        -:  790:/* ===========================================================================
        -:  791: * Processes a new input file and return its compressed length. This
        -:  792: * function does not perform lazy evaluationof matches and inserts
        -:  793: * new strings in the dictionary only for unmatched strings or for short
        -:  794: * matches. It is used only for the fast compression options.
        -:  795: */
function deflate_fast called 49 returned 100% blocks executed 81%
       49:  796:local ulg deflate_fast()
        -:  797:{
        -:  798:    IPos hash_head; /* head of the hash chain */
        -:  799:    int flush;      /* set if current block must be flushed */
       49:  800:    unsigned match_length = 0;  /* length of best match */
        -:  801:
       49:  802:    prev_length = MIN_MATCH-1;
   377398:  803:    while (lookahead != 0) {
branch  0 taken 377349
branch  1 taken 49 (fallthrough)
        -:  804:        /* Insert the string window[strstart .. strstart+2] in the
        -:  805:         * dictionary, and set hash_head to the head of the hash chain:
        -:  806:         */
   377349:  807:        INSERT_STRING(strstart, hash_head);
        -:  808:
        -:  809:        /* Find the longest match, discarding those <= prev_length.
        -:  810:         * At this point we have always match_length < MIN_MATCH
        -:  811:         */
   377349:  812:        if (hash_head != NIL && strstart - hash_head <= MAX_DIST) {
branch  0 taken 277067 (fallthrough)
branch  1 taken 100282
branch  2 taken 277051 (fallthrough)
branch  3 taken 16
        -:  813:            /* To simplify the code, we prevent matches with the string
        -:  814:             * of window index 0 (in particular we have to avoid a match
        -:  815:             * of the string with itself at the start of the input file).
        -:  816:             */
   277051:  817:            match_length = longest_match (hash_head);
call    0 returned 277051
        -:  818:            /* longest_match() sets match_start */
   277051:  819:            if (match_length > lookahead) match_length = lookahead;
branch  0 taken 49 (fallthrough)
branch  1 taken 277002
        -:  820:        }
   377349:  821:        if (match_length >= MIN_MATCH) {
branch  0 taken 257451 (fallthrough)
branch  1 taken 119898
        -:  822:            check_match(strstart, match_start, match_length);
        -:  823:
   257451:  824:            flush = ct_tally(strstart-match_start, match_length - MIN_MATCH);
call    0 returned 257451
        -:  825:
   257451:  826:            lookahead -= match_length;
        -:  827:
        -:  828:	    /* Insert new strings in the hash table only if the match length
        -:  829:             * is not too large. This saves time but degrades compression.
        -:  830:             */
   257451:  831:            if (match_length <= max_insert_length) {
branch  0 taken 149725 (fallthrough)
branch  1 taken 107726
   149725:  832:                match_length--; /* string at strstart already in hash table */
        -:  833:                do {
   421537:  834:                    strstart++;
   421537:  835:                    INSERT_STRING(strstart, hash_head);
        -:  836:                    /* strstart never exceeds WSIZE-MAX_MATCH, so there are
        -:  837:                     * always MIN_MATCH bytes ahead. If lookahead < MIN_MATCH
        -:  838:                     * these bytes are garbage, but it does not matter since
        -:  839:                     * the next lookahead bytes will be emitted as literals.
        -:  840:                     */
   421537:  841:                } while (--match_length != 0);
branch  0 taken 271812
branch  1 taken 149725 (fallthrough)
   149725:  842:	        strstart++; 
        -:  843:            } else {
   107726:  844:	        strstart += match_length;
   107726:  845:	        match_length = 0;
   107726:  846:	        ins_h = window[strstart];
   107726:  847:	        UPDATE_HASH(ins_h, window[strstart+1]);
        -:  848:#if MIN_MATCH != 3
        -:  849:                Call UPDATE_HASH() MIN_MATCH-3 more times
        -:  850:#endif
        -:  851:            }
        -:  852:        } else {
        -:  853:            /* No match, output a literal byte */
        -:  854:            Tracevv((stderr,"%c",window[strstart]));
   119898:  855:            flush = ct_tally (0, window[strstart]);
call    0 returned 119898
   119898:  856:            lookahead--;
   119898:  857:	    strstart++; 
        -:  858:        }
  377349*:  859:        if (flush) FLUSH_BLOCK(0), block_start = strstart;
branch  0 taken 0 (fallthrough)
branch  1 taken 377349
branch  2 never executed
branch  3 never executed
call    4 never executed
        -:  860:
        -:  861:        /* Make sure that we always have enough lookahead, except
        -:  862:         * at the end of the input file. We need MAX_MATCH bytes
        -:  863:         * for the next match, plus MIN_MATCH bytes to insert the
        -:  864:         * string following the next match.
        -:  865:         */
   377398:  866:        while (lookahead < MIN_LOOKAHEAD && !eofile) fill_window();
call    0 returned 49
branch  1 taken 4460 (fallthrough)
branch  2 taken 372938
branch  3 taken 49
branch  4 taken 4411 (fallthrough)
        -:  867:
        -:  868:    }
      49*:  869:    return FLUSH_BLOCK(1); /* eof */
branch  0 taken 49 (fallthrough)
branch  1 taken 0
call    2 returned 49
        -:  870:}
        -:  871:
        -:  872:/* ===========================================================================
        -:  873: * Same as above, but achieves better compression. We use a lazy
        -:  874: * evaluation for matches: a match is finally adopted only if there is
        -:  875: * no better match at the next window position.
        -:  876: */
function deflate called 175 returned 100% blocks executed 98%
      175:  877:ulg deflate()
        -:  878:{
        -:  879:    IPos hash_head;          /* head of hash chain */
        -:  880:    IPos prev_match;         /* previous match */
        -:  881:    int flush;               /* set if current block must be flushed */
      175:  882:    int match_available = 0; /* set if previous match exists */
      175:  883:    register unsigned match_length = MIN_MATCH-1; /* length of best match */
        -:  884:#ifdef DEBUG
        -:  885:    extern long isize;        /* byte length of input file, for debug only */
        -:  886:#endif
        -:  887:
      175:  888:    if (compr_level <= 3) return deflate_fast(); /* optimized for speed */
branch  0 taken 49 (fallthrough)
branch  1 taken 126
call    2 returned 49
        -:  889:
        -:  890:    /* Process the input block. */
  2402009:  891:    while (lookahead != 0) {
branch  0 taken 2401883
branch  1 taken 126 (fallthrough)
        -:  892:        /* Insert the string window[strstart .. strstart+2] in the
        -:  893:         * dictionary, and set hash_head to the head of the hash chain:
        -:  894:         */
  2401883:  895:        INSERT_STRING(strstart, hash_head);
        -:  896:
        -:  897:        /* Find the longest match, discarding those <= prev_length.
        -:  898:         */
  2401883:  899:        prev_length = match_length, prev_match = match_start;
  2401883:  900:        match_length = MIN_MATCH-1;
        -:  901:
  2401883:  902:        if (hash_head != NIL && prev_length < max_lazy_match &&
branch  0 taken 2099255 (fallthrough)
branch  1 taken 302628
branch  2 taken 1608086 (fallthrough)
branch  3 taken 491169
  1608086:  903:            strstart - hash_head <= MAX_DIST) {
branch  0 taken 1605427 (fallthrough)
branch  1 taken 2659
        -:  904:            /* To simplify the code, we prevent matches with the string
        -:  905:             * of window index 0 (in particular we have to avoid a match
        -:  906:             * of the string with itself at the start of the input file).
        -:  907:             */
  1605427:  908:            match_length = longest_match (hash_head);
call    0 returned 1605427
        -:  909:            /* longest_match() sets match_start */
  1605427:  910:            if (match_length > lookahead) match_length = lookahead;
branch  0 taken 123 (fallthrough)
branch  1 taken 1605304
        -:  911:
        -:  912:            /* Ignore a length 3 match if it is too distant: */
  1605427:  913:            if (match_length == MIN_MATCH && strstart-match_start > TOO_FAR){
branch  0 taken 177707 (fallthrough)
branch  1 taken 1427720
branch  2 taken 37114 (fallthrough)
branch  3 taken 140593
        -:  914:                /* If prev_match is also MIN_MATCH, match_start is garbage
        -:  915:                 * but we will ignore the current match anyway.
        -:  916:                 */
    37114:  917:                match_length--;
        -:  918:            }
        -:  919:        }
        -:  920:        /* If there was a match at the previous step and the current
        -:  921:         * match is not better, output the previous match:
        -:  922:         */
  2401883:  923:        if (prev_length >= MIN_MATCH && match_length <= prev_length) {
branch  0 taken 1059394 (fallthrough)
branch  1 taken 1342489
branch  2 taken 974186 (fallthrough)
branch  3 taken 85208
        -:  924:
        -:  925:            check_match(strstart-1, prev_match, prev_length);
        -:  926:
   974186:  927:            flush = ct_tally(strstart-1-prev_match, prev_length - MIN_MATCH);
call    0 returned 974186
        -:  928:
        -:  929:            /* Insert in hash table all strings up to the end of the match.
        -:  930:             * strstart-1 and strstart are already inserted.
        -:  931:             */
   974186:  932:            lookahead -= prev_length-1;
   974186:  933:            prev_length -= 2;
        -:  934:            do {
107416300:  935:                strstart++;
107416300:  936:                INSERT_STRING(strstart, hash_head);
        -:  937:                /* strstart never exceeds WSIZE-MAX_MATCH, so there are
        -:  938:                 * always MIN_MATCH bytes ahead. If lookahead < MIN_MATCH
        -:  939:                 * these bytes are garbage, but it does not matter since the
        -:  940:                 * next lookahead bytes will always be emitted as literals.
        -:  941:                 */
107416300:  942:            } while (--prev_length != 0);
branch  0 taken 106442114
branch  1 taken 974186 (fallthrough)
   974186:  943:            match_available = 0;
   974186:  944:            match_length = MIN_MATCH-1;
   974186:  945:            strstart++;
   974186:  946:            if (flush) FLUSH_BLOCK(0), block_start = strstart;
branch  0 taken 16 (fallthrough)
branch  1 taken 974170
branch  2 taken 1 (fallthrough)
branch  3 taken 15
call    4 returned 16
        -:  947:
  1427697:  948:        } else if (match_available) {
branch  0 taken 453391 (fallthrough)
branch  1 taken 974306
        -:  949:            /* If there was no match at the previous position, output a
        -:  950:             * single literal. If there was a match but the current match
        -:  951:             * is longer, truncate the previous match to a single literal.
        -:  952:             */
        -:  953:            Tracevv((stderr,"%c",window[strstart-1]));
   453391:  954:            if (ct_tally (0, window[strstart-1])) {
call    0 returned 453391
branch  1 taken 4 (fallthrough)
branch  2 taken 453387
       4*:  955:                FLUSH_BLOCK(0), block_start = strstart;
branch  0 taken 4 (fallthrough)
branch  1 taken 0
call    2 returned 4
        -:  956:            }
   453391:  957:            strstart++;
   453391:  958:            lookahead--;
        -:  959:        } else {
        -:  960:            /* There is no previous match to compare with, wait for
        -:  961:             * the next step to decide.
        -:  962:             */
   974306:  963:            match_available = 1;
   974306:  964:            strstart++;
   974306:  965:            lookahead--;
        -:  966:        }
        -:  967:        Assert (strstart <= isize && lookahead <= isize, "a bit too far");
        -:  968:
        -:  969:        /* Make sure that we always have enough lookahead, except
        -:  970:         * at the end of the input file. We need MAX_MATCH bytes
        -:  971:         * for the next match, plus MIN_MATCH bytes to insert the
        -:  972:         * string following the next match.
        -:  973:         */
  2405229:  974:        while (lookahead < MIN_LOOKAHEAD && !eofile) fill_window();
call    0 returned 3346
branch  1 taken 17118 (fallthrough)
branch  2 taken 2388111
branch  3 taken 3346
branch  4 taken 13772 (fallthrough)
        -:  975:    }
      126:  976:    if (match_available) ct_tally (0, window[strstart-1]);
branch  0 taken 120 (fallthrough)
branch  1 taken 6
call    2 returned 120
        -:  977:
      126:  978:    return FLUSH_BLOCK(1); /* eof */
branch  0 taken 123 (fallthrough)
branch  1 taken 3
call    2 returned 126
        -:  979:}
        -:  980:/* inflate.c -- Not copyrighted 1992 by Mark Adler
        -:  981:   version c10p1, 10 January 1993 */
        -:  982:
        -:  983:/* You can do whatever you like with this source file, though I would
        -:  984:   prefer that if you modify it and redistribute it that you include
        -:  985:   comments to that effect with your name and the date.  Thank you.
        -:  986:   [The history has been moved to the file ChangeLog.]
        -:  987: */
        -:  988:
        -:  989:/*
        -:  990:   Inflate deflated (PKZIP's method 8 compressed) data.  The compression
        -:  991:   method searches for as much of the current string of bytes (up to a
        -:  992:   length of 258) in the previous 32K bytes.  If it doesn't find any
        -:  993:   matches (of at least length 3), it codes the next byte.  Otherwise, it
        -:  994:   codes the length of the matched string and its distance backwards from
        -:  995:   the current position.  There is a single Huffman code that codes both
        -:  996:   single bytes (called "literals") and match lengths.  A second Huffman
        -:  997:   code codes the distance information, which follows a length code.  Each
        -:  998:   length or distance code actually represents a base value and a number
        -:  999:   of "extra" (sometimes zero) bits to get to add to the base value.  At
        -: 1000:   the end of each deflated block is a special end-of-block (EOB) literal/
        -: 1001:   length code.  The decoding process is basically: get a literal/length
        -: 1002:   code; if EOB then done; if a literal, emit the decoded byte; if a
        -: 1003:   length then get the distance and emit the referred-to bytes from the
        -: 1004:   sliding window of previously emitted data.
        -: 1005:
        -: 1006:   There are (currently) three kinds of inflate blocks: stored, fixed, and
        -: 1007:   dynamic.  The compressor deals with some chunk of data at a time, and
        -: 1008:   decides which method to use on a chunk-by-chunk basis.  A chunk might
        -: 1009:   typically be 32K or 64K.  If the chunk is uncompressible, then the
        -: 1010:   "stored" method is used.  In this case, the bytes are simply stored as
        -: 1011:   is, eight bits per byte, with none of the above coding.  The bytes are
        -: 1012:   preceded by a count, since there is no longer an EOB code.
        -: 1013:
        -: 1014:   If the data is compressible, then either the fixed or dynamic methods
        -: 1015:   are used.  In the dynamic method, the compressed data is preceded by
        -: 1016:   an encoding of the literal/length and distance Huffman codes that are
        -: 1017:   to be used to decode this block.  The representation is itself Huffman
        -: 1018:   coded, and so is preceded by a description of that code.  These code
        -: 1019:   descriptions take up a little space, and so for small blocks, there is
        -: 1020:   a predefined set of codes, called the fixed codes.  The fixed method is
        -: 1021:   used if the block codes up smaller that way (usually for quite small
        -: 1022:   chunks), otherwise the dynamic method is used.  In the latter case, the
        -: 1023:   codes are customized to the probabilities in the current block, and so
        -: 1024:   can code it much better than the pre-determined fixed codes.
        -: 1025: 
        -: 1026:   The Huffman codes themselves are decoded using a mutli-level table
        -: 1027:   lookup, in order to maximize the speed of decoding plus the speed of
        -: 1028:   building the decoding tables.  See the comments below that precede the
        -: 1029:   lbits and dbits tuning parameters.
        -: 1030: */
        -: 1031:
        -: 1032:
        -: 1033:/*
        -: 1034:   Notes beyond the 1.93a appnote.txt:
        -: 1035:
        -: 1036:   1. Distance pointers never point before the beginning of the output
        -: 1037:      stream.
        -: 1038:   2. Distance pointers can point back across blocks, up to 32k away.
        -: 1039:   3. There is an implied maximum of 7 bits for the bit length table and
        -: 1040:      15 bits for the actual data.
        -: 1041:   4. If only one code exists, then it is encoded using one bit.  (Zero
        -: 1042:      would be more efficient, but perhaps a little confusing.)  If two
        -: 1043:      codes exist, they are coded using one bit each (0 and 1).
        -: 1044:   5. There is no way of sending zero distance codes--a dummy must be
        -: 1045:      sent if there are none.  (History: a pre 2.0 version of PKZIP would
        -: 1046:      store blocks with no distance codes, but this was discovered to be
        -: 1047:      too harsh a criterion.)  Valid only for 1.93a.  2.04c does allow
        -: 1048:      zero distance codes, which is sent as one code of zero bits in
        -: 1049:      length.
        -: 1050:   6. There are up to 286 literal/length codes.  Code 256 represents the
        -: 1051:      end-of-block.  Note however that the static length tree defines
        -: 1052:      288 codes just to fill out the Huffman codes.  Codes 286 and 287
        -: 1053:      cannot be used though, since there is no length base or extra bits
        -: 1054:      defined for them.  Similarly, there are up to 30 distance codes.
        -: 1055:      However, static trees define 32 codes (all 5 bits) to fill out the
        -: 1056:      Huffman codes, but the last two had better not show up in the data.
        -: 1057:   7. Unzip can check dynamic Huffman blocks for complete code sets.
        -: 1058:      The exception is that a single code would not be complete (see #4).
        -: 1059:   8. The five bits following the block type is really the number of
        -: 1060:      literal codes sent minus 257.
        -: 1061:   9. Length codes 8,16,16 are interpreted as 13 length codes of 8 bits
        -: 1062:      (1+6+6).  Therefore, to output three times the length, you output
        -: 1063:      three codes (1+1+1), whereas to output four times the same length,
        -: 1064:      you only need two codes (1+3).  Hmm.
        -: 1065:  10. In the tree reconstruction algorithm, Code = Code + Increment
        -: 1066:      only if BitLength(i) is not zero.  (Pretty obvious.)
        -: 1067:  11. Correction: 4 Bits: # of Bit Length codes - 4     (4 - 19)
        -: 1068:  12. Note: length code 284 can represent 227-258, but length code 285
        -: 1069:      really is 258.  The last length deserves its own, short code
        -: 1070:      since it gets used a lot in very redundant files.  The length
        -: 1071:      258 is special since 258 - 3 (the min match length) is 255.
        -: 1072:  13. The literal/length and distance code bit lengths are read as a
        -: 1073:      single stream of lengths.  It is possible (and advantageous) for
        -: 1074:      a repeat code (16, 17, or 18) to go across the boundary between
        -: 1075:      the two sets of lengths.
        -: 1076: */
        -: 1077:
        -: 1078:#ifdef RCSID
        -: 1079:static char rcsid[] = "$Id: inflate.c,v 0.14 1993/06/10 13:27:04 jloup Exp $";
        -: 1080:#endif
        -: 1081:
        -: 1082:#if defined(STDC_HEADERS) || !defined(NO_STDLIB_H)
        -: 1083:#  include <stdlib.h>
        -: 1084:#endif
        -: 1085:
        -: 1086:#define slide window
        -: 1087:
        -: 1088:/* Huffman code lookup table entry--this entry is four bytes for machines
        -: 1089:   that have 16-bit pointers (e.g. PC's in the small or medium model).
        -: 1090:   Valid extra bits are 0..13.  e == 15 is EOB (end of block), e == 16
        -: 1091:   means that v is a literal, 16 < e < 32 means that v is a pointer to
        -: 1092:   the next table, which codes e - 16 bits, and lastly e == 99 indicates
        -: 1093:   an unused code.  If a code with e == 99 is looked up, this implies an
        -: 1094:   error in the data. */
        -: 1095:struct huft {
        -: 1096:  uch e;                /* number of extra bits or operation */
        -: 1097:  uch b;                /* number of bits in this code or subcode */
        -: 1098:  union {
        -: 1099:    ush n;              /* literal, length base, or distance base */
        -: 1100:    struct huft *t;     /* pointer to next level of table */
        -: 1101:  } v;
        -: 1102:};
        -: 1103:
        -: 1104:
        -: 1105:/* Function prototypes */
        -: 1106:int huft_build OF((unsigned *, unsigned, unsigned, ush *, ush *,
        -: 1107:                   struct huft **, int *));
        -: 1108:int huft_free OF((struct huft *));
        -: 1109:int inflate_codes OF((struct huft *, struct huft *, int, int));
        -: 1110:int inflate_stored OF((void));
        -: 1111:int inflate_fixed OF((void));
        -: 1112:int inflate_dynamic OF((void));
        -: 1113:int inflate_block OF((int *));
        -: 1114:int inflate OF((void));
        -: 1115:
        -: 1116:
        -: 1117:/* The inflate algorithm uses a sliding 32K byte window on the uncompressed
        -: 1118:   stream to find repeated byte strings.  This is implemented here as a
        -: 1119:   circular buffer.  The index is updated simply by incrementing and then
        -: 1120:   and'ing with 0x7fff (32K-1). */
        -: 1121:/* It is left to other modules to supply the 32K area.  It is assumed
        -: 1122:   to be usable as if it were declared "uch slide[32768];" or as just
        -: 1123:   "uch *slide;" and then malloc'ed in the latter case.  The definition
        -: 1124:   must be in unzip.h, included above. */
        -: 1125:/* unsigned wp;             current position in slide */
        -: 1126:#define wp outcnt
        -: 1127:#define flush_output(w) (wp=(w),flush_window())
        -: 1128:
        -: 1129:/* Tables for deflate from PKZIP's appnote.txt. */
        -: 1130:static unsigned border[] = {    /* Order of the bit length code lengths */
        -: 1131:        16, 17, 18, 0, 8, 7, 9, 6, 10, 5, 11, 4, 12, 3, 13, 2, 14, 1, 15};
        -: 1132:static ush cplens[] = {         /* Copy lengths for literal codes 257..285 */
        -: 1133:        3, 4, 5, 6, 7, 8, 9, 10, 11, 13, 15, 17, 19, 23, 27, 31,
        -: 1134:        35, 43, 51, 59, 67, 83, 99, 115, 131, 163, 195, 227, 258, 0, 0};
        -: 1135:        /* note: see note #13 above about the 258 in this list. */
        -: 1136:static ush cplext[] = {         /* Extra bits for literal codes 257..285 */
        -: 1137:        0, 0, 0, 0, 0, 0, 0, 0, 1, 1, 1, 1, 2, 2, 2, 2,
        -: 1138:        3, 3, 3, 3, 4, 4, 4, 4, 5, 5, 5, 5, 0, 99, 99}; /* 99==invalid */
        -: 1139:static ush cpdist[] = {         /* Copy offsets for distance codes 0..29 */
        -: 1140:        1, 2, 3, 4, 5, 7, 9, 13, 17, 25, 33, 49, 65, 97, 129, 193,
        -: 1141:        257, 385, 513, 769, 1025, 1537, 2049, 3073, 4097, 6145,
        -: 1142:        8193, 12289, 16385, 24577};
        -: 1143:static ush cpdext[] = {         /* Extra bits for distance codes */
        -: 1144:        0, 0, 0, 0, 1, 1, 2, 2, 3, 3, 4, 4, 5, 5, 6, 6,
        -: 1145:        7, 7, 8, 8, 9, 9, 10, 10, 11, 11,
        -: 1146:        12, 12, 13, 13};
        -: 1147:
        -: 1148:
        -: 1149:
        -: 1150:/* Macros for inflate() bit peeking and grabbing.
        -: 1151:   The usage is:
        -: 1152:   
        -: 1153:        NEEDBITS(j)
        -: 1154:        x = b & mask_bits[j];
        -: 1155:        DUMPBITS(j)
        -: 1156:
        -: 1157:   where NEEDBITS makes sure that b has at least j bits in it, and
        -: 1158:   DUMPBITS removes the bits from b.  The macros use the variable k
        -: 1159:   for the number of bits in b.  Normally, b and k are register
        -: 1160:   variables for speed, and are initialized at the beginning of a
        -: 1161:   routine that uses these macros from a global bit buffer and count.
        -: 1162:
        -: 1163:   If we assume that EOB will be the longest code, then we will never
        -: 1164:   ask for bits with NEEDBITS that are beyond the end of the stream.
        -: 1165:   So, NEEDBITS should not read any more bytes than are needed to
        -: 1166:   meet the request.  Then no bytes need to be "returned" to the buffer
        -: 1167:   at the end of the last block.
        -: 1168:
        -: 1169:   However, this assumption is not true for fixed blocks--the EOB code
        -: 1170:   is 7 bits, but the other literal/length codes can be 8 or 9 bits.
        -: 1171:   (The EOB code is shorter than other codes because fixed blocks are
        -: 1172:   generally short.  So, while a block always has an EOB, many other
        -: 1173:   literal/length codes have a significantly lower probability of
        -: 1174:   showing up at all.)  However, by making the first table have a
        -: 1175:   lookup of seven bits, the EOB code will be found in that first
        -: 1176:   lookup, and so will not require that too many bits be pulled from
        -: 1177:   the stream.
        -: 1178: */
        -: 1179:
        -: 1180:ulg bb;                         /* bit buffer */
        -: 1181:unsigned bk;                    /* bits in bit buffer */
        -: 1182:
        -: 1183:ush mask_bits[] = {
        -: 1184:    0x0000,
        -: 1185:    0x0001, 0x0003, 0x0007, 0x000f, 0x001f, 0x003f, 0x007f, 0x00ff,
        -: 1186:    0x01ff, 0x03ff, 0x07ff, 0x0fff, 0x1fff, 0x3fff, 0x7fff, 0xffff
        -: 1187:};
        -: 1188:
        -: 1189:#ifdef CRYPT
        -: 1190:  uch cc;
        -: 1191:#  define NEXTBYTE() \
        -: 1192:     (decrypt ? (cc = get_byte(), zdecode(cc), cc) : get_byte())
        -: 1193:#else
        -: 1194:#  define NEXTBYTE()  (uch)get_byte()
        -: 1195:#endif
        -: 1196:#define NEEDBITS(n) {while(k<(n)){b|=((ulg)NEXTBYTE())<<k;k+=8;}}
        -: 1197:#define DUMPBITS(n) {b>>=(n);k-=(n);}
        -: 1198:
        -: 1199:
        -: 1200:/*
        -: 1201:   Huffman code decoding is performed using a multi-level table lookup.
        -: 1202:   The fastest way to decode is to simply build a lookup table whose
        -: 1203:   size is determined by the longest code.  However, the time it takes
        -: 1204:   to build this table can also be a factor if the data being decoded
        -: 1205:   is not very long.  The most common codes are necessarily the
        -: 1206:   shortest codes, so those codes dominate the decoding time, and hence
        -: 1207:   the speed.  The idea is you can have a shorter table that decodes the
        -: 1208:   shorter, more probable codes, and then point to subsidiary tables for
        -: 1209:   the longer codes.  The time it costs to decode the longer codes is
        -: 1210:   then traded against the time it takes to make longer tables.
        -: 1211:
        -: 1212:   This results of this trade are in the variables lbits and dbits
        -: 1213:   below.  lbits is the number of bits the first level table for literal/
        -: 1214:   length codes can decode in one step, and dbits is the same thing for
        -: 1215:   the distance codes.  Subsequent tables are also less than or equal to
        -: 1216:   those sizes.  These values may be adjusted either when all of the
        -: 1217:   codes are shorter than that, in which case the longest code length in
        -: 1218:   bits is used, or when the shortest code is *longer* than the requested
        -: 1219:   table size, in which case the length of the shortest code in bits is
        -: 1220:   used.
        -: 1221:
        -: 1222:   There are two different values for the two tables, since they code a
        -: 1223:   different number of possibilities each.  The literal/length table
        -: 1224:   codes 286 possible values, or in a flat code, a little over eight
        -: 1225:   bits.  The distance table codes 30 possible values, or a little less
        -: 1226:   than five bits, flat.  The optimum values for speed end up being
        -: 1227:   about one bit more than those, so lbits is 8+1 and dbits is 5+1.
        -: 1228:   The optimum values may differ though from machine to machine, and
        -: 1229:   possibly even between compilers.  Your mileage may vary.
        -: 1230: */
        -: 1231:
        -: 1232:
        -: 1233:int lbits = 9;          /* bits in base literal/length lookup table */
        -: 1234:int dbits = 6;          /* bits in base distance lookup table */
        -: 1235:
        -: 1236:
        -: 1237:/* If BMAX needs to be larger than 16, then h and x[] should be ulg. */
        -: 1238:#define BMAX 16         /* maximum bit length of any code (16 for explode) */
        -: 1239:#define N_MAX 288       /* maximum number of codes in any set */
        -: 1240:
        -: 1241:
        -: 1242:unsigned hufts;         /* track memory usage */
        -: 1243:
        -: 1244:
function huft_build called 36 returned 100% blocks executed 87%
       36: 1245:int huft_build(b, n, s, d, e, t, m)
        -: 1246:unsigned *b;            /* code lengths in bits (all assumed <= BMAX) */
        -: 1247:unsigned n;             /* number of codes (assumed <= N_MAX) */
        -: 1248:unsigned s;             /* number of simple-valued codes (0..s-1) */
        -: 1249:ush *d;                 /* list of base values for non-simple codes */
        -: 1250:ush *e;                 /* list of extra bits for non-simple codes */
        -: 1251:struct huft **t;        /* result: starting table */
        -: 1252:int *m;                 /* maximum lookup bits, returns actual */
        -: 1253:/* Given a list of code lengths and a maximum table size, make a set of
        -: 1254:   tables to decode that set of codes.  Return zero on success, one if
        -: 1255:   the given code set is incomplete (the tables are still built in this
        -: 1256:   case), two if the input is invalid (all zero length codes or an
        -: 1257:   oversubscribed set of lengths), and three if not enough memory. */
        -: 1258:{
        -: 1259:  unsigned a;                   /* counter for codes of length k */
        -: 1260:  unsigned c[BMAX+1];           /* bit length count table */
        -: 1261:  unsigned f;                   /* i repeats in table every f entries */
        -: 1262:  int g;                        /* maximum code length */
        -: 1263:  int h;                        /* table level */
        -: 1264:  register unsigned i;          /* counter, current code */
        -: 1265:  register unsigned j;          /* counter */
        -: 1266:  register int k;               /* number of bits in current code */
        -: 1267:  int l;                        /* bits per table (returned in m) */
        -: 1268:  register unsigned *p;         /* pointer into c[], b[], or v[] */
        -: 1269:  register struct huft *q;      /* points to current table */
        -: 1270:  struct huft r;                /* table entry for structure assignment */
        -: 1271:  struct huft *u[BMAX];         /* table stack */
        -: 1272:  unsigned v[N_MAX];            /* values in order of bit length */
        -: 1273:  register int w;               /* bits before this table == (l * h) */
        -: 1274:  unsigned x[BMAX+1];           /* bit offsets, then code stack */
        -: 1275:  unsigned *xp;                 /* pointer into x */
        -: 1276:  int y;                        /* number of dummy codes added */
        -: 1277:  unsigned z;                   /* number of entries in current table */
        -: 1278:
        -: 1279:
        -: 1280:  /* Generate counts for each bit length */
       36: 1281:  memzero(c, sizeof(c));
       36: 1282:  p = b;  i = n;
        -: 1283:  do {
        -: 1284:    Tracecv(*p, (stderr, (n-i >= ' ' && n-i <= '~' ? "%c %d\n" : "0x%x %d\n"), 
        -: 1285:	    n-i, *p));
        -: 1286:#ifdef FAULTY_F_KL_8
        -: 1287:    p++;                      /* Can't combine with below line (Solaris bug) */
        -: 1288:    c[*p]++;                    /* assume all entries <= BMAX */
        -: 1289:#else
     4019: 1290:    c[*p]++;                    /* assume all entries <= BMAX */
     4019: 1291:    p++;                      /* Can't combine with above line (Solaris bug) */
        -: 1292:#endif
     4019: 1293:  } while (--i);
branch  0 taken 3983
branch  1 taken 36 (fallthrough)
       36: 1294:  if (c[0] == n)                /* null input--all zero length codes */
branch  0 taken 0 (fallthrough)
branch  1 taken 36
        -: 1295:  {
    #####: 1296:    *t = (struct huft *)NULL;
    #####: 1297:    *m = 0;
    #####: 1298:    return 0;
        -: 1299:  }
        -: 1300:
        -: 1301:
        -: 1302:  /* Find minimum and maximum length, bound *m by those */
       36: 1303:  l = *m;
      121: 1304:  for (j = 1; j <= BMAX; j++)
branch  0 taken 121
branch  1 taken 0 (fallthrough)
      121: 1305:    if (c[j])
branch  0 taken 36 (fallthrough)
branch  1 taken 85
       36: 1306:      break;
       36: 1307:  k = j;                        /* minimum code length */
       36: 1308:  if ((unsigned)l < j)
branch  0 taken 0 (fallthrough)
branch  1 taken 36
    #####: 1309:    l = j;
      252: 1310:  for (i = BMAX; i; i--)
branch  0 taken 252
branch  1 taken 0 (fallthrough)
      252: 1311:    if (c[i])
branch  0 taken 36 (fallthrough)
branch  1 taken 216
       36: 1312:      break;
       36: 1313:  g = i;                        /* maximum code length */
       36: 1314:  if ((unsigned)l > i)
branch  0 taken 11 (fallthrough)
branch  1 taken 25
       11: 1315:    l = i;
       36: 1316:  *m = l;
        -: 1317:
        -: 1318:
        -: 1319:  /* Adjust last length count to fill out codes, if needed */
      275: 1320:  for (y = 1 << j; j < i; j++, y <<= 1)
branch  0 taken 239
branch  1 taken 36 (fallthrough)
      239: 1321:    if ((y -= c[j]) < 0)
branch  0 taken 0 (fallthrough)
branch  1 taken 239
    #####: 1322:      return 2;                 /* bad input: more codes than bits */
       36: 1323:  if ((y -= c[i]) < 0)
branch  0 taken 0 (fallthrough)
branch  1 taken 36
    #####: 1324:    return 2;
       36: 1325:  c[i] += y;
        -: 1326:
        -: 1327:
[...]
        -: 6848:   from each of the option elements.
        -: 6849:
        -: 6850:   If `getopt' finds another option character, it returns that character,
        -: 6851:   updating `optind' and `nextchar' so that the next call to `getopt' can
        -: 6852:   resume the scan with the following option character or ARGV-element.
        -: 6853:
        -: 6854:   If there are no more option characters, `getopt' returns `EOF'.
        -: 6855:   Then `optind' is the index in ARGV of the first ARGV-element
        -: 6856:   that is not an option.  (The ARGV-elements have been permuted
        -: 6857:   so that those that are not options now come last.)
        -: 6858:
        -: 6859:   OPTSTRING is a string containing the legitimate option characters.
        -: 6860:   If an option character is seen that is not listed in OPTSTRING,
        -: 6861:   return BAD_OPTION after printing an error message.  If you set `opterr' to
        -: 6862:   zero, the error message is suppressed but we still return BAD_OPTION.
        -: 6863:
        -: 6864:   If a char in OPTSTRING is followed by a colon, that means it wants an arg,
        -: 6865:   so the following text in the same ARGV-element, or the text of the following
        -: 6866:   ARGV-element, is returned in `optarg'.  Two colons mean an option that
        -: 6867:   wants an optional arg; if there is text in the current ARGV-element,
        -: 6868:   it is returned in `optarg', otherwise `optarg' is set to zero.
        -: 6869:
        -: 6870:   If OPTSTRING starts with `-' or `+', it requests different methods of
        -: 6871:   handling the non-option ARGV-elements.
        -: 6872:   See the comments about RETURN_IN_ORDER and REQUIRE_ORDER, above.
        -: 6873:
        -: 6874:   Long-named options begin with `--' instead of `-'.
        -: 6875:   Their names may be abbreviated as long as the abbreviation is unique
        -: 6876:   or is an exact match for some defined option.  If they have an
        -: 6877:   argument, it follows the option name in the same ARGV-element, separated
        -: 6878:   from the option name by a `=', or else the in next ARGV-element.
        -: 6879:   When `getopt' finds a long-named option, it returns 0 if that option's
        -: 6880:   `flag' field is nonzero, the value of the option's `val' field
        -: 6881:   if the `flag' field is zero.
        -: 6882:
        -: 6883:   The elements of ARGV aren't really const, because we permute them.
        -: 6884:   But we pretend they're const in the prototype to be compatible
        -: 6885:   with other systems.
        -: 6886:
        -: 6887:   LONGOPTS is a vector of `struct option' terminated by an
        -: 6888:   element containing a name which is zero.
        -: 6889:
        -: 6890:   LONGIND returns the index in LONGOPT of the long-named option found.
        -: 6891:   It is only valid when a long-named option has been found by the most
        -: 6892:   recent call.
        -: 6893:
        -: 6894:   If LONG_ONLY is nonzero, '-' as well as '--' can introduce
        -: 6895:   long-named options.  */
        -: 6896:
        -: 6897:int
        -: 6898:_getopt_internal (argc, argv, optstring, longopts, longind, long_only)
        -: 6899:     int argc;
        -: 6900:     char *const *argv;
        -: 6901:     const char *optstring;
        -: 6902:     const struct option *longopts;
        -: 6903:     int *longind;
        -: 6904:     int long_only;
        -: 6905:{
        -: 6906:  int option_index;
        -: 6907:
        -: 6908:  optarg = 0;
        -: 6909:
        -: 6910:  /* Initialize the internal data when the first call is made.
        -: 6911:     Start processing options with ARGV-element 1 (since ARGV-element 0
        -: 6912:     is the program name); the sequence of previously skipped
        -: 6913:     non-option ARGV-elements is empty.  */
        -: 6914:
        -: 6915:  if (optind == 0)
        -: 6916:    {
        -: 6917:      first_nonopt = last_nonopt = optind = 1;
        -: 6918:
        -: 6919:      nextchar = NULL;
        -: 6920:
        -: 6921:      /* Determine how to handle the ordering of options and nonoptions.  */
        -: 6922:
        -: 6923:      if (optstring[0] == '-')
        -: 6924:	{
        -: 6925:	  ordering = RETURN_IN_ORDER;
        -: 6926:	  ++optstring;
        -: 6927:	}
        -: 6928:      else if (optstring[0] == '+')
        -: 6929:	{
        -: 6930:	  ordering = REQUIRE_ORDER;
        -: 6931:	  ++optstring;
        -: 6932:	}
        -: 6933:      else if (getenv ("POSIXLY_CORRECT") != NULL)
        -: 6934:	ordering = REQUIRE_ORDER;
        -: 6935:      else
        -: 6936:	ordering = PERMUTE;
        -: 6937:    }
        -: 6938:
        -: 6939:  if (nextchar == NULL || *nextchar == '\0')
        -: 6940:    {
        -: 6941:      if (ordering == PERMUTE)
        -: 6942:	{
        -: 6943:	  /* If we have just processed some options following some non-options,
        -: 6944:	     exchange them so that the options come first.  */
        -: 6945:
        -: 6946:	  if (first_nonopt != last_nonopt && last_nonopt != optind)
        -: 6947:	    exchange ((char **) argv);
        -: 6948:	  else if (last_nonopt != optind)
        -: 6949:	    first_nonopt = optind;
        -: 6950:
        -: 6951:	  /* Now skip any additional non-options
        -: 6952:	     and extend the range of non-options previously skipped.  */
        -: 6953:
        -: 6954:	  while (optind < argc
        -: 6955:		 && (argv[optind][0] != '-' || argv[optind][1] == '\0')
        -: 6956:#ifdef GETOPT_COMPAT
        -: 6957:		 && (longopts == NULL
        -: 6958:		     || argv[optind][0] != '+' || argv[optind][1] == '\0')
        -: 6959:#endif				/* GETOPT_COMPAT */
        -: 6960:		 )
        -: 6961:	    optind++;
        -: 6962:	  last_nonopt = optind;
        -: 6963:	}
        -: 6964:
        -: 6965:      /* Special ARGV-element `--' means premature end of options.
        -: 6966:	 Skip it like a null option,
        -: 6967:	 then exchange with previous non-options as if it were an option,
        -: 6968:	 then skip everything else like a non-option.  */
        -: 6969:
        -: 6970:      if (optind != argc && !strcmp (argv[optind], "--"))
        -: 6971:	{
        -: 6972:	  optind++;
        -: 6973:
        -: 6974:	  if (first_nonopt != last_nonopt && last_nonopt != optind)
        -: 6975:	    exchange ((char **) argv);
        -: 6976:	  else if (first_nonopt == last_nonopt)
        -: 6977:	    first_nonopt = optind;
        -: 6978:	  last_nonopt = argc;
        -: 6979:
        -: 6980:	  optind = argc;
        -: 6981:	}
        -: 6982:
        -: 6983:      /* If we have done all the ARGV-elements, stop the scan
        -: 6984:	 and back over any non-options that we skipped and permuted.  */
        -: 6985:
        -: 6986:      if (optind == argc)
        -: 6987:	{
        -: 6988:	  /* Set the next-arg-index to point at the non-options
        -: 6989:	     that we previously skipped, so the caller will digest them.  */
        -: 6990:	  if (first_nonopt != last_nonopt)
        -: 6991:	    optind = first_nonopt;
        -: 6992:	  return EOF;
        -: 6993:	}
        -: 6994:
        -: 6995:      /* If we have come to a non-option and did not permute it,
        -: 6996:	 either stop the scan or describe it to the caller and pass it by.  */
        -: 6997:
        -: 6998:      if ((argv[optind][0] != '-' || argv[optind][1] == '\0')
        -: 6999:#ifdef GETOPT_COMPAT
        -: 7000:	  && (longopts == NULL
        -: 7001:	      || argv[optind][0] != '+' || argv[optind][1] == '\0')
        -: 7002:#endif				/* GETOPT_COMPAT */
        -: 7003:	  )
        -: 7004:	{
        -: 7005:	  if (ordering == REQUIRE_ORDER)
        -: 7006:	    return EOF;
        -: 7007:	  optarg = argv[optind++];
        -: 7008:	  return 1;
        -: 7009:	}
        -: 7010:
        -: 7011:      /* We have found another option-ARGV-element.
        -: 7012:	 Start decoding its characters.  */
        -: 7013:
        -: 7014:      nextchar = (argv[optind] + 1
        -: 7015:		  + (longopts != NULL && argv[optind][1] == '-'));
        -: 7016:    }
        -: 7017:
        -: 7018:  if (longopts != NULL
        -: 7019:      && ((argv[optind][0] == '-'
        -: 7020:	   && (argv[optind][1] == '-' || long_only))
        -: 7021:#ifdef GETOPT_COMPAT
        -: 7022:	  || argv[optind][0] == '+'
        -: 7023:#endif				/* GETOPT_COMPAT */
        -: 7024:	  ))
        -: 7025:    {
        -: 7026:      const struct option *p;
        -: 7027:      char *s = nextchar;
        -: 7028:      int exact = 0;
        -: 7029:      int ambig = 0;
        -: 7030:      const struct option *pfound = NULL;
        -: 7031:      int indfound = 0;
        -: 7032:
        -: 7033:      while (*s && *s != '=')
        -: 7034:	s++;
        -: 7035:
        -: 7036:      /* Test all options for either exact match or abbreviated matches.  */
        -: 7037:      for (p = longopts, option_index = 0; p->name;
        -: 7038:	   p++, option_index++)
        -: 7039:	if (!strncmp (p->name, nextchar, s - nextchar))
        -: 7040:	  {
        -: 7041:	    if (s - nextchar == my_strlen (p->name))
        -: 7042:	      {
        -: 7043:		/* Exact match found.  */
        -: 7044:		pfound = p;
        -: 7045:		indfound = option_index;
        -: 7046:		exact = 1;
        -: 7047:		break;
        -: 7048:	      }
        -: 7049:	    else if (pfound == NULL)
        -: 7050:	      {
        -: 7051:		/* First nonexact match found.  */
        -: 7052:		pfound = p;
        -: 7053:		indfound = option_index;
        -: 7054:	      }
        -: 7055:	    else
        -: 7056:	      /* Second nonexact match found.  */
        -: 7057:	      ambig = 1;
        -: 7058:	  }
        -: 7059:
        -: 7060:      if (ambig && !exact)
        -: 7061:	{
        -: 7062:	  if (opterr)
        -: 7063:	    fprintf (stderr, "%s: option `%s' is ambiguous\n",
        -: 7064:		     argv[0], argv[optind]);
        -: 7065:	  nextchar += my_strlen (nextchar);
        -: 7066:	  optind++;
        -: 7067:	  return BAD_OPTION;
        -: 7068:	}
        -: 7069:
        -: 7070:      if (pfound != NULL)
        -: 7071:	{
        -: 7072:	  option_index = indfound;
        -: 7073:	  optind++;
        -: 7074:	  if (*s)
        -: 7075:	    {
        -: 7076:	      /* Don't test has_arg with >, because some C compilers don't
        -: 7077:		 allow it to be used on enums.  */
        -: 7078:	      if (pfound->has_arg)
        -: 7079:		optarg = s + 1;
        -: 7080:	      else
        -: 7081:		{
        -: 7082:		  if (opterr)
        -: 7083:		    {
        -: 7084:		      if (argv[optind - 1][1] == '-')
        -: 7085:			/* --option */
        -: 7086:			fprintf (stderr,
        -: 7087:				 "%s: option `--%s' doesn't allow an argument\n",
        -: 7088:				 argv[0], pfound->name);
        -: 7089:		      else
        -: 7090:			/* +option or -option */
        -: 7091:			fprintf (stderr,
        -: 7092:			     "%s: option `%c%s' doesn't allow an argument\n",
        -: 7093:			     argv[0], argv[optind - 1][0], pfound->name);
        -: 7094:		    }
        -: 7095:		  nextchar += my_strlen (nextchar);
        -: 7096:		  return BAD_OPTION;
        -: 7097:		}
        -: 7098:	    }
        -: 7099:	  else if (pfound->has_arg == 1)
        -: 7100:	    {
        -: 7101:	      if (optind < argc)
        -: 7102:		optarg = argv[optind++];
        -: 7103:	      else
        -: 7104:		{
        -: 7105:		  if (opterr)
        -: 7106:		    fprintf (stderr, "%s: option `%s' requires an argument\n",
        -: 7107:			     argv[0], argv[optind - 1]);
        -: 7108:		  nextchar += my_strlen (nextchar);
        -: 7109:		  return optstring[0] == ':' ? ':' : BAD_OPTION;
        -: 7110:		}
        -: 7111:	    }
        -: 7112:	  nextchar += my_strlen (nextchar);
        -: 7113:	  if (longind != NULL)
        -: 7114:	    *longind = option_index;
        -: 7115:	  if (pfound->flag)
        -: 7116:	    {
        -: 7117:	      *(pfound->flag) = pfound->val;
        -: 7118:	      return 0;
        -: 7119:	    }
        -: 7120:	  return pfound->val;
        -: 7121:	}
        -: 7122:      /* Can't find it as a long option.  If this is not getopt_long_only,
        -: 7123:	 or the option starts with '--' or is not a valid short
        -: 7124:	 option, then it's an error.
        -: 7125:	 Otherwise interpret it as a short option.  */
        -: 7126:      if (!long_only || argv[optind][1] == '-'
        -: 7127:#ifdef GETOPT_COMPAT
        -: 7128:	  || argv[optind][0] == '+'
        -: 7129:#endif				/* GETOPT_COMPAT */
        -: 7130:	  || my_index (optstring, *nextchar) == NULL)
        -: 7131:	{
        -: 7132:	  if (opterr)
        -: 7133:	    {
        -: 7134:	      if (argv[optind][1] == '-')
        -: 7135:		/* --option */
        -: 7136:		fprintf (stderr, "%s: unrecognized option `--%s'\n",
        -: 7137:			 argv[0], nextchar);
        -: 7138:	      else
        -: 7139:		/* +option or -option */
        -: 7140:		fprintf (stderr, "%s: unrecognized option `%c%s'\n",
        -: 7141:			 argv[0], argv[optind][0], nextchar);
        -: 7142:	    }
        -: 7143:	  nextchar = (char *) "";
        -: 7144:	  optind++;
        -: 7145:#ifndef FAULTY_F_KP_1
        -: 7146:	  return BAD_OPTION;
        -: 7147:#endif
        -: 7148:	}
        -: 7149:    }
        -: 7150:
        -: 7151:  /* Look at and handle the next option-character.  */
        -: 7152:
        -: 7153:  {
        -: 7154:    char c = *nextchar++;
        -: 7155:    char *temp = my_index (optstring, c);
        -: 7156:
        -: 7157:    /* Increment `optind' when we start to process its last character.  */
        -: 7158:    if (*nextchar == '\0')
        -: 7159:      ++optind;
        -: 7160:
        -: 7161:    if (temp == NULL || c == ':')
        -: 7162:      {
        -: 7163:	if (opterr)
        -: 7164:	  {
        -: 7165:#if 0
        -: 7166:	    if (c < 040 || c >= 0177)
        -: 7167:	      fprintf (stderr, "%s: unrecognized option, character code 0%o\n",
        -: 7168:		       argv[0], c);
        -: 7169:	    else
        -: 7170:	      fprintf (stderr, "%s: unrecognized option `-%c'\n", argv[0], c);
        -: 7171:#else
        -: 7172:	    /* 1003.2 specifies the format of this message.  */
        -: 7173:	    fprintf (stderr, "%s: illegal option -- %c\n", argv[0], c);
        -: 7174:#endif
        -: 7175:	  }
        -: 7176:	optopt = c;
        -: 7177:	return BAD_OPTION;
        -: 7178:      }
        -: 7179:    if (temp[1] == ':')
        -: 7180:      {
        -: 7181:	if (temp[2] == ':')
        -: 7182:	  {
        -: 7183:	    /* This is an option that accepts an argument optionally.  */
        -: 7184:	    if (*nextchar != '\0')
        -: 7185:	      {
        -: 7186:		optarg = nextchar;
        -: 7187:		optind++;
        -: 7188:	      }
        -: 7189:	    else
        -: 7190:	      optarg = 0;
        -: 7191:	    nextchar = NULL;
        -: 7192:	  }
        -: 7193:	else
        -: 7194:	  {
        -: 7195:	    /* This is an option that requires an argument.  */
        -: 7196:	    if (*nextchar != '\0')
        -: 7197:	      {
        -: 7198:		optarg = nextchar;
        -: 7199:		/* If we end this ARGV-element by taking the rest as an arg,
        -: 7200:		   we must advance to the next element now.  */
        -: 7201:		optind++;
        -: 7202:	      }
        -: 7203:	    else if (optind == argc)
        -: 7204:	      {
        -: 7205:		if (opterr)
        -: 7206:		  {
        -: 7207:#if 0
        -: 7208:		    fprintf (stderr, "%s: option `-%c' requires an argument\n",
        -: 7209:			     argv[0], c);
        -: 7210:#else
        -: 7211:		    /* 1003.2 specifies the format of this message.  */
        -: 7212:		    fprintf (stderr, "%s: option requires an argument -- %c\n",
        -: 7213:			     argv[0], c);
        -: 7214:#endif
        -: 7215:		  }
        -: 7216:		optopt = c;
        -: 7217:		if (optstring[0] == ':')
        -: 7218:		  c = ':';
        -: 7219:		else
        -: 7220:		  c = BAD_OPTION;
        -: 7221:	      }
        -: 7222:	    else
        -: 7223:	      /* We already incremented `optind' once;
        -: 7224:		 increment it again when taking next ARGV-elt as argument.  */
        -: 7225:	      optarg = argv[optind++];
        -: 7226:	    nextchar = NULL;
        -: 7227:	  }
        -: 7228:      }
        -: 7229:    return c;
        -: 7230:  }
        -: 7231:}
        -: 7232:
        -: 7233:int
        -: 7234:getopt (argc, argv, optstring)
        -: 7235:     int argc;
        -: 7236:     char *const *argv;
        -: 7237:     const char *optstring;
        -: 7238:{
        -: 7239:  return _getopt_internal (argc, argv, optstring,
        -: 7240:			   (const struct option *) 0,
        -: 7241:			   (int *) 0,
        -: 7242:			   0);
        -: 7243:}
        -: 7244:
        -: 7245:int
        -: 7246:getopt_long (argc, argv, options, long_options, opt_index)
        -: 7247:     int argc;
        -: 7248:     char *const *argv;
        -: 7249:     const char *options;
        -: 7250:     const struct option *long_options;
        -: 7251:     int *opt_index;
        -: 7252:{
        -: 7253:  return _getopt_internal (argc, argv, options, long_options, opt_index, 0);
        -: 7254:}
        -: 7255:
        -: 7256:#endif	/* _LIBC or not __GNU_LIBRARY__.  */
        -: 7257:
        -: 7258:#ifdef TEST
        -: 7259:
        -: 7260:/* Compile with -DTEST to make an executable for use in testing
        -: 7261:   the above definition of `getopt'.  */
        -: 7262:
        -: 7263:int
        -: 7264:main (argc, argv)
        -: 7265:     int argc;
        -: 7266:     char **argv;
        -: 7267:{
        -: 7268:  int c;
        -: 7269:  int digit_optind = 0;
        -: 7270:
        -: 7271:  while (1)
        -: 7272:    {
        -: 7273:      int this_option_optind = optind ? optind : 1;
        -: 7274:
        -: 7275:      c = getopt (argc, argv, "abc:d:0123456789");
        -: 7276:      if (c == EOF)
        -: 7277:	break;
        -: 7278:
        -: 7279:      switch (c)
        -: 7280:	{
        -: 7281:	case '0':
        -: 7282:	case '1':
        -: 7283:	case '2':
        -: 7284:	case '3':
        -: 7285:	case '4':
        -: 7286:	case '5':
        -: 7287:	case '6':
        -: 7288:	case '7':
        -: 7289:	case '8':
        -: 7290:	case '9':
        -: 7291:	  if (digit_optind != 0 && digit_optind != this_option_optind)
        -: 7292:	    printf ("digits occur in two different argv-elements.\n");
        -: 7293:	  digit_optind = this_option_optind;
        -: 7294:	  printf ("option %c\n", c);
        -: 7295:	  break;
        -: 7296:
        -: 7297:	case 'a':
        -: 7298:	  printf ("option a\n");
        -: 7299:	  break;
        -: 7300:
        -: 7301:	case 'b':
        -: 7302:	  printf ("option b\n");
        -: 7303:	  break;
        -: 7304:
        -: 7305:	case 'c':
        -: 7306:	  printf ("option c with value `%s'\n", optarg);
        -: 7307:	  break;
        -: 7308:
        -: 7309:	case BAD_OPTION:
        -: 7310:	  break;
        -: 7311:
        -: 7312:	default:
        -: 7313:	  printf ("?? getopt returned character code 0%o ??\n", c);
        -: 7314:	}
        -: 7315:    }
        -: 7316:
        -: 7317:  if (optind < argc)
        -: 7318:    {
        -: 7319:      printf ("non-option ARGV-elements: ");
        -: 7320:      while (optind < argc)
        -: 7321:	printf ("%s ", argv[optind++]);
        -: 7322:      printf ("\n");
        -: 7323:    }
        -: 7324:
        -: 7325:  exit (0);
        -: 7326:}
        -: 7327:
        -: 7328:#endif /* TEST */
