        -:    0:Source:flex.c
        -:    0:Graph:flex.gcno
        -:    0:Data:flex.gcda
        -:    0:Runs:564
        -:    1:/* flex - tool to generate fast lexical analyzers */
        -:    2:
        -:    3:/*-
        -:    4: * Copyright (c) 1990 The Regents of the University of California.
        -:    5: * All rights reserved.
        -:    6: *
        -:    7: * This code is derived from software contributed to Berkeley by
        -:    8: * Vern Paxson.
        -:    9: * 
        -:   10: * The United States Government has rights in this work pursuant
        -:   11: * to contract no. DE-AC03-76SF00098 between the United States
        -:   12: * Department of Energy and the University of California.
        -:   13: *
        -:   14: * Redistribution and use in source and binary forms are permitted provided
        -:   15: * that: (1) source distributions retain this entire copyright notice and
        -:   16: * comment, and (2) distributions including binaries display the following
        -:   17: * acknowledgement:  ``This product includes software developed by the
        -:   18: * University of California, Berkeley and its contributors'' in the
        -:   19: * documentation or other materials provided with the distribution and in
        -:   20: * all advertising materials mentioning features or use of this software.
        -:   21: * Neither the name of the University nor the names of its contributors may
        -:   22: * be used to endorse or promote products derived from this software without
        -:   23: * specific prior written permission.
        -:   24: * THIS SOFTWARE IS PROVIDED ``AS IS'' AND WITHOUT ANY EXPRESS OR IMPLIED
        -:   25: * WARRANTIES, INCLUDING, WITHOUT LIMITATION, THE IMPLIED WARRANTIES OF
        -:   26: * MERCHANTABILITY AND FITNESS FOR A PARTICULAR PURPOSE.
        -:   27: */
        -:   28:
        -:   29:#define LINUX 1
        -:   30:
        -:   31:#ifndef lint
        -:   32:char copyright[] =
        -:   33:"@(#) Copyright (c) 1990 The Regents of the University of California.\n\
        -:   34: All rights reserved.\n";
        -:   35:#endif /* not lint */
        -:   36:
        -:   37:/* $Header: /a1/cvsadm/cvsroot/expsir/csubjects/flex/versions.alt/versions.orig/v0/flex.c,v 1.1.1.1 2003/06/02 17:12:00 expsir Exp $ */
        -:   38:
        -:   39:
        -:   40:#include "flexdef.h"
        -:   41:#include "version.h"
        -:   42:#include <ctype.h> 
        -:   43:#include "parse.h"
        -:   44:
        -:   45:static char flex_version[] = FLEX_VERSION;
        -:   46:
        -:   47:
        -:   48:/* declare functions that have forward references */
        -:   49:
        -:   50:void flexinit PROTO((int, char**));
        -:   51:void readin PROTO((void));
        -:   52:void set_up_initial_allocations PROTO((void));
        -:   53:
        -:   54:
        -:   55:/* these globals are all defined and commented in flexdef.h */
        -:   56:int printstats, syntaxerror, eofseen, ddebug, trace, nowarn, spprdflt;
        -:   57:int interactive, caseins, lex_compat, useecs, fulltbl, usemecs;
        -:   58:int fullspd, gen_line_dirs, performance_report, backing_up_report;
        -:   59:int C_plus_plus, long_align, use_read, yytext_is_array, csize;
        -:   60:int yymore_used, reject, real_reject, continued_action;
        -:   61:int yymore_really_used, reject_really_used;
        -:   62:int datapos, dataline, linenum;
        -:   63:FILE *skelfile = NULL;
        -:   64:
        -:   65:/* ### add for testing ### */
        -:   66:FILE *err = NULL;
        -:   67:/* ####################### */
        -:   68:
        -:   69:int skel_ind = 0;
        -:   70:char *action_array;
        -:   71:int action_size, defs1_offset, prolog_offset, action_offset, action_index;
        -:   72:char *infilename = NULL;
        -:   73:int onestate[ONE_STACK_SIZE], onesym[ONE_STACK_SIZE];
        -:   74:int onenext[ONE_STACK_SIZE], onedef[ONE_STACK_SIZE], onesp;
        -:   75:int current_mns, num_rules, num_eof_rules, default_rule;
        -:   76:int current_max_rules, lastnfa;
        -:   77:int *firstst, *lastst, *finalst, *transchar, *trans1, *trans2;
        -:   78:int *accptnum, *assoc_rule, *state_type;
        -:   79:int *rule_type, *rule_linenum, *rule_useful;
        -:   80:int current_state_type;
        -:   81:int variable_trailing_context_rules;
        -:   82:int numtemps, numprots, protprev[MSP], protnext[MSP], prottbl[MSP];
        -:   83:int protcomst[MSP], firstprot, lastprot, protsave[PROT_SAVE_SIZE];
        -:   84:int numecs, nextecm[CSIZE + 1], ecgroup[CSIZE + 1], nummecs, tecfwd[CSIZE + 1];
        -:   85:int tecbck[CSIZE + 1];
        -:   86:int lastsc, current_max_scs, *scset, *scbol, *scxclu, *sceof, *actvsc;
        -:   87:char **scname;
        -:   88:int current_max_dfa_size, current_max_xpairs;
        -:   89:int current_max_template_xpairs, current_max_dfas;
        -:   90:int lastdfa, *nxt, *chk, *tnxt;
        -:   91:int *base, *def, *nultrans, NUL_ec, tblend, firstfree, **dss, *dfasiz;
        -:   92:union dfaacc_union *dfaacc;
        -:   93:int *accsiz, *dhash, numas;
        -:   94:int numsnpairs, jambase, jamstate;
        -:   95:int lastccl, current_maxccls, *cclmap, *ccllen, *cclng, cclreuse;
        -:   96:int current_max_ccl_tbl_size;
        -:   97:Char *ccltbl;
        -:   98:char nmstr[MAXLINE];
        -:   99:int sectnum, nummt, hshcol, dfaeql, numeps, eps2, num_reallocs;
        -:  100:int tmpuses, totnst, peakpairs, numuniq, numdup, hshsave;
        -:  101:int num_backing_up, bol_needed;
        -:  102:FILE *backing_up_file;
        -:  103:int end_of_buffer_state;
        -:  104:char **input_files;
        -:  105:int num_input_files;
        -:  106:char *program_name;
        -:  107:
        -:  108:#ifndef SHORT_FILE_NAMES
        -:  109:static char *outfile_template = "lex.%s.%s";
        -:  110:#else
        -:  111:static char *outfile_template = "lex%s.%s";
        -:  112:#endif
        -:  113:static char outfile_path[64];
        -:  114:
        -:  115:static int outfile_created = 0;
        -:  116:static int use_stdout;
        -:  117:static char *skelname = NULL;
        -:  118:static char *prefix = "yy";
        -:  119:
        -:  120:
function main called 564 returned 0% blocks executed 91%
      564:  121:int main( argc, argv )
        -:  122:int argc;
        -:  123:char **argv;
        -:  124:	{
        -:  125:	int i;
        -:  126:
        -:  127:/* ### add for testing ### */
      564:  128:	if(--argc >0){
branch  0 taken 564 (fallthrough)
branch  1 taken 0
      564:  129:		err = fopen( *++argv, "w" );
call    0 returned 564
      564:  130:		--argv; ++argc;
        -:  131:	}
        -:  132:/* ####################### */
        -:  133:
      564:  134:	flexinit( argc, argv );
call    0 returned 549
        -:  135:
      549:  136:	readin();
call    0 returned 549
        -:  137:
      549:  138:	if ( syntaxerror )
branch  0 taken 6 (fallthrough)
branch  1 taken 543
        6:  139:		flexend( 1 );
call    0 returned 0
        -:  140:
      543:  141:	if ( yymore_really_used == REALLY_USED )
branch  0 taken 162 (fallthrough)
branch  1 taken 381
      162:  142:		yymore_used = true;
      381:  143:	else if ( yymore_really_used == REALLY_NOT_USED )
branch  0 taken 0 (fallthrough)
branch  1 taken 381
    #####:  144:		yymore_used = false;
        -:  145:
      543:  146:	if ( reject_really_used == REALLY_USED )
branch  0 taken 162 (fallthrough)
branch  1 taken 381
      162:  147:		reject = true;
      381:  148:	else if ( reject_really_used == REALLY_NOT_USED )
branch  0 taken 0 (fallthrough)
branch  1 taken 381
    #####:  149:		reject = false;
        -:  150:
      543:  151:	if ( performance_report > 0 )
branch  0 taken 12 (fallthrough)
branch  1 taken 531
        -:  152:		{
       12:  153:		if ( lex_compat )
branch  0 taken 2 (fallthrough)
branch  1 taken 10
        -:  154:			{
        2:  155:			fprintf( err,
call    0 returned 2
        -:  156:"-l AT&T lex compatibility option entails a large performance penalty\n" );
        2:  157:			fprintf( err,
call    0 returned 2
        -:  158:" and may be the actual source of other reported performance penalties\n" );
        -:  159:			}
        -:  160:
       12:  161:		if ( performance_report > 1 )
branch  0 taken 1 (fallthrough)
branch  1 taken 11
        -:  162:			{
        1:  163:			if ( interactive )
branch  0 taken 1 (fallthrough)
branch  1 taken 0
        1:  164:				fprintf( err,
call    0 returned 1
        -:  165:		"-I (interactive) entails a minor performance penalty\n" );
        -:  166:
        1:  167:			if ( yymore_used )
branch  0 taken 0 (fallthrough)
branch  1 taken 1
    #####:  168:				fprintf( err,
call    0 never executed
        -:  169:			"yymore() entails a minor performance penalty\n" );
        -:  170:			}
        -:  171:
       12:  172:		if ( reject )
branch  0 taken 5 (fallthrough)
branch  1 taken 7
        5:  173:			fprintf( err,
call    0 returned 5
        -:  174:			"REJECT entails a large performance penalty\n" );
        -:  175:
       12:  176:		if ( variable_trailing_context_rules )
branch  0 taken 1 (fallthrough)
branch  1 taken 11
        1:  177:			fprintf( err,
call    0 returned 1
        -:  178:"Variable trailing context rules entail a large performance penalty\n" );
        -:  179:		}
        -:  180:
      543:  181:	if ( reject )
branch  0 taken 168 (fallthrough)
branch  1 taken 375
      168:  182:		real_reject = true;
        -:  183:
      543:  184:	if ( variable_trailing_context_rules )
branch  0 taken 35 (fallthrough)
branch  1 taken 508
       35:  185:		reject = true;
        -:  186:
      543:  187:	if ( (fulltbl || fullspd) && reject )
branch  0 taken 519 (fallthrough)
branch  1 taken 24
branch  2 taken 93 (fallthrough)
branch  3 taken 426
branch  4 taken 2 (fallthrough)
branch  5 taken 115
        -:  188:		{
        2:  189:		if ( real_reject )
branch  0 taken 2 (fallthrough)
branch  1 taken 0
        2:  190:			flexerror( "REJECT cannot be used with -f or -F" );
call    0 returned 0
        -:  191:		else
    #####:  192:			flexerror(
call    0 never executed
        -:  193:	"variable trailing context rules cannot be used with -f or -F" );
        -:  194:		}
        -:  195:
      541:  196:	ntod();
call    0 returned 541
        -:  197:
     3782:  198:	for ( i = 1; i <= num_rules; ++i )
branch  0 taken 3241
branch  1 taken 541 (fallthrough)
     3241:  199:		if ( ! rule_useful[i] && i != default_rule )
branch  0 taken 79 (fallthrough)
branch  1 taken 3162
branch  2 taken 6 (fallthrough)
branch  3 taken 73
        6:  200:			line_warning( "rule cannot be matched",
        6:  201:					rule_linenum[i] );
call    0 returned 6
        -:  202:
      541:  203:	if ( spprdflt && ! reject && rule_useful[default_rule] )
branch  0 taken 3 (fallthrough)
branch  1 taken 538
branch  2 taken 1 (fallthrough)
branch  3 taken 2
branch  4 taken 1 (fallthrough)
branch  5 taken 0
        1:  204:		line_warning( "-s option given but default rule can be matched",
        1:  205:			rule_linenum[default_rule] );
call    0 returned 1
        -:  206:
        -:  207:	/* Generate the C state transition tables from the DFA. */
      541:  208:	make_tables();
call    0 returned 541
        -:  209:
        -:  210:	/* Note, flexend does not return.  It exits with its argument
        -:  211:	 * as status.
        -:  212:	 */
      541:  213:	flexend( 0 );
call    0 returned 0
        -:  214:
        -:  215:
    #####:  216:	return 0;	/* keep compilers/lint happy */
        -:  217:	}
        -:  218:
        -:  219:
        -:  220:/* flexend - terminate flex
        -:  221: *
        -:  222: * note
        -:  223: *    This routine does not return.
        -:  224: */
        -:  225:
function flexend called 561 returned 0% blocks executed 88%
      561:  226:void flexend( exit_status )
        -:  227:int exit_status;
        -:  228:
        -:  229:	{
        -:  230:	int tblsiz;
        -:  231:	int unlink();
        -:  232:
      561:  233:	if ( skelfile != NULL )
branch  0 taken 2 (fallthrough)
branch  1 taken 559
        -:  234:		{
        2:  235:		if ( ferror( skelfile ) )
call    0 returned 2
branch  1 taken 0 (fallthrough)
branch  2 taken 2
    #####:  236:			flexfatal(
call    0 never executed
        -:  237:				"error occurred when reading skeleton file" );
        -:  238:
        2:  239:		else if ( fclose( skelfile ) )
call    0 returned 2
branch  1 taken 0 (fallthrough)
branch  2 taken 2
    #####:  240:			flexfatal(
call    0 never executed
        -:  241:				"error occurred when closing skeleton file" );
        -:  242:		}
        -:  243:
      561:  244:	if ( exit_status != 0 && outfile_created )
branch  0 taken 20 (fallthrough)
branch  1 taken 541
branch  2 taken 10 (fallthrough)
branch  3 taken 10
        -:  245:		{
       10:  246:		if ( ferror( stdout ) )
call    0 returned 10
branch  1 taken 0 (fallthrough)
branch  2 taken 10
    #####:  247:			flexfatal( "error occurred when writing output file" );
call    0 never executed
        -:  248:
       10:  249:		else if ( fclose( stdout ) )
call    0 returned 10
branch  1 taken 0 (fallthrough)
branch  2 taken 10
    #####:  250:			flexfatal( "error occurred when closing output file" );
call    0 never executed
        -:  251:
       10:  252:		else if ( unlink( outfile_path ) )
call    0 returned 10
branch  1 taken 0 (fallthrough)
branch  2 taken 10
    #####:  253:			flexfatal( "error occurred when deleting output file" );
call    0 never executed
        -:  254:		}
        -:  255:
      561:  256:	if ( backing_up_report && backing_up_file )
branch  0 taken 5 (fallthrough)
branch  1 taken 556
branch  2 taken 5 (fallthrough)
branch  3 taken 0
        -:  257:		{
        5:  258:		if ( num_backing_up == 0 )
branch  0 taken 0 (fallthrough)
branch  1 taken 5
    #####:  259:			fprintf( backing_up_file, "No backing up.\n" );
call    0 never executed
        5:  260:		else if ( fullspd || fulltbl )
branch  0 taken 5 (fallthrough)
branch  1 taken 0
branch  2 taken 0 (fallthrough)
branch  3 taken 5
    #####:  261:			fprintf( backing_up_file,
call    0 never executed
        -:  262:				"%d backing up (non-accepting) states.\n",
        -:  263:				num_backing_up );
        -:  264:		else
        5:  265:			fprintf( backing_up_file,
call    0 returned 5
        -:  266:				"Compressed tables always back up.\n" );
        -:  267:
        5:  268:		if ( ferror( backing_up_file ) )
call    0 returned 5
branch  1 taken 0 (fallthrough)
branch  2 taken 5
    #####:  269:			flexfatal( "error occurred when writing backup file" );
call    0 never executed
        -:  270:
        5:  271:		else if ( fclose( backing_up_file ) )
call    0 returned 5
branch  1 taken 0 (fallthrough)
branch  2 taken 5
    #####:  272:			flexfatal( "error occurred when closing backup file" );
call    0 never executed
        -:  273:		}
        -:  274:
      561:  275:	if ( printstats )
branch  0 taken 9 (fallthrough)
branch  1 taken 552
        -:  276:		{
        9:  277:		fprintf( err, "%s version %s usage statistics:\n",
call    0 returned 9
        -:  278:			program_name, flex_version );
        -:  279:
        9:  280:		fprintf( err, "  scanner options: -" );
call    0 returned 9
        -:  281:
        9:  282:		if ( C_plus_plus )
branch  0 taken 0 (fallthrough)
branch  1 taken 9
    #####:  283:			putc( '+', err );
call    0 never executed
        9:  284:		if ( backing_up_report )
branch  0 taken 3 (fallthrough)
branch  1 taken 6
        3:  285:			putc( 'b', err );
call    0 returned 3
        9:  286:		if ( ddebug )
branch  0 taken 2 (fallthrough)
branch  1 taken 7
        2:  287:			putc( 'd', err );
call    0 returned 2
        9:  288:		if ( caseins )
branch  0 taken 2 (fallthrough)
branch  1 taken 7
        2:  289:			putc( 'i', err );
call    0 returned 2
        9:  290:		if ( lex_compat )
branch  0 taken 2 (fallthrough)
branch  1 taken 7
        2:  291:			putc( 'l', err );
call    0 returned 2
        9:  292:		if ( performance_report > 0 )
branch  0 taken 2 (fallthrough)
branch  1 taken 7
        2:  293:			putc( 'p', err );
call    0 returned 2
        9:  294:		if ( performance_report > 1 )
branch  0 taken 0 (fallthrough)
branch  1 taken 9
    #####:  295:			putc( 'p', err );
call    0 never executed
        9:  296:		if ( spprdflt )
branch  0 taken 2 (fallthrough)
branch  1 taken 7
        2:  297:			putc( 's', err );
call    0 returned 2
        9:  298:		if ( use_stdout )
branch  0 taken 2 (fallthrough)
branch  1 taken 7
        2:  299:			putc( 't', err );
call    0 returned 2
        9:  300:		if ( printstats )
branch  0 taken 9 (fallthrough)
branch  1 taken 0
        9:  301:			putc( 'v', err );	/* always true! */
call    0 returned 9
        9:  302:		if ( nowarn )
branch  0 taken 2 (fallthrough)
branch  1 taken 7
        2:  303:			putc( 'w', err );
call    0 returned 2
        9:  304:		if ( ! interactive )
branch  0 taken 3 (fallthrough)
branch  1 taken 6
        3:  305:			putc( 'B', err );
call    0 returned 3
        9:  306:		if ( interactive )
branch  0 taken 6 (fallthrough)
branch  1 taken 3
        6:  307:			putc( 'I', err );
call    0 returned 6
        9:  308:		if ( ! gen_line_dirs )
branch  0 taken 2 (fallthrough)
branch  1 taken 7
        2:  309:			putc( 'L', err );
call    0 returned 2
        9:  310:		if ( trace )
branch  0 taken 4 (fallthrough)
branch  1 taken 5
        4:  311:			putc( 'T', err );
call    0 returned 4
        9:  312:		if ( csize == 128 )
branch  0 taken 1 (fallthrough)
branch  1 taken 8
        1:  313:			putc( '7', err );
call    0 returned 1
        -:  314:		else
        8:  315:			putc( '8', err );
call    0 returned 8
        -:  316:
        9:  317:		fprintf( err, " -C" );
call    0 returned 9
        -:  318:
        9:  319:		if ( long_align )
branch  0 taken 3 (fallthrough)
branch  1 taken 6
        3:  320:			putc( 'a', err );
call    0 returned 3
        9:  321:		if ( fulltbl )
branch  0 taken 1 (fallthrough)
branch  1 taken 8
        1:  322:			putc( 'f', err );
call    0 returned 1
        9:  323:		if ( fullspd )
branch  0 taken 1 (fallthrough)
branch  1 taken 8
        1:  324:			putc( 'F', err );
call    0 returned 1
        9:  325:		if ( useecs )
branch  0 taken 8 (fallthrough)
branch  1 taken 1
        8:  326:			putc( 'e', err );
call    0 returned 8
        9:  327:		if ( usemecs )
branch  0 taken 8 (fallthrough)
branch  1 taken 1
        8:  328:			putc( 'm', err );
call    0 returned 8
        9:  329:		if ( use_read )
branch  0 taken 2 (fallthrough)
branch  1 taken 7
        2:  330:			putc( 'r', err );
call    0 returned 2
        -:  331:
        9:  332:		if ( skelname )
branch  0 taken 1 (fallthrough)
branch  1 taken 8
        1:  333:			fprintf( err, " -S%s", skelname );
call    0 returned 1
        -:  334:
        9:  335:		if ( yy_strcmp( prefix, "yy" ) )
call    0 returned 9
branch  1 taken 0 (fallthrough)
branch  2 taken 9
    #####:  336:			fprintf( err, " -P%s", prefix );
call    0 never executed
        -:  337:
        9:  338:		putc( '\n', err );
call    0 returned 9
        -:  339:
        9:  340:		fprintf( err, "  %d/%d NFA states\n", lastnfa, current_mns );
call    0 returned 9
        9:  341:		fprintf( err, "  %d/%d DFA states (%d words)\n", lastdfa,
call    0 returned 9
        -:  342:			current_max_dfas, totnst );
        9:  343:		fprintf( err, "  %d rules\n",
        9:  344:		num_rules + num_eof_rules - 1 /* - 1 for def. rule */ );
call    0 returned 9
        -:  345:
        9:  346:		if ( num_backing_up == 0 )
branch  0 taken 2 (fallthrough)
branch  1 taken 7
        2:  347:			fprintf( err, "  No backing up\n" );
call    0 returned 2
        7:  348:		else if ( fullspd || fulltbl )
branch  0 taken 7 (fallthrough)
branch  1 taken 0
branch  2 taken 0 (fallthrough)
branch  3 taken 7
    #####:  349:			fprintf( err,
call    0 never executed
        -:  350:				"  %d backing-up (non-accepting) states\n",
        -:  351:				num_backing_up );
        -:  352:		else
        7:  353:			fprintf( err,
call    0 returned 7
        -:  354:				"  Compressed tables always back-up\n" );
        -:  355:
        9:  356:		if ( bol_needed )
branch  0 taken 0 (fallthrough)
branch  1 taken 9
    #####:  357:			fprintf( err,
call    0 never executed
        -:  358:				"  Beginning-of-line patterns used\n" );
        -:  359:
        9:  360:		fprintf( err, "  %d/%d start conditions\n", lastsc,
call    0 returned 9
        -:  361:			current_max_scs );
        9:  362:		fprintf( err,
call    0 returned 9
        -:  363:			"  %d epsilon states, %d double epsilon states\n",
        -:  364:			numeps, eps2 );
        -:  365:
        9:  366:		if ( lastccl == 0 )
branch  0 taken 2 (fallthrough)
branch  1 taken 7
        2:  367:			fprintf( err, "  no character classes\n" );
call    0 returned 2
        -:  368:		else
        7:  369:			fprintf( err,
        -:  370:	"  %d/%d character classes needed %d/%d words of storage, %d reused\n",
        -:  371:				lastccl, current_maxccls,
        7:  372:				cclmap[lastccl] + ccllen[lastccl],
call    0 returned 7
        -:  373:				current_max_ccl_tbl_size, cclreuse );
        -:  374:
        9:  375:		fprintf( err, "  %d state/nextstate pairs created\n",
call    0 returned 9
        -:  376:			numsnpairs );
        9:  377:		fprintf( err, "  %d/%d unique/duplicate transitions\n",
call    0 returned 9
        -:  378:			numuniq, numdup );
        -:  379:
        9:  380:		if ( fulltbl )
branch  0 taken 1 (fallthrough)
branch  1 taken 8
        -:  381:			{
        1:  382:			tblsiz = lastdfa * numecs;
        1:  383:			fprintf( err, "  %d table entries\n", tblsiz );
call    0 returned 1
        -:  384:			}
        -:  385:
        -:  386:		else
        -:  387:			{
        8:  388:			tblsiz = 2 * (lastdfa + numtemps) + 2 * tblend;
        -:  389:
        8:  390:			fprintf( err, "  %d/%d base-def entries created\n",
call    0 returned 8
        -:  391:				lastdfa + numtemps, current_max_dfas );
        8:  392:			fprintf( err,
call    0 returned 8
        -:  393:				"  %d/%d (peak %d) nxt-chk entries created\n",
        -:  394:				tblend, current_max_xpairs, peakpairs );
        8:  395:			fprintf( err,
call    0 returned 8
        -:  396:			"  %d/%d (peak %d) template nxt-chk entries created\n",
        -:  397:				numtemps * nummecs, current_max_template_xpairs,
        -:  398:				numtemps * numecs );
        8:  399:			fprintf( err, "  %d empty table entries\n", nummt );
call    0 returned 8
        8:  400:			fprintf( err, "  %d protos created\n", numprots );
call    0 returned 8
        8:  401:			fprintf( err, "  %d templates created, %d uses\n",
call    0 returned 8
        -:  402:				numtemps, tmpuses );
        -:  403:			}
        -:  404:
        9:  405:		if ( useecs )
branch  0 taken 8 (fallthrough)
branch  1 taken 1
        -:  406:			{
        8:  407:			tblsiz = tblsiz + csize;
        8:  408:			fprintf( err,
call    0 returned 8
        -:  409:				"  %d/%d equivalence classes created\n",
        -:  410:				numecs, csize );
        -:  411:			}
        -:  412:
        9:  413:		if ( usemecs )
branch  0 taken 8 (fallthrough)
branch  1 taken 1
        -:  414:			{
        8:  415:			tblsiz = tblsiz + numecs;
        8:  416:			fprintf( err,
call    0 returned 8
        -:  417:				"  %d/%d meta-equivalence classes created\n",
        -:  418:				nummecs, csize );
        -:  419:			}
        -:  420:
        9:  421:		fprintf( err,
call    0 returned 9
        -:  422:			"  %d (%d saved) hash collisions, %d DFAs equal\n",
        -:  423:			hshcol, hshsave, dfaeql );
        9:  424:		fprintf( err, "  %d sets of reallocations needed\n",
call    0 returned 9
        -:  425:			num_reallocs );
        9:  426:		fprintf( err, "  %d total table entries needed\n", tblsiz );
call    0 returned 9
        -:  427:		}
        -:  428:
        -:  429:#ifndef VMS
      561:  430:	exit( exit_status );
        -:  431:#else
        -:  432:	exit( exit_status + 1 );
        -:  433:#endif
        -:  434:	}
        -:  435:
        -:  436:
        -:  437:/* flexinit - initialize flex */
        -:  438:
function flexinit called 564 returned 97% blocks executed 93%
      564:  439:void flexinit( argc, argv )
        -:  440:int argc;
        -:  441:char **argv;
        -:  442:	{
        -:  443:	int i, sawcmpflag;
        -:  444:	int csize_given, interactive_given;
        -:  445:	char *arg, *mktemp();
        -:  446:
      564:  447:	printstats = syntaxerror = trace = spprdflt = caseins = false;
      564:  448:	lex_compat = false;
      564:  449:	C_plus_plus = backing_up_report = ddebug = fulltbl = fullspd = false;
      564:  450:	long_align = nowarn = yymore_used = continued_action = reject = false;
      564:  451:	yytext_is_array = yymore_really_used = reject_really_used = false;
      564:  452:	gen_line_dirs = usemecs = useecs = true;
      564:  453:	performance_report = 0;
        -:  454:
      564:  455:	sawcmpflag = false;
      564:  456:	use_read = use_stdout = false;
      564:  457:	csize_given = false;
      564:  458:	interactive_given = false;
        -:  459:
        -:  460:	/* Initialize dynamic array for holding the rule actions. */
      564:  461:	action_size = 2048;	/* default size of action array in bytes */
      564:  462:	action_array = allocate_character_array( action_size );
call    0 returned 564
      564:  463:	defs1_offset = prolog_offset = action_offset = action_index = 0;
      564:  464:	action_array[0] = '\0';
        -:  465:/* Commented by Amit Goel on 5th September 2001 to remove nomdeterminism */
        -:  466:/*	program_name = argv[0];  */
        -:  467:/* Added by Amit Goel on 5th September 2001 */
      564:  468:        program_name = "Executable";
        -:  469:
      564:  470:	if ( program_name[0] != '\0' &&
branch  0 taken 564 (fallthrough)
branch  1 taken 0
      564:  471:	     program_name[yy_strlen( program_name ) - 1] == '+' )
call    0 returned 564
branch  1 taken 0 (fallthrough)
branch  2 taken 564
    #####:  472:		C_plus_plus = true;
        -:  473:
        -:  474:/* ### add for testing ### */
      564:  475:	++argv;--argc;
        -:  476:/* ####################### */
        -:  477:
        -:  478:	/* read flags */
     1508:  479:	for ( --argc, ++argv; argc ; --argc, ++argv )
branch  0 taken 1508
branch  1 taken 0 (fallthrough)
        -:  480:		{
     1508:  481:		if ( argv[0][0] != '-' || argv[0][1] == '\0' )
branch  0 taken 951 (fallthrough)
branch  1 taken 557
branch  2 taken 951 (fallthrough)
branch  3 taken 0
        -:  482:			break;
        -:  483:
      951:  484:		arg = argv[0];
        -:  485:
     1604:  486:		for ( i = 1; arg[i] != '\0'; ++i )
branch  0 taken 1143
branch  1 taken 461 (fallthrough)
     1143:  487:			switch ( arg[i] )
branch  0 taken 0
branch  1 taken 2
branch  2 taken 5
branch  3 taken 1
branch  4 taken 478
branch  5 taken 252
branch  6 taken 84
branch  7 taken 80
branch  8 taken 1
branch  9 taken 3
branch 10 taken 3
branch 11 taken 163
branch 12 taken 3
branch 13 taken 1
branch 14 taken 4
branch 15 taken 15
branch 16 taken 4
branch 17 taken 3
branch 18 taken 3
branch 19 taken 21
branch 20 taken 9
branch 21 taken 1
branch 22 taken 3
branch 23 taken 2
branch 24 taken 1
branch 25 taken 1
        -:  488:				{
    #####:  489:				case '+':
    #####:  490:					C_plus_plus = true;
    #####:  491:					break;
        -:  492:
        2:  493:				case 'B':
        2:  494:					interactive = false;
        2:  495:					interactive_given = true;
        2:  496:					break;
        -:  497:
        5:  498:				case 'b':
        5:  499:					backing_up_report = true;
        5:  500:					break;
        -:  501:
        1:  502:				case 'c':
        1:  503:					fprintf( err,
call    0 returned 1
        -:  504:	"%s: Assuming use of deprecated -c flag is really intended to be -C\n",
        -:  505:					program_name );
        -:  506:
        -:  507:					/* fall through */
        -:  508:
      479:  509:				case 'C':
      479:  510:					if ( i != 1 )
branch  0 taken 1 (fallthrough)
branch  1 taken 478
        1:  511:						flexerror(
call    0 returned 0
        -:  512:					"-C flag must be given separately" );
        -:  513:
      478:  514:					if ( ! sawcmpflag )
branch  0 taken 477 (fallthrough)
branch  1 taken 1
        -:  515:						{
      477:  516:						useecs = false;
      477:  517:						usemecs = false;
      477:  518:						fulltbl = false;
      477:  519:						sawcmpflag = true;
        -:  520:						}
        -:  521:
     1402:  522:					for ( ++i; arg[i] != '\0'; ++i )
branch  0 taken 925
branch  1 taken 477 (fallthrough)
      925:  523:						switch ( arg[i] )
branch  0 taken 243
branch  1 taken 243
branch  2 taken 15
branch  3 taken 18
branch  4 taken 163
branch  5 taken 242
branch  6 taken 1
        -:  524:							{
      243:  525:							case 'a':
      243:  526:								long_align =
        -:  527:									true;
      243:  528:								break;
        -:  529:
      243:  530:							case 'e':
      243:  531:								useecs = true;
      243:  532:								break;
        -:  533:
       15:  534:							case 'F':
       15:  535:								fullspd = true;
       15:  536:								break;
        -:  537:
       18:  538:							case 'f':
       18:  539:								fulltbl = true;
       18:  540:								break;
        -:  541:
      163:  542:							case 'm':
      163:  543:								usemecs = true;
      163:  544:								break;
        -:  545:
      242:  546:							case 'r':
      242:  547:								use_read = true;
      242:  548:								break;
        -:  549:
        1:  550:							default:
        1:  551:								lerrif(
        -:  552:						"unknown -C option '%c'",
        1:  553:								(int) arg[i] );
call    0 returned 0
    #####:  554:								break;
        -:  555:							}
        -:  556:
      477:  557:					goto get_next_arg;
        -:  558:
      252:  559:				case 'd':
      252:  560:					ddebug = true;
      252:  561:					break;
        -:  562:
       84:  563:				case 'f':
       84:  564:					useecs = usemecs = false;
       84:  565:					use_read = fulltbl = true;
       84:  566:					break;
        -:  567:
       80:  568:				case 'F':
       80:  569:					useecs = usemecs = false;
       80:  570:					use_read = fullspd = true;
       80:  571:					break;
        -:  572:
        1:  573:				case 'h':
        1:  574:					usage();
call    0 returned 1
        1:  575:					exit( 0 );
call    0 returned 0
        -:  576:
        3:  577:				case 'I':
        3:  578:					interactive = true;
        3:  579:					interactive_given = true;
        3:  580:					break;
        -:  581:
        3:  582:				case 'i':
        3:  583:					caseins = true;
        3:  584:					break;
        -:  585:
      163:  586:				case 'l':
      163:  587:					lex_compat = true;
      163:  588:					break;
        -:  589:
        3:  590:				case 'L':
        3:  591:					gen_line_dirs = false;
        3:  592:					break;
        -:  593:
        1:  594:				case 'n':
        -:  595:					/* Stupid do-nothing deprecated
        -:  596:					 * option.
        -:  597:					 */
        1:  598:					break;
        -:  599:
        4:  600:				case 'P':
        4:  601:					if ( i != 1 )
branch  0 taken 1 (fallthrough)
branch  1 taken 3
        1:  602:						flexerror(
call    0 returned 0
        -:  603:					"-P flag must be given separately" );
        -:  604:
        3:  605:					prefix = arg + i + 1;
        3:  606:					goto get_next_arg;
        -:  607:
       15:  608:				case 'p':
       15:  609:					++performance_report;
       15:  610:					break;
        -:  611:
        4:  612:				case 'S':
        4:  613:					if ( i != 1 )
branch  0 taken 1 (fallthrough)
branch  1 taken 3
        1:  614:						flexerror(
call    0 returned 0
        -:  615:					"-S flag must be given separately" );
        -:  616:
        3:  617:					skelname = arg + i + 1;
        3:  618:					goto get_next_arg;
        -:  619:
        3:  620:				case 's':
        3:  621:					spprdflt = true;
        3:  622:					break;
        -:  623:
        3:  624:				case 't':
        3:  625:					use_stdout = true;
        3:  626:					break;
        -:  627:
       21:  628:				case 'T':
       21:  629:					trace = true;
       21:  630:					break;
        -:  631:
        9:  632:				case 'v':
        9:  633:					printstats = true;
        9:  634:					break;
        -:  635:
        1:  636:				case 'V':
        1:  637:					fprintf( err, "%s version %s\n",
call    0 returned 1
        -:  638:						program_name, flex_version );
        1:  639:					exit( 0 );
call    0 returned 0
        -:  640:
        3:  641:				case 'w':
        3:  642:					nowarn = true;
        3:  643:					break;
        -:  644:
        2:  645:				case '7':
        2:  646:					csize = 128;
        2:  647:					csize_given = true;
        2:  648:					break;
        -:  649:
        1:  650:				case '8':
        1:  651:					csize = CSIZE;
        1:  652:					csize_given = true;
        1:  653:					break;
        -:  654:
        1:  655:				default:
        1:  656:					fprintf( err,
        -:  657:						"%s: unknown flag '%c'\n",
        1:  658:						program_name, (int) arg[i] );
call    0 returned 1
        1:  659:					usage();
call    0 returned 1
        1:  660:					exit( 1 );
call    0 returned 0
        -:  661:				}
        -:  662:
        -:  663:		/* Used by -C, -S and -P flags in lieu of a "continue 2"
        -:  664:		 * control.
        -:  665:		 */
      944:  666:		get_next_arg: ;
        -:  667:		}
        -:  668:
      557:  669:	if ( ! csize_given )
branch  0 taken 554 (fallthrough)
branch  1 taken 3
        -:  670:		{
      554:  671:		if ( (fulltbl || fullspd) && ! useecs )
branch  0 taken 525 (fallthrough)
branch  1 taken 29
branch  2 taken 94 (fallthrough)
branch  3 taken 431
branch  4 taken 80 (fallthrough)
branch  5 taken 43
       80:  672:			csize = DEFAULT_CSIZE;
        -:  673:		else
      474:  674:			csize = CSIZE;
        -:  675:		}
        -:  676:
      557:  677:	if ( ! interactive_given )
branch  0 taken 552 (fallthrough)
branch  1 taken 5
        -:  678:		{
      552:  679:		if ( fulltbl || fullspd )
branch  0 taken 524 (fallthrough)
branch  1 taken 28
branch  2 taken 94 (fallthrough)
branch  3 taken 430
      122:  680:			interactive = false;
        -:  681:		else
      430:  682:			interactive = true;
        -:  683:		}
        -:  684:
      557:  685:	if ( lex_compat )
branch  0 taken 163 (fallthrough)
branch  1 taken 394
        -:  686:		{
      163:  687:		if ( C_plus_plus )
branch  0 taken 0 (fallthrough)
branch  1 taken 163
    #####:  688:			flexerror( "Can't use -+ with -l option" );
call    0 never executed
        -:  689:
      163:  690:		if ( fulltbl || fullspd )
branch  0 taken 162 (fallthrough)
branch  1 taken 1
branch  2 taken 0 (fallthrough)
branch  3 taken 162
        1:  691:			flexerror( "Can't use -f or -F with -l option" );
call    0 returned 0
        -:  692:
        -:  693:		/* Don't rely on detecting use of yymore() and REJECT,
        -:  694:		 * just assume they'll be used.
        -:  695:		 */
      162:  696:		yymore_really_used = reject_really_used = true;
        -:  697:
      162:  698:		yytext_is_array = true;
      162:  699:		use_read = false;
        -:  700:		}
        -:  701:
      556:  702:	if ( (fulltbl || fullspd) && usemecs )
branch  0 taken 528 (fallthrough)
branch  1 taken 28
branch  2 taken 94 (fallthrough)
branch  3 taken 434
branch  4 taken 3 (fallthrough)
branch  5 taken 119
        3:  703:		flexerror( "-Cf/-CF and -Cm don't make sense together" );
call    0 returned 0
        -:  704:
      553:  705:	if ( (fulltbl || fullspd) && interactive )
branch  0 taken 527 (fallthrough)
branch  1 taken 26
branch  2 taken 93 (fallthrough)
branch  3 taken 434
branch  4 taken 1 (fallthrough)
branch  5 taken 118
        1:  706:		flexerror( "-Cf/-CF and -I are incompatible" );
call    0 returned 0
        -:  707:
      552:  708:	if ( fulltbl && fullspd )
branch  0 taken 25 (fallthrough)
branch  1 taken 527
branch  2 taken 1 (fallthrough)
branch  3 taken 24
        1:  709:		flexerror( "-Cf and -CF are mutually exclusive" );
call    0 returned 0
        -:  710:
     551*:  711:	if ( C_plus_plus && fullspd )
branch  0 taken 0 (fallthrough)
branch  1 taken 551
branch  2 never executed
branch  3 never executed
    #####:  712:		flexerror( "Can't use -+ with -CF option" );
call    0 never executed
        -:  713:
      551:  714:	if ( ! use_stdout )
branch  0 taken 548 (fallthrough)
branch  1 taken 3
        -:  715:		{
        -:  716:		FILE *prev_stdout;
        -:  717:		char *suffix;
        -:  718:
      548:  719:		if ( C_plus_plus )
branch  0 taken 0 (fallthrough)
branch  1 taken 548
    #####:  720:			suffix = "cc";
        -:  721:		else
      548:  722:			suffix = "c";
        -:  723:
      548:  724:		sprintf( outfile_path, outfile_template, prefix, suffix );
        -:  725:
      548:  726:		prev_stdout = freopen( outfile_path, "w", stdout );
call    0 returned 548
        -:  727:
      548:  728:		if ( prev_stdout == NULL )
branch  0 taken 0 (fallthrough)
branch  1 taken 548
    #####:  729:			lerrsf( "could not create %s", outfile_path );
call    0 never executed
        -:  730:
      548:  731:		outfile_created = 1;
        -:  732:		}
        -:  733:
      551:  734:	num_input_files = argc;
      551:  735:	input_files = argv;
     551*:  736:	set_input_file( num_input_files > 0 ? input_files[0] : NULL );
branch  0 taken 551 (fallthrough)
branch  1 taken 0
call    2 returned 550
        -:  737:	
        -:  738:
      550:  739:	if ( backing_up_report )
branch  0 taken 5 (fallthrough)
branch  1 taken 545
        -:  740:		{
        -:  741:#ifndef SHORT_FILE_NAMES
        5:  742:		backing_up_file = fopen( "lex.backup", "w" );
call    0 returned 5
        -:  743:#else
        -:  744:		backing_up_file = fopen( "lex.bck", "w" );
        -:  745:#endif
        -:  746:
        5:  747:		if ( backing_up_file == NULL )
branch  0 taken 0 (fallthrough)
branch  1 taken 5
    #####:  748:			flexerror( "could not create lex.backup" );
call    0 never executed
        -:  749:		}
        -:  750:
        -:  751:	else
      545:  752:		backing_up_file = NULL;
        -:  753:
        -:  754:
      550:  755:	lastccl = 0;
      550:  756:	lastsc = 0;
        -:  757:
      550:  758:	if ( skelname && (skelfile = fopen( skelname, "r" )) == NULL )
branch  0 taken 3 (fallthrough)
branch  1 taken 547
call    2 returned 3
branch  3 taken 1 (fallthrough)
branch  4 taken 2
        1:  759:		lerrsf( "can't open skeleton file %s", skelname );
call    0 returned 0
        -:  760:
      549:  761:	if ( yy_strcmp( prefix, "yy" ) )
call    0 returned 549
branch  1 taken 1 (fallthrough)
branch  2 taken 548
        -:  762:		{
        -:  763:#define GEN_PREFIX(name) printf( "#define yy%s %s%s\n", name, prefix, name );
        1:  764:		GEN_PREFIX( "FlexLexer" );
call    0 returned 1
        1:  765:		GEN_PREFIX( "_create_buffer" );
call    0 returned 1
        1:  766:		GEN_PREFIX( "_delete_buffer" );
call    0 returned 1
        1:  767:		GEN_PREFIX( "_flex_debug" );
call    0 returned 1
        1:  768:		GEN_PREFIX( "_init_buffer" );
call    0 returned 1
        1:  769:		GEN_PREFIX( "_load_buffer_state" );
call    0 returned 1
        1:  770:		GEN_PREFIX( "_switch_to_buffer" );
call    0 returned 1
        1:  771:		GEN_PREFIX( "in" );
call    0 returned 1
        1:  772:		GEN_PREFIX( "leng" );
call    0 returned 1
        1:  773:		GEN_PREFIX( "lex" );
call    0 returned 1
        1:  774:		GEN_PREFIX( "out" );
call    0 returned 1
        1:  775:		GEN_PREFIX( "restart" );
call    0 returned 1
        1:  776:		GEN_PREFIX( "text" );
call    0 returned 1
        1:  777:		GEN_PREFIX( "wrap" );
call    0 returned 1
        1:  778:		printf( "\n" );
call    0 returned 1
        -:  779:		}
        -:  780:
        -:  781:
      549:  782:	lastdfa = lastnfa = 0;
      549:  783:	num_rules = num_eof_rules = default_rule = 0;
      549:  784:	numas = numsnpairs = tmpuses = 0;
      549:  785:	numecs = numeps = eps2 = num_reallocs = hshcol = dfaeql = totnst = 0;
      549:  786:	numuniq = numdup = hshsave = eofseen = datapos = dataline = 0;
      549:  787:	num_backing_up = onesp = numprots = 0;
      549:  788:	variable_trailing_context_rules = bol_needed = false;
        -:  789:
      549:  790:	linenum = sectnum = 1;
      549:  791:	firstprot = NIL;
        -:  792:
        -:  793:	/* Used in mkprot() so that the first proto goes in slot 1
        -:  794:	 * of the proto queue.
        -:  795:	 */
      549:  796:	lastprot = 1;
        -:  797:
      549:  798:	if ( useecs )
branch  0 taken 299 (fallthrough)
branch  1 taken 250
        -:  799:		{
        -:  800:		/* Set up doubly-linked equivalence classes. */
        -:  801:
        -:  802:		/* We loop all the way up to csize, since ecgroup[csize] is
        -:  803:		 * the position used for NUL characters.
        -:  804:		 */
      299:  805:		ecgroup[1] = NIL;
        -:  806:
    76288:  807:		for ( i = 2; i <= csize; ++i )
branch  0 taken 75989
branch  1 taken 299 (fallthrough)
        -:  808:			{
    75989:  809:			ecgroup[i] = i - 1;
    75989:  810:			nextecm[i - 1] = i;
        -:  811:			}
        -:  812:
      299:  813:		nextecm[csize] = NIL;
        -:  814:		}
        -:  815:
        -:  816:	else
        -:  817:		{
        -:  818:		/* Put everything in its own equivalence class. */
    54522:  819:		for ( i = 1; i <= csize; ++i )
branch  0 taken 54272
branch  1 taken 250 (fallthrough)
        -:  820:			{
    54272:  821:			ecgroup[i] = i;
    54272:  822:			nextecm[i] = BAD_SUBSCRIPT;	/* to catch errors */
        -:  823:			}
        -:  824:		}
        -:  825:
      549:  826:	set_up_initial_allocations();
call    0 returned 549
      549:  827:	}
        -:  828:
        -:  829:
        -:  830:/* readin - read in the rules section of the input file(s) */
        -:  831:
function readin called 549 returned 100% blocks executed 85%
      549:  832:void readin()
        -:  833:	{
      549:  834:	skelout();
call    0 returned 549
        -:  835:
      549:  836:	line_directive_out( (FILE *) 0 );
call    0 returned 549
        -:  837:
      549:  838:	if ( yyparse() )
call    0 returned 549
branch  1 taken 0 (fallthrough)
branch  2 taken 549
        -:  839:		{
    #####:  840:		pinpoint_message( "fatal parse error" );
call    0 never executed
    #####:  841:		flexend( 1 );
call    0 never executed
        -:  842:		}
        -:  843:
      549:  844:	if ( csize == 256 )
branch  0 taken 471 (fallthrough)
branch  1 taken 78
      471:  845:		puts( "typedef unsigned char YY_CHAR;" );
call    0 returned 471
        -:  846:	else
       78:  847:		puts( "typedef char YY_CHAR;" );
call    0 returned 78
        -:  848:
      549:  849:	if ( C_plus_plus )
branch  0 taken 0 (fallthrough)
branch  1 taken 549
        -:  850:		{
    #####:  851:		puts( "#define yytext_ptr yytext" );
call    0 never executed
        -:  852:
    #####:  853:		if ( interactive )
branch  0 never executed
branch  1 never executed
    #####:  854:			puts( "#define YY_INTERACTIVE" );
call    0 never executed
        -:  855:		}
        -:  856:
      549:  857:	if ( fullspd )
branch  0 taken 93 (fallthrough)
branch  1 taken 456
       93:  858:		printf(
call    0 returned 93
        -:  859:		"typedef const struct yy_trans_info *yy_state_type;\n" );
      456:  860:	else if ( ! C_plus_plus )
branch  0 taken 456 (fallthrough)
branch  1 taken 0
      456:  861:		printf( "typedef int yy_state_type;\n" );
call    0 returned 456
        -:  862:
      549:  863:	if ( reject )
branch  0 taken 6 (fallthrough)
branch  1 taken 543
        6:  864:		printf( "\n#define YY_USES_REJECT\n" );
call    0 returned 6
        -:  865:
      549:  866:	if ( ddebug )
branch  0 taken 252 (fallthrough)
branch  1 taken 297
      252:  867:		puts( "\n#define FLEX_DEBUG" );
call    0 returned 252
        -:  868:
      549:  869:	if ( lex_compat )
branch  0 taken 162 (fallthrough)
branch  1 taken 387
        -:  870:		{
      162:  871:		printf( "FILE *yyin = stdin, *yyout = stdout;\n" );
call    0 returned 162
      162:  872:		printf( "extern int yylineno;\n" );
call    0 returned 162
      162:  873:		printf( "int yylineno = 1;\n" );
call    0 returned 162
        -:  874:		}
      387:  875:	else if ( ! C_plus_plus )
branch  0 taken 387 (fallthrough)
branch  1 taken 0
      387:  876:		printf( "FILE *yyin = (FILE *) 0, *yyout = (FILE *) 0;\n" );
call    0 returned 387
        -:  877:
      549:  878:	if ( C_plus_plus )
branch  0 taken 0 (fallthrough)
branch  1 taken 549
    #####:  879:		printf( "\n#include \"FlexLexer.h\"\n" );
call    0 never executed
        -:  880:
        -:  881:	else
        -:  882:		{
      549:  883:		if ( yytext_is_array )
branch  0 taken 162 (fallthrough)
branch  1 taken 387
      162:  884:			puts( "extern char yytext[];\n" );
call    0 returned 162
        -:  885:
        -:  886:		else
        -:  887:			{
      387:  888:			puts( "extern char *yytext;" );
call    0 returned 387
      387:  889:			puts( "#define yytext_ptr yytext" );
call    0 returned 387
        -:  890:			}
        -:  891:		}
        -:  892:
      549:  893:	if ( useecs )
branch  0 taken 299 (fallthrough)
branch  1 taken 250
      299:  894:		numecs = cre8ecs( nextecm, ecgroup, csize );
call    0 returned 299
        -:  895:	else
      250:  896:		numecs = csize;
        -:  897:
        -:  898:	/* Now map the equivalence class for NUL to its expected place. */
      549:  899:	ecgroup[0] = ecgroup[csize];
      549:  900:	NUL_ec = abs( ecgroup[0] );
        -:  901:
      549:  902:	if ( useecs )
branch  0 taken 299 (fallthrough)
branch  1 taken 250
      299:  903:		ccl2ecl();
call    0 returned 299
      549:  904:	}
        -:  905:
        -:  906:
        -:  907:/* set_up_initial_allocations - allocate memory for internal tables */
        -:  908:
function set_up_initial_allocations called 549 returned 100% blocks executed 100%
      549:  909:void set_up_initial_allocations()
        -:  910:	{
      549:  911:	current_mns = INITIAL_MNS;
      549:  912:	firstst = allocate_integer_array( current_mns );
call    0 returned 549
      549:  913:	lastst = allocate_integer_array( current_mns );
call    0 returned 549
      549:  914:	finalst = allocate_integer_array( current_mns );
call    0 returned 549
      549:  915:	transchar = allocate_integer_array( current_mns );
call    0 returned 549
      549:  916:	trans1 = allocate_integer_array( current_mns );
call    0 returned 549
      549:  917:	trans2 = allocate_integer_array( current_mns );
call    0 returned 549
      549:  918:	accptnum = allocate_integer_array( current_mns );
call    0 returned 549
      549:  919:	assoc_rule = allocate_integer_array( current_mns );
call    0 returned 549
      549:  920:	state_type = allocate_integer_array( current_mns );
call    0 returned 549
        -:  921:
      549:  922:	current_max_rules = INITIAL_MAX_RULES;
      549:  923:	rule_type = allocate_integer_array( current_max_rules );
call    0 returned 549
      549:  924:	rule_linenum = allocate_integer_array( current_max_rules );
call    0 returned 549
      549:  925:	rule_useful = allocate_integer_array( current_max_rules );
call    0 returned 549
        -:  926:
      549:  927:	current_max_scs = INITIAL_MAX_SCS;
      549:  928:	scset = allocate_integer_array( current_max_scs );
call    0 returned 549
      549:  929:	scbol = allocate_integer_array( current_max_scs );
call    0 returned 549
      549:  930:	scxclu = allocate_integer_array( current_max_scs );
call    0 returned 549
      549:  931:	sceof = allocate_integer_array( current_max_scs );
call    0 returned 549
      549:  932:	scname = allocate_char_ptr_array( current_max_scs );
call    0 returned 549
      549:  933:	actvsc = allocate_integer_array( current_max_scs );
call    0 returned 549
        -:  934:
      549:  935:	current_maxccls = INITIAL_MAX_CCLS;
      549:  936:	cclmap = allocate_integer_array( current_maxccls );
call    0 returned 549
      549:  937:	ccllen = allocate_integer_array( current_maxccls );
call    0 returned 549
      549:  938:	cclng = allocate_integer_array( current_maxccls );
call    0 returned 549
        -:  939:
      549:  940:	current_max_ccl_tbl_size = INITIAL_MAX_CCL_TBL_SIZE;
      549:  941:	ccltbl = allocate_Character_array( current_max_ccl_tbl_size );
call    0 returned 549
        -:  942:
      549:  943:	current_max_dfa_size = INITIAL_MAX_DFA_SIZE;
        -:  944:
      549:  945:	current_max_xpairs = INITIAL_MAX_XPAIRS;
      549:  946:	nxt = allocate_integer_array( current_max_xpairs );
call    0 returned 549
      549:  947:	chk = allocate_integer_array( current_max_xpairs );
call    0 returned 549
        -:  948:
      549:  949:	current_max_template_xpairs = INITIAL_MAX_TEMPLATE_XPAIRS;
      549:  950:	tnxt = allocate_integer_array( current_max_template_xpairs );
call    0 returned 549
        -:  951:
      549:  952:	current_max_dfas = INITIAL_MAX_DFAS;
      549:  953:	base = allocate_integer_array( current_max_dfas );
call    0 returned 549
      549:  954:	def = allocate_integer_array( current_max_dfas );
call    0 returned 549
      549:  955:	dfasiz = allocate_integer_array( current_max_dfas );
call    0 returned 549
      549:  956:	accsiz = allocate_integer_array( current_max_dfas );
call    0 returned 549
      549:  957:	dhash = allocate_integer_array( current_max_dfas );
call    0 returned 549
      549:  958:	dss = allocate_int_ptr_array( current_max_dfas );
call    0 returned 549
      549:  959:	dfaacc = allocate_dfaacc_union( current_max_dfas );
call    0 returned 549
        -:  960:
      549:  961:	nultrans = (int *) 0;
      549:  962:	}
        -:  963:
        -:  964:
function usage called 2 returned 100% blocks executed 100%
        2:  965:void usage()
        -:  966:	{
        2:  967:	fprintf( err,
call    0 returned 2
        -:  968:"%s [-bcdfhilnpstvwBFILTV78+ -C[aefFmr] -Pprefix -Sskeleton] [file ...]\n",
        -:  969:		program_name );
        -:  970:
        2:  971:	fprintf( err,
call    0 returned 2
        -:  972:		"\t-b  generate backing-up information to lex.backup\n" );
        2:  973:	fprintf( err, "\t-c  do-nothing POSIX option\n" );
call    0 returned 2
        2:  974:	fprintf( err, "\t-d  turn on debug mode in generated scanner\n" );
call    0 returned 2
        2:  975:	fprintf( err, "\t-f  generate fast, large scanner\n" );
call    0 returned 2
        2:  976:	fprintf( err, "\t-h  produce this help message\n" );
call    0 returned 2
        2:  977:	fprintf( err, "\t-i  generate case-insensitive scanner\n" );
call    0 returned 2
        2:  978:	fprintf( err, "\t-l  maximal compatibility with original lex\n" );
call    0 returned 2
        2:  979:	fprintf( err, "\t-n  do-nothing POSIX option\n" );
call    0 returned 2
        2:  980:	fprintf( err, "\t-p  generate performance report to stderr\n" );
call    0 returned 2
        2:  981:	fprintf( err,
call    0 returned 2
        -:  982:		"\t-s  suppress default rule to ECHO unmatched text\n" );
        2:  983:	fprintf( err,
call    0 returned 2
        -:  984:	"\t-t  write generated scanner on stdout instead of lex.yy.c\n" );
        2:  985:	fprintf( err,
call    0 returned 2
        -:  986:		"\t-v  write summary of scanner statistics to stderr\n" );
        2:  987:	fprintf( err, "\t-w  do not generate warnings\n" );
call    0 returned 2
        2:  988:	fprintf( err, "\t-B  generate batch scanner (opposite of -I)\n" );
call    0 returned 2
        2:  989:	fprintf( err,
call    0 returned 2
        -:  990:		"\t-F  use alternative fast scanner representation\n" );
        2:  991:	fprintf( err,
call    0 returned 2
        -:  992:		"\t-I  generate interactive scanner (opposite of -B)\n" );
        2:  993:	fprintf( err, "\t-L  suppress #line directives in scanner\n" );
call    0 returned 2
        2:  994:	fprintf( err, "\t-T  %s should run in trace mode\n", program_name );
call    0 returned 2
        2:  995:	fprintf( err, "\t-V  report %s version\n", program_name );
call    0 returned 2
        2:  996:	fprintf( err, "\t-7  generate 7-bit scanner\n" );
call    0 returned 2
        2:  997:	fprintf( err, "\t-8  generate 8-bit scanner\n" );
call    0 returned 2
        2:  998:	fprintf( err, "\t-+  generate C++ scanner class\n" );
call    0 returned 2
        2:  999:	fprintf( err,
call    0 returned 2
        -: 1000:	"\t-C  specify degree of table compression (default is -Cem):\n" );
        2: 1001:	fprintf( err,
call    0 returned 2
        -: 1002:	"\t\t-Ca  trade off larger tables for better memory alignment\n" );
        2: 1003:	fprintf( err, "\t\t-Ce  construct equivalence classes\n" );
call    0 returned 2
        2: 1004:	fprintf( err,
call    0 returned 2
        -: 1005:	"\t\t-Cf  do not compress scanner tables; use -f representation\n" );
        2: 1006:	fprintf( err,
call    0 returned 2
        -: 1007:	"\t\t-CF  do not compress scanner tables; use -F representation\n" );
        2: 1008:	fprintf( err, "\t\t-Cm  construct meta-equivalence classes\n" );
call    0 returned 2
        2: 1009:	fprintf( err,
call    0 returned 2
        -: 1010:		"\t\t-Cr  use read() instead of stdio for scanner input\n" );
        2: 1011:	fprintf( err, "\t-P  specify scanner prefix other than \"yy\"\n" );
call    0 returned 2
        2: 1012:	fprintf( err, "\t-S  specify skeleton file\n" );
call    0 returned 2
        2: 1013:	}
        -: 1014:/* ccl - routines for character classes */
        -: 1015:
        -: 1016:/*-
        -: 1017: * Copyright (c) 1990 The Regents of the University of California.
        -: 1018: * All rights reserved.
        -: 1019: *
        -: 1020: * This code is derived from software contributed to Berkeley by
        -: 1021: * Vern Paxson.
        -: 1022: * 
        -: 1023: * The United States Government has rights in this work pursuant
        -: 1024: * to contract no. DE-AC03-76SF00098 between the United States
        -: 1025: * Department of Energy and the University of California.
        -: 1026: *
        -: 1027: * Redistribution and use in source and binary forms are permitted provided
        -: 1028: * that: (1) source distributions retain this entire copyright notice and
        -: 1029: * comment, and (2) distributions including binaries display the following
        -: 1030: * acknowledgement:  ``This product includes software developed by the
        -: 1031: * University of California, Berkeley and its contributors'' in the
        -: 1032: * documentation or other materials provided with the distribution and in
        -: 1033: * all advertising materials mentioning features or use of this software.
        -: 1034: * Neither the name of the University nor the names of its contributors may
        -: 1035: * be used to endorse or promote products derived from this software without
        -: 1036: * specific prior written permission.
        -: 1037: * THIS SOFTWARE IS PROVIDED ``AS IS'' AND WITHOUT ANY EXPRESS OR IMPLIED
        -: 1038: * WARRANTIES, INCLUDING, WITHOUT LIMITATION, THE IMPLIED WARRANTIES OF
        -: 1039: * MERCHANTABILITY AND FITNESS FOR A PARTICULAR PURPOSE.
        -: 1040: */
        -: 1041:
        -: 1042:/* $Header: /a1/cvsadm/cvsroot/expsir/csubjects/flex/versions.alt/versions.orig/v0/flex.c,v 1.1.1.1 2003/06/02 17:12:00 expsir Exp $ */
        -: 1043:
        -: 1044:
        -: 1045:/* ccladd - add a single character to a ccl */
        -: 1046:
function ccladd called 24813 returned 100% blocks executed 100%
    24813: 1047:void ccladd( cclp, ch )
        -: 1048:int cclp;
        -: 1049:int ch;
        -: 1050:	{
        -: 1051:	int ind, len, newpos, i;
        -: 1052:
    24813: 1053:	check_char( ch );
call    0 returned 24813
        -: 1054:
    24813: 1055:	len = ccllen[cclp];
    24813: 1056:	ind = cclmap[cclp];
        -: 1057:
        -: 1058:	/* check to see if the character is already in the ccl */
        -: 1059:
   477949: 1060:	for ( i = 0; i < len; ++i )
branch  0 taken 453347
branch  1 taken 24602 (fallthrough)
   453347: 1061:		if ( ccltbl[ind + i] == ch )
branch  0 taken 211 (fallthrough)
branch  1 taken 453136
      211: 1062:			return;
        -: 1063:
    24602: 1064:	newpos = ind + len;
        -: 1065:
    24602: 1066:	if ( newpos >= current_max_ccl_tbl_size )
branch  0 taken 40 (fallthrough)
branch  1 taken 24562
        -: 1067:		{
       40: 1068:		current_max_ccl_tbl_size += MAX_CCL_TBL_SIZE_INCREMENT;
        -: 1069:
       40: 1070:		++num_reallocs;
        -: 1071:
       40: 1072:		ccltbl = reallocate_Character_array( ccltbl,
call    0 returned 40
        -: 1073:						current_max_ccl_tbl_size );
        -: 1074:		}
        -: 1075:
    24602: 1076:	ccllen[cclp] = len + 1;
    24602: 1077:	ccltbl[newpos] = ch;
        -: 1078:	}
        -: 1079:
        -: 1080:
        -: 1081:/* cclinit - return an empty ccl */
        -: 1082:
function cclinit called 2031 returned 100% blocks executed 100%
     2031: 1083:int cclinit()
        -: 1084:	{
     2031: 1085:	if ( ++lastccl >= current_maxccls )
branch  0 taken 2 (fallthrough)
branch  1 taken 2029
        -: 1086:		{
        2: 1087:		current_maxccls += MAX_CCLS_INCREMENT;
        -: 1088:
        2: 1089:		++num_reallocs;
        -: 1090:
        2: 1091:		cclmap = reallocate_integer_array( cclmap, current_maxccls );
call    0 returned 2
        2: 1092:		ccllen = reallocate_integer_array( ccllen, current_maxccls );
call    0 returned 2
        2: 1093:		cclng = reallocate_integer_array( cclng, current_maxccls );
call    0 returned 2
        -: 1094:		}
        -: 1095:
     2031: 1096:	if ( lastccl == 1 )
branch  0 taken 549 (fallthrough)
branch  1 taken 1482
        -: 1097:		/* we're making the first ccl */
      549: 1098:		cclmap[lastccl] = 0;
        -: 1099:
        -: 1100:	else
        -: 1101:		/* The new pointer is just past the end of the last ccl.
        -: 1102:		 * Since the cclmap points to the \first/ character of a
        -: 1103:		 * ccl, adding the length of the ccl to the cclmap pointer
        -: 1104:		 * will produce a cursor to the first free space.
        -: 1105:		 */
     1482: 1106:		cclmap[lastccl] = cclmap[lastccl - 1] + ccllen[lastccl - 1];
        -: 1107:
     2031: 1108:	ccllen[lastccl] = 0;
     2031: 1109:	cclng[lastccl] = 0;	/* ccl's start out life un-negated */
        -: 1110:
     2031: 1111:	return lastccl;
        -: 1112:	}
        -: 1113:
        -: 1114:
        -: 1115:/* cclnegate - negate the given ccl */
        -: 1116:
function cclnegate called 972 returned 100% blocks executed 100%
      972: 1117:void cclnegate( cclp )
        -: 1118:int cclp;
        -: 1119:	{
      972: 1120:	cclng[cclp] = 1;
      972: 1121:	}
        -: 1122:
        -: 1123:
        -: 1124:/* list_character_set - list the members of a set of characters in CCL form
        -: 1125: *
        -: 1126: * Writes to the given file a character-class representation of those
        -: 1127: * characters present in the given CCL.  A character is present if it
        -: 1128: * has a non-zero value in the cset array.
        -: 1129: */
        -: 1130:
function list_character_set called 8 returned 100% blocks executed 100%
        8: 1131:void list_character_set( file, cset )
        -: 1132:FILE *file;
        -: 1133:int cset[];
        -: 1134:	{
        -: 1135:	register int i;
        -: 1136:
        8: 1137:	putc( '[', file );
call    0 returned 8
        -: 1138:
      908: 1139:	for ( i = 0; i < csize; ++i )
branch  0 taken 900
branch  1 taken 8 (fallthrough)
        -: 1140:		{
      900: 1141:		if ( cset[i] )
branch  0 taken 12 (fallthrough)
branch  1 taken 888
        -: 1142:			{
       12: 1143:			register int start_char = i;
        -: 1144:
       12: 1145:			putc( ' ', file );
call    0 returned 12
        -: 1146:
       12: 1147:			fputs( readable_form( i ), file );
call    0 returned 12
call    1 returned 12
        -: 1148:
      896: 1149:			while ( ++i < csize && cset[i] )
branch  0 taken 892 (fallthrough)
branch  1 taken 4
branch  2 taken 884
branch  3 taken 8 (fallthrough)
        -: 1150:				;
        -: 1151:
       12: 1152:			if ( i - 1 > start_char )
branch  0 taken 8 (fallthrough)
branch  1 taken 4
        -: 1153:				/* this was a run */
        8: 1154:				fprintf( file, "-%s", readable_form( i - 1 ) );
call    0 returned 8
call    1 returned 8
        -: 1155:
       12: 1156:			putc( ' ', file );
call    0 returned 12
        -: 1157:			}
        -: 1158:		}
        -: 1159:
        8: 1160:	putc( ']', file );
call    0 returned 8
        8: 1161:	}
        -: 1162:/* dfa - DFA construction routines */
        -: 1163:
        -: 1164:/*-
        -: 1165: * Copyright (c) 1990 The Regents of the University of California.
        -: 1166: * All rights reserved.
        -: 1167: *
        -: 1168: * This code is derived from software contributed to Berkeley by
        -: 1169: * Vern Paxson.
        -: 1170: * 
        -: 1171: * The United States Government has rights in this work pursuant
        -: 1172: * to contract no. DE-AC03-76SF00098 between the United States
        -: 1173: * Department of Energy and the University of California.
        -: 1174: *
        -: 1175: * Redistribution and use in source and binary forms are permitted provided
        -: 1176: * that: (1) source distributions retain this entire copyright notice and
        -: 1177: * comment, and (2) distributions including binaries display the following
        -: 1178: * acknowledgement:  ``This product includes software developed by the
        -: 1179: * University of California, Berkeley and its contributors'' in the
        -: 1180: * documentation or other materials provided with the distribution and in
        -: 1181: * all advertising materials mentioning features or use of this software.
        -: 1182: * Neither the name of the University nor the names of its contributors may
        -: 1183: * be used to endorse or promote products derived from this software without
        -: 1184: * specific prior written permission.
        -: 1185: * THIS SOFTWARE IS PROVIDED ``AS IS'' AND WITHOUT ANY EXPRESS OR IMPLIED
        -: 1186: * WARRANTIES, INCLUDING, WITHOUT LIMITATION, THE IMPLIED WARRANTIES OF
        -: 1187: * MERCHANTABILITY AND FITNESS FOR A PARTICULAR PURPOSE.
        -: 1188: */
        -: 1189:
        -: 1190:/* $Header: /a1/cvsadm/cvsroot/expsir/csubjects/flex/versions.alt/versions.orig/v0/flex.c,v 1.1.1.1 2003/06/02 17:12:00 expsir Exp $ */
        -: 1191:
        -: 1192:
        -: 1193:
        -: 1194:/* declare functions that have forward references */
        -: 1195:
        -: 1196:void dump_associated_rules PROTO((FILE*, int));
        -: 1197:void dump_transitions PROTO((FILE*, int[]));
        -: 1198:void sympartition PROTO((int[], int, int[], int[]));
        -: 1199:int symfollowset PROTO((int[], int, int, int[]));
        -: 1200:
        -: 1201:
        -: 1202:/* check_for_backing_up - check a DFA state for backing up
        -: 1203: *
        -: 1204: * synopsis
        -: 1205: *     void check_for_backing_up( int ds, int state[numecs] );
        -: 1206: *
        -: 1207: * ds is the number of the state to check and state[] is its out-transitions,
        -: 1208: * indexed by equivalence class.
        -: 1209: */
        -: 1210:
function check_for_backing_up called 11249 returned 100% blocks executed 100%
    11249: 1211:void check_for_backing_up( ds, state )
        -: 1212:int ds;
        -: 1213:int state[];
        -: 1214:	{
    11249: 1215:	if ( (reject && ! dfaacc[ds].dfaacc_set) ||
branch  0 taken 3567 (fallthrough)
branch  1 taken 7682
branch  2 taken 2812 (fallthrough)
branch  3 taken 755
    10494: 1216:	     (! reject && ! dfaacc[ds].dfaacc_state) )
branch  0 taken 7682 (fallthrough)
branch  1 taken 2812
branch  2 taken 1721 (fallthrough)
branch  3 taken 5961
        -: 1217:		{ /* state is non-accepting */
     2476: 1218:		++num_backing_up;
        -: 1219:
     2476: 1220:		if ( backing_up_report )
branch  0 taken 4 (fallthrough)
branch  1 taken 2472
        -: 1221:			{
        4: 1222:			fprintf( backing_up_file,
call    0 returned 4
        -: 1223:				"State #%d is non-accepting -\n", ds );
        -: 1224:
        -: 1225:			/* identify the state */
        4: 1226:			dump_associated_rules( backing_up_file, ds );
call    0 returned 4
        -: 1227:
        -: 1228:			/* Now identify it further using the out- and
        -: 1229:			 * jam-transitions.
        -: 1230:			 */
        4: 1231:			dump_transitions( backing_up_file, state );
call    0 returned 4
        -: 1232:
        4: 1233:			putc( '\n', backing_up_file );
call    0 returned 4
        -: 1234:			}
        -: 1235:		}
    11249: 1236:	}
        -: 1237:
        -: 1238:
        -: 1239:/* check_trailing_context - check to see if NFA state set constitutes
        -: 1240: *                          "dangerous" trailing context
        -: 1241: *
        -: 1242: * synopsis
        -: 1243: *    void check_trailing_context( int nfa_states[num_states+1], int num_states,
        -: 1244: *				int accset[nacc+1], int nacc );
        -: 1245: *
        -: 1246: * NOTES
        -: 1247: *  Trailing context is "dangerous" if both the head and the trailing
        -: 1248: *  part are of variable size \and/ there's a DFA state which contains
        -: 1249: *  both an accepting state for the head part of the rule and NFA states
        -: 1250: *  which occur after the beginning of the trailing context.
        -: 1251: *
        -: 1252: *  When such a rule is matched, it's impossible to tell if having been
        -: 1253: *  in the DFA state indicates the beginning of the trailing context or
        -: 1254: *  further-along scanning of the pattern.  In these cases, a warning
        -: 1255: *  message is issued.
        -: 1256: *
        -: 1257: *    nfa_states[1 .. num_states] is the list of NFA states in the DFA.
        -: 1258: *    accset[1 .. nacc] is the list of accepting numbers for the DFA state.
        -: 1259: */
        -: 1260:
function check_trailing_context called 454 returned 100% blocks executed 100%
      454: 1261:void check_trailing_context( nfa_states, num_states, accset, nacc )
        -: 1262:int *nfa_states, num_states;
        -: 1263:int *accset;
        -: 1264:register int nacc;
        -: 1265:	{
        -: 1266:	register int i, j;
        -: 1267:
     1318: 1268:	for ( i = 1; i <= num_states; ++i )
branch  0 taken 866
branch  1 taken 452 (fallthrough)
        -: 1269:		{
      866: 1270:		int ns = nfa_states[i];
      866: 1271:		register int type = state_type[ns];
      866: 1272:		register int ar = assoc_rule[ns];
        -: 1273:
      866: 1274:		if ( type == STATE_NORMAL || rule_type[ar] != RULE_VARIABLE )
branch  0 taken 39 (fallthrough)
branch  1 taken 827
branch  2 taken 39 (fallthrough)
branch  3 taken 0
        -: 1275:			{ /* do nothing */
        -: 1276:			}
        -: 1277:
       39: 1278:		else if ( type == STATE_TRAILING_CONTEXT )
branch  0 taken 39 (fallthrough)
branch  1 taken 0
        -: 1279:			{
        -: 1280:			/* Potential trouble.  Scan set of accepting numbers
        -: 1281:			 * for the one marking the end of the "head".  We
        -: 1282:			 * assume that this looping will be fairly cheap
        -: 1283:			 * since it's rare that an accepting number set
        -: 1284:			 * is large.
        -: 1285:			 */
       78: 1286:			for ( j = 1; j <= nacc; ++j )
branch  0 taken 41
branch  1 taken 37 (fallthrough)
       41: 1287:				if ( accset[j] & YY_TRAILING_HEAD_MASK )
branch  0 taken 2 (fallthrough)
branch  1 taken 39
        -: 1288:					{
        2: 1289:					line_warning(
        -: 1290:						"dangerous trailing context",
        2: 1291:						rule_linenum[ar] );
call    0 returned 2
        2: 1292:					return;
        -: 1293:					}
        -: 1294:			}
        -: 1295:		}
        -: 1296:	}
        -: 1297:
        -: 1298:
        -: 1299:/* dump_associated_rules - list the rules associated with a DFA state
        -: 1300: *
        -: 1301: * Goes through the set of NFA states associated with the DFA and
        -: 1302: * extracts the first MAX_ASSOC_RULES unique rules, sorts them,
        -: 1303: * and writes a report to the given file.
        -: 1304: */
        -: 1305:
function dump_associated_rules called 4 returned 100% blocks executed 95%
        4: 1306:void dump_associated_rules( file, ds )
        -: 1307:FILE *file;
        -: 1308:int ds;
        -: 1309:	{
        -: 1310:	register int i, j;
        4: 1311:	register int num_associated_rules = 0;
        -: 1312:	int rule_set[MAX_ASSOC_RULES + 1];
        4: 1313:	int *dset = dss[ds];
        4: 1314:	int size = dfasiz[ds];
        -: 1315:
       16: 1316:	for ( i = 1; i <= size; ++i )
branch  0 taken 12
branch  1 taken 4 (fallthrough)
        -: 1317:		{
       12: 1318:		register int rule_num = rule_linenum[assoc_rule[dset[i]]];
        -: 1319:
      12*: 1320:		for ( j = 1; j <= num_associated_rules; ++j )
branch  0 taken 8
branch  1 taken 4 (fallthrough)
        8: 1321:			if ( rule_num == rule_set[j] )
branch  0 taken 8 (fallthrough)
branch  1 taken 0
        8: 1322:				break;
        -: 1323:
       12: 1324:		if ( j > num_associated_rules )
branch  0 taken 4 (fallthrough)
branch  1 taken 8
        -: 1325:			{ /* new rule */
        4: 1326:			if ( num_associated_rules < MAX_ASSOC_RULES )
branch  0 taken 4 (fallthrough)
branch  1 taken 0
        4: 1327:				rule_set[++num_associated_rules] = rule_num;
        -: 1328:			}
        -: 1329:		}
        -: 1330:
        4: 1331:	bubble( rule_set, num_associated_rules );
call    0 returned 4
        -: 1332:
        4: 1333:	fprintf( file, " associated rule line numbers:" );
call    0 returned 4
        -: 1334:
        8: 1335:	for ( i = 1; i <= num_associated_rules; ++i )
branch  0 taken 4
branch  1 taken 4 (fallthrough)
        -: 1336:		{
        4: 1337:		if ( i % 8 == 1 )
branch  0 taken 4 (fallthrough)
branch  1 taken 0
        4: 1338:			putc( '\n', file );
call    0 returned 4
        -: 1339:
        4: 1340:		fprintf( file, "\t%d", rule_set[i] );
call    0 returned 4
        -: 1341:		}
        -: 1342:
        4: 1343:	putc( '\n', file );
call    0 returned 4
        4: 1344:	}
        -: 1345:
        -: 1346:
        -: 1347:/* dump_transitions - list the transitions associated with a DFA state
        -: 1348: *
        -: 1349: * synopsis
        -: 1350: *     dump_transitions( FILE *file, int state[numecs] );
        -: 1351: *
        -: 1352: * Goes through the set of out-transitions and lists them in human-readable
        -: 1353: * form (i.e., not as equivalence classes); also lists jam transitions
        -: 1354: * (i.e., all those which are not out-transitions, plus EOF).  The dump
        -: 1355: * is done to the given file.
        -: 1356: */
        -: 1357:
function dump_transitions called 4 returned 100% blocks executed 100%
        4: 1358:void dump_transitions( file, state )
        -: 1359:FILE *file;
        -: 1360:int state[];
        -: 1361:	{
        -: 1362:	register int i, ec;
        -: 1363:	int out_char_set[CSIZE];
        -: 1364:
      900: 1365:	for ( i = 0; i < csize; ++i )
branch  0 taken 896
branch  1 taken 4 (fallthrough)
        -: 1366:		{
      896: 1367:		ec = abs( ecgroup[i] );
      896: 1368:		out_char_set[i] = state[ec];
        -: 1369:		}
        -: 1370:
        4: 1371:	fprintf( file, " out-transitions: " );
call    0 returned 4
        -: 1372:
        4: 1373:	list_character_set( file, out_char_set );
call    0 returned 4
        -: 1374:
        -: 1375:	/* now invert the members of the set to get the jam transitions */
      900: 1376:	for ( i = 0; i < csize; ++i )
branch  0 taken 896
branch  1 taken 4 (fallthrough)
      896: 1377:		out_char_set[i] = ! out_char_set[i];
        -: 1378:
        4: 1379:	fprintf( file, "\n jam-transitions: EOF " );
call    0 returned 4
        -: 1380:
        4: 1381:	list_character_set( file, out_char_set );
call    0 returned 4
        -: 1382:
        4: 1383:	putc( '\n', file );
call    0 returned 4
        4: 1384:	}
        -: 1385:
        -: 1386:
        -: 1387:/* epsclosure - construct the epsilon closure of a set of ndfa states
        -: 1388: *
        -: 1389: * synopsis
        -: 1390: *    int *epsclosure( int t[num_states], int *numstates_addr,
        -: 1391: *			int accset[num_rules+1], int *nacc_addr,
        -: 1392: *			int *hashval_addr );
        -: 1393: *
        -: 1394: * NOTES
        -: 1395: *  The epsilon closure is the set of all states reachable by an arbitrary
        -: 1396: *  number of epsilon transitions, which themselves do not have epsilon
        -: 1397: *  transitions going out, unioned with the set of states which have non-null
        -: 1398: *  accepting numbers.  t is an array of size numstates of nfa state numbers.
        -: 1399: *  Upon return, t holds the epsilon closure and *numstates_addr is updated.
        -: 1400: *  accset holds a list of the accepting numbers, and the size of accset is
        -: 1401: *  given by *nacc_addr.  t may be subjected to reallocation if it is not
        -: 1402: *  large enough to hold the epsilon closure.
        -: 1403: *
        -: 1404: *  hashval is the hash value for the dfa corresponding to the state set.
        -: 1405: */
        -: 1406:
function epsclosure called 22265 returned 100% blocks executed 70%
    22265: 1407:int *epsclosure( t, ns_addr, accset, nacc_addr, hv_addr )
        -: 1408:int *t, *ns_addr, accset[], *nacc_addr, *hv_addr;
        -: 1409:	{
        -: 1410:	register int stkpos, ns, tsp;
    22265: 1411:	int numstates = *ns_addr, nacc, hashval, transsym, nfaccnum;
        -: 1412:	int stkend, nstate;
        -: 1413:	static int did_stk_init = false, *stk; 
        -: 1414:
        -: 1415:#define MARK_STATE(state) \
        -: 1416:trans1[state] = trans1[state] - MARKER_DIFFERENCE;
        -: 1417:
        -: 1418:#define IS_MARKED(state) (trans1[state] < 0)
        -: 1419:
        -: 1420:#define UNMARK_STATE(state) \
        -: 1421:trans1[state] = trans1[state] + MARKER_DIFFERENCE;
        -: 1422:
        -: 1423:#define CHECK_ACCEPT(state) \
        -: 1424:{ \
        -: 1425:nfaccnum = accptnum[state]; \
        -: 1426:if ( nfaccnum != NIL ) \
        -: 1427:accset[++nacc] = nfaccnum; \
        -: 1428:}
        -: 1429:
        -: 1430:#define DO_REALLOCATION \
        -: 1431:{ \
        -: 1432:current_max_dfa_size += MAX_DFA_SIZE_INCREMENT; \
        -: 1433:++num_reallocs; \
        -: 1434:t = reallocate_integer_array( t, current_max_dfa_size ); \
        -: 1435:stk = reallocate_integer_array( stk, current_max_dfa_size ); \
        -: 1436:} \
        -: 1437:
        -: 1438:#define PUT_ON_STACK(state) \
        -: 1439:{ \
        -: 1440:if ( ++stkend >= current_max_dfa_size ) \
        -: 1441:DO_REALLOCATION \
        -: 1442:stk[stkend] = state; \
        -: 1443:MARK_STATE(state) \
        -: 1444:}
        -: 1445:
        -: 1446:#define ADD_STATE(state) \
        -: 1447:{ \
        -: 1448:if ( ++numstates >= current_max_dfa_size ) \
        -: 1449:DO_REALLOCATION \
        -: 1450:t[numstates] = state; \
        -: 1451:hashval += state; \
        -: 1452:}
        -: 1453:
        -: 1454:#define STACK_STATE(state) \
        -: 1455:{ \
        -: 1456:PUT_ON_STACK(state) \
        -: 1457:CHECK_ACCEPT(state) \
        -: 1458:if ( nfaccnum != NIL || transchar[state] != SYM_EPSILON ) \
        -: 1459:ADD_STATE(state) \
        -: 1460:}
        -: 1461:
        -: 1462:
    22265: 1463:	if ( ! did_stk_init )
branch  0 taken 541 (fallthrough)
branch  1 taken 21724
        -: 1464:		{
      541: 1465:		stk = allocate_integer_array( current_max_dfa_size );
call    0 returned 541
      541: 1466:		did_stk_init = true;
        -: 1467:		}
        -: 1468:
    22265: 1469:	nacc = stkend = hashval = 0;
        -: 1470:
    62070: 1471:	for ( nstate = 1; nstate <= numstates; ++nstate )
branch  0 taken 39805
branch  1 taken 22265 (fallthrough)
        -: 1472:		{
    39805: 1473:		ns = t[nstate];
        -: 1474:
        -: 1475:		/* The state could be marked if we've already pushed it onto
        -: 1476:		 * the stack.
        -: 1477:		 */
    39805: 1478:		if ( ! IS_MARKED(ns) )
branch  0 taken 39805 (fallthrough)
branch  1 taken 0
        -: 1479:			{
   39805*: 1480:			PUT_ON_STACK(ns)
branch  0 taken 0 (fallthrough)
branch  1 taken 39805
call    2 never executed
call    3 never executed
    39805: 1481:			CHECK_ACCEPT(ns)
branch  0 taken 19860 (fallthrough)
branch  1 taken 19945
    39805: 1482:			hashval += ns;
        -: 1483:			}
        -: 1484:		}
        -: 1485:
   110131: 1486:	for ( stkpos = 1; stkpos <= stkend; ++stkpos )
branch  0 taken 87866
branch  1 taken 22265 (fallthrough)
        -: 1487:		{
    87866: 1488:		ns = stk[stkpos];
    87866: 1489:		transsym = transchar[ns];
        -: 1490:
    87866: 1491:		if ( transsym == SYM_EPSILON )
branch  0 taken 57144 (fallthrough)
branch  1 taken 30722
        -: 1492:			{
    57144: 1493:			tsp = trans1[ns] + MARKER_DIFFERENCE;
        -: 1494:
    57144: 1495:			if ( tsp != NO_TRANSITION )
branch  0 taken 27282 (fallthrough)
branch  1 taken 29862
        -: 1496:				{
    27282: 1497:				if ( ! IS_MARKED(tsp) )
branch  0 taken 27282 (fallthrough)
branch  1 taken 0
   27282*: 1498:					STACK_STATE(tsp)
branch  0 taken 0 (fallthrough)
branch  1 taken 27282
call    2 never executed
call    3 never executed
branch  4 taken 0 (fallthrough)
branch  5 taken 27282
branch  6 taken 27282 (fallthrough)
branch  7 taken 0
branch  8 taken 17728 (fallthrough)
branch  9 taken 9554
branch 10 taken 0 (fallthrough)
branch 11 taken 17728
call   12 never executed
call   13 never executed
        -: 1499:
    27282: 1500:				tsp = trans2[ns];
        -: 1501:
    27282: 1502:				if ( tsp != NO_TRANSITION && ! IS_MARKED(tsp) )
branch  0 taken 20780 (fallthrough)
branch  1 taken 6502
branch  2 taken 20779 (fallthrough)
branch  3 taken 1
   20779*: 1503:					STACK_STATE(tsp)
branch  0 taken 0 (fallthrough)
branch  1 taken 20779
call    2 never executed
call    3 never executed
branch  4 taken 9661 (fallthrough)
branch  5 taken 11118
branch  6 taken 11118 (fallthrough)
branch  7 taken 9661
branch  8 taken 5846 (fallthrough)
branch  9 taken 5272
branch 10 taken 0 (fallthrough)
branch 11 taken 15507
call   12 never executed
call   13 never executed
        -: 1504:				}
        -: 1505:			}
        -: 1506:		}
        -: 1507:
        -: 1508:	/* Clear out "visit" markers. */
        -: 1509:
   110131: 1510:	for ( stkpos = 1; stkpos <= stkend; ++stkpos )
branch  0 taken 87866
branch  1 taken 22265 (fallthrough)
        -: 1511:		{
    87866: 1512:		if ( IS_MARKED(stk[stkpos]) )
branch  0 taken 87866 (fallthrough)
branch  1 taken 0
    87866: 1513:			UNMARK_STATE(stk[stkpos])
        -: 1514:		else
    #####: 1515:			flexfatal( "consistency check failed in epsclosure()" );
call    0 never executed
        -: 1516:		}
        -: 1517:
    22265: 1518:	*ns_addr = numstates;
    22265: 1519:	*hv_addr = hashval;
    22265: 1520:	*nacc_addr = nacc;
        -: 1521:
    22265: 1522:	return t;
        -: 1523:	}
        -: 1524:
        -: 1525:
[...]
    #####:11347:			b->yy_ch_buf = (char *)
    #####:11348:				yy_flex_realloc( (void *) b->yy_ch_buf,
call    0 never executed
        -:11349:						 b->yy_buf_size );
        -:11350:
    #####:11351:			if ( ! b->yy_ch_buf )
branch  0 never executed
branch  1 never executed
    #####:11352:				YY_FATAL_ERROR(
call    0 never executed
        -:11353:				"fatal error - scanner input buffer overflow" );
        -:11354:
    #####:11355:			yy_c_buf_p = &b->yy_ch_buf[yy_c_buf_p_offset];
        -:11356:
    #####:11357:			num_to_read = yy_current_buffer->yy_buf_size -
        -:11358:						number_to_move - 1;
        -:11359:#endif
        -:11360:			}
        -:11361:
     1094:11362:		if ( num_to_read > YY_READ_BUF_SIZE )
branch  0 taken 1094 (fallthrough)
branch  1 taken 0
     1094:11363:			num_to_read = YY_READ_BUF_SIZE;
        -:11364:
        -:11365:		/* Read in more data. */
    1094*:11366:		YY_INPUT( (&yy_current_buffer->yy_ch_buf[number_to_move]),
branch  0 taken 0 (fallthrough)
branch  1 taken 1094
call    2 never executed
call    3 returned 1094
branch  4 taken 544 (fallthrough)
branch  5 taken 550
call    6 returned 544
branch  7 taken 0 (fallthrough)
branch  8 taken 544
call    9 never executed
        -:11367:			yy_n_chars, num_to_read );
        -:11368:		}
        -:11369:
     1534:11370:	if ( yy_n_chars == 0 )
branch  0 taken 984 (fallthrough)
branch  1 taken 550
        -:11371:		{
      984:11372:		if ( number_to_move - YY_MORE_ADJ == 1 )
branch  0 taken 544 (fallthrough)
branch  1 taken 440
        -:11373:			{
      544:11374:			ret_val = EOB_ACT_END_OF_FILE;
      544:11375:			yyrestart( yyin );
call    0 returned 544
        -:11376:			}
        -:11377:
        -:11378:		else
        -:11379:			{
      440:11380:			ret_val = EOB_ACT_LAST_MATCH;
      440:11381:			yy_current_buffer->yy_eof_status = EOF_PENDING;
        -:11382:			}
        -:11383:		}
        -:11384:
        -:11385:	else
      550:11386:		ret_val = EOB_ACT_CONTINUE_SCAN;
        -:11387:
     1534:11388:	yy_n_chars += number_to_move;
     1534:11389:	yy_current_buffer->yy_ch_buf[yy_n_chars] = YY_END_OF_BUFFER_CHAR;
     1534:11390:	yy_current_buffer->yy_ch_buf[yy_n_chars + 1] = YY_END_OF_BUFFER_CHAR;
        -:11391:
        -:11392:	/* yytext begins at the second character in yy_ch_buf; the first
        -:11393:	 * character is the one which preceded it before reading in the latest
        -:11394:	 * buffer; it needs to be kept around in case it's a newline, so
        -:11395:	 * yy_get_previous_state() will have with '^' rules active.
        -:11396:	 */
        -:11397:
     1534:11398:	yytext_ptr = &yy_current_buffer->yy_ch_buf[1];
        -:11399:
     1534:11400:	return ret_val;
        -:11401:	}
        -:11402:
        -:11403:
        -:11404:/* yy_get_previous_state - get the state just before the EOB char was reached */
        -:11405:
function yy_get_previous_state called 990 returned 100% blocks executed 88%
      990:11406:static yy_state_type yy_get_previous_state()
        -:11407:	{
        -:11408:	register yy_state_type yy_current_state;
        -:11409:	register char *yy_cp;
        -:11410:
      990:11411:	register char *yy_bp = yytext_ptr;
        -:11412:
      990:11413:	yy_current_state = yy_start;
      990:11414:	if ( yy_bp[-1] == '\n' )
branch  0 taken 563 (fallthrough)
branch  1 taken 427
      563:11415:		++yy_current_state;
        -:11416:
     1430:11417:	for ( yy_cp = yytext_ptr + YY_MORE_ADJ; yy_cp < yy_c_buf_p; ++yy_cp )
branch  0 taken 440
branch  1 taken 990 (fallthrough)
        -:11418:		{
     440*:11419:		register YY_CHAR yy_c = (*yy_cp ? yy_ec[(unsigned int) *yy_cp] : 1);
branch  0 taken 440 (fallthrough)
branch  1 taken 0
      440:11420:		if ( yy_accept[yy_current_state] )
branch  0 taken 1 (fallthrough)
branch  1 taken 439
        -:11421:			{
        1:11422:			yy_last_accepting_state = yy_current_state;
        1:11423:			yy_last_accepting_cpos = yy_cp;
        -:11424:			}
      449:11425:		while ( yy_chk[yy_base[yy_current_state] + yy_c] != yy_current_state )
branch  0 taken 9
branch  1 taken 440 (fallthrough)
        -:11426:			{
        9:11427:			yy_current_state = (int) yy_def[yy_current_state];
        9:11428:			if ( yy_current_state >= 408 )
branch  0 taken 0 (fallthrough)
branch  1 taken 9
    #####:11429:				yy_c = yy_meta[(unsigned int) yy_c];
        -:11430:			}
      440:11431:		yy_current_state = yy_nxt[yy_base[yy_current_state] + (unsigned int) yy_c];
        -:11432:		}
        -:11433:
      990:11434:	return yy_current_state;
        -:11435:	}
        -:11436:
        -:11437:
        -:11438:/* yy_try_NUL_trans - try to make a transition on the NUL character
        -:11439: *
        -:11440: * synopsis
        -:11441: *	next_state = yy_try_NUL_trans( current_state );
        -:11442: */
        -:11443:
        -:11444:#ifdef YY_USE_PROTOS
function yy_try_NUL_trans called 0 returned 0% blocks executed 0%
    #####:11445:static yy_state_type yy_try_NUL_trans( yy_state_type yy_current_state )
        -:11446:#else
        -:11447:static yy_state_type yy_try_NUL_trans( yy_current_state )
        -:11448:yy_state_type yy_current_state;
        -:11449:#endif
        -:11450:	{
        -:11451:	register int yy_is_jam;
    #####:11452:	register char *yy_cp = yy_c_buf_p;
        -:11453:
    #####:11454:	register YY_CHAR yy_c = 1;
    #####:11455:	if ( yy_accept[yy_current_state] )
branch  0 never executed
branch  1 never executed
        -:11456:		{
    #####:11457:		yy_last_accepting_state = yy_current_state;
    #####:11458:		yy_last_accepting_cpos = yy_cp;
        -:11459:		}
    #####:11460:	while ( yy_chk[yy_base[yy_current_state] + yy_c] != yy_current_state )
branch  0 never executed
branch  1 never executed
        -:11461:		{
    #####:11462:		yy_current_state = (int) yy_def[yy_current_state];
    #####:11463:		if ( yy_current_state >= 408 )
branch  0 never executed
branch  1 never executed
    #####:11464:			yy_c = yy_meta[(unsigned int) yy_c];
        -:11465:		}
    #####:11466:	yy_current_state = yy_nxt[yy_base[yy_current_state] + (unsigned int) yy_c];
    #####:11467:	yy_is_jam = (yy_current_state == 407);
        -:11468:
    #####:11469:	return yy_is_jam ? 0 : yy_current_state;
branch  0 never executed
branch  1 never executed
        -:11470:	}
        -:11471:
        -:11472:
        -:11473:#ifdef YY_USE_PROTOS
function yyunput called 3887 returned 100% blocks executed 50%
     3887:11474:static void yyunput( int c, register char *yy_bp )
        -:11475:#else
        -:11476:static void yyunput( c, yy_bp )
        -:11477:int c;
        -:11478:register char *yy_bp;
        -:11479:#endif
        -:11480:	{
     3887:11481:	register char *yy_cp = yy_c_buf_p;
        -:11482:
        -:11483:	/* undo effects of setting up yytext */
     3887:11484:	*yy_cp = yy_hold_char;
        -:11485:
     3887:11486:	if ( yy_cp < yy_current_buffer->yy_ch_buf + 2 )
branch  0 taken 0 (fallthrough)
branch  1 taken 3887
        -:11487:		{ /* need to shift things up to make room */
        -:11488:		/* +2 for EOB chars. */
    #####:11489:		register int number_to_move = yy_n_chars + 2;
    #####:11490:		register char *dest = &yy_current_buffer->yy_ch_buf[
    #####:11491:					yy_current_buffer->yy_buf_size + 2];
    #####:11492:		register char *source =
    #####:11493:				&yy_current_buffer->yy_ch_buf[number_to_move];
        -:11494:
    #####:11495:		while ( source > yy_current_buffer->yy_ch_buf )
branch  0 never executed
branch  1 never executed
    #####:11496:			*--dest = *--source;
        -:11497:
    #####:11498:		yy_cp += dest - source;
    #####:11499:		yy_bp += dest - source;
    #####:11500:		yy_n_chars = yy_current_buffer->yy_buf_size;
        -:11501:
    #####:11502:		if ( yy_cp < yy_current_buffer->yy_ch_buf + 2 )
branch  0 never executed
branch  1 never executed
    #####:11503:			YY_FATAL_ERROR( "flex scanner push-back overflow" );
call    0 never executed
        -:11504:		}
        -:11505:
     3887:11506:	if ( yy_cp > yy_bp && yy_cp[-1] == '\n' )
branch  0 taken 2589 (fallthrough)
branch  1 taken 1298
branch  2 taken 9 (fallthrough)
branch  3 taken 2580
        9:11507:		yy_cp[-2] = '\n';
        -:11508:
     3887:11509:	*--yy_cp = (char) c;
        -:11510:
        -:11511:
        -:11512:	/* Note: the formal parameter *must* be called "yy_bp" for this
        -:11513:	 * macro to now work correctly.
        -:11514:	 */
     3887:11515:	YY_DO_BEFORE_ACTION; /* set up yytext again */
     3887:11516:	}
        -:11517:
        -:11518:
        -:11519:#ifdef __cplusplus
        -:11520:static int yyinput()
        -:11521:#else
function input called 222 returned 100% blocks executed 20%
      222:11522:static int input()
        -:11523:#endif
        -:11524:	{
        -:11525:	int c;
        -:11526:
      222:11527:	*yy_c_buf_p = yy_hold_char;
        -:11528:
      222:11529:	if ( *yy_c_buf_p == YY_END_OF_BUFFER_CHAR )
branch  0 taken 0 (fallthrough)
branch  1 taken 222
        -:11530:		{
        -:11531:		/* yy_c_buf_p now points to the character we want to return.
        -:11532:		 * If this occurs *before* the EOB characters, then it's a
        -:11533:		 * valid NUL; if not, then we've hit the end of the buffer.
        -:11534:		 */
    #####:11535:		if ( yy_c_buf_p < &yy_current_buffer->yy_ch_buf[yy_n_chars] )
branch  0 never executed
branch  1 never executed
        -:11536:			/* This was really a NUL. */
    #####:11537:			*yy_c_buf_p = '\0';
        -:11538:
        -:11539:		else
        -:11540:			{ /* need more input */
    #####:11541:			yytext_ptr = yy_c_buf_p;
    #####:11542:			++yy_c_buf_p;
        -:11543:
    #####:11544:			switch ( yy_get_next_buffer() )
call    0 never executed
branch  1 never executed
branch  2 never executed
branch  3 never executed
branch  4 never executed
        -:11545:				{
    #####:11546:				case EOB_ACT_END_OF_FILE:
        -:11547:					{
    #####:11548:					if ( yywrap() )
call    0 never executed
branch  1 never executed
branch  2 never executed
        -:11549:						{
    #####:11550:						yy_c_buf_p =
        -:11551:						yytext_ptr + YY_MORE_ADJ;
    #####:11552:						return EOF;
        -:11553:						}
        -:11554:
    #####:11555:					YY_NEW_FILE;
call    0 never executed
        -:11556:#ifdef __cplusplus
        -:11557:					return yyinput();
        -:11558:#else
    #####:11559:					return input();
call    0 never executed
        -:11560:#endif
        -:11561:					}
        -:11562:
    #####:11563:				case EOB_ACT_CONTINUE_SCAN:
    #####:11564:					yy_c_buf_p = yytext_ptr + YY_MORE_ADJ;
    #####:11565:					break;
        -:11566:
    #####:11567:				case EOB_ACT_LAST_MATCH:
        -:11568:#ifdef __cplusplus
        -:11569:					YY_FATAL_ERROR(
        -:11570:					"unexpected last match in yyinput()" );
        -:11571:#else
    #####:11572:					YY_FATAL_ERROR(
call    0 never executed
        -:11573:					"unexpected last match in input()" );
        -:11574:#endif
        -:11575:				}
        -:11576:			}
        -:11577:		}
        -:11578:
      222:11579:	c = *yy_c_buf_p;
      222:11580:	*yy_c_buf_p = '\0';	/* preserve yytext */
      222:11581:	yy_hold_char = *++yy_c_buf_p;
        -:11582:
      222:11583:	return c;
        -:11584:	}
        -:11585:
        -:11586:
        -:11587:#ifdef YY_USE_PROTOS
function yyrestart called 545 returned 100% blocks executed 67%
      545:11588:void yyrestart( FILE *input_file )
        -:11589:#else
        -:11590:void yyrestart( input_file )
        -:11591:FILE *input_file;
        -:11592:#endif
        -:11593:	{
      545:11594:	if ( ! yy_current_buffer )
branch  0 taken 0 (fallthrough)
branch  1 taken 545
    #####:11595:		yy_current_buffer = yy_create_buffer( yyin, YY_BUF_SIZE );
call    0 never executed
        -:11596:
      545:11597:	yy_init_buffer( yy_current_buffer, input_file );
call    0 returned 545
      545:11598:	yy_load_buffer_state();
call    0 returned 545
      545:11599:	}
        -:11600:
        -:11601:
        -:11602:#ifdef YY_USE_PROTOS
function yy_switch_to_buffer called 0 returned 0% blocks executed 0%
    #####:11603:void yy_switch_to_buffer( YY_BUFFER_STATE new_buffer )
        -:11604:#else
        -:11605:void yy_switch_to_buffer( new_buffer )
        -:11606:YY_BUFFER_STATE new_buffer;
        -:11607:#endif
        -:11608:	{
    #####:11609:	if ( yy_current_buffer == new_buffer )
branch  0 never executed
branch  1 never executed
    #####:11610:		return;
        -:11611:
    #####:11612:	if ( yy_current_buffer )
branch  0 never executed
branch  1 never executed
        -:11613:		{
        -:11614:		/* Flush out information for old buffer. */
    #####:11615:		*yy_c_buf_p = yy_hold_char;
    #####:11616:		yy_current_buffer->yy_buf_pos = yy_c_buf_p;
    #####:11617:		yy_current_buffer->yy_n_chars = yy_n_chars;
        -:11618:		}
        -:11619:
    #####:11620:	yy_current_buffer = new_buffer;
    #####:11621:	yy_load_buffer_state();
call    0 never executed
        -:11622:
        -:11623:	/* We don't actually know whether we did this switch during
        -:11624:	 * EOF (yywrap()) processing, but the only time this flag
        -:11625:	 * is looked at is after yywrap() is called, so it's safe
        -:11626:	 * to go ahead and always set it.
        -:11627:	 */
    #####:11628:	yy_did_buffer_switch_on_eof = 1;
        -:11629:	}
        -:11630:
        -:11631:
        -:11632:#ifdef YY_USE_PROTOS
function yy_load_buffer_state called 1094 returned 100% blocks executed 100%
     1094:11633:void yy_load_buffer_state( void )
        -:11634:#else
        -:11635:void yy_load_buffer_state()
        -:11636:#endif
        -:11637:	{
     1094:11638:	yy_n_chars = yy_current_buffer->yy_n_chars;
     1094:11639:	yytext_ptr = yy_c_buf_p = yy_current_buffer->yy_buf_pos;
     1094:11640:	yyin = yy_current_buffer->yy_input_file;
     1094:11641:	yy_hold_char = *yy_c_buf_p;
     1094:11642:	}
        -:11643:
        -:11644:
        -:11645:#ifdef YY_USE_PROTOS
function yy_create_buffer called 549 returned 100% blocks executed 78%
      549:11646:YY_BUFFER_STATE yy_create_buffer( FILE *file, int size )
        -:11647:#else
        -:11648:YY_BUFFER_STATE yy_create_buffer( file, size )
        -:11649:FILE *file;
        -:11650:int size;
        -:11651:#endif
        -:11652:	{
        -:11653:	YY_BUFFER_STATE b;
        -:11654:
      549:11655:	b = (YY_BUFFER_STATE) yy_flex_alloc( sizeof( struct yy_buffer_state ) );
call    0 returned 549
        -:11656:
      549:11657:	if ( ! b )
branch  0 taken 0 (fallthrough)
branch  1 taken 549
    #####:11658:		YY_FATAL_ERROR( "out of dynamic memory in yy_create_buffer()" );
call    0 never executed
        -:11659:
      549:11660:	b->yy_buf_size = size;
        -:11661:
        -:11662:	/* yy_ch_buf has to be 2 characters longer than the size given because
        -:11663:	 * we need to put in 2 end-of-buffer characters.
        -:11664:	 */
      549:11665:	b->yy_ch_buf = (char *) yy_flex_alloc( b->yy_buf_size + 2 );
call    0 returned 549
        -:11666:
      549:11667:	if ( ! b->yy_ch_buf )
branch  0 taken 0 (fallthrough)
branch  1 taken 549
    #####:11668:		YY_FATAL_ERROR( "out of dynamic memory in yy_create_buffer()" );
call    0 never executed
        -:11669:
      549:11670:	yy_init_buffer( b, file );
call    0 returned 549
        -:11671:
      549:11672:	return b;
        -:11673:	}
        -:11674:
        -:11675:
        -:11676:#ifdef YY_USE_PROTOS
function yy_delete_buffer called 0 returned 0% blocks executed 0%
    #####:11677:void yy_delete_buffer( YY_BUFFER_STATE b )
        -:11678:#else
        -:11679:void yy_delete_buffer( b )
        -:11680:YY_BUFFER_STATE b;
        -:11681:#endif
        -:11682:	{
    #####:11683:	if ( b == yy_current_buffer )
branch  0 never executed
branch  1 never executed
    #####:11684:		yy_current_buffer = (YY_BUFFER_STATE) 0;
        -:11685:
    #####:11686:	yy_flex_free( (void *) b->yy_ch_buf );
call    0 never executed
    #####:11687:	yy_flex_free( (void *) b );
call    0 never executed
    #####:11688:	}
        -:11689:
        -:11690:
        -:11691:#ifdef YY_USE_PROTOS
function yy_init_buffer called 1094 returned 100% blocks executed 80%
     1094:11692:void yy_init_buffer( YY_BUFFER_STATE b, FILE *file )
        -:11693:#else
        -:11694:void yy_init_buffer( b, file )
        -:11695:YY_BUFFER_STATE b;
        -:11696:FILE *file;
        -:11697:#endif
        -:11698:	{
     1094:11699:	b->yy_input_file = file;
        -:11700:
        -:11701:	/* We put in the '\n' and start reading from [1] so that an
        -:11702:	 * initial match-at-newline will be true.
        -:11703:	 */
        -:11704:
     1094:11705:	b->yy_ch_buf[0] = '\n';
     1094:11706:	b->yy_n_chars = 1;
        -:11707:
        -:11708:	/* We always need two end-of-buffer characters.  The first causes
        -:11709:	 * a transition to the end-of-buffer state.  The second causes
        -:11710:	 * a jam in that state.
        -:11711:	 */
     1094:11712:	b->yy_ch_buf[1] = YY_END_OF_BUFFER_CHAR;
     1094:11713:	b->yy_ch_buf[2] = YY_END_OF_BUFFER_CHAR;
        -:11714:
     1094:11715:	b->yy_buf_pos = &b->yy_ch_buf[1];
        -:11716:
    1094*:11717:	b->is_interactive = file ? isatty( fileno(file) ) : 0;
branch  0 taken 1094 (fallthrough)
branch  1 taken 0
call    2 returned 1094
call    3 returned 1094
        -:11718:
     1094:11719:	b->yy_eof_status = EOF_NOT_SEEN;
     1094:11720:	}
        -:11721:
        -:11722:
        -:11723:#ifdef YY_USE_PROTOS
function yy_fatal_error called 0 returned 0% blocks executed 0%
    #####:11724:static void yy_fatal_error( const char msg[] )
        -:11725:#else
        -:11726:static void yy_fatal_error( msg )
        -:11727:char msg[];
        -:11728:#endif
        -:11729:	{
    #####:11730:	(void) fprintf( err, "%s\n", msg );
call    0 never executed
    #####:11731:	exit( 1 );
        -:11732:	}
        -:11733:
        -:11734:
        -:11735:/* Redefine yyless() so it works in section 3 code. */
        -:11736:
        -:11737:#undef yyless
        -:11738:#define yyless(n) \
        -:11739:	do \
        -:11740:		{ \
        -:11741:		/* Undo effects of setting up yytext. */ \
        -:11742:		yytext[yyleng] = yy_hold_char; \
        -:11743:		yy_c_buf_p = yytext + n - YY_MORE_ADJ; \
        -:11744:		yy_hold_char = *yy_c_buf_p; \
        -:11745:		*yy_c_buf_p = '\0'; \
        -:11746:		yyleng = n; \
        -:11747:		} \
        -:11748:	while ( 0 )
        -:11749:
        -:11750:
        -:11751:
function yywrap called 544 returned 100% blocks executed 100%
      544:11752:int yywrap()
        -:11753:	{
      544:11754:	if ( --num_input_files > 0 )
branch  0 taken 1 (fallthrough)
branch  1 taken 543
        -:11755:		{
        1:11756:		set_input_file( *++input_files );
call    0 returned 1
        1:11757:		return 0;
        -:11758:		}
        -:11759:
        -:11760:	else
      543:11761:		return 1;
        -:11762:	}
        -:11763:
        -:11764:
        -:11765:/* set_input_file - open the given file (if NULL, stdin) for scanning */
        -:11766:
function set_input_file called 552 returned 100% blocks executed 83%
      552:11767:void set_input_file( file )
        -:11768:char *file;
        -:11769:	{
      552:11770:	if ( file )
branch  0 taken 552 (fallthrough)
branch  1 taken 0
        -:11771:		{
      552:11772:		infilename = file;
      552:11773:		yyin = fopen( infilename, "r" );
call    0 returned 552
        -:11774:
      552:11775:		if ( yyin == NULL )
branch  0 taken 1 (fallthrough)
branch  1 taken 551
        1:11776:			lerrsf( "can't open %s", file );
call    0 returned 0
        -:11777:		}
        -:11778:
        -:11779:	else
        -:11780:		{
    #####:11781:		yyin = stdin;
    #####:11782:		infilename = "<stdin>";
        -:11783:		}
      551:11784:	}
