        -:    0:Source:regexec.c
        -:    0:Graph:sed.gcno
        -:    0:Data:sed.gcda
        -:    0:Runs:370
        -:    1:/* Extended regular expression matching and search library.
        -:    2:   Copyright (C) 2002 Free Software Foundation, Inc.
        -:    3:   This file is part of the GNU C Library.
        -:    4:   Contributed by Isamu Hasegawa <isamu@yamato.ibm.com>.
        -:    5:
        -:    6:   The GNU C Library is free software; you can redistribute it and/or
        -:    7:   modify it under the terms of the GNU Lesser General Public
        -:    8:   License as published by the Free Software Foundation; either
        -:    9:   version 2.1 of the License, or (at your option) any later version.
        -:   10:
        -:   11:   The GNU C Library is distributed in the hope that it will be useful,
        -:   12:   but WITHOUT ANY WARRANTY; without even the implied warranty of
        -:   13:   MERCHANTABILITY or FITNESS FOR A PARTICULAR PURPOSE.  See the GNU
        -:   14:   Lesser General Public License for more details.
        -:   15:
        -:   16:   You should have received a copy of the GNU Lesser General Public
        -:   17:   License along with the GNU C Library; if not, write to the Free
        -:   18:   Software Foundation, Inc., 59 Temple Place, Suite 330, Boston, MA
        -:   19:   02111-1307 USA.  */
        -:   20:
        -:   21:static reg_errcode_t match_ctx_init (re_match_context_t *cache, int eflags,
        -:   22:				     re_string_t *input, int n);
        -:   23:static void match_ctx_free (re_match_context_t *cache);
        -:   24:static reg_errcode_t match_ctx_add_entry (re_match_context_t *cache, int node,
        -:   25:					  int str_idx, int from, int to,
        -:   26:					  re_sub_match_top_t *top,
        -:   27:					  re_sub_match_last_t *last);
        -:   28:static int search_cur_bkref_entry (re_match_context_t *mctx, int str_idx);
        -:   29:static void match_ctx_clear_flag (re_match_context_t *mctx);
        -:   30:static reg_errcode_t match_ctx_add_subtop (re_match_context_t *mctx, int node,
        -:   31:					   int str_idx);
        -:   32:static re_sub_match_last_t * match_ctx_add_sublast (re_sub_match_top_t *subtop,
        -:   33:						   int node, int str_idx);
        -:   34:static void sift_ctx_init (re_sift_context_t *sctx, re_dfastate_t **sifted_sts,
        -:   35:			   re_dfastate_t **limited_sts, int last_node,
        -:   36:			   int last_str_idx, int check_subexp);
        -:   37:static int re_search_2_stub (struct re_pattern_buffer *bufp,
        -:   38:			     const char *string1, int length1,
        -:   39:			     const char *string2, int length2,
        -:   40:			     int start, int range, struct re_registers *regs,
        -:   41:			     int stop, int ret_len);
        -:   42:static int re_search_stub (struct re_pattern_buffer *bufp,
        -:   43:			   const char *string, int length, int start,
        -:   44:			   int range, int stop, struct re_registers *regs,
        -:   45:			   int ret_len);
        -:   46:static unsigned re_copy_regs (struct re_registers *regs, regmatch_t *pmatch,
        -:   47:			      int nregs, int regs_allocated);
        -:   48:static inline re_dfastate_t *acquire_init_state_context (reg_errcode_t *err,
        -:   49:							 const regex_t *preg,
        -:   50:							 const re_match_context_t *mctx,
        -:   51:							 int idx);
        -:   52:static reg_errcode_t prune_impossible_nodes (const regex_t *preg,
        -:   53:					     re_match_context_t *mctx);
        -:   54:static int check_matching (const regex_t *preg, re_match_context_t *mctx,
        -:   55:			   int fl_search, int fl_longest_match);
        -:   56:static int check_halt_node_context (const re_dfa_t *dfa, int node,
        -:   57:				    unsigned int context);
        -:   58:static int check_halt_state_context (const regex_t *preg,
        -:   59:				     const re_dfastate_t *state,
        -:   60:				     const re_match_context_t *mctx, int idx);
        -:   61:static void update_regs (re_dfa_t *dfa, regmatch_t *pmatch, int cur_node,
        -:   62:			 int cur_idx, int nmatch);
        -:   63:static int proceed_next_node (const regex_t *preg, int nregs, regmatch_t *regs,
        -:   64:			      const re_match_context_t *mctx,
        -:   65:			      int *pidx, int node, re_node_set *eps_via_nodes,
        -:   66:			      struct re_fail_stack_t *fs);
        -:   67:static reg_errcode_t push_fail_stack (struct re_fail_stack_t *fs,
        -:   68:				      int str_idx, int *dests, int nregs,
        -:   69:				      regmatch_t *regs,
        -:   70:				      re_node_set *eps_via_nodes);
        -:   71:static int pop_fail_stack (struct re_fail_stack_t *fs, int *pidx, int nregs,
        -:   72:			   regmatch_t *regs, re_node_set *eps_via_nodes);
        -:   73:static reg_errcode_t set_regs (const regex_t *preg,
        -:   74:			       const re_match_context_t *mctx,
        -:   75:			       size_t nmatch, regmatch_t *pmatch,
        -:   76:			       int fl_backtrack);
        -:   77:static reg_errcode_t free_fail_stack_return (struct re_fail_stack_t *fs);
        -:   78:
        -:   79:#ifdef RE_ENABLE_I18N
        -:   80:static int sift_states_iter_mb (const regex_t *preg,
        -:   81:				const re_match_context_t *mctx,
        -:   82:				re_sift_context_t *sctx,
        -:   83:				int node_idx, int str_idx, int max_str_idx);
        -:   84:#endif /* RE_ENABLE_I18N */
        -:   85:static reg_errcode_t sift_states_backward (const regex_t *preg,
        -:   86:					   re_match_context_t *mctx,
        -:   87:					   re_sift_context_t *sctx);
        -:   88:static reg_errcode_t update_cur_sifted_state (const regex_t *preg,
        -:   89:					      re_match_context_t *mctx,
        -:   90:					      re_sift_context_t *sctx,
        -:   91:					      int str_idx,
        -:   92:					      re_node_set *dest_nodes);
        -:   93:static reg_errcode_t add_epsilon_src_nodes (re_dfa_t *dfa,
        -:   94:					    re_node_set *dest_nodes,
        -:   95:					    const re_node_set *candidates);
        -:   96:static reg_errcode_t sub_epsilon_src_nodes (re_dfa_t *dfa, int node,
        -:   97:					    re_node_set *dest_nodes,
        -:   98:					    const re_node_set *and_nodes);
        -:   99:static int check_dst_limits (re_dfa_t *dfa, re_node_set *limits,
        -:  100:			     re_match_context_t *mctx, int dst_node,
        -:  101:			     int dst_idx, int src_node, int src_idx);
        -:  102:static int check_dst_limits_calc_pos (re_dfa_t *dfa, re_match_context_t *mctx,
        -:  103:				      int limit, re_node_set *eclosures,
        -:  104:				      int subexp_idx, int node, int str_idx);
        -:  105:static reg_errcode_t check_subexp_limits (re_dfa_t *dfa,
        -:  106:					  re_node_set *dest_nodes,
        -:  107:					  const re_node_set *candidates,
        -:  108:					  re_node_set *limits,
        -:  109:					  struct re_backref_cache_entry *bkref_ents,
        -:  110:					  int str_idx);
        -:  111:static reg_errcode_t sift_states_bkref (const regex_t *preg,
        -:  112:					re_match_context_t *mctx,
        -:  113:					re_sift_context_t *sctx,
        -:  114:					int str_idx, re_node_set *dest_nodes);
        -:  115:static reg_errcode_t clean_state_log_if_need (re_match_context_t *mctx,
        -:  116:					      int next_state_log_idx);
        -:  117:static reg_errcode_t merge_state_array (re_dfa_t *dfa, re_dfastate_t **dst,
        -:  118:					re_dfastate_t **src, int num);
        -:  119:static re_dfastate_t *transit_state (reg_errcode_t *err, const regex_t *preg,
        -:  120:				     re_match_context_t *mctx,
        -:  121:				     re_dfastate_t *state, int fl_search);
        -:  122:static reg_errcode_t check_subexp_matching_top (re_dfa_t *dfa,
        -:  123:						re_match_context_t *mctx,
        -:  124:						re_node_set *cur_nodes,
        -:  125:						int str_idx);
        -:  126:static re_dfastate_t *transit_state_sb (reg_errcode_t *err, const regex_t *preg,
        -:  127:					re_dfastate_t *pstate,
        -:  128:					int fl_search,
        -:  129:					re_match_context_t *mctx);
        -:  130:#ifdef RE_ENABLE_I18N
        -:  131:static reg_errcode_t transit_state_mb (const regex_t *preg,
        -:  132:				       re_dfastate_t *pstate,
        -:  133:				       re_match_context_t *mctx);
        -:  134:#endif /* RE_ENABLE_I18N */
        -:  135:static reg_errcode_t transit_state_bkref (const regex_t *preg,
        -:  136:					  re_dfastate_t *pstate,
        -:  137:					  re_match_context_t *mctx);
        -:  138:static reg_errcode_t transit_state_bkref_loop (const regex_t *preg,
        -:  139:					       re_node_set *nodes,
        -:  140:					       re_match_context_t *mctx);
        -:  141:static reg_errcode_t get_subexp (const regex_t *preg, re_match_context_t *mctx,
        -:  142:				 int bkref_node,
        -:  143:				 int bkref_str_idx, int subexp_idx);
        -:  144:static reg_errcode_t get_subexp_sub (const regex_t *preg,
        -:  145:				     re_match_context_t *mctx,
        -:  146:				     re_sub_match_top_t *sub_top,
        -:  147:				     re_sub_match_last_t *sub_last,
        -:  148:				     int bkref_node, int bkref_str,
        -:  149:				     int subexp_idx);
        -:  150:static int find_subexp_node (re_dfa_t *dfa, re_node_set *nodes,
        -:  151:			     int subexp_idx, int fl_open);
        -:  152:static reg_errcode_t check_arrival (const regex_t *preg,
        -:  153:				    re_match_context_t *mctx,
        -:  154:				    re_sub_match_top_t *sub_top,
        -:  155:				    re_sub_match_last_t *sub_last,
        -:  156:				    int bkref_node, int bkref_str);
        -:  157:static reg_errcode_t expand_eclosures (re_dfa_t *dfa, re_node_set *cur_nodes,
        -:  158:				       int ex_subexp, int fl_open);
        -:  159:static reg_errcode_t expand_eclosures_sub (re_dfa_t *dfa, re_node_set *dst_nodes,
        -:  160:					   int target, int ex_subexp, int fl_open);
        -:  161:static reg_errcode_t expand_bkref_cache (const regex_t *preg,
        -:  162:					 re_match_context_t *mctx,
        -:  163:					 re_sub_match_top_t *sub_top,
        -:  164:					 re_sub_match_last_t *sub_last,
        -:  165:					 re_node_set *cur_nodes, int cur_str,
        -:  166:					 int last_str, int ex_subexp,
        -:  167:					 int fl_open);
        -:  168:static re_dfastate_t **build_trtable (const regex_t *dfa,
        -:  169:				      const re_dfastate_t *state,
        -:  170:				      int fl_search);
        -:  171:#ifdef RE_ENABLE_I18N
        -:  172:static int check_node_accept_bytes (const regex_t *preg, int node_idx,
        -:  173:				    const re_string_t *input, int idx);
        -:  174:# ifdef _LIBC
        -:  175:static unsigned int find_collation_sequence_value (const unsigned char *mbs,
        -:  176:						   size_t name_len);
        -:  177:# endif /* _LIBC */
        -:  178:#endif /* RE_ENABLE_I18N */
        -:  179:static int group_nodes_into_DFAstates (const regex_t *dfa,
        -:  180:				       const re_dfastate_t *state,
        -:  181:				       re_node_set *states_node,
        -:  182:				       bitset *states_ch);
        -:  183:static int check_node_accept (const regex_t *preg, const re_token_t *node,
        -:  184:			      const re_match_context_t *mctx, int idx);
        -:  185:static reg_errcode_t extend_buffers (re_match_context_t *mctx);
        -:  186:static inline int my_memcmp (char *s1, char *s2, unsigned int l);
        -:  187:
        -:  188:/* Entry point for POSIX code.  */
        -:  189:
        -:  190:/* regexec searches for a given pattern, specified by PREG, in the
        -:  191:   string STRING.
        -:  192:
        -:  193:   If NMATCH is zero or REG_NOSUB was set in the cflags argument to
        -:  194:   `regcomp', we ignore PMATCH.  Otherwise, we assume PMATCH has at
        -:  195:   least NMATCH elements, and we set them to the offsets of the
        -:  196:   corresponding matched substrings.
        -:  197:
        -:  198:   EFLAGS specifies `execution flags' which affect matching: if
        -:  199:   REG_NOTBOL is set, then ^ does not match at the beginning of the
        -:  200:   string; if REG_NOTEOL is set, then $ does not match at the end.
        -:  201:
        -:  202:   We return 0 if we find a match and REG_NOMATCH if not.  */
        -:  203:
        -:  204:int
function regexec called 0 returned 0% blocks executed 0%
    #####:  205:regexec (preg, string, nmatch, pmatch, eflags)
        -:  206:    const regex_t *__restrict preg;
        -:  207:    const char *__restrict string;
        -:  208:    size_t nmatch;
        -:  209:    regmatch_t pmatch[];
        -:  210:    int eflags;
        -:  211:{
        -:  212:  reg_errcode_t err;
    #####:  213:  int length = strlen (string);
    #####:  214:  if (preg->no_sub)
branch  0 never executed
branch  1 never executed
    #####:  215:    err = re_search_internal (preg, string, length, 0, length, length, 0,
call    0 never executed
        -:  216:			      NULL, eflags);
        -:  217:  else
    #####:  218:    err = re_search_internal (preg, string, length, 0, length, length, nmatch,
call    0 never executed
        -:  219:			      pmatch, eflags);
    #####:  220:  return err != REG_NOERROR;
        -:  221:}
        -:  222:#ifdef _LIBC
        -:  223:weak_alias (__regexec, regexec)
        -:  224:#endif
        -:  225:
        -:  226:/* Entry points for GNU code.  */
        -:  227:
        -:  228:/* re_match, re_search, re_match_2, re_search_2
        -:  229:
        -:  230:   The former two functions operate on STRING with length LENGTH,
        -:  231:   while the later two operate on concatenation of STRING1 and STRING2
        -:  232:   with lengths LENGTH1 and LENGTH2, respectively.
        -:  233:
        -:  234:   re_match() matches the compiled pattern in BUFP against the string,
        -:  235:   starting at index START.
        -:  236:
        -:  237:   re_search() first tries matching at index START, then it tries to match
        -:  238:   starting from index START + 1, and so on.  The last start position tried
        -:  239:   is START + RANGE.  (Thus RANGE = 0 forces re_search to operate the same
        -:  240:   way as re_match().)
        -:  241:
        -:  242:   The parameter STOP of re_{match,search}_2 specifies that no match exceeding
        -:  243:   the first STOP characters of the concatenation of the strings should be
        -:  244:   concerned.
        -:  245:
        -:  246:   If REGS is not NULL, and BUFP->no_sub is not set, the offsets of the match
        -:  247:   and all groups is stroed in REGS.  (For the "_2" variants, the offsets are
        -:  248:   computed relative to the concatenation, not relative to the individual
        -:  249:   strings.)
        -:  250:
        -:  251:   On success, re_match* functions return the length of the match, re_search*
        -:  252:   return the position of the start of the match.  Return value -1 means no
        -:  253:   match was found and -2 indicates an internal error.  */
        -:  254:
        -:  255:int
function re_match called 0 returned 0% blocks executed 0%
    #####:  256:re_match (bufp, string, length, start, regs)
        -:  257:    struct re_pattern_buffer *bufp;
        -:  258:    const char *string;
        -:  259:    int length, start;
        -:  260:    struct re_registers *regs;
        -:  261:{
    #####:  262:  return re_search_stub (bufp, string, length, start, 0, length, regs, 1);
call    0 never executed
        -:  263:}
        -:  264:#ifdef _LIBC
        -:  265:weak_alias (__re_match, re_match)
        -:  266:#endif
        -:  267:
        -:  268:int
function re_search called 49072 returned 100% blocks executed 100%
    49072:  269:re_search (bufp, string, length, start, range, regs)
        -:  270:    struct re_pattern_buffer *bufp;
        -:  271:    const char *string;
        -:  272:    int length, start, range;
        -:  273:    struct re_registers *regs;
        -:  274:{
    49072:  275:  return re_search_stub (bufp, string, length, start, range, length, regs, 0);
call    0 returned 49072
        -:  276:}
        -:  277:#ifdef _LIBC
        -:  278:weak_alias (__re_search, re_search)
        -:  279:#endif
        -:  280:
        -:  281:int
function re_match_2 called 0 returned 0% blocks executed 0%
    #####:  282:re_match_2 (bufp, string1, length1, string2, length2, start, regs, stop)
        -:  283:    struct re_pattern_buffer *bufp;
        -:  284:    const char *string1, *string2;
        -:  285:    int length1, length2, start, stop;
        -:  286:    struct re_registers *regs;
        -:  287:{
    #####:  288:  return re_search_2_stub (bufp, string1, length1, string2, length2,
call    0 never executed
        -:  289:			   start, 0, regs, stop, 1);
        -:  290:}
        -:  291:#ifdef _LIBC
        -:  292:weak_alias (__re_match_2, re_match_2)
        -:  293:#endif
        -:  294:
        -:  295:int
function re_search_2 called 0 returned 0% blocks executed 0%
    #####:  296:re_search_2 (bufp, string1, length1, string2, length2, start, range, regs, stop)
        -:  297:    struct re_pattern_buffer *bufp;
        -:  298:    const char *string1, *string2;
        -:  299:    int length1, length2, start, range, stop;
        -:  300:    struct re_registers *regs;
        -:  301:{
    #####:  302:  return re_search_2_stub (bufp, string1, length1, string2, length2,
call    0 never executed
        -:  303:			   start, range, regs, stop, 0);
        -:  304:}
        -:  305:#ifdef _LIBC
        -:  306:weak_alias (__re_search_2, re_search_2)
        -:  307:#endif
        -:  308:
        -:  309:static int
function re_search_2_stub called 0 returned 0% blocks executed 0%
    #####:  310:re_search_2_stub (bufp, string1, length1, string2, length2, start, range, regs,
        -:  311:		  stop, ret_len)
        -:  312:    struct re_pattern_buffer *bufp;
        -:  313:    const char *string1, *string2;
        -:  314:    int length1, length2, start, range, stop, ret_len;
        -:  315:    struct re_registers *regs;
        -:  316:{
        -:  317:  const char *str;
        -:  318:  int rval;
    #####:  319:  int len = length1 + length2;
    #####:  320:  int free_str = 0;
        -:  321:
    #####:  322:  if (BE (length1 < 0 || length2 < 0 || stop < 0, 0))
branch  0 never executed
branch  1 never executed
branch  2 never executed
branch  3 never executed
branch  4 never executed
branch  5 never executed
branch  6 never executed
branch  7 never executed
    #####:  323:    return -2;
        -:  324:
        -:  325:  /* Concatenate the strings.  */
    #####:  326:  if (length2 > 0)
branch  0 never executed
branch  1 never executed
    #####:  327:    if (length1 > 0)
branch  0 never executed
branch  1 never executed
        -:  328:      {
    #####:  329:	char *s = re_malloc (char, len);
        -:  330:
    #####:  331:	if (BE (s == NULL, 0))
branch  0 never executed
branch  1 never executed
    #####:  332:	  return -2;
    #####:  333:	memcpy (s, string1, length1);
    #####:  334:	memcpy (s + length1, string2, length2);
    #####:  335:	str = s;
    #####:  336:	free_str = 1;
        -:  337:      }
        -:  338:    else
    #####:  339:      str = string2;
        -:  340:  else
    #####:  341:    str = string1;
        -:  342:
    #####:  343:  rval = re_search_stub (bufp, str, len, start, range, stop, regs,
call    0 never executed
        -:  344:			 ret_len);
    #####:  345:  if (free_str)
branch  0 never executed
branch  1 never executed
    #####:  346:    re_free ((char *) str);
    #####:  347:  return rval;
        -:  348:}
        -:  349:
        -:  350:/* The parameters have the same meaning as those of re_search.
        -:  351:   Additional parameters:
        -:  352:   If RET_LEN is nonzero the length of the match is returned (re_match style);
        -:  353:   otherwise the position of the match is returned.  */
        -:  354:
        -:  355:static int
function re_search_stub called 49072 returned 100% blocks executed 61%
    49072:  356:re_search_stub (bufp, string, length, start, range, stop, regs, ret_len)
        -:  357:    struct re_pattern_buffer *bufp;
        -:  358:    const char *string;
        -:  359:    int length, start, range, stop, ret_len;
        -:  360:    struct re_registers *regs;
        -:  361:{
        -:  362:  reg_errcode_t result;
        -:  363:  regmatch_t *pmatch;
        -:  364:  int nregs, rval;
    49072:  365:  int eflags = 0;
        -:  366:
        -:  367:  /* Check for out-of-range.  */
    49072:  368:  if (BE (start < 0 || start > length, 0))
branch  0 taken 49072 (fallthrough)
branch  1 taken 0
branch  2 taken 0 (fallthrough)
branch  3 taken 49072
    #####:  369:    return -1;
    49072:  370:  if (BE (start + range > length, 0))
branch  0 taken 0 (fallthrough)
branch  1 taken 49072
    #####:  371:    range = length - start;
    49072:  372:  else if (BE (start + range < 0, 0))
branch  0 taken 0 (fallthrough)
branch  1 taken 49072
    #####:  373:    range = -start;
        -:  374:
    49072:  375:  eflags |= (bufp->not_bol) ? REG_NOTBOL : 0;
    49072:  376:  eflags |= (bufp->not_eol) ? REG_NOTEOL : 0;
        -:  377:
        -:  378:  /* Compile fastmap if we haven't yet.  */
   49072*:  379:  if (range > 0 && bufp->fastmap != NULL && !bufp->fastmap_accurate)
branch  0 taken 33477 (fallthrough)
branch  1 taken 15595
branch  2 taken 0 (fallthrough)
branch  3 taken 33477
branch  4 never executed
branch  5 never executed
    #####:  380:    re_compile_fastmap (bufp);
call    0 never executed
        -:  381:
    49072:  382:  if (BE (bufp->no_sub, 0))
branch  0 taken 0 (fallthrough)
branch  1 taken 49072
    #####:  383:    regs = NULL;
        -:  384:
        -:  385:  /* We need at least 1 register.  */
    49072:  386:  if (regs == NULL)
branch  0 taken 31896 (fallthrough)
branch  1 taken 17176
    31896:  387:    nregs = 1;
   17176*:  388:  else if (BE (bufp->regs_allocated == REGS_FIXED &&
branch  0 taken 0 (fallthrough)
branch  1 taken 17176
branch  2 never executed
branch  3 never executed
        -:  389:	       regs->num_regs < bufp->re_nsub + 1, 0))
        -:  390:    {
    #####:  391:      nregs = regs->num_regs;
    #####:  392:      if (BE (nregs < 1, 0))
branch  0 never executed
branch  1 never executed
        -:  393:	{
        -:  394:	  /* Nothing can be copied to regs.  */
    #####:  395:	  regs = NULL;
    #####:  396:	  nregs = 1;
        -:  397:	}
        -:  398:    }
        -:  399:  else
    17176:  400:    nregs = bufp->re_nsub + 1;
    49072:  401:  pmatch = re_malloc (regmatch_t, nregs);
    49072:  402:  if (BE (pmatch == NULL, 0))
branch  0 taken 0 (fallthrough)
branch  1 taken 49072
    #####:  403:    return -2;
        -:  404:
    49072:  405:  result = re_search_internal (bufp, string, length, start, range, stop,
call    0 returned 49072
        -:  406:			       nregs, pmatch, eflags);
        -:  407:
    49072:  408:  rval = 0;
        -:  409:
        -:  410:  /* I hope we needn't fill ther regs with -1's when no match was found.  */
    49072:  411:  if (result != REG_NOERROR)
branch  0 taken 41953 (fallthrough)
branch  1 taken 7119
    41953:  412:    rval = -1;
     7119:  413:  else if (regs != NULL)
branch  0 taken 4838 (fallthrough)
branch  1 taken 2281
        -:  414:    {
        -:  415:      /* If caller wants register contents data back, copy them.  */
     9676:  416:      bufp->regs_allocated = re_copy_regs (regs, pmatch, nregs,
     4838:  417:					   bufp->regs_allocated);
call    0 returned 4838
     4838:  418:      if (BE (bufp->regs_allocated == REGS_UNALLOCATED, 0))
branch  0 taken 0 (fallthrough)
branch  1 taken 4838
    #####:  419:	rval = -2;
        -:  420:    }
        -:  421:
    49072:  422:  if (BE (rval == 0, 1))
branch  0 taken 7119 (fallthrough)
branch  1 taken 41953
        -:  423:    {
     7119:  424:      if (ret_len)
branch  0 taken 0 (fallthrough)
branch  1 taken 7119
        -:  425:	{
    #####:  426:	  assert (pmatch[0].rm_so == start);
branch  0 never executed
branch  1 never executed
call    2 never executed
    #####:  427:	  rval = pmatch[0].rm_eo - start;
        -:  428:	}
        -:  429:      else
     7119:  430:	rval = pmatch[0].rm_so;
        -:  431:    }
    49072:  432:  re_free (pmatch);
    49072:  433:  return rval;
        -:  434:}
        -:  435:
        -:  436:static unsigned
function re_copy_regs called 4838 returned 100% blocks executed 50%
     4838:  437:re_copy_regs (regs, pmatch, nregs, regs_allocated)
        -:  438:    struct re_registers *regs;
        -:  439:    regmatch_t *pmatch;
        -:  440:    int nregs, regs_allocated;
        -:  441:{
     4838:  442:  int rval = REGS_REALLOCATE;
        -:  443:  int i;
     4838:  444:  int need_regs = nregs + 1;
        -:  445:  /* We need one extra element beyond `num_regs' for the `-1' marker GNU code
        -:  446:     uses.  */
        -:  447:
        -:  448:  /* Have the register data arrays been allocated?  */
     4838:  449:  if (regs_allocated == REGS_UNALLOCATED)
branch  0 taken 211 (fallthrough)
branch  1 taken 4627
        -:  450:    { /* No.  So allocate them with malloc.  */
      211:  451:      regs->start = re_malloc (regoff_t, need_regs);
      211:  452:      if (BE (regs->start == NULL, 0))
branch  0 taken 0 (fallthrough)
branch  1 taken 211
    #####:  453:	return REGS_UNALLOCATED;
      211:  454:      regs->end = re_malloc (regoff_t, need_regs);
      211:  455:      if (BE (regs->end == NULL, 0))
branch  0 taken 0 (fallthrough)
branch  1 taken 211
        -:  456:	{
    #####:  457:	  re_free (regs->start);
    #####:  458:	  return REGS_UNALLOCATED;
        -:  459:	}
      211:  460:      regs->num_regs = need_regs;
        -:  461:    }
     4627:  462:  else if (regs_allocated == REGS_REALLOCATE)
branch  0 taken 4627 (fallthrough)
branch  1 taken 0
        -:  463:    { /* Yes.  If we need more elements than were already
        -:  464:	 allocated, reallocate them.  If we need fewer, just
        -:  465:	 leave it alone.  */
     4627:  466:      if (need_regs > regs->num_regs)
branch  0 taken 0 (fallthrough)
branch  1 taken 4627
        -:  467:	{
    #####:  468:	  regs->start = re_realloc (regs->start, regoff_t, need_regs);
    #####:  469:	  if (BE (regs->start == NULL, 0))
branch  0 never executed
branch  1 never executed
        -:  470:	    {
    #####:  471:	      if (regs->end != NULL)
branch  0 never executed
branch  1 never executed
    #####:  472:		re_free (regs->end);
    #####:  473:	      return REGS_UNALLOCATED;
        -:  474:	    }
    #####:  475:	  regs->end = re_realloc (regs->end, regoff_t, need_regs);
    #####:  476:	  if (BE (regs->end == NULL, 0))
branch  0 never executed
branch  1 never executed
        -:  477:	    {
    #####:  478:	      re_free (regs->start);
    #####:  479:	      return REGS_UNALLOCATED;
        -:  480:	    }
    #####:  481:	  regs->num_regs = need_regs;
        -:  482:	}
        -:  483:    }
        -:  484:  else
        -:  485:    {
    #####:  486:      assert (regs_allocated == REGS_FIXED);
branch  0 never executed
branch  1 never executed
call    2 never executed
        -:  487:      /* This function may not be called with REGS_FIXED and nregs too big.  */
    #####:  488:      assert (regs->num_regs >= nregs);
branch  0 never executed
branch  1 never executed
call    2 never executed
    #####:  489:      rval = REGS_FIXED;
        -:  490:    }
        -:  491:
        -:  492:  /* Copy the regs.  */
     9733:  493:  for (i = 0; i < nregs; ++i)
branch  0 taken 4895
branch  1 taken 4838 (fallthrough)
        -:  494:    {
     4895:  495:      regs->start[i] = pmatch[i].rm_so;
     4895:  496:      regs->end[i] = pmatch[i].rm_eo;
        -:  497:    }
     9676:  498:  for ( ; i < regs->num_regs; ++i)
branch  0 taken 4838
branch  1 taken 4838 (fallthrough)
     4838:  499:    regs->start[i] = regs->end[i] = -1;
        -:  500:
     4838:  501:  return rval;
        -:  502:}
        -:  503:
        -:  504:/* Set REGS to hold NUM_REGS registers, storing them in STARTS and
        -:  505:   ENDS.  Subsequent matches using PATTERN_BUFFER and REGS will use
        -:  506:   this memory for recording register information.  STARTS and ENDS
        -:  507:   must be allocated using the malloc library routine, and must each
        -:  508:   be at least NUM_REGS * sizeof (regoff_t) bytes long.
        -:  509:
        -:  510:   If NUM_REGS == 0, then subsequent matches should allocate their own
        -:  511:   register data.
        -:  512:
        -:  513:   Unless this function is called, the first search or match using
        -:  514:   PATTERN_BUFFER will allocate its own register data, without
        -:  515:   freeing the old data.  */
        -:  516:
        -:  517:void
function re_set_registers called 0 returned 0% blocks executed 0%
    #####:  518:re_set_registers (bufp, regs, num_regs, starts, ends)
        -:  519:    struct re_pattern_buffer *bufp;
        -:  520:    struct re_registers *regs;
        -:  521:    unsigned num_regs;
        -:  522:    regoff_t *starts, *ends;
        -:  523:{
    #####:  524:  if (num_regs)
branch  0 never executed
branch  1 never executed
        -:  525:    {
    #####:  526:      bufp->regs_allocated = REGS_REALLOCATE;
    #####:  527:      regs->num_regs = num_regs;
    #####:  528:      regs->start = starts;
    #####:  529:      regs->end = ends;
        -:  530:    }
        -:  531:  else
        -:  532:    {
    #####:  533:      bufp->regs_allocated = REGS_UNALLOCATED;
    #####:  534:      regs->num_regs = 0;
    #####:  535:      regs->start = regs->end = (regoff_t *) 0;
        -:  536:    }
    #####:  537:}
        -:  538:#ifdef _LIBC
        -:  539:weak_alias (__re_set_registers, re_set_registers)
        -:  540:#endif
        -:  541:
        -:  542:/* Entry points compatible with 4.2 BSD regex library.  We don't define
        -:  543:   them unless specifically requested.  */
        -:  544:
        -:  545:#if defined _REGEX_RE_COMP || defined _LIBC
        -:  546:int
        -:  547:# ifdef _LIBC
        -:  548:weak_function
        -:  549:# endif
        -:  550:re_exec (s)
        -:  551:     const char *s;
        -:  552:{
        -:  553:  return 0 == regexec (&re_comp_buf, s, 0, NULL, 0);
        -:  554:}
        -:  555:#endif /* _REGEX_RE_COMP */
        -:  556:
        -:  557:static re_node_set empty_set;
        -:  558:
        -:  559:/* Internal entry point.  */
        -:  560:
        -:  561:/* Searches for a compiled pattern PREG in the string STRING, whose
        -:  562:   length is LENGTH.  NMATCH, PMATCH, and EFLAGS have the same
        -:  563:   mingings with regexec.  START, and RANGE have the same meanings
        -:  564:   with re_search.
        -:  565:   Return REG_NOERROR if we find a match, and REG_NOMATCH if not,
        -:  566:   otherwise return the error code.
        -:  567:   Note: We assume front end functions already check ranges.
        -:  568:   (START + RANGE >= 0 && START + RANGE <= LENGTH)  */
        -:  569:
        -:  570:reg_errcode_t
function re_search_internal called 49072 returned 100% blocks executed 52%
    49072:  571:re_search_internal (preg, string, length, start, range, stop, nmatch, pmatch,
        -:  572:		    eflags)
        -:  573:    const regex_t *preg;
        -:  574:    const char *string;
        -:  575:    int length, start, range, stop, eflags;
        -:  576:    size_t nmatch;
        -:  577:    regmatch_t pmatch[];
        -:  578:{
        -:  579:  reg_errcode_t err;
    49072:  580:  re_dfa_t *dfa = (re_dfa_t *)preg->buffer;
        -:  581:  re_string_t input;
        -:  582:  int left_lim, right_lim, incr;
    49072:  583:  int fl_longest_match, match_first, match_last = -1;
        -:  584:  int fast_translate, sb;
        -:  585:  re_match_context_t mctx;
    #####:  586:  char *fastmap = ((preg->fastmap != NULL && preg->fastmap_accurate
branch  0 never executed
branch  1 never executed
   49072*:  587:		    && range && !preg->can_be_null) ? preg->fastmap : NULL);
branch  0 taken 0 (fallthrough)
branch  1 taken 49072
branch  2 never executed
branch  3 never executed
branch  4 never executed
branch  5 never executed
        -:  588:
        -:  589:  /* Check if the DFA haven't been compiled.  */
   49072*:  590:  if (BE (preg->used == 0 || dfa->init_state == NULL
branch  0 taken 49072 (fallthrough)
branch  1 taken 0
branch  2 taken 0 (fallthrough)
branch  3 taken 49072
branch  4 taken 49072 (fallthrough)
branch  5 taken 0
branch  6 taken 0 (fallthrough)
branch  7 taken 49072
branch  8 taken 49072 (fallthrough)
branch  9 taken 0
branch 10 taken 0 (fallthrough)
branch 11 taken 49072
branch 12 taken 49072 (fallthrough)
branch 13 taken 0
branch 14 taken 0 (fallthrough)
branch 15 taken 49072
        -:  591:	  || dfa->init_state_word == NULL || dfa->init_state_nl == NULL
        -:  592:	  || dfa->init_state_begbuf == NULL, 0))
    #####:  593:    return REG_NOMATCH;
        -:  594:
    49072:  595:  re_node_set_init_empty (&empty_set);
    49072:  596:  memset (&mctx, '\0', sizeof (re_match_context_t));
        -:  597:
        -:  598:  /* We must check the longest matching, if nmatch > 0.  */
   49072*:  599:  fl_longest_match = (nmatch != 0 || dfa->nbackref);
branch  0 taken 0 (fallthrough)
branch  1 taken 49072
branch  2 never executed
branch  3 never executed
        -:  600:
    49072:  601:  err = re_string_allocate (&input, string, length, dfa->nodes_len + 1,
    49072:  602:			    preg->translate, preg->syntax & RE_ICASE);
call    0 returned 49072
    49072:  603:  if (BE (err != REG_NOERROR, 0))
branch  0 taken 0 (fallthrough)
branch  1 taken 49072
    #####:  604:    goto free_return;
    49072:  605:  input.stop = stop;
        -:  606:
    49072:  607:  err = match_ctx_init (&mctx, eflags, &input, dfa->nbackref * 2);
call    0 returned 49072
    49072:  608:  if (BE (err != REG_NOERROR, 0))
branch  0 taken 0 (fallthrough)
branch  1 taken 49072
    #####:  609:    goto free_return;
        -:  610:
        -:  611:  /* We will log all the DFA states through which the dfa pass,
        -:  612:     if nmatch > 1, or this dfa has "multibyte node", which is a
        -:  613:     back-reference or a node which can accept multibyte character or
        -:  614:     multi character collating element.  */
    49072:  615:  if (nmatch > 1 || dfa->has_mb_node)
branch  0 taken 48808 (fallthrough)
branch  1 taken 264
branch  2 taken 0 (fallthrough)
branch  3 taken 48808
        -:  616:    {
      264:  617:      mctx.state_log = re_malloc (re_dfastate_t *, dfa->nodes_len + 1);
      264:  618:      if (BE (mctx.state_log == NULL, 0))
branch  0 taken 0 (fallthrough)
branch  1 taken 264
        -:  619:	{
    #####:  620:	  err = REG_ESPACE;
    #####:  621:	  goto free_return;
        -:  622:	}
        -:  623:    }
        -:  624:  else
    48808:  625:    mctx.state_log = NULL;
        -:  626:
        -:  627:#ifdef DEBUG
        -:  628:  /* We assume front-end functions already check them.  */
        -:  629:  assert (start + range >= 0 && start + range <= length);
        -:  630:#endif
        -:  631:
    49072:  632:  match_first = start;
    98144:  633:  input.tip_context = ((eflags & REG_NOTBOL) ? CONTEXT_BEGBUF
   49072*:  634:		       : CONTEXT_NEWLINE | CONTEXT_BEGBUF);
branch  0 taken 0 (fallthrough)
branch  1 taken 49072
        -:  635:
        -:  636:  /* Check incrementally whether of not the input string match.  */
   49072*:  637:  incr = (range < 0) ? -1 : 1;
branch  0 taken 0 (fallthrough)
branch  1 taken 49072
   49072*:  638:  left_lim = (range < 0) ? start + range : start;
branch  0 taken 0 (fallthrough)
branch  1 taken 49072
   49072*:  639:  right_lim = (range < 0) ? start : start + range;
branch  0 taken 49072 (fallthrough)
branch  1 taken 0
    49072:  640:  sb = MB_CUR_MAX == 1;
call    0 returned 49072
   49072*:  641:  fast_translate = sb || !(preg->syntax & RE_ICASE || preg->translate);
branch  0 taken 0 (fallthrough)
branch  1 taken 49072
branch  2 never executed
branch  3 never executed
branch  4 never executed
branch  5 never executed
        -:  642:
        -:  643:  for (;;)
        -:  644:    {
        -:  645:      /* At first get the current byte from input string.  */
   676465:  646:      if (fastmap)
branch  0 taken 0 (fallthrough)
branch  1 taken 676465
        -:  647:	{
    #####:  648:	  if (BE (fast_translate, 1))
branch  0 never executed
branch  1 never executed
        -:  649:	    {
    #####:  650:	      unsigned RE_TRANSLATE_TYPE t
        -:  651:		= (unsigned RE_TRANSLATE_TYPE) preg->translate;
    #####:  652:	      if (BE (range >= 0, 1))
branch  0 never executed
branch  1 never executed
        -:  653:		{
    #####:  654:		  if (BE (t != NULL, 0))
branch  0 never executed
branch  1 never executed
        -:  655:		    {
    #####:  656:		      while (BE (match_first < right_lim, 1)
    #####:  657:			     && !fastmap[t[(unsigned char) string[match_first]]])
branch  0 never executed
branch  1 never executed
branch  2 never executed
branch  3 never executed
    #####:  658:			++match_first;
        -:  659:		    }
        -:  660:		  else
        -:  661:		    {
    #####:  662:		      while (BE (match_first < right_lim, 1)
    #####:  663:			     && !fastmap[(unsigned char) string[match_first]])
branch  0 never executed
branch  1 never executed
branch  2 never executed
branch  3 never executed
    #####:  664:			++match_first;
        -:  665:		    }
    #####:  666:		  if (BE (match_first == right_lim, 0))
branch  0 never executed
branch  1 never executed
        -:  667:		    {
    #####:  668:		      int ch = match_first >= length
    #####:  669:			       ? 0 : (unsigned char) string[match_first];
branch  0 never executed
branch  1 never executed
    #####:  670:		      if (!fastmap[t ? t[ch] : ch])
branch  0 never executed
branch  1 never executed
branch  2 never executed
branch  3 never executed
    #####:  671:			break;
        -:  672:		    }
        -:  673:		}
        -:  674:	      else
        -:  675:		{
    #####:  676:		  while (match_first >= left_lim)
branch  0 never executed
branch  1 never executed
        -:  677:		    {
    #####:  678:		      int ch = match_first >= length
    #####:  679:			       ? 0 : (unsigned char) string[match_first];
branch  0 never executed
branch  1 never executed
    #####:  680:		      if (fastmap[t ? t[ch] : ch])
branch  0 never executed
branch  1 never executed
branch  2 never executed
branch  3 never executed
    #####:  681:			break;
    #####:  682:		      --match_first;
        -:  683:		    }
    #####:  684:		  if (match_first < left_lim)
branch  0 never executed
branch  1 never executed
    #####:  685:		    break;
        -:  686:		}
        -:  687:	    }
        -:  688:	  else
        -:  689:	    {
        -:  690:	      int ch;
        -:  691:
        -:  692:	      do
        -:  693:		{
        -:  694:		  /* In this case, we can't determine easily the current byte,
        -:  695:		     since it might be a component byte of a multibyte
        -:  696:		     character.  Then we use the constructed buffer
        -:  697:		     instead.  */
        -:  698:		  /* If MATCH_FIRST is out of the valid range, reconstruct the
        -:  699:		     buffers.  */
    #####:  700:		  if (input.raw_mbs_idx + input.valid_len <= match_first
branch  0 never executed
branch  1 never executed
    #####:  701:		      || match_first < input.raw_mbs_idx)
branch  0 never executed
branch  1 never executed
        -:  702:		    {
    #####:  703:		      err = re_string_reconstruct (&input, match_first, eflags,
    #####:  704:						   preg->newline_anchor);
call    0 never executed
    #####:  705:		      if (BE (err != REG_NOERROR, 0))
branch  0 never executed
branch  1 never executed
    #####:  706:			goto free_return;
        -:  707:		    }
        -:  708:		  /* If MATCH_FIRST is out of the buffer, leave it as '\0'.
        -:  709:		     Note that MATCH_FIRST must not be smaller than 0.  */
    #####:  710:		  ch = ((match_first >= length) ? 0
    #####:  711:		       : re_string_byte_at (&input,
branch  0 never executed
branch  1 never executed
        -:  712:					    match_first - input.raw_mbs_idx));
    #####:  713:		  if (fastmap[ch])
branch  0 never executed
branch  1 never executed
    #####:  714:		    break;
    #####:  715:		  match_first += incr;
        -:  716:		}
    #####:  717:	      while (match_first >= left_lim && match_first <= right_lim);
branch  0 never executed
branch  1 never executed
branch  2 never executed
branch  3 never executed
    #####:  718:	      if (! fastmap[ch])
branch  0 never executed
branch  1 never executed
    #####:  719:		break;
        -:  720:	    }
        -:  721:	}
        -:  722:
        -:  723:      /* Reconstruct the buffers so that the matcher can assume that
        -:  724:	 the matching starts from the begining of the buffer.  */
   676465:  725:      err = re_string_reconstruct (&input, match_first, eflags,
   676465:  726:				   preg->newline_anchor);
call    0 returned 676465
   676465:  727:      if (BE (err != REG_NOERROR, 0))
branch  0 taken 0 (fallthrough)
branch  1 taken 676465
    #####:  728:	goto free_return;
        -:  729:#ifdef RE_ENABLE_I18N
        -:  730:     /* Eliminate it when it is a component of a multibyte character
        -:  731:	 and isn't the head of a multibyte character.  */
        -:  732:      if (sb || re_string_first_byte (&input, 0))
        -:  733:#endif
        -:  734:	{
        -:  735:	  /* It seems to be appropriate one, then use the matcher.  */
        -:  736:	  /* We assume that the matching starts from 0.  */
   676465:  737:	  mctx.state_log_top = mctx.nbkref_ents = mctx.max_mb_elem_len = 0;
   676465:  738:	  match_last = check_matching (preg, &mctx, 0, fl_longest_match);
call    0 returned 676465
   676465:  739:	  if (match_last != -1)
branch  0 taken 7119 (fallthrough)
branch  1 taken 669346
        -:  740:	    {
     7119:  741:	      if (BE (match_last == -2, 0))
branch  0 taken 0 (fallthrough)
branch  1 taken 7119
        -:  742:		{
    #####:  743:		  err = REG_ESPACE;
    #####:  744:		  goto free_return;
        -:  745:		}
        -:  746:	      else
        -:  747:		{
     7119:  748:		  mctx.match_last = match_last;
     7119:  749:		  if ((!preg->no_sub && nmatch > 1) || dfa->nbackref)
branch  0 taken 7119 (fallthrough)
branch  1 taken 0
branch  2 taken 7090 (fallthrough)
branch  3 taken 29
branch  4 taken 0 (fallthrough)
branch  5 taken 7090
        -:  750:		    {
       29:  751:		      re_dfastate_t *pstate = mctx.state_log[match_last];
       29:  752:		      mctx.last_node = check_halt_state_context (preg, pstate,
call    0 returned 29
        -:  753:								 &mctx, match_last);
        -:  754:		    }
     7119:  755:		  if ((!preg->no_sub && nmatch > 1 && dfa->has_plural_match)
branch  0 taken 7119 (fallthrough)
branch  1 taken 0
branch  2 taken 29 (fallthrough)
branch  3 taken 7090
branch  4 taken 0 (fallthrough)
branch  5 taken 29
     7090:  756:		      || dfa->nbackref)
branch  0 taken 0 (fallthrough)
branch  1 taken 7090
        -:  757:		    {
       29:  758:		      err = prune_impossible_nodes (preg, &mctx);
call    0 returned 29
       29:  759:		      if (err == REG_NOERROR)
branch  0 taken 29 (fallthrough)
branch  1 taken 0
       29:  760:			break;
    #####:  761:		      if (BE (err != REG_NOMATCH, 0))
branch  0 never executed
branch  1 never executed
    #####:  762:			goto free_return;
        -:  763:		    }
        -:  764:		  else
        -:  765:		    break; /* We found a matching.  */
        -:  766:		}
        -:  767:	    }
        -:  768:	}
        -:  769:      /* Update counter.  */
   669346:  770:      match_first += incr;
   669346:  771:      if (match_first < left_lim || right_lim < match_first)
branch  0 taken 669346 (fallthrough)
branch  1 taken 0
branch  2 taken 627393 (fallthrough)
branch  3 taken 41953
        -:  772:	break;
        -:  773:    }
        -:  774:
        -:  775:  /* Set pmatch[] if we need.  */
    49072:  776:  if (match_last != -1 && nmatch > 0)
branch  0 taken 7119 (fallthrough)
branch  1 taken 41953
branch  2 taken 7119 (fallthrough)
branch  3 taken 0
        -:  777:    {
        -:  778:      int reg_idx;
        -:  779:
        -:  780:      /* Initialize registers.  */
    14295:  781:      for (reg_idx = 0; reg_idx < nmatch; ++reg_idx)
branch  0 taken 7176
branch  1 taken 7119 (fallthrough)
     7176:  782:	pmatch[reg_idx].rm_so = pmatch[reg_idx].rm_eo = -1;
        -:  783:
        -:  784:      /* Set the points where matching start/end.  */
     7119:  785:      pmatch[0].rm_so = 0;
     7119:  786:      pmatch[0].rm_eo = mctx.match_last;
        -:  787:
     7119:  788:      if (!preg->no_sub && nmatch > 1)
branch  0 taken 7119 (fallthrough)
branch  1 taken 0
branch  2 taken 29 (fallthrough)
branch  3 taken 7090
        -:  789:	{
      29*:  790:	  err = set_regs (preg, &mctx, nmatch, pmatch,
call    0 returned 29
       29:  791:			  dfa->has_plural_match && dfa->nbackref > 0);
branch  0 taken 29 (fallthrough)
branch  1 taken 0
branch  2 taken 0 (fallthrough)
branch  3 taken 29
       29:  792:	  if (BE (err != REG_NOERROR, 0))
branch  0 taken 0 (fallthrough)
branch  1 taken 29
    #####:  793:	    goto free_return;
        -:  794:	}
        -:  795:
        -:  796:      /* At last, add the offset to the each registers, since we slided
        -:  797:	 the buffers so that We can assume that the matching starts from 0.  */
    14295:  798:      for (reg_idx = 0; reg_idx < nmatch; ++reg_idx)
branch  0 taken 7176
branch  1 taken 7119 (fallthrough)
     7176:  799:	if (pmatch[reg_idx].rm_so != -1)
branch  0 taken 7152 (fallthrough)
branch  1 taken 24
        -:  800:	  {
     7152:  801:	    pmatch[reg_idx].rm_so += match_first;
     7152:  802:	    pmatch[reg_idx].rm_eo += match_first;
        -:  803:	  }
        -:  804:    }
    49072:  805:  err = (match_last == -1) ? REG_NOMATCH : REG_NOERROR;
    49072:  806: free_return:
    49072:  807:  re_free (mctx.state_log);
    49072:  808:  if (dfa->nbackref)
branch  0 taken 0 (fallthrough)
branch  1 taken 49072
    #####:  809:    match_ctx_free (&mctx);
call    0 never executed
    49072:  810:  re_string_destruct (&input);
call    0 returned 49072
    49072:  811:  return err;
        -:  812:}
        -:  813:
        -:  814:static reg_errcode_t
function prune_impossible_nodes called 29 returned 100% blocks executed 30%
       29:  815:prune_impossible_nodes (preg, mctx)
        -:  816:     const regex_t *preg;
        -:  817:     re_match_context_t *mctx;
        -:  818:{
        -:  819:  int halt_node, match_last;
        -:  820:  reg_errcode_t ret;
       29:  821:  re_dfa_t *dfa = (re_dfa_t *)preg->buffer;
        -:  822:  re_dfastate_t **sifted_states;
       29:  823:  re_dfastate_t **lim_states = NULL;
        -:  824:  re_sift_context_t sctx;
        -:  825:#ifdef DEBUG
        -:  826:  assert (mctx->state_log != NULL);
        -:  827:#endif
       29:  828:  match_last = mctx->match_last;
       29:  829:  halt_node = mctx->last_node;
       29:  830:  sifted_states = re_malloc (re_dfastate_t *, match_last + 1);
       29:  831:  if (BE (sifted_states == NULL, 0))
branch  0 taken 0 (fallthrough)
branch  1 taken 29
        -:  832:    {
    #####:  833:      ret = REG_ESPACE;
    #####:  834:      goto free_return;
        -:  835:    }
       29:  836:  if (dfa->nbackref)
branch  0 taken 0 (fallthrough)
branch  1 taken 29
        -:  837:    {
    #####:  838:      lim_states = re_malloc (re_dfastate_t *, match_last + 1);
    #####:  839:      if (BE (lim_states == NULL, 0))
branch  0 never executed
branch  1 never executed
        -:  840:	{
    #####:  841:	  ret = REG_ESPACE;
    #####:  842:	  goto free_return;
        -:  843:	}
        -:  844:      while (1)
        -:  845:	{
    #####:  846:	  memset (lim_states, '\0',
    #####:  847:		  sizeof (re_dfastate_t *) * (match_last + 1));
    #####:  848:	  match_ctx_clear_flag (mctx);
call    0 never executed
    #####:  849:	  sift_ctx_init (&sctx, sifted_states, lim_states, halt_node,
call    0 never executed
        -:  850:			 match_last, 0);
    #####:  851:	  ret = sift_states_backward (preg, mctx, &sctx);
call    0 never executed
    #####:  852:	  re_node_set_free (&sctx.limits);
    #####:  853:	  if (BE (ret != REG_NOERROR, 0))
branch  0 never executed
branch  1 never executed
    #####:  854:	      goto free_return;
    #####:  855:	  if (sifted_states[0] != NULL || lim_states[0] != NULL)
branch  0 never executed
branch  1 never executed
branch  2 never executed
branch  3 never executed
        -:  856:	    break;
        -:  857:	  do
        -:  858:	    {
    #####:  859:	      --match_last;
    #####:  860:	      if (match_last < 0)
branch  0 never executed
branch  1 never executed
        -:  861:		{
    #####:  862:		  ret = REG_NOMATCH;
    #####:  863:		  goto free_return;
        -:  864:		}
    #####:  865:	    } while (!mctx->state_log[match_last]->halt);
branch  0 never executed
branch  1 never executed
    #####:  866:	  halt_node = check_halt_state_context (preg,
    #####:  867:						mctx->state_log[match_last],
call    0 never executed
        -:  868:						mctx, match_last);
        -:  869:	}
    #####:  870:      ret = merge_state_array (dfa, sifted_states, lim_states,
call    0 never executed
        -:  871:			       match_last + 1);
    #####:  872:      re_free (lim_states);
    #####:  873:      lim_states = NULL;
    #####:  874:      if (BE (ret != REG_NOERROR, 0))
branch  0 never executed
branch  1 never executed
    #####:  875:	goto free_return;
        -:  876:    }
        -:  877:  else
        -:  878:    {
       29:  879:      sift_ctx_init (&sctx, sifted_states, lim_states, halt_node,
call    0 returned 29
        -:  880:		     match_last, 0);
       29:  881:      ret = sift_states_backward (preg, mctx, &sctx);
call    0 returned 29
       29:  882:      re_node_set_free (&sctx.limits);
       29:  883:      if (BE (ret != REG_NOERROR, 0))
branch  0 taken 0 (fallthrough)
branch  1 taken 29
    #####:  884:	goto free_return;
        -:  885:    }
       29:  886:  re_free (mctx->state_log);
       29:  887:  mctx->state_log = sifted_states;
       29:  888:  sifted_states = NULL;
       29:  889:  mctx->last_node = halt_node;
       29:  890:  mctx->match_last = match_last;
       29:  891:  ret = REG_NOERROR;
       29:  892: free_return:
       29:  893:  re_free (sifted_states);
       29:  894:  re_free (lim_states);
       29:  895:  return ret;
        -:  896:}
        -:  897:
        -:  898:/* Acquire an initial state and return it.
        -:  899:   We must select appropriate initial state depending on the context,
        -:  900:   since initial states may have constraints like "\<", "^", etc..  */
        -:  901:
        -:  902:static inline re_dfastate_t *
function acquire_init_state_context called 676465 returned 100% blocks executed 65%
   676465:  903:acquire_init_state_context (err, preg, mctx, idx)
        -:  904:     reg_errcode_t *err;
        -:  905:     const regex_t *preg;
        -:  906:     const re_match_context_t *mctx;
        -:  907:     int idx;
        -:  908:{
   676465:  909:  re_dfa_t *dfa = (re_dfa_t *) preg->buffer;
        -:  910:
   676465:  911:  *err = REG_NOERROR;
   676465:  912:  if (dfa->init_state->has_constraint)
branch  0 taken 169009 (fallthrough)
branch  1 taken 507456
        -:  913:    {
        -:  914:      unsigned int context;
   169009:  915:      context =  re_string_context_at (mctx->input, idx - 1, mctx->eflags,
   169009:  916:				       preg->newline_anchor);
call    0 returned 169009
   169009:  917:      if (IS_WORD_CONTEXT (context))
branch  0 taken 123613 (fallthrough)
branch  1 taken 45396
   123613:  918:	return dfa->init_state_word;
    45396:  919:      else if (IS_ORDINARY_CONTEXT (context))
branch  0 taken 33351 (fallthrough)
branch  1 taken 12045
    33351:  920:	return dfa->init_state;
    12045:  921:      else if (IS_BEGBUF_CONTEXT (context) && IS_NEWLINE_CONTEXT (context))
branch  0 taken 12045 (fallthrough)
branch  1 taken 0
branch  2 taken 12045 (fallthrough)
branch  3 taken 0
    12045:  922:	return dfa->init_state_begbuf;
    #####:  923:      else if (IS_NEWLINE_CONTEXT (context))
branch  0 never executed
branch  1 never executed
    #####:  924:	return dfa->init_state_nl;
    #####:  925:      else if (IS_BEGBUF_CONTEXT (context))
branch  0 never executed
branch  1 never executed
        -:  926:	{
        -:  927:	  /* It is relatively rare case, then calculate on demand.  */
    #####:  928:	  return  re_acquire_state_context (err, dfa,
    #####:  929:					    dfa->init_state->entrance_nodes,
call    0 never executed
        -:  930:					    context);
        -:  931:	}
        -:  932:      else
        -:  933:	/* Must not happen?  */
    #####:  934:	return dfa->init_state;
        -:  935:    }
        -:  936:  else
   507456:  937:    return dfa->init_state;
        -:  938:}
        -:  939:
        -:  940:/* Check whether the regular expression match input string INPUT or not,
        -:  941:   and return the index where the matching end, return -1 if not match,
        -:  942:   or return -2 in case of an error.
        -:  943:   FL_SEARCH means we must search where the matching starts,
        -:  944:   FL_LONGEST_MATCH means we want the POSIX longest matching.
        -:  945:   Note that the matcher assume that the maching starts from the current
        -:  946:   index of the buffer.  */
        -:  947:
        -:  948:static int
function check_matching called 676465 returned 100% blocks executed 63%
   676465:  949:check_matching (preg, mctx, fl_search, fl_longest_match)
        -:  950:    const regex_t *preg;
        -:  951:    re_match_context_t *mctx;
        -:  952:    int fl_search, fl_longest_match;
        -:  953:{
   676465:  954:  re_dfa_t *dfa = (re_dfa_t *) preg->buffer;
        -:  955:  reg_errcode_t err;
   676465:  956:  int match = 0;
   676465:  957:  int match_last = -1;
   676465:  958:  int cur_str_idx = re_string_cur_idx (mctx->input);
        -:  959:  re_dfastate_t *cur_state;
        -:  960:
   676465:  961:  cur_state = acquire_init_state_context (&err, preg, mctx, cur_str_idx);
call    0 returned 676465
        -:  962:  /* An initial state must not be NULL(invalid state).  */
   676465:  963:  if (BE (cur_state == NULL, 0))
branch  0 taken 0 (fallthrough)
branch  1 taken 676465
    #####:  964:    return -2;
   676465:  965:  if (mctx->state_log != NULL)
branch  0 taken 3609 (fallthrough)
branch  1 taken 672856
     3609:  966:    mctx->state_log[cur_str_idx] = cur_state;
        -:  967:
        -:  968:  /* Check OP_OPEN_SUBEXP in the initial state in case that we use them
        -:  969:     later.  E.g. Processing back references.  */
   676465:  970:  if (dfa->nbackref)
branch  0 taken 0 (fallthrough)
branch  1 taken 676465
        -:  971:    {
    #####:  972:      err = check_subexp_matching_top (dfa, mctx, &cur_state->nodes, 0);
call    0 never executed
    #####:  973:      if (BE (err != REG_NOERROR, 0))
branch  0 never executed
branch  1 never executed
    #####:  974:	return err;
        -:  975:    }
        -:  976:
   676465:  977:  if (cur_state->has_backref)
branch  0 taken 0 (fallthrough)
branch  1 taken 676465
        -:  978:    {
    #####:  979:      err = transit_state_bkref (preg, cur_state, mctx);
call    0 never executed
    #####:  980:      if (BE (err != REG_NOERROR, 0))
branch  0 never executed
branch  1 never executed
    #####:  981:	return err;
        -:  982:    }
        -:  983:
        -:  984:  /* If the RE accepts NULL string.  */
   676465:  985:  if (cur_state->halt)
branch  0 taken 71087 (fallthrough)
branch  1 taken 605378
        -:  986:    {
    71087:  987:      if (!cur_state->has_constraint
branch  0 taken 70736 (fallthrough)
branch  1 taken 351
    70736:  988:	  || check_halt_state_context (preg, cur_state, mctx, cur_str_idx))
call    0 returned 70736
branch  1 taken 2990 (fallthrough)
branch  2 taken 67746
        -:  989:	{
     3341:  990:	  if (!fl_longest_match)
branch  0 taken 0 (fallthrough)
branch  1 taken 3341
    #####:  991:	    return cur_str_idx;
        -:  992:	  else
        -:  993:	    {
     3341:  994:	      match_last = cur_str_idx;
     3341:  995:	      match = 1;
        -:  996:	    }
        -:  997:	}
        -:  998:    }
        -:  999:
  1066968: 1000:  while (!re_string_eoi (mctx->input))
branch  0 taken 993920
branch  1 taken 73048 (fallthrough)
        -: 1001:    {
  993920*: 1002:      cur_state = transit_state (&err, preg, mctx, cur_state,
branch  0 taken 0 (fallthrough)
branch  1 taken 993920
branch  2 never executed
branch  3 never executed
call    4 returned 993920
        -: 1003:				 fl_search && !match);
   993920: 1004:      if (cur_state == NULL) /* Reached at the invalid state or an error.  */
branch  0 taken 603417 (fallthrough)
branch  1 taken 390503
        -: 1005:	{
   603417: 1006:	  cur_str_idx = re_string_cur_idx (mctx->input);
   603417: 1007:	  if (BE (err != REG_NOERROR, 0))
branch  0 taken 0 (fallthrough)
branch  1 taken 603417
    #####: 1008:	    return -2;
  603417*: 1009:	  if (fl_search && !match)
branch  0 taken 0 (fallthrough)
branch  1 taken 603417
branch  2 never executed
branch  3 never executed
        -: 1010:	    {
        -: 1011:	      /* Restart from initial state, since we are searching
        -: 1012:		 the point from where matching start.  */
        -: 1013:#ifdef RE_ENABLE_I18N
        -: 1014:	      if (MB_CUR_MAX == 1
        -: 1015:		  || re_string_first_byte (mctx->input, cur_str_idx))
        -: 1016:#endif /* RE_ENABLE_I18N */
    #####: 1017:		cur_state = acquire_init_state_context (&err, preg, mctx,
call    0 never executed
        -: 1018:							cur_str_idx);
    #####: 1019:	      if (BE (cur_state == NULL && err != REG_NOERROR, 0))
branch  0 never executed
branch  1 never executed
branch  2 never executed
branch  3 never executed
    #####: 1020:		return -2;
    #####: 1021:	      if (mctx->state_log != NULL)
branch  0 never executed
branch  1 never executed
    #####: 1022:		mctx->state_log[cur_str_idx] = cur_state;
        -: 1023:	    }
  603417*: 1024:	  else if (!fl_longest_match && match)
branch  0 taken 0 (fallthrough)
branch  1 taken 603417
branch  2 never executed
branch  3 never executed
        -: 1025:	    break;
        -: 1026:	  else /* (fl_longest_match && match) || (!fl_search && !match)  */
        -: 1027:	    {
   603417: 1028:	      if (mctx->state_log == NULL)
branch  0 taken 600078 (fallthrough)
branch  1 taken 3339
   600078: 1029:		break;
        -: 1030:	      else
        -: 1031:		{
     3339: 1032:		  int max = mctx->state_log_top;
     6678: 1033:		  for (; cur_str_idx <= max; ++cur_str_idx)
branch  0 taken 3339
branch  1 taken 3339 (fallthrough)
     3339: 1034:		    if (mctx->state_log[cur_str_idx] != NULL)
branch  0 taken 0 (fallthrough)
branch  1 taken 3339
    #####: 1035:		      break;
     3339: 1036:		  if (cur_str_idx > max)
branch  0 taken 3339 (fallthrough)
branch  1 taken 0
     3339: 1037:		    break;
        -: 1038:		}
        -: 1039:	    }
        -: 1040:	}
        -: 1041:
   390503: 1042:      if (cur_state != NULL && cur_state->halt)
branch  0 taken 390503 (fallthrough)
branch  1 taken 0
branch  2 taken 23093 (fallthrough)
branch  3 taken 367410
        -: 1043:	{
        -: 1044:	  /* Reached at a halt state.
        -: 1045:	     Check the halt state can satisfy the current context.  */
    23093: 1046:	  if (!cur_state->has_constraint
branch  0 taken 3302 (fallthrough)
branch  1 taken 19791
     3302: 1047:	      || check_halt_state_context (preg, cur_state, mctx,
branch  0 taken 135 (fallthrough)
branch  1 taken 3167
     3302: 1048:					   re_string_cur_idx (mctx->input)))
call    0 returned 3302
        -: 1049:	    {
        -: 1050:	      /* We found an appropriate halt state.  */
    19926: 1051:	      match_last = re_string_cur_idx (mctx->input);
    19926: 1052:	      match = 1;
    19926: 1053:	      if (!fl_longest_match)
branch  0 taken 0 (fallthrough)
branch  1 taken 19926
    #####: 1054:		break;
        -: 1055:	    }
        -: 1056:	}
        -: 1057:   }
   676465: 1058:  return match_last;
        -: 1059:}
        -: 1060:
        -: 1061:/* Check NODE match the current context.  */
        -: 1062:
function check_halt_node_context called 85799 returned 100% blocks executed 80%
    85799: 1063:static int check_halt_node_context (dfa, node, context)
        -: 1064:    const re_dfa_t *dfa;
        -: 1065:    int node;
        -: 1066:    unsigned int context;
        -: 1067:{
    85799: 1068:  re_token_type_t type = dfa->nodes[node].type;
    85799: 1069:  unsigned int constraint = dfa->nodes[node].constraint;
    85799: 1070:  if (type != END_OF_RE)
branch  0 taken 76950 (fallthrough)
branch  1 taken 8849
    76950: 1071:    return 0;
     8849: 1072:  if (!constraint)
branch  0 taken 29 (fallthrough)
branch  1 taken 8820
       29: 1073:    return 1;
    8820*: 1074:  if (NOT_SATISFY_NEXT_CONSTRAINT (constraint, context))
branch  0 taken 0 (fallthrough)
branch  1 taken 8820
branch  2 never executed
branch  3 never executed
branch  4 taken 0 (fallthrough)
branch  5 taken 8820
branch  6 never executed
branch  7 never executed
branch  8 taken 7338 (fallthrough)
branch  9 taken 1482
branch 10 taken 1643 (fallthrough)
branch 11 taken 5695
branch 12 taken 0 (fallthrough)
branch 13 taken 3125
branch 14 never executed
branch 15 never executed
     5695: 1075:    return 0;
     3125: 1076:  return 1;
        -: 1077:}
        -: 1078:
        -: 1079:/* Check the halt state STATE match the current context.
        -: 1080:   Return 0 if not match, if the node, STATE has, is a halt node and
        -: 1081:   match the context, return the node.  */
        -: 1082:
        -: 1083:static int
function check_halt_state_context called 74067 returned 100% blocks executed 100%
    74067: 1084:check_halt_state_context (preg, state, mctx, idx)
        -: 1085:    const regex_t *preg;
        -: 1086:    const re_dfastate_t *state;
        -: 1087:    const re_match_context_t *mctx;
        -: 1088:    int idx;
        -: 1089:{
    74067: 1090:  re_dfa_t *dfa = (re_dfa_t *) preg->buffer;
        -: 1091:  int i;
        -: 1092:  unsigned int context;
        -: 1093:#ifdef DEBUG
        -: 1094:  assert (state->halt);
        -: 1095:#endif
    74067: 1096:  context = re_string_context_at (mctx->input, idx, mctx->eflags,
    74067: 1097:				  preg->newline_anchor);
call    0 returned 74067
   156712: 1098:  for (i = 0; i < state->nodes.nelem; ++i)
branch  0 taken 85799
branch  1 taken 70913 (fallthrough)
    85799: 1099:    if (check_halt_node_context (dfa, state->nodes.elems[i], context))
call    0 returned 85799
branch  1 taken 3154 (fallthrough)
branch  2 taken 82645
     3154: 1100:      return state->nodes.elems[i];
    70913: 1101:  return 0;
        -: 1102:}
        -: 1103:
        -: 1104:/* Compute the next node to which "NFA" transit from NODE("NFA" is a NFA
        -: 1105:   corresponding to the DFA).
        -: 1106:   Return the destination node, and update EPS_VIA_NODES, return -1 in case
        -: 1107:   of errors.  */
        -: 1108:
        -: 1109:static int
function proceed_next_node called 353 returned 100% blocks executed 52%
      353: 1110:proceed_next_node (preg, nregs, regs, mctx, pidx, node, eps_via_nodes, fs)
        -: 1111:    const regex_t *preg;
        -: 1112:    regmatch_t *regs;
        -: 1113:    const re_match_context_t *mctx;
        -: 1114:    int nregs, *pidx, node;
        -: 1115:    re_node_set *eps_via_nodes;
        -: 1116:    struct re_fail_stack_t *fs;
        -: 1117:{
      353: 1118:  re_dfa_t *dfa = (re_dfa_t *)preg->buffer;
        -: 1119:  int i, err, dest_node;
      353: 1120:  dest_node = -1;
      353: 1121:  if (IS_EPSILON_NODE (dfa->nodes[node].type))
branch  0 taken 329 (fallthrough)
branch  1 taken 24
branch  2 taken 240 (fallthrough)
branch  3 taken 89
branch  4 taken 240 (fallthrough)
branch  5 taken 0
branch  6 taken 240 (fallthrough)
branch  7 taken 0
branch  8 taken 240 (fallthrough)
branch  9 taken 0
branch 10 taken 207 (fallthrough)
branch 11 taken 33
branch 12 taken 33 (fallthrough)
branch 13 taken 174
        -: 1122:    {
      179: 1123:      re_node_set *cur_nodes = &mctx->state_log[*pidx]->nodes;
        -: 1124:      int ndest, dest_nodes[2];
      179: 1125:      err = re_node_set_insert (eps_via_nodes, node);
call    0 returned 179
      179: 1126:      if (BE (err < 0, 0))
branch  0 taken 0 (fallthrough)
branch  1 taken 179
    #####: 1127:	return -1;
        -: 1128:      /* Pick up valid destinations.  */
      471: 1129:      for (ndest = 0, i = 0; i < dfa->edests[node].nelem; ++i)
branch  0 taken 292
branch  1 taken 179 (fallthrough)
        -: 1130:	{
      292: 1131:	  int candidate = dfa->edests[node].elems[i];
      292: 1132:	  if (!re_node_set_contains (cur_nodes, candidate))
call    0 returned 292
branch  1 taken 113 (fallthrough)
branch  2 taken 179
      113: 1133:	    continue;
     179*: 1134:	  dest_nodes[0] = (ndest == 0) ? candidate : dest_nodes[0];
branch  0 taken 0 (fallthrough)
branch  1 taken 179
     179*: 1135:	  dest_nodes[1] = (ndest == 1) ? candidate : dest_nodes[1];
branch  0 taken 179 (fallthrough)
branch  1 taken 0
      179: 1136:	  ++ndest;
        -: 1137:	}
      179: 1138:      if (ndest <= 1)
branch  0 taken 179 (fallthrough)
branch  1 taken 0
     179*: 1139:	return ndest == 0 ? -1 : (ndest == 1 ? dest_nodes[0] : 0);
branch  0 taken 179 (fallthrough)
branch  1 taken 0
branch  2 taken 179 (fallthrough)
branch  3 taken 0
        -: 1140:      /* In order to avoid infinite loop like "(a*)*".  */
    #####: 1141:      if (re_node_set_contains (eps_via_nodes, dest_nodes[0]))
call    0 never executed
branch  1 never executed
branch  2 never executed
    #####: 1142:	return dest_nodes[1];
    #####: 1143:      if (fs != NULL)
branch  0 never executed
branch  1 never executed
    #####: 1144:	push_fail_stack (fs, *pidx, dest_nodes, nregs, regs, eps_via_nodes);
call    0 never executed
    #####: 1145:      return dest_nodes[0];
        -: 1146:    }
        -: 1147:  else
        -: 1148:    {
      174: 1149:      int naccepted = 0;
      174: 1150:      re_token_type_t type = dfa->nodes[node].type;
        -: 1151:
        -: 1152:#ifdef RE_ENABLE_I18N
        -: 1153:      if (ACCEPT_MB_NODE (type))
        -: 1154:	naccepted = check_node_accept_bytes (preg, node, mctx->input, *pidx);
        -: 1155:      else
        -: 1156:#endif /* RE_ENABLE_I18N */
      174: 1157:      if (type == OP_BACK_REF)
branch  0 taken 0 (fallthrough)
branch  1 taken 174
        -: 1158:	{
    #####: 1159:	  int subexp_idx = dfa->nodes[node].opr.idx;
    #####: 1160:	  naccepted = regs[subexp_idx].rm_eo - regs[subexp_idx].rm_so;
    #####: 1161:	  if (fs != NULL)
branch  0 never executed
branch  1 never executed
        -: 1162:	    {
    #####: 1163:	      if (regs[subexp_idx].rm_so == -1 || regs[subexp_idx].rm_eo == -1)
branch  0 never executed
branch  1 never executed
branch  2 never executed
branch  3 never executed
    #####: 1164:		return -1;
    #####: 1165:	      else if (naccepted)
branch  0 never executed
branch  1 never executed
        -: 1166:		{
    #####: 1167:		  char *buf = re_string_get_buffer (mctx->input);
    #####: 1168:		  if (my_memcmp (buf + regs[subexp_idx].rm_so, buf + *pidx,
call    0 never executed
branch  1 never executed
branch  2 never executed
        -: 1169:			         naccepted) != 0)
    #####: 1170:		    return -1;
        -: 1171:		}
        -: 1172:	    }
        -: 1173:
    #####: 1174:	  if (naccepted == 0)
branch  0 never executed
branch  1 never executed
        -: 1175:	    {
    #####: 1176:	      err = re_node_set_insert (eps_via_nodes, node);
call    0 never executed
    #####: 1177:	      if (BE (err < 0, 0))
branch  0 never executed
branch  1 never executed
    #####: 1178:		return -2;
    #####: 1179:	      dest_node = dfa->edests[node].elems[0];
    #####: 1180:	      if (re_node_set_contains (&mctx->state_log[*pidx]->nodes,
call    0 never executed
branch  1 never executed
branch  2 never executed
        -: 1181:					dest_node))
    #####: 1182:		return dest_node;
        -: 1183:	    }
        -: 1184:	}
        -: 1185:
      174: 1186:      if (naccepted != 0
branch  0 taken 174 (fallthrough)
branch  1 taken 0
      174: 1187:	  || check_node_accept (preg, dfa->nodes + node, mctx, *pidx))
call    0 returned 174
branch  1 taken 174 (fallthrough)
branch  2 taken 0
        -: 1188:	{
      174: 1189:	  dest_node = dfa->nexts[node];
     174*: 1190:	  *pidx = (naccepted == 0) ? *pidx + 1 : *pidx + naccepted;
branch  0 taken 174 (fallthrough)
branch  1 taken 0
     174*: 1191:	  if (fs && (*pidx > mctx->match_last || mctx->state_log[*pidx] == NULL
branch  0 taken 0 (fallthrough)
branch  1 taken 174
branch  2 never executed
branch  3 never executed
branch  4 never executed
branch  5 never executed
    #####: 1192:		     || !re_node_set_contains (&mctx->state_log[*pidx]->nodes,
call    0 never executed
branch  1 never executed
branch  2 never executed
        -: 1193:					       dest_node)))
    #####: 1194:	    return -1;
      174: 1195:	  re_node_set_empty (eps_via_nodes);
      174: 1196:	  return dest_node;
        -: 1197:	}
        -: 1198:    }
    #####: 1199:  return -1;
        -: 1200:}
        -: 1201:
        -: 1202:static reg_errcode_t
function push_fail_stack called 0 returned 0% blocks executed 0%
    #####: 1203:push_fail_stack (fs, str_idx, dests, nregs, regs, eps_via_nodes)
        -: 1204:     struct re_fail_stack_t *fs;
        -: 1205:     int str_idx, *dests, nregs;
        -: 1206:     regmatch_t *regs;
        -: 1207:     re_node_set *eps_via_nodes;
        -: 1208:{
        -: 1209:  reg_errcode_t err;
    #####: 1210:  int num = fs->num++;
    #####: 1211:  if (fs->num == fs->alloc)
branch  0 never executed
branch  1 never executed
        -: 1212:    {
        -: 1213:      struct re_fail_stack_ent_t *new_array;
    #####: 1214:      fs->alloc *= 2;
    #####: 1215:      new_array = realloc (fs->stack, (sizeof (struct re_fail_stack_ent_t)
    #####: 1216:				       * fs->alloc));
    #####: 1217:      if (new_array == NULL)
branch  0 never executed
branch  1 never executed
    #####: 1218:	return REG_ESPACE;
    #####: 1219:      fs->stack = new_array;
        -: 1220:    }
    #####: 1221:  fs->stack[num].idx = str_idx;
    #####: 1222:  fs->stack[num].node = dests[1];
    #####: 1223:  fs->stack[num].regs = re_malloc (regmatch_t, nregs);
    #####: 1224:  memcpy (fs->stack[num].regs, regs, sizeof (regmatch_t) * nregs);
    #####: 1225:  err = re_node_set_init_copy (&fs->stack[num].eps_via_nodes, eps_via_nodes);
call    0 never executed
    #####: 1226:  return err;
        -: 1227:}
        -: 1228:
        -: 1229:static int
function pop_fail_stack called 0 returned 0% blocks executed 0%
    #####: 1230:pop_fail_stack (fs, pidx, nregs, regs, eps_via_nodes)
        -: 1231:     struct re_fail_stack_t *fs;
        -: 1232:     int *pidx, nregs;
        -: 1233:     regmatch_t *regs;
        -: 1234:     re_node_set *eps_via_nodes;
        -: 1235:{
    #####: 1236:  int num = --fs->num;
    #####: 1237:  assert (num >= 0);
branch  0 never executed
branch  1 never executed
call    2 never executed
    #####: 1238: *pidx = fs->stack[num].idx;
    #####: 1239:  memcpy (regs, fs->stack[num].regs, sizeof (regmatch_t) * nregs);
    #####: 1240:  re_node_set_free (eps_via_nodes);
    #####: 1241:  re_free (fs->stack[num].regs);
    #####: 1242:  *eps_via_nodes = fs->stack[num].eps_via_nodes;
    #####: 1243:  return fs->stack[num].node;
        -: 1244:}
        -: 1245:
        -: 1246:/* Set the positions where the subexpressions are starts/ends to registers
        -: 1247:   PMATCH.
        -: 1248:   Note: We assume that pmatch[0] is already set, and
        -: 1249:   pmatch[i].rm_so == pmatch[i].rm_eo == -1 (i > 1).  */
        -: 1250:
        -: 1251:static reg_errcode_t
function set_regs called 29 returned 100% blocks executed 45%
       29: 1252:set_regs (preg, mctx, nmatch, pmatch, fl_backtrack)
        -: 1253:     const regex_t *preg;
        -: 1254:     const re_match_context_t *mctx;
        -: 1255:     size_t nmatch;
        -: 1256:     regmatch_t *pmatch;
        -: 1257:     int fl_backtrack;
        -: 1258:{
       29: 1259:  re_dfa_t *dfa = (re_dfa_t *)preg->buffer;
        -: 1260:  int idx, cur_node, real_nmatch;
        -: 1261:  re_node_set eps_via_nodes;
        -: 1262:  struct re_fail_stack_t *fs;
       29: 1263:  struct re_fail_stack_t fs_body = {0, 2, NULL};
        -: 1264:#ifdef DEBUG
        -: 1265:  assert (nmatch > 1);
        -: 1266:  assert (mctx->state_log != NULL);
        -: 1267:#endif
       29: 1268:  if (fl_backtrack)
branch  0 taken 0 (fallthrough)
branch  1 taken 29
        -: 1269:    {
    #####: 1270:      fs = &fs_body;
    #####: 1271:      fs->stack = re_malloc (struct re_fail_stack_ent_t, fs->alloc);
        -: 1272:    }
        -: 1273:  else
       29: 1274:    fs = NULL;
       29: 1275:  cur_node = dfa->init_node;
      29*: 1276:  real_nmatch = (nmatch <= preg->re_nsub) ? nmatch : preg->re_nsub + 1;
branch  0 taken 29 (fallthrough)
branch  1 taken 0
       29: 1277:  re_node_set_init_empty (&eps_via_nodes);
      382: 1278:  for (idx = pmatch[0].rm_so; idx <= pmatch[0].rm_eo ;)
branch  0 taken 382
branch  1 taken 0 (fallthrough)
        -: 1279:    {
      382: 1280:      update_regs (dfa, pmatch, cur_node, idx, real_nmatch);
call    0 returned 382
      382: 1281:      if (idx == pmatch[0].rm_eo && cur_node == mctx->last_node)
branch  0 taken 53 (fallthrough)
branch  1 taken 329
branch  2 taken 29 (fallthrough)
branch  3 taken 24
        -: 1282:	{
        -: 1283:	  int reg_idx;
       29: 1284:	  if (fs)
branch  0 taken 0 (fallthrough)
branch  1 taken 29
        -: 1285:	    {
    #####: 1286:	      for (reg_idx = 0; reg_idx < nmatch; ++reg_idx)
branch  0 never executed
branch  1 never executed
    #####: 1287:		if (pmatch[reg_idx].rm_so > -1 && pmatch[reg_idx].rm_eo == -1)
branch  0 never executed
branch  1 never executed
branch  2 never executed
branch  3 never executed
    #####: 1288:		  break;
    #####: 1289:	      if (reg_idx == nmatch)
branch  0 never executed
branch  1 never executed
        -: 1290:		{
    #####: 1291:		  re_node_set_free (&eps_via_nodes);
    #####: 1292:		  return free_fail_stack_return (fs);
call    0 never executed
        -: 1293:		}
    #####: 1294:	      cur_node = pop_fail_stack (fs, &idx, nmatch, pmatch,
call    0 never executed
        -: 1295:					 &eps_via_nodes);
        -: 1296:	    }
        -: 1297:	  else
        -: 1298:	    {
       29: 1299:	      re_node_set_free (&eps_via_nodes);
       29: 1300:	      return REG_NOERROR;
        -: 1301:	    }
        -: 1302:	}
        -: 1303:
        -: 1304:      /* Proceed to next node.  */
      353: 1305:      cur_node = proceed_next_node (preg, nmatch, pmatch, mctx, &idx, cur_node,
call    0 returned 353
        -: 1306:				    &eps_via_nodes, fs);
        -: 1307:
      353: 1308:      if (BE (cur_node < 0, 0))
branch  0 taken 0 (fallthrough)
branch  1 taken 353
        -: 1309:	{
    #####: 1310:	  if (cur_node == -2)
branch  0 never executed
branch  1 never executed
    #####: 1311:	    return REG_ESPACE;
    #####: 1312:	  if (fs)
branch  0 never executed
branch  1 never executed
    #####: 1313:	    cur_node = pop_fail_stack (fs, &idx, nmatch, pmatch,
call    0 never executed
        -: 1314:				       &eps_via_nodes);
        -: 1315:	  else
        -: 1316:	    {
    #####: 1317:	      re_node_set_free (&eps_via_nodes);
    #####: 1318:	      return REG_NOMATCH;
        -: 1319:	    }
        -: 1320:	}
        -: 1321:    }
    #####: 1322:  re_node_set_free (&eps_via_nodes);
    #####: 1323:  return free_fail_stack_return (fs);
call    0 never executed
        -: 1324:}
        -: 1325:
        -: 1326:static reg_errcode_t
function free_fail_stack_return called 0 returned 0% blocks executed 0%
    #####: 1327:free_fail_stack_return (fs)
        -: 1328:     struct re_fail_stack_t *fs;
        -: 1329:{
    #####: 1330:  if (fs)
branch  0 never executed
branch  1 never executed
        -: 1331:    {
        -: 1332:      int fs_idx;
    #####: 1333:      for (fs_idx = 0; fs_idx < fs->num; ++fs_idx)
branch  0 never executed
branch  1 never executed
        -: 1334:	{
    #####: 1335:	  re_node_set_free (&fs->stack[fs_idx].eps_via_nodes);
    #####: 1336:	  re_free (fs->stack[fs_idx].regs);
        -: 1337:	}
    #####: 1338:      re_free (fs->stack);
        -: 1339:    }
    #####: 1340:  return REG_NOERROR;
        -: 1341:}
        -: 1342:
        -: 1343:static void
function update_regs called 382 returned 100% blocks executed 90%
      382: 1344:update_regs (dfa, pmatch, cur_node, cur_idx, nmatch)
        -: 1345:     re_dfa_t *dfa;
        -: 1346:     regmatch_t *pmatch;
        -: 1347:     int cur_node, cur_idx, nmatch;
        -: 1348:{
      382: 1349:  int type = dfa->nodes[cur_node].type;
        -: 1350:  int reg_num;
      382: 1351:  if (type != OP_OPEN_SUBEXP && type != OP_CLOSE_SUBEXP)
branch  0 taken 349 (fallthrough)
branch  1 taken 33
branch  2 taken 316 (fallthrough)
branch  3 taken 33
      316: 1352:    return;
       66: 1353:  reg_num = dfa->nodes[cur_node].opr.idx + 1;
       66: 1354:  if (reg_num >= nmatch)
branch  0 taken 0 (fallthrough)
branch  1 taken 66
    #####: 1355:    return;
       66: 1356:  if (type == OP_OPEN_SUBEXP)
branch  0 taken 33 (fallthrough)
branch  1 taken 33
        -: 1357:    {
        -: 1358:      /* We are at the first node of this sub expression.  */
       33: 1359:      pmatch[reg_num].rm_so = cur_idx;
       33: 1360:      pmatch[reg_num].rm_eo = -1;
        -: 1361:    }
       33: 1362:  else if (type == OP_CLOSE_SUBEXP)
branch  0 taken 33 (fallthrough)
branch  1 taken 0
        -: 1363:    /* We are at the first node of this sub expression.  */
       33: 1364:    pmatch[reg_num].rm_eo = cur_idx;
        -: 1365:}
        -: 1366:
        -: 1367:#define NUMBER_OF_STATE 1
        -: 1368:
        -: 1369:/* This function checks the STATE_LOG from the SCTX->last_str_idx to 0
        -: 1370:   and sift the nodes in each states according to the following rules.
        -: 1371:   Updated state_log will be wrote to STATE_LOG.
        -: 1372:
        -: 1373:   Rules: We throw away the Node `a' in the STATE_LOG[STR_IDX] if...
        -: 1374:     1. When STR_IDX == MATCH_LAST(the last index in the state_log):
        -: 1375:	If `a' isn't the LAST_NODE and `a' can't epsilon transit to
        -: 1376:	the LAST_NODE, we throw away the node `a'.
        -: 1377:     2. When 0 <= STR_IDX < MATCH_LAST and `a' accepts
        -: 1378:	string `s' and transit to `b':
        -: 1379:	i. If 'b' isn't in the STATE_LOG[STR_IDX+strlen('s')], we throw
        -: 1380:	   away the node `a'.
        -: 1381:	ii. If 'b' is in the STATE_LOG[STR_IDX+strlen('s')] but 'b' is
[...]
        -: 3496:			  {
        -: 3497:			    match_len = elem_len;
        -: 3498:			    goto check_node_accept_bytes_match;
        -: 3499:			  }
        -: 3500:		      }
        -: 3501:		  }
        -: 3502:	    }
        -: 3503:	}
        -: 3504:      else
        -: 3505:# endif /* _LIBC */
        -: 3506:	{
        -: 3507:	  /* match with range expression?  */
        -: 3508:#if __GNUC__ >= 2
        -: 3509:	  wchar_t cmp_buf[] = {L'\0', L'\0', wc, L'\0', L'\0', L'\0'};
        -: 3510:#else
        -: 3511:	  wchar_t cmp_buf[] = {L'\0', L'\0', L'\0', L'\0', L'\0', L'\0'};
        -: 3512:	  cmp_buf[2] = wc;
        -: 3513:#endif
        -: 3514:	  for (i = 0; i < cset->nranges; ++i)
        -: 3515:	    {
        -: 3516:	      cmp_buf[0] = cset->range_starts[i];
        -: 3517:	      cmp_buf[4] = cset->range_ends[i];
        -: 3518:	      if (wcscoll (cmp_buf, cmp_buf + 2) <= 0
        -: 3519:		  && wcscoll (cmp_buf + 2, cmp_buf + 4) <= 0)
        -: 3520:		{
        -: 3521:		  match_len = char_len;
        -: 3522:		  goto check_node_accept_bytes_match;
        -: 3523:		}
        -: 3524:	    }
        -: 3525:	}
        -: 3526:    check_node_accept_bytes_match:
        -: 3527:      if (!cset->non_match)
        -: 3528:	return match_len;
        -: 3529:      else
        -: 3530:	{
        -: 3531:	  if (match_len > 0)
        -: 3532:	    return 0;
        -: 3533:	  else
        -: 3534:	    return (elem_len > char_len) ? elem_len : char_len;
        -: 3535:	}
        -: 3536:    }
        -: 3537:  return 0;
        -: 3538:}
        -: 3539:
        -: 3540:# ifdef _LIBC
        -: 3541:static unsigned int
        -: 3542:find_collation_sequence_value (mbs, mbs_len)
        -: 3543:    const unsigned char *mbs;
        -: 3544:    size_t mbs_len;
        -: 3545:{
        -: 3546:  uint32_t nrules = _NL_CURRENT_WORD (LC_COLLATE, _NL_COLLATE_NRULES);
        -: 3547:  if (nrules == 0)
        -: 3548:    {
        -: 3549:      if (mbs_len == 1)
        -: 3550:	{
        -: 3551:	  /* No valid character.  Match it as a single byte character.  */
        -: 3552:	  const unsigned char *collseq = (const unsigned char *)
        -: 3553:	    _NL_CURRENT (LC_COLLATE, _NL_COLLATE_COLLSEQMB);
        -: 3554:	  return collseq[mbs[0]];
        -: 3555:	}
        -: 3556:      return UINT_MAX;
        -: 3557:    }
        -: 3558:  else
        -: 3559:    {
        -: 3560:      int32_t idx;
        -: 3561:      const unsigned char *extra = (const unsigned char *)
        -: 3562:	_NL_CURRENT (LC_COLLATE, _NL_COLLATE_SYMB_EXTRAMB);
        -: 3563:
        -: 3564:      for (idx = 0; ;)
        -: 3565:	{
        -: 3566:	  int mbs_cnt, found = 0;
        -: 3567:	  int32_t elem_mbs_len;
        -: 3568:	  /* Skip the name of collating element name.  */
        -: 3569:	  idx = idx + extra[idx] + 1;
        -: 3570:	  elem_mbs_len = extra[idx++];
        -: 3571:	  if (mbs_len == elem_mbs_len)
        -: 3572:	    {
        -: 3573:	      for (mbs_cnt = 0; mbs_cnt < elem_mbs_len; ++mbs_cnt)
        -: 3574:		if (extra[idx + mbs_cnt] != mbs[mbs_cnt])
        -: 3575:		  break;
        -: 3576:	      if (mbs_cnt == elem_mbs_len)
        -: 3577:		/* Found the entry.  */
        -: 3578:		found = 1;
        -: 3579:	    }
        -: 3580:	  /* Skip the byte sequence of the collating element.  */
        -: 3581:	  idx += elem_mbs_len;
        -: 3582:	  /* Adjust for the alignment.  */
        -: 3583:	  idx = (idx + 3) & ~3;
        -: 3584:	  /* Skip the collation sequence value.  */
        -: 3585:	  idx += sizeof (uint32_t);
        -: 3586:	  /* Skip the wide char sequence of the collating element.  */
        -: 3587:	  idx = idx + sizeof (uint32_t) * (extra[idx] + 1);
        -: 3588:	  /* If we found the entry, return the sequence value.  */
        -: 3589:	  if (found)
        -: 3590:	    return *(uint32_t *) (extra + idx);
        -: 3591:	  /* Skip the collation sequence value.  */
        -: 3592:	  idx += sizeof (uint32_t);
        -: 3593:	}
        -: 3594:    }
        -: 3595:}
        -: 3596:# endif /* _LIBC */
        -: 3597:#endif /* RE_ENABLE_I18N */
        -: 3598:
        -: 3599:/* Check whether the node accepts the byte which is IDX-th
        -: 3600:   byte of the INPUT.  */
        -: 3601:
        -: 3602:static int
function check_node_accept called 598 returned 100% blocks executed 44%
      598: 3603:check_node_accept (preg, node, mctx, idx)
        -: 3604:    const regex_t *preg;
        -: 3605:    const re_token_t *node;
        -: 3606:    const re_match_context_t *mctx;
        -: 3607:    int idx;
        -: 3608:{
        -: 3609:  unsigned char ch;
      598: 3610:  if (node->constraint)
branch  0 taken 0 (fallthrough)
branch  1 taken 598
        -: 3611:    {
        -: 3612:      /* The node has constraints.  Check whether the current context
        -: 3613:	 satisfies the constraints.  */
    #####: 3614:      unsigned int context = re_string_context_at (mctx->input, idx,
    #####: 3615:						   mctx->eflags,
    #####: 3616:						   preg->newline_anchor);
call    0 never executed
    #####: 3617:      if (NOT_SATISFY_NEXT_CONSTRAINT (node->constraint, context))
branch  0 never executed
branch  1 never executed
branch  2 never executed
branch  3 never executed
branch  4 never executed
branch  5 never executed
branch  6 never executed
branch  7 never executed
branch  8 never executed
branch  9 never executed
branch 10 never executed
branch 11 never executed
branch 12 never executed
branch 13 never executed
branch 14 never executed
branch 15 never executed
    #####: 3618:	return 0;
        -: 3619:    }
      598: 3620:  ch = re_string_byte_at (mctx->input, idx);
      598: 3621:  if (node->type == CHARACTER)
branch  0 taken 292 (fallthrough)
branch  1 taken 306
      292: 3622:    return node->opr.c == ch;
      306: 3623:  else if (node->type == SIMPLE_BRACKET)
branch  0 taken 72 (fallthrough)
branch  1 taken 234
       72: 3624:    return bitset_contain (node->opr.sbcset, ch);
      234: 3625:  else if (node->type == OP_PERIOD)
branch  0 taken 234 (fallthrough)
branch  1 taken 0
     234*: 3626:    return !((ch == '\n' && !(preg->syntax & RE_DOT_NEWLINE))
branch  0 taken 0 (fallthrough)
branch  1 taken 234
branch  2 never executed
branch  3 never executed
branch  4 taken 0 (fallthrough)
branch  5 taken 234
    #####: 3627:	     || (ch == '\0' && (preg->syntax & RE_DOT_NOT_NULL)));
branch  0 never executed
branch  1 never executed
        -: 3628:  else
    #####: 3629:    return 0;
        -: 3630:}
        -: 3631:
        -: 3632:/* Extend the buffers, if the buffers have run out.  */
        -: 3633:
        -: 3634:static reg_errcode_t
function extend_buffers called 4485 returned 100% blocks executed 71%
     4485: 3635:extend_buffers (mctx)
        -: 3636:     re_match_context_t *mctx;
        -: 3637:{
        -: 3638:  reg_errcode_t ret;
     4485: 3639:  re_string_t *pstr = mctx->input;
        -: 3640:
        -: 3641:  /* Double the lengthes of the buffers.  */
     4485: 3642:  ret = re_string_realloc_buffers (pstr, pstr->bufs_len * 2);
call    0 returned 4485
     4485: 3643:  if (BE (ret != REG_NOERROR, 0))
branch  0 taken 0 (fallthrough)
branch  1 taken 4485
    #####: 3644:    return ret;
        -: 3645:
     4485: 3646:  if (mctx->state_log != NULL)
branch  0 taken 7 (fallthrough)
branch  1 taken 4478
        -: 3647:    {
        -: 3648:      /* And double the length of state_log.  */
        -: 3649:      re_dfastate_t **new_array;
        7: 3650:      new_array = re_realloc (mctx->state_log, re_dfastate_t *,
        -: 3651:			      pstr->bufs_len * 2);
        7: 3652:      if (BE (new_array == NULL, 0))
branch  0 taken 0 (fallthrough)
branch  1 taken 7
    #####: 3653:	return REG_ESPACE;
        7: 3654:      mctx->state_log = new_array;
        -: 3655:    }
        -: 3656:
        -: 3657:  /* Then reconstruct the buffers.  */
     4485: 3658:  if (pstr->icase)
branch  0 taken 0 (fallthrough)
branch  1 taken 4485
        -: 3659:    {
        -: 3660:#ifdef RE_ENABLE_I18N
        -: 3661:      if (MB_CUR_MAX > 1)
        -: 3662:	build_wcs_upper_buffer (pstr);
        -: 3663:      else
        -: 3664:#endif /* RE_ENABLE_I18N  */
    #####: 3665:	build_upper_buffer (pstr);
call    0 never executed
        -: 3666:    }
        -: 3667:  else
        -: 3668:    {
        -: 3669:#ifdef RE_ENABLE_I18N
        -: 3670:      if (MB_CUR_MAX > 1)
        -: 3671:	build_wcs_buffer (pstr);
        -: 3672:      else
        -: 3673:#endif /* RE_ENABLE_I18N  */
        -: 3674:	{
     4485: 3675:	  if (pstr->trans != NULL)
branch  0 taken 0 (fallthrough)
branch  1 taken 4485
    #####: 3676:	    re_string_translate_buffer (pstr);
call    0 never executed
        -: 3677:	  else
     4485: 3678:	    pstr->valid_len = pstr->bufs_len;
        -: 3679:	}
        -: 3680:    }
     4485: 3681:  return REG_NOERROR;
        -: 3682:}
        -: 3683:
        -: 3684:
        -: 3685:/* Functions for matching context.  */
        -: 3686:
        -: 3687:static reg_errcode_t
function match_ctx_init called 49072 returned 100% blocks executed 57%
    49072: 3688:match_ctx_init (mctx, eflags, input, n)
        -: 3689:    re_match_context_t *mctx;
        -: 3690:    int eflags, n;
        -: 3691:    re_string_t *input;
        -: 3692:{
    49072: 3693:  mctx->eflags = eflags;
    49072: 3694:  mctx->input = input;
    49072: 3695:  mctx->match_last = -1;
    49072: 3696:  if (n > 0)
branch  0 taken 0 (fallthrough)
branch  1 taken 49072
        -: 3697:    {
    #####: 3698:      mctx->bkref_ents = re_malloc (struct re_backref_cache_entry, n);
    #####: 3699:      mctx->sub_tops = re_malloc (re_sub_match_top_t *, n);
    #####: 3700:      if (BE (mctx->bkref_ents == NULL || mctx->sub_tops == NULL, 0))
branch  0 never executed
branch  1 never executed
branch  2 never executed
branch  3 never executed
    #####: 3701:	return REG_ESPACE;
        -: 3702:    }
        -: 3703:  else
    49072: 3704:    mctx->bkref_ents = NULL;
    49072: 3705:  mctx->nbkref_ents = 0;
    49072: 3706:  mctx->abkref_ents = n;
    49072: 3707:  mctx->max_mb_elem_len = 1;
    49072: 3708:  mctx->nsub_tops = 0;
    49072: 3709:  mctx->asub_tops = n;
    49072: 3710:  return REG_NOERROR;
        -: 3711:}
        -: 3712:
        -: 3713:static void
function match_ctx_free called 0 returned 0% blocks executed 0%
    #####: 3714:match_ctx_free (mctx)
        -: 3715:    re_match_context_t *mctx;
        -: 3716:{
        -: 3717:  int st_idx;
    #####: 3718:  for (st_idx = 0; st_idx < mctx->nsub_tops; ++st_idx)
branch  0 never executed
branch  1 never executed
        -: 3719:    {
        -: 3720:      int sl_idx;
    #####: 3721:      re_sub_match_top_t *top = mctx->sub_tops[st_idx];
    #####: 3722:      for (sl_idx = 0; sl_idx < top->nlasts; ++sl_idx)
branch  0 never executed
branch  1 never executed
        -: 3723:	{
    #####: 3724:	  re_sub_match_last_t *last = top->lasts[sl_idx];
    #####: 3725:	  re_free (last->path.array);
    #####: 3726:	  if (last->limits)
branch  0 never executed
branch  1 never executed
    #####: 3727:	    re_node_set_free (last->limits);
    #####: 3728:	  re_free (last);
        -: 3729:	}
    #####: 3730:      re_free (top->lasts);
    #####: 3731:      if (top->path)
branch  0 never executed
branch  1 never executed
        -: 3732:	{
    #####: 3733:	  re_free (top->path->array);
    #####: 3734:	  re_free (top->path);
        -: 3735:	}
    #####: 3736:      if (top->limits)
branch  0 never executed
branch  1 never executed
    #####: 3737:	re_node_set_free (top->limits);
    #####: 3738:      free (top);
        -: 3739:    }
    #####: 3740:  re_free (mctx->sub_tops);
    #####: 3741:  re_free (mctx->bkref_ents);
    #####: 3742:}
        -: 3743:
        -: 3744:/* Add a new backreference entry to the cache.  */
        -: 3745:
        -: 3746:static reg_errcode_t
function match_ctx_add_entry called 0 returned 0% blocks executed 0%
    #####: 3747:match_ctx_add_entry (mctx, node, str_idx, from, to, top, last)
        -: 3748:     re_match_context_t *mctx;
        -: 3749:     int node, str_idx, from, to;
        -: 3750:     re_sub_match_top_t *top;
        -: 3751:     re_sub_match_last_t *last;
        -: 3752:{
        -: 3753:  /* TODO: It can be more efficient.  */
        -: 3754:  int i;
    #####: 3755:  for (i = 0; i < mctx->nbkref_ents; ++i)
branch  0 never executed
branch  1 never executed
        -: 3756:    {
    #####: 3757:      struct re_backref_cache_entry *entry = mctx->bkref_ents + i;
    #####: 3758:      if (entry->node == node && entry->str_idx == str_idx
branch  0 never executed
branch  1 never executed
branch  2 never executed
branch  3 never executed
    #####: 3759:	  &&  entry->subexp_from == from &&  entry->subexp_to == to)
branch  0 never executed
branch  1 never executed
branch  2 never executed
branch  3 never executed
    #####: 3760:	return REG_NOERROR;
        -: 3761:    }
        -: 3762:
    #####: 3763:  if (mctx->nbkref_ents >= mctx->abkref_ents)
branch  0 never executed
branch  1 never executed
        -: 3764:    {
        -: 3765:      struct re_backref_cache_entry* new_entry;
    #####: 3766:      new_entry = re_realloc (mctx->bkref_ents, struct re_backref_cache_entry,
        -: 3767:			      mctx->abkref_ents * 2);
    #####: 3768:      if (BE (new_entry == NULL, 0))
branch  0 never executed
branch  1 never executed
        -: 3769:	{
    #####: 3770:	  re_free (mctx->bkref_ents);
    #####: 3771:	  return REG_ESPACE;
        -: 3772:	}
    #####: 3773:      mctx->bkref_ents = new_entry;
    #####: 3774:      memset (mctx->bkref_ents + mctx->nbkref_ents, '\0',
    #####: 3775:	      sizeof (struct re_backref_cache_entry) * mctx->abkref_ents);
    #####: 3776:      mctx->abkref_ents *= 2;
        -: 3777:    }
    #####: 3778:  mctx->bkref_ents[mctx->nbkref_ents].node = node;
    #####: 3779:  mctx->bkref_ents[mctx->nbkref_ents].str_idx = str_idx;
    #####: 3780:  mctx->bkref_ents[mctx->nbkref_ents].subexp_from = from;
    #####: 3781:  mctx->bkref_ents[mctx->nbkref_ents].subexp_to = to;
    #####: 3782:  mctx->bkref_ents[mctx->nbkref_ents].top = top;
    #####: 3783:  mctx->bkref_ents[mctx->nbkref_ents].last = last;
    #####: 3784:  mctx->bkref_ents[mctx->nbkref_ents++].flag = 0;
    #####: 3785:  if (mctx->max_mb_elem_len < to - from)
branch  0 never executed
branch  1 never executed
    #####: 3786:    mctx->max_mb_elem_len = to - from;
    #####: 3787:  return REG_NOERROR;
        -: 3788:}
        -: 3789:
        -: 3790:static int
function search_cur_bkref_entry called 0 returned 0% blocks executed 0%
    #####: 3791:search_cur_bkref_entry (mctx, str_idx)
        -: 3792:     re_match_context_t *mctx;
        -: 3793:     int str_idx;
        -: 3794:{
        -: 3795:  int left, right, mid;
    #####: 3796:  right = mctx->nbkref_ents;
    #####: 3797:  for (left = 0; left < right;)
branch  0 never executed
branch  1 never executed
        -: 3798:    {
    #####: 3799:      mid = (left + right) / 2;
    #####: 3800:      if (mctx->bkref_ents[mid].str_idx < str_idx)
branch  0 never executed
branch  1 never executed
    #####: 3801:	left = mid + 1;
        -: 3802:      else
    #####: 3803:	right = mid;
        -: 3804:    }
    #####: 3805:  return left;
        -: 3806:}
        -: 3807:
        -: 3808:static void
function match_ctx_clear_flag called 0 returned 0% blocks executed 0%
    #####: 3809:match_ctx_clear_flag (mctx)
        -: 3810:     re_match_context_t *mctx;
        -: 3811:{
        -: 3812:  int i;
    #####: 3813:  for (i = 0; i < mctx->nbkref_ents; ++i)
branch  0 never executed
branch  1 never executed
        -: 3814:    {
    #####: 3815:      mctx->bkref_ents[i].flag = 0;
        -: 3816:    }
    #####: 3817:}
        -: 3818:
        -: 3819:static reg_errcode_t
function match_ctx_add_subtop called 0 returned 0% blocks executed 0%
    #####: 3820:match_ctx_add_subtop (mctx, node, str_idx)
        -: 3821:     re_match_context_t *mctx;
        -: 3822:     int node, str_idx;
        -: 3823:{
        -: 3824:#ifdef DEBUG
        -: 3825:  assert (mctx->sub_tops != NULL);
        -: 3826:  assert (mctx->asub_tops > 0);
        -: 3827:#endif
    #####: 3828:  if (mctx->nsub_tops == mctx->asub_tops)
branch  0 never executed
branch  1 never executed
        -: 3829:    {
    #####: 3830:      mctx->asub_tops *= 2;
    #####: 3831:      mctx->sub_tops = re_realloc (mctx->sub_tops, re_sub_match_top_t *,
        -: 3832:				   mctx->asub_tops);
    #####: 3833:      if (BE (mctx->sub_tops == NULL, 0))
branch  0 never executed
branch  1 never executed
    #####: 3834:	return REG_ESPACE;
        -: 3835:    }
    #####: 3836:  mctx->sub_tops[mctx->nsub_tops] = calloc (1, sizeof (re_sub_match_top_t));
    #####: 3837:  if (mctx->sub_tops[mctx->nsub_tops] == NULL)
branch  0 never executed
branch  1 never executed
    #####: 3838:    return REG_ESPACE;
    #####: 3839:  mctx->sub_tops[mctx->nsub_tops]->node = node;
    #####: 3840:  mctx->sub_tops[mctx->nsub_tops++]->str_idx = str_idx;
    #####: 3841:  return REG_NOERROR;
        -: 3842:}
        -: 3843:
        -: 3844:static re_sub_match_last_t *
function match_ctx_add_sublast called 0 returned 0% blocks executed 0%
    #####: 3845:match_ctx_add_sublast (subtop, node, str_idx)
        -: 3846:     re_sub_match_top_t *subtop;
        -: 3847:     int node, str_idx;
        -: 3848:{
        -: 3849:  re_sub_match_last_t *new_entry;
    #####: 3850:  if (subtop->nlasts == subtop->alasts)
branch  0 never executed
branch  1 never executed
        -: 3851:    {
    #####: 3852:      subtop->alasts = 2 * subtop->alasts + 1;
    #####: 3853:      subtop->lasts = re_realloc (subtop->lasts, re_sub_match_last_t *,
        -: 3854:				  subtop->alasts);
    #####: 3855:      if (BE (subtop->lasts == NULL, 0))
branch  0 never executed
branch  1 never executed
    #####: 3856:	return NULL;
        -: 3857:    }
    #####: 3858:  new_entry = calloc (1, sizeof (re_sub_match_last_t));
    #####: 3859:  subtop->lasts[subtop->nlasts] = new_entry;
    #####: 3860:  new_entry->node = node;
    #####: 3861:  new_entry->str_idx = str_idx;
    #####: 3862:  new_entry->limits = NULL;
    #####: 3863:  ++subtop->nlasts;
    #####: 3864:  return new_entry;
        -: 3865:}
        -: 3866:
        -: 3867:static void
function sift_ctx_init called 29 returned 100% blocks executed 100%
       29: 3868:sift_ctx_init (sctx, sifted_sts, limited_sts, last_node, last_str_idx,
        -: 3869:	       check_subexp)
        -: 3870:    re_sift_context_t *sctx;
        -: 3871:    re_dfastate_t **sifted_sts, **limited_sts;
        -: 3872:    int last_node, last_str_idx, check_subexp;
        -: 3873:{
       29: 3874:  sctx->sifted_states = sifted_sts;
       29: 3875:  sctx->limited_states = limited_sts;
       29: 3876:  sctx->last_node = last_node;
       29: 3877:  sctx->last_str_idx = last_str_idx;
       29: 3878:  sctx->check_subexp = check_subexp;
       29: 3879:  sctx->cur_bkref = -1;
       29: 3880:  sctx->cls_subexp_idx = -1;
       29: 3881:  re_node_set_init_empty (&sctx->limits);
       29: 3882:}
        -: 3883:
        -: 3884:/* This function is optimized to compare for equality only.
        -: 3885:   It also tries to limit the startup time as much as possible.  */
function my_memcmp called 0 returned 0% blocks executed 0%
    #####: 3886:static int my_memcmp (char *s1, char *s2, unsigned int l)
        -: 3887:{
    #####: 3888:  if (BE(l, 1) != 0)
branch  0 never executed
branch  1 never executed
    #####: 3889:    while (BE(*s1 == *s2, 1) && BE(--l, 0) != 0)
branch  0 never executed
branch  1 never executed
branch  2 never executed
branch  3 never executed
    #####: 3890:      s1++, s2++;
        -: 3891:
    #####: 3892:  return l;
        -: 3893:}
