        -:    0:Source:sed.c
        -:    0:Graph:sed.gcno
        -:    0:Data:sed.gcda
        -:    0:Runs:370
        -:    1:#define COPYRIGHT_NOTICE "Copyright (C) 2003 Free Software Foundation, Inc."
        -:    2:#define BUG_ADDRESS "bonzini@gnu.org"
        -:    3:
        -:    4:/*  GNU SED, a batch stream editor.
        -:    5:    Copyright (C) 1989,90,91,92,93,94,95,98,99,2002,2003
        -:    6:    Free Software Foundation, Inc.
        -:    7:
        -:    8:    This program is free software; you can redistribute it and/or modify
        -:    9:    it under the terms of the GNU General Public License as published by
        -:   10:    the Free Software Foundation; either version 2, or (at your option)
        -:   11:    any later version.
        -:   12:
        -:   13:    This program is distributed in the hope that it will be useful,
        -:   14:    but WITHOUT ANY WARRANTY; without even the implied warranty of
        -:   15:    MERCHANTABILITY or FITNESS FOR A PARTICULAR PURPOSE.  See the
        -:   16:    GNU General Public License for more details.
        -:   17:
        -:   18:    You should have received a copy of the GNU General Public License
        -:   19:    along with this program; if not, write to the Free Software
        -:   20:    Foundation, 59 Temple Place - Suite 330, Boston, MA 02111-1307, USA. */
        -:   21:
        -:   22:/*
        -:   23:  Fixing some non-determinism for SIR July 2006
        -:   24:  by Kyle R. Murphy
        -:   25:*/
        -:   26:#undef stderr
        -:   27:#define stderr stdout
        -:   28:
        -:   29:#include "FaultSeeds.h"
        -:   30:#include "config.h"
        -:   31:
        -:   32:#include <stdio.h>
        -:   33:#ifdef HAVE_STRINGS_H
        -:   34:# include <strings.h>
        -:   35:#else
        -:   36:# include <string.h>
        -:   37:#endif /*HAVE_STRINGS_H*/
        -:   38:#ifdef HAVE_MEMORY_H
        -:   39:# include <memory.h>
        -:   40:#endif
        -:   41:
        -:   42:#ifndef HAVE_STRCHR
        -:   43:# define strchr index
        -:   44:# define strrchr rindex
        -:   45:#endif
        -:   46:
        -:   47:#ifdef HAVE_STDLIB_H
        -:   48:# include <stdlib.h>
        -:   49:#endif
        -:   50:
        -:   51:#ifdef HAVE_SYS_TYPES_H
        -:   52:# include <sys/types.h>
        -:   53:#endif
        -:   54:#ifdef HAVE_LOCALE_H
        -:   55:# include <locale.h>
        -:   56:#endif
        -:   57:#include "getopt.h"
        -:   58:#include "basicdefs.h"
        -:   59:#include "utils.h"
        -:   60:#include "sed.h"
        -:   61:
        -:   62:#ifndef BOOTSTRAP
        -:   63:#ifndef HAVE_STDLIB_H
        -:   64: extern char *getenv P_((const char *));
        -:   65:#endif
        -:   66:#endif
        -:   67:
        -:   68:#ifndef HAVE_STRTOUL
        -:   69:# define ATOI(x)	atoi(x)
        -:   70:#else
        -:   71:# define ATOI(x)	strtoul(x, NULL, 0)
        -:   72:#endif
        -:   73:
        -:   74:int extended_regexp_flags = 0;
        -:   75:
        -:   76:/* If set, fflush(stdout) on every line output. */
        -:   77:flagT unbuffered_output = FALSE;
        -:   78:
        -:   79:/* If set, don't write out the line unless explicitly told to */
        -:   80:flagT no_default_output = FALSE;
        -:   81:
        -:   82:/* If set, reset line counts on every new file. */
        -:   83:flagT separate_files = FALSE;
        -:   84:
        -:   85:/* How do we edit files in-place? (we don't if NULL) */
        -:   86:char *in_place_extension = NULL;
        -:   87:
        -:   88:/* Do we need to be pedantically POSIX compliant? */
        -:   89:flagT POSIXLY_CORRECT;
        -:   90:
        -:   91:/* How long should the `l' command's output line be? */
        -:   92:countT lcmd_out_line_len = 70;
        -:   93:
        -:   94:/* The complete compiled SED program that we are going to run: */
        -:   95:static struct vector *the_program = NULL;
        -:   96:
        -:   97:static void usage P_((int));
        -:   98:static void
function usage called 0 returned 0% blocks executed 0%
    #####:   99:usage(status)
        -:  100:  int status;
        -:  101:{
    #####:  102:  FILE *out = status ? stderr : stdout;
        -:  103:
        -:  104:#ifdef REG_PERL
        -:  105:#define PERL_HELP _("  -R, --regexp-perl\n                 use Perl 5's regular expressions syntax in the script.\n")
        -:  106:#else
        -:  107:#define PERL_HELP ""
        -:  108:#endif
        -:  109:
    #####:  110:  fprintf(out, _("\
call    0 never executed
        -:  111:Usage: %s [OPTION]... {script-only-if-no-other-script} [input-file]...\n\
        -:  112:\n\
        -:  113:  -n, --quiet, --silent\n\
        -:  114:                 suppress automatic printing of pattern space\n\
        -:  115:  -e script, --expression=script\n\
        -:  116:                 add the script to the commands to be executed\n\
        -:  117:  -f script-file, --file=script-file\n\
        -:  118:                 add the contents of script-file to the commands to be executed\n\
        -:  119:  -i[suffix], --in-place[=suffix]\n\
        -:  120:                 edit files in place (makes backup if extension supplied)\n\
        -:  121:  -l N, --line-length=N\n\
        -:  122:                 specify the desired line-wrap length for the `l' command\n\
        -:  123:  -r, --regexp-extended\n\
        -:  124:                 use extended regular expressions in the script.\n%s\
        -:  125:  -s, --separate\n\
        -:  126:                 consider files as separate rather than as a single continuous\n\
        -:  127:                 long stream.\n\
        -:  128:  -u, --unbuffered\n\
        -:  129:                 load minimal amounts of data from the input files and flush\n\
        -:  130:                 the output buffers more often\n\
        -:  131:      --help     display this help and exit\n\
        -:  132:  -V, --version  output version information and exit\n\
        -:  133:\n\
        -:  134:If no -e, --expression, -f, or --file option is given, then the first\n\
        -:  135:non-option argument is taken as the sed script to interpret.  All\n\
        -:  136:remaining arguments are names of input files; if no input files are\n\
        -:  137:specified, then the standard input is read.\n\
        -:  138:\n"), myname, PERL_HELP);
    #####:  139:  fprintf(out, _("E-mail bug reports to: %s .\n\
call    0 never executed
        -:  140:Be sure to include the word ``%s'' somewhere in the ``Subject:'' field.\n"),
        -:  141:	  BUG_ADDRESS, PACKAGE);
        -:  142:
    #####:  143:  ck_fclose (NULL);
call    0 never executed
    #####:  144:  exit (status);
        -:  145:}
        -:  146:
        -:  147:int
function main called 370 returned 0% blocks executed 76%
      370:  148:main(argc, argv)
        -:  149:  int argc;
        -:  150:  char **argv;
        -:  151:{
        -:  152:#ifdef REG_PERL
        -:  153:#define SHORTOPTS "shnrRuVe:f:l:i::"
        -:  154:#else
        -:  155:#define SHORTOPTS "shnruVe:f:l:i::"
        -:  156:#endif
        -:  157:
        -:  158:  static struct option longopts[] = {
        -:  159:    {"regexp-extended", 0, NULL, 'r'},
        -:  160:#ifdef REG_PERL
        -:  161:    {"regexp-perl", 0, NULL, 'R'},
        -:  162:#endif
        -:  163:    {"expression", 1, NULL, 'e'},
        -:  164:    {"file", 1, NULL, 'f'},
        -:  165:    {"in-place", 2, NULL, 'i'},
        -:  166:    {"line-length", 1, NULL, 'l'},
        -:  167:    {"quiet", 0, NULL, 'n'},
        -:  168:    {"silent", 0, NULL, 'n'},
        -:  169:    {"separate", 0, NULL, 's'},
        -:  170:    {"unbuffered", 0, NULL, 'u'},
        -:  171:    {"version", 0, NULL, 'V'},
        -:  172:    {"help", 0, NULL, 'h'},
        -:  173:    {NULL, 0, NULL, 0}
        -:  174:  };
        -:  175:
        -:  176:  int opt;
        -:  177:  int return_code;
        -:  178:
        -:  179:  initialize_main(&argc, &argv);
        -:  180:
        -:  181:#if ENABLE_NLS
        -:  182:#if HAVE_SETLOCALE
        -:  183:  /* Set locale according to user's wishes.  */
        -:  184:  setlocale (LC_ALL, "");
        -:  185:#endif
        -:  186:
        -:  187:  /* Tell program which translations to use and where to find.  */
        -:  188:  bindtextdomain (PACKAGE, LOCALEDIR);
        -:  189:  textdomain (PACKAGE);
        -:  190:#endif
        -:  191:
      370:  192:  POSIXLY_CORRECT = (getenv("POSIXLY_CORRECT") != NULL);
call    0 returned 370
        -:  193:
        -:  194:  /* If environment variable `COLS' is set, use its value for
        -:  195:     the baseline setting of `lcmd_out_line_len'.  The "-1"
        -:  196:     is to avoid gratuitous auto-line-wrap on ttys.
        -:  197:   */
        -:  198:  {
      370:  199:    const char *p = getenv("COLS");
call    0 returned 370
      370:  200:    if (p)
branch  0 taken 0 (fallthrough)
branch  1 taken 370
        -:  201:      {
    #####:  202:	countT t = ATOI(p);
    #####:  203:	if (1 < t)
branch  0 never executed
branch  1 never executed
    #####:  204:	  lcmd_out_line_len = t-1;
        -:  205:      }
        -:  206:  }
        -:  207:
        -:  208:/*
        -:  209:  More non-determinism -- SIR July 2006
        -:  210:  by Kyle R. Murphy
        -:  211:  myname = *argv;
        -:  212:*/
      370:  213:  myname = "Executable";
        -:  214:
      751:  215:  while ((opt = getopt_long(argc, argv, SHORTOPTS, longopts, NULL)) != EOF)
call    0 returned 751
branch  1 taken 385
branch  2 taken 366 (fallthrough)
        -:  216:    {
      385:  217:      switch (opt)
branch  0 taken 7
branch  1 taken 27
branch  2 taken 339
branch  3 taken 2
branch  4 taken 2
branch  5 taken 2
branch  6 taken 2
branch  7 taken 2
branch  8 taken 2
branch  9 taken 0
branch 10 taken 0
        -:  218:	{
        7:  219:	case 'n':
        7:  220:	  no_default_output = TRUE;
        7:  221:	  break;
       27:  222:	case 'e':
       27:  223:	  the_program = compile_string(the_program, optarg, strlen(optarg));
call    0 returned 27
       27:  224:	  break;
      339:  225:	case 'f':
      339:  226:	  the_program = compile_file(the_program, optarg);
call    0 returned 337
      337:  227:	  break;
        -:  228:
        2:  229:	case 'i':
        2:  230:	  separate_files = TRUE;
        2:  231:	  if (optarg == NULL)
branch  0 taken 1 (fallthrough)
branch  1 taken 1
        1:  232:	    in_place_extension = "*";
        1:  233:	  else if (strchr(optarg, '*') == NULL)
branch  0 taken 1 (fallthrough)
branch  1 taken 0
        -:  234:	    {
        1:  235:	      in_place_extension = xmalloc (strlen(optarg) + 2);
call    0 returned 1
        1:  236:	      in_place_extension[0] = '*';
        1:  237:	      strcpy (in_place_extension + 1, optarg);
        -:  238:	    }
        -:  239:	  else
    #####:  240:	    in_place_extension = ck_strdup(optarg);
call    0 never executed
        2:  241:	  break;
        -:  242:
        2:  243:	case 'l':
        2:  244:	  lcmd_out_line_len = ATOI(optarg);
        2:  245:	  break;
        2:  246:	case 'r':
        2:  247:	  if (extended_regexp_flags)
branch  0 taken 0 (fallthrough)
branch  1 taken 2
    #####:  248:	    usage(4);
call    0 never executed
        2:  249:	  extended_regexp_flags = REG_EXTENDED;
        2:  250:	  break;
        -:  251:
        -:  252:#ifdef REG_PERL
        -:  253:	case 'R':
        -:  254:	  if (extended_regexp_flags)
        -:  255:	    usage(4);
        -:  256:	  extended_regexp_flags = REG_PERL;
        -:  257:	  break;
        -:  258:#endif
        -:  259:
        2:  260:	case 's':
        2:  261:	  separate_files = TRUE;
        2:  262:	  break;
        -:  263:
        2:  264:	case 'u':
        2:  265:	  unbuffered_output = TRUE;
        2:  266:	  break;
        -:  267:
        2:  268:	case 'V':
        -:  269:#ifdef REG_PERL
        -:  270:	  fprintf(stdout, _("super-sed version %s\n"), VERSION);
        -:  271:	  fprintf(stdout, _("based on GNU sed version 3.02.80\n\n"));
        -:  272:#else
        2:  273:	  fprintf(stdout, _("GNU sed version %s\n"), VERSION);
call    0 returned 2
        -:  274:#endif
        2:  275:	  fprintf(stdout, _("%s\n\
call    0 returned 2
        -:  276:This is free software; see the source for copying conditions.  There is NO\n\
        -:  277:warranty; not even for MERCHANTABILITY or FITNESS FOR A PARTICULAR PURPOSE,\n\
        -:  278:to the extent permitted by law.\n\
        -:  279:"), COPYRIGHT_NOTICE);
        2:  280:	  ck_fclose (NULL);
call    0 returned 0
    #####:  281:	  exit (0);
call    0 never executed
    #####:  282:	case 'h':
    #####:  283:	  usage(0);
call    0 never executed
    #####:  284:	default:
    #####:  285:	  usage(4);
call    0 never executed
        -:  286:	}
        -:  287:    }
        -:  288:
      366:  289:  if (!the_program)
branch  0 taken 5 (fallthrough)
branch  1 taken 361
        -:  290:    {
        5:  291:      if (optind < argc)
branch  0 taken 5 (fallthrough)
branch  1 taken 0
        -:  292:	{
        5:  293:	  char *arg = argv[optind++];
       5*:  294:	  the_program = compile_string(the_program, arg, strlen(arg));
call    0 returned 0
        -:  295:	}
        -:  296:      else
    #####:  297:	usage(4);
call    0 never executed
        -:  298:    }
      361:  299:  check_final_program(the_program);
call    0 returned 360
        -:  300:
      360:  301:  return_code = process_files(the_program, argv+optind);
call    0 returned 360
        -:  302:
      360:  303:  finish_program(the_program);
call    0 returned 360
      360:  304:  ck_fclose(NULL);
call    0 returned 0
        -:  305:
    #####:  306:  return return_code;
        -:  307:}
        -:  308:/*  GNU SED, a batch stream editor.
        -:  309:    Copyright (C) 1989,90,91,92,93,94,95,98,99,2002,2003
        -:  310:    Free Software Foundation, Inc.
        -:  311:
        -:  312:    This program is free software; you can redistribute it and/or modify
        -:  313:    it under the terms of the GNU General Public License as published by
        -:  314:    the Free Software Foundation; either version 2, or (at your option)
        -:  315:    any later version.
        -:  316:
        -:  317:    This program is distributed in the hope that it will be useful,
        -:  318:    but WITHOUT ANY WARRANTY; without even the implied warranty of
        -:  319:    MERCHANTABILITY or FITNESS FOR A PARTICULAR PURPOSE.  See the
        -:  320:    GNU General Public License for more details.
        -:  321:
        -:  322:    You should have received a copy of the GNU General Public License
        -:  323:    along with this program; if not, write to the Free Software
        -:  324:    Foundation, 59 Temple Place - Suite 330, Boston, MA 02111-1307, USA. */
        -:  325:
        -:  326:/* compile.c: translate sed source into internal form */
        -:  327:
        -:  328:#include "config.h"
        -:  329:#include <stdio.h>
        -:  330:#include <ctype.h>
        -:  331:
        -:  332:#ifdef HAVE_STRINGS_H
        -:  333:# include <strings.h>
        -:  334:# ifdef HAVE_MEMORY_H
        -:  335:#  include <memory.h>
        -:  336:# endif
        -:  337:#else
        -:  338:# include <string.h>
        -:  339:#endif /* HAVE_STRINGS_H */
        -:  340:
        -:  341:#ifdef HAVE_STDLIB_H
        -:  342:# include <stdlib.h>
        -:  343:#endif
        -:  344:#ifndef EXIT_FAILURE
        -:  345:# define EXIT_FAILURE 1
        -:  346:#endif
        -:  347:
        -:  348:#if defined HAVE_WCTYPE_H && defined HAVE_WCHAR_H && defined HAVE_MBRTOWC
        -:  349:/* We can handle multibyte string.  */
        -:  350:# include <wchar.h>
        -:  351:# include <wctype.h>
        -:  352:# define MBS_SUPPORT
        -:  353:#endif
        -:  354:
        -:  355:#ifdef HAVE_SYS_TYPES_H
        -:  356:# include <sys/types.h>
        -:  357:#endif
        -:  358:#include "obstack.h"
        -:  359:#include "basicdefs.h"
        -:  360:#include "utils.h"
        -:  361:
        -:  362:extern flagT no_default_output;
        -:  363:extern flagT POSIXLY_CORRECT;
        -:  364:
        -:  365:
        -:  366:#define YMAP_LENGTH		256 /*XXX shouldn't this be (UCHAR_MAX+1)?*/
        -:  367:#define VECTOR_ALLOC_INCREMENT	40
        -:  368:
        -:  369:/* let's not confuse text editors that have only dumb bracket-matching... */
        -:  370:#define OPEN_BRACKET	'['
        -:  371:#define CLOSE_BRACKET	']'
        -:  372:#define OPEN_BRACE	'{'
        -:  373:#define CLOSE_BRACE	'}'
        -:  374:
        -:  375:struct prog_info {
        -:  376:  /* When we're reading a script command from a string, `prog.base'
        -:  377:     points to the first character in the string, 'prog.cur' points
        -:  378:     to the current character in the string, and 'prog.end' points
        -:  379:     to the end of the string.  This allows us to compile script
        -:  380:     strings that contain nulls. */
        -:  381:  const unsigned char *base;
        -:  382:  const unsigned char *cur;
        -:  383:  const unsigned char *end;
        -:  384:
        -:  385:  /* This is the current script file.  If it is NULL, we are reading
        -:  386:     from a string stored at `prog.cur' instead.  If both `prog.file'
        -:  387:     and `prog.cur' are NULL, we're in trouble! */
        -:  388:  FILE *file;
        -:  389:};
        -:  390:
        -:  391:/* Information used to give out useful and informative error messages. */
        -:  392:struct error_info {
        -:  393:  /* This is the name of the current script file. */
        -:  394:  const char *name;
        -:  395:
        -:  396:  /* This is the number of the current script line that we're compiling. */
        -:  397:  countT line;
        -:  398:
        -:  399:  /* This is the index of the "-e" expressions on the command line. */
        -:  400:  countT string_expr_count;
        -:  401:};
        -:  402:
        -:  403:
        -:  404:/* Label structure used to resolve GOTO's, labels, and block beginnings. */
        -:  405:struct sed_label {
        -:  406:  countT v_index;		/* index of vector element being referenced */
        -:  407:  char *name;			/* NUL-terminated name of the label */
        -:  408:  struct error_info err_info;	/* track where `{}' blocks start */
        -:  409:  struct sed_label *next;	/* linked list (stack) */
        -:  410:};
        -:  411:
        -:  412:struct special_files {
        -:  413:  char *name;
        -:  414:  FILE **pfp;
        -:  415:};
        -:  416:
        -:  417:FILE *my_stdin, *my_stdout, *my_stderr;
        -:  418:struct special_files special_files[] = {
        -:  419:  { "/dev/stdin", &my_stdin },
        -:  420:  { "/dev/stdout", &my_stdout },
        -:  421:  { "/dev/stdout", &my_stderr },
        -:  422:  { NULL, NULL }
        -:  423:};
        -:  424:
        -:  425:/* This structure tracks files opened by the `w' and `s///w' commands
        -:  426:   so that they may all be closed cleanly at normal program termination.
        -:  427:   Those marked as `special' are not closed. */
        -:  428:struct fp_list {
        -:  429:    char *name;
        -:  430:    int special;
        -:  431:    FILE *fp;
        -:  432:    struct fp_list *link;
        -:  433:  };
        -:  434:
        -:  435:
        -:  436:/* Where we are in the processing of the input. */
        -:  437:static struct prog_info prog;
        -:  438:static struct error_info cur_input;
        -:  439:
        -:  440:/* Information about labels and jumps-to-labels.  This is used to do
        -:  441:   the required backpatching after we have compiled all the scripts. */
        -:  442:static struct sed_label *jumps = NULL;
        -:  443:static struct sed_label *labels = NULL;
        -:  444:
        -:  445:/* We wish to detect #n magic only in the first input argument;
        -:  446:   this flag tracks when we have consumed the first file of input. */
        -:  447:static flagT first_script = TRUE;
        -:  448:
        -:  449:/* Allow for scripts like "sed -e 'i\' -e foo": */
        -:  450:static struct buffer *pending_text = NULL;
        -:  451:static struct text_buf *old_text_buf = NULL;
        -:  452:
        -:  453:/* Information about block start positions.  This is used to backpatch
        -:  454:   block end positions. */
        -:  455:static struct sed_label *blocks = NULL;
        -:  456:
        -:  457:/* Use an obstack for compilation. */
        -:  458:static struct obstack obs;
        -:  459:
        -:  460:/* Various error messages we may want to print */
        -:  461:static const char errors[] =
        -:  462:  "Multiple `!'s\0"
        -:  463:  "Unexpected `,'\0"
        -:  464:  "Cannot use +N or ~N as first address\0"
        -:  465:  "Unmatched `{'\0"
        -:  466:  "Unexpected `}'\0"
        -:  467:  "Extra characters after command\0"
        -:  468:  "Expected \\ after `a', `c' or `i'\0"
        -:  469:  "`}' doesn't want any addresses\0"
        -:  470:  ": doesn't want any addresses\0"
        -:  471:  "Comments don't accept any addresses\0"
        -:  472:  "Missing command\0"
        -:  473:  "Command only uses one address\0"
        -:  474:  "Unterminated address regex\0"
        -:  475:  "Unterminated `s' command\0"
        -:  476:  "Unterminated `y' command\0"
        -:  477:  "Unknown option to `s'\0"
        -:  478:  "multiple `p' options to `s' command\0"
        -:  479:  "multiple `g' options to `s' command\0"
        -:  480:  "multiple number options to `s' command\0"
        -:  481:  "number option to `s' command may not be zero\0"
        -:  482:  "strings for y command are different lengths\0"
        -:  483:  "expected newer version of sed";
        -:  484:
        -:  485:#define BAD_BANG (errors)
        -:  486:#define BAD_COMMA (BAD_BANG + sizeof(N_("Multiple `!'s")))
        -:  487:#define BAD_PLUS (BAD_COMMA + sizeof(N_("Unexpected `,'")))
        -:  488:#define EXCESS_OPEN_BRACE (BAD_PLUS + sizeof(N_("Cannot use +N or ~N as first address")))
        -:  489:#define EXCESS_CLOSE_BRACE (EXCESS_OPEN_BRACE + sizeof(N_("Unmatched `{'")))
        -:  490:#define EXCESS_JUNK (EXCESS_CLOSE_BRACE + sizeof(N_("Unexpected `}'")))
        -:  491:#define EXPECTED_SLASH (EXCESS_JUNK + sizeof(N_("Extra characters after command")))
        -:  492:#define NO_CLOSE_BRACE_ADDR (EXPECTED_SLASH + sizeof(N_("Expected \\ after `a', `c' or `i'")))
        -:  493:#define NO_COLON_ADDR (NO_CLOSE_BRACE_ADDR + sizeof(N_("`}' doesn't want any addresses")))
        -:  494:#define NO_SHARP_ADDR (NO_COLON_ADDR + sizeof(N_(": doesn't want any addresses")))
        -:  495:#define NO_COMMAND (NO_SHARP_ADDR + sizeof(N_("Comments don't accept any addresses")))
        -:  496:#define ONE_ADDR (NO_COMMAND + sizeof(N_("Missing command")))
        -:  497:#define UNTERM_ADDR_RE (ONE_ADDR + sizeof(N_("Command only uses one address")))
        -:  498:#define UNTERM_S_CMD (UNTERM_ADDR_RE + sizeof(N_("Unterminated address regex")))
        -:  499:#define UNTERM_Y_CMD (UNTERM_S_CMD + sizeof(N_("Unterminated `s' command")))
        -:  500:#define UNKNOWN_S_OPT (UNTERM_Y_CMD + sizeof(N_("Unterminated `y' command")))
        -:  501:#define EXCESS_P_OPT (UNKNOWN_S_OPT + sizeof(N_("Unknown option to `s'")))
        -:  502:#define EXCESS_G_OPT (EXCESS_P_OPT + sizeof(N_("multiple `p' options to `s' command")))
        -:  503:#define EXCESS_N_OPT (EXCESS_G_OPT + sizeof(N_("multiple `g' options to `s' command")))
        -:  504:#define ZERO_N_OPT (EXCESS_N_OPT + sizeof(N_("multiple number options to `s' command")))
        -:  505:#define Y_CMD_LEN (ZERO_N_OPT + sizeof(N_("number option to `s' command may not be zero")))
        -:  506:#define ANCIENT_VERSION (Y_CMD_LEN + sizeof(N_("strings for y command are different lengths")))
        -:  507:#define END_ERRORS (ANCIENT_VERSION + sizeof(N_("expected newer version of sed")))
        -:  508:
        -:  509:static struct fp_list *file_read = NULL;
        -:  510:static struct fp_list *file_write = NULL;
        -:  511:
        -:  512:
        -:  513:/* Read the next character from the program.  Return EOF if there isn't
        -:  514:   anything to read.  Keep cur_input.line up to date, so error messages
        -:  515:   can be meaningful. */
        -:  516:static int inchar P_((void));
        -:  517:static int
function inchar called 32614 returned 100% blocks executed 100%
    32614:  518:inchar()
        -:  519:{
    32614:  520:  int ch = EOF;
        -:  521:
    32614:  522:  if (prog.cur)
branch  0 taken 473 (fallthrough)
branch  1 taken 32141
        -:  523:    {
      473:  524:      if (prog.cur < prog.end)
branch  0 taken 420 (fallthrough)
branch  1 taken 53
      420:  525:	ch = *prog.cur++;
        -:  526:    }
    32141:  527:  else if (prog.file)
branch  0 taken 32141 (fallthrough)
branch  1 taken 0
        -:  528:    {
    32141:  529:      if (!feof(prog.file))
call    0 returned 32141
branch  1 taken 32141 (fallthrough)
branch  2 taken 0
    32141:  530:	ch = getc(prog.file);
call    0 returned 32141
        -:  531:    }
    32614:  532:  if (ch == '\n')
branch  0 taken 3307 (fallthrough)
branch  1 taken 29307
     3307:  533:    ++cur_input.line;
    32614:  534:  return ch;
        -:  535:}
        -:  536:
        -:  537:/* unget `ch' so the next call to inchar will return it.   */
        -:  538:static void savchar P_((int ch));
        -:  539:static void
function savchar called 572 returned 100% blocks executed 82%
      572:  540:savchar(ch)
        -:  541:  int ch;
        -:  542:{
      572:  543:  if (ch == EOF)
branch  0 taken 0 (fallthrough)
branch  1 taken 572
    #####:  544:    return;
      572:  545:  if (ch == '\n' && cur_input.line > 0)
branch  0 taken 13 (fallthrough)
branch  1 taken 559
branch  2 taken 13 (fallthrough)
branch  3 taken 0
       13:  546:    --cur_input.line;
      572:  547:  if (prog.cur)
branch  0 taken 11 (fallthrough)
branch  1 taken 561
        -:  548:    {
       11:  549:      if (prog.cur <= prog.base || *--prog.cur != ch)
branch  0 taken 11 (fallthrough)
branch  1 taken 0
branch  2 taken 0 (fallthrough)
branch  3 taken 11
    #####:  550:	panic(_("Called savchar() with unexpected pushback (%x)"),
    #####:  551:	      CAST(unsigned char)ch);
call    0 never executed
        -:  552:    }
        -:  553:  else
      561:  554:    ungetc(ch, prog.file);
call    0 returned 561
        -:  555:}
        -:  556:
        -:  557:/* Read the next non-blank character from the program.  */
        -:  558:static int in_nonblank P_((void));
        -:  559:static int
function in_nonblank called 3191 returned 100% blocks executed 100%
     3455:  560:in_nonblank()
        -:  561:{
        -:  562:  int ch;
        -:  563:  do
     3455:  564:    ch = inchar();
call    0 returned 3455
     3455:  565:    while (ISBLANK(ch));
branch  0 taken 262
branch  1 taken 3193 (fallthrough)
branch  2 taken 2
branch  3 taken 3191 (fallthrough)
     3191:  566:  return ch;
        -:  567:}
        -:  568:
        -:  569:/* Read an integer value from the program.  */
        -:  570:static countT in_integer P_((int ch));
        -:  571:static countT
function in_integer called 88 returned 100% blocks executed 100%
       88:  572:in_integer(ch)
        -:  573:  int ch;
        -:  574:{
       88:  575:  countT num = 0;
        -:  576:
      246:  577:  while (ISDIGIT(ch))
branch  0 taken 158
branch  1 taken 88 (fallthrough)
        -:  578:    {
      158:  579:      num = num * 10 + ch - '0';
      158:  580:      ch = inchar();
call    0 returned 158
        -:  581:    }
       88:  582:  savchar(ch);
call    0 returned 88
       88:  583:  return num;
        -:  584:}
        -:  585:
        -:  586:static int add_then_next P_((struct buffer *b, int ch));
        -:  587:static int
function add_then_next called 40 returned 100% blocks executed 100%
       40:  588:add_then_next(b, ch)
        -:  589:  struct buffer *b;
        -:  590:  int ch;
        -:  591:{
       40:  592:  add1_buffer(b, ch);
call    0 returned 40
       40:  593:  return inchar();
call    0 returned 40
        -:  594:}
        -:  595:
        -:  596:static char * convert_number P_((char *, char *, const char *, int, int, int));
        -:  597:static char *
function convert_number called 0 returned 0% blocks executed 0%
    #####:  598:convert_number(result, buf, bufend, base, maxdigits, default_char)
        -:  599:  char *result;
        -:  600:  char *buf;
        -:  601:  const char *bufend;
        -:  602:  int base;
        -:  603:  int maxdigits;
        -:  604:  int default_char;
        -:  605:{
    #####:  606:  int n = 0;
        -:  607:  char *p;
        -:  608:
    #####:  609:  for (p=buf; p < bufend && maxdigits-- > 0; ++p)
branch  0 never executed
branch  1 never executed
branch  2 never executed
branch  3 never executed
        -:  610:    {
    #####:  611:      int d = -1;
    #####:  612:      switch (*p)
branch  0 never executed
branch  1 never executed
branch  2 never executed
branch  3 never executed
branch  4 never executed
branch  5 never executed
branch  6 never executed
branch  7 never executed
branch  8 never executed
branch  9 never executed
branch 10 never executed
branch 11 never executed
branch 12 never executed
branch 13 never executed
branch 14 never executed
branch 15 never executed
branch 16 never executed
        -:  613:	{
    #####:  614:	case '0': d = 0x0; break;
    #####:  615:	case '1': d = 0x1; break;
    #####:  616:	case '2': d = 0x2; break;
    #####:  617:	case '3': d = 0x3; break;
    #####:  618:	case '4': d = 0x4; break;
    #####:  619:	case '5': d = 0x5; break;
    #####:  620:	case '6': d = 0x6; break;
    #####:  621:	case '7': d = 0x7; break;
    #####:  622:	case '8': d = 0x8; break;
    #####:  623:	case '9': d = 0x9; break;
    #####:  624:	case 'A': case 'a': d = 0xa; break;
    #####:  625:	case 'B': case 'b': d = 0xb; break;
    #####:  626:	case 'C': case 'c': d = 0xc; break;
    #####:  627:	case 'D': case 'd': d = 0xd; break;
    #####:  628:	case 'E': case 'e': d = 0xe; break;
    #####:  629:	case 'F': case 'f': d = 0xf; break;
        -:  630:	}
    #####:  631:      if (d < 0 || base <= d)
branch  0 never executed
branch  1 never executed
branch  2 never executed
branch  3 never executed
        -:  632:	break;
    #####:  633:      n = n * base + d;
        -:  634:    }
    #####:  635:  if (p == buf)
branch  0 never executed
branch  1 never executed
    #####:  636:    *result = default_char;
        -:  637:  else
    #####:  638:    *result = n;
    #####:  639:  return p;
        -:  640:}
        -:  641:
        -:  642:
        -:  643:/* Read in a filename for a `r', `w', or `s///w' command. */
        -:  644:static struct buffer *read_filename P_((void));
        -:  645:static struct buffer *
function read_filename called 231 returned 100% blocks executed 100%
      231:  646:read_filename()
        -:  647:{
        -:  648:  struct buffer *b;
        -:  649:  int ch;
        -:  650:
      231:  651:  b = init_buffer();
call    0 returned 231
      231:  652:  ch = in_nonblank();
call    0 returned 231
     3109:  653:  while (ch != EOF && ch != '\n')
branch  0 taken 3102 (fallthrough)
branch  1 taken 7
branch  2 taken 2878
branch  3 taken 224 (fallthrough)
        -:  654:    {
        -:  655:#if 0 /*XXX ZZZ 1998-09-12 kpp: added, then had second thoughts*/
        -:  656:      if (!POSIXLY_CORRECT)
        -:  657:	if (ch == ';' || ch == CLOSE_BRACE || ch == '#')
        -:  658:	  {
        -:  659:	    savchar(ch);
        -:  660:	    break;
        -:  661:	  }
        -:  662:#endif
     2878:  663:      add1_buffer(b, ch);
call    0 returned 2878
     2878:  664:      ch = inchar();
call    0 returned 2878
        -:  665:    }
      231:  666:  add1_buffer(b, '\0');
call    0 returned 231
      231:  667:  return b;
        -:  668:}
        -:  669:
        -:  670:static FILE *get_openfile P_((struct fp_list **file_ptrs, char *mode, flagT fail));
        -:  671:static FILE *
function get_openfile called 197 returned 100% blocks executed 81%
      197:  672:get_openfile(file_ptrs, mode, fail)
        -:  673:     struct fp_list **file_ptrs;
        -:  674:     char *mode;
        -:  675:     flagT fail;
        -:  676:{
        -:  677:  struct buffer *b;
        -:  678:  char *file_name;
        -:  679:  struct fp_list *p;
        -:  680:  int is_stderr;
        -:  681:
      197:  682:  b = read_filename();
call    0 returned 197
      197:  683:  file_name = get_buffer(b);
call    0 returned 197
      242:  684:  for (p=*file_ptrs; p; p=p->link)
branch  0 taken 45
branch  1 taken 197 (fallthrough)
       45:  685:    if (strcmp(p->name, file_name) == 0)
branch  0 taken 0 (fallthrough)
branch  1 taken 45
    #####:  686:      break;
        -:  687:
      197:  688:  if (!p)
branch  0 taken 197 (fallthrough)
branch  1 taken 0
        -:  689:    {
      197:  690:      FILE *fp = NULL;
      197:  691:      if (!POSIXLY_CORRECT)
branch  0 taken 197 (fallthrough)
branch  1 taken 0
        -:  692:	{
        -:  693:	  /* Check whether it is a special file (stdin, stdout or stderr) */
      197:  694:	  struct special_files *special = special_files;
        -:  695:		  
        -:  696:	  /* std* sometimes are not constants, so they
        -:  697:	     cannot be used in the initializer for special_files */
      197:  698:	  my_stdin = stdin; my_stdout = stdout; my_stderr = stderr;
      788:  699:	  for (special = special_files; special->name; special++)
branch  0 taken 591
branch  1 taken 197 (fallthrough)
      591:  700:	    if (strcmp(special->name, file_name) == 0)
branch  0 taken 0 (fallthrough)
branch  1 taken 591
        -:  701:	      {
    #####:  702:		fp = *special->pfp;
    #####:  703:		break;
        -:  704:	      }
        -:  705:	}
        -:  706:
     197*:  707:      p = OB_MALLOC(&obs, 1, struct fp_list);
branch  0 taken 0 (fallthrough)
branch  1 taken 197
call    2 never executed
branch  3 taken 0 (fallthrough)
branch  4 taken 197
branch  5 taken 0 (fallthrough)
branch  6 taken 197
      197:  708:      p->name = ck_strdup(file_name);
call    0 returned 197
      197:  709:      p->special = fp != NULL;
      197:  710:      if (!fp)
branch  0 taken 197 (fallthrough)
branch  1 taken 0
      197:  711:	fp = ck_fopen(p->name, mode, fail);
call    0 returned 197
      197:  712:      p->fp = fp;
      197:  713:      p->link = *file_ptrs;
      197:  714:      *file_ptrs = p;
        -:  715:    }
      197:  716:  free_buffer(b);
call    0 returned 197
      197:  717:  return p->fp;
        -:  718:}
        -:  719:
        -:  720:
        -:  721:static struct sed_cmd *next_cmd_entry P_((struct vector **vectorp));
        -:  722:static struct sed_cmd *
function next_cmd_entry called 2539 returned 100% blocks executed 100%
     2539:  723:next_cmd_entry(vectorp)
        -:  724:  struct vector **vectorp;
        -:  725:{
        -:  726:  struct sed_cmd *cmd;
        -:  727:  struct vector *v;
        -:  728:
     2539:  729:  v = *vectorp;
     2539:  730:  if (v->v_length == v->v_allocated)
branch  0 taken 365 (fallthrough)
branch  1 taken 2174
        -:  731:    {
      365:  732:      v->v_allocated += VECTOR_ALLOC_INCREMENT;
      365:  733:      v->v = REALLOC(v->v, v->v_allocated, struct sed_cmd);
call    0 returned 365
        -:  734:    }
        -:  735:
     2539:  736:  cmd = v->v + v->v_length;
     2539:  737:  cmd->a1 = NULL;
     2539:  738:  cmd->a2 = NULL;
     2539:  739:  cmd->a1_matched = FALSE;
     2539:  740:  cmd->addr_bang = FALSE;
     2539:  741:  cmd->cmd = '\0';	/* something invalid, to catch bugs early */
        -:  742:
     2539:  743:  *vectorp  = v;
     2539:  744:  return cmd;
        -:  745:}
        -:  746:
        -:  747:static int snarf_char_class P_((struct buffer *b));
        -:  748:static int
function snarf_char_class called 9 returned 100% blocks executed 37%
        9:  749:snarf_char_class(b)
        -:  750:  struct buffer *b;
        -:  751:{
        -:  752:  int ch;
        -:  753:
        9:  754:  ch = inchar();
call    0 returned 9
        9:  755:  if (ch == '^')
branch  0 taken 1 (fallthrough)
branch  1 taken 8
        1:  756:    ch = add_then_next(b, ch);
call    0 returned 1
        9:  757:  if (ch == CLOSE_BRACKET)
branch  0 taken 0 (fallthrough)
branch  1 taken 9
    #####:  758:    ch = add_then_next(b, ch);
call    0 never executed
       48:  759:  while (ch != EOF && ch != '\n' && ch != CLOSE_BRACKET)
branch  0 taken 48 (fallthrough)
branch  1 taken 0
branch  2 taken 48 (fallthrough)
branch  3 taken 0
branch  4 taken 39
branch  5 taken 9 (fallthrough)
        -:  760:    {
       39:  761:      if (ch == OPEN_BRACKET)
branch  0 taken 0 (fallthrough)
branch  1 taken 39
        -:  762:	{
        -:  763:	  int prev;
    #####:  764:	  int delim = ch = add_then_next(b, ch);
call    0 never executed
        -:  765:
    #####:  766:	  if (delim != '.'  &&  delim != ':'  &&  delim != '=')
branch  0 never executed
branch  1 never executed
branch  2 never executed
branch  3 never executed
branch  4 never executed
branch  5 never executed
    #####:  767:	    continue; /* bypass the add_then_next() call at bottom of loop */
    #####:  768:	  for (prev=ch=add_then_next(b, ch);
call    0 never executed
    #####:  769:		  !(ch==CLOSE_BRACKET && prev==delim); ch=add_then_next(b, ch))
branch  0 never executed
branch  1 never executed
branch  2 never executed
branch  3 never executed
        -:  770:	    {
    #####:  771:	      if (ch == EOF || ch == '\n')
branch  0 never executed
branch  1 never executed
branch  2 never executed
branch  3 never executed
    #####:  772:		return ch;
    #####:  773:	      prev = ch;
call    0 never executed
        -:  774:	    }
        -:  775:	}
        -:  776:#ifndef REG_PERL
       39:  777:      else if (ch == '\\')
branch  0 taken 0 (fallthrough)
branch  1 taken 39
        -:  778:	{
    #####:  779:	  ch = inchar();
call    0 never executed
    #####:  780:	  if (ch == EOF)
branch  0 never executed
branch  1 never executed
    #####:  781:	    break;
    #####:  782:	  if (ch != 'n' && ch != '\n')
branch  0 never executed
branch  1 never executed
branch  2 never executed
branch  3 never executed
        -:  783:	    {
    #####:  784:	      add1_buffer(b, '\\');
call    0 never executed
    #####:  785:	      continue; /* bypass the add_then_next() call at bottom of loop */
        -:  786:	    }
    #####:  787:	  ch = '\n';
        -:  788:	}
        -:  789:#endif
       39:  790:      ch = add_then_next(b, ch);
call    0 returned 39
        -:  791:    }
        -:  792:
        9:  793:  return ch;
        -:  794:}
        -:  795:
        -:  796:static struct buffer *match_slash P_((int slash, flagT regex, flagT keep_back));
        -:  797:static struct buffer *
function match_slash called 912 returned 100% blocks executed 81%
      912:  798:match_slash(slash, regex, keep_backwhack)
        -:  799:  int slash;
        -:  800:  flagT regex;
        -:  801:  flagT keep_backwhack;
        -:  802:{
        -:  803:  struct buffer *b;
        -:  804:  int ch;
        -:  805:
      912:  806:  b = init_buffer();
call    0 returned 912
     5406:  807:  while ((ch = inchar()) != EOF && ch != '\n' && ch != slash)
call    0 returned 5406
branch  1 taken 5406 (fallthrough)
branch  2 taken 0
branch  3 taken 5406 (fallthrough)
branch  4 taken 0
branch  5 taken 4494
branch  6 taken 912 (fallthrough)
        -:  808:    {
     4494:  809:      if (ch == '\\')
branch  0 taken 393 (fallthrough)
branch  1 taken 4101
        -:  810:	{
      393:  811:	  ch = inchar();
call    0 returned 393
      393:  812:	  if (ch == EOF)
branch  0 taken 0 (fallthrough)
branch  1 taken 393
    #####:  813:	    break;
        -:  814:#ifndef REG_PERL
      393:  815:	  else if (ch == 'n' && regex)
branch  0 taken 12 (fallthrough)
branch  1 taken 381
branch  2 taken 12 (fallthrough)
branch  3 taken 0
       12:  816:	    ch = '\n';
        -:  817:#endif
      381:  818:	  else if (ch != '\n' && (ch != slash || keep_backwhack))
branch  0 taken 381 (fallthrough)
branch  1 taken 0
branch  2 taken 4 (fallthrough)
branch  3 taken 377
branch  4 taken 4 (fallthrough)
branch  5 taken 0
      381:  819:	    add1_buffer(b, '\\');
call    0 returned 381
        -:  820:	}
     4101:  821:      else if (ch == OPEN_BRACKET && regex)
branch  0 taken 29 (fallthrough)
branch  1 taken 4072
branch  2 taken 9 (fallthrough)
branch  3 taken 20
        -:  822:	{
        9:  823:	  add1_buffer(b, ch);
call    0 returned 9
        9:  824:	  ch = snarf_char_class(b);
call    0 returned 9
        9:  825:	  if (ch != CLOSE_BRACKET)
branch  0 taken 0 (fallthrough)
branch  1 taken 9
    #####:  826:	    break;
        -:  827:	}
     4494:  828:      add1_buffer(b, ch);
call    0 returned 4494
        -:  829:    }
      912:  830:  if (ch == slash)
branch  0 taken 912 (fallthrough)
branch  1 taken 0
      912:  831:    return b;
        -:  832:
    #####:  833:  if (ch == '\n')
branch  0 never executed
branch  1 never executed
    #####:  834:    savchar(ch);	/* for proper line number in error report */
call    0 never executed
    #####:  835:  free_buffer(b);
call    0 never executed
    #####:  836:  return NULL;
        -:  837:}
        -:  838:
        -:  839:static flagT mark_subst_opts P_((struct subst *cmd));
        -:  840:static flagT
function mark_subst_opts called 245 returned 100% blocks executed 43%
      245:  841:mark_subst_opts(cmd)
        -:  842:  struct subst *cmd;
        -:  843:{
      245:  844:  int flags = 0;
        -:  845:  int ch;
        -:  846:
      245:  847:  cmd->global = FALSE;
      245:  848:  cmd->print = FALSE;
      245:  849:  cmd->eval = FALSE;
      245:  850:  cmd->numb = 0;
      245:  851:  cmd->fp = NULL;
        -:  852:
        -:  853:  for (;;)
      567:  854:    switch ( (ch = in_nonblank()) )
call    0 returned 567
branch  1 taken 0
branch  2 taken 0
branch  3 taken 0
branch  4 taken 112
branch  5 taken 210
branch  6 taken 152
branch  7 taken 0
branch  8 taken 0
branch  9 taken 93
branch 10 taken 0
branch 11 taken 0
        -:  855:      {
    #####:  856:      case 'i':	/* GNU extension */
        -:  857:      case 'I':	/* GNU extension */
    #####:  858:	flags |= REG_ICASE;
    #####:  859:	break;
        -:  860:
        -:  861:#ifdef REG_PERL
        -:  862:      case 's':	/* GNU extension */
        -:  863:      case 'S':	/* GNU extension */
        -:  864:	if (extended_regexp_flags & REG_PERL)
        -:  865:	  flags |= REG_DOTALL;
        -:  866:	break;
        -:  867:
        -:  868:      case 'x':	/* GNU extension */
        -:  869:      case 'X':	/* GNU extension */
        -:  870:	if (extended_regexp_flags & REG_PERL)
        -:  871:	  flags |= REG_EXTENDED;
        -:  872:	break;
        -:  873:#endif
        -:  874:
    #####:  875:      case 'm':	/* GNU extension */
        -:  876:      case 'M':	/* GNU extension */
    #####:  877:	flags |= REG_NEWLINE;
    #####:  878:	break;
        -:  879:
    #####:  880:      case 'e':
    #####:  881:	cmd->eval = TRUE;
    #####:  882:	break;
        -:  883:
      112:  884:      case 'p':
      112:  885:	if (cmd->print)
branch  0 taken 0 (fallthrough)
branch  1 taken 112
    #####:  886:	  bad_prog(_(EXCESS_P_OPT));
call    0 never executed
      112:  887:	cmd->print |= (TRUE << cmd->eval); /* 1=before eval, 2=after */
      112:  888:	break;
        -:  889:
      210:  890:      case 'g':
      210:  891:	if (cmd->global)
branch  0 taken 0 (fallthrough)
branch  1 taken 210
    #####:  892:	  bad_prog(_(EXCESS_G_OPT));
call    0 never executed
      210:  893:	cmd->global = TRUE;
      210:  894:	break;
        -:  895:
      152:  896:      case 'w':
      152:  897:	cmd->fp = get_openfile(&file_write, "w", TRUE);
call    0 returned 152
      152:  898:	return flags;
        -:  899:
    #####:  900:      case '0': case '1': case '2': case '3': case '4':
        -:  901:      case '5': case '6': case '7': case '8': case '9':
    #####:  902:	if (cmd->numb)
branch  0 never executed
branch  1 never executed
    #####:  903:	  bad_prog(_(EXCESS_N_OPT));
call    0 never executed
    #####:  904:	cmd->numb = in_integer(ch);
call    0 never executed
    #####:  905:	if (!cmd->numb)
branch  0 never executed
branch  1 never executed
    #####:  906:	  bad_prog(_(ZERO_N_OPT));
call    0 never executed
    #####:  907:	break;
        -:  908:
    #####:  909:      case CLOSE_BRACE:
        -:  910:      case '#':
    #####:  911:	savchar(ch);
call    0 never executed
        -:  912:	/* Fall Through */
       93:  913:      case EOF:
        -:  914:      case '\n':
        -:  915:      case ';':
       93:  916:	return flags;
        -:  917:
    #####:  918:      case '\r':
    #####:  919:	if (inchar() == '\n')
call    0 never executed
branch  1 never executed
branch  2 never executed
    #####:  920:	  return flags;
        -:  921:	/* FALLTHROUGH */
        -:  922:
        -:  923:      default:
    #####:  924:	bad_prog(_(UNKNOWN_S_OPT));
call    0 never executed
        -:  925:	/*NOTREACHED*/
        -:  926:      }
        -:  927:}
        -:  928:
        -:  929:
        -:  930:/* read in a label for a `:', `b', or `t' command */
        -:  931:static char *read_label P_((void));
        -:  932:static char *
function read_label called 13 returned 100% blocks executed 100%
       13:  933:read_label()
        -:  934:{
        -:  935:  struct buffer *b;
        -:  936:  int ch;
        -:  937:  char *ret;
        -:  938:
       13:  939:  b = init_buffer();
call    0 returned 13
       13:  940:  ch = in_nonblank();
call    0 returned 13
        -:  941:
       53:  942:  while (ch != EOF && ch != '\n'
branch  0 taken 27 (fallthrough)
branch  1 taken 13
       67:  943:	 && !ISBLANK(ch) && ch != ';' && ch != CLOSE_BRACE && ch != '#')
branch  0 taken 40 (fallthrough)
branch  1 taken 0
branch  2 taken 27 (fallthrough)
branch  3 taken 0
branch  4 taken 27 (fallthrough)
branch  5 taken 0
branch  6 taken 27 (fallthrough)
branch  7 taken 0
branch  8 taken 27 (fallthrough)
branch  9 taken 0
branch 10 taken 27
branch 11 taken 0 (fallthrough)
        -:  944:    {
       27:  945:      add1_buffer(b, ch);
call    0 returned 27
       27:  946:      ch = inchar();
call    0 returned 27
        -:  947:    }
       13:  948:  savchar(ch);
call    0 returned 13
       13:  949:  add1_buffer(b, '\0');
call    0 returned 13
       13:  950:  ret = ck_strdup(get_buffer(b));
call    0 returned 13
call    1 returned 13
       13:  951:  free_buffer(b);
call    0 returned 13
       13:  952:  return ret;
        -:  953:}
        -:  954:
        -:  955:/* Store a label (or label reference) created by a `:', `b', or `t'
        -:  956:   command so that the jump to/from the label can be backpatched after
        -:  957:   compilation is complete, or a reference created by a `{' to be
        -:  958:   backpatched when the corresponding `}' is found.  */
        -:  959:static struct sed_label *setup_label
        -:  960:  P_((struct sed_label *, countT, char *, const struct error_info *));
        -:  961:static struct sed_label *
function setup_label called 343 returned 100% blocks executed 70%
      343:  962:setup_label(list, idx, name, err_info)
        -:  963:  struct sed_label *list;
        -:  964:  countT idx;
        -:  965:  char *name;
        -:  966:  const struct error_info *err_info;
        -:  967:{
     343*:  968:  struct sed_label *ret = OB_MALLOC(&obs, 1, struct sed_label);
branch  0 taken 0 (fallthrough)
branch  1 taken 343
call    2 never executed
branch  3 taken 0 (fallthrough)
branch  4 taken 343
branch  5 taken 0 (fallthrough)
branch  6 taken 343
      343:  969:  ret->v_index = idx;
      343:  970:  ret->name = name;
      343:  971:  if (err_info)
branch  0 taken 330 (fallthrough)
branch  1 taken 13
      330:  972:    MEMCPY(&ret->err_info, err_info, sizeof ret->err_info);
      343:  973:  ret->next = list;
      343:  974:  return ret;
        -:  975:}
        -:  976:
        -:  977:static struct sed_label *release_label P_((struct sed_label *list_head));
        -:  978:static struct sed_label *
function release_label called 342 returned 100% blocks executed 80%
      342:  979:release_label(list_head)
        -:  980:  struct sed_label *list_head;
        -:  981:{
        -:  982:  struct sed_label *ret;
        -:  983:
      342:  984:  if (!list_head)
branch  0 taken 0 (fallthrough)
branch  1 taken 342
    #####:  985:    return NULL;
      342:  986:  ret = list_head->next;
        -:  987:
      342:  988:  FREE(list_head->name);
call    0 returned 342
        -:  989:
        -:  990:#if 0
        -:  991:  /* We use obstacks */
        -:  992:  FREE(list_head);
        -:  993:#endif
      342:  994:  return ret;
        -:  995:}
        -:  996:
        -:  997:static struct replacement *new_replacement P_((char *, size_t,
        -:  998:					       enum replacement_types));
        -:  999:static struct replacement *
function new_replacement called 253 returned 100% blocks executed 62%
      253: 1000:new_replacement(text, length, type)
        -: 1001:  char *text;
        -: 1002:  size_t length;
        -: 1003:  enum replacement_types type;
        -: 1004:{
     253*: 1005:  struct replacement *r = OB_MALLOC(&obs, 1, struct replacement);
branch  0 taken 0 (fallthrough)
branch  1 taken 253
call    2 never executed
branch  3 taken 0 (fallthrough)
branch  4 taken 253
branch  5 taken 0 (fallthrough)
branch  6 taken 253
        -: 1006:
      253: 1007:  r->prefix = text;
      253: 1008:  r->prefix_length = length;
      253: 1009:  r->subst_id = -1;
      253: 1010:  r->repl_type = type;
        -: 1011:
        -: 1012:  /* r-> next = NULL; */
      253: 1013:  return r;
        -: 1014:}
        -: 1015:
        -: 1016:static void setup_replacement P_((struct subst *, const char *, size_t));
        -: 1017:static void
function setup_replacement called 245 returned 100% blocks executed 69%
      245: 1018:setup_replacement(sub, text, length)
        -: 1019:     struct subst *sub;
        -: 1020:     const char *text;
        -: 1021:     size_t length;
        -: 1022:{
        -: 1023:  char *base;
        -: 1024:  char *p;
        -: 1025:  char *text_end;
      245: 1026:  enum replacement_types repl_type = repl_asis, save_type = repl_asis;
        -: 1027:  struct replacement root;
        -: 1028:  struct replacement *tail;
        -: 1029:
      245: 1030:  sub->max_id = 0;
      245: 1031:  base = MEMDUP(text, length, char);
call    0 returned 245
      245: 1032:  length = normalize_text(base, length);
call    0 returned 245
        -: 1033:
      245: 1034:  text_end = base + length;
      245: 1035:  tail = &root;
        -: 1036:
     1770: 1037:  for (p=base; p<text_end; ++p)
branch  0 taken 1525
branch  1 taken 245 (fallthrough)
        -: 1038:    {
     1525: 1039:      if (*p == '\\')
branch  0 taken 42 (fallthrough)
branch  1 taken 1483
        -: 1040:	{
        -: 1041:	  /* Preceding the backslash may be some literal text: */
       42: 1042:	  tail = tail->next =
       42: 1043:	    new_replacement(base, CAST(size_t)(p - base), repl_type);
call    0 returned 42
        -: 1044:
       42: 1045:	  repl_type = save_type;
        -: 1046:
        -: 1047:	  /* Skip the backslash and look for a numeric back-reference: */
       42: 1048:	  ++p;
       42: 1049:	  if (p<text_end)
branch  0 taken 42 (fallthrough)
branch  1 taken 0
       42: 1050:	    switch (*p)
branch  0 taken 0
branch  1 taken 0
branch  2 taken 0
branch  3 taken 0
branch  4 taken 0
branch  5 taken 0
branch  6 taken 42
        -: 1051:	      {
    #####: 1052:	      case '0': case '1': case '2': case '3': case '4': 
        -: 1053:	      case '5': case '6': case '7': case '8': case '9': 
    #####: 1054:		tail->subst_id = *p - '0';
    #####: 1055:		if (sub->max_id < tail->subst_id)
branch  0 never executed
branch  1 never executed
    #####: 1056:		  sub->max_id = tail->subst_id;
    #####: 1057:		break;
        -: 1058:
    #####: 1059:	      case 'L':
    #####: 1060:		repl_type = repl_lowercase;
    #####: 1061:		save_type = repl_lowercase;
    #####: 1062:		break;
        -: 1063:
    #####: 1064:	      case 'U':
    #####: 1065:		repl_type = repl_uppercase;
    #####: 1066:		save_type = repl_uppercase;
    #####: 1067:		break;
        -: 1068:		
    #####: 1069:	      case 'E':
    #####: 1070:		repl_type = repl_asis;
    #####: 1071:		save_type = repl_asis;
    #####: 1072:		break;
        -: 1073:
    #####: 1074:	      case 'l':
    #####: 1075:		save_type = repl_type;
    #####: 1076:		repl_type |= repl_lowercase_first;
    #####: 1077:		break;
        -: 1078:
    #####: 1079:	      case 'u':
    #####: 1080:		save_type = repl_type;
    #####: 1081:		repl_type |= repl_uppercase_first;
    #####: 1082:		break;
        -: 1083:		
       42: 1084:	      default:
       42: 1085:		p[-1] = *p;
       42: 1086:		++tail->prefix_length;
        -: 1087:	      }
        -: 1088:
       42: 1089:	  base = p + 1;
        -: 1090:	}
     1483: 1091:      else if (*p == '&')
branch  0 taken 17 (fallthrough)
branch  1 taken 1466
        -: 1092:	{
        -: 1093:	  /* Preceding the ampersand may be some literal text: */
       17: 1094:	  tail = tail->next =
       17: 1095:	    new_replacement(base, CAST(size_t)(p - base), repl_type);
call    0 returned 17
        -: 1096:
       17: 1097:	  repl_type = save_type;
       17: 1098:	  tail->subst_id = 0;
       17: 1099:	  base = p + 1;
        -: 1100:	}
        -: 1101:  }
        -: 1102:  /* There may be some trailing literal text: */
      245: 1103:  if (base < text_end)
branch  0 taken 194 (fallthrough)
branch  1 taken 51
      194: 1104:    tail = tail->next =
      194: 1105:      new_replacement(base, CAST(size_t)(text_end - base), repl_type);
call    0 returned 194
        -: 1106:
      245: 1107:  tail->next = NULL;
      245: 1108:  sub->replacement = root.next;
      245: 1109:}
        -: 1110:
        -: 1111:static void read_text P_((struct text_buf *buf, int leadin_ch));
        -: 1112:static void
function read_text called 106 returned 100% blocks executed 79%
      106: 1113:read_text(buf, leadin_ch)
        -: 1114:  struct text_buf *buf;
        -: 1115:  int leadin_ch;
        -: 1116:{
        -: 1117:  int ch;
        -: 1118:
        -: 1119:  /* Should we start afresh (as opposed to continue a partial text)? */
      106: 1120:  if (buf)
branch  0 taken 106 (fallthrough)
branch  1 taken 0
        -: 1121:    {
      106: 1122:      if (pending_text)
branch  0 taken 0 (fallthrough)
branch  1 taken 106
    #####: 1123:	free_buffer(pending_text);
call    0 never executed
      106: 1124:      pending_text = init_buffer();
call    0 returned 106
      106: 1125:      buf->text = NULL;
      106: 1126:      buf->text_length = 0;
      106: 1127:      old_text_buf = buf;
        -: 1128:    }
        -: 1129:  /* assert(old_text_buf != NULL); */
        -: 1130:
      106: 1131:  if (leadin_ch == EOF)
branch  0 taken 0 (fallthrough)
branch  1 taken 106
    #####: 1132:    return;
        -: 1133:#ifndef NO_INPUT_INDENT
      106: 1134:  if (leadin_ch != '\n')
branch  0 taken 0 (fallthrough)
branch  1 taken 106
    #####: 1135:    add1_buffer(pending_text, leadin_ch);
call    0 never executed
      106: 1136:  ch = inchar();
call    0 returned 106
        -: 1137:#else /*NO_INPUT_INDENT*/
        -: 1138:  if (leadin_ch == '\n')
        -: 1139:    ch = in_nonblank();
        -: 1140:  else
        -: 1141:    {
        -: 1142:      add1_buffer(pending_text, leadin_ch);
        -: 1143:      ch = inchar();
        -: 1144:    }
        -: 1145:#endif /*NO_INPUT_INDENT*/
        -: 1146:
     2629: 1147:  while (ch!=EOF && ch!='\n')
branch  0 taken 2629 (fallthrough)
branch  1 taken 0
branch  2 taken 2523
branch  3 taken 106 (fallthrough)
        -: 1148:    {
     2523: 1149:      if (ch == '\\')
branch  0 taken 14 (fallthrough)
branch  1 taken 2509
       14: 1150:	ch = inchar();
call    0 returned 14
     2523: 1151:      if (ch == EOF)
branch  0 taken 0 (fallthrough)
branch  1 taken 2523
        -: 1152:	{
    #####: 1153:	  add1_buffer(pending_text, '\n');
call    0 never executed
    #####: 1154:	  return;
        -: 1155:	}
     2523: 1156:      add1_buffer(pending_text, ch);
call    0 returned 2523
        -: 1157:#ifdef NO_INPUT_INDENT
        -: 1158:      if (ch == '\n')
        -: 1159:	ch = in_nonblank();
        -: 1160:      else
        -: 1161:#endif /*NO_INPUT_INDENT*/
     2523: 1162:	ch = inchar();
call    0 returned 2523
        -: 1163:    }
      106: 1164:  add1_buffer(pending_text, '\n');
call    0 returned 106
        -: 1165:
      106: 1166:  if (!buf)
branch  0 taken 0 (fallthrough)
branch  1 taken 106
    #####: 1167:    buf = old_text_buf;
      106: 1168:  buf->text_length = size_buffer(pending_text);
call    0 returned 106
      106: 1169:  buf->text = MEMDUP(get_buffer(pending_text), buf->text_length, char);
call    0 returned 106
call    1 returned 106
      106: 1170:  free_buffer(pending_text);
call    0 returned 106
      106: 1171:  pending_text = NULL;
        -: 1172:}
        -: 1173:
        -: 1174:
        -: 1175:/* Try to read an address for a sed command.  If it succeeds,
        -: 1176:   return non-zero and store the resulting address in `*addr'.
        -: 1177:   If the input doesn't look like an address read nothing
        -: 1178:   and return zero.  */
        -: 1179:static flagT compile_address P_((struct addr *addr, int ch));
        -: 1180:static flagT
function compile_address called 2584 returned 100% blocks executed 60%
     2584: 1181:compile_address(addr, ch)
        -: 1182:  struct addr *addr;
        -: 1183:  int ch;
        -: 1184:{
     2584: 1185:  addr->addr_type = addr_is_null;
     2584: 1186:  addr->addr_step = 0;
     2584: 1187:  addr->addr_number = ~(countT)0;  /* extremely unlikely to ever match */
     2584: 1188:  addr->addr_regex = NULL;
        -: 1189:
     2584: 1190:  if (ch == '/' || ch == '\\')
branch  0 taken 2201 (fallthrough)
branch  1 taken 383
branch  2 taken 0 (fallthrough)
branch  3 taken 2201
        -: 1191:    {
      383: 1192:      int flags = 0;
        -: 1193:      struct buffer *b;
      383: 1194:      addr->addr_type = addr_is_regex;
      383: 1195:      if (ch == '\\')
branch  0 taken 0 (fallthrough)
branch  1 taken 383
    #####: 1196:	ch = inchar();
call    0 never executed
      383: 1197:      if ( !(b = match_slash(ch, TRUE, TRUE)) )
call    0 returned 383
branch  1 taken 0 (fallthrough)
branch  2 taken 383
    #####: 1198:	bad_prog(_(UNTERM_ADDR_RE));
call    0 never executed
        -: 1199:
        -: 1200:      for(;;)
        -: 1201:	{
     383*: 1202:	  ch = in_nonblank();
call    0 returned 383
      383: 1203:          switch(ch)
branch  0 taken 0
branch  1 taken 0
branch  2 taken 383
        -: 1204:	    {
    #####: 1205:	    case 'I':	/* GNU extension */
    #####: 1206:	      flags |= REG_ICASE;
    #####: 1207:	      break;
        -: 1208:
        -: 1209:#ifdef REG_PERL
        -: 1210:	    case 'S':	/* GNU extension */
        -: 1211:	      if (extended_regexp_flags & REG_PERL)
        -: 1212:		flags |= REG_DOTALL;
        -: 1213:	      break;
        -: 1214:
        -: 1215:	    case 'X':	/* GNU extension */
        -: 1216:	      if (extended_regexp_flags & REG_PERL)
        -: 1217:		flags |= REG_EXTENDED;
        -: 1218:	      break;
        -: 1219:#endif
        -: 1220:
    #####: 1221:	    case 'M':	/* GNU extension */
    #####: 1222:	      flags |= REG_NEWLINE;
    #####: 1223:	      break;
        -: 1224:
      383: 1225:	    default:
      383: 1226:	      savchar (ch);
call    0 returned 383
      383: 1227:	      addr->addr_regex = compile_regex (b, flags, 0);
call    0 returned 383
      383: 1228:	      free_buffer(b);
call    0 returned 383
      383: 1229:	      return TRUE;
        -: 1230:	    }
        -: 1231:	}
        -: 1232:    }
     2201: 1233:  else if (ISDIGIT(ch))
branch  0 taken 88 (fallthrough)
branch  1 taken 2113
        -: 1234:    {
       88: 1235:      addr->addr_number = in_integer(ch);
call    0 returned 88
       88: 1236:      addr->addr_type = addr_is_num;
       88: 1237:      ch = in_nonblank();
call    0 returned 88
       88: 1238:      if (ch != '~')
branch  0 taken 88 (fallthrough)
branch  1 taken 0
        -: 1239:	{
       88: 1240:	  savchar(ch);
call    0 returned 88
        -: 1241:	}
        -: 1242:      else
        -: 1243:	{
    #####: 1244:	  countT step = in_integer(in_nonblank());
call    0 never executed
call    1 never executed
    #####: 1245:	  if (step > 0)
branch  0 never executed
branch  1 never executed
        -: 1246:	    {
    #####: 1247:	      addr->addr_step = step;
    #####: 1248:	      addr->addr_type = addr_is_num_mod;
        -: 1249:	    }
        -: 1250:	}
        -: 1251:    }
     2113: 1252:  else if (ch == '+' || ch == '~')
branch  0 taken 2113 (fallthrough)
branch  1 taken 0
branch  2 taken 0 (fallthrough)
branch  3 taken 2113
        -: 1253:    {
    #####: 1254:      addr->addr_step = in_integer(in_nonblank());
call    0 never executed
call    1 never executed
    #####: 1255:      if (addr->addr_step==0)
branch  0 never executed
branch  1 never executed
        -: 1256:	; /* default to addr_is_null; forces matching to stop on next line */
    #####: 1257:      else if (ch == '+')
branch  0 never executed
branch  1 never executed
    #####: 1258:	addr->addr_type = addr_is_step;
        -: 1259:      else
    #####: 1260:	addr->addr_type = addr_is_step_mod;
        -: 1261:    }
     2113: 1262:  else if (ch == '$')
branch  0 taken 13 (fallthrough)
branch  1 taken 2100
        -: 1263:    {
       13: 1264:      addr->addr_type = addr_is_last;
        -: 1265:    }
        -: 1266:  else
     2100: 1267:    return FALSE;
        -: 1268:
      101: 1269:  return TRUE;
        -: 1270:}
        -: 1271:
        -: 1272:/* Read a program (or a subprogram within `{' `}' pairs) in and store
        -: 1273:   the compiled form in `*vector'.  Return a pointer to the new vector.  */
        -: 1274:static struct vector *compile_program P_((struct vector *));
        -: 1275:static struct vector *
function compile_program called 369 returned 99% blocks executed 72%
      369: 1276:compile_program(vector)
        -: 1277:  struct vector *vector;
        -: 1278:{
        -: 1279:  struct sed_cmd *cur_cmd;
        -: 1280:  struct buffer *b;
        -: 1281:  int ch;
        -: 1282:
      369: 1283:  if (!vector)
branch  0 taken 366 (fallthrough)
branch  1 taken 3
        -: 1284:    {
      366: 1285:      vector = MALLOC(1, struct vector);
call    0 returned 366
      366: 1286:      vector->v = NULL;
      366: 1287:      vector->v_allocated = 0;
      366: 1288:      vector->v_length = 0;
        -: 1289:
      366: 1290:      obstack_init (&obs);
call    0 returned 366
        -: 1291:    }
      369: 1292:  if (pending_text)
branch  0 taken 0 (fallthrough)
branch  1 taken 369
    #####: 1293:    read_text(NULL, '\n');
call    0 never executed
        -: 1294:
        -: 1295:  for (;;)
     2534: 1296:    {
        -: 1297:      struct addr a;
        -: 1298:
    10609: 1299:      while ((ch=inchar()) == ';' || ISSPACE(ch))
call    0 returned 10609
branch  1 taken 0
branch  2 taken 10609 (fallthrough)
branch  3 taken 7706
branch  4 taken 2903 (fallthrough)
        -: 1300:	;
     2903: 1301:      if (ch == EOF)
branch  0 taken 364 (fallthrough)
branch  1 taken 2539
      364: 1302:	break;
        -: 1303:
     2539: 1304:      cur_cmd = next_cmd_entry(&vector);
call    0 returned 2539
     2539: 1305:      if (compile_address(&a, ch))
call    0 returned 2539
branch  1 taken 439 (fallthrough)
branch  2 taken 2100
        -: 1306:	{
      439: 1307:	  if (a.addr_type == addr_is_step
branch  0 taken 439 (fallthrough)
branch  1 taken 0
      439: 1308:	      || a.addr_type == addr_is_step_mod)
branch  0 taken 0 (fallthrough)
branch  1 taken 439
    #####: 1309:	    bad_prog(_(BAD_PLUS));
call    0 never executed
        -: 1310:
      439: 1311:	  cur_cmd->a1 = MEMDUP(&a, 1, struct addr);
call    0 returned 439
      439: 1312:	  ch = in_nonblank();
call    0 returned 439
      439: 1313:	  if (ch == ',')
branch  0 taken 45 (fallthrough)
branch  1 taken 394
        -: 1314:	    {
       45: 1315:	      if (!compile_address(&a, in_nonblank()))
call    0 returned 45
call    1 returned 45
branch  2 taken 0 (fallthrough)
branch  3 taken 45
    #####: 1316:		bad_prog(_(BAD_COMMA));
call    0 never executed
       45: 1317:	      if (a.addr_type == addr_is_num)
branch  0 taken 21 (fallthrough)
branch  1 taken 24
       21: 1318:		a.addr_type = addr_is_num2;
       45: 1319:	      cur_cmd->a2 = MEMDUP(&a, 1, struct addr);
call    0 returned 45
       45: 1320:	      ch = in_nonblank();
call    0 returned 45
       45: 1321:	      if ((cur_cmd->a1->addr_type == addr_is_num
branch  0 taken 19 (fallthrough)
branch  1 taken 26
       19: 1322:		   || cur_cmd->a1->addr_type == addr_is_num_mod)
branch  0 taken 0 (fallthrough)
branch  1 taken 19
       26: 1323:	      	  && cur_cmd->a1->addr_number == 0)
branch  0 taken 0 (fallthrough)
branch  1 taken 26
    #####: 1324:		cur_cmd->a1_matched = TRUE;
        -: 1325:	    }
        -: 1326:	}
     2539: 1327:      if (ch == '!')
branch  0 taken 20 (fallthrough)
branch  1 taken 2519
        -: 1328:	{
       20: 1329:	  cur_cmd->addr_bang = TRUE;
       20: 1330:	  ch = in_nonblank();
call    0 returned 20
       20: 1331:	  if (ch == '!')
branch  0 taken 0 (fallthrough)
branch  1 taken 20
    #####: 1332:	    bad_prog(_(BAD_BANG));
call    0 never executed
        -: 1333:	}
        -: 1334:
     2539: 1335:      cur_cmd->cmd = ch;
    2539*: 1336:      switch (ch)
branch  0 taken 507
branch  1 taken 0
branch  2 taken 330
branch  3 taken 329
branch  4 taken 0
branch  5 taken 70
branch  6 taken 36
branch  7 taken 4
branch  8 taken 9
branch  9 taken 35
branch 10 taken 40
branch 11 taken 2
branch 12 taken 809
branch 13 taken 34
branch 14 taken 0
branch 15 taken 45
branch 16 taken 245
branch 17 taken 39
branch 18 taken 0
branch 19 taken 5
        -: 1337:	{
      507: 1338:	case '#':
      507: 1339:	  if (cur_cmd->a1)
branch  0 taken 0 (fallthrough)
branch  1 taken 507
    #####: 1340:	    bad_prog(_(NO_SHARP_ADDR));
call    0 never executed
      507: 1341:	  ch = inchar();
call    0 returned 507
      507: 1342:	  if (ch=='n' && first_script && cur_input.line < 2)
branch  0 taken 211 (fallthrough)
branch  1 taken 296
branch  2 taken 211 (fallthrough)
branch  3 taken 0
branch  4 taken 211 (fallthrough)
branch  5 taken 0
     211*: 1343:	    if (   (prog.base && prog.cur==2+prog.base)
branch  0 taken 0 (fallthrough)
branch  1 taken 211
branch  2 never executed
branch  3 never executed
      211: 1344:		|| (prog.file && !prog.base && 2==ftell(prog.file)))
branch  0 taken 211 (fallthrough)
branch  1 taken 0
branch  2 taken 211 (fallthrough)
branch  3 taken 0
call    4 returned 211
branch  5 taken 211 (fallthrough)
branch  6 taken 0
      211: 1345:	      no_default_output = TRUE;
     6278: 1346:	  while (ch != EOF && ch != '\n')
branch  0 taken 6278 (fallthrough)
branch  1 taken 0
branch  2 taken 5771
branch  3 taken 507 (fallthrough)
     5771: 1347:	    ch = inchar();
call    0 returned 5771
      507: 1348:	  continue;	/* restart the for (;;) loop */
        -: 1349:
    #####: 1350:	case 'v':
        -: 1351:          /* This is an extension.  Programs needing GNU sed might start
        -: 1352:           * with a `v' command so that other seds will stop.
        -: 1353:           * We compare the version ignore it.
        -: 1354:           */
        -: 1355:          {
    #####: 1356:            char *version = read_label ();
call    0 never executed
        -: 1357:            char *compared_version;
    #####: 1358:            compared_version = (*version == '\0') ? "4.0" : version;
branch  0 never executed
branch  1 never executed
        -: 1359:	    
        -: 1360:	    /*
        -: 1361:	      Removed by Kyle R. Murphy July 2006 for SIR compatability
        -: 1362:            if (strverscmp (compared_version, SED_FEATURE_VERSION) > 0)
        -: 1363:              bad_prog(_(ANCIENT_VERSION));
        -: 1364:	    */
    #####: 1365:            free (version);
    #####: 1366:	    POSIXLY_CORRECT = 0;
        -: 1367:          }
    #####: 1368:	  continue;
        -: 1369:
      330: 1370:	case '{':
      330: 1371:	  blocks = setup_label(blocks, vector->v_length, NULL, &cur_input);
call    0 returned 330
      330: 1372:	  cur_cmd->addr_bang = !cur_cmd->addr_bang;
      330: 1373:	  break;
        -: 1374:
      329: 1375:	case '}':
      329: 1376:	  if (!blocks)
branch  0 taken 0 (fallthrough)
branch  1 taken 329
    #####: 1377:	    bad_prog(_(EXCESS_CLOSE_BRACE));
call    0 never executed
      329: 1378:	  if (cur_cmd->a1)
branch  0 taken 0 (fallthrough)
branch  1 taken 329
    #####: 1379:	    bad_prog(_(NO_CLOSE_BRACE_ADDR));
call    0 never executed
      329: 1380:	  ch = in_nonblank();
call    0 returned 329
      329: 1381:	  if (ch == CLOSE_BRACE || ch == '#')
branch  0 taken 329 (fallthrough)
branch  1 taken 0
branch  2 taken 0 (fallthrough)
branch  3 taken 329
    #####: 1382:	    savchar(ch);
call    0 never executed
     329*: 1383:	  else if (ch != EOF && ch != '\n' && ch != ';')
branch  0 taken 329 (fallthrough)
branch  1 taken 0
branch  2 taken 0 (fallthrough)
branch  3 taken 329
branch  4 never executed
branch  5 never executed
    #####: 1384:	    bad_prog(_(EXCESS_JUNK));
call    0 never executed
        -: 1385:
      329: 1386:	  vector->v[blocks->v_index].x.jump_index = vector->v_length;
      329: 1387:	  blocks = release_label(blocks);	/* done with this entry */
call    0 returned 329
      329: 1388:	  break;
        -: 1389:
    #####: 1390:	case 'e':
    #####: 1391:	  ch = in_nonblank();
call    0 never executed
    #####: 1392:	  if (ch == EOF || ch == '\n')
branch  0 never executed
branch  1 never executed
branch  2 never executed
branch  3 never executed
        -: 1393:	    {
    #####: 1394:	      cur_cmd->x.cmd_txt.text_length = 0;
    #####: 1395:	      break;
        -: 1396:	    }
        -: 1397:	  else
    #####: 1398:	    goto read_text_to_slash;
        -: 1399:
       70: 1400:	case 'a':
        -: 1401:	case 'i':
      70*: 1402:	  if (POSIXLY_CORRECT && cur_cmd->a2)
branch  0 taken 0 (fallthrough)
branch  1 taken 70
branch  2 never executed
branch  3 never executed
    #####: 1403:	    bad_prog(_(ONE_ADDR));
call    0 never executed
        -: 1404:	  /* Fall Through */
        -: 1405:
        -: 1406:	case 'c':
      106: 1407:	  ch = in_nonblank();
call    0 returned 106
        -: 1408:
      106: 1409:	read_text_to_slash:
      106: 1410:	  if (ch == EOF)
branch  0 taken 0 (fallthrough)
branch  1 taken 106
    #####: 1411:	    bad_prog(_(EXPECTED_SLASH));
call    0 never executed
        -: 1412:	      
      106: 1413:	  if (ch == '\\')
branch  0 taken 106 (fallthrough)
branch  1 taken 0
      106: 1414:	    ch = inchar();
call    0 returned 106
        -: 1415:	  else
        -: 1416:	    {
    #####: 1417:	      savchar(ch);
call    0 never executed
    #####: 1418:	      ch = '\n';
        -: 1419:	    }
        -: 1420:
      106: 1421:	  read_text(&cur_cmd->x.cmd_txt, ch);
call    0 returned 106
      106: 1422:	  break;
        -: 1423:
        4: 1424:	case ':':
        4: 1425:	  if (cur_cmd->a1)
branch  0 taken 0 (fallthrough)
branch  1 taken 4
    #####: 1426:	    bad_prog(_(NO_COLON_ADDR));
call    0 never executed
        4: 1427:	  labels = setup_label(labels, vector->v_length, read_label(), NULL);
call    0 returned 4
call    1 returned 4
        4: 1428:	  break;
        -: 1429:	
        9: 1430:	case 'b':
        -: 1431:	case 't':
        -: 1432:	case 'T':
        9: 1433:	  jumps = setup_label(jumps, vector->v_length, read_label(), NULL);
call    0 returned 9
call    1 returned 9
        9: 1434:	  break;
        -: 1435:
       35: 1436:	case 'q':
        -: 1437:	case 'Q':
       35: 1438:	  if (cur_cmd->a2)
branch  0 taken 0 (fallthrough)
branch  1 taken 35
    #####: 1439:	    bad_prog(_(ONE_ADDR));
call    0 never executed
        -: 1440:	  /* Fall through */
        -: 1441:
        -: 1442:	case 'l':
        -: 1443:	case 'L':
      75*: 1444:	  if (POSIXLY_CORRECT && cur_cmd->a2)
branch  0 taken 0 (fallthrough)
branch  1 taken 75
branch  2 never executed
branch  3 never executed
    #####: 1445:	    bad_prog(_(ONE_ADDR));
call    0 never executed
        -: 1446:
       75: 1447:	  ch = in_nonblank();
call    0 returned 75
       75: 1448:	  if (ISDIGIT(ch)) 
branch  0 taken 0 (fallthrough)
branch  1 taken 75
        -: 1449:	    {
    #####: 1450:	      cur_cmd->x.int_arg = in_integer(ch);
call    0 never executed
    #####: 1451:	      ch = in_nonblank();
call    0 never executed
        -: 1452:	    }
        -: 1453:	  else
       75: 1454:	    cur_cmd->x.int_arg = -1;
        -: 1455:
       75: 1456:	  if (ch == CLOSE_BRACE || ch == '#')
branch  0 taken 75 (fallthrough)
branch  1 taken 0
branch  2 taken 0 (fallthrough)
branch  3 taken 75
    #####: 1457:	    savchar(ch);
call    0 never executed
       75: 1458:	  else if (ch != EOF && ch != '\n' && ch != ';')
branch  0 taken 73 (fallthrough)
branch  1 taken 2
branch  2 taken 4 (fallthrough)
branch  3 taken 69
branch  4 taken 0 (fallthrough)
branch  5 taken 4
    #####: 1459:	    bad_prog(_(EXCESS_JUNK));
call    0 never executed
        -: 1460:
       75: 1461:	  break;
        -: 1462:
        2: 1463:	case '=':
       2*: 1464:	  if (POSIXLY_CORRECT && cur_cmd->a2)
branch  0 taken 0 (fallthrough)
branch  1 taken 2
branch  2 never executed
branch  3 never executed
    #####: 1465:	    bad_prog(_(ONE_ADDR));
call    0 never executed
        -: 1466:	  /* Fall Through */
        -: 1467:	case 'd':
        -: 1468:	case 'D':
        -: 1469:	case 'g':
        -: 1470:	case 'G':
        -: 1471:	case 'h':
        -: 1472:	case 'H':
        -: 1473:	case 'n':
        -: 1474:	case 'N':
        -: 1475:	case 'p':
        -: 1476:	case 'P':
        -: 1477:	case 'x':
      811: 1478:	  ch = in_nonblank();
call    0 returned 811
      811: 1479:	  if (ch == CLOSE_BRACE || ch == '#')
branch  0 taken 811 (fallthrough)
branch  1 taken 0
branch  2 taken 0 (fallthrough)
branch  3 taken 811
    #####: 1480:	    savchar(ch);
call    0 never executed
      811: 1481:	  else if (ch != EOF && ch != '\n' && ch != ';')
branch  0 taken 806 (fallthrough)
branch  1 taken 5
branch  2 taken 73 (fallthrough)
branch  3 taken 733
branch  4 taken 0 (fallthrough)
branch  5 taken 73
    #####: 1482:	    bad_prog(_(EXCESS_JUNK));
call    0 never executed
      811: 1483:	  break;
        -: 1484:
       34: 1485:	case 'r':
      34*: 1486:	  if (POSIXLY_CORRECT && cur_cmd->a2)
branch  0 taken 0 (fallthrough)
branch  1 taken 34
branch  2 never executed
branch  3 never executed
    #####: 1487:	    bad_prog(_(ONE_ADDR));
call    0 never executed
       34: 1488:	  b = read_filename();
call    0 returned 34
       34: 1489:	  cur_cmd->x.fname = ck_strdup(get_buffer(b));
call    0 returned 34
call    1 returned 34
       34: 1490:	  free_buffer(b);
call    0 returned 34
       34: 1491:	  break;
        -: 1492:
    #####: 1493:        case 'R':
    #####: 1494:	  cur_cmd->x.fp = get_openfile(&file_read, "r", FALSE);
call    0 never executed
    #####: 1495:	  break;
        -: 1496:
       45: 1497:	case 'w':
        -: 1498:        case 'W':
       45: 1499:	  cur_cmd->x.fp = get_openfile(&file_write, "w", TRUE);
call    0 returned 45
       45: 1500:	  break;
        -: 1501:
      245: 1502:	case 's':
        -: 1503:	  {
        -: 1504:	    struct buffer *b2;
        -: 1505:	    int flags;
        -: 1506:	    int slash;
        -: 1507:
      245: 1508:	    slash = inchar();
call    0 returned 245
      245: 1509:	    if ( !(b  = match_slash(slash, TRUE, TRUE)) )
call    0 returned 245
branch  1 taken 0 (fallthrough)
branch  2 taken 245
    #####: 1510:	      bad_prog(_(UNTERM_S_CMD));
call    0 never executed
      245: 1511:	    if ( !(b2 = match_slash(slash, FALSE, TRUE)) )
call    0 returned 245
branch  1 taken 0 (fallthrough)
branch  2 taken 245
    #####: 1512:	      bad_prog(_(UNTERM_S_CMD));
call    0 never executed
        -: 1513:
     245*: 1514:	    cur_cmd->x.cmd_subst = OB_MALLOC(&obs, 1, struct subst);
branch  0 taken 0 (fallthrough)
branch  1 taken 245
call    2 never executed
branch  3 taken 0 (fallthrough)
branch  4 taken 245
branch  5 taken 0 (fallthrough)
branch  6 taken 245
      490: 1515:	    setup_replacement(cur_cmd->x.cmd_subst,
call    0 returned 245
call    1 returned 245
      245: 1516:			      get_buffer(b2), size_buffer(b2));
call    0 returned 245
      245: 1517:	    free_buffer(b2);
call    0 returned 245
        -: 1518:
      245: 1519:	    flags = mark_subst_opts(cur_cmd->x.cmd_subst);
call    0 returned 245
      490: 1520:	    cur_cmd->x.cmd_subst->regx =
      245: 1521:	      compile_regex(b, flags, cur_cmd->x.cmd_subst->max_id);
call    0 returned 245
      245: 1522:	    free_buffer(b);
call    0 returned 245
        -: 1523:	  }
      245: 1524:	  break;
        -: 1525:
       39: 1526:	case 'y':
        -: 1527:	  {
        -: 1528:	    unsigned char *ustring;
        -: 1529:	    size_t len;
        -: 1530:	    int slash;
        -: 1531:
        -: 1532:#if defined MBS_SUPPORT && !defined (REG_PERL)
        -: 1533:	    if (MB_CUR_MAX == 1)
        -: 1534:#endif
        -: 1535:	      {
      39*: 1536:	        ustring = OB_MALLOC(&obs, YMAP_LENGTH, unsigned char);
branch  0 taken 0 (fallthrough)
branch  1 taken 39
call    2 never executed
branch  3 taken 0 (fallthrough)
branch  4 taken 39
branch  5 taken 0 (fallthrough)
branch  6 taken 39
    10023: 1537:	        for (len = 0; len < YMAP_LENGTH; len++)
branch  0 taken 9984
branch  1 taken 39 (fallthrough)
     9984: 1538:	          ustring[len] = len;
       39: 1539:	        cur_cmd->x.translate = ustring;
        -: 1540:	      }
        -: 1541:
       39: 1542:	    slash = inchar();
call    0 returned 39
       39: 1543:	    if ( !(b = match_slash(slash, FALSE, FALSE)) )
call    0 returned 39
branch  1 taken 0 (fallthrough)
branch  2 taken 39
    #####: 1544:	      bad_prog(_(UNTERM_Y_CMD));
call    0 never executed
        -: 1545:
        -: 1546:#if defined MBS_SUPPORT && !defined (REG_PERL)
        -: 1547:            if (MB_CUR_MAX > 1)
        -: 1548:	      {
        -: 1549:                int i, j, idx, src_char_num, len = size_buffer(b);
        -: 1550:                size_t *src_lens = MALLOC(len, size_t);
        -: 1551:                char *src_buf, *dest_buf, **trans_pairs;
        -: 1552:                size_t mbclen;
        -: 1553:                mbstate_t cur_stat;
        -: 1554:	        struct buffer *b2;
        -: 1555:
        -: 1556:                /* Enumerate how many character the source buffer has.  */
[...]
        -: 6249:#include <gnu-versions.h>
        -: 6250:#if _GNU_GETOPT_INTERFACE_VERSION == GETOPT_INTERFACE_VERSION
        -: 6251:#define ELIDE_CODE
        -: 6252:#endif
        -: 6253:#endif
        -: 6254:
        -: 6255:#ifndef ELIDE_CODE
        -: 6256:
        -: 6257:
        -: 6258:/* This needs to come after some library #include
        -: 6259:   to get __GNU_LIBRARY__ defined.  */
        -: 6260:#ifdef __GNU_LIBRARY__
        -: 6261:#include <stdlib.h>
        -: 6262:#endif
        -: 6263:
        -: 6264:#ifndef	NULL
        -: 6265:#define NULL 0
        -: 6266:#endif
        -: 6267:
        -: 6268:int
        -: 6269:getopt_long (argc, argv, options, long_options, opt_index)
        -: 6270:     int argc;
        -: 6271:     char *const *argv;
        -: 6272:     const char *options;
        -: 6273:     const struct option *long_options;
        -: 6274:     int *opt_index;
        -: 6275:{
        -: 6276:  return _getopt_internal (argc, argv, options, long_options, opt_index, 0);
        -: 6277:}
        -: 6278:
        -: 6279:/* Like getopt_long, but '-' as well as '--' can indicate a long option.
        -: 6280:   If an option that starts with '-' (not '--') doesn't match a long option,
        -: 6281:   but does match a short option, it is parsed as a short option
        -: 6282:   instead.  */
        -: 6283:
        -: 6284:int
        -: 6285:getopt_long_only (argc, argv, options, long_options, opt_index)
        -: 6286:     int argc;
        -: 6287:     char *const *argv;
        -: 6288:     const char *options;
        -: 6289:     const struct option *long_options;
        -: 6290:     int *opt_index;
        -: 6291:{
        -: 6292:  return _getopt_internal (argc, argv, options, long_options, opt_index, 1);
        -: 6293:}
        -: 6294:
        -: 6295:
        -: 6296:#endif	/* Not ELIDE_CODE.  */
        -: 6297:
        -: 6298:#ifdef TEST
        -: 6299:
        -: 6300:#include <stdio.h>
        -: 6301:
        -: 6302:int
        -: 6303:main (argc, argv)
        -: 6304:     int argc;
        -: 6305:     char **argv;
        -: 6306:{
        -: 6307:  int c;
        -: 6308:  int digit_optind = 0;
        -: 6309:
        -: 6310:  while (1)
        -: 6311:    {
        -: 6312:      int this_option_optind = optind ? optind : 1;
        -: 6313:      int option_index = 0;
        -: 6314:      static struct option long_options[] =
        -: 6315:      {
        -: 6316:	{"add", 1, 0, 0},
        -: 6317:	{"append", 0, 0, 0},
        -: 6318:	{"delete", 1, 0, 0},
        -: 6319:	{"verbose", 0, 0, 0},
        -: 6320:	{"create", 0, 0, 0},
        -: 6321:	{"file", 1, 0, 0},
        -: 6322:	{0, 0, 0, 0}
        -: 6323:      };
        -: 6324:
        -: 6325:      c = getopt_long (argc, argv, "abc:d:0123456789",
        -: 6326:		       long_options, &option_index);
        -: 6327:      if (c == -1)
        -: 6328:	break;
        -: 6329:
        -: 6330:      switch (c)
        -: 6331:	{
        -: 6332:	case 0:
        -: 6333:	  printf ("option %s", long_options[option_index].name);
        -: 6334:	  if (optarg)
        -: 6335:	    printf (" with arg %s", optarg);
        -: 6336:	  printf ("\n");
        -: 6337:	  break;
        -: 6338:
        -: 6339:	case '0':
        -: 6340:	case '1':
        -: 6341:	case '2':
        -: 6342:	case '3':
        -: 6343:	case '4':
        -: 6344:	case '5':
        -: 6345:	case '6':
        -: 6346:	case '7':
        -: 6347:	case '8':
        -: 6348:	case '9':
        -: 6349:	  if (digit_optind != 0 && digit_optind != this_option_optind)
        -: 6350:	    printf ("digits occur in two different argv-elements.\n");
        -: 6351:	  digit_optind = this_option_optind;
        -: 6352:	  printf ("option %c\n", c);
        -: 6353:	  break;
        -: 6354:
        -: 6355:	case 'a':
        -: 6356:	  printf ("option a\n");
        -: 6357:	  break;
        -: 6358:
        -: 6359:	case 'b':
        -: 6360:	  printf ("option b\n");
        -: 6361:	  break;
        -: 6362:
        -: 6363:	case 'c':
        -: 6364:	  printf ("option c with value `%s'\n", optarg);
        -: 6365:	  break;
        -: 6366:
        -: 6367:	case 'd':
        -: 6368:	  printf ("option d with value `%s'\n", optarg);
        -: 6369:	  break;
        -: 6370:
        -: 6371:	case '?':
        -: 6372:	  break;
        -: 6373:
        -: 6374:	default:
        -: 6375:	  printf ("?? getopt returned character code 0%o ??\n", c);
        -: 6376:	}
        -: 6377:    }
        -: 6378:
        -: 6379:  if (optind < argc)
        -: 6380:    {
        -: 6381:      printf ("non-option ARGV-elements: ");
        -: 6382:      while (optind < argc)
        -: 6383:	printf ("%s ", argv[optind++]);
        -: 6384:      printf ("\n");
        -: 6385:    }
        -: 6386:
        -: 6387:  exit (0);
        -: 6388:}
        -: 6389:
        -: 6390:#endif /* TEST */
        -: 6391:/* Extended regular expression matching and search library.
        -: 6392:   Copyright (C) 2002 Free Software Foundation, Inc.
        -: 6393:   This file is part of the GNU C Library.
        -: 6394:   Contributed by Isamu Hasegawa <isamu@yamato.ibm.com>.
        -: 6395:
        -: 6396:   The GNU C Library is free software; you can redistribute it and/or
        -: 6397:   modify it under the terms of the GNU Lesser General Public
        -: 6398:   License as published by the Free Software Foundation; either
        -: 6399:   version 2.1 of the License, or (at your option) any later version.
        -: 6400:
        -: 6401:   The GNU C Library is distributed in the hope that it will be useful,
        -: 6402:   but WITHOUT ANY WARRANTY; without even the implied warranty of
        -: 6403:   MERCHANTABILITY or FITNESS FOR A PARTICULAR PURPOSE.  See the GNU
        -: 6404:   Lesser General Public License for more details.
        -: 6405:
        -: 6406:   You should have received a copy of the GNU Lesser General Public
        -: 6407:   License along with the GNU C Library; if not, write to the Free
        -: 6408:   Software Foundation, Inc., 59 Temple Place, Suite 330, Boston, MA
        -: 6409:   02111-1307 USA.  */
        -: 6410:
        -: 6411:#ifdef _LIBC
        -: 6412:/* We have to keep the namespace clean.  */
        -: 6413:#  define regfree(preg) __regfree (preg)
        -: 6414:#  define regexec(pr, st, nm, pm, ef) __regexec (pr, st, nm, pm, ef)
        -: 6415:#  define regcomp(preg, pattern, cflags) __regcomp (preg, pattern, cflags)
        -: 6416:#  define regerror(errcode, preg, errbuf, errbuf_size) \
        -: 6417:	__regerror(errcode, preg, errbuf, errbuf_size)
        -: 6418:#  define re_set_registers(bu, re, nu, st, en) \
        -: 6419:	__re_set_registers (bu, re, nu, st, en)
        -: 6420:#  define re_match_2(bufp, string1, size1, string2, size2, pos, regs, stop) \
        -: 6421:	__re_match_2 (bufp, string1, size1, string2, size2, pos, regs, stop)
        -: 6422:#  define re_match(bufp, string, size, pos, regs) \
        -: 6423:	__re_match (bufp, string, size, pos, regs)
        -: 6424:#  define re_search(bufp, string, size, startpos, range, regs) \
        -: 6425:	__re_search (bufp, string, size, startpos, range, regs)
        -: 6426:#  define re_compile_pattern(pattern, length, bufp) \
        -: 6427:	__re_compile_pattern (pattern, length, bufp)
        -: 6428:#  define re_set_syntax(syntax) __re_set_syntax (syntax)
        -: 6429:#  define re_search_2(bufp, st1, s1, st2, s2, startpos, range, regs, stop) \
        -: 6430:	__re_search_2 (bufp, st1, s1, st2, s2, startpos, range, regs, stop)
        -: 6431:#  define re_compile_fastmap(bufp) __re_compile_fastmap (bufp)
        -: 6432:#endif
        -: 6433:
        -: 6434:/* POSIX says that <sys/types.h> must be included (by the caller) before
        -: 6435:   <regex.h>.  */
        -: 6436:#include <sys/types.h>
        -: 6437:#include <regex.h>
        -: 6438:#include "regex_internal.h"
        -: 6439:
        -: 6440:#include "regex_internal.c"
        -: 6441:#include "regcomp.c"
        -: 6442:#include "regexec.c"
        -: 6443:
        -: 6444:/* Binary backward compatibility.  */
        -: 6445:#if _LIBC
        -: 6446:# include <shlib-compat.h>
        -: 6447:# if SHLIB_COMPAT (libc, GLIBC_2_0, GLIBC_2_3)
        -: 6448:link_warning (re_max_failures, "the 're_max_failures' variable is obsolete and will go away.")
        -: 6449:int re_max_failures = 2000;
        -: 6450:# endif
        -: 6451:#endif
        -: 6452:/*  GNU SED, a batch stream editor.
        -: 6453:    Copyright (C) 1999, 2002, 2003 Free Software Foundation, Inc.
        -: 6454:
        -: 6455:    This program is free software; you can redistribute it and/or modify
        -: 6456:    it under the terms of the GNU General Public License as published by
        -: 6457:    the Free Software Foundation; either version 2, or (at your option)
        -: 6458:    any later version.
        -: 6459:
        -: 6460:    This program is distributed in the hope that it will be useful,
        -: 6461:    but WITHOUT ANY WARRANTY; without even the implied warranty of
        -: 6462:    MERCHANTABILITY or FITNESS FOR A PARTICULAR PURPOSE.  See the
        -: 6463:    GNU General Public License for more details.
        -: 6464:
        -: 6465:    You should have received a copy of the GNU General Public License
        -: 6466:    along with this program; if not, write to the Free Software
        -: 6467:    Foundation, 59 Temple Place - Suite 330, Boston, MA 02111-1307, USA. */
        -: 6468:
        -: 6469:#include "config.h"
        -: 6470:
        -: 6471:#include <ctype.h>
        -: 6472:#ifdef HAVE_STDLIB_H
        -: 6473:# include <stdlib.h>
        -: 6474:#endif
        -: 6475:#ifndef NULL
        -: 6476:# include <stdio.h>
        -: 6477:#endif
        -: 6478:
        -: 6479:#include "basicdefs.h"
        -: 6480:#include "utils.h"
        -: 6481:#include "regex.h"
        -: 6482:#ifndef NULL
        -: 6483:# define NULL CAST(VOID *)0
        -: 6484:#endif
        -: 6485:
        -: 6486:extern flagT use_extended_syntax_p;
        -: 6487:
        -: 6488:/*
        -: 6489:  Changed variable name: errors[] to regex_errors[]
        -: 6490:  to allow *.c file merging for SIR -- July, 2006
        -: 6491:  by Kyle R. Murphy
        -: 6492:*/
        -: 6493:static const char regex_errors[] =
        -: 6494:  "No previous regular expression\0"
        -: 6495:  "Cannot specify modifiers on empty regexp";
        -: 6496:
        -: 6497:#define NO_REGEX (regex_errors)
        -: 6498:#define BAD_MODIF (NO_REGEX + sizeof(N_("No previous regular expression")))
        -: 6499:
        -: 6500:/*
        -: 6501:  Added pre-proc. conditional to allow *.c file 
        -: 6502:  merging for SIR -- July, 2006 by Kyle R. Murphy
        -: 6503:*/
        -: 6504:#ifndef END_ERRORS
        -: 6505:#define END_ERRORS (BAD_MODIF + sizeof(N_("Cannot specify modifiers on empty regexp")))
        -: 6506:#endif
        -: 6507:
        -: 6508:
        -: 6509:regex_t *
function compile_regex called 628 returned 100% blocks executed 78%
      628: 6510:compile_regex(b, flags, needed_sub)
        -: 6511:  struct buffer *b;
        -: 6512:  int flags;
        -: 6513:  int needed_sub;
        -: 6514:{
        -: 6515:  regex_t *new_regex;
        -: 6516:
      628: 6517:  char *last_re = NULL;
        -: 6518:  size_t last_re_len;
        -: 6519:
        -: 6520:  /* My reading of IEEE Std 1003.2-1992 is that // means the empty RE.
        -: 6521:     But historical and common practice is that // "matches the last RE";
        -: 6522:     thus this use of POSIXLY_CORRECT. */
      628: 6523:  if (size_buffer(b) == 0 && !POSIXLY_CORRECT)
call    0 returned 628
branch  1 taken 18 (fallthrough)
branch  2 taken 610
branch  3 taken 18 (fallthrough)
branch  4 taken 0
        -: 6524:    {
       18: 6525:      if (flags > 0)
branch  0 taken 0 (fallthrough)
branch  1 taken 18
    #####: 6526:	bad_prog(_(BAD_MODIF));
call    0 never executed
       18: 6527:      return NULL;
        -: 6528:    }
        -: 6529:
      610: 6530:  last_re_len = size_buffer(b);
call    0 returned 610
      610: 6531:  last_re = ck_memdup(get_buffer(b), last_re_len);
call    0 returned 610
call    1 returned 610
        -: 6532:
      610: 6533:  new_regex = MALLOC(1, regex_t);
call    0 returned 610
        -: 6534:
        -: 6535:#ifdef REG_PERL
        -: 6536:  {
        -: 6537:    int errcode;
        -: 6538:    errcode = regncomp(new_regex, last_re, last_re_len,
        -: 6539:		       (needed_sub ? 0 : REG_NOSUB)
        -: 6540:		       | flags
        -: 6541:		       | extended_regexp_flags);
        -: 6542:
        -: 6543:    if (errcode)
        -: 6544:      {
        -: 6545:        char errorbuf[200];
        -: 6546:        regerror(errcode, NULL, errorbuf, 200);
        -: 6547:        bad_prog(gettext(errorbuf));
        -: 6548:      }
        -: 6549:  }
        -: 6550:#else
        -: 6551:  {
        -: 6552:    const char *error;
      610: 6553:    int syntax = ((extended_regexp_flags & REG_EXTENDED)
branch  0 taken 2 (fallthrough)
branch  1 taken 608
        -: 6554:		   ? RE_SYNTAX_POSIX_EXTENDED
        -: 6555:                   : RE_SYNTAX_POSIX_BASIC)
        -: 6556:		   & ~RE_UNMATCHED_RIGHT_PAREN_ORD;
        -: 6557:
      610: 6558:    syntax |= RE_NO_POSIX_BACKTRACKING;
        -: 6559:#ifdef RE_ICASE
      610: 6560:    syntax |= (flags & REG_ICASE) ? RE_ICASE : 0;
        -: 6561:#endif
        -: 6562:
        -: 6563:    /* If REG_NEWLINE is set, newlines are treated differently.  */
      610: 6564:    if (flags & REG_NEWLINE)
branch  0 taken 0 (fallthrough)
branch  1 taken 610
        -: 6565:      { /* REG_NEWLINE implies neither . nor [^...] match newline.  */
    #####: 6566:        syntax &= ~RE_DOT_NEWLINE;
    #####: 6567:        syntax |= RE_HAT_LISTS_NOT_NEWLINE;
        -: 6568:      }
        -: 6569:
        -: 6570:    /* Only PCRE processes \t & co. */
      610: 6571:    last_re_len = normalize_text(last_re, last_re_len);
call    0 returned 610
      610: 6572:    re_set_syntax (syntax);
call    0 returned 610
      610: 6573:    error = re_compile_pattern (last_re, last_re_len, new_regex);
call    0 returned 610
      610: 6574:    new_regex->newline_anchor = (flags & REG_NEWLINE) != 0;
        -: 6575:
      610: 6576:    new_regex->translate = NULL;
        -: 6577:#ifndef RE_ICASE
        -: 6578:    if (flags & REG_ICASE)
        -: 6579:      {
        -: 6580:        static char translate[1 << (sizeof(char) * 8)];
        -: 6581:	int i;
        -: 6582:	for (i = 0; i < sizeof(translate) / sizeof(char); i++)
        -: 6583:	  translate[i] = tolower (i);
        -: 6584:
        -: 6585:        new_regex->translate = translate;
        -: 6586:      }
        -: 6587:#endif
        -: 6588:
      610: 6589:    if (error)
branch  0 taken 0 (fallthrough)
branch  1 taken 610
    #####: 6590:      bad_prog(error);
call    0 never executed
        -: 6591:  }
        -: 6592:#endif
        -: 6593:
      610: 6594:  FREE(last_re);
call    0 returned 610
        -: 6595:
        -: 6596:  /* Just to be sure, I mark this as not POSIXLY_CORRECT behavior */
     610*: 6597:  if (new_regex->re_nsub < needed_sub && !POSIXLY_CORRECT)
branch  0 taken 0 (fallthrough)
branch  1 taken 610
branch  2 never executed
branch  3 never executed
        -: 6598:    {
        -: 6599:      char buf[200];
    #####: 6600:      sprintf(buf, _("Invalid reference \\%d on `s' command's RHS"),
        -: 6601:	      needed_sub);
    #####: 6602:      bad_prog(buf);
call    0 never executed
        -: 6603:    }
        -: 6604:
      610: 6605:  return new_regex;
        -: 6606:}
        -: 6607:
        -: 6608:#ifdef REG_PERL
        -: 6609:static void
        -: 6610:copy_regs (regs, pmatch, nregs)
        -: 6611:     struct re_registers *regs;
        -: 6612:     regmatch_t *pmatch;
        -: 6613:     int nregs;
        -: 6614:{
        -: 6615:  int i;
        -: 6616:  int need_regs = nregs + 1;
        -: 6617:  /* We need one extra element beyond `num_regs' for the `-1' marker GNU code
        -: 6618:     uses.  */
        -: 6619:
        -: 6620:  /* Have the register data arrays been allocated?  */
        -: 6621:  if (!regs->start)
        -: 6622:    { /* No.  So allocate them with malloc.  */
        -: 6623:      regs->start = MALLOC (need_regs, regoff_t);
        -: 6624:      regs->end = MALLOC (need_regs, regoff_t);
        -: 6625:      regs->num_regs = need_regs;
        -: 6626:    }
        -: 6627:  else if (need_regs > regs->num_regs)
        -: 6628:    { /* Yes.  We also need more elements than were already
        -: 6629:         allocated, so reallocate them.  */
        -: 6630:      regs->start = REALLOC (regs->start, need_regs, regoff_t);
        -: 6631:      regs->end = REALLOC (regs->end, need_regs, regoff_t);
        -: 6632:      regs->num_regs = need_regs;
        -: 6633:    }
        -: 6634:
        -: 6635:  /* Copy the regs.  */
        -: 6636:  for (i = 0; i < nregs; ++i)
        -: 6637:    {
        -: 6638:      regs->start[i] = pmatch[i].rm_so;
        -: 6639:      regs->end[i] = pmatch[i].rm_eo;
        -: 6640:    }
        -: 6641:  for ( ; i < regs->num_regs; ++i)
        -: 6642:    regs->start[i] = regs->end[i] = -1;
        -: 6643:}
        -: 6644:#endif
        -: 6645:
        -: 6646:int
function match_regex called 49072 returned 100% blocks executed 90%
    49072: 6647:match_regex(regex, buf, buflen, buf_start_offset, regarray, regsize)
        -: 6648:  regex_t *regex;
        -: 6649:  char *buf;
        -: 6650:  size_t buflen;
        -: 6651:  size_t buf_start_offset;
        -: 6652:  struct re_registers *regarray;
        -: 6653:  int regsize;
        -: 6654:{
        -: 6655:  int ret;
        -: 6656:  static regex_t *regex_last;
        -: 6657:#ifdef REG_PERL
        -: 6658:  regmatch_t *regmatch;
        -: 6659:  if (regsize)
        -: 6660:    regmatch = (regmatch_t *) alloca (sizeof (regmatch_t) * regsize);
        -: 6661:  else
        -: 6662:    regmatch = NULL;
        -: 6663:#endif
        -: 6664:
        -: 6665:  /* printf ("Matching from %d/%d\n", buf_start_offset, buflen); */
        -: 6666:
        -: 6667:  /* Keep track of the last regexp matched. */
    49072: 6668:  if (!regex)
branch  0 taken 178 (fallthrough)
branch  1 taken 48894
        -: 6669:    {
      178: 6670:      regex = regex_last;
      178: 6671:      if (!regex_last)
branch  0 taken 0 (fallthrough)
branch  1 taken 178
    #####: 6672:	bad_prog(_(NO_REGEX));
call    0 never executed
        -: 6673:    }
        -: 6674:  else
    48894: 6675:    regex_last = regex;
        -: 6676:
        -: 6677:#ifdef REG_PERL
        -: 6678:  ret = regexec2(regex, 
        -: 6679:		 buf, CAST(int)buflen, CAST(int)buf_start_offset,
        -: 6680:		 regsize, regmatch, 0);
        -: 6681:
        -: 6682:  if (regsize)
        -: 6683:    copy_regs (regarray, regmatch, regsize);
        -: 6684:
        -: 6685:  return (ret == 0);
        -: 6686:#else
    49072: 6687:  ret = re_search(regex, buf, buflen, buf_start_offset,
branch  0 taken 17176 (fallthrough)
branch  1 taken 31896
    49072: 6688:		  buflen - buf_start_offset,
call    0 returned 49072
        -: 6689:		  regsize ? regarray : NULL);
        -: 6690:
    49072: 6691:  return (ret > -1);
        -: 6692:#endif
        -: 6693:}
        -: 6694:
        -: 6695:
        -: 6696:#ifdef DEBUG_LEAKS
        -: 6697:void
        -: 6698:release_regex(regex)
        -: 6699:  regex_t *regex;
        -: 6700:{
        -: 6701:  regfree(regex);
        -: 6702:  FREE(regex);
        -: 6703:}
        -: 6704:#endif /*DEBUG_LEAKS*/
