        -:    0:Source:gzip.c
        -:    0:Graph:gzip.gcno
        -:    0:Data:gzip.gcda
        -:    0:Runs:214
        -:    1:#include "FaultSeeds.h"
        -:    2:#include "crypt.h"
        -:    3:#include "getopt.h"
        -:    4:#include "gzip.h" 
        -:    5:#include "lzw.h"   
        -:    6:#include "tailor.h"
        -:    7:#include "revision.h"
        -:    8:
        -:    9:#include <stdio.h>
        -:   10:#include <ctype.h>
        -:   11:#include <sys/types.h>
        -:   12:#include <sys/stat.h>
        -:   13:#include <errno.h>
        -:   14:#include <signal.h>   
        -:   15:
        -:   16:#define LINUX 1
        -:   17:
        -:   18:/* bits.c -- output variable-length bit strings
        -:   19: * Copyright (C) 1992-1993 Jean-loup Gailly
        -:   20: * This is free software; you can redistribute it and/or modify it under the
        -:   21: * terms of the GNU General Public License, see the file COPYING.
        -:   22: */
        -:   23:
        -:   24:
        -:   25:/*
        -:   26: *  PURPOSE
        -:   27: *
        -:   28: *      Output variable-length bit strings. Compression can be done
        -:   29: *      to a file or to memory. (The latter is not supported in this version.)
        -:   30: *
        -:   31: *  DISCUSSION
        -:   32: *
        -:   33: *      The PKZIP "deflate" file format interprets compressed file data
        -:   34: *      as a sequence of bits.  Multi-bit strings in the file may cross
        -:   35: *      byte boundaries without restriction.
        -:   36: *
        -:   37: *      The first bit of each byte is the low-order bit.
        -:   38: *
        -:   39: *      The routines in this file allow a variable-length bit value to
        -:   40: *      be output right-to-left (useful for literal values). For
        -:   41: *      left-to-right output (useful for code strings from the tree routines),
        -:   42: *      the bits must have been reversed first with bi_reverse().
        -:   43: *
        -:   44: *      For in-memory compression, the compressed bit stream goes directly
        -:   45: *      into the requested output buffer. The input data is read in blocks
        -:   46: *      by the mem_read() function. The buffer is limited to 64K on 16 bit
        -:   47: *      machines.
        -:   48: *
        -:   49: *  INTERFACE
        -:   50: *
        -:   51: *      void bi_init (FILE *zipfile)
        -:   52: *          Initialize the bit string routines.
        -:   53: *
        -:   54: *      void send_bits (int value, int length)
        -:   55: *          Write out a bit string, taking the source bits right to
        -:   56: *          left.
        -:   57: *
        -:   58: *      int bi_reverse (int value, int length)
        -:   59: *          Reverse the bits of a bit string, taking the source bits left to
        -:   60: *          right and emitting them right to left.
        -:   61: *
        -:   62: *      void bi_windup (void)
        -:   63: *          Write out any remaining bits in an incomplete byte.
        -:   64: *
        -:   65: *      void copy_block(char *buf, unsigned len, int header)
        -:   66: *          Copy a stored block to the zip file, storing first the length and
        -:   67: *          its one's complement if requested.
        -:   68: *
        -:   69: */
        -:   70:
        -:   71:#ifdef DEBUG
        -:   72:#  include <stdio.h>
        -:   73:#endif
        -:   74:
        -:   75:/*
        -:   76:#ifndef lint
        -:   77:static char rcsid[] = "$Id: bits.c,v 0.8 1993/02/04 13:21:06 jloup Exp $";
        -:   78:#endif
        -:   79:*/
        -:   80:
        -:   81:/* ===========================================================================
        -:   82: * Local data used by the "bit string" routines.
        -:   83: */
        -:   84:
        -:   85:local file_t zfile; /* output gzip file */
        -:   86:
        -:   87:local unsigned short bi_buf;
        -:   88:/* Output buffer. bits are inserted starting at the bottom (least significant
        -:   89: * bits).
        -:   90: */
        -:   91:
        -:   92:#define Buf_size (8 * 2*sizeof(char))
        -:   93:/* Number of bits used within bi_buf. (bi_buf might be implemented on
        -:   94: * more than 16 bits on some systems.)
        -:   95: */
        -:   96:
        -:   97:local int bi_valid;
        -:   98:/* Number of valid bits in bi_buf.  All bits above the last valid bit
        -:   99: * are always zero.
        -:  100: */
        -:  101:
        -:  102:int (*read_buf) OF((char *buf, unsigned size)) = file_read;
        -:  103:/* Current input function. Set to mem_read for in-memory compression */
        -:  104:
        -:  105:#ifdef DEBUG
        -:  106:  ulg bits_sent;   /* bit length of the compressed data */
        -:  107:#endif
        -:  108:
        -:  109:/* ===========================================================================
        -:  110: * Initialize the bit string routines.
        -:  111: */
function bi_init called 175 returned 100% blocks executed 100%
      175:  112:void bi_init (zipfile)
        -:  113:    file_t zipfile; /* output zip file, NO_FILE for in-memory compression */
        -:  114:{
      175:  115:    zfile  = zipfile;
      175:  116:    bi_buf = 0;
      175:  117:    bi_valid = 0;
        -:  118:#ifdef DEBUG
        -:  119:    bits_sent = 0L;
        -:  120:#endif
        -:  121:
        -:  122:    /* Set the defaults for file compression. They are set by memcompress
        -:  123:     * for in-memory compression.
        -:  124:     */
      175:  125:    if (zfile != NO_FILE) {
branch  0 taken 175 (fallthrough)
branch  1 taken 0
      175:  126:	read_buf  = file_read;
        -:  127:    }
      175:  128:}
        -:  129:
        -:  130:/* ===========================================================================
        -:  131: * Send a value on a given number of bits.
        -:  132: * IN assertion: length <= 16 and value fits in length bits.
        -:  133: */
function send_bits called 3897250 returned 100% blocks executed 90%
  3897250:  134:void send_bits(value, length)
        -:  135:    int value;  /* value to send */
        -:  136:    int length; /* number of bits */
        -:  137:{
        -:  138:#ifdef DEBUG
        -:  139:    Tracev((stderr," l %2d v %4x ", length, value));
        -:  140:    Assert(length > 0 && length <= 15, "invalid length");
        -:  141:    bits_sent += (ulg)length;
        -:  142:#endif
        -:  143:    /* If not enough room in bi_buf, use (valid) bits from bi_buf and
        -:  144:     * (16 - bi_valid) bits from value, leaving (width - (16-bi_valid))
        -:  145:     * unused bits in value.
        -:  146:     */
  3897250:  147:    if (bi_valid > (int)Buf_size - length) {
branch  0 taken 1166659 (fallthrough)
branch  1 taken 2730591
  1166659:  148:        bi_buf |= (value << bi_valid);
 1166659*:  149:        put_short(bi_buf);
branch  0 taken 1166642 (fallthrough)
branch  1 taken 17
branch  2 taken 0 (fallthrough)
branch  3 taken 17
call    4 never executed
branch  5 taken 17 (fallthrough)
branch  6 taken 0
call    7 returned 17
  1166659:  150:        bi_buf = (ush)value >> (Buf_size - bi_valid);
  1166659:  151:        bi_valid += length - Buf_size;
        -:  152:    } else {
  2730591:  153:        bi_buf |= value << bi_valid;
  2730591:  154:        bi_valid += length;
        -:  155:    }
  3897250:  156:}
        -:  157:
        -:  158:/* ===========================================================================
        -:  159: * Reverse the first len bits of a code, using straightforward code (a faster
        -:  160: * method would use a table)
        -:  161: * IN assertion: 1 <= len <= 15
        -:  162: */
function bi_reverse called 84961 returned 100% blocks executed 100%
    84961:  163:unsigned bi_reverse(code, len)
        -:  164:    unsigned code; /* the value to invert */
        -:  165:    int len;       /* its bit length */
        -:  166:{
    84961:  167:    register unsigned res = 0;
        -:  168:    do {
   671135:  169:        res |= code & 1;
   671135:  170:        code >>= 1, res <<= 1;
   671135:  171:    } while (--len > 0);
branch  0 taken 586174
branch  1 taken 84961 (fallthrough)
    84961:  172:    return res >> 1;
        -:  173:}
        -:  174:
        -:  175:/* ===========================================================================
        -:  176: * Write out any remaining bits in an incomplete byte.
        -:  177: */
function bi_windup called 176 returned 100% blocks executed 55%
      176:  178:void bi_windup()
        -:  179:{
      176:  180:    if (bi_valid > 8) {
branch  0 taken 122 (fallthrough)
branch  1 taken 54
     122*:  181:        put_short(bi_buf);
branch  0 taken 122 (fallthrough)
branch  1 taken 0
branch  2 never executed
branch  3 never executed
call    4 never executed
branch  5 never executed
branch  6 never executed
call    7 never executed
       54:  182:    } else if (bi_valid > 0) {
branch  0 taken 53 (fallthrough)
branch  1 taken 1
      53*:  183:        put_byte(bi_buf);
branch  0 taken 0 (fallthrough)
branch  1 taken 53
call    2 never executed
        -:  184:    }
      176:  185:    bi_buf = 0;
      176:  186:    bi_valid = 0;
        -:  187:#ifdef DEBUG
        -:  188:    bits_sent = (bits_sent+7) & ~7;
        -:  189:#endif
      176:  190:}
        -:  191:
        -:  192:/* ===========================================================================
        -:  193: * Copy a stored block to the zip file, storing first the length and its
        -:  194: * one's complement if requested.
        -:  195: */
function copy_block called 1 returned 100% blocks executed 53%
        1:  196:void copy_block(buf, len, header)
        -:  197:    char     *buf;    /* the input data */
        -:  198:    unsigned len;     /* its length */
        -:  199:    int      header;  /* true if block header must be written */
        -:  200:{
        1:  201:    bi_windup();              /* align on byte boundary */
call    0 returned 1
        -:  202:
        1:  203:    if (header) {
branch  0 taken 1 (fallthrough)
branch  1 taken 0
       1*:  204:        put_short((ush)len);   
branch  0 taken 1 (fallthrough)
branch  1 taken 0
branch  2 never executed
branch  3 never executed
call    4 never executed
branch  5 never executed
branch  6 never executed
call    7 never executed
       1*:  205:        put_short((ush)~len);
branch  0 taken 1 (fallthrough)
branch  1 taken 0
branch  2 never executed
branch  3 never executed
call    4 never executed
branch  5 never executed
branch  6 never executed
call    7 never executed
        -:  206:#ifdef DEBUG
        -:  207:        bits_sent += 2*16;
        -:  208:#endif
        -:  209:    }
        -:  210:#ifdef DEBUG
        -:  211:    bits_sent += (ulg)len<<3;
        -:  212:#endif
    12047:  213:    while (len--) {
branch  0 taken 12046
branch  1 taken 1 (fallthrough)
        -:  214:#ifdef CRYPT
        -:  215:        int t;
        -:  216:	if (key) zencode(*buf, t);
        -:  217:#endif
   12046*:  218:	put_byte(*buf++);
branch  0 taken 0 (fallthrough)
branch  1 taken 12046
call    2 never executed
        -:  219:    }
        1:  220:}
        -:  221:/* crypt.c (dummy version) -- do not perform encryption
        -:  222: * Hardly worth copyrighting :-)
        -:  223: */
        -:  224:/*
        -:  225:#ifndef lint
        -:  226:static char rcsid[] = "$Id: crypt.c,v 0.6 1993/03/22 09:48:47 jloup Exp $";
        -:  227:#endif
        -:  228:*/
        -:  229:/* deflate.c -- compress data using the deflation algorithm
        -:  230: * Copyright (C) 1992-1993 Jean-loup Gailly
        -:  231: * This is free software; you can redistribute it and/or modify it under the
        -:  232: * terms of the GNU General Public License, see the file COPYING.
        -:  233: */
        -:  234:
        -:  235:/*
        -:  236: *  PURPOSE
        -:  237: *
        -:  238: *      Identify new text as repetitions of old text within a fixed-
        -:  239: *      length sliding window trailing behind the new text.
        -:  240: *
        -:  241: *  DISCUSSION
        -:  242: *
        -:  243: *      The "deflation" process depends on being able to identify portions
        -:  244: *      of the input text which are identical to earlier input (within a
        -:  245: *      sliding window trailing behind the input currently being processed).
        -:  246: *
        -:  247: *      The most straightforward technique turns out to be the fastest for
        -:  248: *      most input files: try all possible matches and select the longest.
        -:  249: *      The key feature of this algorithm is that insertions into the string
        -:  250: *      dictionary are very simple and thus fast, and deletions are avoided
        -:  251: *      completely. Insertions are performed at each input character, whereas
        -:  252: *      string matches are performed only when the previous match ends. So it
        -:  253: *      is preferable to spend more time in matches to allow very fast string
        -:  254: *      insertions and avoid deletions. The matching algorithm for small
        -:  255: *      strings is inspired from that of Rabin & Karp. A brute force approach
        -:  256: *      is used to find longer strings when a small match has been found.
        -:  257: *      A similar algorithm is used in comic (by Jan-Mark Wams) and freeze
        -:  258: *      (by Leonid Broukhis).
        -:  259: *         A previous version of this file used a more sophisticated algorithm
        -:  260: *      (by Fiala and Greene) which is guaranteed to run in linear amortized
        -:  261: *      time, but has a larger average cost, uses more memory and is patented.
        -:  262: *      However the F&G algorithm may be faster for some highly redundant
        -:  263: *      files if the parameter max_chain_length (described below) is too large.
        -:  264: *
        -:  265: *  ACKNOWLEDGEMENTS
        -:  266: *
        -:  267: *      The idea of lazy evaluation of matches is due to Jan-Mark Wams, and
        -:  268: *      I found it in 'freeze' written by Leonid Broukhis.
        -:  269: *      Thanks to many info-zippers for bug reports and testing.
        -:  270: *
        -:  271: *  REFERENCES
        -:  272: *
        -:  273: *      APPNOTE.TXT documentation file in PKZIP 1.93a distribution.
        -:  274: *
        -:  275: *      A description of the Rabin and Karp algorithm is given in the book
        -:  276: *         "Algorithms" by R. Sedgewick, Addison-Wesley, p252.
        -:  277: *
        -:  278: *      Fiala,E.R., and Greene,D.H.
        -:  279: *         Data Compression with Finite Windows, Comm.ACM, 32,4 (1989) 490-595
        -:  280: *
        -:  281: *  INTERFACE
        -:  282: *
        -:  283: *      void lm_init (int pack_level, ush *flags)
        -:  284: *          Initialize the "longest match" routines for a new file
        -:  285: *
        -:  286: *      ulg deflate (void)
        -:  287: *          Processes a new input file and return its compressed length. Sets
        -:  288: *          the compressed length, crc, deflate flags and internal file
        -:  289: *          attributes.
        -:  290: */
        -:  291:
        -:  292:/*
        -:  293:#ifndef lint
        -:  294:static char rcsid[] = "$Id: deflate.c,v 0.13 1993/05/25 16:25:40 jloup Exp $";
        -:  295:#endif
        -:  296:*/
        -:  297:
        -:  298:/* ===========================================================================
        -:  299: * Configuration parameters
        -:  300: */
        -:  301:
        -:  302:/* Compile with MEDIUM_MEM to reduce the memory requirements or
        -:  303: * with SMALL_MEM to use as little memory as possible. Use BIG_MEM if the
        -:  304: * entire input file can be held in memory (not possible on 16 bit systems).
        -:  305: * Warning: defining these symbols affects HASH_BITS (see below) and thus
        -:  306: * affects the compression ratio. The compressed output
        -:  307: * is still correct, and might even be smaller in some cases.
        -:  308: */
        -:  309:
        -:  310:#ifdef SMALL_MEM
        -:  311:#   define HASH_BITS  13  /* Number of bits used to hash strings */
        -:  312:#endif
        -:  313:#ifdef MEDIUM_MEM
        -:  314:#   define HASH_BITS  14
        -:  315:#endif
        -:  316:#ifndef HASH_BITS
        -:  317:#   define HASH_BITS  15
        -:  318:   /* For portability to 16 bit machines, do not use values above 15. */
        -:  319:#endif
        -:  320:
        -:  321:/* To save space (see unlzw.c), we overlay prev+head with tab_prefix and
        -:  322: * window with tab_suffix. Check that we can do this:
        -:  323: */
        -:  324:#if WSIZE<<1 > 1<<BITS
        -:  325:   error: cannot overlay window with tab_suffix and prev with tab_prefix0
        -:  326:#endif
        -:  327:#if HASH_BITS > BITS-1
        -:  328:   error: cannot overlay head with tab_prefix1
        -:  329:#endif
        -:  330:
        -:  331:#define HASH_SIZE (unsigned)(1<<HASH_BITS)
        -:  332:#define HASH_MASK (HASH_SIZE-1)
        -:  333:#define WMASK     (WSIZE-1)
        -:  334:/* HASH_SIZE and WSIZE must be powers of two */
        -:  335:
        -:  336:#define NIL 0
        -:  337:/* Tail of hash chains */
        -:  338:
        -:  339:#define FAST 4
        -:  340:#define SLOW 2
        -:  341:/* speed options for the general purpose bit flag */
        -:  342:
        -:  343:#ifndef TOO_FAR
        -:  344:#  define TOO_FAR 4096
        -:  345:#endif
        -:  346:/* Matches of length 3 are discarded if their distance exceeds TOO_FAR */
        -:  347:
        -:  348:/* ===========================================================================
        -:  349: * Local data used by the "longest match" routines.
        -:  350: */
        -:  351:
        -:  352:typedef ush Pos;
        -:  353:typedef unsigned IPos;
        -:  354:/* A Pos is an index in the character window. We use short instead of int to
        -:  355: * save space in the various tables. IPos is used only for parameter passing.
        -:  356: */
        -:  357:
        -:  358:/* DECLARE(uch, window, 2L*WSIZE); */
        -:  359:/* Sliding window. Input bytes are read into the second half of the window,
        -:  360: * and move to the first half later to keep a dictionary of at least WSIZE
        -:  361: * bytes. With this organization, matches are limited to a distance of
        -:  362: * WSIZE-MAX_MATCH bytes, but this ensures that IO is always
        -:  363: * performed with a length multiple of the block size. Also, it limits
        -:  364: * the window size to 64K, which is quite useful on MSDOS.
        -:  365: * To do: limit the window size to WSIZE+BSZ if SMALL_MEM (the code would
        -:  366: * be less efficient).
        -:  367: */
        -:  368:
        -:  369:/* DECLARE(Pos, prev, WSIZE); */
        -:  370:/* Link to older string with same hash index. To limit the size of this
        -:  371: * array to 64K, this link is maintained only for the last 32K strings.
        -:  372: * An index in this array is thus a window index modulo 32K.
        -:  373: */
        -:  374:
        -:  375:/* DECLARE(Pos, head, 1<<HASH_BITS); */
        -:  376:/* Heads of the hash chains or NIL. */
        -:  377:
        -:  378:ulg window_size = (ulg)2*WSIZE;
        -:  379:/* window size, 2*WSIZE except for MMAP or BIG_MEM, where it is the
        -:  380: * input file length plus MIN_LOOKAHEAD.
        -:  381: */
        -:  382:
        -:  383:long block_start;
        -:  384:/* window position at the beginning of the current output block. Gets
        -:  385: * negative when the window is moved backwards.
        -:  386: */
        -:  387:
        -:  388:local unsigned ins_h;  /* hash index of string to be inserted */
        -:  389:
        -:  390:#define H_SHIFT  ((HASH_BITS+MIN_MATCH-1)/MIN_MATCH)
        -:  391:/* Number of bits by which ins_h and del_h must be shifted at each
        -:  392: * input step. It must be such that after MIN_MATCH steps, the oldest
        -:  393: * byte no longer takes part in the hash key, that is:
        -:  394: *   H_SHIFT * MIN_MATCH >= HASH_BITS
        -:  395: */
        -:  396:
        -:  397:unsigned int near prev_length;
        -:  398:/* Length of the best match at previous step. Matches not greater than this
        -:  399: * are discarded. This is used in the lazy match evaluation.
        -:  400: */
        -:  401:
        -:  402:      unsigned near strstart;      /* start of string to insert */
        -:  403:      unsigned near match_start;   /* start of matching string */
        -:  404:local int           eofile;        /* flag set at end of input file */
        -:  405:local unsigned      lookahead;     /* number of valid bytes ahead in window */
        -:  406:
        -:  407:unsigned near max_chain_length;
        -:  408:/* To speed up deflation, hash chains are never searched beyond this length.
        -:  409: * A higher limit improves compression ratio but degrades the speed.
        -:  410: */
        -:  411:
        -:  412:local unsigned int max_lazy_match;
        -:  413:/* Attempt to find a better match only when the current match is strictly
        -:  414: * smaller than this value.
        -:  415: */
        -:  416:
        -:  417:int near good_match;
        -:  418:/* Use a faster search when the previous match is longer than this */
        -:  419:
        -:  420:
        -:  421:/* Values for max_lazy_match, good_match and max_chain_length, depending on
        -:  422: * the desired pack level (0..9). The values given below have been tuned to
        -:  423: * exclude worst case performance for pathological files. Better values may be
        -:  424: * found for specific files.
        -:  425: */
        -:  426:
        -:  427:typedef struct config {
        -:  428:   ush good_length; /* reduce lazy search above this match length */
        -:  429:   ush max_lazy;    /* do not perform lazy search above this match length */
        -:  430:   ush nice_length; /* quit search above this match length */
        -:  431:   ush max_chain;
        -:  432:} config;
        -:  433:
        -:  434:#ifdef  FULL_SEARCH
        -:  435:# define nice_match MAX_MATCH
        -:  436:#else
        -:  437:  int near nice_match; /* Stop searching when current match exceeds this */
        -:  438:#endif
        -:  439:
        -:  440:local config configuration_table[10] = {
        -:  441:/*      good lazy nice chain */
        -:  442:/* 0 */ {0,    0,  0,    0},  /* store only */
        -:  443:/* 1 */ {4,    4, 16,   16},  /* maximum speed */
        -:  444:/* 2 */ {6,    8, 16,   16},
        -:  445:/* 3 */ {8,   16, 32,   32},
        -:  446:/* 4 */ {8,   16, 64,   64},
        -:  447:/* 5 */ {8,   16, 128, 128},
        -:  448:/* 6 */ {8,   32, 128, 256},
        -:  449:/* 7 */ {8,   64, 128, 512},
        -:  450:/* 8 */ {32, 128, 258, 1024},
        -:  451:/* 9 */ {32, 258, 258, 4096}}; /* maximum compression */
        -:  452:
        -:  453:/* Note: the current code requires max_lazy >= MIN_MATCH and max_chain >= 4
        -:  454: * but these restrictions can easily be removed at a small cost.
        -:  455: */
        -:  456:
        -:  457:#define EQUAL 0
        -:  458:/* result of memcmp for equal strings */
        -:  459:
        -:  460:/* ===========================================================================
        -:  461: *  Prototypes for local functions.
        -:  462: */
        -:  463:local void fill_window   OF((void));
        -:  464:      int  longest_match OF((IPos cur_match));
        -:  465:#ifdef ASMV
        -:  466:      void match_init OF((void)); /* asm code initialization */
        -:  467:#endif
        -:  468:
        -:  469:#ifdef DEBUG
        -:  470:local  void check_match OF((IPos start, IPos match, int length));
        -:  471:#endif
        -:  472:
        -:  473:/* ===========================================================================
        -:  474: * Update a hash value with the given input byte
        -:  475: * IN  assertion: all calls to to UPDATE_HASH are made with consecutive
        -:  476: *    input characters, so that a running hash key can be computed from the
        -:  477: *    previous key instead of complete recalculation each time.
        -:  478: */
        -:  479:#define UPDATE_HASH(h,c) (h = (((h)<<H_SHIFT) ^ (c)) & HASH_MASK)
        -:  480:
        -:  481:/* ===========================================================================
        -:  482: * Insert string s in the dictionary and set match_head to the previous head
        -:  483: * of the hash chain (the most recent string with same hash key). Return
        -:  484: * the previous length of the hash chain.
        -:  485: * IN  assertion: all calls to to INSERT_STRING are made with consecutive
        -:  486: *    input characters and the first MIN_MATCH bytes of s are valid
        -:  487: *    (except for the last MIN_MATCH-1 bytes of the input file).
        -:  488: */
        -:  489:#define INSERT_STRING(s, match_head) \
        -:  490:   (UPDATE_HASH(ins_h, window[(s) + MIN_MATCH-1]), \
        -:  491:    prev[(s) & WMASK] = match_head = head[ins_h], \
        -:  492:    head[ins_h] = (s))
        -:  493:
        -:  494:/* ===========================================================================
        -:  495: * Initialize the "longest match" routines for a new file
        -:  496: */
function lm_init called 175 returned 100% blocks executed 84%
      175:  497:void lm_init (pack_level, flags)
        -:  498:    int pack_level; /* 0: store, 1: best speed, 9: best compression */
        -:  499:    ush *flags;     /* general purpose bit flag */
        -:  500:{
        -:  501:    register unsigned j;
        -:  502:
     175*:  503:    if (pack_level < 1 || pack_level > 9) error("bad pack level");
branch  0 taken 175 (fallthrough)
branch  1 taken 0
branch  2 taken 0 (fallthrough)
branch  3 taken 175
call    4 never executed
        -:  504:
        -:  505:    /* Initialize the hash table. */
        -:  506:
        -:  507:
        -:  508:#if defined(MAXSEG_64K) && HASH_BITS == 15
        -:  509:    for (j = 0;  j < HASH_SIZE; j++) head[j] = NIL;
        -:  510:#else
      175:  511:    memzero((char*)head, HASH_SIZE*sizeof(*head));
        -:  512:#endif
        -:  513:    /* prev will be initialized on the fly */
        -:  514:
        -:  515:    /* Set the default configuration parameters:
        -:  516:     */
      175:  517:    max_lazy_match   = configuration_table[pack_level].max_lazy;
      175:  518:    good_match       = configuration_table[pack_level].good_length;
        -:  519:#ifndef FULL_SEARCH
      175:  520:    nice_match       = configuration_table[pack_level].nice_length;
        -:  521:#endif
      175:  522:    max_chain_length = configuration_table[pack_level].max_chain;
      175:  523:    if (pack_level == 1) {
branch  0 taken 17 (fallthrough)
branch  1 taken 158
       17:  524:       *flags |= FAST;
      158:  525:    } else if (pack_level == 9) {
branch  0 taken 17 (fallthrough)
branch  1 taken 141
       17:  526:       *flags |= SLOW;
        -:  527:    }
        -:  528:    /* ??? reduce max_chain_length for binary files */
        -:  529:
      175:  530:    strstart = 0;
      175:  531:    block_start = 0L;
        -:  532:#ifdef ASMV
        -:  533:    match_init(); /* initialize the asm code */
        -:  534:#endif
        -:  535:
      175:  536:    lookahead = read_buf((char*)window,
call    0 returned 175
        -:  537:#ifndef FAULTY_F_KP_6
        -:  538:			 sizeof(int) <= 2 ? (unsigned)WSIZE : 2*WSIZE);
        -:  539:#else
        -:  540:			 sizeof(int) > 2 ? (unsigned)WSIZE : 2*WSIZE);
        -:  541:#endif
        -:  542:
      175:  543:    if (lookahead == 0 || lookahead == (unsigned)EOF) {
branch  0 taken 174 (fallthrough)
branch  1 taken 1
branch  2 taken 1 (fallthrough)
branch  3 taken 173
        2:  544:       eofile = 1, lookahead = 0;
        2:  545:       return;
        -:  546:    }
      173:  547:    eofile = 0;
        -:  548:    /* Make sure that we always have enough lookahead. This is important
        -:  549:     * if input comes from a device such as a tty.
        -:  550:     */
     173*:  551:    while (lookahead < MIN_LOOKAHEAD && !eofile) fill_window();
call    0 never executed
branch  1 taken 0 (fallthrough)
branch  2 taken 173
branch  3 never executed
branch  4 never executed
        -:  552:
      173:  553:    ins_h = 0;
      519:  554:    for (j=0; j<MIN_MATCH-1; j++) UPDATE_HASH(ins_h, window[j]);
branch  0 taken 346
branch  1 taken 173 (fallthrough)
        -:  555:    /* If lookahead < MIN_MATCH, ins_h is garbage, but this is
        -:  556:     * not important since only literal bytes will be emitted.
        -:  557:     */
        -:  558:}
        -:  559:
        -:  560:/* ===========================================================================
        -:  561: * Set match_start to the longest match starting at the given string and
        -:  562: * return its length. Matches shorter or equal to prev_length are discarded,
        -:  563: * in which case the result is equal to prev_length and match_start is
        -:  564: * garbage.
        -:  565: * IN assertions: cur_match is the head of the hash chain for the current
        -:  566: *   string (strstart) and its distance is <= MAX_DIST, and prev_length >= 1
        -:  567: */
        -:  568:#ifndef ASMV
        -:  569:/* For MSDOS, OS/2 and 386 Unix, an optimized version is in match.asm or
        -:  570: * match.s. The code is functionally equivalent, so you can use the C version
        -:  571: * if desired.
        -:  572: */
function longest_match called 2037967 returned 100% blocks executed 100%
  2037967:  573:int longest_match(cur_match)
        -:  574:    IPos cur_match;                             /* current match */
        -:  575:{
  2037967:  576:    unsigned chain_length = max_chain_length;   /* max hash chain length */
  2037967:  577:    register uch *scan = window + strstart;     /* current string */
        -:  578:    register uch *match;                        /* matched string */
        -:  579:    register int len;                           /* length of current match */
  2037967:  580:    int best_len = prev_length;                 /* best match length so far */
  2037967:  581:    IPos limit = strstart > (IPos)MAX_DIST ? strstart - (IPos)MAX_DIST : NIL;
        -:  582:    /* Stop when cur_match becomes <= limit. To simplify the code,
        -:  583:     * we prevent matches with the string of window index 0.
        -:  584:     */
        -:  585:
        -:  586:/* The code is optimized for HASH_BITS >= 8 and MAX_MATCH-2 multiple of 16.
        -:  587: * It is easy to get rid of this optimization if necessary.
        -:  588: */
        -:  589:#if HASH_BITS < 8 || MAX_MATCH != 258
        -:  590:   error: Code too clever
        -:  591:#endif
        -:  592:
        -:  593:#ifdef UNALIGNED_OK
        -:  594:    /* Compare two bytes at a time. Note: this is not always beneficial.
        -:  595:     * Try with and without -DUNALIGNED_OK to check.
        -:  596:     */
        -:  597:    register uch *strend = window + strstart + MAX_MATCH - 1;
        -:  598:    register ush scan_start = *(ush*)scan;
        -:  599:    register ush scan_end   = *(ush*)(scan+best_len-1);
        -:  600:#else
  2037967:  601:    register uch *strend = window + strstart + MAX_MATCH;
  2037967:  602:    register uch scan_end1  = scan[best_len-1];
  2037967:  603:    register uch scan_end   = scan[best_len];
        -:  604:#endif
        -:  605:
        -:  606:    /* Do not waste too much time if we already have a good match: */
  2037967:  607:    if (prev_length >= good_match) {
branch  0 taken 176138 (fallthrough)
branch  1 taken 1861829
   176138:  608:        chain_length >>= 2;
        -:  609:    }
        -:  610:    Assert(strstart <= window_size-MIN_LOOKAHEAD, "insufficient lookahead");
        -:  611:
        -:  612:    do {
        -:  613:        Assert(cur_match < strstart, "no future");
 47018150:  614:        match = window + cur_match;
        -:  615:
        -:  616:        /* Skip to next match if the match length cannot increase
        -:  617:         * or if the match length is less than 2:
        -:  618:         */
        -:  619:#if (defined(UNALIGNED_OK) && MAX_MATCH == 258)
        -:  620:        /* This code assumes sizeof(unsigned short) == 2. Do not use
        -:  621:         * UNALIGNED_OK if your compiler uses a different size.
        -:  622:         */
        -:  623:        if (*(ush*)(match+best_len-1) != scan_end ||
        -:  624:            *(ush*)match != scan_start) continue;
        -:  625:
        -:  626:        /* It is not necessary to compare scan[2] and match[2] since they are
        -:  627:         * always equal when the other bytes match, given that the hash keys
        -:  628:         * are equal and that HASH_BITS >= 8. Compare 2 bytes at a time at
        -:  629:         * strstart+3, +5, ... up to strstart+257. We check for insufficient
        -:  630:         * lookahead only every 4th comparison; the 128th check will be made
        -:  631:         * at strstart+257. If MAX_MATCH-2 is not a multiple of 8, it is
        -:  632:         * necessary to put more guard bytes at the end of the window, or
        -:  633:         * to check more often for insufficient lookahead.
        -:  634:         */
        -:  635:        scan++, match++;
        -:  636:        do {
        -:  637:        } while (*(ush*)(scan+=2) == *(ush*)(match+=2) &&
        -:  638:                 *(ush*)(scan+=2) == *(ush*)(match+=2) &&
        -:  639:                 *(ush*)(scan+=2) == *(ush*)(match+=2) &&
        -:  640:                 *(ush*)(scan+=2) == *(ush*)(match+=2) &&
        -:  641:                 scan < strend);
        -:  642:        /* The funny "do {}" generates better code on most compilers */
        -:  643:
        -:  644:        /* Here, scan <= window+strstart+257 */
        -:  645:        Assert(scan <= window+(unsigned)(window_size-1), "wild scan");
        -:  646:        if (*scan == *match) scan++;
        -:  647:
        -:  648:        len = (MAX_MATCH - 1) - (int)(strend-scan);
        -:  649:        scan = strend - (MAX_MATCH-1);
        -:  650:
        -:  651:#else /* UNALIGNED_OK */
        -:  652:
 47018150:  653:        if (match[best_len]   != scan_end  ||
branch  0 taken 6082373 (fallthrough)
branch  1 taken 40935777
  6082373:  654:            match[best_len-1] != scan_end1 ||
branch  0 taken 3081812 (fallthrough)
branch  1 taken 3000561
  3081812:  655:            *match            != *scan     ||
branch  0 taken 2034708 (fallthrough)
branch  1 taken 1047104
 47018150:  656:            *++match          != scan[1])      continue;
branch  0 taken 6279 (fallthrough)
branch  1 taken 2028429
        -:  657:
        -:  658:        /* The check at best_len-1 can be removed because it will be made
        -:  659:         * again later. (This heuristic is not always a win.)
        -:  660:         * It is not necessary to compare scan[2] and match[2] since they
        -:  661:         * are always equal when the other bytes match, given that
        -:  662:         * the hash keys are equal and that HASH_BITS >= 8.
        -:  663:         */
  2028429:  664:        scan += 2, match++;
        -:  665:
        -:  666:        /* We check for insufficient lookahead only every 8th comparison;
        -:  667:         * the 256th check will be made at strstart+258.
        -:  668:         */
        -:  669:        do {
 14341569:  670:        } while (*++scan == *++match && *++scan == *++match &&
branch  0 taken 14011686 (fallthrough)
branch  1 taken 329883
 14011686:  671:                 *++scan == *++match && *++scan == *++match &&
branch  0 taken 13789366 (fallthrough)
branch  1 taken 222320
branch  2 taken 13606744 (fallthrough)
branch  3 taken 182622
 13606744:  672:                 *++scan == *++match && *++scan == *++match &&
branch  0 taken 13478410 (fallthrough)
branch  1 taken 128334
branch  2 taken 13380045 (fallthrough)
branch  3 taken 98365
 15408474:  673:                 *++scan == *++match && *++scan == *++match &&
branch  0 taken 14341569 (fallthrough)
branch  1 taken 541785
branch  2 taken 13313655 (fallthrough)
branch  3 taken 66390
branch  4 taken 13262193 (fallthrough)
branch  5 taken 51462
branch  6 taken 12854925
branch  7 taken 407268 (fallthrough)
        -:  674:                 scan < strend);
        -:  675:
  2028429:  676:        len = MAX_MATCH - (int)(strend - scan);
  2028429:  677:        scan = strend - MAX_MATCH;
        -:  678:
        -:  679:#endif /* UNALIGNED_OK */
        -:  680:
  2028429:  681:        if (len > best_len) {
branch  0 taken 1814543 (fallthrough)
branch  1 taken 213886
  1814543:  682:            match_start = cur_match;
  1814543:  683:            best_len = len;
  1814543:  684:            if (len >= nice_match) break;
branch  0 taken 414382 (fallthrough)
branch  1 taken 1400161
        -:  685:#ifdef UNALIGNED_OK
        -:  686:            scan_end = *(ush*)(scan+best_len-1);
        -:  687:#else
  1400161:  688:            scan_end1  = scan[best_len-1];
  1400161:  689:            scan_end   = scan[best_len];
        -:  690:#endif
        -:  691:        }
 46603768:  692:    } while ((cur_match = prev[cur_match & WMASK]) > limit
 46603768:  693:	     && --chain_length != 0);
branch  0 taken 45238724 (fallthrough)
branch  1 taken 1365044
branch  2 taken 44980183
branch  3 taken 258541 (fallthrough)
        -:  694:
  2037967:  695:    return best_len;
        -:  696:}
        -:  697:#endif /* ASMV */
        -:  698:
        -:  699:#ifdef DEBUG
        -:  700:/* ===========================================================================
        -:  701: * Check that the match at match_start is indeed a match.
        -:  702: */
        -:  703:local void check_match(start, match, length)
        -:  704:    IPos start, match;
        -:  705:    int length;
        -:  706:{
        -:  707:    /* check that the match is indeed a match */
        -:  708:    if (memcmp((char*)window + match,
        -:  709:                (char*)window + start, length) != EQUAL) {
        -:  710:        fprintf(stderr,
        -:  711:            " start %d, match %d, length %d\n",
        -:  712:            start, match, length);
        -:  713:        error("invalid match");
        -:  714:    }
        -:  715:    if (verbose > 1) {
        -:  716:        fprintf(stderr,"\\[%d,%d]", start-match, length);
        -:  717:        do { putc(window[start++], stderr); } while (--length != 0);
        -:  718:    }
        -:  719:}
        -:  720:#else
        -:  721:#  define check_match(start, match, length)
        -:  722:#endif
        -:  723:
        -:  724:/* ===========================================================================
        -:  725: * Fill the window when the lookahead becomes insufficient.
        -:  726: * Updates strstart and lookahead, and sets eofile if end of input file.
        -:  727: * IN assertion: lookahead < MIN_LOOKAHEAD && strstart + lookahead > 0
        -:  728: * OUT assertions: at least one byte has been read, or eofile is set;
        -:  729: *    file reads are performed for at least two bytes (required for the
        -:  730: *    translate_eol option).
        -:  731: */
function fill_window called 3395 returned 100% blocks executed 96%
     3395:  732:local void fill_window()
        -:  733:{
        -:  734:    register unsigned n, m;
     3395:  735:    unsigned more = (unsigned)(window_size - (ulg)lookahead - (ulg)strstart);
        -:  736:    /* Amount of free space at the end of the window. */
        -:  737:
        -:  738:    /* If the window is almost full and there is insufficient lookahead,
        -:  739:     * move the upper half to the lower one to make room in the upper half.
        -:  740:     */
     3395:  741:    if (more == (unsigned)EOF) {
branch  0 taken 0 (fallthrough)
branch  1 taken 3395
        -:  742:        /* Very unlikely, but possible on 16 bit machine if strstart == 0
        -:  743:         * and lookahead == 1 (input done one byte at time)
        -:  744:         */
    #####:  745:        more--;
     3395:  746:    } else if (strstart >= WSIZE+MAX_DIST) {
branch  0 taken 3223 (fallthrough)
branch  1 taken 172
        -:  747:        /* By the IN assertion, the window is not empty so we can't confuse
        -:  748:         * more == 0 with more == 64K on a 16 bit machine.
        -:  749:         */
        -:  750:        Assert(window_size == (ulg)2*WSIZE, "no sliding with BIG_MEM");
        -:  751:
     3223:  752:        memcpy((char*)window, (char*)window+WSIZE, (unsigned)WSIZE);
     3223:  753:        match_start -= WSIZE;
     3223:  754:        strstart    -= WSIZE; /* we now have strstart >= MAX_DIST: */
        -:  755:
     3223:  756:        block_start -= (long) WSIZE;
        -:  757:
105614487:  758:        for (n = 0; n < HASH_SIZE; n++) {
branch  0 taken 105611264
branch  1 taken 3223 (fallthrough)
105611264:  759:            m = head[n];
105611264:  760:            head[n] = (Pos)(m >= WSIZE ? m-WSIZE : NIL);
branch  0 taken 67185 (fallthrough)
branch  1 taken 105544079
        -:  761:        }
105614487:  762:        for (n = 0; n < WSIZE; n++) {
branch  0 taken 105611264
branch  1 taken 3223 (fallthrough)
105611264:  763:            m = prev[n];
105611264:  764:            prev[n] = (Pos)(m >= WSIZE ? m-WSIZE : NIL);
branch  0 taken 105113304 (fallthrough)
branch  1 taken 497960
        -:  765:            /* If n is not on any hash chain, prev[n] is garbage but
        -:  766:             * its value will never be used.
        -:  767:             */
        -:  768:        }
     3223:  769:        more += WSIZE;
        -:  770:    }
        -:  771:    /* At this point, more >= 2 */
     3395:  772:    if (!eofile) {
branch  0 taken 3395 (fallthrough)
branch  1 taken 0
     3395:  773:        n = read_buf((char*)window+strstart+lookahead, more);
call    0 returned 3395
     3395:  774:        if (n == 0 || n == (unsigned)EOF) {
branch  0 taken 3222 (fallthrough)
branch  1 taken 173
branch  2 taken 0 (fallthrough)
branch  3 taken 3222
      173:  775:            eofile = 1;
        -:  776:        } else {
     3222:  777:            lookahead += n;
        -:  778:        }
        -:  779:    }
     3395:  780:}
        -:  781:
        -:  782:/* ===========================================================================
        -:  783: * Flush the current block, with given end-of-file flag.
        -:  784: * IN assertion: strstart is set to the end of the current match.
        -:  785: */
        -:  786:#define FLUSH_BLOCK(eof) \
        -:  787:   flush_block(block_start >= 0L ? (char*)&window[(unsigned)block_start] : \
        -:  788:                (char*)NULL, (long)strstart - block_start, (eof))
        -:  789:
        -:  790:/* ===========================================================================
        -:  791: * Processes a new input file and return its compressed length.
        -:  792: */
        -:  793:#ifdef NO_LAZY
        -:  794:ulg deflate()
        -:  795:{
        -:  796:    IPos hash_head; /* head of the hash chain */
        -:  797:    int flush;      /* set if current block must be flushed */
        -:  798:    unsigned match_length = 0;  /* length of best match */
        -:  799:
        -:  800:    prev_length = MIN_MATCH-1;
        -:  801:    while (lookahead != 0) {
        -:  802:        /* Insert the string window[strstart .. strstart+2] in the
        -:  803:         * dictionary, and set hash_head to the head of the hash chain:
        -:  804:         */
        -:  805:        INSERT_STRING(strstart, hash_head);
        -:  806:
        -:  807:        /* Find the longest match, discarding those <= prev_length.
        -:  808:         * At this point we have always match_length < MIN_MATCH
        -:  809:         */
        -:  810:        if (hash_head != NIL && strstart - hash_head <= MAX_DIST) {
        -:  811:            /* To simplify the code, we prevent matches with the string
        -:  812:             * of window index 0 (in particular we have to avoid a match
        -:  813:             * of the string with itself at the start of the input file).
        -:  814:             */
        -:  815:            match_length = longest_match (hash_head);
        -:  816:            /* longest_match() sets match_start */
        -:  817:            if (match_length > lookahead) match_length = lookahead;
        -:  818:        }
        -:  819:        if (match_length >= MIN_MATCH) {
        -:  820:            check_match(strstart, match_start, match_length);
        -:  821:
        -:  822:            flush = ct_tally(strstart-match_start, match_length - MIN_MATCH);
        -:  823:
        -:  824:            lookahead -= match_length;
        -:  825:            match_length--; /* string at strstart already in hash table */
        -:  826:            do {
        -:  827:                strstart++;
        -:  828:                INSERT_STRING(strstart, hash_head);
        -:  829:                /* strstart never exceeds WSIZE-MAX_MATCH, so there are
        -:  830:                 * always MIN_MATCH bytes ahead. If lookahead < MIN_MATCH
        -:  831:                 * these bytes are garbage, but it does not matter since the
        -:  832:                 * next lookahead bytes will always be emitted as literals.
        -:  833:                 */
        -:  834:            } while (--match_length != 0);
        -:  835:        } else {
        -:  836:            /* No match, output a literal byte */
        -:  837:            flush = ct_tally (0, window[strstart]);
        -:  838:            lookahead--;
        -:  839:        }
        -:  840:        strstart++; 
        -:  841:        if (flush) FLUSH_BLOCK(0), block_start = strstart;
        -:  842:
        -:  843:        /* Make sure that we always have enough lookahead, except
        -:  844:         * at the end of the input file. We need MAX_MATCH bytes
        -:  845:         * for the next match, plus MIN_MATCH bytes to insert the
        -:  846:         * string following the next match.
        -:  847:         */
        -:  848:        while (lookahead < MIN_LOOKAHEAD && !eofile) fill_window();
        -:  849:
        -:  850:    }
        -:  851:    return FLUSH_BLOCK(1); /* eof */
        -:  852:}
        -:  853:#else /* LAZY */
        -:  854:/* ===========================================================================
        -:  855: * Same as above, but achieves better compression. We use a lazy
        -:  856: * evaluation for matches: a match is finally adopted only if there is
        -:  857: * no better match at the next window position.
        -:  858: */
function deflate called 175 returned 100% blocks executed 98%
      175:  859:ulg deflate()
        -:  860:{
        -:  861:    IPos hash_head;          /* head of hash chain */
        -:  862:    IPos prev_match;         /* previous match */
        -:  863:    int flush;               /* set if current block must be flushed */
      175:  864:    int match_available = 0; /* set if previous match exists */
      175:  865:    register unsigned match_length = MIN_MATCH-1; /* length of best match */
        -:  866:#ifdef DEBUG
        -:  867:    extern long isize;        /* byte length of input file, for debug only */
        -:  868:#endif
        -:  869:
        -:  870:    /* Process the input block. */
  2977130:  871:    while (lookahead != 0) {
branch  0 taken 2976955
branch  1 taken 175 (fallthrough)
        -:  872:        /* Insert the string window[strstart .. strstart+2] in the
        -:  873:         * dictionary, and set hash_head to the head of the hash chain:
        -:  874:         */
  2976955:  875:        INSERT_STRING(strstart, hash_head);
        -:  876:
        -:  877:        /* Find the longest match, discarding those <= prev_length.
        -:  878:         */
  2976955:  879:        prev_length = match_length, prev_match = match_start;
  2976955:  880:        match_length = MIN_MATCH-1;
        -:  881:
  2976955:  882:        if (hash_head != NIL && prev_length < max_lazy_match &&
branch  0 taken 2561256 (fallthrough)
branch  1 taken 415699
branch  2 taken 2040626 (fallthrough)
branch  3 taken 520630
  2040626:  883:            strstart - hash_head <= MAX_DIST) {
branch  0 taken 2037967 (fallthrough)
branch  1 taken 2659
        -:  884:            /* To simplify the code, we prevent matches with the string
        -:  885:             * of window index 0 (in particular we have to avoid a match
        -:  886:             * of the string with itself at the start of the input file).
        -:  887:             */
  2037967:  888:            match_length = longest_match (hash_head);
call    0 returned 2037967
        -:  889:            /* longest_match() sets match_start */
  2037967:  890:            if (match_length > lookahead) match_length = lookahead;
branch  0 taken 172 (fallthrough)
branch  1 taken 2037795
        -:  891:
        -:  892:            /* Ignore a length 3 match if it is too distant: */
  2037967:  893:            if (match_length == MIN_MATCH && strstart-match_start > TOO_FAR){
branch  0 taken 241496 (fallthrough)
branch  1 taken 1796471
branch  2 taken 50271 (fallthrough)
branch  3 taken 191225
        -:  894:                /* If prev_match is also MIN_MATCH, match_start is garbage
        -:  895:                 * but we will ignore the current match anyway.
        -:  896:                 */
    50271:  897:                match_length--;
        -:  898:            }
        -:  899:        }
        -:  900:        /* If there was a match at the previous step and the current
        -:  901:         * match is not better, output the previous match:
        -:  902:         */
  2976955:  903:        if (prev_length >= MIN_MATCH && match_length <= prev_length) {
branch  0 taken 1297430 (fallthrough)
branch  1 taken 1679525
branch  2 taken 1182279 (fallthrough)
branch  3 taken 115151
        -:  904:
        -:  905:            check_match(strstart-1, prev_match, prev_length);
        -:  906:
  1182279:  907:            flush = ct_tally(strstart-1-prev_match, prev_length - MIN_MATCH);
call    0 returned 1182279
        -:  908:
        -:  909:            /* Insert in hash table all strings up to the end of the match.
        -:  910:             * strstart-1 and strstart are already inserted.
        -:  911:             */
  1182279:  912:            lookahead -= prev_length-1;
  1182279:  913:            prev_length -= 2;
        -:  914:            do {
108518547:  915:                strstart++;
108518547:  916:                INSERT_STRING(strstart, hash_head);
        -:  917:                /* strstart never exceeds WSIZE-MAX_MATCH, so there are
        -:  918:                 * always MIN_MATCH bytes ahead. If lookahead < MIN_MATCH
        -:  919:                 * these bytes are garbage, but it does not matter since the
        -:  920:                 * next lookahead bytes will always be emitted as literals.
        -:  921:                 */
108518547:  922:            } while (--prev_length != 0);
branch  0 taken 107336268
branch  1 taken 1182279 (fallthrough)
  1182279:  923:            match_available = 0;
  1182279:  924:            match_length = MIN_MATCH-1;
  1182279:  925:            strstart++;
  1182279:  926:            if (flush) FLUSH_BLOCK(0), block_start = strstart;
branch  0 taken 16 (fallthrough)
branch  1 taken 1182263
branch  2 taken 1 (fallthrough)
branch  3 taken 15
call    4 returned 16
        -:  927:
  1794676:  928:        } else if (match_available) {
branch  0 taken 612228 (fallthrough)
branch  1 taken 1182448
        -:  929:            /* If there was no match at the previous position, output a
        -:  930:             * single literal. If there was a match but the current match
        -:  931:             * is longer, truncate the previous match to a single literal.
        -:  932:             */
        -:  933:            Tracevv((stderr,"%c",window[strstart-1]));
   612228:  934:            if (ct_tally (0, window[strstart-1])) {
call    0 returned 612228
branch  1 taken 4 (fallthrough)
branch  2 taken 612224
       4*:  935:                FLUSH_BLOCK(0), block_start = strstart;
branch  0 taken 4 (fallthrough)
branch  1 taken 0
call    2 returned 4
        -:  936:            }
   612228:  937:            strstart++;
   612228:  938:            lookahead--;
        -:  939:        } else {
        -:  940:            /* There is no previous match to compare with, wait for
        -:  941:             * the next step to decide.
        -:  942:             */
  1182448:  943:            match_available = 1;
  1182448:  944:            strstart++;
  1182448:  945:            lookahead--;
        -:  946:        }
        -:  947:        Assert (strstart <= isize && lookahead <= isize, "a bit too far");
        -:  948:
        -:  949:        /* Make sure that we always have enough lookahead, except
        -:  950:         * at the end of the input file. We need MAX_MATCH bytes
        -:  951:         * for the next match, plus MIN_MATCH bytes to insert the
        -:  952:         * string following the next match.
        -:  953:         */
  2980350:  954:        while (lookahead < MIN_LOOKAHEAD && !eofile) fill_window();
call    0 returned 3395
branch  1 taken 22756 (fallthrough)
branch  2 taken 2957594
branch  3 taken 3395
branch  4 taken 19361 (fallthrough)
        -:  955:    }
      175:  956:    if (match_available) ct_tally (0, window[strstart-1]);
branch  0 taken 169 (fallthrough)
branch  1 taken 6
call    2 returned 169
        -:  957:
      175:  958:    return FLUSH_BLOCK(1); /* eof */
branch  0 taken 172 (fallthrough)
branch  1 taken 3
call    2 returned 175
        -:  959:}
        -:  960:#endif /* LAZY */
        -:  961:/* Getopt for GNU.
        -:  962:   NOTE: getopt is now part of the C library, so if you don't know what
        -:  963:   "Keep this file name-space clean" means, talk to roland@gnu.ai.mit.edu
        -:  964:   before changing it!
        -:  965:
        -:  966:   Copyright (C) 1987, 88, 89, 90, 91, 1992 Free Software Foundation, Inc.
        -:  967:
        -:  968:   This program is free software; you can redistribute it and/or modify it
        -:  969:   under the terms of the GNU General Public License as published by the
        -:  970:   Free Software Foundation; either version 2, or (at your option) any
        -:  971:   later version.
        -:  972:   
        -:  973:   This program is distributed in the hope that it will be useful,
        -:  974:   but WITHOUT ANY WARRANTY; without even the implied warranty of
        -:  975:   MERCHANTABILITY or FITNESS FOR A PARTICULAR PURPOSE.  See the
        -:  976:   GNU General Public License for more details.
        -:  977:   
        -:  978:   You should have received a copy of the GNU General Public License
        -:  979:   along with this program; if not, write to the Free Software
        -:  980:   Foundation, 675 Mass Ave, Cambridge, MA 02139, USA.  */
        -:  981:
        -:  982:/* AIX requires this to be the first thing in the file.  */
        -:  983:#if (defined( __GNUC__) && (!defined(LINUX)))
        -:  984:#define alloca __builtin_alloca
        -:  985:#else /* not __GNUC__ */
        -:  986:#if defined (HAVE_ALLOCA_H) || (defined(sparc) && (defined(sun) || (!defined(USG) && !defined(SVR4) && !defined(__svr4__))))
        -:  987:#include <alloca.h>
        -:  988:#else
        -:  989:#ifdef _AIX
        -:  990: #pragma alloca
        -:  991:#else
        -:  992:char *alloca ();
        -:  993:#endif
        -:  994:#endif /* alloca.h */
        -:  995:#endif /* not __GNUC__ */
        -:  996:
        -:  997:/* This tells Alpha OSF/1 not to define a getopt prototype in <stdio.h>.  */
        -:  998:#ifndef _NO_PROTO
        -:  999:#  define _NO_PROTO
        -: 1000:#endif
        -: 1001:
        -: 1002:#if defined(USG) || defined(STDC_HEADERS) || defined(__GNU_LIBRARY__)
        -: 1003:#include <string.h>
        -: 1004:#endif
        -: 1005:
        -: 1006:/* This needs to come after some library #include
        -: 1007:   to get __GNU_LIBRARY__ defined.  */
        -: 1008:#ifdef	__GNU_LIBRARY__
        -: 1009:#undef	alloca
        -: 1010:/* Don't include stdlib.h for non-GNU C libraries because some of them
        -: 1011:   contain conflicting prototypes for getopt.  */
        -: 1012:#include <stdlib.h>
        -: 1013:#else	/* Not GNU C library.  */
        -: 1014:#define	__alloca	alloca
        -: 1015:#endif	/* GNU C library.  */
        -: 1016:
        -: 1017:#ifdef LINUX
        -: 1018:#define __alloca alloca
        -: 1019:#endif
        -: 1020:
        -: 1021:#if !__STDC__
        -: 1022:#define const
        -: 1023:#endif
        -: 1024:
        -: 1025:/* If GETOPT_COMPAT is defined, `+' as well as `--' can introduce a
        -: 1026:   long-named option.  Because this is not POSIX.2 compliant, it is
        -: 1027:   being phased out.  */
        -: 1028:#define GETOPT_COMPAT
        -: 1029:
        -: 1030:/* This version of `getopt' appears to the caller like standard Unix `getopt'
        -: 1031:   but it behaves differently for the user, since it allows the user
        -: 1032:   to intersperse the options with the other arguments.
        -: 1033:
        -: 1034:   As `getopt' works, it permutes the elements of ARGV so that,
        -: 1035:   when it is done, all the options precede everything else.  Thus
        -: 1036:   all application programs are extended to handle flexible argument order.
        -: 1037:
        -: 1038:   Setting the environment variable POSIXLY_CORRECT disables permutation.
        -: 1039:   Then the behavior is completely standard.
        -: 1040:
        -: 1041:   GNU application programs can use a third alternative mode in which
        -: 1042:   they can distinguish the relative order of options and other arguments.  */
        -: 1043:
        -: 1044:/* For communication from `getopt' to the caller.
        -: 1045:   When `getopt' finds an option that takes an argument,
        -: 1046:   the argument value is returned here.
        -: 1047:   Also, when `ordering' is RETURN_IN_ORDER,
        -: 1048:   each non-option ARGV-element is returned here.  */
        -: 1049:
        -: 1050:char *optarg = 0;
        -: 1051:
        -: 1052:/* Index in ARGV of the next element to be scanned.
        -: 1053:   This is used for communication to and from the caller
        -: 1054:   and for communication between successive calls to `getopt'.
        -: 1055:
        -: 1056:   On entry to `getopt', zero means this is the first call; initialize.
        -: 1057:
        -: 1058:   When `getopt' returns EOF, this is the index of the first of the
        -: 1059:   non-option elements that the caller should itself scan.
        -: 1060:
        -: 1061:   Otherwise, `optind' communicates from one call to the next
        -: 1062:   how much of ARGV has been scanned so far.  */
        -: 1063:
        -: 1064:int optind = 0;
        -: 1065:
        -: 1066:/* The next char to be scanned in the option-element
        -: 1067:   in which the last option character we returned was found.
        -: 1068:   This allows us to pick up the scan where we left off.
        -: 1069:
        -: 1070:   If this is zero, or a null string, it means resume the scan
        -: 1071:   by advancing to the next ARGV-element.  */
        -: 1072:
        -: 1073:static char *nextchar;
        -: 1074:
        -: 1075:/* Callers store zero here to inhibit the error message
        -: 1076:   for unrecognized options.  */
        -: 1077:
        -: 1078:int opterr = 1;
        -: 1079:
        -: 1080:/* Describe how to deal with options that follow non-option ARGV-elements.
        -: 1081:
        -: 1082:   If the caller did not specify anything,
        -: 1083:   the default is REQUIRE_ORDER if the environment variable
        -: 1084:   POSIXLY_CORRECT is defined, PERMUTE otherwise.
        -: 1085:
        -: 1086:   REQUIRE_ORDER means don't recognize them as options;
        -: 1087:   stop option processing when the first non-option is seen.
        -: 1088:   This is what Unix does.
        -: 1089:   This mode of operation is selected by either setting the environment
        -: 1090:   variable POSIXLY_CORRECT, or using `+' as the first character
        -: 1091:   of the list of option characters.
        -: 1092:
        -: 1093:   PERMUTE is the default.  We permute the contents of ARGV as we scan,
        -: 1094:   so that eventually all the non-options are at the end.  This allows options
        -: 1095:   to be given in any order, even with programs that were not written to
        -: 1096:   expect this.
        -: 1097:
        -: 1098:   RETURN_IN_ORDER is an option available to programs that were written
        -: 1099:   to expect options and other ARGV-elements in any order and that care about
        -: 1100:   the ordering of the two.  We describe each non-option ARGV-element
        -: 1101:   as if it were the argument of an option with character code 1.
        -: 1102:   Using `-' as the first character of the list of option characters
        -: 1103:   selects this mode of operation.
        -: 1104:
        -: 1105:   The special argument `--' forces an end of option-scanning regardless
        -: 1106:   of the value of `ordering'.  In the case of RETURN_IN_ORDER, only
        -: 1107:   `--' can cause `getopt' to return EOF with `optind' != ARGC.  */
        -: 1108:
        -: 1109:static enum
        -: 1110:{
        -: 1111:  REQUIRE_ORDER, PERMUTE, RETURN_IN_ORDER
        -: 1112:} ordering;
        -: 1113:
        -: 1114:#ifdef	__GNU_LIBRARY__
        -: 1115:#include <string.h>
        -: 1116:#define	my_index	strchr
        -: 1117:#define	my_bcopy(src, dst, n)	memcpy ((dst), (src), (n))
        -: 1118:#else
        -: 1119:
        -: 1120:/* Avoid depending on library functions or files
        -: 1121:   whose names are inconsistent.  */
        -: 1122:
        -: 1123:char *getenv ();
        -: 1124:
        -: 1125:static char *
        -: 1126:my_index (string, chr)
        -: 1127:     char *string;
        -: 1128:     int chr;
        -: 1129:{
        -: 1130:  while (*string)
        -: 1131:    {
        -: 1132:      if (*string == chr)
        -: 1133:	return string;
        -: 1134:      string++;
        -: 1135:    }
        -: 1136:  return 0;
        -: 1137:}
        -: 1138:
        -: 1139:static void
        -: 1140:my_bcopy (from, to, size)
        -: 1141:     char *from, *to;
        -: 1142:     int size;
        -: 1143:{
        -: 1144:  int i;
        -: 1145:  for (i = 0; i < size; i++)
        -: 1146:    to[i] = from[i];
        -: 1147:}
        -: 1148:#endif				/* GNU C library.  */
        -: 1149:
        -: 1150:/* Handle permutation of arguments.  */
        -: 1151:
        -: 1152:/* Describe the part of ARGV that contains non-options that have
        -: 1153:   been skipped.  `first_nonopt' is the index in ARGV of the first of them;
        -: 1154:   `last_nonopt' is the index after the last of them.  */
        -: 1155:
        -: 1156:static int first_nonopt;
        -: 1157:static int last_nonopt;
        -: 1158:
        -: 1159:/* Exchange two adjacent subsequences of ARGV.
        -: 1160:   One subsequence is elements [first_nonopt,last_nonopt)
        -: 1161:   which contains all the non-options that have been skipped so far.
        -: 1162:   The other is elements [last_nonopt,optind), which contains all
        -: 1163:   the options processed since those non-options were skipped.
        -: 1164:
        -: 1165:   `first_nonopt' and `last_nonopt' are relocated so that they describe
        -: 1166:   the new indices of the non-options in ARGV after they are moved.  */
        -: 1167:
        -: 1168:static void
function exchange called 16 returned 100% blocks executed 100%
       16: 1169:exchange (argv)
        -: 1170:     char **argv;
        -: 1171:{
       16: 1172:  int nonopts_size = (last_nonopt - first_nonopt) * sizeof (char *);
        -: 1173:#ifdef _CRAY
        -: 1174:  char *temp[last_nonopt - first_nonopt];
        -: 1175:#else
       16: 1176:  char **temp = (char **) __alloca (nonopts_size);
        -: 1177:#endif
        -: 1178:
        -: 1179:  /* Interchange the two blocks of data in ARGV.  */
        -: 1180:
       16: 1181:  my_bcopy ((char *) &argv[first_nonopt], (char *) temp, nonopts_size);
       16: 1182:  my_bcopy ((char *) &argv[last_nonopt], (char *) &argv[first_nonopt],
        -: 1183:	    (optind - last_nonopt) * sizeof (char *));
       16: 1184:  my_bcopy ((char *) temp,
        -: 1185:	    (char *) &argv[first_nonopt + optind - last_nonopt],
        -: 1186:	    nonopts_size);
        -: 1187:
        -: 1188:  /* Update records for the slots the non-options now occupy.  */
        -: 1189:
       16: 1190:  first_nonopt += (optind - last_nonopt);
       16: 1191:  last_nonopt = optind;
       16: 1192:}
        -: 1193:
        -: 1194:/* Scan elements of ARGV (whose length is ARGC) for option characters
        -: 1195:   given in OPTSTRING.
        -: 1196:
        -: 1197:   If an element of ARGV starts with '-', and is not exactly "-" or "--",
        -: 1198:   then it is an option element.  The characters of this element
        -: 1199:   (aside from the initial '-') are option characters.  If `getopt'
        -: 1200:   is called repeatedly, it returns successively each of the option characters
        -: 1201:   from each of the option elements.
        -: 1202:
        -: 1203:   If `getopt' finds another option character, it returns that character,
        -: 1204:   updating `optind' and `nextchar' so that the next call to `getopt' can
        -: 1205:   resume the scan with the following option character or ARGV-element.
        -: 1206:
        -: 1207:   If there are no more option characters, `getopt' returns `EOF'.
        -: 1208:   Then `optind' is the index in ARGV of the first ARGV-element
        -: 1209:   that is not an option.  (The ARGV-elements have been permuted
        -: 1210:   so that those that are not options now come last.)
        -: 1211:
        -: 1212:   OPTSTRING is a string containing the legitimate option characters.
        -: 1213:   If an option character is seen that is not listed in OPTSTRING,
        -: 1214:   return '?' after printing an error message.  If you set `opterr' to
        -: 1215:   zero, the error message is suppressed but we still return '?'.
        -: 1216:
        -: 1217:   If a char in OPTSTRING is followed by a colon, that means it wants an arg,
        -: 1218:   so the following text in the same ARGV-element, or the text of the following
        -: 1219:   ARGV-element, is returned in `optarg'.  Two colons mean an option that
        -: 1220:   wants an optional arg; if there is text in the current ARGV-element,
        -: 1221:   it is returned in `optarg', otherwise `optarg' is set to zero.
        -: 1222:
        -: 1223:   If OPTSTRING starts with `-' or `+', it requests different methods of
        -: 1224:   handling the non-option ARGV-elements.
        -: 1225:   See the comments about RETURN_IN_ORDER and REQUIRE_ORDER, above.
        -: 1226:
        -: 1227:   Long-named options begin with `--' instead of `-'.
        -: 1228:   Their names may be abbreviated as long as the abbreviation is unique
        -: 1229:   or is an exact match for some defined option.  If they have an
        -: 1230:   argument, it follows the option name in the same ARGV-element, separated
        -: 1231:   from the option name by a `=', or else the in next ARGV-element.
        -: 1232:   When `getopt' finds a long-named option, it returns 0 if that option's
        -: 1233:   `flag' field is nonzero, the value of the option's `val' field
        -: 1234:   if the `flag' field is zero.
        -: 1235:
        -: 1236:   The elements of ARGV aren't really const, because we permute them.
        -: 1237:   But we pretend they're const in the prototype to be compatible
        -: 1238:   with other systems.
        -: 1239:
        -: 1240:   LONGOPTS is a vector of `struct option' terminated by an
        -: 1241:   element containing a name which is zero.
        -: 1242:
        -: 1243:   LONGIND returns the index in LONGOPT of the long-named option found.
        -: 1244:   It is only valid when a long-named option has been found by the most
        -: 1245:   recent call.
        -: 1246:
        -: 1247:   If LONG_ONLY is nonzero, '-' as well as '--' can introduce
        -: 1248:   long-named options.  */
        -: 1249:
        -: 1250:int
function _getopt_internal called 716 returned 100% blocks executed 50%
      716: 1251:_getopt_internal (argc, argv, optstring, longopts, longind, long_only)
        -: 1252:     int argc;
        -: 1253:     char *const *argv;
        -: 1254:     const char *optstring;
        -: 1255:     const struct option *longopts;
        -: 1256:     int *longind;
        -: 1257:     int long_only;
        -: 1258:{
        -: 1259:  int option_index;
        -: 1260:
      716: 1261:  optarg = 0;
        -: 1262:
        -: 1263:  /* Initialize the internal data when the first call is made.
        -: 1264:     Start processing options with ARGV-element 1 (since ARGV-element 0
        -: 1265:     is the program name); the sequence of previously skipped
        -: 1266:     non-option ARGV-elements is empty.  */
        -: 1267:
      716: 1268:  if (optind == 0)
branch  0 taken 214 (fallthrough)
branch  1 taken 502
        -: 1269:    {
      214: 1270:      first_nonopt = last_nonopt = optind = 1;
        -: 1271:
      214: 1272:      nextchar = NULL;
        -: 1273:
        -: 1274:      /* Determine how to handle the ordering of options and nonoptions.  */
        -: 1275:
      214: 1276:      if (optstring[0] == '-')
branch  0 taken 0 (fallthrough)
branch  1 taken 214
        -: 1277:	{
    #####: 1278:	  ordering = RETURN_IN_ORDER;
    #####: 1279:	  ++optstring;
        -: 1280:	}
      214: 1281:      else if (optstring[0] == '+')
branch  0 taken 0 (fallthrough)
branch  1 taken 214
        -: 1282:	{
    #####: 1283:	  ordering = REQUIRE_ORDER;
    #####: 1284:	  ++optstring;
        -: 1285:	}
      214: 1286:      else if (getenv ("POSIXLY_CORRECT") != NULL)
call    0 returned 214
branch  1 taken 0 (fallthrough)
branch  2 taken 214
    #####: 1287:	ordering = REQUIRE_ORDER;
        -: 1288:      else
      214: 1289:	ordering = PERMUTE;
        -: 1290:    }
        -: 1291:
      716: 1292:  if (nextchar == NULL || *nextchar == '\0')
branch  0 taken 502 (fallthrough)
branch  1 taken 214
branch  2 taken 197 (fallthrough)
branch  3 taken 305
        -: 1293:    {
      411: 1294:      if (ordering == PERMUTE)
branch  0 taken 411 (fallthrough)
branch  1 taken 0
        -: 1295:	{
        -: 1296:	  /* If we have just processed some options following some non-options,
        -: 1297:	     exchange them so that the options come first.  */
        -: 1298:
      411: 1299:	  if (first_nonopt != last_nonopt && last_nonopt != optind)
branch  0 taken 16 (fallthrough)
branch  1 taken 395
branch  2 taken 16 (fallthrough)
branch  3 taken 0
       16: 1300:	    exchange ((char **) argv);
call    0 returned 16
      395: 1301:	  else if (last_nonopt != optind)
branch  0 taken 181 (fallthrough)
branch  1 taken 214
      181: 1302:	    first_nonopt = optind;
        -: 1303:
        -: 1304:	  /* Now skip any additional non-options
        -: 1305:	     and extend the range of non-options previously skipped.  */
        -: 1306:
      411: 1307:	  while (optind < argc
      223: 1308:		 && (argv[optind][0] != '-' || argv[optind][1] == '\0')
branch  0 taken 203 (fallthrough)
branch  1 taken 20
branch  2 taken 0 (fallthrough)
branch  3 taken 203
        -: 1309:#ifdef GETOPT_COMPAT
      451: 1310:		 && (longopts == NULL
branch  0 taken 223 (fallthrough)
branch  1 taken 208
branch  2 taken 0
branch  3 taken 20 (fallthrough)
      20*: 1311:		     || argv[optind][0] != '+' || argv[optind][1] == '\0')
branch  0 taken 20
branch  1 taken 0 (fallthrough)
branch  2 never executed
branch  3 never executed
        -: 1312:#endif				/* GETOPT_COMPAT */
        -: 1313:		 )
       20: 1314:	    optind++;
      411: 1315:	  last_nonopt = optind;
        -: 1316:	}
        -: 1317:
        -: 1318:      /* Special ARGV-element `--' means premature end of options.
        -: 1319:	 Skip it like a null option,
        -: 1320:	 then exchange with previous non-options as if it were an option,
        -: 1321:	 then skip everything else like a non-option.  */
        -: 1322:
      411: 1323:      if (optind != argc && !strcmp (argv[optind], "--"))
branch  0 taken 203 (fallthrough)
branch  1 taken 208
branch  2 taken 0 (fallthrough)
branch  3 taken 203
        -: 1324:	{
    #####: 1325:	  optind++;
        -: 1326:
    #####: 1327:	  if (first_nonopt != last_nonopt && last_nonopt != optind)
branch  0 never executed
branch  1 never executed
branch  2 never executed
branch  3 never executed
    #####: 1328:	    exchange ((char **) argv);
call    0 never executed
    #####: 1329:	  else if (first_nonopt == last_nonopt)
branch  0 never executed
branch  1 never executed
    #####: 1330:	    first_nonopt = optind;
    #####: 1331:	  last_nonopt = argc;
        -: 1332:
    #####: 1333:	  optind = argc;
        -: 1334:	}
        -: 1335:
        -: 1336:      /* If we have done all the ARGV-elements, stop the scan
        -: 1337:	 and back over any non-options that we skipped and permuted.  */
        -: 1338:
      411: 1339:      if (optind == argc)
branch  0 taken 208 (fallthrough)
branch  1 taken 203
        -: 1340:	{
        -: 1341:	  /* Set the next-arg-index to point at the non-options
        -: 1342:	     that we previously skipped, so the caller will digest them.  */
      208: 1343:	  if (first_nonopt != last_nonopt)
branch  0 taken 20 (fallthrough)
branch  1 taken 188
       20: 1344:	    optind = first_nonopt;
      208: 1345:	  return EOF;
        -: 1346:	}
        -: 1347:
        -: 1348:      /* If we have come to a non-option and did not permute it,
        -: 1349:	 either stop the scan or describe it to the caller and pass it by.  */
        -: 1350:
      203: 1351:      if ((argv[optind][0] != '-' || argv[optind][1] == '\0')
branch  0 taken 203 (fallthrough)
branch  1 taken 0
branch  2 taken 0 (fallthrough)
branch  3 taken 203
        -: 1352:#ifdef GETOPT_COMPAT
    #####: 1353:	  && (longopts == NULL
branch  0 never executed
branch  1 never executed
    #####: 1354:	      || argv[optind][0] != '+' || argv[optind][1] == '\0')
branch  0 never executed
branch  1 never executed
branch  2 never executed
branch  3 never executed
        -: 1355:#endif				/* GETOPT_COMPAT */
        -: 1356:	  )
        -: 1357:	{
    #####: 1358:	  if (ordering == REQUIRE_ORDER)
branch  0 never executed
branch  1 never executed
    #####: 1359:	    return EOF;
    #####: 1360:	  optarg = argv[optind++];
    #####: 1361:	  return 1;
        -: 1362:	}
        -: 1363:
        -: 1364:      /* We have found another option-ARGV-element.
        -: 1365:	 Start decoding its characters.  */
        -: 1366:
      406: 1367:      nextchar = (argv[optind] + 1
      203: 1368:		  + (longopts != NULL && argv[optind][1] == '-'));
branch  0 taken 203 (fallthrough)
branch  1 taken 0
branch  2 taken 13 (fallthrough)
branch  3 taken 190
        -: 1369:    }
        -: 1370:
      508: 1371:  if (longopts != NULL
branch  0 taken 508 (fallthrough)
branch  1 taken 0
      508: 1372:      && ((argv[optind][0] == '-'
branch  0 taken 508 (fallthrough)
branch  1 taken 0
      508: 1373:	   && (argv[optind][1] == '-' || long_only))
branch  0 taken 495 (fallthrough)
branch  1 taken 13
branch  2 taken 495 (fallthrough)
branch  3 taken 0
        -: 1374:#ifdef GETOPT_COMPAT
      495: 1375:	  || argv[optind][0] == '+'
branch  0 taken 0 (fallthrough)
branch  1 taken 495
        -: 1376:#endif				/* GETOPT_COMPAT */
        -: 1377:	  ))
        -: 1378:    {
        -: 1379:      const struct option *p;
       13: 1380:      char *s = nextchar;
       13: 1381:      int exact = 0;
       13: 1382:      int ambig = 0;
       13: 1383:      const struct option *pfound = NULL;
       13: 1384:      int indfound = 0;
        -: 1385:
       93: 1386:      while (*s && *s != '=')
branch  0 taken 80 (fallthrough)
branch  1 taken 13
branch  2 taken 80
branch  3 taken 0 (fallthrough)
       80: 1387:	s++;
        -: 1388:
        -: 1389:      /* Test all options for either exact match or abbreviated matches.  */
      128: 1390:      for (p = longopts, option_index = 0; p->name;
branch  0 taken 128
branch  1 taken 0 (fallthrough)
      115: 1391:	   p++, option_index++)
      128: 1392:	if (!strncmp (p->name, nextchar, s - nextchar))
branch  0 taken 13 (fallthrough)
branch  1 taken 115
        -: 1393:	  {
       13: 1394:	    if (s - nextchar == strlen (p->name))
branch  0 taken 13 (fallthrough)
branch  1 taken 0
        -: 1395:	      {
        -: 1396:		/* Exact match found.  */
       13: 1397:		pfound = p;
       13: 1398:		indfound = option_index;
       13: 1399:		exact = 1;
       13: 1400:		break;
        -: 1401:	      }
    #####: 1402:	    else if (pfound == NULL)
branch  0 never executed
branch  1 never executed
        -: 1403:	      {
        -: 1404:		/* First nonexact match found.  */
    #####: 1405:		pfound = p;
    #####: 1406:		indfound = option_index;
        -: 1407:	      }
        -: 1408:	    else
        -: 1409:	      /* Second nonexact match found.  */
    #####: 1410:	      ambig = 1;
        -: 1411:	  }
        -: 1412:
      13*: 1413:      if (ambig && !exact)
branch  0 taken 0 (fallthrough)
branch  1 taken 13
branch  2 never executed
branch  3 never executed
        -: 1414:	{
    #####: 1415:	  if (opterr)
branch  0 never executed
branch  1 never executed
    #####: 1416:	    fprintf (stderr, "%s: option `%s' is ambiguous\n",
    #####: 1417:		     argv[0], argv[optind]);
call    0 never executed
    #####: 1418:	  nextchar += strlen (nextchar);
    #####: 1419:	  optind++;
    #####: 1420:	  return '?';
        -: 1421:	}
        -: 1422:
       13: 1423:      if (pfound != NULL)
branch  0 taken 13 (fallthrough)
branch  1 taken 0
        -: 1424:	{
       13: 1425:	  option_index = indfound;
       13: 1426:	  optind++;
       13: 1427:	  if (*s)
branch  0 taken 0 (fallthrough)
branch  1 taken 13
        -: 1428:	    {
[...]
        -: 6252:}
        -: 6253:
        -: 6254:/* ========================================================================
        -: 6255: * Return the length of the maximum inital segment of s
        -: 6256: * which contains no characters from reject.
        -: 6257: */
        -: 6258:int strcspn(s, reject)
        -: 6259:    const char *s;
        -: 6260:    const char *reject;
        -: 6261:{
        -: 6262:    register int count = 0;
        -: 6263:
        -: 6264:    while (*s != '\0') {
        -: 6265:	if (strchr(reject, *s++) != NULL) return count;
        -: 6266:	++count;
        -: 6267:    }
        -: 6268:    return count;
        -: 6269:}
        -: 6270:
        -: 6271:#endif /* NO_STRING_H */
        -: 6272:
        -: 6273:/* ========================================================================
        -: 6274: * Add an environment variable (if any) before argv, and update argc.
        -: 6275: * Return the expanded environment variable to be freed later, or NULL 
        -: 6276: * if no options were added to argv.
        -: 6277: */
        -: 6278:#define SEPARATOR	" \t"	/* separators in env variable */
        -: 6279:
function add_envopt called 214 returned 100% blocks executed 15%
      214: 6280:char *add_envopt(argcp, argvp, env)
        -: 6281:    int *argcp;          /* pointer to argc */
        -: 6282:    char ***argvp;       /* pointer to argv */
        -: 6283:    char *env;           /* name of environment variable */
        -: 6284:{
        -: 6285:    char *p;             /* running pointer through env variable */
        -: 6286:    char **oargv;        /* runs through old argv array */
        -: 6287:    char **nargv;        /* runs through new argv array */
      214: 6288:    int	 oargc = *argcp; /* old argc */
      214: 6289:    int  nargc = 0;      /* number of arguments in env variable */
        -: 6290:
      214: 6291:    env = (char*)getenv(env);
call    0 returned 214
      214: 6292:    if (env == NULL) return NULL;
branch  0 taken 214 (fallthrough)
branch  1 taken 0
        -: 6293:
    #####: 6294:    p = (char*)xmalloc(strlen(env)+1);
call    0 never executed
    #####: 6295:    env = strcpy(p, env);                    /* keep env variable intact */
        -: 6296:
    #####: 6297:    for (p = env; *p; nargc++ ) {            /* move through env */
branch  0 never executed
branch  1 never executed
    #####: 6298:	p += strspn(p, SEPARATOR);	     /* skip leading separators */
    #####: 6299:	if (*p == '\0') break;
branch  0 never executed
branch  1 never executed
        -: 6300:
    #####: 6301:	p += strcspn(p, SEPARATOR);	     /* find end of word */
    #####: 6302:	if (*p) *p++ = '\0';		     /* mark it */
branch  0 never executed
branch  1 never executed
        -: 6303:    }
    #####: 6304:    if (nargc == 0) {
branch  0 never executed
branch  1 never executed
    #####: 6305:	free(env); env = NULL;
    #####: 6306:	return NULL;
        -: 6307:    }
    #####: 6308:    *argcp += nargc;
        -: 6309:    /* Allocate the new argv array, with an extra element just in case
        -: 6310:     * the original arg list did not end with a NULL.
        -: 6311:     */
    #####: 6312:    nargv = (char**)calloc(*argcp+1, sizeof(char *));
    #####: 6313:    if (nargv == NULL) error("out of memory");
branch  0 never executed
branch  1 never executed
call    2 never executed
    #####: 6314:    oargv  = *argvp;
    #####: 6315:    *argvp = nargv;
        -: 6316:
        -: 6317:    /* Copy the program name first */
    #####: 6318:    if (oargc-- < 0) error("argc<=0");
branch  0 never executed
branch  1 never executed
call    2 never executed
    #####: 6319:    *(nargv++) = *(oargv++);
        -: 6320:
        -: 6321:    /* Then copy the environment args */
    #####: 6322:    for (p = env; nargc > 0; nargc--) {
branch  0 never executed
branch  1 never executed
    #####: 6323:	p += strspn(p, SEPARATOR);	     /* skip separators */
    #####: 6324:	*(nargv++) = p;			     /* store start */
    #####: 6325:	while (*p++) ;			     /* skip over word */
branch  0 never executed
branch  1 never executed
        -: 6326:    }
        -: 6327:
        -: 6328:    /* Finally copy the old args and add a NULL (usual convention) */
    #####: 6329:    while (oargc--) *(nargv++) = *(oargv++);
branch  0 never executed
branch  1 never executed
    #####: 6330:    *nargv = NULL;
    #####: 6331:    return env;
        -: 6332:}
        -: 6333:
        -: 6334:/* ========================================================================
        -: 6335: * Error handlers.
        -: 6336: */
function error called 0 returned 0% blocks executed 0%
    #####: 6337:void error(m)
        -: 6338:    char *m;
        -: 6339:{
    #####: 6340:    fprintf(stderr, "\n%s: %s: %s\n", progname, ifname, m);
call    0 never executed
    #####: 6341:    abort_gzip();
call    0 never executed
    #####: 6342:}
        -: 6343:
function warn called 0 returned 0% blocks executed 0%
    #####: 6344:void warn(a, b)
        -: 6345:    char *a, *b;            /* message strings juxtaposed in output */
        -: 6346:{
    #####: 6347:    WARN((stderr, "%s: %s: warning: %s%s\n", progname, ifname, a, b));
branch  0 never executed
branch  1 never executed
call    2 never executed
branch  3 never executed
branch  4 never executed
    #####: 6348:}
        -: 6349:
function read_error called 1 returned 0% blocks executed 83%
        1: 6350:void read_error()
        -: 6351:{
        1: 6352:    fprintf(stderr, "\n%s: ", progname);
call    0 returned 1
        1: 6353:    if (errno != 0) {
branch  0 taken 0 (fallthrough)
branch  1 taken 1
    #####: 6354:	perror(ifname);
call    0 never executed
        -: 6355:    } else {
        1: 6356:	fprintf(stderr, "%s: unexpected end of file\n", ifname);
call    0 returned 1
        -: 6357:    }
        1: 6358:    abort_gzip();
call    0 returned 0
    #####: 6359:}
        -: 6360:
function write_error called 0 returned 0% blocks executed 0%
    #####: 6361:void write_error()
        -: 6362:{
    #####: 6363:    fprintf(stderr, "\n%s: ", progname);
call    0 never executed
    #####: 6364:    perror(ofname);
call    0 never executed
    #####: 6365:    abort_gzip();
call    0 never executed
    #####: 6366:}
        -: 6367:
        -: 6368:/* ========================================================================
        -: 6369: * Display compression ratio on stderr.
        -: 6370: */
function display_ratio called 81 returned 100% blocks executed 60%
       81: 6371:void display_ratio(num, den)
        -: 6372:    long num;
        -: 6373:    long den;
        -: 6374:{
        -: 6375:    long ratio;  /* 1000 times the compression ratio */
        -: 6376:
       81: 6377:    if (den == 0) {
branch  0 taken 0 (fallthrough)
branch  1 taken 81
    #####: 6378:	ratio = 0; /* no compression */
       81: 6379:    } else if (den < 2147483L) { /* (2**31 -1)/1000 */
branch  0 taken 81 (fallthrough)
branch  1 taken 0
       81: 6380:	ratio = 1000L*num/den;
        -: 6381:    } else {
    #####: 6382:	ratio = num/(den/1000L);
        -: 6383:    }
       81: 6384:    if (ratio < 0) {
branch  0 taken 0 (fallthrough)
branch  1 taken 81
    #####: 6385:	putc('-', stderr);
call    0 never executed
    #####: 6386:	ratio = -ratio;
        -: 6387:    }
       81: 6388:    fprintf(stderr, "%2ld.%ld%%", ratio / 10L, ratio % 10L);
call    0 returned 81
       81: 6389:}
        -: 6390:
        -: 6391:
        -: 6392:/* ========================================================================
        -: 6393: * Semi-safe malloc -- never returns NULL.
        -: 6394: */
function xmalloc called 0 returned 0% blocks executed 0%
    #####: 6395:voidp xmalloc (size)
        -: 6396:    unsigned size;
        -: 6397:{
    #####: 6398:    voidp cp = (voidp)malloc (size);
        -: 6399:
    #####: 6400:    if (cp == NULL) error("out of memory");
branch  0 never executed
branch  1 never executed
call    2 never executed
    #####: 6401:    return cp;
        -: 6402:}
        -: 6403:
        -: 6404:/* ========================================================================
        -: 6405: * Table of CRC-32's of all single-byte values (made by makecrc.c)
        -: 6406: */
        -: 6407:ulg crc_32_tab[] = {
        -: 6408:  0x00000000L, 0x77073096L, 0xee0e612cL, 0x990951baL, 0x076dc419L,
        -: 6409:  0x706af48fL, 0xe963a535L, 0x9e6495a3L, 0x0edb8832L, 0x79dcb8a4L,
        -: 6410:  0xe0d5e91eL, 0x97d2d988L, 0x09b64c2bL, 0x7eb17cbdL, 0xe7b82d07L,
        -: 6411:  0x90bf1d91L, 0x1db71064L, 0x6ab020f2L, 0xf3b97148L, 0x84be41deL,
        -: 6412:  0x1adad47dL, 0x6ddde4ebL, 0xf4d4b551L, 0x83d385c7L, 0x136c9856L,
        -: 6413:  0x646ba8c0L, 0xfd62f97aL, 0x8a65c9ecL, 0x14015c4fL, 0x63066cd9L,
        -: 6414:  0xfa0f3d63L, 0x8d080df5L, 0x3b6e20c8L, 0x4c69105eL, 0xd56041e4L,
        -: 6415:  0xa2677172L, 0x3c03e4d1L, 0x4b04d447L, 0xd20d85fdL, 0xa50ab56bL,
        -: 6416:  0x35b5a8faL, 0x42b2986cL, 0xdbbbc9d6L, 0xacbcf940L, 0x32d86ce3L,
        -: 6417:  0x45df5c75L, 0xdcd60dcfL, 0xabd13d59L, 0x26d930acL, 0x51de003aL,
        -: 6418:  0xc8d75180L, 0xbfd06116L, 0x21b4f4b5L, 0x56b3c423L, 0xcfba9599L,
        -: 6419:  0xb8bda50fL, 0x2802b89eL, 0x5f058808L, 0xc60cd9b2L, 0xb10be924L,
        -: 6420:  0x2f6f7c87L, 0x58684c11L, 0xc1611dabL, 0xb6662d3dL, 0x76dc4190L,
        -: 6421:  0x01db7106L, 0x98d220bcL, 0xefd5102aL, 0x71b18589L, 0x06b6b51fL,
        -: 6422:  0x9fbfe4a5L, 0xe8b8d433L, 0x7807c9a2L, 0x0f00f934L, 0x9609a88eL,
        -: 6423:  0xe10e9818L, 0x7f6a0dbbL, 0x086d3d2dL, 0x91646c97L, 0xe6635c01L,
        -: 6424:  0x6b6b51f4L, 0x1c6c6162L, 0x856530d8L, 0xf262004eL, 0x6c0695edL,
        -: 6425:  0x1b01a57bL, 0x8208f4c1L, 0xf50fc457L, 0x65b0d9c6L, 0x12b7e950L,
        -: 6426:  0x8bbeb8eaL, 0xfcb9887cL, 0x62dd1ddfL, 0x15da2d49L, 0x8cd37cf3L,
        -: 6427:  0xfbd44c65L, 0x4db26158L, 0x3ab551ceL, 0xa3bc0074L, 0xd4bb30e2L,
        -: 6428:  0x4adfa541L, 0x3dd895d7L, 0xa4d1c46dL, 0xd3d6f4fbL, 0x4369e96aL,
        -: 6429:  0x346ed9fcL, 0xad678846L, 0xda60b8d0L, 0x44042d73L, 0x33031de5L,
        -: 6430:  0xaa0a4c5fL, 0xdd0d7cc9L, 0x5005713cL, 0x270241aaL, 0xbe0b1010L,
        -: 6431:  0xc90c2086L, 0x5768b525L, 0x206f85b3L, 0xb966d409L, 0xce61e49fL,
        -: 6432:  0x5edef90eL, 0x29d9c998L, 0xb0d09822L, 0xc7d7a8b4L, 0x59b33d17L,
        -: 6433:  0x2eb40d81L, 0xb7bd5c3bL, 0xc0ba6cadL, 0xedb88320L, 0x9abfb3b6L,
        -: 6434:  0x03b6e20cL, 0x74b1d29aL, 0xead54739L, 0x9dd277afL, 0x04db2615L,
        -: 6435:  0x73dc1683L, 0xe3630b12L, 0x94643b84L, 0x0d6d6a3eL, 0x7a6a5aa8L,
        -: 6436:  0xe40ecf0bL, 0x9309ff9dL, 0x0a00ae27L, 0x7d079eb1L, 0xf00f9344L,
        -: 6437:  0x8708a3d2L, 0x1e01f268L, 0x6906c2feL, 0xf762575dL, 0x806567cbL,
        -: 6438:  0x196c3671L, 0x6e6b06e7L, 0xfed41b76L, 0x89d32be0L, 0x10da7a5aL,
        -: 6439:  0x67dd4accL, 0xf9b9df6fL, 0x8ebeeff9L, 0x17b7be43L, 0x60b08ed5L,
        -: 6440:  0xd6d6a3e8L, 0xa1d1937eL, 0x38d8c2c4L, 0x4fdff252L, 0xd1bb67f1L,
        -: 6441:  0xa6bc5767L, 0x3fb506ddL, 0x48b2364bL, 0xd80d2bdaL, 0xaf0a1b4cL,
        -: 6442:  0x36034af6L, 0x41047a60L, 0xdf60efc3L, 0xa867df55L, 0x316e8eefL,
        -: 6443:  0x4669be79L, 0xcb61b38cL, 0xbc66831aL, 0x256fd2a0L, 0x5268e236L,
        -: 6444:  0xcc0c7795L, 0xbb0b4703L, 0x220216b9L, 0x5505262fL, 0xc5ba3bbeL,
        -: 6445:  0xb2bd0b28L, 0x2bb45a92L, 0x5cb36a04L, 0xc2d7ffa7L, 0xb5d0cf31L,
        -: 6446:  0x2cd99e8bL, 0x5bdeae1dL, 0x9b64c2b0L, 0xec63f226L, 0x756aa39cL,
        -: 6447:  0x026d930aL, 0x9c0906a9L, 0xeb0e363fL, 0x72076785L, 0x05005713L,
        -: 6448:  0x95bf4a82L, 0xe2b87a14L, 0x7bb12baeL, 0x0cb61b38L, 0x92d28e9bL,
        -: 6449:  0xe5d5be0dL, 0x7cdcefb7L, 0x0bdbdf21L, 0x86d3d2d4L, 0xf1d4e242L,
        -: 6450:  0x68ddb3f8L, 0x1fda836eL, 0x81be16cdL, 0xf6b9265bL, 0x6fb077e1L,
        -: 6451:  0x18b74777L, 0x88085ae6L, 0xff0f6a70L, 0x66063bcaL, 0x11010b5cL,
        -: 6452:  0x8f659effL, 0xf862ae69L, 0x616bffd3L, 0x166ccf45L, 0xa00ae278L,
        -: 6453:  0xd70dd2eeL, 0x4e048354L, 0x3903b3c2L, 0xa7672661L, 0xd06016f7L,
        -: 6454:  0x4969474dL, 0x3e6e77dbL, 0xaed16a4aL, 0xd9d65adcL, 0x40df0b66L,
        -: 6455:  0x37d83bf0L, 0xa9bcae53L, 0xdebb9ec5L, 0x47b2cf7fL, 0x30b5ffe9L,
        -: 6456:  0xbdbdf21cL, 0xcabac28aL, 0x53b39330L, 0x24b4a3a6L, 0xbad03605L,
        -: 6457:  0xcdd70693L, 0x54de5729L, 0x23d967bfL, 0xb3667a2eL, 0xc4614ab8L,
        -: 6458:  0x5d681b02L, 0x2a6f2b94L, 0xb40bbe37L, 0xc30c8ea1L, 0x5a05df1bL,
        -: 6459:  0x2d02ef8dL
        -: 6460:};
        -: 6461:/* zip.c -- compress files to the gzip or pkzip format
        -: 6462: * Copyright (C) 1992-1993 Jean-loup Gailly
        -: 6463: * This is free software; you can redistribute it and/or modify it under the
        -: 6464: * terms of the GNU General Public License, see the file COPYING.
        -: 6465: */
        -: 6466:
        -: 6467:/*
        -: 6468:#ifndef lint
        -: 6469:static char rcsid[] = "$Id: zip.c,v 0.16 1993/05/28 14:51:17 jloup Exp $";
        -: 6470:#endif
        -: 6471:*/
        -: 6472:
        -: 6473:#ifdef HAVE_UNISTD_H
        -: 6474:#  include <unistd.h>
        -: 6475:#endif
        -: 6476:#ifndef NO_FCNTL_H
        -: 6477:#  include <fcntl.h>
        -: 6478:#endif
        -: 6479:
        -: 6480:local ulg crc;       /* crc on uncompressed file data */
        -: 6481:long header_bytes;   /* number of bytes in gzip header */
        -: 6482:
        -: 6483:/* ===========================================================================
        -: 6484: * Deflate in to out.
        -: 6485: * IN assertions: the input and output buffers are cleared.
        -: 6486: *   The variables time_stamp and save_orig_name are initialized.
        -: 6487: */
function zip called 175 returned 100% blocks executed 44%
      175: 6488:int zip(in, out)
        -: 6489:    int in, out;            /* input and output file descriptors */
        -: 6490:{
      175: 6491:    uch  flags = 0;         /* general purpose bit flags */
      175: 6492:    ush  attr = 0;          /* ascii/binary flag */
      175: 6493:    ush  deflate_flags = 0; /* pkzip -es, -en or -ex equivalent */
        -: 6494:
      175: 6495:    ifd = in;
      175: 6496:    ofd = out;
      175: 6497:    outcnt = 0;
        -: 6498:
        -: 6499:    /* Write the header to the gzip file. See algorithm.doc for the format */
        -: 6500:
      175: 6501:    method = DEFLATED;
     175*: 6502:    put_byte(GZIP_MAGIC[0]); /* magic header */
branch  0 taken 0 (fallthrough)
branch  1 taken 175
call    2 never executed
     175*: 6503:    put_byte(GZIP_MAGIC[1]);
branch  0 taken 0 (fallthrough)
branch  1 taken 175
call    2 never executed
     175*: 6504:    put_byte(DEFLATED);      /* compression method */
branch  0 taken 0 (fallthrough)
branch  1 taken 175
call    2 never executed
        -: 6505:
      175: 6506:    if (save_orig_name) {
branch  0 taken 0 (fallthrough)
branch  1 taken 175
    #####: 6507:	flags |= ORIG_NAME;
        -: 6508:    }
     175*: 6509:    put_byte(flags);         /* general flags */
branch  0 taken 0 (fallthrough)
branch  1 taken 175
call    2 never executed
     175*: 6510:    put_long(time_stamp);
branch  0 taken 175 (fallthrough)
branch  1 taken 0
branch  2 never executed
branch  3 never executed
call    4 never executed
branch  5 never executed
branch  6 never executed
call    7 never executed
branch  8 taken 175 (fallthrough)
branch  9 taken 0
branch 10 never executed
branch 11 never executed
call   12 never executed
branch 13 never executed
branch 14 never executed
call   15 never executed
        -: 6511:
        -: 6512:    /* Write deflated file to zip file */
      175: 6513:    crc = updcrc(0, 0);
call    0 returned 175
        -: 6514:
      175: 6515:    bi_init(out);
call    0 returned 175
      175: 6516:    ct_init(&attr, &method);
call    0 returned 175
      175: 6517:    lm_init(level, &deflate_flags);
call    0 returned 175
        -: 6518:
     175*: 6519:    put_byte((uch)deflate_flags); /* extra flags */
branch  0 taken 0 (fallthrough)
branch  1 taken 175
call    2 never executed
     175*: 6520:    put_byte(OS_CODE);            /* OS identifier */
branch  0 taken 0 (fallthrough)
branch  1 taken 175
call    2 never executed
        -: 6521:
      175: 6522:    if (save_orig_name) {
branch  0 taken 0 (fallthrough)
branch  1 taken 175
    #####: 6523:	char *p = basename(ifname); /* Don't save the directory part. */
call    0 never executed
        -: 6524:	do {
    #####: 6525:	    put_char(*p);
branch  0 never executed
branch  1 never executed
call    2 never executed
    #####: 6526:	} while (*p++);
branch  0 never executed
branch  1 never executed
        -: 6527:    }
      175: 6528:    header_bytes = (long)outcnt;
        -: 6529:
      175: 6530:    (void)deflate();
call    0 returned 175
        -: 6531:
        -: 6532:#if !defined(NO_SIZE_CHECK) && !defined(RECORD_IO)
        -: 6533:  /* Check input size (but not in VMS -- variable record lengths mess it up)
        -: 6534:   * and not on MSDOS -- diet in TSR mode reports an incorrect file size)
        -: 6535:   */
        -: 6536:    if (ifile_size != -1L && isize != (ulg)ifile_size) {
        -: 6537:	Trace((stderr, " actual=%ld, read=%ld ", ifile_size, isize));
        -: 6538:	fprintf(stderr, "%s: %s: file size changed while zipping\n",
        -: 6539:		progname, ifname);
        -: 6540:    }
        -: 6541:#endif
        -: 6542:
        -: 6543:    /* Write the crc and uncompressed size */
     175*: 6544:    put_long(crc);
branch  0 taken 175 (fallthrough)
branch  1 taken 0
branch  2 never executed
branch  3 never executed
call    4 never executed
branch  5 never executed
branch  6 never executed
call    7 never executed
branch  8 taken 175 (fallthrough)
branch  9 taken 0
branch 10 never executed
branch 11 never executed
call   12 never executed
branch 13 never executed
branch 14 never executed
call   15 never executed
     175*: 6545:    put_long(isize);
branch  0 taken 175 (fallthrough)
branch  1 taken 0
branch  2 never executed
branch  3 never executed
call    4 never executed
branch  5 never executed
branch  6 never executed
call    7 never executed
branch  8 taken 175 (fallthrough)
branch  9 taken 0
branch 10 never executed
branch 11 never executed
call   12 never executed
branch 13 never executed
branch 14 never executed
call   15 never executed
        -: 6546:#ifdef FAULTY_F_KL_6
        -: 6547:    header_bytes = 2*sizeof(long);
        -: 6548:#else
      175: 6549:    header_bytes += 2*sizeof(long);
        -: 6550:#endif
        -: 6551:
      175: 6552:    flush_outbuf();
call    0 returned 175
      175: 6553:    return OK;
        -: 6554:}
        -: 6555:
        -: 6556:
        -: 6557:/* ===========================================================================
        -: 6558: * Read a new buffer from the current input file, perform end-of-line
        -: 6559: * translation, and update the crc and input file size.
        -: 6560: * IN assertion: size >= 2 (for end-of-line translation)
        -: 6561: */
function file_read called 3570 returned 100% blocks executed 100%
     3570: 6562:int file_read(buf, size)
        -: 6563:    char *buf;
        -: 6564:    unsigned size;
        -: 6565:{
        -: 6566:    unsigned len;
        -: 6567:
        -: 6568:    Assert(insize == 0, "inbuf not empty");
        -: 6569:
     3570: 6570:    len = read(ifd, buf, size);
call    0 returned 3570
     3570: 6571:    if (len == (unsigned)(-1) || len == 0) return (int)len;
branch  0 taken 3569 (fallthrough)
branch  1 taken 1
branch  2 taken 174 (fallthrough)
branch  3 taken 3395
        -: 6572:
     3395: 6573:    crc = updcrc((uch*)buf, len);
call    0 returned 3395
     3395: 6574:    isize += (ulg)len;
     3395: 6575:    return (int)len;
        -: 6576:}
