        -:    0:Source:grep.c
        -:    0:Graph:grep.gcno
        -:    0:Data:grep.gcda
        -:    0:Runs:809
        -:    1:/* grep.c - main driver file for grep.
        -:    2:   Copyright (C) 1992, 1997, 1998, 1999 Free Software Foundation, Inc.
        -:    3:
        -:    4:   This program is free software; you can redistribute it and/or modify
        -:    5:   it under the terms of the GNU General Public License as published by
        -:    6:   the Free Software Foundation; either version 2, or (at your option)
        -:    7:   any later version.
        -:    8:
        -:    9:   This program is distributed in the hope that it will be useful,
        -:   10:   but WITHOUT ANY WARRANTY; without even the implied warranty of
        -:   11:   MERCHANTABILITY or FITNESS FOR A PARTICULAR PURPOSE.  See the
        -:   12:   GNU General Public License for more details.
        -:   13:
        -:   14:   You should have received a copy of the GNU General Public License
        -:   15:   along with this program; if not, write to the Free Software
        -:   16:   Foundation, Inc., 59 Temple Place - Suite 330, Boston, MA
        -:   17:   02111-1307, USA.  */
        -:   18:
        -:   19:/* Written July 1992 by Mike Haertel.  */
        -:   20:/**** In order to run cfe, I added follow things from makefile *****/ 
        -:   21:#define HAVE_CONFIG_H 1
        -:   22:#define LOCALEDIR "/nfs/spectre/u4/jin/research/experiments/grep/docs/grep_2.3/lib/locale"
        -:   23:#define _LARGEFILE_SOURCE  1
        -:   24:#define _FILE_OFFSET_BITS 32   /** change from 64 to 32 ***/
        -:   25:/**** end of adding for cfe *********/
        -:   26:
        -:   27:
        -:   28:#ifdef HAVE_CONFIG_H
        -:   29:# include <config.h>
        -:   30:#define flag_config 1
        -:   31:#endif
        -:   32:#include <sys/types.h>
        -:   33:#define flag_systypes 1
        -:   34:#include <sys/stat.h>
        -:   35:#if defined(HAVE_MMAP)
        -:   36:# include <sys/mman.h>
        -:   37:#endif
        -:   38:#if defined(HAVE_SETRLIMIT)
        -:   39:# include <sys/time.h>
        -:   40:# include <sys/resource.h>
        -:   41:#endif
        -:   42:#include <stdio.h>
        -:   43:
        -:   44:/*******IMPORTANT CHANGE for let stderr redirect to a file *******/
        -:   45:#undef stderr
        -:   46:#define stderr stdout
        -:   47:/******* FINISH IMPORTANT CHANGE *********/
        -:   48:
        -:   49:#include "system.h"
        -:   50:#include "getopt.h"
        -:   51:#include "getpagesize.h"
        -:   52:#include "grep.h"
        -:   53:#include "savedir.h"
        -:   54:
        -:   55:#undef MAX
        -:   56:#define MAX(A,B) ((A) > (B) ? (A) : (B))
        -:   57:
        -:   58:struct stats
        -:   59:{
        -:   60:  struct stats *parent;
        -:   61:  struct stat stat;
        -:   62:};
        -:   63:
        -:   64:/* base of chain of stat buffers, used to detect directory loops */
        -:   65:static struct stats stats_base;
        -:   66:
        -:   67:/* if non-zero, display usage information and exit */
        -:   68:static int show_help;
        -:   69:
        -:   70:/* If non-zero, print the version on standard output and exit.  */
        -:   71:static int show_version;
        -:   72:
        -:   73:/* Long options equivalences. */
        -:   74:static struct option long_options[] =
        -:   75:{
        -:   76:  {"after-context", required_argument, NULL, 'A'},
        -:   77:  {"basic-regexp", no_argument, NULL, 'G'},
        -:   78:  {"before-context", required_argument, NULL, 'B'},
        -:   79:  {"byte-offset", no_argument, NULL, 'b'},
        -:   80:  {"context", optional_argument, NULL, 'C'},
        -:   81:  {"count", no_argument, NULL, 'c'},
        -:   82:  {"directories", required_argument, NULL, 'd'},
        -:   83:  {"extended-regexp", no_argument, NULL, 'E'},
        -:   84:  {"file", required_argument, NULL, 'f'},
        -:   85:  {"files-with-matches", no_argument, NULL, 'l'},
        -:   86:  {"files-without-match", no_argument, NULL, 'L'},
        -:   87:  {"fixed-regexp", no_argument, NULL, 'F'},
        -:   88:  {"fixed-strings", no_argument, NULL, 'F'},
        -:   89:  {"help", no_argument, &show_help, 1},
        -:   90:  {"ignore-case", no_argument, NULL, 'i'},
        -:   91:  {"line-number", no_argument, NULL, 'n'},
        -:   92:  {"line-regexp", no_argument, NULL, 'x'},
        -:   93:  {"no-filename", no_argument, NULL, 'h'},
        -:   94:  {"no-messages", no_argument, NULL, 's'},
        -:   95:  {"quiet", no_argument, NULL, 'q'},
        -:   96:  {"recursive", no_argument, NULL, 'r'},
        -:   97:  {"regexp", required_argument, NULL, 'e'},
        -:   98:  {"revert-match", no_argument, NULL, 'v'},
        -:   99:  {"silent", no_argument, NULL, 'q'},
        -:  100:  {"text", no_argument, NULL, 'a'},
        -:  101:#if O_BINARY
        -:  102:  {"binary", no_argument, NULL, 'U'},
        -:  103:  {"unix-byte-offsets", no_argument, NULL, 'u'},
        -:  104:#endif
        -:  105:  {"version", no_argument, NULL, 'V'},
        -:  106:  {"with-filename", no_argument, NULL, 'H'},
        -:  107:  {"word-regexp", no_argument, NULL, 'w'},
        -:  108:  {0, 0, 0, 0}
        -:  109:};
        -:  110:
        -:  111:/* Define flags declared in grep.h. */
        -:  112:char const *matcher;
        -:  113:int match_icase;
        -:  114:int match_words;
        -:  115:int match_lines;
        -:  116:
        -:  117:/* For error messages. */
        -:  118:static char *prog;
        -:  119:static char const *filename;
        -:  120:static int errseen;
        -:  121:
        -:  122:/* How to handle directories.  */
        -:  123:static enum
        -:  124:  {
        -:  125:    READ_DIRECTORIES,
        -:  126:    RECURSE_DIRECTORIES,
        -:  127:    SKIP_DIRECTORIES
        -:  128:  } directories;
        -:  129:
        -:  130:static int  ck_atoi PARAMS ((char const *, int *));
        -:  131:static void usage PARAMS ((int)) __attribute__((noreturn));
        -:  132:static void error PARAMS ((const char *, int));
        -:  133:static int  setmatcher PARAMS ((char const *));
        -:  134:static char *page_alloc PARAMS ((size_t, char **));
        -:  135:static int  reset PARAMS ((int, char const *, struct stats *));
        -:  136:static int  fillbuf PARAMS ((size_t, struct stats *));
        -:  137:static int  grepbuf PARAMS ((char *, char *));
        -:  138:static void prtext PARAMS ((char *, char *, int *));
        -:  139:static void prpending PARAMS ((char *));
        -:  140:static void prline PARAMS ((char *, char *, int));
        -:  141:static void print_offset_sep PARAMS ((off_t, int));
        -:  142:static void nlscan PARAMS ((char *));
        -:  143:static int  grep PARAMS ((int, char const *, struct stats *));
        -:  144:static int  grepdir PARAMS ((char const *, struct stats *));
        -:  145:static int  grepfile PARAMS ((char const *, struct stats *));
        -:  146:#if O_BINARY
        -:  147:static inline int undossify_input PARAMS ((register char *, size_t));
        -:  148:#endif
        -:  149:
        -:  150:/* Functions we'll use to search. */
        -:  151:static void (*compile) PARAMS ((char *, size_t));
        -:  152:static char *(*execute) PARAMS ((char *, size_t, char **));
        -:  153:
        -:  154:/* Print a message and possibly an error string.  Remember
        -:  155:   that something awful happened. */
        -:  156:static void
function error called 87 returned 100% blocks executed 100%
       87:  157:error (mesg, errnum)
        -:  158:     const char *mesg;
        -:  159:     int errnum;
        -:  160:{
       87:  161:  if (errnum)
branch  0 taken 21 (fallthrough)
branch  1 taken 66
       21:  162:    fprintf (stderr, "%s: %s: %s\n", prog, mesg, strerror (errnum));
call    0 returned 21
call    1 returned 21
        -:  163:  else
       66:  164:    fprintf (stderr, "%s: %s\n", prog, mesg);
call    0 returned 66
       87:  165:  errseen = 1;
       87:  166:}
        -:  167:
        -:  168:/* Like error (), but die horribly after printing. */
        -:  169:void
function fatal called 80 returned 0% blocks executed 100%
       80:  170:fatal (mesg, errnum)
        -:  171:     const char *mesg;
        -:  172:     int errnum;
        -:  173:{
       80:  174:  error (mesg, errnum);
call    0 returned 80
       80:  175:  exit (2);
        -:  176:}
        -:  177:
        -:  178:/* Interface to handle errors and fix library lossage. */
        -:  179:char *
function xmalloc called 2759 returned 100% blocks executed 80%
     2759:  180:xmalloc (size)
        -:  181:     size_t size;
        -:  182:{
        -:  183:  char *result;
        -:  184:
     2759:  185:  result = malloc (size);
     2759:  186:  if (size && !result)
branch  0 taken 2759 (fallthrough)
branch  1 taken 0
branch  2 taken 0 (fallthrough)
branch  3 taken 2759
    #####:  187:    fatal (_("memory exhausted"), 0);
call    0 never executed
     2759:  188:  return result;
        -:  189:}
        -:  190:
        -:  191:/* Interface to handle errors and fix some library lossage. */
        -:  192:char *
function xrealloc called 37 returned 100% blocks executed 88%
       37:  193:xrealloc (ptr, size)
        -:  194:     char *ptr;
        -:  195:     size_t size;
        -:  196:{
        -:  197:  char *result;
        -:  198:
       37:  199:  if (ptr)
branch  0 taken 28 (fallthrough)
branch  1 taken 9
       28:  200:    result = realloc (ptr, size);
        -:  201:  else
        9:  202:    result = malloc (size);
       37:  203:  if (size && !result)
branch  0 taken 37 (fallthrough)
branch  1 taken 0
branch  2 taken 0 (fallthrough)
branch  3 taken 37
    #####:  204:    fatal (_("memory exhausted"), 0);
call    0 never executed
       37:  205:  return result;
        -:  206:}
        -:  207:
        -:  208:/* Convert STR to a positive integer, storing the result in *OUT.
        -:  209:   If STR is not a valid integer, return -1 (otherwise 0). */
        -:  210:static int
function ck_atoi called 6 returned 100% blocks executed 100%
        6:  211:ck_atoi (str, out)
        -:  212:     char const *str;
        -:  213:     int *out;
        -:  214:{
        -:  215:  char const *p;
       10:  216:  for (p = str; *p; p++)
branch  0 taken 6
branch  1 taken 4 (fallthrough)
        6:  217:    if (*p < '0' || *p > '9')
branch  0 taken 4 (fallthrough)
branch  1 taken 2
branch  2 taken 0 (fallthrough)
branch  3 taken 4
        2:  218:      return -1;
        -:  219:
        4:  220:  *out = atoi (optarg);
        4:  221:  return 0;
        -:  222:}
        -:  223:
        -:  224:
        -:  225:/* Hairy buffering mechanism for grep.  The intent is to keep
        -:  226:   all reads aligned on a page boundary and multiples of the
        -:  227:   page size. */
        -:  228:
        -:  229:static char *ubuffer;		/* Unaligned base of buffer. */
        -:  230:static char *buffer;		/* Base of buffer. */
        -:  231:static size_t bufsalloc;	/* Allocated size of buffer save region. */
        -:  232:static size_t bufalloc;		/* Total buffer size. */
        -:  233:static int bufdesc;		/* File descriptor. */
        -:  234:static char *bufbeg;		/* Beginning of user-visible stuff. */
        -:  235:static char *buflim;		/* Limit of user-visible stuff. */
        -:  236:static size_t pagesize;		/* alignment of memory pages */
        -:  237:
        -:  238:#if defined(HAVE_MMAP)
        -:  239:static int bufmapped;		/* True for ordinary files. */
        -:  240:static off_t bufoffset;		/* What read() normally remembers. */
        -:  241:static off_t initial_bufoffset;	/* Initial value of bufoffset. */
        -:  242:#endif
        -:  243:
        -:  244:/* Return VAL aligned to the next multiple of ALIGNMENT.  VAL can be
        -:  245:   an integer or a pointer.  Both args must be free of side effects.  */
        -:  246:#define ALIGN_TO(val, alignment) \
        -:  247:  ((size_t) (val) % (alignment) == 0 \
        -:  248:   ? (val) \
        -:  249:   : (val) + ((alignment) - (size_t) (val) % (alignment)))
        -:  250:
        -:  251:/* Return the address of a new page-aligned buffer of size SIZE.  Set
        -:  252:   *UP to the newly allocated (but possibly unaligned) buffer used to
        -:  253:   *build the aligned buffer.  To free the buffer, free (*UP).  */
        -:  254:static char *
function page_alloc called 719 returned 100% blocks executed 75%
      719:  255:page_alloc (size, up)
        -:  256:     size_t size;
        -:  257:     char **up;
        -:  258:{
        -:  259:  /* HAVE_WORKING_VALLOC means that valloc is properly declared, and
        -:  260:     you can free the result of valloc.  This symbol is not (yet)
        -:  261:     autoconfigured.  It can be useful to define HAVE_WORKING_VALLOC
        -:  262:     while debugging, since some debugging memory allocators might
        -:  263:     catch more bugs if this symbol is enabled.  */
        -:  264:#if HAVE_WORKING_VALLOC
        -:  265:  *up = valloc (size);
        -:  266:  return *up;
        -:  267:#else
      719:  268:  size_t asize = size + pagesize - 1;
      719:  269:  if (size <= asize)
branch  0 taken 719 (fallthrough)
branch  1 taken 0
        -:  270:    {
      719:  271:      *up = malloc (asize);
      719:  272:      if (*up)
branch  0 taken 719 (fallthrough)
branch  1 taken 0
     719*:  273:	return ALIGN_TO (*up, pagesize);
branch  0 taken 0 (fallthrough)
branch  1 taken 719
        -:  274:    }
    #####:  275:  return NULL;
        -:  276:#endif
        -:  277:}
        -:  278:
        -:  279:/* Reset the buffer for a new file, returning zero if we should skip it.
        -:  280:   Initialize on the first time through. */
        -:  281:static int
function reset called 1695 returned 100% blocks executed 72%
     1695:  282:reset (fd, file, stats)
        -:  283:     int fd;
        -:  284:     char const *file;
        -:  285:     struct stats *stats;
        -:  286:{
     1695:  287:  if (pagesize == 0)
branch  0 taken 719 (fallthrough)
branch  1 taken 976
        -:  288:    {
        -:  289:      size_t ubufsalloc;
      719:  290:      pagesize = getpagesize ();
      719:  291:      if (pagesize == 0)
branch  0 taken 0 (fallthrough)
branch  1 taken 719
    #####:  292:	abort ();
call    0 never executed
        -:  293:#ifndef BUFSALLOC
      719:  294:      ubufsalloc = MAX (8192, pagesize);
        -:  295:#else
        -:  296:      ubufsalloc = BUFSALLOC;
        -:  297:#endif
     719*:  298:      bufsalloc = ALIGN_TO (ubufsalloc, pagesize);
branch  0 taken 0 (fallthrough)
branch  1 taken 719
      719:  299:      bufalloc = 5 * bufsalloc;
        -:  300:      /* The 1 byte of overflow is a kludge for dfaexec(), which
        -:  301:	 inserts a sentinel newline at the end of the buffer
        -:  302:	 being searched.  There's gotta be a better way... */
      719:  303:      if (bufsalloc < ubufsalloc
branch  0 taken 719 (fallthrough)
branch  1 taken 0
      719:  304:	  || bufalloc / 5 != bufsalloc || bufalloc + 1 < bufalloc
branch  0 taken 719 (fallthrough)
branch  1 taken 0
branch  2 taken 719 (fallthrough)
branch  3 taken 0
      719:  305:	  || ! (buffer = page_alloc (bufalloc + 1, &ubuffer)))
call    0 returned 719
branch  1 taken 0 (fallthrough)
branch  2 taken 719
    #####:  306:	fatal (_("memory exhausted"), 0);
call    0 never executed
      719:  307:      bufbeg = buffer;
      719:  308:      buflim = buffer;
        -:  309:    }
     1695:  310:  bufdesc = fd;
        -:  311:
        -:  312:  if (
        -:  313:#if defined(HAVE_MMAP)
        -:  314:      1
        -:  315:#else
        -:  316:      directories != READ_DIRECTORIES
        -:  317:#endif
        -:  318:      )
     1695:  319:    if (fstat (fd, &stats->stat) != 0)
call    0 returned 1695
branch  1 taken 0 (fallthrough)
branch  2 taken 1695
        -:  320:      {
    #####:  321:	error ("fstat", errno);
call    0 never executed
    #####:  322:	return 0;
        -:  323:      }
        -:  324:  #ifndef FAULTY_F_DG_5
    1695*:  325:  if (directories == SKIP_DIRECTORIES && S_ISDIR (stats->stat.st_mode))
branch  0 taken 0 (fallthrough)
branch  1 taken 1695
branch  2 never executed
branch  3 never executed
    #####:  326:    return 0;
        -:  327:  #else
        -:  328:  if (directories == SKIP_DIRECTORIES)
        -:  329:    return 0;
        -:  330:  #endif
        -:  331:#if defined(HAVE_MMAP)
     1695:  332:  if (!S_ISREG (stats->stat.st_mode))
branch  0 taken 0 (fallthrough)
branch  1 taken 1695
    #####:  333:    bufmapped = 0;
        -:  334:  else
        -:  335:    {
     1695:  336:      bufmapped = 1;
        -:  337:	  #ifndef FAULTY_F_KP_5
     1695:  338:      bufoffset = initial_bufoffset = file ? 0 : lseek (fd, 0, 1);
branch  0 taken 9 (fallthrough)
branch  1 taken 1686
call    2 returned 9
        -:  339:	  #else
        -:  340:      bufoffset = initial_bufoffset = lseek (fd, 0, 1);
        -:  341:	  #endif
        -:  342:    }
        -:  343:#endif
     1695:  344:  return 1;
        -:  345:}
        -:  346:
        -:  347:/* Read new stuff into the buffer, saving the specified
        -:  348:   amount of old stuff.  When we're done, 'bufbeg' points
        -:  349:   to the beginning of the buffer contents, and 'buflim'
        -:  350:   points just after the end.  Return count of new stuff. */
        -:  351:static int
function fillbuf called 9116 returned 100% blocks executed 62%
     9116:  352:fillbuf (save, stats)
        -:  353:     size_t save;
        -:  354:     struct stats *stats;
        -:  355:{
        -:  356:  int cc;
        -:  357:#if defined(HAVE_MMAP)
        -:  358:  caddr_t maddr;
        -:  359:#endif
        -:  360:
        -:  361:#ifndef FAULTY_F_KP_2
    9116*:  362:  if (pagesize == 0 && (pagesize = getpagesize()) == 0)
branch  0 taken 0 (fallthrough)
branch  1 taken 9116
branch  2 never executed
branch  3 never executed
    #####:  363:	  abort();
call    0 never executed
        -:  364:#else
        -:  365:	/* nothing here */
        -:  366:#endif
        -:  367:
     9116:  368:  if (save > bufsalloc)
branch  0 taken 0 (fallthrough)
branch  1 taken 9116
        -:  369:    {
        -:  370:      char *nubuffer;
        -:  371:      char *nbuffer;
        -:  372:
    #####:  373:      while (save > bufsalloc)
branch  0 never executed
branch  1 never executed
    #####:  374:	bufsalloc *= 2;
    #####:  375:      bufalloc = 5 * bufsalloc;
        -:  376:      #ifndef FAULTY_F_DG_1
    #####:  377:      if (bufalloc / 5 != bufsalloc || bufalloc + 1 < bufalloc
branch  0 never executed
branch  1 never executed
branch  2 never executed
branch  3 never executed
    #####:  378:	  || ! (nbuffer = page_alloc (bufalloc + 1, &nubuffer)))
call    0 never executed
branch  1 never executed
branch  2 never executed
    #####:  379:	fatal (_("memory exhausted"), 0);
call    0 never executed
        -:  380:
    #####:  381:      bufbeg = nbuffer + bufsalloc - save;
    #####:  382:      memcpy (bufbeg, buflim - save, save);
    #####:  383:      free (ubuffer);
    #####:  384:      ubuffer = nubuffer;
    #####:  385:      buffer = nbuffer;
        -:  386:      #else
        -:  387:      if (bufalloc / 5 != bufsalloc || bufalloc + 1 < bufalloc
        -:  388:	  || ! (nbuffer = page_alloc (bufalloc + 1, &nubuffer)))
        -:  389:	fatal (_("memory exhausted"), 0);
        -:  390:
        -:  391:      bufbeg = nbuffer + bufsalloc - save;
        -:  392:      memcpy (buflim - save, bufbeg, save);
        -:  393:      free (ubuffer);
        -:  394:      ubuffer = nubuffer;
        -:  395:      buffer = nbuffer;
        -:  396:      #endif
        -:  397:    }
        -:  398:  else
        -:  399:    {
        -:  400:      #ifndef FAULTY_F_DG_1
     9116:  401:      bufbeg = buffer + bufsalloc - save;
     9116:  402:      memcpy (bufbeg, buflim - save, save);
        -:  403:      #else
        -:  404:      bufbeg = buffer + bufsalloc - save;
        -:  405:      memcpy (buflim - save, bufbeg, save);
        -:  406:      #endif
        -:  407:    }
        -:  408:
        -:  409:#if defined(HAVE_MMAP)
     9116:  410:  if (bufmapped && bufoffset % pagesize == 0
branch  0 taken 7928 (fallthrough)
branch  1 taken 1188
branch  2 taken 0 (fallthrough)
branch  3 taken 7928
     7928:  411:      && stats->stat.st_size - bufoffset >= bufalloc - bufsalloc)
branch  0 taken 1681 (fallthrough)
branch  1 taken 6247
        -:  412:    {
     6247:  413:      maddr = buffer + bufsalloc;
     6247:  414:      maddr = mmap (maddr, bufalloc - bufsalloc, PROT_READ | PROT_WRITE,
call    0 returned 6247
        -:  415:		   MAP_PRIVATE | MAP_FIXED, bufdesc, bufoffset);
     6247:  416:      if (maddr == (caddr_t) -1)
branch  0 taken 0 (fallthrough)
branch  1 taken 6247
        -:  417:	{
        -:  418:          /* This used to issue a warning, but on some hosts
        -:  419:             (e.g. Solaris 2.5) mmap can fail merely because some
        -:  420:             other process has an advisory read lock on the file.
        -:  421:             There's no point alarming the user about this misfeature.  */
        -:  422:#if 0
        -:  423:	  fprintf (stderr, _("%s: warning: %s: %s\n"), prog, filename,
        -:  424:		  strerror (errno));
        -:  425:#endif
    #####:  426:	  goto tryread;
        -:  427:	}
        -:  428:#if 0
        -:  429:      /* You might thing this (or MADV_WILLNEED) would help,
        -:  430:	 but it doesn't, at least not on a Sun running 4.1.
        -:  431:	 In fact, it actually slows us down about 30%! */
        -:  432:      madvise (maddr, bufalloc - bufsalloc, MADV_SEQUENTIAL);
        -:  433:#endif
     6247:  434:      cc = bufalloc - bufsalloc;
     6247:  435:      bufoffset += cc;
        -:  436:    }
        -:  437:  else
        -:  438:    {
    2869*:  439:    tryread:
        -:  440:      /* We come here when we're not going to use mmap() any more.
        -:  441:	 Note that we need to synchronize the file offset the
        -:  442:	 first time through. */
     2869:  443:      if (bufmapped)
branch  0 taken 1681 (fallthrough)
branch  1 taken 1188
        -:  444:	{
     1681:  445:	  bufmapped = 0;
     1681:  446:	  if (bufoffset != initial_bufoffset)
branch  0 taken 705 (fallthrough)
branch  1 taken 976
      705:  447:	    lseek (bufdesc, bufoffset, 0);
call    0 returned 705
        -:  448:	}
     2869:  449:      cc = read (bufdesc, buffer + bufsalloc, bufalloc - bufsalloc);
call    0 returned 2869
        -:  450:    }
        -:  451:#else
        -:  452:  cc = read (bufdesc, buffer + bufsalloc, bufalloc - bufsalloc);
        -:  453:#endif /*HAVE_MMAP*/
        -:  454:#if O_BINARY
        -:  455:  if (cc > 0)
        -:  456:    cc = undossify_input (buffer + bufsalloc, cc);
        -:  457:#endif
     9116:  458:  if (cc > 0)
branch  0 taken 7440 (fallthrough)
branch  1 taken 1676
     7440:  459:    buflim = buffer + bufsalloc + cc;
        -:  460:  else
     1676:  461:    buflim = buffer + bufsalloc;
     9116:  462:  return cc;
        -:  463:}
        -:  464:
        -:  465:/* Flags controlling the style of output. */
        -:  466:static int always_text;		/* Assume the input is always text. */
        -:  467:static int out_quiet;		/* Suppress all normal output. */
        -:  468:static int out_invert;		/* Print nonmatching stuff. */
        -:  469:static int out_file;		/* Print filenames. */
        -:  470:static int out_line;		/* Print line numbers. */
        -:  471:static int out_byte;		/* Print byte offsets. */
        -:  472:static int out_before;		/* Lines of leading context. */
        -:  473:static int out_after;		/* Lines of trailing context. */
        -:  474:static int count_matches;	/* Count matching lines.  */
        -:  475:static int list_files;		/* List matching files.  */
        -:  476:static int no_filenames;	/* Suppress file names.  */
        -:  477:static int suppress_errors;	/* Suppress diagnostics.  */
        -:  478:
        -:  479:/* Internal variables to keep track of byte count, context, etc. */
        -:  480:static off_t totalcc;		/* Total character count before bufbeg. */
        -:  481:static char *lastnl;		/* Pointer after last newline counted. */
        -:  482:static char *lastout;		/* Pointer after last character output;
        -:  483:				   NULL if no character has been output
        -:  484:				   or if it's conceptually before bufbeg. */
        -:  485:static off_t totalnl;		/* Total newline count before lastnl. */
        -:  486:static int pending;		/* Pending lines of output. */
        -:  487:static int done_on_match;		/* Stop scanning file on first match */
        -:  488:
        -:  489:#if O_BINARY
        -:  490:# include "dosbuf.c"
        -:  491:#endif
        -:  492:
        -:  493:static void
function nlscan called 200659 returned 100% blocks executed 100%
   200659:  494:nlscan (lim)
        -:  495:     char *lim;
        -:  496:{
        -:  497:  char *beg;
        -:  498:
  6349820:  499:  for (beg = lastnl; beg < lim; ++beg)
branch  0 taken 6149161
branch  1 taken 200659 (fallthrough)
  6149161:  500:    if (*beg == '\n')
branch  0 taken 216584 (fallthrough)
branch  1 taken 5932577
   216584:  501:      ++totalnl;
   200659:  502:  lastnl = beg;
   200659:  503:}
        -:  504:
        -:  505:static void
function print_offset_sep called 397777 returned 100% blocks executed 100%
   397777:  506:print_offset_sep (pos, sep)
        -:  507:     off_t pos;
        -:  508:     int sep;
        -:  509:{
        -:  510:  /* Do not rely on printf to print pos, since off_t may be longer than long,
        -:  511:     and long long is not portable.  */
        -:  512:
        -:  513:  char buf[sizeof pos * CHAR_BIT];
   397777:  514:  char *p = buf + sizeof buf - 1;
   397777:  515:  *p = sep;
        -:  516:
        -:  517:  do
  1911863:  518:    *--p = '0' + pos % 10;
  1911863:  519:  while ((pos /= 10) != 0);
branch  0 taken 1514086
branch  1 taken 397777 (fallthrough)
        -:  520:
   397777:  521:  fwrite (p, 1, buf + sizeof buf - p, stdout);
call    0 returned 397777
   397777:  522:}
        -:  523:
        -:  524:static void
function prline called 838484 returned 100% blocks executed 92%
   838484:  525:prline (beg, lim, sep)
        -:  526:     char *beg;
        -:  527:     char *lim;
        -:  528:     int sep;
        -:  529:{
   838484:  530:  if (out_file)
branch  0 taken 162037 (fallthrough)
branch  1 taken 676447
   162037:  531:    printf ("%s%c", filename, sep);
call    0 returned 162037
   838484:  532:  if (out_line)
branch  0 taken 200262 (fallthrough)
branch  1 taken 638222
        -:  533:    {
   200262:  534:      nlscan (beg);
call    0 returned 200262
   200262:  535:      print_offset_sep (++totalnl, sep);
call    0 returned 200262
   200262:  536:      lastnl = lim;
        -:  537:    }
   838484:  538:  if (out_byte)
branch  0 taken 197515 (fallthrough)
branch  1 taken 640969
        -:  539:    {
        -:  540:#ifndef FAULTY_F_KP_4
   197515:  541:      off_t pos = totalcc + (beg - bufbeg);
        -:  542:#else
        -:  543:      off_t pos; 
        -:  544:#endif
        -:  545:#if O_BINARY
        -:  546:      pos = dossified_pos (pos);
        -:  547:#endif
   197515:  548:      print_offset_sep (pos, sep);
call    0 returned 197515
        -:  549:    }
   838484:  550:  fwrite (beg, 1, lim - beg, stdout);
call    0 returned 838484
   838484:  551:  if (ferror (stdout))
call    0 returned 838484
branch  1 taken 0 (fallthrough)
branch  2 taken 838484
    #####:  552:    error (_("writing output"), errno);
call    0 never executed
   838484:  553:  lastout = lim;
   838484:  554:}
        -:  555:
        -:  556:/* Print pending lines of trailing context prior to LIM. */
        -:  557:static void
function prpending called 2625 returned 100% blocks executed 80%
     2625:  558:prpending (lim)
        -:  559:     char *lim;
        -:  560:{
        -:  561:  char *nl;
        -:  562:
     2625:  563:  if (!lastout)
branch  0 taken 0 (fallthrough)
branch  1 taken 2625
    #####:  564:    lastout = bufbeg;
    10807:  565:  while (pending > 0 && lastout < lim)
branch  0 taken 9066 (fallthrough)
branch  1 taken 1741
branch  2 taken 8182
branch  3 taken 884 (fallthrough)
        -:  566:    {
     8182:  567:      --pending;
     8182:  568:      if ((nl = memchr (lastout, '\n', lim - lastout)) != 0)
branch  0 taken 8182 (fallthrough)
branch  1 taken 0
     8182:  569:	++nl;
        -:  570:      else
    #####:  571:	nl = lim;
     8182:  572:      prline (lastout, nl, '-');
call    0 returned 8182
        -:  573:    }
     2625:  574:}
        -:  575:
        -:  576:/* Print the lines between BEG and LIM.  Deal with context crap.
        -:  577:   If NLINESP is non-null, store a count of lines between BEG and LIM. */
        -:  578:static void
function prtext called 557219 returned 100% blocks executed 100%
   557219:  579:prtext (beg, lim, nlinesp)
        -:  580:     char *beg;
        -:  581:     char *lim;
        -:  582:     int *nlinesp;
        -:  583:{
        -:  584:  static int used;		/* avoid printing "--" before any output */
        -:  585:  char *bp, *p, *nl;
        -:  586:  int i, n;
        -:  587:
   557219:  588:  if (!out_quiet && pending > 0)
branch  0 taken 478759 (fallthrough)
branch  1 taken 78460
branch  2 taken 2544 (fallthrough)
branch  3 taken 476215
     2544:  589:    prpending (beg);
call    0 returned 2544
        -:  590:
   557219:  591:  p = beg;
        -:  592:
   557219:  593:  if (!out_quiet)
branch  0 taken 478759 (fallthrough)
branch  1 taken 78460
        -:  594:    {
        -:  595:      /* Deal with leading context crap. */
        -:  596:
   478759:  597:      bp = lastout ? lastout : bufbeg;
branch  0 taken 476165 (fallthrough)
branch  1 taken 2594
   489427:  598:      for (i = 0; i < out_before; ++i)
branch  0 taken 10668
branch  1 taken 478759 (fallthrough)
    10668:  599:	if (p > bp)
branch  0 taken 5207 (fallthrough)
branch  1 taken 5461
        -:  600:	  do
   140669:  601:	    --p;
   140669:  602:	  while (p > bp && p[-1] != '\n');
branch  0 taken 140302 (fallthrough)
branch  1 taken 367
branch  2 taken 135462
branch  3 taken 4840 (fallthrough)
        -:  603:
        -:  604:      /* We only print the "--" separator if our output is
        -:  605:	 discontiguous from the last output in the file. */
   478759:  606:      if ((out_before || out_after) && used && p != lastout)
branch  0 taken 476145 (fallthrough)
branch  1 taken 2614
branch  2 taken 260 (fallthrough)
branch  3 taken 475885
branch  4 taken 2857 (fallthrough)
branch  5 taken 17
branch  6 taken 1470 (fallthrough)
branch  7 taken 1387
     1470:  607:	puts ("--");
call    0 returned 1470
        -:  608:
   483966:  609:      while (p < beg)
branch  0 taken 5207
branch  1 taken 478759 (fallthrough)
        -:  610:	{
     5207:  611:	  nl = memchr (p, '\n', beg - p);
     5207:  612:	  prline (p, nl + 1, '-');
call    0 returned 5207
     5207:  613:	  p = nl + 1;
        -:  614:	}
        -:  615:    }
        -:  616:
   557219:  617:  if (nlinesp)
branch  0 taken 3217 (fallthrough)
branch  1 taken 554002
        -:  618:    {
        -:  619:      /* Caller wants a line count. */
   487952:  620:      for (n = 0; p < lim; ++n)
branch  0 taken 484735
branch  1 taken 3217 (fallthrough)
        -:  621:	{
   484735:  622:	  if ((nl = memchr (p, '\n', lim - p)) != 0)
branch  0 taken 484661 (fallthrough)
branch  1 taken 74
   484661:  623:	    ++nl;
        -:  624:	  else
       74:  625:	    nl = lim;
   484735:  626:	  if (!out_quiet)
branch  0 taken 348688 (fallthrough)
branch  1 taken 136047
   348688:  627:	    prline (p, nl, ':');
call    0 returned 348688
   484735:  628:	  p = nl;
        -:  629:	}
     3217:  630:      *nlinesp = n;
        -:  631:    }
        -:  632:  else
   554002:  633:    if (!out_quiet)
branch  0 taken 476407 (fallthrough)
branch  1 taken 77595
   476407:  634:      prline (beg, lim, ':');
call    0 returned 476407
        -:  635:
   557219:  636:  pending = out_after;
   557219:  637:  used = 1;
   557219:  638:}
        -:  639:
        -:  640:/* Scan the specified portion of the buffer, matching lines (or
        -:  641:   between matching lines if OUT_INVERT is true).  Return a count of
        -:  642:   lines printed. */
        -:  643:static int
function grepbuf called 8628 returned 100% blocks executed 86%
     8628:  644:grepbuf (beg, lim)
        -:  645:     char *beg;
        -:  646:     char *lim;
        -:  647:{
        -:  648:  int nlines, n;
        -:  649:  register char *p, *b;
        -:  650:  char *endp;
        -:  651:
     8628:  652:  nlines = 0;
     8628:  653:  p = beg;
   565832:  654:  while ((b = (*execute)(p, lim - p, &endp)) != 0)
call    0 returned 565832
branch  1 taken 557223
branch  2 taken 8609 (fallthrough)
        -:  655:    {
        -:  656:      /* Avoid matching the empty line at the end of the buffer. */
  557223*:  657:      if (b == lim && ((b > beg && b[-1] == '\n') || b == beg))
branch  0 taken 0 (fallthrough)
branch  1 taken 557223
branch  2 never executed
branch  3 never executed
branch  4 never executed
branch  5 never executed
branch  6 never executed
branch  7 never executed
        -:  658:	break;
   557223:  659:      if (!out_invert)
branch  0 taken 554002 (fallthrough)
branch  1 taken 3221
        -:  660:	{
   554002:  661:	  prtext (b, endp, (int *) 0);
call    0 returned 554002
   554002:  662:	  nlines += 1;
   554002:  663:	  if (done_on_match)
branch  0 taken 19 (fallthrough)
branch  1 taken 553983
       19:  664:	    return nlines;
        -:  665:	}
     3221:  666:      else if (p < b)
branch  0 taken 2658 (fallthrough)
branch  1 taken 563
        -:  667:	{
     2658:  668:	  prtext (p, b, &n);
call    0 returned 2658
     2658:  669:	  nlines += n;
        -:  670:	}
   557204:  671:      p = endp;
        -:  672:    }
     8609:  673:  if (out_invert && p < lim)
branch  0 taken 560 (fallthrough)
branch  1 taken 8049
branch  2 taken 559 (fallthrough)
branch  3 taken 1
        -:  674:    {
      559:  675:      prtext (p, lim, &n);
call    0 returned 559
      559:  676:      nlines += n;
        -:  677:    }
     8609:  678:  return nlines;
        -:  679:}
        -:  680:
        -:  681:/* Search a given file.  Normally, return a count of lines printed;
        -:  682:   but if the file is a directory and we search it recursively, then
        -:  683:   return -2 if there was a match, and -1 otherwise.  */
        -:  684:static int
function grep called 1695 returned 100% blocks executed 78%
     1695:  685:grep (fd, file, stats)
        -:  686:     int fd;
        -:  687:     char const *file;
        -:  688:     struct stats *stats;
        -:  689:{
        -:  690:  int nlines, i;
        -:  691:  int not_text;
        -:  692:  size_t residue, save;
        -:  693:  char *beg, *lim;
        -:  694:
     1695:  695:  if (!reset (fd, file, stats))
call    0 returned 1695
branch  1 taken 0 (fallthrough)
branch  2 taken 1695
    #####:  696:    return 0;
        -:  697:
     1695:  698:  if (file && directories == RECURSE_DIRECTORIES
branch  0 taken 1686 (fallthrough)
branch  1 taken 9
branch  2 taken 0 (fallthrough)
branch  3 taken 1686
    #####:  699:      && S_ISDIR (stats->stat.st_mode))
branch  0 never executed
branch  1 never executed
        -:  700:    {
        -:  701:      /* Close fd now, so that we don't open a lot of file descriptors
        -:  702:	 when we recurse deeply.  */
    #####:  703:      if (close (fd) != 0)
call    0 never executed
branch  1 never executed
branch  2 never executed
    #####:  704:	error (file, errno);
call    0 never executed
    #####:  705:      return grepdir (file, stats) - 2;
call    0 never executed
        -:  706:    }
        -:  707:
     1695:  708:  totalcc = 0;
     1695:  709:  lastout = 0;
     1695:  710:  totalnl = 0;
     1695:  711:  pending = 0;
        -:  712:
     1695:  713:  nlines = 0;
     1695:  714:  residue = 0;
     1695:  715:  save = 0;
        -:  716:
     1695:  717:  if (fillbuf (save, stats) < 0)
call    0 returned 1695
branch  1 taken 0 (fallthrough)
branch  2 taken 1695
        -:  718:    {
    #####:  719:      if (! (is_EISDIR (errno, file) && suppress_errors))
branch  0 never executed
branch  1 never executed
branch  2 never executed
branch  3 never executed
    #####:  720:	error (filename, errno);
call    0 never executed
    #####:  721:      return nlines;
        -:  722:    }
        -:  723:
     3390:  724:  not_text = (! (always_text | out_quiet)
     1695:  725:	      && memchr (bufbeg, '\0', buflim - bufbeg));
branch  0 taken 1571 (fallthrough)
branch  1 taken 124
branch  2 taken 16 (fallthrough)
branch  3 taken 1555
     1695:  726:  done_on_match += not_text;
     1695:  727:  out_quiet += not_text;
        -:  728:
        -:  729:  for (;;)
        -:  730:    {
     9116:  731:      lastnl = bufbeg;
     9116:  732:      if (lastout)
branch  0 taken 799 (fallthrough)
branch  1 taken 8317
      799:  733:	lastout = bufbeg;
     9116:  734:      if (buflim - bufbeg == save)
branch  0 taken 1676 (fallthrough)
branch  1 taken 7440
     1676:  735:	break;
     7440:  736:      beg = bufbeg + save - residue;
   256934:  737:      for (lim = buflim; lim > beg && lim[-1] != '\n'; --lim)
branch  0 taken 256934 (fallthrough)
branch  1 taken 0
branch  2 taken 249494
branch  3 taken 7440 (fallthrough)
        -:  738:	;
     7440:  739:      residue = buflim - lim;
     7440:  740:      if (beg < lim)
branch  0 taken 7440 (fallthrough)
branch  1 taken 0
        -:  741:	{
     7440:  742:	  nlines += grepbuf (beg, lim);
call    0 returned 7440
     7440:  743:	  if (pending)
branch  0 taken 80 (fallthrough)
branch  1 taken 7360
       80:  744:	    prpending (lim);
call    0 returned 80
     7440:  745:	  if (nlines && done_on_match && !out_invert)
branch  0 taken 4800 (fallthrough)
branch  1 taken 2640
branch  2 taken 127 (fallthrough)
branch  3 taken 4673
branch  4 taken 19 (fallthrough)
branch  5 taken 108
       19:  746:	    goto finish_grep;
        -:  747:	}
     7421:  748:      i = 0;
     7421:  749:      beg = lim;
     8061:  750:      while (i < out_before && beg > bufbeg && beg != lastout)
branch  0 taken 657 (fallthrough)
branch  1 taken 7404
branch  2 taken 657 (fallthrough)
branch  3 taken 0
branch  4 taken 640
branch  5 taken 17 (fallthrough)
        -:  751:	{
      640:  752:	  ++i;
        -:  753:	  do
    18191:  754:	    --beg;
    18191:  755:	  while (beg > bufbeg && beg[-1] != '\n');
branch  0 taken 18191 (fallthrough)
branch  1 taken 0
branch  2 taken 17551
branch  3 taken 640 (fallthrough)
        -:  756:	}
     7421:  757:      if (beg != lastout)
branch  0 taken 6622 (fallthrough)
branch  1 taken 799
     6622:  758:	lastout = 0;
     7421:  759:      save = residue + lim - beg;
     7421:  760:      totalcc += buflim - bufbeg - save;
     7421:  761:      if (out_line)
branch  0 taken 397 (fallthrough)
branch  1 taken 7024
        -:  762:	  #ifndef FAULTY_F_KP_3
      397:  763:	nlscan (beg);
call    0 returned 397
        -:  764:	  #else
        -:  765:	nlscan (bufbeg);
        -:  766:	  #endif
     7421:  767:      if (fillbuf (save, stats) < 0)
call    0 returned 7421
branch  1 taken 0 (fallthrough)
branch  2 taken 7421
        -:  768:	{
    #####:  769:	  if (! (is_EISDIR (errno, file) && suppress_errors))
branch  0 never executed
branch  1 never executed
branch  2 never executed
branch  3 never executed
    #####:  770:	    error (filename, errno);
call    0 never executed
    #####:  771:	  goto finish_grep;
        -:  772:	}
        -:  773:    }
     1676:  774:  if (residue)
branch  0 taken 488 (fallthrough)
branch  1 taken 1188
        -:  775:    {
     1188:  776:      nlines += grepbuf (bufbeg + save - residue, buflim);
call    0 returned 1188
     1188:  777:      if (pending)
branch  0 taken 1187 (fallthrough)
branch  1 taken 1
        1:  778:	prpending (buflim);
call    0 returned 1
        -:  779:    }
        -:  780:
     1675:  781: finish_grep:
        -:  782: #ifndef FAULTY_F_DG_2
     1695:  783:  done_on_match -= not_text;
     1695:  784:  out_quiet -= not_text;
        -:  785: #else
        -:  786:	/* nothing here because the fault is just code removal */
        -:  787: #endif
     1695:  788:  if ((not_text & ~out_quiet) && nlines != 0)
branch  0 taken 16 (fallthrough)
branch  1 taken 1679
branch  2 taken 8 (fallthrough)
branch  3 taken 8
        8:  789:    printf (_("Binary file %s matches\n"), filename);
call    0 returned 8
     1695:  790:  return nlines;
        -:  791:}
        -:  792:
        -:  793:static int
function grepfile called 1703 returned 100% blocks executed 62%
     1703:  794:grepfile (file, stats)
        -:  795:     char const *file;
        -:  796:     struct stats *stats;
        -:  797:{
        -:  798:  int desc;
        -:  799:  int count;
        -:  800:  int status;
        -:  801:
     1703:  802:  if (! file)
branch  0 taken 9 (fallthrough)
branch  1 taken 1694
        -:  803:    {
        9:  804:      desc = 0;
        9:  805:      filename = _("(standard input)");
        -:  806:    }
        -:  807:  else
        -:  808:    {
     1694:  809:      desc = open (file, O_RDONLY);
call    0 returned 1694
        -:  810:
     1694:  811:      if (desc < 0)
branch  0 taken 8 (fallthrough)
branch  1 taken 1686
        -:  812:	{
        8:  813:	  int e = errno;
        -:  814:	    
       8*:  815:	  if (is_EISDIR (e, file) && directories == RECURSE_DIRECTORIES)
branch  0 taken 0 (fallthrough)
branch  1 taken 8
branch  2 never executed
branch  3 never executed
        -:  816:	    {
    #####:  817:	      if (stat (file, &stats->stat) != 0)
call    0 never executed
branch  1 never executed
branch  2 never executed
        -:  818:		{
    #####:  819:		  error (file, errno);
call    0 never executed
    #####:  820:		  return 1;
        -:  821:		}
        -:  822:
    #####:  823:	      return grepdir (file, stats);
call    0 never executed
        -:  824:	    }
        -:  825:	      
        8:  826:	  if (!suppress_errors)
branch  0 taken 7 (fallthrough)
branch  1 taken 1
        -:  827:	    {
        7:  828:	      if (directories == SKIP_DIRECTORIES)
branch  0 taken 0 (fallthrough)
branch  1 taken 7
    #####:  829:		switch (e)
branch  0 never executed
branch  1 never executed
branch  2 never executed
        -:  830:		  {
        -:  831:#ifdef EISDIR
    #####:  832:		  case EISDIR:
    #####:  833:		    return 1;
        -:  834:#endif
    #####:  835:		  case EACCES:
        -:  836:		    /* When skipping directories, don't worry about
        -:  837:		       directories that can't be opened.  */
    #####:  838:		    if (stat (file, &stats->stat) == 0
call    0 never executed
branch  1 never executed
branch  2 never executed
    #####:  839:			&& S_ISDIR (stats->stat.st_mode))
branch  0 never executed
branch  1 never executed
    #####:  840:		      return 1;
    #####:  841:		    break;
        -:  842:		  }
        -:  843:
        7:  844:	      error (file, e);
call    0 returned 7
        -:  845:	    }
        -:  846:
        8:  847:	  return 1;
        -:  848:	}
        -:  849:
     1686:  850:      filename = file;
        -:  851:    }
        -:  852:
        -:  853:#if O_BINARY
        -:  854:  /* Set input to binary mode.  Pipes are simulated with files
        -:  855:     on DOS, so this includes the case of "foo | grep bar".  */
        -:  856:  if (!isatty (desc))
        -:  857:    SET_BINARY (desc);
        -:  858:#endif
        -:  859:
     1695:  860:  count = grep (desc, file, stats);
call    0 returned 1695
     1695:  861:  if (count < 0)
branch  0 taken 0 (fallthrough)
branch  1 taken 1695
    #####:  862:    status = count + 2;
        -:  863:  else
        -:  864:    {
     1695:  865:      if (count_matches)
branch  0 taken 81 (fallthrough)
branch  1 taken 1614
        -:  866:	{
       81:  867:	  if (out_file)
branch  0 taken 69 (fallthrough)
branch  1 taken 12
       69:  868:	    printf ("%s:", filename);
call    0 returned 69
       81:  869:	  printf ("%d\n", count);
call    0 returned 81
        -:  870:	}
        -:  871:
     1695:  872:      if (count)
branch  0 taken 836 (fallthrough)
branch  1 taken 859
        -:  873:	{
      836:  874:	  status = 0;
      836:  875:	  if (list_files == 1)
branch  0 taken 15 (fallthrough)
branch  1 taken 821
       15:  876:	    printf ("%s\n", filename);
call    0 returned 15
        -:  877:	}
        -:  878:      else
        -:  879:	{
      859:  880:	  status = 1;
      859:  881:	  if (list_files == -1)
branch  0 taken 6 (fallthrough)
branch  1 taken 853
        6:  882:	    printf ("%s\n", filename);
call    0 returned 6
        -:  883:	}
        -:  884:
     1695:  885:      if (file && close (desc) != 0)
branch  0 taken 1686 (fallthrough)
branch  1 taken 9
call    2 returned 1686
branch  3 taken 0 (fallthrough)
branch  4 taken 1686
    #####:  886:	error (file, errno);
call    0 never executed
        -:  887:    }
        -:  888:
     1695:  889:  return status;
        -:  890:}
        -:  891:
        -:  892:static int
function grepdir called 0 returned 0% blocks executed 0%
    #####:  893:grepdir (dir, stats)
        -:  894:     char const *dir;
        -:  895:     struct stats *stats;
        -:  896:{
    #####:  897:  int status = 1;
        -:  898:  struct stats *ancestor;
        -:  899:  char *name_space;
        -:  900:
    #####:  901:  for (ancestor = stats;  (ancestor = ancestor->parent) != 0;  )
branch  0 never executed
branch  1 never executed
    #####:  902:    if (! ((ancestor->stat.st_ino ^ stats->stat.st_ino)
    #####:  903:	   | (ancestor->stat.st_dev ^ stats->stat.st_dev)))
branch  0 never executed
branch  1 never executed
        -:  904:      {
    #####:  905:	if (!suppress_errors)
branch  0 never executed
branch  1 never executed
    #####:  906:	  fprintf (stderr, _("%s: warning: %s: %s\n"), prog, dir,
call    0 never executed
        -:  907:		   _("recursive directory loop"));
    #####:  908:	return 1;
        -:  909:      }
        -:  910:
    #####:  911:  name_space = savedir (dir, (unsigned) stats->stat.st_size);
call    0 never executed
        -:  912:
    #####:  913:  if (! name_space)
branch  0 never executed
branch  1 never executed
        -:  914:    {
    #####:  915:      if (errno)
branch  0 never executed
branch  1 never executed
        -:  916:	{
    #####:  917:	  if (!suppress_errors)
branch  0 never executed
branch  1 never executed
    #####:  918:	    error (dir, errno);
call    0 never executed
        -:  919:	}
        -:  920:      else
    #####:  921:	fatal (_("Memory exhausted"), 0);
call    0 never executed
        -:  922:    }
        -:  923:  else
        -:  924:    {
    #####:  925:      size_t dirlen = strlen (dir);
    #####:  926:      int needs_slash = ! (dirlen == FILESYSTEM_PREFIX_LEN (dir)
branch  0 never executed
branch  1 never executed
    #####:  927:			   || IS_SLASH (dir[dirlen - 1]));
branch  0 never executed
branch  1 never executed
    #####:  928:      char *file = NULL;
    #####:  929:      char *namep = name_space;
        -:  930:      struct stats child;
    #####:  931:      child.parent = stats;
    #####:  932:      out_file += !no_filenames;
    #####:  933:      while (*namep)
branch  0 never executed
branch  1 never executed
        -:  934:	{
    #####:  935:	  size_t namelen = strlen (namep);
    #####:  936:	  file = xrealloc (file, dirlen + 1 + namelen + 1);
call    0 never executed
    #####:  937:	  strcpy (file, dir);
    #####:  938:	  file[dirlen] = '/';
    #####:  939:	  strcpy (file + dirlen + needs_slash, namep);
    #####:  940:	  namep += namelen + 1;
    #####:  941:	  status &= grepfile (file, &child);
call    0 never executed
        -:  942:	}
    #####:  943:      out_file -= !no_filenames;
    #####:  944:      if (file)
branch  0 never executed
branch  1 never executed
    #####:  945:        free (file);
    #####:  946:      free (name_space);
        -:  947:    }
        -:  948:
    #####:  949:  return status;
        -:  950:}
        -:  951:
        -:  952:static void
function usage called 2 returned 0% blocks executed 40%
        2:  953:usage(status)
        -:  954:int status;
        -:  955:{
        2:  956:  if (status != 0)
branch  0 taken 2 (fallthrough)
branch  1 taken 0
        -:  957:    {
        2:  958:      fprintf (stderr, _("Usage: %s [OPTION]... PATTERN [FILE]...\n"), prog);
call    0 returned 2
        2:  959:      fprintf (stderr, _("Try `%s --help' for more information.\n"), prog);
call    0 returned 2
        -:  960:    }
        -:  961:  else
        -:  962:    {
    #####:  963:      printf (_("Usage: %s [OPTION]... PATTERN [FILE] ...\n"), prog);
call    0 never executed
    #####:  964:      printf (_("\
call    0 never executed
        -:  965:Search for PATTERN in each FILE or standard input.\n\
        -:  966:\n\
        -:  967:Regexp selection and interpretation:\n\
        -:  968:  -E, --extended-regexp     PATTERN is an extended regular expression\n\
        -:  969:  -F, --fixed-regexp        PATTERN is a fixed string separated by newlines\n\
        -:  970:  -G, --basic-regexp        PATTERN is a basic regular expression\n\
        -:  971:  -e, --regexp=PATTERN      use PATTERN as a regular expression\n\
        -:  972:  -f, --file=FILE           obtain PATTERN from FILE\n\
        -:  973:  -i, --ignore-case         ignore case distinctions\n\
        -:  974:  -w, --word-regexp         force PATTERN to match only whole words\n\
        -:  975:  -x, --line-regexp         force PATTERN to match only whole lines\n"));
    #####:  976:      printf (_("\
call    0 never executed
        -:  977:\n\
        -:  978:Miscellaneous:\n\
        -:  979:  -s, --no-messages         suppress error messages\n\
        -:  980:  -v, --revert-match        select non-matching lines\n\
        -:  981:  -V, --version             print version information and exit\n\
        -:  982:      --help                display this help and exit\n"));
    #####:  983:      printf (_("\
call    0 never executed
        -:  984:\n\
        -:  985:Output control:\n\
        -:  986:  -b, --byte-offset         print the byte offset with output lines\n\
        -:  987:  -n, --line-number         print line number with output lines\n\
        -:  988:  -H, --with-filename       print the filename for each match\n\
        -:  989:  -h, --no-filename         suppress the prefixing filename on output\n\
        -:  990:  -q, --quiet, --silent     suppress all normal output\n\
        -:  991:  -a, --text                do not suppress binary output\n\
        -:  992:  -d, --directories=ACTION  how to handle directories\n\
        -:  993:                            ACTION is 'read', 'recurse', or 'skip'.\n\
        -:  994:  -r, --recursive           equivalent to --directories=recurse.\n\
        -:  995:  -L, --files-without-match only print FILE names containing no match\n\
        -:  996:  -l, --files-with-matches  only print FILE names containing matches\n\
        -:  997:  -c, --count               only print a count of matching lines per FILE\n"));
    #####:  998:      printf (_("\
call    0 never executed
        -:  999:\n\
        -: 1000:Context control:\n\
        -: 1001:  -B, --before-context=NUM  print NUM lines of leading context\n\
        -: 1002:  -A, --after-context=NUM   print NUM lines of trailing context\n\
        -: 1003:  -C, --context[=NUM]       print NUM (default 2) lines of output context\n\
        -: 1004:                            unless overriden by -A or -B\n\
        -: 1005:  -NUM                      same as --context=NUM\n\
        -: 1006:  -U, --binary              do not strip CR characters at EOL (MSDOS)\n\
        -: 1007:  -u, --unix-byte-offsets   report offsets as if CRs were not there (MSDOS)\n\
        -: 1008:\n\
        -: 1009:If no -[GEF], then `egrep' assumes -E, `fgrep' -F, else -G.\n\
        -: 1010:With no FILE, or when FILE is -, read standard input. If less than\n\
        -: 1011:two FILEs given, assume -h. Exit with 0 if matches, with 1 if none.\n\
        -: 1012:Exit with 2 if syntax errors or system errors.\n"));
    #####: 1013:      printf (_("\nReport bugs to <bug-gnu-utils@gnu.org>.\n"));
call    0 never executed
        -: 1014:    }
        2: 1015:  exit (status);
        -: 1016:}
        -: 1017:
        -: 1018:/* Go through the matchers vector and look for the specified matcher.
        -: 1019:   If we find it, install it in compile and execute, and return 1.  */
        -: 1020:static int
function setmatcher called 786 returned 100% blocks executed 86%
      786: 1021:setmatcher (name)
        -: 1022:     char const *name;
        -: 1023:{
        -: 1024:  int i;
        -: 1025:#ifdef HAVE_SETRLIMIT
        -: 1026:  struct rlimit rlim;
        -: 1027:#endif
        -: 1028:
     2084: 1029:  for (i = 0; matchers[i].name; ++i)
branch  0 taken 2084
branch  1 taken 0 (fallthrough)
     2084: 1030:    if (strcmp (name, matchers[i].name) == 0)
branch  0 taken 786 (fallthrough)
branch  1 taken 1298
        -: 1031:      {
      786: 1032:	compile = matchers[i].compile;
      786: 1033:	execute = matchers[i].execute;
        -: 1034:#if HAVE_SETRLIMIT && defined(RLIMIT_STACK)
        -: 1035:	/* I think every platform needs to do this, so that regex.c
        -: 1036:	   doesn't oveflow the stack.  The default value of
        -: 1037:	   `re_max_failures' is too large for some platforms: it needs
        -: 1038:	   more than 3MB-large stack.
        -: 1039:
        -: 1040:	   The test for HAVE_SETRLIMIT should go into `configure'.  */
        -: 1041:	if (!getrlimit (RLIMIT_STACK, &rlim))
        -: 1042:	  {
        -: 1043:	    long newlim;
        -: 1044:	    extern long int re_max_failures; /* from regex.c */
        -: 1045:
        -: 1046:	    /* Approximate the amount regex.c needs, plus some more.  */
        -: 1047:	    newlim = re_max_failures * 2 * 20 * sizeof (char *);
        -: 1048:	    if (newlim > rlim.rlim_max)
        -: 1049:	      {
        -: 1050:		newlim = rlim.rlim_max;
        -: 1051:		re_max_failures = newlim / (2 * 20 * sizeof (char *));
        -: 1052:	      }
        -: 1053:	    if (rlim.rlim_cur < newlim)
        -: 1054:	      rlim.rlim_cur = newlim;
        -: 1055:
        -: 1056:	    setrlimit (RLIMIT_STACK, &rlim);
        -: 1057:	  }
        -: 1058:#endif
      786: 1059:	return 1;
        -: 1060:      }
    #####: 1061:  return 0;
        -: 1062:}
        -: 1063:
        -: 1064:int
function main called 809 returned 0% blocks executed 83%
      809: 1065:main (argc, argv)
        -: 1066:     int argc;
        -: 1067:     char *argv[];
        -: 1068:{
        -: 1069:  char *keys;
        -: 1070:  size_t keycc, oldcc, keyalloc;
        -: 1071:  int with_filenames;
        -: 1072:  int opt, cc, status;
        -: 1073:  unsigned digit_args_val, default_context;
        -: 1074:  FILE *fp;
        -: 1075:  extern char *optarg;
        -: 1076:  extern int optind;
        -: 1077:
        -: 1078:  initialize_main (&argc, &argv);
        -: 1079:  /* add this line for diff between *.c and *.int.c */
      809: 1080:  argv[0] = "target2";
        -: 1081:  
      809: 1082:  prog = argv[0];
      809: 1083:  if (prog && strrchr (prog, '/'))
branch  0 taken 809 (fallthrough)
branch  1 taken 0
branch  2 taken 0 (fallthrough)
branch  3 taken 809
    #####: 1084:    prog = strrchr (prog, '/') + 1;
        -: 1085:
        -: 1086:#if defined(__MSDOS__) || defined(_WIN32)
        -: 1087:  /* DOS and MS-Windows use backslashes as directory separators, and usually
        -: 1088:     have an .exe suffix.  They also have case-insensitive filesystems.  */
        -: 1089:  if (prog)
        -: 1090:    {
        -: 1091:      char *p = prog;
        -: 1092:      char *bslash = strrchr (argv[0], '\\');
        -: 1093:
        -: 1094:      if (bslash && bslash >= prog) /* for mixed forward/backslash case */
        -: 1095:	prog = bslash + 1;
        -: 1096:      else if (prog == argv[0]
        -: 1097:	       && argv[0][0] && argv[0][1] == ':') /* "c:progname" */
        -: 1098:	prog = argv[0] + 2;
        -: 1099:
        -: 1100:      /* Collapse the letter-case, so `strcmp' could be used hence.  */
        -: 1101:      for ( ; *p; p++)
        -: 1102:	if (*p >= 'A' && *p <= 'Z')
        -: 1103:	  *p += 'a' - 'A';
        -: 1104:
        -: 1105:      /* Remove the .exe extension, if any.  */
        -: 1106:      if ((p = strrchr (prog, '.')) && strcmp (p, ".exe") == 0)
        -: 1107:	*p = '\0';
        -: 1108:    }
        -: 1109:#endif
        -: 1110:
      809: 1111:  keys = NULL;
      809: 1112:  keycc = 0;
      809: 1113:  with_filenames = 0;
      809: 1114:  matcher = NULL;
        -: 1115:
        -: 1116:  /* The value -1 means to use DEFAULT_CONTEXT. */
      809: 1117:  out_after = out_before = -1;
        -: 1118:  /* Default before/after context: chaged by -C/-NUM options */
      809: 1119:  default_context = 0;
        -: 1120:  /* Accumulated value of individual digits in a -NUM option */
      809: 1121:  digit_args_val = 0;
        -: 1122:
        -: 1123:
        -: 1124:/* Internationalization. */
        -: 1125:#if HAVE_SETLOCALE
      809: 1126:  setlocale (LC_ALL, "");
call    0 returned 809
        -: 1127:#endif
        -: 1128:#if ENABLE_NLS
      809: 1129:  bindtextdomain (PACKAGE, LOCALEDIR);
call    0 returned 809
      809: 1130:  textdomain (PACKAGE);
call    0 returned 809
        -: 1131:#endif
        -: 1132:
     1587: 1133:  while ((opt = getopt_long (argc, argv,
call    0 returned 1587
        -: 1134:#if O_BINARY
        -: 1135:         "0123456789A:B:C::EFGHVX:abcd:e:f:hiLlnqrsvwxyUu",
        -: 1136:#else
        -: 1137:         "0123456789A:B:C::EFGHVX:abcd:e:f:hiLlnqrsvwxy",
        -: 1138:#endif
     1587: 1139:         long_options, NULL)) != EOF)
branch  0 taken 800
branch  1 taken 787 (fallthrough)
      800: 1140:    switch (opt)
branch  0 taken 14
branch  1 taken 3
branch  2 taken 3
branch  3 taken 1
branch  4 taken 249
branch  5 taken 7
branch  6 taken 182
branch  7 taken 0
branch  8 taken 1
branch  9 taken 4
branch 10 taken 0
branch 11 taken 44
branch 12 taken 36
branch 13 taken 0
branch 14 taken 18
branch 15 taken 15
branch 16 taken 43
branch 17 taken 59
branch 18 taken 12
branch 19 taken 11
branch 20 taken 39
branch 21 taken 1
branch 22 taken 0
branch 23 taken 1
branch 24 taken 53
branch 25 taken 1
branch 26 taken 1
branch 27 taken 0
branch 28 taken 2
        -: 1141:      {
       14: 1142:      case '0':
        -: 1143:      case '1':
        -: 1144:      case '2':
        -: 1145:      case '3':
        -: 1146:      case '4':
        -: 1147:      case '5':
        -: 1148:      case '6':
        -: 1149:      case '7':
        -: 1150:      case '8':
        -: 1151:      case '9':
       14: 1152:	digit_args_val = 10 * digit_args_val + opt - '0';
       14: 1153:	default_context = digit_args_val;
       14: 1154:	break;
        3: 1155:      case 'A':
        3: 1156:	if (optarg)
branch  0 taken 3 (fallthrough)
branch  1 taken 0
        -: 1157:	  {
        3: 1158:	    if (ck_atoi (optarg, &out_after))
call    0 returned 3
branch  1 taken 1 (fallthrough)
branch  2 taken 2
        1: 1159:	      fatal (_("invalid context length argument"), 0);
call    0 returned 0
        -: 1160:	  }
        2: 1161:	break;
        3: 1162:      case 'B':
        3: 1163:	if (optarg)
branch  0 taken 3 (fallthrough)
branch  1 taken 0
        -: 1164:	  {
        3: 1165:	    if (ck_atoi (optarg, &out_before))
call    0 returned 3
branch  1 taken 1 (fallthrough)
branch  2 taken 2
        1: 1166:	      fatal (_("invalid context length argument"), 0);
call    0 returned 0
        -: 1167:	  }
        2: 1168:	break;
        1: 1169:      case 'C':
        -: 1170:	/* Set output match context, but let any explicit leading or
        -: 1171:	   trailing amount specified with -A or -B stand. */
        1: 1172:	if (optarg)
branch  0 taken 0 (fallthrough)
branch  1 taken 1
        -: 1173:	  {
    #####: 1174:	    if (ck_atoi (optarg, &default_context))
call    0 never executed
branch  1 never executed
branch  2 never executed
    #####: 1175:	      fatal (_("invalid context length argument"), 0);
call    0 never executed
        -: 1176:	  }
        -: 1177:	else
        1: 1178:	  default_context = 2;
        1: 1179:	break;
      249: 1180:      case 'E':
      249: 1181:	if (matcher && strcmp (matcher, "posix-egrep") != 0)
branch  0 taken 1 (fallthrough)
branch  1 taken 248
branch  2 taken 1 (fallthrough)
branch  3 taken 0
        1: 1182:	  fatal (_("you may specify only one of -E, -F, or -G"), 0);
call    0 returned 0
      248: 1183:	matcher = "posix-egrep";
      248: 1184:	break;
        7: 1185:      case 'F':
        7: 1186:	if (matcher && strcmp(matcher, "fgrep") != 0)
branch  0 taken 1 (fallthrough)
branch  1 taken 6
branch  2 taken 1 (fallthrough)
branch  3 taken 0
        1: 1187:	  fatal(_("you may specify only one of -E, -F, or -G"), 0);;
call    0 returned 0
        6: 1188:	matcher = "fgrep";
        6: 1189:	break;
      182: 1190:      case 'G':
      182: 1191:	if (matcher && strcmp (matcher, "grep") != 0)
branch  0 taken 1 (fallthrough)
branch  1 taken 181
branch  2 taken 1 (fallthrough)
branch  3 taken 0
        1: 1192:	  fatal (_("you may specify only one of -E, -F, or -G"), 0);
call    0 returned 0
      181: 1193:	matcher = "grep";
      181: 1194:	break;
    #####: 1195:      case 'H':
    #####: 1196:	with_filenames = 1;
    #####: 1197:	break;
        -: 1198:#if O_BINARY
        -: 1199:      case 'U':
        -: 1200:	dos_use_file_type = DOS_BINARY;
        -: 1201:	break;
        -: 1202:      case 'u':
        -: 1203:	dos_report_unix_offset = 1;
        -: 1204:	break;
        -: 1205:#endif
        1: 1206:      case 'V':
        1: 1207:	show_version = 1;
        1: 1208:	break;
        4: 1209:      case 'X':
        4: 1210:	if (matcher)
branch  0 taken 1 (fallthrough)
branch  1 taken 3
        1: 1211:	  fatal (_("matcher already specified"), 0);
call    0 returned 0
        3: 1212:	matcher = optarg;
        3: 1213:	break;
    #####: 1214:      case 'a':
    #####: 1215:	always_text = 1;
    #####: 1216:	break;
       44: 1217:      case 'b':
       44: 1218:	out_byte = 1;
       44: 1219:	break;
       36: 1220:      case 'c':
       36: 1221:	out_quiet = 1;
       36: 1222:	count_matches = 1;
       36: 1223:	break;
    #####: 1224:      case 'd':
    #####: 1225:	if (strcmp (optarg, "read") == 0)
branch  0 never executed
branch  1 never executed
    #####: 1226:	  directories = READ_DIRECTORIES;
    #####: 1227:	else if (strcmp (optarg, "skip") == 0)
branch  0 never executed
branch  1 never executed
    #####: 1228:	  directories = SKIP_DIRECTORIES;
    #####: 1229:	else if (strcmp (optarg, "recurse") == 0)
branch  0 never executed
branch  1 never executed
    #####: 1230:	  directories = RECURSE_DIRECTORIES;
        -: 1231:	else
    #####: 1232:	  fatal (_("unknown directories method"), 0);
call    0 never executed
    #####: 1233:	break;
       18: 1234:      case 'e':
       18: 1235:	cc = strlen (optarg);
       18: 1236:	keys = xrealloc (keys, keycc + cc + 1);
call    0 returned 18
       18: 1237:	strcpy (&keys[keycc], optarg);
       18: 1238:	keycc += cc;
       18: 1239:	keys[keycc++] = '\n';
       18: 1240:	break;
       15: 1241:      case 'f':
      15*: 1242:	fp = strcmp (optarg, "-") != 0 ? fopen (optarg, "r") : stdin;
branch  0 taken 15 (fallthrough)
branch  1 taken 0
call    2 returned 15
       15: 1243:	if (!fp)
branch  0 taken 14 (fallthrough)
branch  1 taken 1
       14: 1244:	  fatal (optarg, errno);
call    0 returned 0
        2: 1245:	for (keyalloc = 1; keyalloc <= keycc + 1; keyalloc *= 2)
branch  0 taken 1
branch  1 taken 1 (fallthrough)
        -: 1246:	  ;
        1: 1247:	keys = xrealloc (keys, keyalloc);
call    0 returned 1
        1: 1248:	oldcc = keycc;
       20: 1249:	while (!feof (fp)
call    0 returned 20
       20: 1250:	       && (cc = fread (keys + keycc, 1, keyalloc - 1 - keycc, fp)) > 0)
branch  0 taken 19 (fallthrough)
branch  1 taken 1
call    2 returned 19
branch  3 taken 19
branch  4 taken 0 (fallthrough)
        -: 1251:	  {
       19: 1252:	    keycc += cc;
       19: 1253:	    if (keycc == keyalloc - 1)
branch  0 taken 18 (fallthrough)
branch  1 taken 1
       18: 1254:	      keys = xrealloc (keys, keyalloc *= 2);
call    0 returned 18
        -: 1255:	  }
        1: 1256:	if (fp != stdin)
branch  0 taken 1 (fallthrough)
branch  1 taken 0
        1: 1257:	  fclose(fp);
call    0 returned 1
        -: 1258:	/* Append final newline if file ended in non-newline. */
        1: 1259:	if (oldcc != keycc && keys[keycc - 1] != '\n')
branch  0 taken 1 (fallthrough)
branch  1 taken 0
branch  2 taken 1 (fallthrough)
branch  3 taken 0
        1: 1260:	  keys[keycc++] = '\n';
        1: 1261:	break;
       43: 1262:      case 'h':
       43: 1263:	no_filenames = 1;
       43: 1264:	break;
       59: 1265:      case 'i':
        -: 1266:      case 'y':			/* For old-timers . . . */
       59: 1267:	match_icase = 1;
       59: 1268:	break;
       12: 1269:      case 'L':
        -: 1270:	/* Like -l, except list files that don't contain matches.
        -: 1271:	   Inspired by the same option in Hume's gre. */
       12: 1272:	out_quiet = 1;
       12: 1273:	list_files = -1;
       12: 1274:	done_on_match = 1;
       12: 1275:	break;
       11: 1276:      case 'l':
       11: 1277:	out_quiet = 1;
       11: 1278:	list_files = 1;
       11: 1279:	done_on_match = 1;
       11: 1280:	break;
       39: 1281:      case 'n':
       39: 1282:	out_line = 1;
       39: 1283:	break;
        1: 1284:      case 'q':
        1: 1285:	done_on_match = 1;
        1: 1286:	out_quiet = 1;
        1: 1287:	break;
    #####: 1288:      case 'r':
    #####: 1289:	directories = RECURSE_DIRECTORIES;
    #####: 1290:	break;
        1: 1291:      case 's':
        1: 1292:	suppress_errors = 1;
        1: 1293:	break;
       53: 1294:      case 'v':
       53: 1295:	out_invert = 1;
       53: 1296:	break;
        1: 1297:      case 'w':
        1: 1298:	match_words = 1;
        1: 1299:	break;
        1: 1300:      case 'x':
        1: 1301:	match_lines = 1;
        1: 1302:	break;
    #####: 1303:      case 0:
        -: 1304:	/* long options */
    #####: 1305:	break;
        2: 1306:      default:
        2: 1307:	usage (2);
call    0 returned 0
        -: 1308:	break;
        -: 1309:      }
        -: 1310:
      787: 1311:  if (out_after < 0)
branch  0 taken 785 (fallthrough)
branch  1 taken 2
      785: 1312:    out_after = default_context;
      787: 1313:  if (out_before < 0)
branch  0 taken 785 (fallthrough)
branch  1 taken 2
      785: 1314:    out_before = default_context;
        -: 1315:
      787: 1316:  if (show_version)
branch  0 taken 1 (fallthrough)
branch  1 taken 786
        -: 1317:    {
        1: 1318:      printf (_("grep (GNU grep) %s\n"), VERSION);
call    0 returned 1
        1: 1319:      printf ("\n");
call    0 returned 1
        1: 1320:      printf (_("\
call    0 returned 1
        -: 1321:Copyright (C) 1988, 1992-1998, 1999 Free Software Foundation, Inc.\n"));
        1: 1322:      printf (_("\
call    0 returned 1
        -: 1323:This is free software; see the source for copying conditions. There is NO\n\
        -: 1324:warranty; not even for MERCHANTABILITY or FITNESS FOR A PARTICULAR PURPOSE.\n"));
        1: 1325:      printf ("\n");
call    0 returned 1
        1: 1326:      exit (0);
call    0 returned 0
        -: 1327:    }
        -: 1328:
      786: 1329:  if (show_help)
branch  0 taken 0 (fallthrough)
branch  1 taken 786
    #####: 1330:    usage (0);
call    0 never executed
        -: 1331:
      786: 1332:  if (keys)
branch  0 taken 6 (fallthrough)
branch  1 taken 780
        -: 1333:    {
        6: 1334:      if (keycc == 0)
branch  0 taken 0 (fallthrough)
branch  1 taken 6
        -: 1335:	/* No keys were specified (e.g. -f /dev/null).  Match nothing.  */
    #####: 1336:        out_invert ^= 1;
        -: 1337:      else
        -: 1338:	/* Strip trailing newline. */
        6: 1339:        --keycc;
        -: 1340:    }
        -: 1341:  else
      780: 1342:    if (optind < argc)
branch  0 taken 780 (fallthrough)
branch  1 taken 0
        -: 1343:      {
      780: 1344:	keys = argv[optind++];
      780: 1345:	keycc = strlen (keys);
        -: 1346:      }
        -: 1347:    else
    #####: 1348:      usage (2);
call    0 never executed
        -: 1349:
      786: 1350:  if (! matcher)
branch  0 taken 352 (fallthrough)
branch  1 taken 434
      352: 1351:    matcher = default_matcher;
        -: 1352:
     786*: 1353:  if (!setmatcher (matcher) && !setmatcher ("default"))
call    0 returned 786
branch  1 taken 0 (fallthrough)
branch  2 taken 786
call    3 never executed
branch  4 never executed
branch  5 never executed
    #####: 1354:    abort ();
call    0 never executed
        -: 1355:
      786: 1356:  (*compile)(keys, keycc);
call    0 returned 726
        -: 1357:
      726: 1358:  if ((argc - optind > 1 && !no_filenames) || with_filenames)
branch  0 taken 489 (fallthrough)
branch  1 taken 237
branch  2 taken 17 (fallthrough)
branch  3 taken 472
branch  4 taken 0 (fallthrough)
branch  5 taken 254
      472: 1359:    out_file = 1;
        -: 1360:
        -: 1361:#if O_BINARY
        -: 1362:  /* Output is set to binary mode because we shouldn't convert
        -: 1363:     NL to CR-LF pairs, especially when grepping binary files.  */
        -: 1364:  if (!isatty (1))
        -: 1365:    SET_BINARY (1);
        -: 1366:#endif
        -: 1367:
        -: 1368:
      726: 1369:  if (optind < argc)
branch  0 taken 718 (fallthrough)
branch  1 taken 8
        -: 1370:    {
      718: 1371:	status = 1;
        -: 1372:	do
        -: 1373:	{
     1695: 1374:	  char *file = argv[optind];
     1695: 1375:	  status &= grepfile (strcmp (file, "-") == 0 ? (char *) NULL : file,
branch  0 taken 1694 (fallthrough)
branch  1 taken 1
call    2 returned 1695
        -: 1376:			      &stats_base);
        -: 1377:	}
     1695: 1378:	while ( ++optind < argc);
branch  0 taken 977
branch  1 taken 718
        -: 1379:    }
        -: 1380:  else
        8: 1381:    status = grepfile ((char *) NULL, &stats_base);
call    0 returned 8
        -: 1382:
      726: 1383:  if (fclose (stdout) == EOF)
call    0 returned 726
branch  1 taken 0 (fallthrough)
branch  2 taken 726
    #####: 1384:    error (_("writing output"), errno);
call    0 never executed
        -: 1385:
      726: 1386:  exit (errseen ? 2 : status);
branch  0 taken 719 (fallthrough)
branch  1 taken 7
        -: 1387:}
        -: 1388:/* dfa.c - deterministic extended regexp routines for GNU
        -: 1389:   Copyright (C) 1988, 1998 Free Software Foundation, Inc.
        -: 1390:
        -: 1391:   This program is free software; you can redistribute it and/or modify
        -: 1392:   it under the terms of the GNU General Public License as published by
        -: 1393:   the Free Software Foundation; either version 2, or (at your option)
        -: 1394:   any later version.
        -: 1395:
        -: 1396:   This program is distributed in the hope that it will be useful,
        -: 1397:   but WITHOUT ANY WARRANTY; without even the implied warranty of
        -: 1398:   MERCHANTABILITY or FITNESS FOR A PARTICULAR PURPOSE.  See the
        -: 1399:   GNU General Public License for more details.
        -: 1400:
        -: 1401:   You should have received a copy of the GNU General Public License
        -: 1402:   along with this program; if not, write to the Free Software
        -: 1403:   Foundation, Inc., 59 Temple Place - Suite 330, Boston, MA  02111-1307, USA */
        -: 1404:
        -: 1405:/* Written June, 1988 by Mike Haertel
        -: 1406:   Modified July, 1988 by Arthur David Olson to assist BMG speedups  */
        -: 1407:
        -: 1408:#ifdef HAVE_CONFIG_H
        -: 1409:#if flag_config==0
        -: 1410:#include <config.h>
        -: 1411:#define flag_config 1
        -: 1412:#endif
        -: 1413:#endif
        -: 1414:
        -: 1415:#include <assert.h>
        -: 1416:#include <ctype.h>
        -: 1417:/*#include <stdio.h>*/
        -: 1418:
        -: 1419:/*#include <sys/types.h>*/
        -: 1420:#ifdef STDC_HEADERS
        -: 1421:#include <stdlib.h>
        -: 1422:#define flag_stdlib 1
        -: 1423:#else
        -: 1424:extern char *calloc(), *malloc(), *realloc();
        -: 1425:extern void free();
        -: 1426:#endif
        -: 1427:
        -: 1428:#if defined(HAVE_STRING_H) || defined(STDC_HEADERS)
        -: 1429:#include <string.h>
        -: 1430:#define flag_string 1
        -: 1431:#undef index
        -: 1432:#define index strchr
        -: 1433:#else
        -: 1434:#include <strings.h>
        -: 1435:#define flag_strings 1
        -: 1436:#endif
        -: 1437:
        -: 1438:#ifndef DEBUG	/* use the same approach as regex.c */
        -: 1439:#undef assert
        -: 1440:#define assert(e)
        -: 1441:#endif /* DEBUG */
        -: 1442:
        -: 1443:#ifndef isgraph
        -: 1444:#define isgraph(C) (isprint(C) && !isspace(C))
        -: 1445:#endif
        -: 1446:
        -: 1447:
        -: 1448:#undef ISALPHA
        -: 1449:#undef ISUPPER
        -: 1450:#undef ISLOWER
        -: 1451:#undef ISDIGIT
        -: 1452:#undef ISXDIGIT
        -: 1453:#undef ISSPACE
        -: 1454:#undef ISPUNCT
        -: 1455:#undef ISALNUM
        -: 1456:#undef ISPRINT
        -: 1457:#undef ISGRAPH
        -: 1458:#undef ISCNTRL
        -: 1459:
        -: 1460:#if defined (STDC_HEADERS) || (!defined (isascii) && !defined (HAVE_ISASCII))
        -: 1461:#define ISALPHA(C) isalpha(C)
        -: 1462:#define ISUPPER(C) isupper(C)
        -: 1463:#define ISLOWER(C) islower(C)
        -: 1464:#define ISDIGIT(C) isdigit(C)
        -: 1465:#define ISXDIGIT(C) isxdigit(C)
        -: 1466:#define ISSPACE(C) isspace(C)
        -: 1467:#define ISPUNCT(C) ispunct(C)
        -: 1468:#define ISALNUM(C) isalnum(C)
        -: 1469:#define ISPRINT(C) isprint(C)
        -: 1470:#define ISGRAPH(C) isgraph(C)
        -: 1471:#define ISCNTRL(C) iscntrl(C)
        -: 1472:#else
        -: 1473:#define ISALPHA(C) (isascii(C) && isalpha(C))
        -: 1474:#define ISUPPER(C) (isascii(C) && isupper(C))
        -: 1475:#define ISLOWER(C) (isascii(C) && islower(C))
        -: 1476:#define ISDIGIT(C) (isascii(C) && isdigit(C))
        -: 1477:#define ISXDIGIT(C) (isascii(C) && isxdigit(C))
        -: 1478:#define ISSPACE(C) (isascii(C) && isspace(C))
        -: 1479:#define ISPUNCT(C) (isascii(C) && ispunct(C))
        -: 1480:#define ISALNUM(C) (isascii(C) && isalnum(C))
        -: 1481:#define ISPRINT(C) (isascii(C) && isprint(C))
        -: 1482:#define ISGRAPH(C) (isascii(C) && isgraph(C))
        -: 1483:#define ISCNTRL(C) (isascii(C) && iscntrl(C))
        -: 1484:#endif
        -: 1485:
        -: 1486:/* If we (don't) have I18N.  */
        -: 1487:/* glibc defines _ */
        -: 1488:#ifndef _
        -: 1489:# ifdef HAVE_LIBINTL_H
        -: 1490:#  include <libintl.h>
        -: 1491:#define flag_libintl 1
        -: 1492:#  ifndef _
        -: 1493:#   define _(Str) gettext (Str)
        -: 1494:#  endif
        -: 1495:# else
        -: 1496:#  define _(Str) (Str)
        -: 1497:# endif
        -: 1498:#endif
        -: 1499:
        -: 1500:#include "regex.h"
        -: 1501:#include "dfa.h"
        -: 1502:
        -: 1503:/* HPUX, define those as macros in sys/param.h */
        -: 1504:#ifdef setbit
        -: 1505:# undef setbit
        -: 1506:#endif
        -: 1507:#ifdef clrbit
        -: 1508:# undef clrbit
        -: 1509:#endif
        -: 1510:
        -: 1511:static void dfamust PARAMS ((struct dfa *dfa));
        -: 1512:
        -: 1513:static ptr_t xcalloc PARAMS ((size_t n, size_t s));
        -: 1514:static ptr_t xmalloc_1 PARAMS ((size_t n));
        -: 1515:static ptr_t xrealloc_1 PARAMS ((ptr_t p, size_t n));
        -: 1516:#ifdef DEBUG
        -: 1517:static void prtok PARAMS ((token t));
        -: 1518:#endif
        -: 1519:static int tstbit PARAMS ((int b, charclass c));
        -: 1520:static void setbit PARAMS ((int b, charclass c));
        -: 1521:static void clrbit PARAMS ((int b, charclass c));
        -: 1522:static void copyset PARAMS ((charclass src, charclass dst));
        -: 1523:static void zeroset PARAMS ((charclass s));
        -: 1524:static void notset PARAMS ((charclass s));
        -: 1525:static int equal PARAMS ((charclass s1, charclass s2));
        -: 1526:static int charclass_index PARAMS ((charclass s));
        -: 1527:static int looking_at PARAMS ((const char *s));
        -: 1528:static token lex PARAMS ((void));
        -: 1529:static void addtok PARAMS ((token t));
        -: 1530:static void atom PARAMS ((void));
        -: 1531:static int nsubtoks PARAMS ((int tindex));
        -: 1532:static void copytoks PARAMS ((int tindex, int ntokens));
        -: 1533:static void closure PARAMS ((void));
        -: 1534:static void branch PARAMS ((void));
        -: 1535:static void regexp PARAMS ((int toplevel));
        -: 1536:static void copy PARAMS ((position_set *src, position_set *dst));
        -: 1537:static void insert PARAMS ((position p, position_set *s));
        -: 1538:static void merge PARAMS ((position_set *s1, position_set *s2, position_set *m));
        -: 1539:static void delete PARAMS ((position p, position_set *s));
        -: 1540:static int state_index PARAMS ((struct dfa *d, position_set *s,
        -: 1541:			  int newline, int letter));
        -: 1542:static void build_state PARAMS ((int s, struct dfa *d));
        -: 1543:static void build_state_zero PARAMS ((struct dfa *d));
        -: 1544:static char *icatalloc PARAMS ((char *old, char *new));
        -: 1545:static char *icpyalloc PARAMS ((char *string));
        -: 1546:static char *istrstr PARAMS ((char *lookin, char *lookfor));
        -: 1547:static void ifree PARAMS ((char *cp));
        -: 1548:static void freelist PARAMS ((char **cpp));
        -: 1549:static char **enlist PARAMS ((char **cpp, char *new, size_t len));
        -: 1550:static char **comsubs PARAMS ((char *left, char *right));
        -: 1551:static char **addlists PARAMS ((char **old, char **new));
        -: 1552:static char **inboth PARAMS ((char **left, char **right));
        -: 1553:
        -: 1554:static ptr_t
function xcalloc called 1731 returned 100% blocks executed 75%
     1731: 1555:xcalloc(n, s)
        -: 1556:     size_t n;
        -: 1557:     size_t s;
        -: 1558:{
     1731: 1559:  ptr_t r = calloc(n, s);
        -: 1560:
     1731: 1561:  if (!r)
branch  0 taken 0 (fallthrough)
branch  1 taken 1731
    #####: 1562:    dfaerror(_("Memory exhausted"));
call    0 never executed
     1731: 1563:  return r;
        -: 1564:}
        -: 1565:
        -: 1566:static ptr_t
[...]
    #####:12811:        return false;
    #####:12812:      break;
        -:12813:
    #####:12814:    case duplicate:
    #####:12815:      if (!REG_MATCH_NULL_STRING_P (reg_info[*p1]))
branch  0 never executed
branch  1 never executed
    #####:12816:        return false;
    #####:12817:      break;
        -:12818:
    #####:12819:    case set_number_at:
    #####:12820:      p1 += 4;
        -:12821:
    #####:12822:    default:
        -:12823:      /* All other opcodes mean we cannot match the empty string.  */
    #####:12824:      return false;
        -:12825:  }
        -:12826:
    #####:12827:  *p = p1;
    #####:12828:  return true;
        -:12829:} /* common_op_match_null_string_p */
        -:12830:
        -:12831:
        -:12832:/* Return zero if TRANSLATE[S1] and TRANSLATE[S2] are identical for LEN
        -:12833:   bytes; nonzero otherwise.  */
        -:12834:
        -:12835:static int
function bcmp_translate called 0 returned 0% blocks executed 0%
    #####:12836:bcmp_translate (s1, s2, len, translate)
        -:12837:     const char *s1, *s2;
        -:12838:     register int len;
        -:12839:     RE_TRANSLATE_TYPE translate;
        -:12840:{
    #####:12841:  register const unsigned char *p1 = (const unsigned char *) s1;
    #####:12842:  register const unsigned char *p2 = (const unsigned char *) s2;
    #####:12843:  while (len)
branch  0 never executed
branch  1 never executed
        -:12844:    {
    #####:12845:      if (translate[*p1++] != translate[*p2++]) return 1;
branch  0 never executed
branch  1 never executed
    #####:12846:      len--;
        -:12847:    }
    #####:12848:  return 0;
        -:12849:}
        -:12850:
        -:12851:/* Entry points for GNU code.  */
        -:12852:
        -:12853:/* re_compile_pattern is the GNU regular expression compiler: it
        -:12854:   compiles PATTERN (of length SIZE) and puts the result in BUFP.
        -:12855:   Returns 0 if the pattern was valid, otherwise an error string.
        -:12856:
        -:12857:   Assumes the `allocated' (and perhaps `buffer') and `translate' fields
        -:12858:   are set in BUFP on entry.
        -:12859:
        -:12860:   We call regex_compile to do the actual compilation.  */
        -:12861:
        -:12862:const char *
function re_compile_pattern called 781 returned 100% blocks executed 100%
      781:12863:re_compile_pattern (pattern, length, bufp)
        -:12864:     const char *pattern;
        -:12865:     size_t length;
        -:12866:     struct re_pattern_buffer *bufp;
        -:12867:{
        -:12868:  reg_errcode_t ret;
        -:12869:
        -:12870:  /* GNU code is written to assume at least RE_NREGS registers will be set
        -:12871:     (and at least one extra will be -1).  */
      781:12872:  bufp->regs_allocated = REGS_UNALLOCATED;
        -:12873:
        -:12874:  /* And GNU code determines whether or not to get register information
        -:12875:     by passing null for the REGS argument to re_match, etc., not by
        -:12876:     setting no_sub.  */
      781:12877:  bufp->no_sub = 0;
        -:12878:
        -:12879:  /* Match anchors at newline.  */
      781:12880:  bufp->newline_anchor = 1;
        -:12881:
      781:12882:  ret = regex_compile (pattern, length, re_syntax_options, bufp);
call    0 returned 781
        -:12883:
      781:12884:  if (!ret)
branch  0 taken 722 (fallthrough)
branch  1 taken 59
      722:12885:    return NULL;
       59:12886:  return gettext (re_error_msgid[(int) ret]);
        -:12887:}
        -:12888:#ifdef _LIBC
        -:12889:weak_alias (__re_compile_pattern, re_compile_pattern)
        -:12890:#endif
        -:12891:
        -:12892:/* Entry points compatible with 4.2 BSD regex library.  We don't define
        -:12893:   them unless specifically requested.  */
        -:12894:
        -:12895:#if defined _REGEX_RE_COMP || defined _LIBC
        -:12896:
        -:12897:/* BSD has one and only one pattern buffer.  */
        -:12898:static struct re_pattern_buffer re_comp_buf;
        -:12899:
        -:12900:char *
        -:12901:#ifdef _LIBC
        -:12902:/* Make these definitions weak in libc, so POSIX programs can redefine
        -:12903:   these names if they don't use our functions, and still use
        -:12904:   regcomp/regexec below without link errors.  */
        -:12905:weak_function
        -:12906:#endif
        -:12907:re_comp (s)
        -:12908:    const char *s;
        -:12909:{
        -:12910:  reg_errcode_t ret;
        -:12911:
        -:12912:  if (!s)
        -:12913:    {
        -:12914:      if (!re_comp_buf.buffer)
        -:12915:	return gettext ("No previous regular expression");
        -:12916:      return 0;
        -:12917:    }
        -:12918:
        -:12919:  if (!re_comp_buf.buffer)
        -:12920:    {
        -:12921:      re_comp_buf.buffer = (unsigned char *) malloc (200);
        -:12922:      if (re_comp_buf.buffer == NULL)
        -:12923:        return (char *) gettext (re_error_msgid[(int) REG_ESPACE]);
        -:12924:      re_comp_buf.allocated = 200;
        -:12925:
        -:12926:      re_comp_buf.fastmap = (char *) malloc (1 << BYTEWIDTH);
        -:12927:      if (re_comp_buf.fastmap == NULL)
        -:12928:	return (char *) gettext (re_error_msgid[(int) REG_ESPACE]);
        -:12929:    }
        -:12930:
        -:12931:  /* Since `re_exec' always passes NULL for the `regs' argument, we
        -:12932:     don't need to initialize the pattern buffer fields which affect it.  */
        -:12933:
        -:12934:  /* Match anchors at newlines.  */
        -:12935:  re_comp_buf.newline_anchor = 1;
        -:12936:
        -:12937:  ret = regex_compile (s, strlen (s), re_syntax_options, &re_comp_buf);
        -:12938:
        -:12939:  if (!ret)
        -:12940:    return NULL;
        -:12941:
        -:12942:  /* Yes, we're discarding `const' here if !HAVE_LIBINTL.  */
        -:12943:  return (char *) gettext (re_error_msgid[(int) ret]);
        -:12944:}
        -:12945:
        -:12946:
        -:12947:int
        -:12948:#ifdef _LIBC
        -:12949:weak_function
        -:12950:#endif
        -:12951:re_exec (s)
        -:12952:    const char *s;
        -:12953:{
        -:12954:  const int len = strlen (s);
        -:12955:  return
        -:12956:    0 <= re_search (&re_comp_buf, s, len, 0, len, (struct re_registers *) 0);
        -:12957:}
        -:12958:
        -:12959:#endif /* _REGEX_RE_COMP */
        -:12960:
        -:12961:/* POSIX.2 functions.  Don't define these for Emacs.  */
        -:12962:
        -:12963:#ifndef emacs
        -:12964:
        -:12965:/* regcomp takes a regular expression as a string and compiles it.
        -:12966:
        -:12967:   PREG is a regex_t *.  We do not expect any fields to be initialized,
        -:12968:   since POSIX says we shouldn't.  Thus, we set
        -:12969:
        -:12970:     `buffer' to the compiled pattern;
        -:12971:     `used' to the length of the compiled pattern;
        -:12972:     `syntax' to RE_SYNTAX_POSIX_EXTENDED if the
        -:12973:       REG_EXTENDED bit in CFLAGS is set; otherwise, to
        -:12974:       RE_SYNTAX_POSIX_BASIC;
        -:12975:     `newline_anchor' to REG_NEWLINE being set in CFLAGS;
        -:12976:     `fastmap' to an allocated space for the fastmap;
        -:12977:     `fastmap_accurate' to zero;
        -:12978:     `re_nsub' to the number of subexpressions in PATTERN.
        -:12979:
        -:12980:   PATTERN is the address of the pattern string.
        -:12981:
        -:12982:   CFLAGS is a series of bits which affect compilation.
        -:12983:
        -:12984:     If REG_EXTENDED is set, we use POSIX extended syntax; otherwise, we
        -:12985:     use POSIX basic syntax.
        -:12986:
        -:12987:     If REG_NEWLINE is set, then . and [^...] don't match newline.
        -:12988:     Also, regexec will try a match beginning after every newline.
        -:12989:
        -:12990:     If REG_ICASE is set, then we considers upper- and lowercase
        -:12991:     versions of letters to be equivalent when matching.
        -:12992:
        -:12993:     If REG_NOSUB is set, then when PREG is passed to regexec, that
        -:12994:     routine will report only success or failure, and nothing about the
        -:12995:     registers.
        -:12996:
        -:12997:   It returns 0 if it succeeds, nonzero if it doesn't.  (See regex.h for
        -:12998:   the return codes and their meanings.)  */
        -:12999:
        -:13000:int
function regcomp called 0 returned 0% blocks executed 0%
    #####:13001:regcomp (preg, pattern, cflags)
        -:13002:    regex_t *preg;
        -:13003:    const char *pattern;
        -:13004:    int cflags;
        -:13005:{
        -:13006:  reg_errcode_t ret;
    #####:13007:  reg_syntax_t syntax
    #####:13008:    = (cflags & REG_EXTENDED) ?
    #####:13009:      RE_SYNTAX_POSIX_EXTENDED : RE_SYNTAX_POSIX_BASIC;
branch  0 never executed
branch  1 never executed
        -:13010:
        -:13011:  /* regex_compile will allocate the space for the compiled pattern.  */
    #####:13012:  preg->buffer = 0;
    #####:13013:  preg->allocated = 0;
    #####:13014:  preg->used = 0;
        -:13015:
        -:13016:  /* Try to allocate space for the fastmap.  */
    #####:13017:  preg->fastmap = (char *) malloc (1 << BYTEWIDTH);
call    0 never executed
        -:13018:
    #####:13019:  if (cflags & REG_ICASE)
branch  0 never executed
branch  1 never executed
        -:13020:    {
        -:13021:      unsigned i;
        -:13022:
        -:13023:      preg->translate
    #####:13024:	= (RE_TRANSLATE_TYPE) malloc (CHAR_SET_SIZE
call    0 never executed
        -:13025:				      * sizeof (*(RE_TRANSLATE_TYPE)0));
    #####:13026:      if (preg->translate == NULL)
branch  0 never executed
branch  1 never executed
    #####:13027:        return (int) REG_ESPACE;
        -:13028:
        -:13029:      /* Map uppercase characters to corresponding lowercase ones.  */
    #####:13030:      for (i = 0; i < CHAR_SET_SIZE; i++)
branch  0 never executed
branch  1 never executed
    #####:13031:        preg->translate[i] = ISUPPER (i) ? tolower (i) : i;
branch  0 never executed
branch  1 never executed
        -:13032:    }
        -:13033:  else
    #####:13034:    preg->translate = NULL;
        -:13035:
        -:13036:  /* If REG_NEWLINE is set, newlines are treated differently.  */
    #####:13037:  if (cflags & REG_NEWLINE)
branch  0 never executed
branch  1 never executed
        -:13038:    { /* REG_NEWLINE implies neither . nor [^...] match newline.  */
    #####:13039:      syntax &= ~RE_DOT_NEWLINE;
    #####:13040:      syntax |= RE_HAT_LISTS_NOT_NEWLINE;
        -:13041:      /* It also changes the matching behavior.  */
    #####:13042:      preg->newline_anchor = 1;
        -:13043:    }
        -:13044:  else
    #####:13045:    preg->newline_anchor = 0;
        -:13046:
    #####:13047:  preg->no_sub = !!(cflags & REG_NOSUB);
        -:13048:
        -:13049:  /* POSIX says a null character in the pattern terminates it, so we
        -:13050:     can use strlen here in compiling the pattern.  */
    #####:13051:  ret = regex_compile (pattern, strlen (pattern), syntax, preg);
call    0 never executed
        -:13052:
        -:13053:  /* POSIX doesn't distinguish between an unmatched open-group and an
        -:13054:     unmatched close-group: both are REG_EPAREN.  */
    #####:13055:  if (ret == REG_ERPAREN) ret = REG_EPAREN;
branch  0 never executed
branch  1 never executed
        -:13056:
    #####:13057:  if (ret == REG_NOERROR && preg->fastmap)
branch  0 never executed
branch  1 never executed
branch  2 never executed
branch  3 never executed
        -:13058:    {
        -:13059:      /* Compute the fastmap now, since regexec cannot modify the pattern
        -:13060:	 buffer.  */
    #####:13061:      if (re_compile_fastmap (preg) == -2)
call    0 never executed
branch  1 never executed
branch  2 never executed
        -:13062:	{
        -:13063:	  /* Some error occured while computing the fastmap, just forget
        -:13064:	     about it.  */
    #####:13065:	  free (preg->fastmap);
    #####:13066:	  preg->fastmap = NULL;
        -:13067:	}
        -:13068:    }
        -:13069:
    #####:13070:  return (int) ret;
        -:13071:}
        -:13072:#ifdef _LIBC
        -:13073:weak_alias (__regcomp, regcomp)
        -:13074:#endif
        -:13075:
        -:13076:
        -:13077:/* regexec searches for a given pattern, specified by PREG, in the
        -:13078:   string STRING.
        -:13079:
        -:13080:   If NMATCH is zero or REG_NOSUB was set in the cflags argument to
        -:13081:   `regcomp', we ignore PMATCH.  Otherwise, we assume PMATCH has at
        -:13082:   least NMATCH elements, and we set them to the offsets of the
        -:13083:   corresponding matched substrings.
        -:13084:
        -:13085:   EFLAGS specifies `execution flags' which affect matching: if
        -:13086:   REG_NOTBOL is set, then ^ does not match at the beginning of the
        -:13087:   string; if REG_NOTEOL is set, then $ does not match at the end.
        -:13088:
        -:13089:   We return 0 if we find a match and REG_NOMATCH if not.  */
        -:13090:
        -:13091:int
function regexec called 0 returned 0% blocks executed 0%
    #####:13092:regexec (preg, string, nmatch, pmatch, eflags)
        -:13093:    const regex_t *preg;
        -:13094:    const char *string;
        -:13095:    size_t nmatch;
        -:13096:    regmatch_t pmatch[];
        -:13097:    int eflags;
        -:13098:{
        -:13099:  int ret;
        -:13100:  struct re_registers regs;
        -:13101:  regex_t private_preg;
    #####:13102:  int len = strlen (string);
    #####:13103:  boolean want_reg_info = !preg->no_sub && nmatch > 0;
branch  0 never executed
branch  1 never executed
branch  2 never executed
branch  3 never executed
        -:13104:
    #####:13105:  private_preg = *preg;
        -:13106:
    #####:13107:  private_preg.not_bol = !!(eflags & REG_NOTBOL);
    #####:13108:  private_preg.not_eol = !!(eflags & REG_NOTEOL);
        -:13109:
        -:13110:  /* The user has told us exactly how many registers to return
        -:13111:     information about, via `nmatch'.  We have to pass that on to the
        -:13112:     matching routines.  */
    #####:13113:  private_preg.regs_allocated = REGS_FIXED;
        -:13114:
    #####:13115:  if (want_reg_info)
branch  0 never executed
branch  1 never executed
        -:13116:    {
    #####:13117:      regs.num_regs = nmatch;
    #####:13118:      regs.start = TALLOC (nmatch * 2, regoff_t);
call    0 never executed
    #####:13119:      if (regs.start == NULL)
branch  0 never executed
branch  1 never executed
    #####:13120:        return (int) REG_NOMATCH;
    #####:13121:      regs.end = regs.start + nmatch;
        -:13122:    }
        -:13123:
        -:13124:  /* Perform the searching operation.  */
    #####:13125:  ret = re_search (&private_preg, string, len,
branch  0 never executed
branch  1 never executed
call    2 never executed
        -:13126:                   /* start: */ 0, /* range: */ len,
        -:13127:                   want_reg_info ? &regs : (struct re_registers *) 0);
        -:13128:
        -:13129:  /* Copy the register information to the POSIX structure.  */
    #####:13130:  if (want_reg_info)
branch  0 never executed
branch  1 never executed
        -:13131:    {
    #####:13132:      if (ret >= 0)
branch  0 never executed
branch  1 never executed
        -:13133:        {
        -:13134:          unsigned r;
        -:13135:
    #####:13136:          for (r = 0; r < nmatch; r++)
branch  0 never executed
branch  1 never executed
        -:13137:            {
    #####:13138:              pmatch[r].rm_so = regs.start[r];
    #####:13139:              pmatch[r].rm_eo = regs.end[r];
        -:13140:            }
        -:13141:        }
        -:13142:
        -:13143:      /* If we needed the temporary register info, free the space now.  */
    #####:13144:      free (regs.start);
        -:13145:    }
        -:13146:
        -:13147:  /* We want zero return to mean success, unlike `re_search'.  */
    #####:13148:  return ret >= 0 ? (int) REG_NOERROR : (int) REG_NOMATCH;
        -:13149:}
        -:13150:#ifdef _LIBC
        -:13151:weak_alias (__regexec, regexec)
        -:13152:#endif
        -:13153:
        -:13154:
        -:13155:/* Returns a message corresponding to an error code, ERRCODE, returned
        -:13156:   from either regcomp or regexec.   We don't use PREG here.  */
        -:13157:
        -:13158:size_t
function regerror called 0 returned 0% blocks executed 0%
    #####:13159:regerror (errcode, preg, errbuf, errbuf_size)
        -:13160:    int errcode;
        -:13161:    const regex_t *preg;
        -:13162:    char *errbuf;
        -:13163:    size_t errbuf_size;
        -:13164:{
        -:13165:  const char *msg;
        -:13166:  size_t msg_size;
        -:13167:
    #####:13168:  if (errcode < 0
branch  0 never executed
branch  1 never executed
    #####:13169:      || errcode >= (int) (sizeof (re_error_msgid)
branch  0 never executed
branch  1 never executed
        -:13170:			   / sizeof (re_error_msgid[0])))
        -:13171:    /* Only error codes returned by the rest of the code should be passed
        -:13172:       to this routine.  If we are given anything else, or if other regex
        -:13173:       code generates an invalid error code, then the program has a bug.
        -:13174:       Dump core so we can fix it.  */
    #####:13175:    abort ();
call    0 never executed
        -:13176:
    #####:13177:  msg = gettext (re_error_msgid[errcode]);
        -:13178:
    #####:13179:  msg_size = strlen (msg) + 1; /* Includes the null.  */
        -:13180:
    #####:13181:  if (errbuf_size != 0)
branch  0 never executed
branch  1 never executed
        -:13182:    {
    #####:13183:      if (msg_size > errbuf_size)
branch  0 never executed
branch  1 never executed
        -:13184:        {
        -:13185:#if defined HAVE_MEMPCPY || defined _LIBC
        -:13186:	  *((char *) __mempcpy (errbuf, msg, errbuf_size - 1)) = '\0';
        -:13187:#else
    #####:13188:          memcpy (errbuf, msg, errbuf_size - 1);
    #####:13189:          errbuf[errbuf_size - 1] = 0;
        -:13190:#endif
        -:13191:        }
        -:13192:      else
    #####:13193:        memcpy (errbuf, msg, msg_size);
        -:13194:    }
        -:13195:
    #####:13196:  return msg_size;
        -:13197:}
        -:13198:#ifdef _LIBC
        -:13199:weak_alias (__regerror, regerror)
        -:13200:#endif
        -:13201:
        -:13202:
        -:13203:/* Free dynamically allocated space used by PREG.  */
        -:13204:
        -:13205:void
function regfree called 0 returned 0% blocks executed 0%
    #####:13206:regfree (preg)
        -:13207:    regex_t *preg;
        -:13208:{
    #####:13209:  if (preg->buffer != NULL)
branch  0 never executed
branch  1 never executed
    #####:13210:    free (preg->buffer);
    #####:13211:  preg->buffer = NULL;
        -:13212:
    #####:13213:  preg->allocated = 0;
    #####:13214:  preg->used = 0;
        -:13215:
    #####:13216:  if (preg->fastmap != NULL)
branch  0 never executed
branch  1 never executed
    #####:13217:    free (preg->fastmap);
    #####:13218:  preg->fastmap = NULL;
    #####:13219:  preg->fastmap_accurate = 0;
        -:13220:
    #####:13221:  if (preg->translate != NULL)
branch  0 never executed
branch  1 never executed
    #####:13222:    free (preg->translate);
    #####:13223:  preg->translate = NULL;
    #####:13224:}
        -:13225:#ifdef _LIBC
        -:13226:weak_alias (__regfree, regfree)
        -:13227:#endif
        -:13228:
        -:13229:#endif /* not emacs  */
