        -:    0:Source:sed.c
        -:    0:Graph:sed.gcno
        -:    0:Data:sed.gcda
        -:    0:Runs:191
        -:    1:#define STDC_HEADERS 1
        -:    2:#define HAVE_STRING_H 1
        -:    3:#define HAVE_VPRINTF 1
        -:    4:#define HAVE_BCOPY 1
        -:    5:#define HAVE_MEMCPY 1
        -:    6:#define HAVE_ALLOCA_H 1
        -:    7:
        -:    8:/*  GNU SED, a batch stream editor.
        -:    9:    Copyright (C) 1989, 1990, 1991 Free Software Foundation, Inc.
        -:   10:
        -:   11:    This program is free software; you can redistribute it and/or modify
        -:   12:    it under the terms of the GNU General Public License as published by
        -:   13:    the Free Software Foundation; either version 2, or (at your option)
        -:   14:    any later version.
        -:   15:
        -:   16:    This program is distributed in the hope that it will be useful,
        -:   17:    but WITHOUT ANY WARRANTY; without even the implied warranty of
        -:   18:    MERCHANTABILITY or FITNESS FOR A PARTICULAR PURPOSE.  See the
        -:   19:    GNU General Public License for more details.
        -:   20:
        -:   21:    You should have received a copy of the GNU General Public License
        -:   22:    along with this program; if not, write to the Free Software
        -:   23:    Foundation, Inc., 675 Mass Ave, Cambridge, MA 02139, USA.  */
        -:   24:    
        -:   25:/* All The occurences of argv[0] are changed to myname to remove nondeterminism
        -:   26:by Amit Goel on August 30 2001 */
        -:   27:
        -:   28:#ifdef __STDC__
        -:   29:#define VOID void
        -:   30:#else
        -:   31:#define VOID char
        -:   32:#endif
        -:   33:
        -:   34:
        -:   35:#define _GNU_SOURCE
        -:   36:#include <ctype.h>
        -:   37:#ifndef isblank
        -:   38:#define isblank(c) ((c) == ' ' || (c) == '\t')
        -:   39:#endif
        -:   40:#include <stdio.h>
        -:   41:
        -:   42:#undef stderr
        -:   43:#define stderr stdout
        -:   44:
        -:   45:#include <sys/types.h>
        -:   46:#include "rx.h"
        -:   47:#include "getopt.h"
        -:   48:#include "FaultSeeds.h"
        -:   49:#if defined(STDC_HEADERS)
        -:   50:#include <stdlib.h>
        -:   51:#endif
        -:   52:#if HAVE_STRING_H || defined(STDC_HEADERS)
        -:   53:#include <string.h>
        -:   54:#ifndef bzero
        -:   55:#define bzero(s, n)	memset ((s), 0, (n))
        -:   56:#endif
        -:   57:#if !defined(STDC_HEADERS)
        -:   58:#include <memory.h>
        -:   59:#endif
        -:   60:#else
        -:   61:#include <strings.h>
        -:   62:#endif
        -:   63:
        -:   64:#ifdef RX_MEMDBUG
        -:   65:#include <malloc.h>
        -:   66:#endif
        -:   67:
        -:   68:#include <errno.h>
        -:   69:
        -:   70:#ifndef HAVE_BCOPY
        -:   71:#ifdef HAVE_MEMCPY
        -:   72:#define bcopy(FROM,TO,LEN)  memcpy(TO,FROM,LEN)
        -:   73:#else
        -:   74:void
        -:   75:bcopy (from, to, len)
        -:   76:     char *from;
        -:   77:     char *to;
        -:   78:     int len;
        -:   79:{
        -:   80:  if (from < to)
        -:   81:    {
        -:   82:      from += len - 1;
        -:   83:      to += len - 1;
        -:   84:      while (len--)
        -:   85:	*to-- = *from--;
        -:   86:    }
        -:   87:  else
        -:   88:    while (len--)
        -:   89:      *to++ = *from++;
        -:   90:}
        -:   91:
        -:   92:#endif
        -:   93:#endif
        -:   94:
        -:   95:char *version_string = "GNU sed version 2.05";
        -:   96:
        -:   97:/* Struct vector is used to describe a chunk of a compiled sed program.  
        -:   98: * There is one vector for the main program, and one for each { } pair,
        -:   99: * and one for the entire program.  For {} blocks, RETURN_[VI] tells where
        -:  100: * to continue execution after this VECTOR.
        -:  101: */
        -:  102:
        -:  103:struct vector
        -:  104:{
        -:  105:  struct sed_cmd *v;
        -:  106:  int v_length;
        -:  107:  int v_allocated;
        -:  108:  struct vector *return_v;
        -:  109:  int return_i;
        -:  110:};
        -:  111:
        -:  112:
        -:  113:/* Goto structure is used to hold both GOTO's and labels.  There are two
        -:  114: * separate lists, one of goto's, called 'jumps', and one of labels, called
        -:  115: * 'labels'.
        -:  116: * the V element points to the descriptor for the program-chunk in which the
        -:  117: * goto was encountered.
        -:  118: * the v_index element counts which element of the vector actually IS the
        -:  119: * goto/label.  The first element of the vector is zero.
        -:  120: * the NAME element is the null-terminated name of the label.
        -:  121: * next is the next goto/label in the list. 
        -:  122: */
        -:  123:
        -:  124:struct sed_label
        -:  125:{
        -:  126:  struct vector *v;
        -:  127:  int v_index;
        -:  128:  char *name;
        -:  129:  struct sed_label *next;
        -:  130:};
        -:  131:
        -:  132:/* ADDR_TYPE is zero for a null address,
        -:  133: *  one if addr_number is valid, or
        -:  134: * two if addr_regex is valid,
        -:  135: * three, if the address is '$'
        -:  136: * Other values are undefined.
        -:  137: */
        -:  138:
        -:  139:enum addr_types
        -:  140:{
        -:  141:  addr_is_null = 0,
        -:  142:  addr_is_num = 1,
        -:  143:  addr_is_regex = 2,
        -:  144:  addr_is_last = 3,
        -:  145:  addr_is_mod = 4
        -:  146:};
        -:  147:
        -:  148:struct addr
        -:  149:{
        -:  150:  int addr_type;
        -:  151:  struct re_pattern_buffer *addr_regex;
        -:  152:  int addr_number;
        -:  153:  int modulo, offset;
        -:  154:};
        -:  155:
        -:  156:
        -:  157:/* Aflags:  If the low order bit is set, a1 has been
        -:  158: * matched; apply this command until a2 matches.
        -:  159: * If the next bit is set, apply this command to all
        -:  160: * lines that DON'T match the address(es).
        -:  161: */
        -:  162:
        -:  163:#define A1_MATCHED_BIT	01
        -:  164:#define ADDR_BANG_BIT	02
        -:  165:
        -:  166:struct sed_cmd
        -:  167:{
        -:  168:  struct addr a1, a2;
        -:  169:  int aflags;
        -:  170:  
        -:  171:  char cmd;
        -:  172:  
        -:  173:  union
        -:  174:    {
        -:  175:      /* This structure is used for a, i, and c commands */
        -:  176:      struct
        -:  177:	{
        -:  178:	  char *text;
        -:  179:	  int text_len;
        -:  180:	}
        -:  181:      cmd_txt;
        -:  182:      
        -:  183:      /* This is used for b and t commands */
        -:  184:      struct sed_cmd *label;
        -:  185:      
        -:  186:      /* This for r and w commands */
        -:  187:      FILE *io_file;
        -:  188:      
        -:  189:      /* This for the hairy s command */
        -:  190:      /* For the flags var:
        -:  191:	 low order bit means the 'g' option was given,
        -:  192:	 next bit means the 'p' option was given,
        -:  193:	 and the next bit means a 'w' option was given,
        -:  194:	 and wio_file contains the file to write to. */
        -:  195:      
        -:  196:#define S_GLOBAL_BIT	01
        -:  197:#define S_PRINT_BIT	02
        -:  198:#define S_WRITE_BIT	04
        -:  199:#define S_NUM_BIT	010
        -:  200:      
        -:  201:      struct
        -:  202:	{
        -:  203:	  struct re_pattern_buffer *regx;
        -:  204:	  char *replacement;
        -:  205:	  int replace_length;
        -:  206:	  int flags;
        -:  207:	  int numb;
        -:  208:	  FILE *wio_file;
        -:  209:	}
        -:  210:      cmd_regex;
        -:  211:      
        -:  212:      /* This for the y command */
        -:  213:      unsigned char *translate;
        -:  214:      
        -:  215:      /* For { */
        -:  216:      struct vector *sub;
        -:  217:      
        -:  218:      /* for t and b */
        -:  219:      struct sed_label *jump;
        -:  220:    } x;
        -:  221:};
        -:  222:
        -:  223:/* Sed operates a line at a time. */
        -:  224:struct line
        -:  225:{
        -:  226:  char *text;			/* Pointer to line allocated by malloc. */
        -:  227:  int length;			/* Length of text. */
        -:  228:  int alloc;			/* Allocated space for text. */
        -:  229:};
        -:  230:
        -:  231:/* This structure holds information about files opend by the 'r', 'w',
        -:  232:   and 's///w' commands.  In paticular, it holds the FILE pointers to
        -:  233:   use, the file's name. */
        -:  234:
        -:  235:#define NUM_FPS	32
        -:  236:struct
        -:  237:  {
        -:  238:    FILE *for_read;
        -:  239:    FILE *for_write;
        -:  240:    char *name;
        -:  241:  }
        -:  242:
        -:  243:file_ptrs[NUM_FPS];
        -:  244:
        -:  245:
        -:  246:#if defined(__STDC__)
        -:  247:# define P_(s) s
        -:  248:#else
        -:  249:# define P_(s) ()
        -:  250:#endif
        -:  251:
        -:  252:void close_files ();
        -:  253:void panic P_ ((char *str,...));
        -:  254:char *__fp_name P_ ((FILE * fp));
        -:  255:FILE *ck_fopen P_ ((char *name, char *mode));
        -:  256:void ck_fwrite P_ ((char *ptr, int size, int nmemb, FILE * stream));
        -:  257:void ck_fclose P_ ((FILE * stream));
        -:  258:VOID *ck_malloc P_ ((int size));
        -:  259:VOID *ck_realloc P_ ((VOID * ptr, int size));
        -:  260:char *ck_strdup P_ ((char *str));
        -:  261:VOID *init_buffer P_ ((void));
        -:  262:void flush_buffer P_ ((VOID * bb));
        -:  263:int size_buffer P_ ((VOID * b));
        -:  264:void add_buffer P_ ((VOID * bb, char *p, int n));
        -:  265:void add1_buffer P_ ((VOID * bb, int ch));
        -:  266:char *get_buffer P_ ((VOID * bb));
        -:  267:
        -:  268:void compile_string P_ ((char *str));
        -:  269:void compile_file P_ ((char *str));
        -:  270:struct vector *compile_program P_ ((struct vector * vector, int));
        -:  271:void bad_prog P_ ((char *why));
        -:  272:int inchar P_ ((void));
        -:  273:void savchar P_ ((int ch));
        -:  274:int compile_address P_ ((struct addr * addr));
        -:  275:char * last_regex_string = 0;
        -:  276:void buffer_regex  P_ ((int slash));
        -:  277:void compile_regex P_ ((void));
        -:  278:struct sed_label *setup_jump P_ ((struct sed_label * list, struct sed_cmd * cmd, struct vector * vec));
        -:  279:FILE *compile_filename P_ ((int readit));
        -:  280:void read_file P_ ((char *name));
        -:  281:void execute_program P_ ((struct vector * vec));
        -:  282:int match_address P_ ((struct addr * addr));
        -:  283:int read_pattern_space P_ ((void));
        -:  284:void append_pattern_space P_ ((void));
        -:  285:void line_copy P_ ((struct line * from, struct line * to));
        -:  286:void line_append P_ ((struct line * from, struct line * to));
        -:  287:void str_append P_ ((struct line * to, char *string, int length));
        -:  288:void usage P_ ((int));
        -:  289:
        -:  290:extern char *myname;
        -:  291:
        -:  292:/* If set, don't write out the line unless explictly told to */
        -:  293:int no_default_output = 0;
        -:  294:
        -:  295:/* Current input line # */
        -:  296:int input_line_number = 0;
        -:  297:
        -:  298:/* Are we on the last input file? */
        -:  299:int last_input_file = 0;
        -:  300:
        -:  301:/* Have we hit EOF on the last input file?  This is used to decide if we
        -:  302:   have hit the '$' address yet. */
        -:  303:int input_EOF = 0;
        -:  304:
        -:  305:/* non-zero if a quit command has been executed. */
        -:  306:int quit_cmd = 0;
        -:  307:
        -:  308:/* Have we done any replacements lately?  This is used by the 't' command. */
        -:  309:int replaced = 0;
        -:  310:
        -:  311:/* How many '{'s are we executing at the moment */
        -:  312:int program_depth = 0;
        -:  313:
        -:  314:/* The complete compiled SED program that we are going to run */
        -:  315:struct vector *the_program = 0;
        -:  316:
        -:  317:/* information about labels and jumps-to-labels.  This is used to do
        -:  318:   the required backpatching after we have compiled all the scripts. */
        -:  319:struct sed_label *jumps = 0;
        -:  320:struct sed_label *labels = 0;
        -:  321:
        -:  322:/* The 'current' input line. */
        -:  323:struct line line;
        -:  324:
        -:  325:/* An input line that's been stored by later use by the program */
        -:  326:struct line hold;
        -:  327:
        -:  328:/* A 'line' to append to the current line when it comes time to write it out */
        -:  329:struct line append;
        -:  330:
        -:  331:
        -:  332:/* When we're reading a script command from a string, 'prog_start' and
        -:  333:   'prog_end' point to the beginning and end of the string.  This
        -:  334:   would allow us to compile script strings that contain nulls, except
        -:  335:   that script strings are only read from the command line, which is
        -:  336:   null-terminated */
        -:  337:unsigned char *prog_start;
        -:  338:unsigned char *prog_end;
        -:  339:
        -:  340:/* When we're reading a script command from a string, 'prog_cur' points
        -:  341:   to the current character in the string */
        -:  342:unsigned char *prog_cur;
        -:  343:
        -:  344:/* This is the name of the current script file.
        -:  345:   It is used for error messages. */
        -:  346:char *prog_name;
        -:  347:
        -:  348:/* This is the current script file.  If it is zero, we are reading
        -:  349:   from a string stored in 'prog_start' instead.  If both 'prog_file'
        -:  350:   and 'prog_start' are zero, we're in trouble! */
        -:  351:FILE *prog_file;
        -:  352:
        -:  353:/* this is the number of the current script line that we're compiling.  It is
        -:  354:   used to give out useful and informative error messages. */
        -:  355:int prog_line = 1;
        -:  356:
        -:  357:/* This is the file pointer that we're currently reading data from.  It may
        -:  358:   be stdin */
        -:  359:FILE *input_file;
        -:  360:
        -:  361:/* If this variable is non-zero at exit, one or more of the input
        -:  362:   files couldn't be opened. */
        -:  363:
        -:  364:int bad_input = 0;
        -:  365:
        -:  366:/* 'an empty regular expression is equivalent to the last regular
        -:  367:   expression read' so we have to keep track of the last regex used.
        -:  368:   Here's where we store a pointer to it (it is only malloc()'d once) */
        -:  369:struct re_pattern_buffer *last_regex;
        -:  370:
        -:  371:/* Various error messages we may want to print */
        -:  372:static char ONE_ADDR[] = "Command only uses one address";
        -:  373:static char NO_ADDR[] = "Command doesn't take any addresses";
        -:  374:static char LINE_JUNK[] = "Extra characters after command";
        -:  375:static char BAD_EOF[] = "Unexpected End-of-file";
        -:  376:static char NO_REGEX[] = "No previous regular expression";
        -:  377:static char NO_COMMAND[] = "Missing command";
        -:  378:
        -:  379:static struct option longopts[] =
        -:  380:{
        -:  381:  {"expression", 1, NULL, 'e'},
        -:  382:  {"file", 1, NULL, 'f'},
        -:  383:  {"quiet", 0, NULL, 'n'},
        -:  384:  {"silent", 0, NULL, 'n'},
        -:  385:  {"version", 0, NULL, 'V'},
        -:  386:  {"help", 0, NULL, 'h'},
        -:  387:  {NULL, 0, NULL, 0}
        -:  388:};
        -:  389:
        -:  390:int
function main called 191 returned 0% blocks executed 88%
      191:  391:main (argc, argv)
        -:  392:     int argc;
        -:  393:     char **argv;
        -:  394:{
        -:  395:  int opt;
      191:  396:  char *e_strings = NULL;
      191:  397:  int compiled = 0;
        -:  398:  struct sed_label *go, *lbl;
        -:  399:
        -:  400:  /* see regex.h */
      191:  401:  re_set_syntax (RE_SYNTAX_POSIX_BASIC);
call    0 returned 191
      191:  402:  rx_cache_bound = 4096;	/* Consume memory rampantly. */
        -:  403: /* Commented by Amit Goel on 30th August 2001 to remove Nondeterminism */ 
        -:  404: /* myname = argv[0]; */
        -:  405: /* Added By Amit Goel 30th August 2001 */
      191:  406: myname = "Executable";
      372:  407:  while ((opt = getopt_long (argc, argv, "hne:f:V", longopts, (int *) 0))
call    0 returned 372
      372:  408:	 != EOF)
branch  0 taken 193
branch  1 taken 179 (fallthrough)
        -:  409:    {
      193:  410:      switch (opt)
branch  0 taken 6
branch  1 taken 16
branch  2 taken 162
branch  3 taken 2
branch  4 taken 0
branch  5 taken 7
        -:  411:	{
        6:  412:	case 'n':
        6:  413:	  no_default_output = 1;
        6:  414:	  break;
       16:  415:	case 'e':
       16:  416:	  if (e_strings == NULL)
branch  0 taken 15 (fallthrough)
branch  1 taken 1
        -:  417:	    {
       15:  418:	      e_strings = ck_malloc (strlen (optarg) + 2);
call    0 returned 15
       15:  419:	      strcpy (e_strings, optarg);
        -:  420:	    }
        -:  421:	  else
        -:  422:	    {
        1:  423:	      e_strings = ck_realloc (e_strings, strlen (e_strings) + strlen (optarg) + 2);
call    0 returned 1
        1:  424:	      strcat (e_strings, optarg);
        -:  425:	    }
       16:  426:	  strcat (e_strings, "\n");
       16:  427:	  compiled = 1;
       16:  428:	  break;
      162:  429:	case 'f':
      162:  430:	  if (e_strings)
branch  0 taken 0 (fallthrough)
branch  1 taken 162
        -:  431:	    {
    #####:  432:	      compile_string (e_strings);
call    0 never executed
        -:  433:	 #ifndef FAULTY_F_AG_1
    #####:  434:	      free (e_strings);
        -:  435:	 #endif
    #####:  436:	      e_strings = 0;
        -:  437:	    }
      162:  438:	  compile_file (optarg);
call    0 returned 159
      159:  439:	  compiled = 1;
      159:  440:	  break;
        2:  441:	case 'V':
        2:  442:	  fprintf (stderr, "%s\n", version_string);
call    0 returned 2
        2:  443:	  exit (0);
call    0 returned 0
        -:  444:	  break;
    #####:  445:	case 'h':
    #####:  446:	  usage (0);
call    0 never executed
    #####:  447:	  break;
        7:  448:	default:
        7:  449:	  usage (4);
call    0 returned 0
    #####:  450:	  break;
        -:  451:	}
        -:  452:    }
      179:  453:  if (e_strings)
branch  0 taken 15 (fallthrough)
branch  1 taken 164
        -:  454:    {
       15:  455:      compile_string (e_strings);
call    0 returned 15
       15:  456:      free (e_strings);
        -:  457:    }
      179:  458:  if (!compiled)
branch  0 taken 5 (fallthrough)
branch  1 taken 174
        -:  459:    {
        5:  460:      if (optind == argc)
branch  0 taken 0 (fallthrough)
branch  1 taken 5
    #####:  461:	usage (4);
call    0 never executed
        5:  462:      compile_string (argv[optind++]);
call    0 returned 0
        -:  463:    }
        -:  464:
      177:  465:  for (go = jumps; go; go = go->next)
branch  0 taken 3
branch  1 taken 174 (fallthrough)
        -:  466:    {
        4:  467:      for (lbl = labels; lbl; lbl = lbl->next)
branch  0 taken 3
branch  1 taken 1 (fallthrough)
        3:  468:	if (!strcmp (lbl->name, go->name))
branch  0 taken 2 (fallthrough)
branch  1 taken 1
        2:  469:	  break;
        3:  470:      if (*go->name && !lbl)
branch  0 taken 2 (fallthrough)
branch  1 taken 1
branch  2 taken 0 (fallthrough)
branch  3 taken 2
    #####:  471:	panic ("Can't find label for jump to '%s'", go->name);
call    0 never executed
        3:  472:      go->v->v[go->v_index].x.jump = lbl;
        -:  473:    }
        -:  474:
      174:  475:  line.length = 0;
      174:  476:  line.alloc = 50;
      174:  477:  line.text = ck_malloc (50);
call    0 returned 174
        -:  478:
      174:  479:  append.length = 0;
      174:  480:  append.alloc = 50;
      174:  481:  append.text = ck_malloc (50);
call    0 returned 174
        -:  482:
      174:  483:  hold.length = 1;
      174:  484:  hold.alloc = 50;
      174:  485:  hold.text = ck_malloc (50);
call    0 returned 174
      174:  486:  hold.text[0] = '\n';
        -:  487:
      174:  488:  if (argc <= optind)
branch  0 taken 1 (fallthrough)
branch  1 taken 173
        -:  489:    {
        1:  490:      last_input_file++;
        1:  491:      read_file ("-");
call    0 returned 1
        -:  492:    }
        -:  493:  else
      310:  494:    while (optind < argc)
branch  0 taken 174
branch  1 taken 136 (fallthrough)
        -:  495:      {
      174:  496:	if (optind == argc - 1)
branch  0 taken 173 (fallthrough)
branch  1 taken 1
      173:  497:	  last_input_file++;
      174:  498:	read_file (argv[optind]);
call    0 returned 174
      174:  499:	optind++;
      174:  500:	if (quit_cmd)
branch  0 taken 37 (fallthrough)
branch  1 taken 137
       37:  501:	  break;
        -:  502:      }
      174:  503:  close_files ();
call    0 returned 174
      174:  504:  if (bad_input)
branch  0 taken 1 (fallthrough)
branch  1 taken 173
        1:  505:    exit (2);
call    0 returned 0
      173:  506:  exit (0);
        -:  507:}
        -:  508:
        -:  509:void
function close_files called 174 returned 100% blocks executed 88%
      174:  510:close_files ()
        -:  511:{
        -:  512:  int nf;
        -:  513:
     5742:  514:  for (nf = 0; nf < NUM_FPS; nf++)
branch  0 taken 5568
branch  1 taken 174 (fallthrough)
        -:  515:    {
     5568:  516:      if (file_ptrs[nf].for_write)
branch  0 taken 70 (fallthrough)
branch  1 taken 5498
       70:  517:	fclose (file_ptrs[nf].for_write);
call    0 returned 70
     5568:  518:      if (file_ptrs[nf].for_read)
branch  0 taken 0 (fallthrough)
branch  1 taken 5568
    #####:  519:	fclose (file_ptrs[nf].for_read);
call    0 never executed
        -:  520:    }
      174:  521:}
        -:  522:
        -:  523:/* 'str' is a string (from the command line) that contains a sed command.
        -:  524:   Compile the command, and add it to the end of 'the_program' */
        -:  525:void
function compile_string called 20 returned 75% blocks executed 100%
       20:  526:compile_string (str)
        -:  527:     char *str;
        -:  528:{
       20:  529:  prog_file = 0;
       20:  530:  prog_line = 0;
       20:  531:  prog_start = prog_cur = (unsigned char *)str;
       20:  532:  prog_end = (unsigned char *)str + strlen (str);
       20:  533:  the_program = compile_program (the_program, prog_line);
call    0 returned 15
       15:  534:}
        -:  535:
        -:  536:/* 'str' is the name of a file containing sed commands.  Read them in
        -:  537:   and add them to the end of 'the_program' */
        -:  538:void
function compile_file called 162 returned 98% blocks executed 86%
      162:  539:compile_file (str)
        -:  540:     char *str;
        -:  541:{
        -:  542:  int ch;
        -:  543:
      162:  544:  prog_start = prog_cur = prog_end = 0;
      162:  545:  prog_name = str;
      162:  546:  prog_line = 1;
     162*:  547:  if (str[0] == '-' && str[1] == '\0')
branch  0 taken 0 (fallthrough)
branch  1 taken 162
branch  2 never executed
branch  3 never executed
    #####:  548:    prog_file = stdin;
        -:  549:  else
      162:  550:    prog_file = ck_fopen (str, "r");
call    0 returned 160
      160:  551:  ch = getc (prog_file);
call    0 returned 160
      160:  552:  if (ch == '#')
branch  0 taken 154 (fallthrough)
branch  1 taken 6
        -:  553:    {
      154:  554:      ch = getc (prog_file);
call    0 returned 154
      154:  555:      if (ch == 'n')
branch  0 taken 89 (fallthrough)
branch  1 taken 65
       89:  556:	no_default_output++;
     1240:  557:      while (ch != EOF && ch != '\n')
branch  0 taken 1240 (fallthrough)
branch  1 taken 0
branch  2 taken 1086
branch  3 taken 154 (fallthrough)
        -:  558:	{
     1086:  559:	  ch = getc (prog_file);
call    0 returned 1086
     1086:  560:	  if (ch == '\\')
branch  0 taken 0 (fallthrough)
branch  1 taken 1086
    #####:  561:	    ch = getc (prog_file);
call    0 never executed
        -:  562:	}
      154:  563:      ++prog_line;
        -:  564:    }
        6:  565:  else if (ch != EOF)
branch  0 taken 6 (fallthrough)
branch  1 taken 0
        6:  566:    ungetc (ch, prog_file);
call    0 returned 6
      160:  567:  the_program = compile_program (the_program, prog_line);
call    0 returned 159
      159:  568:}
        -:  569:
        -:  570:#define MORE_CMDS 40
        -:  571:
        -:  572:/* Read a program (or a subprogram within '{' '}' pairs) in and store
        -:  573:   the compiled form in *'vector'  Return a pointer to the new vector.  */
        -:  574:struct vector *
function compile_program called 322 returned 98% blocks executed 78%
      322:  575:compile_program (vector, open_line)
        -:  576:     struct vector *vector;
        -:  577:     int open_line;
        -:  578:{
        -:  579:  struct sed_cmd *cur_cmd;
      322:  580:  int ch = 0;
        -:  581:  int pch;
        -:  582:  int slash;
        -:  583:  VOID *b;
        -:  584:  unsigned char *string;
        -:  585:  int num;
        -:  586:
      322:  587:  if (!vector)
branch  0 taken 0 (fallthrough)
branch  1 taken 322
        -:  588:    {
      322:  589:      vector = (struct vector *) ck_malloc (sizeof (struct vector));
call    0 returned 322
      322:  590:      vector->v = (struct sed_cmd *) ck_malloc (MORE_CMDS * sizeof (struct sed_cmd));
call    0 returned 322
      322:  591:      vector->v_allocated = MORE_CMDS;
      322:  592:      vector->v_length = 0;
      322:  593:      vector->return_v = 0;
      322:  594:      vector->return_i = 0;
        -:  595:    }
        -:  596:  for (;;)
        -:  597:    {
     322*:  598:    skip_comment:
        -:  599:      do
        -:  600:	{
     3695:  601:	  pch = ch;
     3695:  602:	  ch = inchar ();
call    0 returned 3695
    3695*:  603:	  if ((pch == '\\') && (ch == '\n'))
branch  0 taken 0 (fallthrough)
branch  1 taken 3695
branch  2 never executed
branch  3 never executed
    #####:  604:	    ch = inchar ();
call    0 never executed
        -:  605:	}
     3695:  606:      while (ch != EOF && (isblank (ch) || ch == '\n' || ch == ';'));
branch  0 taken 3520 (fallthrough)
branch  1 taken 175
branch  2 taken 2049
branch  3 taken 1471 (fallthrough)
branch  4 taken 502
branch  5 taken 969 (fallthrough)
branch  6 taken 0
branch  7 taken 969 (fallthrough)
     1144:  607:      if (ch == EOF)
branch  0 taken 175 (fallthrough)
branch  1 taken 969
      175:  608:	break;
      969:  609:      savchar (ch);
call    0 returned 969
        -:  610:
      969:  611:      if (vector->v_length == vector->v_allocated)
branch  0 taken 0 (fallthrough)
branch  1 taken 969
        -:  612:	{
    #####:  613:	  vector->v = ((struct sed_cmd *)
    #####:  614:		       ck_realloc ((VOID *) vector->v,
    #####:  615:				   ((vector->v_length + MORE_CMDS)
call    0 never executed
        -:  616:				    * sizeof (struct sed_cmd))));
    #####:  617:	  vector->v_allocated += MORE_CMDS;
        -:  618:	}
      969:  619:      cur_cmd = vector->v + vector->v_length;
      969:  620:      vector->v_length++;
        -:  621:
      969:  622:      cur_cmd->a1.addr_type = 0;
      969:  623:      cur_cmd->a2.addr_type = 0;
      969:  624:      cur_cmd->aflags = 0;
      969:  625:      cur_cmd->cmd = 0;
        -:  626:
      969:  627:      if (compile_address (&(cur_cmd->a1)))
call    0 returned 969
branch  1 taken 202 (fallthrough)
branch  2 taken 767
        -:  628:	{
      202:  629:	  ch = inchar ();
call    0 returned 202
      202:  630:	  if (ch == ',')
branch  0 taken 37 (fallthrough)
branch  1 taken 165
        -:  631:	    {
        -:  632:	      do
       37:  633:		ch = inchar ();
call    0 returned 37
       37:  634:	      while (ch != EOF && isblank (ch));
branch  0 taken 37 (fallthrough)
branch  1 taken 0
branch  2 taken 0
branch  3 taken 37 (fallthrough)
       37:  635:	      savchar (ch);
call    0 returned 37
       37:  636:	      if (compile_address (&(cur_cmd->a2)))
call    0 returned 37
branch  1 taken 0 (fallthrough)
branch  2 taken 37
        -:  637:		;
        -:  638:	      else
    #####:  639:		bad_prog ("Unexpected ','");
call    0 never executed
        -:  640:	    }
        -:  641:	  else
      165:  642:	    savchar (ch);
call    0 returned 165
        -:  643:	}
      969:  644:      if (cur_cmd->a1.addr_type == addr_is_num
branch  0 taken 56 (fallthrough)
branch  1 taken 913
       56:  645:	  && cur_cmd->a2.addr_type == addr_is_num
branch  0 taken 16 (fallthrough)
branch  1 taken 40
       16:  646:	  && cur_cmd->a2.addr_number < cur_cmd->a1.addr_number)
branch  0 taken 0 (fallthrough)
branch  1 taken 16
    #####:  647:	cur_cmd->a2.addr_number = cur_cmd->a1.addr_number;
        -:  648:
      969:  649:      ch = inchar ();
call    0 returned 969
      969:  650:      if (ch == EOF)
branch  0 taken 969 (fallthrough)
branch  1 taken 0
    #####:  651:	bad_prog (NO_COMMAND);
call    0 never executed
      969:  652:    new_cmd:
      975:  653:      switch (ch)
branch  0 taken 78
branch  1 taken 6
branch  2 taken 36
branch  3 taken 14
branch  4 taken 142
branch  5 taken 141
branch  6 taken 2
branch  7 taken 3
branch  8 taken 26
branch  9 taken 405
branch 10 taken 0
branch 11 taken 22
branch 12 taken 78
branch 13 taken 17
branch 14 taken 5
        -:  654:	{
       78:  655:	case '#':
       78:  656:	  if (cur_cmd->a1.addr_type != 0)
branch  0 taken 0 (fallthrough)
branch  1 taken 78
    #####:  657:	    bad_prog (NO_ADDR);
call    0 never executed
        -:  658:	  do
        -:  659:	    {
     1654:  660:	      ch = inchar ();
call    0 returned 1654
        -:  661:	      #ifndef FAULTY_F_AG_17
     1654:  662:	      if (ch == '\\')
branch  0 taken 0 (fallthrough)
branch  1 taken 1654
        -:  663:	      #endif
    #####:  664:		ch = inchar ();
call    0 never executed
        -:  665:	    }
     1654:  666:	  while (ch != EOF && ch != '\n');
branch  0 taken 1654 (fallthrough)
branch  1 taken 0
branch  2 taken 1576
branch  3 taken 78 (fallthrough)
       78:  667:	  vector->v_length--;
       78:  668:	  goto skip_comment;
        6:  669:	case '!':
        6:  670:	  if (cur_cmd->aflags & ADDR_BANG_BIT)
branch  0 taken 0 (fallthrough)
branch  1 taken 6
    #####:  671:	    bad_prog ("Multiple '!'s");
call    0 never executed
        6:  672:	  cur_cmd->aflags |= ADDR_BANG_BIT;
        -:  673:	  do
        6:  674:	    ch = inchar ();
call    0 returned 6
        6:  675:	  while (ch != EOF && isblank (ch));
branch  0 taken 6 (fallthrough)
branch  1 taken 0
branch  2 taken 0
branch  3 taken 6 (fallthrough)
        6:  676:	  if (ch == EOF)
branch  0 taken 0 (fallthrough)
branch  1 taken 6
    #####:  677:	    bad_prog (NO_COMMAND);
call    0 never executed
        -:  678:#if 0
        -:  679:	  savchar (ch);
        -:  680:#endif
        6:  681:	  goto new_cmd;
       36:  682:	case 'a':
        -:  683:	case 'i':
       36:  684:	  if (cur_cmd->a2.addr_type != 0)
branch  0 taken 0 (fallthrough)
branch  1 taken 36
    #####:  685:	    bad_prog (ONE_ADDR);
call    0 never executed
        -:  686:	  /* Fall Through */
        -:  687:	case 'c':
       50:  688:	  cur_cmd->cmd = ch;
       50:  689:	  if (inchar () != '\\' || inchar () != '\n')
call    0 returned 50
branch  1 taken 50 (fallthrough)
branch  2 taken 0
call    3 returned 50
branch  4 taken 0 (fallthrough)
branch  5 taken 50
    #####:  690:	    bad_prog (LINE_JUNK);
call    0 never executed
       50:  691:	  b = init_buffer ();
call    0 returned 50
     1099:  692:	  while ((ch = inchar ()) != EOF && ch != '\n')
call    0 returned 1099
branch  1 taken 1099 (fallthrough)
branch  2 taken 0
branch  3 taken 1049
branch  4 taken 50 (fallthrough)
        -:  693:	    {
     1049:  694:	      if (ch == '\\')
branch  0 taken 7 (fallthrough)
branch  1 taken 1042
        7:  695:		ch = inchar ();
call    0 returned 7
     1049:  696:	      add1_buffer (b, ch);
call    0 returned 1049
        -:  697:	    }
       50:  698:	  if (ch != EOF)
branch  0 taken 50 (fallthrough)
branch  1 taken 0
       50:  699:	    add1_buffer (b, ch);
call    0 returned 50
       50:  700:	  num = size_buffer (b);
call    0 returned 50
       50:  701:	  string = (unsigned char *) ck_malloc (num);
call    0 returned 50
       50:  702:	  bcopy (get_buffer (b), string, num);
call    0 returned 50
       50:  703:	  flush_buffer (b);
call    0 returned 50
       50:  704:	  cur_cmd->x.cmd_txt.text_len = num;
       50:  705:	  cur_cmd->x.cmd_txt.text = (char *) string;
       50:  706:	  break;
      142:  707:	case '{':
      142:  708:	  cur_cmd->cmd = ch;
      142:  709:	  program_depth++;
        -:  710:#if 0
        -:  711:	  while ((ch = inchar ()) != EOF && ch != '\n')
        -:  712:	    if (!isblank (ch))
        -:  713:	      bad_prog (LINE_JUNK);
        -:  714:#endif
      142:  715:	  cur_cmd->x.sub = compile_program ((struct vector *) 0, prog_line);
call    0 returned 141
        -:  716:	  /* FOO JF is this the right thing to do?
        -:  717:			   almost.  don't forget a return addr.  -t */
      141:  718:	  cur_cmd->x.sub->return_v = vector;
      141:  719:	  cur_cmd->x.sub->return_i = vector->v_length - 1;
      141:  720:	  break;
      141:  721:	case '}':
      141:  722:	  if (!program_depth)
branch  0 taken 0 (fallthrough)
branch  1 taken 141
    #####:  723:	    bad_prog ("Unexpected '}'");
call    0 never executed
      141:  724:	  --program_depth;
        -:  725:	  /* a return insn for subprograms -t */
      141:  726:	  cur_cmd->cmd = ch;
      141:  727:	  if (cur_cmd->a1.addr_type != 0)
branch  0 taken 0 (fallthrough)
branch  1 taken 141
    #####:  728:	    bad_prog ("} doesn't want any addresses");
call    0 never executed
      146:  729:	  while ((ch = inchar ()) != EOF && ch != '\n' && ch != ';')
call    0 returned 146
branch  1 taken 146 (fallthrough)
branch  2 taken 0
branch  3 taken 5 (fallthrough)
branch  4 taken 141
branch  5 taken 5
branch  6 taken 0 (fallthrough)
        5:  730:	    if (!isblank (ch))
branch  0 taken 0 (fallthrough)
branch  1 taken 5
    #####:  731:	      bad_prog (LINE_JUNK);
call    0 never executed
      141:  732:	  return vector;
        2:  733:	case ':':
        2:  734:	  cur_cmd->cmd = ch;
        2:  735:	  if (cur_cmd->a1.addr_type != 0)
branch  0 taken 0 (fallthrough)
branch  1 taken 2
    #####:  736:	    bad_prog (": doesn't want any addresses");
call    0 never executed
        2:  737:	  labels = setup_jump (labels, cur_cmd, vector);
call    0 returned 2
        2:  738:	  break;
        3:  739:	case 'b':
        -:  740:	case 't':
        3:  741:	  cur_cmd->cmd = ch;
        3:  742:	  jumps = setup_jump (jumps, cur_cmd, vector);
call    0 returned 3
        3:  743:	  break;
       26:  744:	case 'q':
        -:  745:	case '=':
       26:  746:	  if (cur_cmd->a2.addr_type)
branch  0 taken 0 (fallthrough)
branch  1 taken 26
    #####:  747:	    bad_prog (ONE_ADDR);
call    0 never executed
        -:  748:	  /* Fall Through */
        -:  749:	case 'd':
        -:  750:	case 'D':
        -:  751:	case 'g':
        -:  752:	case 'G':
        -:  753:	case 'h':
        -:  754:	case 'H':
        -:  755:	case 'l':
        -:  756:	case 'n':
        -:  757:	case 'N':
        -:  758:	case 'p':
        -:  759:	case 'P':
        -:  760:	case 'x':
      431:  761:	  cur_cmd->cmd = ch;
        -:  762:	  do
      442:  763:	    ch = inchar ();
call    0 returned 442
      442:  764:	  while (ch != EOF && isblank (ch) && ch != '\n' && ch != ';');
branch  0 taken 442 (fallthrough)
branch  1 taken 0
branch  2 taken 11 (fallthrough)
branch  3 taken 431
branch  4 taken 11 (fallthrough)
branch  5 taken 0
branch  6 taken 11
branch  7 taken 0 (fallthrough)
     431*:  765:	  if (ch != '\n' && ch != ';' && ch != EOF)
branch  0 taken 50 (fallthrough)
branch  1 taken 381
branch  2 taken 0 (fallthrough)
branch  3 taken 50
branch  4 never executed
branch  5 never executed
    #####:  766:	    bad_prog (LINE_JUNK);
call    0 never executed
      431:  767:	  break;
        -:  768:
    #####:  769:	case 'r':
    #####:  770:	  if (cur_cmd->a2.addr_type != 0)
branch  0 never executed
branch  1 never executed
    #####:  771:	    bad_prog (ONE_ADDR);
call    0 never executed
        -:  772:	  /* FALL THROUGH */
        -:  773:	case 'w':
       22:  774:	  cur_cmd->cmd = ch;
       22:  775:	  cur_cmd->x.io_file = compile_filename (ch == 'r');
call    0 returned 22
       22:  776:	  break;
        -:  777:
       78:  778:	case 's':
       78:  779:	  cur_cmd->cmd = ch;
       78:  780:	  slash = inchar ();
call    0 returned 78
       78:  781:	  buffer_regex (slash);
call    0 returned 78
       78:  782:	  compile_regex ();
call    0 returned 78
        -:  783:
       78:  784:	  cur_cmd->x.cmd_regex.regx = last_regex;
        -:  785:
       78:  786:	  b = init_buffer ();
call    0 returned 78
      474:  787:	  while (((ch = inchar ()) != EOF) && (ch != slash) && (ch != '\n'))
call    0 returned 474
branch  1 taken 474 (fallthrough)
branch  2 taken 0
branch  3 taken 396 (fallthrough)
branch  4 taken 78
branch  5 taken 396
branch  6 taken 0 (fallthrough)
        -:  788:	    {
      396:  789:	      if (ch == '\\')
branch  0 taken 20 (fallthrough)
branch  1 taken 376
        -:  790:		{
        -:  791:		  int ci;
        -:  792:
       20:  793:		  ci = inchar ();
call    0 returned 20
       20:  794:		  if (ci != EOF)
branch  0 taken 20 (fallthrough)
branch  1 taken 0
        -:  795:		    {
       20:  796:		      if (ci != '\n')
branch  0 taken 20 (fallthrough)
branch  1 taken 0
       20:  797:			add1_buffer (b, ch);
call    0 returned 20
       20:  798:		      add1_buffer (b, ci);
call    0 returned 20
        -:  799:		    }
        -:  800:		}
        -:  801:	      else
      376:  802:		add1_buffer (b, ch);
call    0 returned 376
        -:  803:	    }
       78:  804:	  if (ch != slash)
branch  0 taken 0 (fallthrough)
branch  1 taken 78
        -:  805:	    {
    #####:  806:	      if (ch == '\n' && prog_line > 1)
branch  0 never executed
branch  1 never executed
branch  2 never executed
branch  3 never executed
    #####:  807:		--prog_line;
    #####:  808:	      bad_prog ("Unterminated `s' command");
call    0 never executed
        -:  809:	    }
       78:  810:	  cur_cmd->x.cmd_regex.replace_length = size_buffer (b);
call    0 returned 78
       78:  811:	  cur_cmd->x.cmd_regex.replacement = ck_malloc (cur_cmd->x.cmd_regex.replace_length);
call    0 returned 78
       78:  812:	  bcopy (get_buffer (b), cur_cmd->x.cmd_regex.replacement, cur_cmd->x.cmd_regex.replace_length);
call    0 returned 78
       78:  813:	  flush_buffer (b);
call    0 returned 78
        -:  814:
       78:  815:	  cur_cmd->x.cmd_regex.flags = 0;
       78:  816:	  cur_cmd->x.cmd_regex.numb = 0;
        -:  817:
       78:  818:	  if (ch == EOF)
branch  0 taken 0 (fallthrough)
branch  1 taken 78
    #####:  819:	    break;
        -:  820:	  do
        -:  821:	    {
      169:  822:	      ch = inchar ();
call    0 returned 169
        -:  823:	      switch (ch)
        -:  824:		{
       28:  825:		case 'p':
       28:  826:		  if (cur_cmd->x.cmd_regex.flags & S_PRINT_BIT)
branch  0 taken 0 (fallthrough)
branch  1 taken 28
    #####:  827:		    bad_prog ("multiple 'p' options to 's' command");
call    0 never executed
       28:  828:		  cur_cmd->x.cmd_regex.flags |= S_PRINT_BIT;
       28:  829:		  break;
       63:  830:		case 'g':
       63:  831:		  if (cur_cmd->x.cmd_regex.flags & S_NUM_BIT)
branch  0 taken 0 (fallthrough)
branch  1 taken 63
    #####:  832:		    cur_cmd->x.cmd_regex.flags &= ~S_NUM_BIT;
       63:  833:		  if (cur_cmd->x.cmd_regex.flags & S_GLOBAL_BIT)
branch  0 taken 0 (fallthrough)
branch  1 taken 63
    #####:  834:		    bad_prog ("multiple 'g' options to 's' command");
call    0 never executed
       63:  835:		  cur_cmd->x.cmd_regex.flags |= S_GLOBAL_BIT;
       63:  836:		  break;
       48:  837:		case 'w':
       48:  838:		  cur_cmd->x.cmd_regex.flags |= S_WRITE_BIT;
       48:  839:		  cur_cmd->x.cmd_regex.wio_file = compile_filename (0);
call    0 returned 48
       48:  840:		  ch = '\n';
       48:  841:		  break;
    #####:  842:		case '0':
        -:  843:		case '1':
        -:  844:		case '2':
        -:  845:		case '3':
        -:  846:		case '4':
        -:  847:		case '5':
        -:  848:		case '6':
        -:  849:		case '7':
        -:  850:		case '8':
        -:  851:		case '9':
    #####:  852:		  if (cur_cmd->x.cmd_regex.flags & S_NUM_BIT)
branch  0 never executed
branch  1 never executed
    #####:  853:		    bad_prog ("multiple number options to 's' command");
call    0 never executed
    #####:  854:		  if ((cur_cmd->x.cmd_regex.flags & S_GLOBAL_BIT) == 0)
branch  0 never executed
branch  1 never executed
    #####:  855:		    cur_cmd->x.cmd_regex.flags |= S_NUM_BIT;
    #####:  856:		  num = 0;
    #####:  857:		  while (isdigit (ch))
branch  0 never executed
branch  1 never executed
        -:  858:		    {
    #####:  859:		      num = num * 10 + ch - '0';
    #####:  860:		      ch = inchar ();
call    0 never executed
        -:  861:		    }
    #####:  862:		  savchar (ch);
call    0 never executed
    #####:  863:		  cur_cmd->x.cmd_regex.numb = num;
    #####:  864:		  break;
       30:  865:		case '\n':
        -:  866:		case ';':
        -:  867:		case EOF:
       30:  868:		  break;
    #####:  869:		default:
    #####:  870:		  bad_prog ("Unknown option to 's'");
call    0 never executed
    #####:  871:		  break;
        -:  872:		}
        -:  873:	    }
      169:  874:	  while (ch != EOF && ch != '\n' && ch != ';');
branch  0 taken 169 (fallthrough)
branch  1 taken 0
branch  2 taken 92 (fallthrough)
branch  3 taken 77
branch  4 taken 91
branch  5 taken 1 (fallthrough)
       78:  875:	  if (ch == EOF)
branch  0 taken 0 (fallthrough)
branch  1 taken 78
    #####:  876:	    break;
       78:  877:	  break;
        -:  878:
       17:  879:	case 'y':
       17:  880:	  cur_cmd->cmd = ch;
       17:  881:	  string = (unsigned char *) ck_malloc (256);
call    0 returned 17
     4369:  882:	  for (num = 0; num < 256; num++)
branch  0 taken 4352
branch  1 taken 17 (fallthrough)
     4352:  883:	    string[num] = num;
       17:  884:	  b = init_buffer ();
call    0 returned 17
       17:  885:	  slash = inchar ();
call    0 returned 17
      149:  886:	  while ((ch = inchar ()) != EOF && ch != slash)
call    0 returned 149
branch  1 taken 149 (fallthrough)
branch  2 taken 0
branch  3 taken 132
branch  4 taken 17 (fallthrough)
      132:  887:	    add1_buffer (b, ch);
call    0 returned 132
       17:  888:	  cur_cmd->x.translate = string;
       17:  889:	  string = (unsigned char *) get_buffer (b);
call    0 returned 17
      149:  890:	  for (num = size_buffer (b); num; --num)
call    0 returned 17
branch  1 taken 132
branch  2 taken 17 (fallthrough)
        -:  891:	    {
      132:  892:	      ch = inchar ();
call    0 returned 132
      132:  893:	      if (ch == EOF)
branch  0 taken 0 (fallthrough)
branch  1 taken 132
    #####:  894:		bad_prog (BAD_EOF);
call    0 never executed
      132:  895:	      if (ch == slash)
branch  0 taken 0 (fallthrough)
branch  1 taken 132
    #####:  896:		bad_prog ("strings for y command are different lengths");
call    0 never executed
      132:  897:	      cur_cmd->x.translate[*string++] = ch;
        -:  898:	    }
       17:  899:	  flush_buffer (b);
call    0 returned 17
       17:  900:	  if (inchar () != slash || ((ch = inchar ()) != EOF && ch != '\n' && ch != ';'))
call    0 returned 17
branch  1 taken 17 (fallthrough)
branch  2 taken 0
call    3 returned 17
branch  4 taken 17 (fallthrough)
branch  5 taken 0
branch  6 taken 1 (fallthrough)
branch  7 taken 16
branch  8 taken 0 (fallthrough)
branch  9 taken 1
    #####:  901:	    bad_prog (LINE_JUNK);
call    0 never executed
       17:  902:	  break;
        -:  903:
        5:  904:	default:
        5:  905:	  bad_prog ("Unknown command");
call    0 returned 0
        -:  906:	}
        -:  907:    }
      175:  908:  if (program_depth)
branch  0 taken 1 (fallthrough)
branch  1 taken 174
        -:  909:    {
        1:  910:      prog_line = open_line;
        1:  911:      bad_prog ("Unmatched `{'");
call    0 returned 0
        -:  912:    }
      174:  913:  return vector;
        -:  914:}
        -:  915:
        -:  916:/* Complain about a programming error and exit. */
        -:  917:void
function bad_prog called 6 returned 0% blocks executed 100%
        6:  918:bad_prog (why)
        -:  919:     char *why;
        -:  920:{
        6:  921:  if (prog_line > 0)
branch  0 taken 1 (fallthrough)
branch  1 taken 5
        1:  922:    fprintf (stderr, "%s: file %s line %d: %s\n",
call    0 returned 1
        -:  923:	     myname, prog_name, prog_line, why);
        -:  924:  else
        5:  925:    fprintf (stderr, "%s: %s\n", myname, why);
call    0 returned 5
        6:  926:  exit (1);
        -:  927:}
        -:  928:
        -:  929:/* Read the next character from the program.  Return EOF if there isn't
        -:  930:   anything to read.  Keep prog_line up to date, so error messages can
        -:  931:   be meaningful. */
        -:  932:int
function inchar called 12565 returned 100% blocks executed 87%
    12565:  933:inchar ()
        -:  934:{
        -:  935:  int ch;
    12565:  936:  if (prog_file)
branch  0 taken 12253 (fallthrough)
branch  1 taken 312
        -:  937:    {
    12253:  938:      if (feof (prog_file))
call    0 returned 12253
branch  1 taken 0 (fallthrough)
branch  2 taken 12253
    #####:  939:	return EOF;
        -:  940:      else
    12253:  941:	ch = getc (prog_file);
call    0 returned 12253
        -:  942:    }
        -:  943:  else
        -:  944:    {
      312:  945:      if (!prog_cur)
branch  0 taken 0 (fallthrough)
branch  1 taken 312
    #####:  946:	return EOF;
      312:  947:      else if (prog_cur == prog_end)
branch  0 taken 15 (fallthrough)
branch  1 taken 297
        -:  948:	{
       15:  949:	  ch = EOF;
       15:  950:	  prog_cur = 0;
        -:  951:	}
        -:  952:      else
      297:  953:	ch = *prog_cur++;
        -:  954:    }
    12565:  955:  if ((ch == '\n') && prog_line)
branch  0 taken 1322 (fallthrough)
branch  1 taken 11243
branch  2 taken 1306 (fallthrough)
branch  3 taken 16
     1306:  956:    prog_line++;
    12565:  957:  return ch;
        -:  958:}
        -:  959:
        -:  960:/* unget 'ch' so the next call to inchar will return it.  'ch' must not be
        -:  961:   EOF or anything nasty like that. */
        -:  962:void
function savchar called 2226 returned 100% blocks executed 89%
     2226:  963:savchar (ch)
        -:  964:     int ch;
        -:  965:{
     2226:  966:  if (ch == EOF)
branch  0 taken 0 (fallthrough)
branch  1 taken 2226
    #####:  967:    return;
     2226:  968:  if (ch == '\n' && prog_line > 1)
branch  0 taken 5 (fallthrough)
branch  1 taken 2221
branch  2 taken 5 (fallthrough)
branch  3 taken 0
        5:  969:    --prog_line;
     2226:  970:  if (prog_file)
branch  0 taken 2174 (fallthrough)
branch  1 taken 52
     2174:  971:    ungetc (ch, prog_file);
call    0 returned 2174
        -:  972:  else
       52:  973:    *--prog_cur = ch;
        -:  974:}
        -:  975:
        -:  976:
        -:  977:/* Try to read an address for a sed command.  If it succeeeds,
        -:  978:   return non-zero and store the resulting address in *'addr'.
        -:  979:   If the input doesn't look like an address read nothing
        -:  980:   and return zero. */
        -:  981:int
function compile_address called 1006 returned 100% blocks executed 76%
     1006:  982:compile_address (addr)
        -:  983:     struct addr *addr;
        -:  984:{
        -:  985:  int ch;
        -:  986:  int num;
        -:  987:
     1006:  988:  ch = inchar ();
call    0 returned 1006
        -:  989:
     1006:  990:  if (isdigit (ch))
branch  0 taken 73 (fallthrough)
branch  1 taken 933
        -:  991:    {
       73:  992:      num = ch - '0';
      130:  993:      while ((ch = inchar ()) != EOF && isdigit (ch))
call    0 returned 130
branch  1 taken 130 (fallthrough)
branch  2 taken 0
branch  3 taken 57
branch  4 taken 73 (fallthrough)
       57:  994:	num = num * 10 + ch - '0';
        -:  995:  #ifndef FAULTY_F_AG_2	
       73:  996:      if (ch == '~')
branch  0 taken 0 (fallthrough)
branch  1 taken 73
        -:  997:  #else
        -:  998:      if (ch = '~')
        -:  999:  #endif
        -: 1000:	{
    #####: 1001:	  addr->addr_type = addr_is_mod;
    #####: 1002:	  addr->offset = num;
    #####: 1003:	  ch = inchar();
call    0 never executed
    #####: 1004:	  num=0;
        -: 1005:  #ifndef FAULTY_F_AG_3
    #####: 1006:	  if (isdigit(ch)) {
branch  0 never executed
branch  1 never executed
        -: 1007:  #else	
        -: 1008:          if (!isdigit(ch)) { 
        -: 1009:  #endif
        -: 1010:  #ifndef FAULTY_F_AG_18
    #####: 1011:	    num = ch - '0';
        -: 1012:  #else
        -: 1013:  	    num = ch + '0';
        -: 1014:  #endif
    #####: 1015:	    while ((ch = inchar ()) != EOF && isdigit (ch))
call    0 never executed
branch  1 never executed
branch  2 never executed
branch  3 never executed
branch  4 never executed
    #####: 1016:	      num = num * 10 + ch - '0';
    #####: 1017:	    addr->modulo = num;
        -: 1018:	  }
    #####: 1019:	  addr->modulo += (addr->modulo==0);
        -: 1020:	}
        -: 1021:      else
        -: 1022:	{
       73: 1023:	  addr->addr_type = addr_is_num;
       73: 1024:	  addr->addr_number = num;
        -: 1025:	}
       73: 1026:      while (ch != EOF && isblank (ch))
branch  0 taken 73 (fallthrough)
branch  1 taken 0
branch  2 taken 0
branch  3 taken 73 (fallthrough)
    #####: 1027:	ch = inchar ();
call    0 never executed
       73: 1028:      savchar (ch);
call    0 returned 73
       73: 1029:      return 1;
        -: 1030:    }
      933: 1031:  else if (ch == '/' || ch == '\\')
branch  0 taken 779 (fallthrough)
branch  1 taken 154
branch  2 taken 0 (fallthrough)
branch  3 taken 779
        -: 1032:    {
      154: 1033:      addr->addr_type = addr_is_regex;
      154: 1034:      if (ch == '\\')
branch  0 taken 0 (fallthrough)
branch  1 taken 154
    #####: 1035:	ch = inchar ();
call    0 never executed
      154: 1036:      buffer_regex (ch);
call    0 returned 154
        -: 1037:   #ifndef FAULTY_F_AG_19
      154: 1038:      compile_regex ();
call    0 returned 154
        -: 1039:   #endif
      154: 1040:      addr->addr_regex = last_regex;
        -: 1041:      do
      154: 1042:	ch = inchar ();
call    0 returned 154
      154: 1043:      while (ch != EOF && isblank (ch));
branch  0 taken 154 (fallthrough)
branch  1 taken 0
branch  2 taken 0
branch  3 taken 154 (fallthrough)
      154: 1044:      savchar (ch);
call    0 returned 154
      154: 1045:      return 1;
        -: 1046:    }
      779: 1047:  else if (ch == '$')
branch  0 taken 12 (fallthrough)
branch  1 taken 767
        -: 1048:    {
       12: 1049:      addr->addr_type = addr_is_last;
        -: 1050:      do
       12: 1051:	ch = inchar ();
call    0 returned 12
       12: 1052:      while (ch != EOF && isblank (ch));
branch  0 taken 12 (fallthrough)
branch  1 taken 0
branch  2 taken 0
branch  3 taken 12 (fallthrough)
       12: 1053:      savchar (ch);
call    0 returned 12
       12: 1054:      return 1;
        -: 1055:    }
        -: 1056:  else
      767: 1057:    savchar (ch);
call    0 returned 767
      767: 1058:  return 0;
        -: 1059:}
        -: 1060:
        -: 1061:void
function buffer_regex called 232 returned 100% blocks executed 93%
      232: 1062:buffer_regex (slash)
        -: 1063:     int slash;
        -: 1064:{
        -: 1065:  VOID *b;
        -: 1066:  int ch;
      232: 1067:  int char_class_pos = -1;
        -: 1068:
      232: 1069:  b = init_buffer ();
call    0 returned 232
      787: 1070:  while ((ch = inchar ()) != EOF && (ch != slash || (char_class_pos >= 0)))
call    0 returned 787
branch  1 taken 787 (fallthrough)
branch  2 taken 0
branch  3 taken 555
branch  4 taken 232 (fallthrough)
branch  5 taken 0
branch  6 taken 232 (fallthrough)
        -: 1071:    {
      555: 1072:      if (ch == '^')
branch  0 taken 73 (fallthrough)
branch  1 taken 482
        -: 1073:	{
       73: 1074:	  if (size_buffer (b) == 0)
call    0 returned 73
branch  1 taken 72 (fallthrough)
branch  2 taken 1
        -: 1075:	    {
       72: 1076:	      add1_buffer (b, '\\');
call    0 returned 72
       72: 1077:	      add1_buffer (b, '`');
call    0 returned 72
        -: 1078:	    }
        -: 1079:	  else
        1: 1080:	    add1_buffer (b, ch);
call    0 returned 1
       73: 1081:	  continue;
        -: 1082:	}
      482: 1083:      else if (ch == '$')
branch  0 taken 44 (fallthrough)
branch  1 taken 438
        -: 1084:	{
       44: 1085:	  ch = inchar ();
call    0 returned 44
       44: 1086:	  savchar (ch);
call    0 returned 44
       44: 1087:	  if (ch == slash)
branch  0 taken 44 (fallthrough)
branch  1 taken 0
        -: 1088:	    {
       44: 1089:	      add1_buffer (b, '\\');
call    0 returned 44
       44: 1090:	      add1_buffer (b, '\'');
call    0 returned 44
        -: 1091:	    }
        -: 1092:	  else
    #####: 1093:	    add1_buffer (b, '$');
call    0 never executed
       44: 1094:	  continue;
        -: 1095:	}
      438: 1096:      else if (ch == '[')
branch  0 taken 2 (fallthrough)
branch  1 taken 436
        -: 1097:	{
        2: 1098:	  if (char_class_pos < 0)
branch  0 taken 2 (fallthrough)
branch  1 taken 0
        2: 1099:	    char_class_pos = size_buffer (b);
call    0 returned 2
        2: 1100:	  add1_buffer (b, ch);
call    0 returned 2
        2: 1101:	  continue;
        -: 1102:	}
      436: 1103:      else if (ch == ']')
branch  0 taken 2 (fallthrough)
branch  1 taken 434
        -: 1104:	{
        2: 1105:	  add1_buffer (b, ch);
call    0 returned 2
        2: 1106:	  {
        2: 1107:	    char * regexp = get_buffer (b);
call    0 returned 2
        2: 1108:	    int pos = size_buffer (b) - 1;
call    0 returned 2
        2: 1109:	    if (!(   (char_class_pos >= 0)
branch  0 taken 2 (fallthrough)
branch  1 taken 0
        2: 1110:		  && (   (pos == char_class_pos + 1)
branch  0 taken 2 (fallthrough)
branch  1 taken 0
        2: 1111:		      || (   (pos == char_class_pos + 2)
branch  0 taken 0 (fallthrough)
branch  1 taken 2
    #####: 1112:			  && (regexp[char_class_pos + 1] == '^')))))
branch  0 never executed
branch  1 never executed
        2: 1113:	      char_class_pos = -1;
        2: 1114:	    continue;
        -: 1115:	  }
        -: 1116:	}
      434: 1117:      else if (ch != '\\' || (char_class_pos >= 0))
branch  0 taken 106 (fallthrough)
branch  1 taken 328
branch  2 taken 0 (fallthrough)
branch  3 taken 106
        -: 1118:	{
      328: 1119:	  add1_buffer (b, ch);
call    0 returned 328
      328: 1120:	  continue;
        -: 1121:	}
      106: 1122:      ch = inchar ();
call    0 returned 106
      106: 1123:      switch (ch)
branch  0 taken 4
branch  1 taken 0
branch  2 taken 102
        -: 1124:	{
        4: 1125:	case 'n':
        4: 1126:	  add1_buffer (b, '\n');
call    0 returned 4
        4: 1127:	  break;
        -: 1128:#if 0
        -: 1129:	case 'b':
        -: 1130:	  add1_buffer (b, '\b');
        -: 1131:	  break;
        -: 1132:	case 'f':
        -: 1133:	  add1_buffer (b, '\f');
        -: 1134:	  break;
        -: 1135:	case 'r':
        -: 1136:	  add1_buffer (b, '\r');
        -: 1137:	  break;
        -: 1138:	case 't':
        -: 1139:	  add1_buffer (b, '\t');
        -: 1140:	  break;
        -: 1141:#endif /* 0 */
    #####: 1142:	case EOF:
    #####: 1143:	  break;
      102: 1144:	default:
      102: 1145:	  add1_buffer (b, '\\');
call    0 returned 102
      102: 1146:	  add1_buffer (b, ch);
call    0 returned 102
      102: 1147:	  break;
        -: 1148:	}
        -: 1149:    }
      232: 1150:  if (ch == EOF)
branch  0 taken 0 (fallthrough)
branch  1 taken 232
    #####: 1151:    bad_prog (BAD_EOF);
call    0 never executed
      232: 1152:  if (size_buffer (b))
call    0 returned 232
branch  1 taken 231 (fallthrough)
branch  2 taken 1
        -: 1153:    {
        -: 1154:  #ifndef FAULTY_F_AG_4   
      231: 1155:      if (last_regex_string)
branch  0 taken 105 (fallthrough)
branch  1 taken 126
        -: 1156:  #else
        -: 1157:      if (last_regex)
        -: 1158:  #endif
      105: 1159:	last_regex_string = (char *)ck_realloc (last_regex_string,
call    0 returned 105
      105: 1160:						size_buffer (b) + 1);
call    0 returned 105
        -: 1161:      else
      126: 1162:	last_regex_string = (char *)ck_malloc (size_buffer (b) + 1);
call    0 returned 126
call    1 returned 126
      231: 1163:      bcopy (get_buffer (b), last_regex_string, size_buffer (b));
call    0 returned 231
call    1 returned 231
      231: 1164:      last_regex_string [size_buffer (b)] = 0;
call    0 returned 231
        -: 1165:    }
        1: 1166:  else if (!last_regex)
branch  0 taken 0 (fallthrough)
branch  1 taken 1
    #####: 1167:    bad_prog (NO_REGEX);
call    0 never executed
      232: 1168:  flush_buffer (b);
call    0 returned 232
      232: 1169:}
        -: 1170:
        -: 1171:void
function compile_regex called 232 returned 100% blocks executed 83%
      232: 1172:compile_regex ()
        -: 1173:{
        -: 1174:  const char * error;
      232: 1175:  last_regex = ((struct re_pattern_buffer *)
      232: 1176:		ck_malloc (sizeof (struct re_pattern_buffer)));
call    0 returned 232
      232: 1177:  bzero (last_regex, sizeof (*last_regex));
        -: 1178:  #ifndef FAULTY_F_AG_20
      232: 1179:  last_regex->fastmap = ck_malloc (256);
call    0 returned 232
        -: 1180:  #else
        -: 1181:  last_regex->fastmap = ck_malloc (206);
        -: 1182:  #endif
      232: 1183:  error = re_compile_pattern (last_regex_string,
      232: 1184:			      strlen (last_regex_string), last_regex);
call    0 returned 232
      232: 1185:  if (error)
branch  0 taken 0 (fallthrough)
branch  1 taken 232
    #####: 1186:    bad_prog ((char *)error);
call    0 never executed
      232: 1187:}
        -: 1188:
        -: 1189:/* Store a label (or label reference) created by a ':', 'b', or 't'
        -: 1190:   comand so that the jump to/from the lable can be backpatched after
        -: 1191:   compilation is complete */
        -: 1192:struct sed_label *
function setup_jump called 5 returned 100% blocks executed 100%
        5: 1193:setup_jump (list, cmd, vec)
        -: 1194:     struct sed_label *list;
        -: 1195:     struct sed_cmd *cmd;
        -: 1196:     struct vector *vec;
        -: 1197:{
        -: 1198:  struct sed_label *tmp;
        -: 1199:  VOID *b;
        -: 1200:  int ch;
        -: 1201:
        5: 1202:  b = init_buffer ();
call    0 returned 5
        7: 1203:  while ((ch = inchar ()) != EOF && isblank (ch))
call    0 returned 7
branch  1 taken 7 (fallthrough)
branch  2 taken 0
branch  3 taken 2
branch  4 taken 5 (fallthrough)
        -: 1204:    ;
        -: 1205:  /* Possible non posixicity. */
       17: 1206:  while (ch != EOF && ch != '\n' && (!isblank (ch)) && ch != ';' && ch != '}')
branch  0 taken 17 (fallthrough)
branch  1 taken 0
branch  2 taken 12 (fallthrough)
branch  3 taken 5
branch  4 taken 12 (fallthrough)
branch  5 taken 0
branch  6 taken 12 (fallthrough)
branch  7 taken 0
branch  8 taken 12
branch  9 taken 0 (fallthrough)
        -: 1207:    {
       12: 1208:      add1_buffer (b, ch);
call    0 returned 12
       12: 1209:      ch = inchar ();
call    0 returned 12
        -: 1210:    }
        5: 1211:  savchar (ch);
call    0 returned 5
        5: 1212:  add1_buffer (b, '\0');
call    0 returned 5
        5: 1213:  tmp = (struct sed_label *) ck_malloc (sizeof (struct sed_label));
call    0 returned 5
        5: 1214:  tmp->v = vec;
        5: 1215:  tmp->v_index = cmd - vec->v;
        5: 1216:  tmp->name = ck_strdup (get_buffer (b));
call    0 returned 5
call    1 returned 5
        5: 1217:  tmp->next = list;
        5: 1218:  flush_buffer (b);
call    0 returned 5
        5: 1219:  return tmp;
        -: 1220:}
        -: 1221:
        -: 1222:/* read in a filename for a 'r', 'w', or 's///w' command, and
        -: 1223:   update the internal structure about files.  The file is
        -: 1224:   opened if it isn't already open. */
        -: 1225:FILE *
function compile_filename called 70 returned 100% blocks executed 79%
       70: 1226:compile_filename (readit)
        -: 1227:     int readit;
        -: 1228:{
        -: 1229:  char *file_name;
        -: 1230:  int n;
        -: 1231:  VOID *b;
        -: 1232:  int ch;
        -: 1233:
       70: 1234:  if (inchar () != ' ')
call    0 returned 70
branch  1 taken 0 (fallthrough)
branch  2 taken 70
    #####: 1235:    bad_prog ("missing ' ' before filename");
call    0 never executed
       70: 1236:  b = init_buffer ();
call    0 returned 70
      807: 1237:  while ((ch = inchar ()) != EOF && ch != '\n')
call    0 returned 807
branch  1 taken 807 (fallthrough)
branch  2 taken 0
branch  3 taken 737
branch  4 taken 70 (fallthrough)
      737: 1238:    add1_buffer (b, ch);
call    0 returned 737
       70: 1239:  add1_buffer (b, '\0');
call    0 returned 70
       70: 1240:  file_name = get_buffer (b);
call    0 returned 70
      115: 1241:  for (n = 0; n < NUM_FPS; n++)
branch  0 taken 115
branch  1 taken 0 (fallthrough)
        -: 1242:    {
      115: 1243:      if (!file_ptrs[n].name)
branch  0 taken 70 (fallthrough)
branch  1 taken 45
       70: 1244:	break;
        -: 1245:    }
       70: 1246:  if (n < NUM_FPS)
branch  0 taken 70 (fallthrough)
branch  1 taken 0
        -: 1247:    {
       70: 1248:      file_ptrs[n].name = ck_strdup (file_name);
call    0 returned 70
       70: 1249:      if (!readit)
branch  0 taken 70 (fallthrough)
branch  1 taken 0
        -: 1250:	{
        -: 1251:      #ifndef FAULTY_F_AG_5
       70: 1252:	  if (!file_ptrs[n].for_write)
branch  0 taken 70 (fallthrough)
branch  1 taken 0
        -: 1253:      #endif
       70: 1254:	    file_ptrs[n].for_write = ck_fopen (file_name, "w");
call    0 returned 70
        -: 1255:	}
        -: 1256:      else
        -: 1257:	{
    #####: 1258:	  if (!file_ptrs[n].for_read)
branch  0 never executed
branch  1 never executed
    #####: 1259:	    file_ptrs[n].for_read = fopen (file_name, "r");
call    0 never executed
        -: 1260:	}
       70: 1261:      flush_buffer (b);
call    0 returned 70
      70*: 1262:      return readit ? file_ptrs[n].for_read : file_ptrs[n].for_write;
branch  0 taken 0 (fallthrough)
branch  1 taken 70
        -: 1263:    }
        -: 1264:  else
        -: 1265:    {
    #####: 1266:      bad_prog ("Hopelessely evil compiled in limit on number of open files.  re-compile sed");
call    0 never executed
    #####: 1267:      return 0;
        -: 1268:    }
        -: 1269:}
        -: 1270:
        -: 1271:/* Read a file and apply the compiled script to it. */
        -: 1272:void
function read_file called 175 returned 100% blocks executed 100%
      175: 1273:read_file (name)
        -: 1274:     char *name;
        -: 1275:{
      175: 1276:  if (*name == '-' && name[1] == '\0')
branch  0 taken 1 (fallthrough)
branch  1 taken 174
branch  2 taken 1 (fallthrough)
branch  3 taken 0
        1: 1277:    input_file = stdin;
        -: 1278:  else
        -: 1279:    {
      174: 1280:      input_file = fopen (name, "r");
call    0 returned 174
      174: 1281:      if (input_file == 0)
branch  0 taken 1 (fallthrough)
branch  1 taken 173
        -: 1282:	{
        1: 1283:	  char *ptr = strerror(errno);
call    0 returned 1
        1: 1284:	  bad_input++;
        1: 1285:	  fprintf (stderr, "%s: can't read %s: %s\n", myname, name, ptr);
call    0 returned 1
        1: 1286:	  return;
        -: 1287:	}
        -: 1288:    }
        -: 1289:  
    13829: 1290:  while (read_pattern_space ())
call    0 returned 13829
branch  1 taken 13692
branch  2 taken 137 (fallthrough)
        -: 1291:    {
    13692: 1292:      execute_program (the_program);
call    0 returned 13692
    13692: 1293:      if (!no_default_output)
branch  0 taken 6812 (fallthrough)
branch  1 taken 6880
     6812: 1294:	ck_fwrite (line.text, 1, line.length, stdout);
call    0 returned 6812
    13692: 1295:      if (append.length)
branch  0 taken 383 (fallthrough)
branch  1 taken 13309
        -: 1296:	{
      383: 1297:	  ck_fwrite (append.text, 1, append.length, stdout);
call    0 returned 383
      383: 1298:	  append.length = 0;
        -: 1299:	}
    13692: 1300:      if (quit_cmd)
branch  0 taken 37 (fallthrough)
branch  1 taken 13655
       37: 1301:	break;
        -: 1302:    }
      174: 1303:  ck_fclose (input_file);
call    0 returned 174
        -: 1304:}
        -: 1305:
        -: 1306:static char *
function eol_pos called 2300 returned 100% blocks executed 83%
     2300: 1307:eol_pos (str, len)
        -: 1308:     char *str;
        -: 1309:     int len;
        -: 1310:{
    35301: 1311:  while (len--)
branch  0 taken 35301
branch  1 taken 0 (fallthrough)
    35301: 1312:    if (*str++ == '\n')
branch  0 taken 2300 (fallthrough)
branch  1 taken 33001
     2300: 1313:      return --str;
    #####: 1314:  return --str;
        -: 1315:}
        -: 1316:
        -: 1317:static void
function chr_copy called 607 returned 100% blocks executed 100%
      607: 1318:chr_copy (dest, src, len)
        -: 1319:     char *dest;
        -: 1320:     char *src;
        -: 1321:     int len;
        -: 1322:{
     9724: 1323:  while (len--)
branch  0 taken 9117
branch  1 taken 607 (fallthrough)
     9117: 1324:    *dest++ = *src++;
      607: 1325:}
        -: 1326:
        -: 1327:/* Execute the program 'vec' on the current input line. */
        -: 1328:static struct re_registers regs =
        -: 1329:{0, 0, 0};
        -: 1330:
        -: 1331:void
function execute_program called 13692 returned 100% blocks executed 76%
    13692: 1332:execute_program (vec)
        -: 1333:     struct vector *vec;
        -: 1334:{
        -: 1335:  struct sed_cmd *cur_cmd;
        -: 1336:  int n;
        -: 1337:  int addr_matched;
        -: 1338:  static int end_cycle;
        -: 1339:
        -: 1340:  int start;
        -: 1341:  int remain;
        -: 1342:  int offset;
        -: 1343:
        -: 1344:  static struct line tmp;
        -: 1345:  struct line t;
        -: 1346:  char *rep, *rep_end, *rep_next, *rep_cur;
        -: 1347:
        -: 1348:  int count;
    13692: 1349:  struct vector *restart_vec = vec;
        -: 1350:
    14299: 1351:restart:
    14299: 1352:  vec = restart_vec;
    14299: 1353:  count = 0;
        -: 1354:
    14299: 1355:  end_cycle = 0;
        -: 1356:
    40009: 1357:  for (cur_cmd = vec->v, n = vec->v_length; n; cur_cmd++, n--)
branch  0 taken 29420
branch  1 taken 10589 (fallthrough)
        -: 1358:    {
    29420: 1359:    exe_loop:
    31600: 1360:      addr_matched = 0;
    31600: 1361:      if (cur_cmd->aflags & A1_MATCHED_BIT)
branch  0 taken 1621 (fallthrough)
branch  1 taken 29979
        -: 1362:	{
     1621: 1363:	  addr_matched = 1;
     1621: 1364:	  if (match_address (&(cur_cmd->a2)))
call    0 returned 1621
branch  1 taken 37 (fallthrough)
branch  2 taken 1584
       37: 1365:	    cur_cmd->aflags &= ~A1_MATCHED_BIT;
        -: 1366:	}
    29979: 1367:      else if (match_address (&(cur_cmd->a1)))
call    0 returned 29979
branch  1 taken 19235 (fallthrough)
branch  2 taken 10744
        -: 1368:	{
    19235: 1369:	  addr_matched = 1;
    19235: 1370:	  if (cur_cmd->a2.addr_type != addr_is_null)
branch  0 taken 52 (fallthrough)
branch  1 taken 19183
       52: 1371:	    if (   (cur_cmd->a2.addr_type == addr_is_regex)
branch  0 taken 16 (fallthrough)
branch  1 taken 36
       16: 1372:		|| !match_address (&(cur_cmd->a2)))
call    0 returned 16
branch  1 taken 16 (fallthrough)
branch  2 taken 0
       52: 1373:	      cur_cmd->aflags |= A1_MATCHED_BIT;
        -: 1374:
        -: 1375:	}
    31600: 1376:      if (cur_cmd->aflags & ADDR_BANG_BIT)
branch  0 taken 516 (fallthrough)
branch  1 taken 31084
      516: 1377:	addr_matched = !addr_matched;
    31600: 1378:      if (!addr_matched)
branch  0 taken 10280 (fallthrough)
branch  1 taken 21320
    10280: 1379:	continue;
    21320: 1380:      switch (cur_cmd->cmd)
branch  0 taken 2139
branch  1 taken 658
branch  2 taken 151
branch  3 taken 228
branch  4 taken 420
branch  5 taken 118
branch  6 taken 1015
branch  7 taken 1400
branch  8 taken 1181
branch  9 taken 10
branch 10 taken 10
branch 11 taken 18
branch 12 taken 12
branch 13 taken 80
branch 14 taken 786
branch 15 taken 1845
branch 16 taken 1934
branch 17 taken 1242
branch 18 taken 1119
branch 19 taken 24
branch 20 taken 0
branch 21 taken 4260
branch 22 taken 0
branch 23 taken 1640
branch 24 taken 5
branch 25 taken 1025
branch 26 taken 0
        -: 1381:	{
     2139: 1382:	case '{':		/* Execute sub-program */
     2139: 1383:	  if (cur_cmd->x.sub->v_length)
branch  0 taken 2139 (fallthrough)
branch  1 taken 0
        -: 1384:	    {
     2139: 1385:	      vec = cur_cmd->x.sub;
     2139: 1386:	      cur_cmd = vec->v;
     2139: 1387:	      n = vec->v_length;
     2139: 1388:	      goto exe_loop;
        -: 1389:	    }
    #####: 1390:	  break;
        -: 1391:
      658: 1392:	case '}':
      658: 1393:	  cur_cmd = vec->return_v->v + vec->return_i;
      658: 1394:	  n = vec->return_v->v_length - vec->return_i;
      658: 1395:	  vec = vec->return_v;
      658: 1396:	  break;
        -: 1397:
      151: 1398:	case ':':		/* Executing labels is easy. */
      151: 1399:	  break;
        -: 1400:
      228: 1401:	case '=':
      228: 1402:	  printf ("%d\n", input_line_number);
call    0 returned 228
      228: 1403:	  break;
        -: 1404:
      420: 1405:	case 'a':
      422: 1406:	  while (append.alloc - append.length < cur_cmd->x.cmd_txt.text_len)
branch  0 taken 2
branch  1 taken 420 (fallthrough)
        -: 1407:	    {
        2: 1408:	      append.alloc *= 2;
        2: 1409:	      append.text = ck_realloc (append.text, append.alloc);
call    0 returned 2
        -: 1410:	    }
      420: 1411:	  bcopy (cur_cmd->x.cmd_txt.text,
      420: 1412:		 append.text + append.length, cur_cmd->x.cmd_txt.text_len);
      420: 1413:	  append.length += cur_cmd->x.cmd_txt.text_len;
      420: 1414:	  break;
        -: 1415:
      118: 1416:	case 'b':
      118: 1417:	  if (!cur_cmd->x.jump)
branch  0 taken 77 (fallthrough)
branch  1 taken 41
       77: 1418:	    end_cycle++;
        -: 1419:	  else
        -: 1420:	    {
       41: 1421:	      struct sed_label *j = cur_cmd->x.jump;
        -: 1422:
       41: 1423:	      n = j->v->v_length - j->v_index;
       41: 1424:	      cur_cmd = j->v->v + j->v_index;
       41: 1425:	      vec = j->v;
       41: 1426:	      goto exe_loop;
        -: 1427:	    }
       77: 1428:	  break;
        -: 1429:
     1015: 1430:	case 'c':
     1015: 1431:	  line.length = 0;
     1015: 1432:	  if (!((cur_cmd->aflags & A1_MATCHED_BIT)))
branch  0 taken 247 (fallthrough)
branch  1 taken 768
      247: 1433:	    ck_fwrite (cur_cmd->x.cmd_txt.text,
call    0 returned 247
        -: 1434:		       1, cur_cmd->x.cmd_txt.text_len, stdout);
     1015: 1435:	  end_cycle++;
     1015: 1436:	  break;
        -: 1437:
     1400: 1438:	case 'd':
     1400: 1439:	  line.length = 0;
     1400: 1440:	  end_cycle++;
     1400: 1441:	  break;
        -: 1442:
     1181: 1443:	case 'D':
        -: 1444:	  {
        -: 1445:	    char *tmp;
        -: 1446:	    int newlength;
        -: 1447:
     1181: 1448:	    tmp = eol_pos (line.text, line.length);
call    0 returned 1181
     1181: 1449:	    newlength = line.length - (tmp - line.text) - 1;
     1181: 1450:	    if (newlength)
branch  0 taken 607 (fallthrough)
branch  1 taken 574
        -: 1451:	      {
      607: 1452:		chr_copy (line.text, tmp + 1, newlength);
call    0 returned 607
      607: 1453:		line.length = newlength;
      607: 1454:		goto restart;
        -: 1455:	      }
      574: 1456:	    line.length = 0;
      574: 1457:	    end_cycle++;
        -: 1458:	  }
      574: 1459:	  break;
        -: 1460:
       10: 1461:	case 'g':
       10: 1462:	  line_copy (&hold, &line);
call    0 returned 10
       10: 1463:	  break;
        -: 1464:
       10: 1465:	case 'G':
       10: 1466:	  line_append (&hold, &line);
call    0 returned 10
       10: 1467:	  break;
        -: 1468:
       18: 1469:	case 'h':
       18: 1470:	  line_copy (&line, &hold);
call    0 returned 18
       18: 1471:	  break;
        -: 1472:
       12: 1473:	case 'H':
       12: 1474:	  line_append (&line, &hold);
call    0 returned 12
       12: 1475:	  break;
        -: 1476:
       80: 1477:	case 'i':
       80: 1478:	  ck_fwrite (cur_cmd->x.cmd_txt.text, 1,
call    0 returned 80
        -: 1479:		     cur_cmd->x.cmd_txt.text_len, stdout);
       80: 1480:	  break;
        -: 1481:
      786: 1482:	case 'l':
        -: 1483:	  {
        -: 1484:	    char *tmp;
        -: 1485:	    int n;
      786: 1486:	    int width = 0;
        -: 1487:
      786: 1488:	    n = line.length;
      786: 1489:	    tmp = line.text;
    16208: 1490:	    while (n--)
branch  0 taken 16208
branch  1 taken 0 (fallthrough)
        -: 1491:	      {
        -: 1492:		/* Skip the trailing newline, if there is one */
    16208: 1493:		if (!n && (*tmp == '\n'))
branch  0 taken 786 (fallthrough)
branch  1 taken 15422
branch  2 taken 786 (fallthrough)
branch  3 taken 0
      786: 1494:		  break;
    15422: 1495:		if (width > 77)
branch  0 taken 2 (fallthrough)
branch  1 taken 15420
        -: 1496:		  {
        2: 1497:		    width = 0;
        2: 1498:		    putchar ('\n');
call    0 returned 2
        -: 1499:		  }
    15422: 1500:		if (*tmp == '\\')
branch  0 taken 0 (fallthrough)
branch  1 taken 15422
        -: 1501:		  {
    #####: 1502:		    printf ("\\\\");
call    0 never executed
    #####: 1503:		    width += 2;
        -: 1504:		  }
    15422: 1505:		else if (isprint (*tmp))
branch  0 taken 15017 (fallthrough)
branch  1 taken 405
        -: 1506:		  {
    15017: 1507:		    putchar (*tmp);
call    0 returned 15017
    15017: 1508:		    width++;
        -: 1509:		  }
        -: 1510:		else
      405: 1511:		  switch (*tmp)
branch  0 taken 0
branch  1 taken 0
branch  2 taken 0
branch  3 taken 211
branch  4 taken 0
branch  5 taken 134
branch  6 taken 0
branch  7 taken 60
        -: 1512:		    {
        -: 1513:#if 0
        -: 1514:		      /* Should print \00 instead of \0 because (a) POSIX */
        -: 1515:		      /* requires it, and (b) this way \01 is unambiguous.  */
        -: 1516:		    case '\0':
        -: 1517:		      printf ("\\0");
        -: 1518:		      width += 2;
        -: 1519:		      break;
        -: 1520:#endif
    #####: 1521:		    case 007:
    #####: 1522:		      printf ("\\a");
call    0 never executed
    #####: 1523:		      width += 2;
    #####: 1524:		      break;
    #####: 1525:		    case '\b':
    #####: 1526:		      printf ("\\b");
call    0 never executed
    #####: 1527:		      width += 2;
    #####: 1528:		      break;
    #####: 1529:		    case '\f':
    #####: 1530:		      printf ("\\f");
call    0 never executed
    #####: 1531:		      width += 2;
    #####: 1532:		      break;
      211: 1533:		    case '\n':
      211: 1534:		      printf ("\\n");
call    0 returned 211
      211: 1535:		      width += 2;
      211: 1536:		      break;
    #####: 1537:		    case '\r':
    #####: 1538:		      printf ("\\r");
call    0 never executed
    #####: 1539:		      width += 2;
    #####: 1540:		      break;
      134: 1541:		    case '\t':
      134: 1542:		      printf ("\\t");
call    0 returned 134
      134: 1543:		      width += 2;
      134: 1544:		      break;
    #####: 1545:		    case '\v':
    #####: 1546:		      printf ("\\v");
call    0 never executed
    #####: 1547:		      width += 2;
    #####: 1548:		      break;
       60: 1549:		    default:
       60: 1550:		      printf ("\\%02x", (*tmp) & 0xFF);
call    0 returned 60
       60: 1551:		      width += 2;
       60: 1552:		      break;
        -: 1553:		    }
    15422: 1554:		tmp++;
        -: 1555:	      }
      786: 1556:	    putchar ('\n');
call    0 returned 786
        -: 1557:	  }
      786: 1558:	  break;
        -: 1559:
     1845: 1560:	case 'n':
     1845: 1561:	  if (feof (input_file))
call    0 returned 1845
branch  1 taken 5 (fallthrough)
branch  2 taken 1840
        5: 1562:	    goto quit;
     1840: 1563:	  if (!no_default_output)
branch  0 taken 595 (fallthrough)
branch  1 taken 1245
      595: 1564:	    ck_fwrite (line.text, 1, line.length, stdout);
call    0 returned 595
     1840: 1565:	  read_pattern_space ();
call    0 returned 1840
     1840: 1566:	  break;
        -: 1567:
     1934: 1568:	case 'N':
     1934: 1569:	  if (feof (input_file))
call    0 returned 1934
branch  1 taken 8 (fallthrough)
branch  2 taken 1926
        -: 1570:	    {
        8: 1571:	      line.length = 0;
        8: 1572:	      goto quit;
        -: 1573:	    }
     1926: 1574:	  append_pattern_space ();
call    0 returned 1926
     1926: 1575:	  break;
        -: 1576:
     1242: 1577:	case 'p':
     1242: 1578:	  ck_fwrite (line.text, 1, line.length, stdout);
call    0 returned 1242
     1242: 1579:	  break;
        -: 1580:
     1119: 1581:	case 'P':
        -: 1582:	  {
        -: 1583:	    char *tmp;
        -: 1584:
     1119: 1585:	    tmp = eol_pos (line.text, line.length);
call    0 returned 1119
    2238*: 1586:	    ck_fwrite (line.text, 1,
branch  0 taken 1119 (fallthrough)
branch  1 taken 0
call    2 returned 1119
     1119: 1587:		       tmp ? tmp - line.text + 1
        -: 1588:		       : line.length, stdout);
        -: 1589:	  }
     1119: 1590:	  break;
        -: 1591:
        -: 1592:	case 'q':
       37: 1593:	quit:
       37: 1594:	  quit_cmd++;
       37: 1595:	  end_cycle++;
       37: 1596:	  break;
        -: 1597:
    #####: 1598:	case 'r':
        -: 1599:	  {
    #####: 1600:	    int n = 0;
        -: 1601:
    #####: 1602:	    if (cur_cmd->x.io_file)
branch  0 never executed
branch  1 never executed
        -: 1603:	      {
    #####: 1604:		rewind (cur_cmd->x.io_file);
call    0 never executed
        -: 1605:		do
        -: 1606:		  {
    #####: 1607:		    append.length += n;
    #####: 1608:		    if (append.length == append.alloc)
branch  0 never executed
branch  1 never executed
        -: 1609:		      {
    #####: 1610:			append.alloc *= 2;
    #####: 1611:			append.text = ck_realloc (append.text, append.alloc);
call    0 never executed
        -: 1612:		      }
[...]
        -:11472:
        -:11473:	  if (first_nonopt != last_nonopt && last_nonopt != optind)
        -:11474:	    exchange ((char **) argv);
        -:11475:	  else if (first_nonopt == last_nonopt)
        -:11476:	    first_nonopt = optind;
        -:11477:	  last_nonopt = argc;
        -:11478:
        -:11479:	  optind = argc;
        -:11480:	}
        -:11481:
        -:11482:      /* If we have done all the ARGV-elements, stop the scan
        -:11483:	 and back over any non-options that we skipped and permuted.  */
        -:11484:
        -:11485:      if (optind == argc)
        -:11486:	{
        -:11487:	  /* Set the next-arg-index to point at the non-options
        -:11488:	     that we previously skipped, so the caller will digest them.  */
        -:11489:	  if (first_nonopt != last_nonopt)
        -:11490:	    optind = first_nonopt;
        -:11491:	  return EOF;
        -:11492:	}
        -:11493:
        -:11494:      /* If we have come to a non-option and did not permute it,
        -:11495:	 either stop the scan or describe it to the caller and pass it by.  */
        -:11496:
        -:11497:      if ((argv[optind][0] != '-' || argv[optind][1] == '\0')
        -:11498:#ifdef GETOPT_COMPAT
        -:11499:	  && (longopts == NULL
        -:11500:	      || argv[optind][0] != '+' || argv[optind][1] == '\0')
        -:11501:#endif				/* GETOPT_COMPAT */
        -:11502:	  )
        -:11503:	{
        -:11504:	  if (ordering == REQUIRE_ORDER)
        -:11505:	    return EOF;
        -:11506:	  optarg = argv[optind++];
        -:11507:	  return 1;
        -:11508:	}
        -:11509:
        -:11510:      /* We have found another option-ARGV-element.
        -:11511:	 Start decoding its characters.  */
        -:11512:
        -:11513:      nextchar = (argv[optind] + 1
        -:11514:		  + (longopts != NULL && argv[optind][1] == '-'));
        -:11515:    }
        -:11516:
        -:11517:  if (longopts != NULL
        -:11518:      && ((argv[optind][0] == '-'
        -:11519:	   && (argv[optind][1] == '-' || long_only))
        -:11520:#ifdef GETOPT_COMPAT
        -:11521:	  || argv[optind][0] == '+'
        -:11522:#endif				/* GETOPT_COMPAT */
        -:11523:	  ))
        -:11524:    {
        -:11525:      const struct option *p;
        -:11526:      char *s = nextchar;
        -:11527:      int exact = 0;
        -:11528:      int ambig = 0;
        -:11529:      const struct option *pfound = NULL;
        -:11530:      int indfound;
        -:11531:
        -:11532:      while (*s && *s != '=')
        -:11533:	s++;
        -:11534:
        -:11535:      /* Test all options for either exact match or abbreviated matches.  */
        -:11536:      for (p = longopts, option_index = 0; p->name;
        -:11537:	   p++, option_index++)
        -:11538:	if (!strncmp (p->name, nextchar, s - nextchar))
        -:11539:	  {
        -:11540:	    if (s - nextchar == strlen (p->name))
        -:11541:	      {
        -:11542:		/* Exact match found.  */
        -:11543:		pfound = p;
        -:11544:		indfound = option_index;
        -:11545:		exact = 1;
        -:11546:		break;
        -:11547:	      }
        -:11548:	    else if (pfound == NULL)
        -:11549:	      {
        -:11550:		/* First nonexact match found.  */
        -:11551:		pfound = p;
        -:11552:		indfound = option_index;
        -:11553:	      }
        -:11554:	    else
        -:11555:	      /* Second nonexact match found.  */
        -:11556:	      ambig = 1;
        -:11557:	  }
        -:11558:
        -:11559:      if (ambig && !exact)
        -:11560:	{
        -:11561:	  if (opterr)
        -:11562:	    fprintf (stderr, "%s: option `%s' is ambiguous\n",
        -:11563:		     myname, argv[optind]);
        -:11564:	  nextchar += strlen (nextchar);
        -:11565:	  optind++;
        -:11566:	  return '?';
        -:11567:	}
        -:11568:
        -:11569:      if (pfound != NULL)
        -:11570:	{
        -:11571:	  option_index = indfound;
        -:11572:	  optind++;
        -:11573:	  if (*s)
        -:11574:	    {
        -:11575:	      /* Don't test has_arg with >, because some C compilers don't
        -:11576:		 allow it to be used on enums.  */
        -:11577:	      if (pfound->has_arg)
        -:11578:		optarg = s + 1;
        -:11579:	      else
        -:11580:		{
        -:11581:		  if (opterr)
        -:11582:		    {
        -:11583:		      if (argv[optind - 1][1] == '-')
        -:11584:			/* --option */
        -:11585:			fprintf (stderr,
        -:11586:				 "%s: option `--%s' doesn't allow an argument\n",
        -:11587:				 myname, pfound->name);
        -:11588:		      else
        -:11589:			/* +option or -option */
        -:11590:			fprintf (stderr,
        -:11591:			     "%s: option `%c%s' doesn't allow an argument\n",
        -:11592:			     myname, argv[optind - 1][0], pfound->name);
        -:11593:		    }
        -:11594:		  nextchar += strlen (nextchar);
        -:11595:		  return '?';
        -:11596:		}
        -:11597:	    }
        -:11598:	  else if (pfound->has_arg == 1)
        -:11599:	    {
        -:11600:	      if (optind < argc)
        -:11601:		optarg = argv[optind++];
        -:11602:	      else
        -:11603:		{
        -:11604:		  if (opterr)
        -:11605:		    fprintf (stderr, "%s: option `%s' requires an argument\n",
        -:11606:			     myname, argv[optind - 1]);
        -:11607:		  nextchar += strlen (nextchar);
        -:11608:		  return optstring[0] == ':' ? ':' : '?';
        -:11609:		}
        -:11610:	    }
        -:11611:	  nextchar += strlen (nextchar);
        -:11612:	  if (longind != NULL)
        -:11613:	    *longind = option_index;
        -:11614:	  if (pfound->flag)
        -:11615:	    {
        -:11616:	      *(pfound->flag) = pfound->val;
        -:11617:	      return 0;
        -:11618:	    }
        -:11619:	  return pfound->val;
        -:11620:	}
        -:11621:      /* Can't find it as a long option.  If this is not getopt_long_only,
        -:11622:	 or the option starts with '--' or is not a valid short
        -:11623:	 option, then it's an error.
        -:11624:	 Otherwise interpret it as a short option.  */
        -:11625:      if (!long_only || argv[optind][1] == '-'
        -:11626:#ifdef GETOPT_COMPAT
        -:11627:	  || argv[optind][0] == '+'
        -:11628:#endif				/* GETOPT_COMPAT */
        -:11629:	  || my_index (optstring, *nextchar) == NULL)
        -:11630:	{
        -:11631:	  if (opterr)
        -:11632:	    {
        -:11633:	      if (argv[optind][1] == '-')
        -:11634:		/* --option */
        -:11635:		fprintf (stderr, "%s: unrecognized option `--%s'\n",
        -:11636:			 myname, nextchar);
        -:11637:	      else
        -:11638:		/* +option or -option */
        -:11639:		fprintf (stderr, "%s: unrecognized option `%c%s'\n",
        -:11640:			 myname, argv[optind][0], nextchar);
        -:11641:	    }
        -:11642:	  nextchar = (char *) "";
        -:11643:	  optind++;
        -:11644:	  return '?';
        -:11645:	}
        -:11646:    }
        -:11647:
        -:11648:  /* Look at and handle the next option-character.  */
        -:11649:
        -:11650:  {
        -:11651:    char c = *nextchar++;
        -:11652:    char *temp = my_index (optstring, c);
        -:11653:
        -:11654:    /* Increment `optind' when we start to process its last character.  */
        -:11655:    if (*nextchar == '\0')
        -:11656:      ++optind;
        -:11657:
        -:11658:    if (temp == NULL || c == ':')
        -:11659:      {
        -:11660:	if (opterr)
        -:11661:	  {
        -:11662:#if 0
        -:11663:	    if (c < 040 || c >= 0177)
        -:11664:	      fprintf (stderr, "%s: unrecognized option, character code 0%o\n",
        -:11665:		       myname, c);
        -:11666:	    else
        -:11667:	      fprintf (stderr, "%s: unrecognized option `-%c'\n", myname, c);
        -:11668:#else
        -:11669:	    /* 1003.2 specifies the format of this message.  */
        -:11670:	    fprintf (stderr, "%s: illegal option -- %c\n", myname, c);
        -:11671:#endif
        -:11672:	  }
        -:11673:	optopt = c;
        -:11674:	return '?';
        -:11675:      }
        -:11676:    if (temp[1] == ':')
        -:11677:      {
        -:11678:	if (temp[2] == ':')
        -:11679:	  {
        -:11680:	    /* This is an option that accepts an argument optionally.  */
        -:11681:	    if (*nextchar != '\0')
        -:11682:	      {
        -:11683:		optarg = nextchar;
        -:11684:		optind++;
        -:11685:	      }
        -:11686:	    else
        -:11687:	      optarg = 0;
        -:11688:	    nextchar = NULL;
        -:11689:	  }
        -:11690:	else
        -:11691:	  {
        -:11692:	    /* This is an option that requires an argument.  */
        -:11693:	    if (*nextchar != '\0')
        -:11694:	      {
        -:11695:		optarg = nextchar;
        -:11696:		/* If we end this ARGV-element by taking the rest as an arg,
        -:11697:		   we must advance to the next element now.  */
        -:11698:		optind++;
        -:11699:	      }
        -:11700:	    else if (optind == argc)
        -:11701:	      {
        -:11702:		if (opterr)
        -:11703:		  {
        -:11704:#if 0
        -:11705:		    fprintf (stderr, "%s: option `-%c' requires an argument\n",
        -:11706:			     myname, c);
        -:11707:#else
        -:11708:		    /* 1003.2 specifies the format of this message.  */
        -:11709:		    fprintf (stderr, "%s: option requires an argument -- %c\n",
        -:11710:			     myname, c);
        -:11711:#endif
        -:11712:		  }
        -:11713:		optopt = c;
        -:11714:		if (optstring[0] == ':')
        -:11715:		  c = ':';
        -:11716:		else
        -:11717:		  c = '?';
        -:11718:	      }
        -:11719:	    else
        -:11720:	      /* We already incremented `optind' once;
        -:11721:		 increment it again when taking next ARGV-elt as argument.  */
        -:11722:	      optarg = argv[optind++];
        -:11723:	    nextchar = NULL;
        -:11724:	  }
        -:11725:      }
        -:11726:    return c;
        -:11727:  }
        -:11728:}
        -:11729:
        -:11730:int
        -:11731:getopt (argc, argv, optstring)
        -:11732:     int argc;
        -:11733:     char *const *argv;
        -:11734:     const char *optstring;
        -:11735:{
        -:11736:  return _getopt_internal (argc, argv, optstring,
        -:11737:			   (const struct option *) 0,
        -:11738:			   (int *) 0,
        -:11739:			   0);
        -:11740:}
        -:11741:
        -:11742:#endif	/* _LIBC or not __GNU_LIBRARY__.  */
        -:11743:
        -:11744:#ifdef TEST
        -:11745:
        -:11746:/* Compile with -DTEST to make an executable for use in testing
        -:11747:   the above definition of `getopt'.  */
        -:11748:
        -:11749:int
        -:11750:main (argc, argv)
        -:11751:     int argc;
        -:11752:     char **argv;
        -:11753:{
        -:11754:  int c;
        -:11755:  int digit_optind = 0;
        -:11756:
        -:11757:  while (1)
        -:11758:    {
        -:11759:      int this_option_optind = optind ? optind : 1;
        -:11760:
        -:11761:      c = getopt (argc, argv, "abc:d:0123456789");
        -:11762:      if (c == EOF)
        -:11763:	break;
        -:11764:
        -:11765:      switch (c)
        -:11766:	{
        -:11767:	case '0':
        -:11768:	case '1':
        -:11769:	case '2':
        -:11770:	case '3':
        -:11771:	case '4':
        -:11772:	case '5':
        -:11773:	case '6':
        -:11774:	case '7':
        -:11775:	case '8':
        -:11776:	case '9':
        -:11777:	  if (digit_optind != 0 && digit_optind != this_option_optind)
        -:11778:	    printf ("digits occur in two different argv-elements.\n");
        -:11779:	  digit_optind = this_option_optind;
        -:11780:	  printf ("option %c\n", c);
        -:11781:	  break;
        -:11782:
        -:11783:	case 'a':
        -:11784:	  printf ("option a\n");
        -:11785:	  break;
        -:11786:
        -:11787:	case 'b':
        -:11788:	  printf ("option b\n");
        -:11789:	  break;
        -:11790:
        -:11791:	case 'c':
        -:11792:	  printf ("option c with value `%s'\n", optarg);
        -:11793:	  break;
        -:11794:
        -:11795:	case '?':
        -:11796:	  break;
        -:11797:
        -:11798:	default:
        -:11799:	  printf ("?? getopt returned character code 0%o ??\n", c);
        -:11800:	}
        -:11801:    }
        -:11802:
        -:11803:  if (optind < argc)
        -:11804:    {
        -:11805:      printf ("non-option ARGV-elements: ");
        -:11806:      while (optind < argc)
        -:11807:	printf ("%s ", argv[optind++]);
        -:11808:      printf ("\n");
        -:11809:    }
        -:11810:
        -:11811:  exit (0);
        -:11812:}
        -:11813:
        -:11814:#endif /* TEST */
        -:11815:/* getopt_long and getopt_long_only entry points for GNU getopt.
        -:11816:   Copyright (C) 1987, 88, 89, 90, 91, 92, 1993
        -:11817:	Free Software Foundation, Inc.
        -:11818:
        -:11819:   This program is free software; you can redistribute it and/or modify it
        -:11820:   under the terms of the GNU General Public License as published by the
        -:11821:   Free Software Foundation; either version 2, or (at your option) any
        -:11822:   later version.
        -:11823:
        -:11824:   This program is distributed in the hope that it will be useful,
        -:11825:   but WITHOUT ANY WARRANTY; without even the implied warranty of
        -:11826:   MERCHANTABILITY or FITNESS FOR A PARTICULAR PURPOSE.  See the
        -:11827:   GNU General Public License for more details.
        -:11828:
        -:11829:   You should have received a copy of the GNU General Public License
        -:11830:   along with this program; if not, write to the Free Software
        -:11831:   Foundation, 675 Mass Ave, Cambridge, MA 02139, USA.  */
        -:11832:
        -:11833:#ifdef HAVE_CONFIG_H
        -:11834:#include "config.h"
        -:11835:#endif
        -:11836:
        -:11837:#include "getopt.h"
        -:11838:
        -:11839:#if !__STDC__ && !defined(const) && IN_GCC
        -:11840:#define const
        -:11841:#endif
        -:11842:
        -:11843:#include <stdio.h>
        -:11844:
        -:11845:/* Comment out all this code if we are using the GNU C Library, and are not
        -:11846:   actually compiling the library itself.  This code is part of the GNU C
        -:11847:   Library, but also included in many other GNU distributions.  Compiling
        -:11848:   and linking in this code is a waste when using the GNU C library
        -:11849:   (especially if it is a shared library).  Rather than having every GNU
        -:11850:   program understand `configure --with-gnu-libc' and omit the object files,
        -:11851:   it is simpler to just do this in the source for each such file.  */
        -:11852:
        -:11853:#if defined (_LIBC) || !defined (__GNU_LIBRARY__)
        -:11854:
        -:11855:
        -:11856:/* This needs to come after some library #include
        -:11857:   to get __GNU_LIBRARY__ defined.  */
        -:11858:#ifdef __GNU_LIBRARY__
        -:11859:#include <stdlib.h>
        -:11860:#else
        -:11861:char *getenv ();
        -:11862:#endif
        -:11863:
        -:11864:#ifndef	NULL
        -:11865:#define NULL 0
        -:11866:#endif
        -:11867:
        -:11868:int
        -:11869:getopt_long (argc, argv, options, long_options, opt_index)
        -:11870:     int argc;
        -:11871:     char *const *argv;
        -:11872:     const char *options;
        -:11873:     const struct option *long_options;
        -:11874:     int *opt_index;
        -:11875:{
        -:11876:  return _getopt_internal (argc, argv, options, long_options, opt_index, 0);
        -:11877:}
        -:11878:
        -:11879:/* Like getopt_long, but '-' as well as '--' can indicate a long option.
        -:11880:   If an option that starts with '-' (not '--') doesn't match a long option,
        -:11881:   but does match a short option, it is parsed as a short option
        -:11882:   instead.  */
        -:11883:
        -:11884:int
        -:11885:getopt_long_only (argc, argv, options, long_options, opt_index)
        -:11886:     int argc;
        -:11887:     char *const *argv;
        -:11888:     const char *options;
        -:11889:     const struct option *long_options;
        -:11890:     int *opt_index;
        -:11891:{
        -:11892:  return _getopt_internal (argc, argv, options, long_options, opt_index, 1);
        -:11893:}
        -:11894:
        -:11895:
        -:11896:#endif	/* _LIBC or not __GNU_LIBRARY__.  */
        -:11897:
        -:11898:#ifdef TEST
        -:11899:
        -:11900:#include <stdio.h>
        -:11901:
        -:11902:int
        -:11903:main (argc, argv)
        -:11904:     int argc;
        -:11905:     char **argv;
        -:11906:{
        -:11907:  int c;
        -:11908:  int digit_optind = 0;
        -:11909:
        -:11910:  while (1)
        -:11911:    {
        -:11912:      int this_option_optind = optind ? optind : 1;
        -:11913:      int option_index = 0;
        -:11914:      static struct option long_options[] =
        -:11915:      {
        -:11916:	{"add", 1, 0, 0},
        -:11917:	{"append", 0, 0, 0},
        -:11918:	{"delete", 1, 0, 0},
        -:11919:	{"verbose", 0, 0, 0},
        -:11920:	{"create", 0, 0, 0},
        -:11921:	{"file", 1, 0, 0},
        -:11922:	{0, 0, 0, 0}
        -:11923:      };
        -:11924:
        -:11925:      c = getopt_long (argc, argv, "abc:d:0123456789",
        -:11926:		       long_options, &option_index);
        -:11927:      if (c == EOF)
        -:11928:	break;
        -:11929:
        -:11930:      switch (c)
        -:11931:	{
        -:11932:	case 0:
        -:11933:	  printf ("option %s", long_options[option_index].name);
        -:11934:	  if (optarg)
        -:11935:	    printf (" with arg %s", optarg);
        -:11936:	  printf ("\n");
        -:11937:	  break;
        -:11938:
        -:11939:	case '0':
        -:11940:	case '1':
        -:11941:	case '2':
        -:11942:	case '3':
        -:11943:	case '4':
        -:11944:	case '5':
        -:11945:	case '6':
        -:11946:	case '7':
        -:11947:	case '8':
        -:11948:	case '9':
        -:11949:	  if (digit_optind != 0 && digit_optind != this_option_optind)
        -:11950:	    printf ("digits occur in two different argv-elements.\n");
        -:11951:	  digit_optind = this_option_optind;
        -:11952:	  printf ("option %c\n", c);
        -:11953:	  break;
        -:11954:
        -:11955:	case 'a':
        -:11956:	  printf ("option a\n");
        -:11957:	  break;
        -:11958:
        -:11959:	case 'b':
        -:11960:	  printf ("option b\n");
        -:11961:	  break;
        -:11962:
        -:11963:	case 'c':
        -:11964:	  printf ("option c with value `%s'\n", optarg);
        -:11965:	  break;
        -:11966:
        -:11967:	case 'd':
        -:11968:	  printf ("option d with value `%s'\n", optarg);
        -:11969:	  break;
        -:11970:
        -:11971:	case '?':
        -:11972:	  break;
        -:11973:
        -:11974:	default:
        -:11975:	  printf ("?? getopt returned character code 0%o ??\n", c);
        -:11976:	}
        -:11977:    }
        -:11978:
        -:11979:  if (optind < argc)
        -:11980:    {
        -:11981:      printf ("non-option ARGV-elements: ");
        -:11982:      while (optind < argc)
        -:11983:	printf ("%s ", argv[optind++]);
        -:11984:      printf ("\n");
        -:11985:    }
        -:11986:
        -:11987:  exit (0);
        -:11988:}
        -:11989:
        -:11990:#endif /* TEST */
