        -:    0:Source:grep.c
        -:    0:Graph:grep.gcno
        -:    0:Data:grep.gcda
        -:    0:Runs:809
        -:    1:/* grep.c - main driver file for grep.
        -:    2:   Copyright 1992, 1997-1999, 2000 Free Software Foundation, Inc.
        -:    3:
        -:    4:   This program is free software; you can redistribute it and/or modify
        -:    5:   it under the terms of the GNU General Public License as published by
        -:    6:   the Free Software Foundation; either version 2, or (at your option)
        -:    7:   any later version.
        -:    8:
        -:    9:   This program is distributed in the hope that it will be useful,
        -:   10:   but WITHOUT ANY WARRANTY; without even the implied warranty of
        -:   11:   MERCHANTABILITY or FITNESS FOR A PARTICULAR PURPOSE.  See the
        -:   12:   GNU General Public License for more details.
        -:   13:
        -:   14:   You should have received a copy of the GNU General Public License
        -:   15:   along with this program; if not, write to the Free Software
        -:   16:   Foundation, Inc., 59 Temple Place - Suite 330, Boston, MA
        -:   17:   02111-1307, USA.  */
        -:   18:
        -:   19:/* Written July 1992 by Mike Haertel.  */
        -:   20:/********* I added follow from makefile in order to run cfe*********/
        -:   21:#define HAVE_CONFIG_H 1
        -:   22:#define LOCALEDIR "/nfs/spectre/u4/jin/research/experiments/grep/docs/grep_2.4.1/lib/locale"
        -:   23:/*#define _FILE_OFFSET_BITS 32 */  /** I change this line in config.h from 64 to 32 **/
        -:   24:
        -:   25:/*** end of added for cfe ****/ 
        -:   26:
        -:   27:#ifdef HAVE_CONFIG_H
        -:   28:# include <config.h>
        -:   29:#define flag_config 1
        -:   30:#endif
        -:   31:#include <sys/types.h>
        -:   32:#define flag_systypes 1
        -:   33:#include <sys/stat.h>
        -:   34:#if defined(HAVE_MMAP)
        -:   35:# include <sys/mman.h>
        -:   36:#endif
        -:   37:#if defined(HAVE_SETRLIMIT)
        -:   38:# include <sys/time.h>
        -:   39:# include <sys/resource.h>
        -:   40:#endif
        -:   41:#include <stdio.h>
        -:   42:
        -:   43:/*******IMPORTANT CHANGE for let stderr redirect to a file *******/
        -:   44:#undef stderr
        -:   45:#define stderr stdout
        -:   46:/******* FINISH IMPORTANT CHANGE *********/
        -:   47:
        -:   48:#include "system.h"
        -:   49:#include "getopt.h"
        -:   50:#include "getpagesize.h"
        -:   51:#include "grep.h"
        -:   52:#include "savedir.h"
        -:   53:
        -:   54:#undef MAX
        -:   55:#define MAX(A,B) ((A) > (B) ? (A) : (B))
        -:   56:
        -:   57:struct stats
        -:   58:{
        -:   59:  struct stats *parent;
        -:   60:  struct stat stat;
        -:   61:};
        -:   62:
        -:   63:/* base of chain of stat buffers, used to detect directory loops */
        -:   64:static struct stats stats_base;
        -:   65:
        -:   66:/* if non-zero, display usage information and exit */
        -:   67:static int show_help;
        -:   68:
        -:   69:/* If non-zero, print the version on standard output and exit.  */
        -:   70:static int show_version;
        -:   71:
        -:   72:/* If nonzero, use mmap if possible.  */
        -:   73:static int mmap_option;
        -:   74:
        -:   75:/* Short options.  */
        -:   76:static char const short_options[] =
        -:   77:"0123456789A:B:C::EFGHIUVX:abcd:e:f:hiLlnqrsuvwxyZz";
        -:   78:
        -:   79:/* Non-boolean long options that have no corresponding short equivalents.  */
        -:   80:enum
        -:   81:{
        -:   82:  BINARY_FILES_OPTION = CHAR_MAX + 1
        -:   83:};
        -:   84:
        -:   85:/* Long options equivalences. */
        -:   86:static struct option long_options[] =
        -:   87:{
        -:   88:  {"after-context", required_argument, NULL, 'A'},
        -:   89:  {"basic-regexp", no_argument, NULL, 'G'},
        -:   90:  {"before-context", required_argument, NULL, 'B'},
        -:   91:  {"binary-files", required_argument, NULL, BINARY_FILES_OPTION},
        -:   92:  {"byte-offset", no_argument, NULL, 'b'},
        -:   93:  {"context", optional_argument, NULL, 'C'},
        -:   94:  {"count", no_argument, NULL, 'c'},
        -:   95:  {"directories", required_argument, NULL, 'd'},
        -:   96:  {"extended-regexp", no_argument, NULL, 'E'},
        -:   97:  {"file", required_argument, NULL, 'f'},
        -:   98:  {"files-with-matches", no_argument, NULL, 'l'},
        -:   99:  {"files-without-match", no_argument, NULL, 'L'},
        -:  100:  {"fixed-regexp", no_argument, NULL, 'F'},
        -:  101:  {"fixed-strings", no_argument, NULL, 'F'},
        -:  102:  {"help", no_argument, &show_help, 1},
        -:  103:  {"ignore-case", no_argument, NULL, 'i'},
        -:  104:  {"line-number", no_argument, NULL, 'n'},
        -:  105:  {"line-regexp", no_argument, NULL, 'x'},
        -:  106:  {"mmap", no_argument, &mmap_option, 1},
        -:  107:  {"no-filename", no_argument, NULL, 'h'},
        -:  108:  {"no-messages", no_argument, NULL, 's'},
        -:  109:  {"null", no_argument, NULL, 'Z'},
        -:  110:  {"null-data", no_argument, NULL, 'z'},
        -:  111:  {"quiet", no_argument, NULL, 'q'},
        -:  112:  {"recursive", no_argument, NULL, 'r'},
        -:  113:  {"regexp", required_argument, NULL, 'e'},
        -:  114:  {"invert-match", no_argument, NULL, 'v'},
        -:  115:  {"silent", no_argument, NULL, 'q'},
        -:  116:  {"text", no_argument, NULL, 'a'},
        -:  117:  {"binary", no_argument, NULL, 'U'},
        -:  118:  {"unix-byte-offsets", no_argument, NULL, 'u'},
        -:  119:  {"version", no_argument, NULL, 'V'},
        -:  120:  {"with-filename", no_argument, NULL, 'H'},
        -:  121:  {"word-regexp", no_argument, NULL, 'w'},
        -:  122:  {0, 0, 0, 0}
        -:  123:};
        -:  124:
        -:  125:/* Define flags declared in grep.h. */
        -:  126:int match_icase;
        -:  127:int match_words;
        -:  128:int match_lines;
        -:  129:unsigned char eolbyte;
        -:  130:
        -:  131:/* For error messages. */
        -:  132:static char *prog;
        -:  133:static char const *filename;
        -:  134:static int errseen;
        -:  135:
        -:  136:/* How to handle directories.  */
        -:  137:static enum
        -:  138:  {
        -:  139:    READ_DIRECTORIES,
        -:  140:    RECURSE_DIRECTORIES,
        -:  141:    SKIP_DIRECTORIES
        -:  142:  } directories;
        -:  143:
        -:  144:static int  ck_atoi PARAMS ((char const *, int *));
        -:  145:static void usage PARAMS ((int)) __attribute__((noreturn));
        -:  146:static void error PARAMS ((const char *, int));
        -:  147:static void setmatcher PARAMS ((char const *));
        -:  148:static int  install_matcher PARAMS ((char const *));
        -:  149:static int  prepend_args PARAMS ((char const *, char *, char **));
        -:  150:static void prepend_default_options PARAMS ((char const *, int *, char ***));
        -:  151:static char *page_alloc PARAMS ((size_t, char **));
        -:  152:static int  reset PARAMS ((int, char const *, struct stats *));
        -:  153:static int  fillbuf PARAMS ((size_t, struct stats *));
        -:  154:static int  grepbuf PARAMS ((char *, char *));
        -:  155:static void prtext PARAMS ((char *, char *, int *));
        -:  156:static void prpending PARAMS ((char *));
        -:  157:static void prline PARAMS ((char *, char *, int));
        -:  158:static void print_offset_sep PARAMS ((off_t, int));
        -:  159:static void nlscan PARAMS ((char *));
        -:  160:static int  grep PARAMS ((int, char const *, struct stats *));
        -:  161:static int  grepdir PARAMS ((char const *, struct stats *));
        -:  162:static int  grepfile PARAMS ((char const *, struct stats *));
        -:  163:#if O_BINARY
        -:  164:static inline int undossify_input PARAMS ((register char *, size_t));
        -:  165:#endif
        -:  166:
        -:  167:/* Functions we'll use to search. */
        -:  168:static void (*compile) PARAMS ((char *, size_t));
        -:  169:static char *(*execute) PARAMS ((char *, size_t, char **));
        -:  170:
        -:  171:/* Print a message and possibly an error string.  Remember
        -:  172:   that something awful happened. */
        -:  173:static void
function error called 86 returned 100% blocks executed 100%
       86:  174:error (const char *mesg, int errnum)
        -:  175:{
       86:  176:  if (errnum)
branch  0 taken 21 (fallthrough)
branch  1 taken 65
       21:  177:    fprintf (stderr, "%s: %s: %s\n", prog, mesg, strerror (errnum));
call    0 returned 21
call    1 returned 21
        -:  178:  else
       65:  179:    fprintf (stderr, "%s: %s\n", prog, mesg);
call    0 returned 65
       86:  180:  errseen = 1;
       86:  181:}
        -:  182:
        -:  183:/* Like error (), but die horribly after printing. */
        -:  184:void
function fatal called 79 returned 0% blocks executed 100%
       79:  185:fatal (const char *mesg, int errnum)
        -:  186:{
       79:  187:  error (mesg, errnum);
call    0 returned 79
       79:  188:  exit (2);
        -:  189:}
        -:  190:
        -:  191:/* Interface to handle errors and fix library lossage. */
        -:  192:char *
function xmalloc called 2763 returned 100% blocks executed 80%
     2763:  193:xmalloc (size_t size)
        -:  194:{
        -:  195:  char *result;
        -:  196:
     2763:  197:  result = malloc (size);
     2763:  198:  if (size && !result)
branch  0 taken 2763 (fallthrough)
branch  1 taken 0
branch  2 taken 0 (fallthrough)
branch  3 taken 2763
    #####:  199:    fatal (_("memory exhausted"), 0);
call    0 never executed
     2763:  200:  return result;
        -:  201:}
        -:  202:
        -:  203:/* Interface to handle errors and fix some library lossage. */
        -:  204:char *
function xrealloc called 37 returned 100% blocks executed 88%
       37:  205:xrealloc (char *ptr, size_t size)
        -:  206:{
        -:  207:  char *result;
        -:  208:
       37:  209:  if (ptr)
branch  0 taken 28 (fallthrough)
branch  1 taken 9
       28:  210:    result = realloc (ptr, size);
        -:  211:  else
        9:  212:    result = malloc (size);
       37:  213:  if (size && !result)
branch  0 taken 37 (fallthrough)
branch  1 taken 0
branch  2 taken 0 (fallthrough)
branch  3 taken 37
    #####:  214:    fatal (_("memory exhausted"), 0);
call    0 never executed
       37:  215:  return result;
        -:  216:}
        -:  217:
        -:  218:/* Convert STR to a positive integer, storing the result in *OUT.
        -:  219:   If STR is not a valid integer, return -1 (otherwise 0). */
        -:  220:static int
function ck_atoi called 6 returned 100% blocks executed 100%
        6:  221:ck_atoi (char const *str, int *out)
        -:  222:{
        -:  223:  char const *p;
       10:  224:  for (p = str; *p; p++)
branch  0 taken 6
branch  1 taken 4 (fallthrough)
        6:  225:    if (*p < '0' || *p > '9')
branch  0 taken 4 (fallthrough)
branch  1 taken 2
branch  2 taken 0 (fallthrough)
branch  3 taken 4
        2:  226:      return -1;
        -:  227:
        4:  228:  *out = atoi (optarg);
        4:  229:  return 0;
        -:  230:}
        -:  231:
        -:  232:
        -:  233:/* Hairy buffering mechanism for grep.  The intent is to keep
        -:  234:   all reads aligned on a page boundary and multiples of the
        -:  235:   page size. */
        -:  236:
        -:  237:static char *ubuffer;		/* Unaligned base of buffer. */
        -:  238:static char *buffer;		/* Base of buffer. */
        -:  239:static size_t bufsalloc;	/* Allocated size of buffer save region. */
        -:  240:static size_t bufalloc;		/* Total buffer size. */
        -:  241:#define PREFERRED_SAVE_FACTOR 5	/* Preferred value of bufalloc / bufsalloc.  */
        -:  242:static int bufdesc;		/* File descriptor. */
        -:  243:static char *bufbeg;		/* Beginning of user-visible stuff. */
        -:  244:static char *buflim;		/* Limit of user-visible stuff. */
        -:  245:static size_t pagesize;		/* alignment of memory pages */
        -:  246:static off_t bufoffset;		/* Read offset; defined on regular files.  */
        -:  247:
        -:  248:#if defined(HAVE_MMAP)
        -:  249:static int bufmapped;		/* True if buffer is memory-mapped.  */
        -:  250:static off_t initial_bufoffset;	/* Initial value of bufoffset. */
        -:  251:#endif
        -:  252:
        -:  253:/* Return VAL aligned to the next multiple of ALIGNMENT.  VAL can be
        -:  254:   an integer or a pointer.  Both args must be free of side effects.  */
        -:  255:#define ALIGN_TO(val, alignment) \
        -:  256:  ((size_t) (val) % (alignment) == 0 \
        -:  257:   ? (val) \
        -:  258:   : (val) + ((alignment) - (size_t) (val) % (alignment)))
        -:  259:
        -:  260:/* Return the address of a page-aligned buffer of size SIZE,
        -:  261:   reallocating it from *UP.  Set *UP to the newly allocated (but
        -:  262:   possibly unaligned) buffer used to build the aligned buffer.  To
        -:  263:   free the buffer, free (*UP).  */
        -:  264:static char *
function page_alloc called 720 returned 100% blocks executed 73%
      720:  265:page_alloc (size_t size, char **up)
        -:  266:{
      720:  267:  size_t asize = size + pagesize - 1;
      720:  268:  if (size <= asize)
branch  0 taken 720 (fallthrough)
branch  1 taken 0
        -:  269:    {
     720*:  270:      char *p = *up ? realloc (*up, asize) : malloc (asize);
branch  0 taken 0 (fallthrough)
branch  1 taken 720
      720:  271:      if (p)
branch  0 taken 720 (fallthrough)
branch  1 taken 0
        -:  272:	{
      720:  273:	  *up = p;
     720*:  274:	  return ALIGN_TO (p, pagesize);
branch  0 taken 720 (fallthrough)
branch  1 taken 0
        -:  275:	}
        -:  276:    }
    #####:  277:  return NULL;
        -:  278:}
        -:  279:
        -:  280:/* Reset the buffer for a new file, returning zero if we should skip it.
        -:  281:   Initialize on the first time through. */
        -:  282:static int
function reset called 1696 returned 100% blocks executed 66%
     1696:  283:reset (int fd, char const *file, struct stats *stats)
        -:  284:{
     1696:  285:  if (pagesize)
branch  0 taken 976 (fallthrough)
branch  1 taken 720
     976*:  286:    bufsalloc = ALIGN_TO (bufalloc / PREFERRED_SAVE_FACTOR, pagesize);
branch  0 taken 976 (fallthrough)
branch  1 taken 0
        -:  287:  else
        -:  288:    {
        -:  289:      size_t ubufsalloc;
      720:  290:      pagesize = getpagesize ();
      720:  291:      if (pagesize == 0)
branch  0 taken 0 (fallthrough)
branch  1 taken 720
    #####:  292:	abort ();
call    0 never executed
        -:  293:#ifndef BUFSALLOC
      720:  294:      ubufsalloc = MAX (8192, pagesize);
        -:  295:#else
        -:  296:      ubufsalloc = BUFSALLOC;
        -:  297:#endif
     720*:  298:      bufsalloc = ALIGN_TO (ubufsalloc, pagesize);
branch  0 taken 0 (fallthrough)
branch  1 taken 720
      720:  299:      bufalloc = PREFERRED_SAVE_FACTOR * bufsalloc;
        -:  300:      /* The 1 byte of overflow is a kludge for dfaexec(), which
        -:  301:	 inserts a sentinel newline at the end of the buffer
        -:  302:	 being searched.  There's gotta be a better way... */
      720:  303:      if (bufsalloc < ubufsalloc
branch  0 taken 720 (fallthrough)
branch  1 taken 0
      720:  304:	  || bufalloc / PREFERRED_SAVE_FACTOR != bufsalloc
branch  0 taken 720 (fallthrough)
branch  1 taken 0
      720:  305:	  || bufalloc + 1 < bufalloc
branch  0 taken 720 (fallthrough)
branch  1 taken 0
      720:  306:	  || ! (buffer = page_alloc (bufalloc + 1, &ubuffer)))
call    0 returned 720
branch  1 taken 0 (fallthrough)
branch  2 taken 720
    #####:  307:	fatal (_("memory exhausted"), 0);
call    0 never executed
        -:  308:    }
        -:  309:
     1696:  310:  buflim = buffer;
     1696:  311:  bufdesc = fd;
        -:  312:
     1696:  313:  if (fstat (fd, &stats->stat) != 0)
call    0 returned 1696
branch  1 taken 0 (fallthrough)
branch  2 taken 1696
        -:  314:    {
    #####:  315:      error ("fstat", errno);
call    0 never executed
    #####:  316:      return 0;
        -:  317:    }
    1696*:  318:  if (directories == SKIP_DIRECTORIES && S_ISDIR (stats->stat.st_mode))
branch  0 taken 0 (fallthrough)
branch  1 taken 1696
branch  2 never executed
branch  3 never executed
    #####:  319:    return 0;
     1696:  320:  if (S_ISREG (stats->stat.st_mode))
branch  0 taken 1696 (fallthrough)
branch  1 taken 0
        -:  321:    {
     1696:  322:      if (file)
branch  0 taken 1687 (fallthrough)
branch  1 taken 9
     1687:  323:	bufoffset = 0;
        -:  324:      else
        -:  325:	{
        9:  326:	  bufoffset = lseek (fd, 0, SEEK_CUR);
call    0 returned 9
        9:  327:	  if (bufoffset < 0)
branch  0 taken 0 (fallthrough)
branch  1 taken 9
        -:  328:	    {
    #####:  329:	      error ("lseek", errno);
call    0 never executed
    #####:  330:	      return 0;
        -:  331:	    }
        -:  332:	}
        -:  333:#ifdef HAVE_MMAP
     1696:  334:      initial_bufoffset = bufoffset;
    1696*:  335:      bufmapped = mmap_option && bufoffset % pagesize == 0;
branch  0 taken 0 (fallthrough)
branch  1 taken 1696
branch  2 never executed
branch  3 never executed
        -:  336:#endif
        -:  337:    }
        -:  338:  else
        -:  339:    {
        -:  340:#ifdef HAVE_MMAP
    #####:  341:      bufmapped = 0;
        -:  342:#endif
        -:  343:    }
     1696:  344:  return 1;
        -:  345:}
        -:  346:
        -:  347:/* Read new stuff into the buffer, saving the specified
        -:  348:   amount of old stuff.  When we're done, 'bufbeg' points
        -:  349:   to the beginning of the buffer contents, and 'buflim'
        -:  350:   points just after the end.  Return zero if there's an error.  */
        -:  351:static int
function fillbuf called 9127 returned 100% blocks executed 21%
     9127:  352:fillbuf (size_t save, struct stats *stats)
        -:  353:{
     9127:  354:  size_t fillsize = 0;
     9127:  355:  int cc = 1;
        -:  356:  size_t readsize;
        -:  357:
        -:  358:  /* Offset from start of unaligned buffer to start of old stuff
        -:  359:     that we want to save.  */
     9127:  360:  size_t saved_offset = buflim - ubuffer - save;
        -:  361:
     9127:  362:  if (bufsalloc < save)
branch  0 taken 0 (fallthrough)
branch  1 taken 9127
        -:  363:    {
    #####:  364:      size_t aligned_save = ALIGN_TO (save, pagesize);
branch  0 never executed
branch  1 never executed
    #####:  365:      size_t maxalloc = (size_t) -1;
        -:  366:      size_t newalloc;
        -:  367:
    #####:  368:      if (S_ISREG (stats->stat.st_mode))
branch  0 never executed
branch  1 never executed
        -:  369:	{
        -:  370:	  /* Calculate an upper bound on how much memory we should allocate.
        -:  371:	     We can't use ALIGN_TO here, since off_t might be longer than
        -:  372:	     size_t.  Watch out for arithmetic overflow.  */
    #####:  373:	  off_t to_be_read = stats->stat.st_size - bufoffset;
    #####:  374:	  size_t slop = to_be_read % pagesize;
    #####:  375:	  off_t aligned_to_be_read = to_be_read + (slop ? pagesize - slop : 0);
branch  0 never executed
branch  1 never executed
    #####:  376:	  off_t maxalloc_off = aligned_save + aligned_to_be_read;
    #####:  377:	  if (0 <= maxalloc_off && maxalloc_off == (size_t) maxalloc_off)
branch  0 never executed
branch  1 never executed
    #####:  378:	    maxalloc = maxalloc_off;
        -:  379:	}
        -:  380:
        -:  381:      /* Grow bufsalloc until it is at least as great as `save'; but
        -:  382:	 if there is an overflow, just grow it to the next page boundary.  */
    #####:  383:      while (bufsalloc < save)
branch  0 never executed
branch  1 never executed
    #####:  384:	if (bufsalloc < bufsalloc * 2)
branch  0 never executed
branch  1 never executed
    #####:  385:	  bufsalloc *= 2;
        -:  386:	else
        -:  387:	  {
    #####:  388:	    bufsalloc = aligned_save;
    #####:  389:	    break;
        -:  390:	  }
        -:  391:
        -:  392:      /* Grow the buffer size to be PREFERRED_SAVE_FACTOR times
        -:  393:	 bufsalloc....  */
    #####:  394:      newalloc = PREFERRED_SAVE_FACTOR * bufsalloc;
    #####:  395:      if (maxalloc < newalloc)
branch  0 never executed
branch  1 never executed
        -:  396:	{
        -:  397:	  /* ... except don't grow it more than a pagesize past the
        -:  398:	     file size, as that might cause unnecessary memory
        -:  399:	     exhaustion if the file is large.  */
    #####:  400:	  newalloc = maxalloc;
    #####:  401:	  bufsalloc = aligned_save;
        -:  402:	}
        -:  403:
        -:  404:      /* Check that the above calculations made progress, which might
        -:  405:         not occur if there is arithmetic overflow.  If there's no
        -:  406:	 progress, or if the new buffer size is larger than the old
        -:  407:	 and buffer reallocation fails, report memory exhaustion.  */
    #####:  408:      if (bufsalloc < save || newalloc < save
branch  0 never executed
branch  1 never executed
branch  2 never executed
branch  3 never executed
    #####:  409:	  || (newalloc == save && newalloc != maxalloc)
branch  0 never executed
branch  1 never executed
branch  2 never executed
branch  3 never executed
    #####:  410:	  || (bufalloc < newalloc
branch  0 never executed
branch  1 never executed
    #####:  411:	      && ! (buffer
    #####:  412:		    = page_alloc ((bufalloc = newalloc) + 1, &ubuffer))))
call    0 never executed
branch  1 never executed
branch  2 never executed
    #####:  413:	fatal (_("memory exhausted"), 0);
call    0 never executed
        -:  414:    }
        -:  415:
     9127:  416:  bufbeg = buffer + bufsalloc - save;
     9127:  417:  memmove (bufbeg, ubuffer + saved_offset, save);
     9127:  418:  readsize = bufalloc - bufsalloc;
        -:  419:
        -:  420:#if defined(HAVE_MMAP)
     9127:  421:  if (bufmapped)
branch  0 taken 0 (fallthrough)
branch  1 taken 9127
        -:  422:    {
    #####:  423:      size_t mmapsize = readsize;
        -:  424:
        -:  425:      /* Don't mmap past the end of the file; some hosts don't allow this.
        -:  426:	 Use `read' on the last page.  */
    #####:  427:      if (stats->stat.st_size - bufoffset < mmapsize)
branch  0 never executed
branch  1 never executed
        -:  428:	{
    #####:  429:	  mmapsize = stats->stat.st_size - bufoffset;
    #####:  430:	  mmapsize -= mmapsize % pagesize;
        -:  431:	}
        -:  432:
    #####:  433:      if (mmapsize
branch  0 never executed
branch  1 never executed
    #####:  434:	  && (mmap ((caddr_t) (buffer + bufsalloc), mmapsize,
call    0 never executed
branch  1 never executed
branch  2 never executed
        -:  435:		    PROT_READ | PROT_WRITE, MAP_PRIVATE | MAP_FIXED,
        -:  436:		    bufdesc, bufoffset)
        -:  437:	      != (caddr_t) -1))
        -:  438:	{
        -:  439:	  /* Do not bother to use madvise with MADV_SEQUENTIAL or
        -:  440:	     MADV_WILLNEED on the mmapped memory.  One might think it
        -:  441:	     would help, but it slows us down about 30% on SunOS 4.1.  */
    #####:  442:	  fillsize = mmapsize;
        -:  443:	}
        -:  444:      else
        -:  445:	{
        -:  446:	  /* Stop using mmap on this file.  Synchronize the file
        -:  447:	     offset.  Do not warn about mmap failures.  On some hosts
        -:  448:	     (e.g. Solaris 2.5) mmap can fail merely because some
        -:  449:	     other process has an advisory read lock on the file.
        -:  450:	     There's no point alarming the user about this misfeature.  */
    #####:  451:	  bufmapped = 0;
    #####:  452:	  if (bufoffset != initial_bufoffset
branch  0 never executed
branch  1 never executed
    #####:  453:	      && lseek (bufdesc, bufoffset, SEEK_SET) < 0)
call    0 never executed
branch  1 never executed
branch  2 never executed
        -:  454:	    {
    #####:  455:	      error ("lseek", errno);
call    0 never executed
    #####:  456:	      cc = 0;
        -:  457:	    }
        -:  458:	}
        -:  459:    }
        -:  460:#endif /*HAVE_MMAP*/
        -:  461:
     9127:  462:  if (! fillsize)
branch  0 taken 9127 (fallthrough)
branch  1 taken 0
    #####:  463:    {
        -:  464:      ssize_t bytesread;
     9127:  465:      while ((bytesread = read (bufdesc, buffer + bufsalloc, readsize)) < 0
call    0 returned 9127
    9127*:  466:	     && errno == EINTR)
branch  0 taken 0 (fallthrough)
branch  1 taken 9127
branch  2 never executed
branch  3 never executed
    #####:  467:	continue;
     9127:  468:      if (bytesread < 0)
branch  0 taken 0 (fallthrough)
branch  1 taken 9127
    #####:  469:	cc = 0;
        -:  470:      else
     9127:  471:	fillsize = bytesread;
        -:  472:    }
        -:  473:
     9127:  474:  bufoffset += fillsize;
        -:  475:#if O_BINARY
        -:  476:  if (fillsize)
        -:  477:    fillsize = undossify_input (buffer + bufsalloc, fillsize);
        -:  478:#endif
     9127:  479:  buflim = buffer + bufsalloc + fillsize;
     9127:  480:  return cc;
        -:  481:}
        -:  482:
        -:  483:/* Flags controlling the style of output. */
        -:  484:static enum
        -:  485:  {
        -:  486:    BINARY_BINARY_FILES,
        -:  487:    TEXT_BINARY_FILES,
        -:  488:    WITHOUT_MATCH_BINARY_FILES
        -:  489:  } binary_files;		/* How to handle binary files.  */
        -:  490:static int filename_mask;	/* If zero, output nulls after filenames.  */
        -:  491:static int out_quiet;		/* Suppress all normal output. */
        -:  492:static int out_invert;		/* Print nonmatching stuff. */
        -:  493:static int out_file;		/* Print filenames. */
        -:  494:static int out_line;		/* Print line numbers. */
        -:  495:static int out_byte;		/* Print byte offsets. */
        -:  496:static int out_before;		/* Lines of leading context. */
        -:  497:static int out_after;		/* Lines of trailing context. */
        -:  498:static int count_matches;	/* Count matching lines.  */
        -:  499:static int list_files;		/* List matching files.  */
        -:  500:static int no_filenames;	/* Suppress file names.  */
        -:  501:static int suppress_errors;	/* Suppress diagnostics.  */
        -:  502:
        -:  503:/* Internal variables to keep track of byte count, context, etc. */
        -:  504:static off_t totalcc;		/* Total character count before bufbeg. */
        -:  505:static char *lastnl;		/* Pointer after last newline counted. */
        -:  506:static char *lastout;		/* Pointer after last character output;
        -:  507:				   NULL if no character has been output
        -:  508:				   or if it's conceptually before bufbeg. */
        -:  509:static off_t totalnl;		/* Total newline count before lastnl. */
        -:  510:static int pending;		/* Pending lines of output. */
        -:  511:static int done_on_match;		/* Stop scanning file on first match */
        -:  512:
        -:  513:#if O_BINARY
        -:  514:# include "dosbuf.c"
        -:  515:#endif
        -:  516:
        -:  517:static void
function nlscan called 200659 returned 100% blocks executed 100%
   200659:  518:nlscan (char *lim)
        -:  519:{
        -:  520:  char *beg;
   417243:  521:  for (beg = lastnl;  (beg = memchr (beg, eolbyte, lim - beg));  beg++)
branch  0 taken 216584
branch  1 taken 200659 (fallthrough)
   216584:  522:    totalnl++;
   200659:  523:  lastnl = lim;
   200659:  524:}
        -:  525:
        -:  526:static void
function print_offset_sep called 397777 returned 100% blocks executed 100%
   397777:  527:print_offset_sep (off_t pos, int sep)
        -:  528:{
        -:  529:  /* Do not rely on printf to print pos, since off_t may be longer than long,
        -:  530:     and long long is not portable.  */
        -:  531:
        -:  532:  char buf[sizeof pos * CHAR_BIT];
   397777:  533:  char *p = buf + sizeof buf - 1;
   397777:  534:  *p = sep;
        -:  535:
        -:  536:  do
  1911863:  537:    *--p = '0' + pos % 10;
  1911863:  538:  while ((pos /= 10) != 0);
branch  0 taken 1514086
branch  1 taken 397777 (fallthrough)
        -:  539:
   397777:  540:  fwrite (p, 1, buf + sizeof buf - p, stdout);
call    0 returned 397777
   397777:  541:}
        -:  542:
        -:  543:static void
function prline called 834203 returned 100% blocks executed 92%
   834203:  544:prline (char *beg, char *lim, int sep)
        -:  545:{
   834203:  546:  if (out_file)
branch  0 taken 162037 (fallthrough)
branch  1 taken 672166
   162037:  547:    printf ("%s%c", filename, sep & filename_mask);
call    0 returned 162037
   834203:  548:  if (out_line)
branch  0 taken 200262 (fallthrough)
branch  1 taken 633941
        -:  549:    {
   200262:  550:      nlscan (beg);
call    0 returned 200262
   200262:  551:      print_offset_sep (++totalnl, sep);
call    0 returned 200262
   200262:  552:      lastnl = lim;
        -:  553:    }
   834203:  554:  if (out_byte)
branch  0 taken 197515 (fallthrough)
branch  1 taken 636688
        -:  555:    {
   197515:  556:      off_t pos = totalcc + (beg - bufbeg);
        -:  557:#if O_BINARY
        -:  558:      pos = dossified_pos (pos);
        -:  559:#endif
   197515:  560:      print_offset_sep (pos, sep);
call    0 returned 197515
        -:  561:    }
   834203:  562:  fwrite (beg, 1, lim - beg, stdout);
call    0 returned 834203
   834203:  563:  if (ferror (stdout))
call    0 returned 834203
branch  1 taken 0 (fallthrough)
branch  2 taken 834203
    #####:  564:    error (_("writing output"), errno);
call    0 never executed
   834203:  565:  lastout = lim;
   834203:  566:}
        -:  567:
        -:  568:/* Print pending lines of trailing context prior to LIM. */
        -:  569:static void
function prpending called 2625 returned 100% blocks executed 80%
     2625:  570:prpending (char *lim)
        -:  571:{
        -:  572:  char *nl;
        -:  573:
     2625:  574:  if (!lastout)
branch  0 taken 0 (fallthrough)
branch  1 taken 2625
    #####:  575:    lastout = bufbeg;
    10807:  576:  while (pending > 0 && lastout < lim)
branch  0 taken 9066 (fallthrough)
branch  1 taken 1741
branch  2 taken 8182
branch  3 taken 884 (fallthrough)
        -:  577:    {
     8182:  578:      --pending;
     8182:  579:      if ((nl = memchr (lastout, eolbyte, lim - lastout)) != 0)
branch  0 taken 8182 (fallthrough)
branch  1 taken 0
     8182:  580:	++nl;
        -:  581:      else
    #####:  582:	nl = lim;
     8182:  583:      prline (lastout, nl, '-');
call    0 returned 8182
        -:  584:    }
     2625:  585:}
        -:  586:
        -:  587:/* Print the lines between BEG and LIM.  Deal with context crap.
        -:  588:   If NLINESP is non-null, store a count of lines between BEG and LIM. */
        -:  589:static void
function prtext called 552938 returned 100% blocks executed 97%
   552938:  590:prtext (char *beg, char *lim, int *nlinesp)
        -:  591:{
        -:  592:  static int used;		/* avoid printing "--" before any output */
        -:  593:  char *bp, *p, *nl;
   552938:  594:  char eol = eolbyte;
        -:  595:  int i, n;
        -:  596:
   552938:  597:  if (!out_quiet && pending > 0)
branch  0 taken 474478 (fallthrough)
branch  1 taken 78460
branch  2 taken 2544 (fallthrough)
branch  3 taken 471934
     2544:  598:    prpending (beg);
call    0 returned 2544
        -:  599:
   552938:  600:  p = beg;
        -:  601:
   552938:  602:  if (!out_quiet)
branch  0 taken 474478 (fallthrough)
branch  1 taken 78460
        -:  603:    {
        -:  604:      /* Deal with leading context crap. */
        -:  605:
   474478:  606:      bp = lastout ? lastout : bufbeg;
branch  0 taken 471881 (fallthrough)
branch  1 taken 2597
   485146:  607:      for (i = 0; i < out_before; ++i)
branch  0 taken 10668
branch  1 taken 474478 (fallthrough)
    10668:  608:	if (p > bp)
branch  0 taken 5207 (fallthrough)
branch  1 taken 5461
        -:  609:	  do
   140669:  610:	    --p;
   140669:  611:	  while (p > bp && p[-1] != eol);
branch  0 taken 140302 (fallthrough)
branch  1 taken 367
branch  2 taken 135462
branch  3 taken 4840 (fallthrough)
        -:  612:
        -:  613:      /* We only print the "--" separator if our output is
        -:  614:	 discontiguous from the last output in the file. */
   474478:  615:      if ((out_before || out_after) && used && p != lastout)
branch  0 taken 471864 (fallthrough)
branch  1 taken 2614
branch  2 taken 260 (fallthrough)
branch  3 taken 471604
branch  4 taken 2857 (fallthrough)
branch  5 taken 17
branch  6 taken 1470 (fallthrough)
branch  7 taken 1387
     1470:  616:	puts ("--");
call    0 returned 1470
        -:  617:
   479685:  618:      while (p < beg)
branch  0 taken 5207
branch  1 taken 474478 (fallthrough)
        -:  619:	{
     5207:  620:	  nl = memchr (p, eol, beg - p);
     5207:  621:	  prline (p, nl + 1, '-');
call    0 returned 5207
     5207:  622:	  p = nl + 1;
        -:  623:	}
        -:  624:    }
        -:  625:
   552938:  626:  if (nlinesp)
branch  0 taken 3217 (fallthrough)
branch  1 taken 549721
        -:  627:    {
        -:  628:      /* Caller wants a line count. */
   487952:  629:      for (n = 0; p < lim; ++n)
branch  0 taken 484735
branch  1 taken 3217 (fallthrough)
        -:  630:	{
   484735:  631:	  if ((nl = memchr (p, eol, lim - p)) != 0)
branch  0 taken 484735 (fallthrough)
branch  1 taken 0
   484735:  632:	    ++nl;
        -:  633:	  else
    #####:  634:	    nl = lim;
   484735:  635:	  if (!out_quiet)
branch  0 taken 348688 (fallthrough)
branch  1 taken 136047
   348688:  636:	    prline (p, nl, ':');
call    0 returned 348688
   484735:  637:	  p = nl;
        -:  638:	}
     3217:  639:      *nlinesp = n;
        -:  640:    }
        -:  641:  else
   549721:  642:    if (!out_quiet)
branch  0 taken 472126 (fallthrough)
branch  1 taken 77595
   472126:  643:      prline (beg, lim, ':');
call    0 returned 472126
        -:  644:
   552938:  645:  pending = out_quiet ? 0 : out_after;
branch  0 taken 474478 (fallthrough)
branch  1 taken 78460
   552938:  646:  used = 1;
   552938:  647:}
        -:  648:
        -:  649:/* Scan the specified portion of the buffer, matching lines (or
        -:  650:   between matching lines if OUT_INVERT is true).  Return a count of
        -:  651:   lines printed. */
        -:  652:static int
function grepbuf called 8639 returned 100% blocks executed 86%
     8639:  653:grepbuf (char *beg, char *lim)
        -:  654:{
        -:  655:  int nlines, n;
        -:  656:  register char *p, *b;
        -:  657:  char *endp;
     8639:  658:  char eol = eolbyte;
        -:  659:
     8639:  660:  nlines = 0;
     8639:  661:  p = beg;
   561562:  662:  while ((b = (*execute)(p, lim - p, &endp)) != 0)
call    0 returned 561562
branch  1 taken 552942
branch  2 taken 8620 (fallthrough)
        -:  663:    {
        -:  664:      /* Avoid matching the empty line at the end of the buffer. */
  552942*:  665:      if (b == lim && ((b > beg && b[-1] == eol) || b == beg))
branch  0 taken 0 (fallthrough)
branch  1 taken 552942
branch  2 never executed
branch  3 never executed
branch  4 never executed
branch  5 never executed
branch  6 never executed
branch  7 never executed
        -:  666:	break;
   552942:  667:      if (!out_invert)
branch  0 taken 549721 (fallthrough)
branch  1 taken 3221
        -:  668:	{
   549721:  669:	  prtext (b, endp, (int *) 0);
call    0 returned 549721
   549721:  670:	  nlines += 1;
   549721:  671:	  if (done_on_match)
branch  0 taken 19 (fallthrough)
branch  1 taken 549702
       19:  672:	    return nlines;
        -:  673:	}
     3221:  674:      else if (p < b)
branch  0 taken 2658 (fallthrough)
branch  1 taken 563
        -:  675:	{
     2658:  676:	  prtext (p, b, &n);
call    0 returned 2658
     2658:  677:	  nlines += n;
        -:  678:	}
   552923:  679:      p = endp;
        -:  680:    }
     8620:  681:  if (out_invert && p < lim)
branch  0 taken 560 (fallthrough)
branch  1 taken 8060
branch  2 taken 559 (fallthrough)
branch  3 taken 1
        -:  682:    {
      559:  683:      prtext (p, lim, &n);
call    0 returned 559
      559:  684:      nlines += n;
        -:  685:    }
     8620:  686:  return nlines;
        -:  687:}
        -:  688:
        -:  689:/* Search a given file.  Normally, return a count of lines printed;
        -:  690:   but if the file is a directory and we search it recursively, then
        -:  691:   return -2 if there was a match, and -1 otherwise.  */
        -:  692:static int
function grep called 1696 returned 100% blocks executed 77%
     1696:  693:grep (int fd, char const *file, struct stats *stats)
        -:  694:{
        -:  695:  int nlines, i;
        -:  696:  int not_text;
        -:  697:  size_t residue, save;
        -:  698:  char *beg, *lim;
     1696:  699:  char eol = eolbyte;
        -:  700:
     1696:  701:  if (!reset (fd, file, stats))
call    0 returned 1696
branch  1 taken 0 (fallthrough)
branch  2 taken 1696
    #####:  702:    return 0;
        -:  703:
     1696:  704:  if (file && directories == RECURSE_DIRECTORIES
branch  0 taken 1687 (fallthrough)
branch  1 taken 9
branch  2 taken 0 (fallthrough)
branch  3 taken 1687
    #####:  705:      && S_ISDIR (stats->stat.st_mode))
branch  0 never executed
branch  1 never executed
        -:  706:    {
        -:  707:      /* Close fd now, so that we don't open a lot of file descriptors
        -:  708:	 when we recurse deeply.  */
    #####:  709:      if (close (fd) != 0)
call    0 never executed
branch  1 never executed
branch  2 never executed
    #####:  710:	error (file, errno);
call    0 never executed
    #####:  711:      return grepdir (file, stats) - 2;
call    0 never executed
        -:  712:    }
        -:  713:
     1696:  714:  totalcc = 0;
     1696:  715:  lastout = 0;
     1696:  716:  totalnl = 0;
     1696:  717:  pending = 0;
        -:  718:
     1696:  719:  nlines = 0;
     1696:  720:  residue = 0;
     1696:  721:  save = 0;
        -:  722:
     1696:  723:  if (! fillbuf (save, stats))
call    0 returned 1696
branch  1 taken 0 (fallthrough)
branch  2 taken 1696
        -:  724:    {
    #####:  725:      if (! (is_EISDIR (errno, file) && suppress_errors))
branch  0 never executed
branch  1 never executed
branch  2 never executed
branch  3 never executed
    #####:  726:	error (filename, errno);
call    0 never executed
    #####:  727:      return 0;
        -:  728:    }
        -:  729:
        -:  730:#ifndef FAULTY_F_KP_5
     1696:  731:  not_text = (((binary_files == BINARY_BINARY_FILES && !out_quiet)
branch  0 taken 124 (fallthrough)
branch  1 taken 1572
      124:  732:	       || binary_files == WITHOUT_MATCH_BINARY_FILES)
branch  0 taken 0 (fallthrough)
branch  1 taken 124
        -:  733:#else
        -:  734:  not_text = ((binary_files == WITHOUT_MATCH_BINARY_FILES || !out_quiet)
        -:  735:#endif
    3392*:  736:	      && memchr (bufbeg, eol ? '\0' : '\200', buflim - bufbeg));
branch  0 taken 1696 (fallthrough)
branch  1 taken 0
branch  2 taken 1572 (fallthrough)
branch  3 taken 0
branch  4 taken 16 (fallthrough)
branch  5 taken 1556
        -:  737:  #ifndef FAULTY_F_DG_4
     1696:  738:  if (not_text && binary_files == WITHOUT_MATCH_BINARY_FILES)
branch  0 taken 16 (fallthrough)
branch  1 taken 1680
branch  2 taken 0 (fallthrough)
branch  3 taken 16
    #####:  739:    return 0;
        -:  740:  #else
        -:  741:	/* Nothing here because the fault is only a code removal */
        -:  742:  #endif
     1696:  743:  done_on_match += not_text;
     1696:  744:  out_quiet += not_text;
        -:  745:
        -:  746:  for (;;)
        -:  747:    {
     9127:  748:      lastnl = bufbeg;
     9127:  749:      if (lastout)
branch  0 taken 796 (fallthrough)
branch  1 taken 8331
      796:  750:	lastout = bufbeg;
     9127:  751:      if (buflim - bufbeg == save)
branch  0 taken 1677 (fallthrough)
branch  1 taken 7450
     1677:  752:	break;
     7450:  753:      beg = bufbeg + save - residue;
   257206:  754:      for (lim = buflim; lim > beg && lim[-1] != eol; --lim)
branch  0 taken 257206 (fallthrough)
branch  1 taken 0
branch  2 taken 249756
branch  3 taken 7450 (fallthrough)
        -:  755:	;
     7450:  756:      residue = buflim - lim;
     7450:  757:      if (beg < lim)
branch  0 taken 7450 (fallthrough)
branch  1 taken 0
        -:  758:	{
     7450:  759:	  nlines += grepbuf (beg, lim);
call    0 returned 7450
     7450:  760:	  if (pending)
branch  0 taken 80 (fallthrough)
branch  1 taken 7370
       80:  761:	    prpending (lim);
call    0 returned 80
     7450:  762:	  if (nlines && done_on_match && !out_invert)
branch  0 taken 4800 (fallthrough)
branch  1 taken 2650
branch  2 taken 127 (fallthrough)
branch  3 taken 4673
branch  4 taken 19 (fallthrough)
branch  5 taken 108
       19:  763:	    goto finish_grep;
        -:  764:	}
     7431:  765:      i = 0;
     7431:  766:      beg = lim;
     8071:  767:      while (i < out_before && beg > bufbeg && beg != lastout)
branch  0 taken 657 (fallthrough)
branch  1 taken 7414
branch  2 taken 657 (fallthrough)
branch  3 taken 0
branch  4 taken 640
branch  5 taken 17 (fallthrough)
        -:  768:	{
      640:  769:	  ++i;
        -:  770:	  do
    18191:  771:	    --beg;
    18191:  772:	  while (beg > bufbeg && beg[-1] != eol);
branch  0 taken 18191 (fallthrough)
branch  1 taken 0
branch  2 taken 17551
branch  3 taken 640 (fallthrough)
        -:  773:	}
     7431:  774:      if (beg != lastout)
branch  0 taken 6635 (fallthrough)
branch  1 taken 796
     6635:  775:	lastout = 0;
     7431:  776:      save = residue + lim - beg;
     7431:  777:      totalcc += buflim - bufbeg - save;
     7431:  778:      if (out_line)
branch  0 taken 397 (fallthrough)
branch  1 taken 7034
      397:  779:	nlscan (beg);
call    0 returned 397
     7431:  780:      if (! fillbuf (save, stats))
call    0 returned 7431
branch  1 taken 0 (fallthrough)
branch  2 taken 7431
        -:  781:	{
    #####:  782:	  if (! (is_EISDIR (errno, file) && suppress_errors))
branch  0 never executed
branch  1 never executed
branch  2 never executed
branch  3 never executed
    #####:  783:	    error (filename, errno);
call    0 never executed
    #####:  784:	  goto finish_grep;
        -:  785:	}
        -:  786:    }
     1677:  787:  if (residue)
branch  0 taken 488 (fallthrough)
branch  1 taken 1189
        -:  788:    {
     1189:  789:      *buflim++ = eol;
     1189:  790:      nlines += grepbuf (bufbeg + save - residue, buflim);
call    0 returned 1189
     1189:  791:      if (pending)
branch  0 taken 1188 (fallthrough)
branch  1 taken 1
        1:  792:	prpending (buflim);
call    0 returned 1
        -:  793:    }
        -:  794:
     1676:  795: finish_grep:
     1696:  796:  done_on_match -= not_text;
     1696:  797:  out_quiet -= not_text;
     1696:  798:  if ((not_text & ~out_quiet) && nlines != 0)
branch  0 taken 16 (fallthrough)
branch  1 taken 1680
branch  2 taken 8 (fallthrough)
branch  3 taken 8
        8:  799:    printf (_("Binary file %s matches\n"), filename);
call    0 returned 8
     1696:  800:  return nlines;
        -:  801:}
        -:  802:
        -:  803:static int
function grepfile called 1704 returned 100% blocks executed 59%
     1704:  804:grepfile (char const *file, struct stats *stats)
        -:  805:{
        -:  806:  int desc;
        -:  807:  int count;
        -:  808:  int status;
        -:  809:
    1704*:  810:  if (! file)
branch  0 taken 9 (fallthrough)
branch  1 taken 1695
        -:  811:    {
        9:  812:      desc = 0;
        9:  813:      filename = _("(standard input)");
        -:  814:    }
        -:  815:  else
        -:  816:    {
     1695:  817:      while ((desc = open (file, O_RDONLY)) < 0 && errno == EINTR)
call    0 returned 1695
branch  1 taken 8 (fallthrough)
branch  2 taken 1687
branch  3 taken 0
branch  4 taken 8 (fallthrough)
    #####:  818:	continue;
        -:  819:
     1695:  820:      if (desc < 0)
branch  0 taken 8 (fallthrough)
branch  1 taken 1687
        -:  821:	{
        8:  822:	  int e = errno;
        -:  823:	    
       8*:  824:	  if (is_EISDIR (e, file) && directories == RECURSE_DIRECTORIES)
branch  0 taken 0 (fallthrough)
branch  1 taken 8
branch  2 never executed
branch  3 never executed
        -:  825:	    {
    #####:  826:	      if (stat (file, &stats->stat) != 0)
call    0 never executed
branch  1 never executed
branch  2 never executed
        -:  827:		{
    #####:  828:		  error (file, errno);
call    0 never executed
    #####:  829:		  return 1;
        -:  830:		}
        -:  831:
    #####:  832:	      return grepdir (file, stats);
call    0 never executed
        -:  833:	    }
        -:  834:	      
        8:  835:	  if (!suppress_errors)
branch  0 taken 7 (fallthrough)
branch  1 taken 1
        -:  836:	    {
        7:  837:	      if (directories == SKIP_DIRECTORIES)
branch  0 taken 0 (fallthrough)
branch  1 taken 7
    #####:  838:		switch (e)
branch  0 never executed
branch  1 never executed
branch  2 never executed
        -:  839:		  {
        -:  840:#ifdef EISDIR
    #####:  841:		  case EISDIR:
    #####:  842:		    return 1;
        -:  843:#endif
    #####:  844:		  case EACCES:
        -:  845:		    /* When skipping directories, don't worry about
        -:  846:		       directories that can't be opened.  */
    #####:  847:		    if (stat (file, &stats->stat) == 0
call    0 never executed
branch  1 never executed
branch  2 never executed
    #####:  848:			&& S_ISDIR (stats->stat.st_mode))
branch  0 never executed
branch  1 never executed
    #####:  849:		      return 1;
    #####:  850:		    break;
        -:  851:		  }
        -:  852:
        7:  853:	      error (file, e);
call    0 returned 7
        -:  854:	    }
        -:  855:
        8:  856:	  return 1;
        -:  857:	}
        -:  858:
     1687:  859:      filename = file;
        -:  860:    }
        -:  861:
        -:  862:#if O_BINARY
        -:  863:  /* Set input to binary mode.  Pipes are simulated with files
        -:  864:     on DOS, so this includes the case of "foo | grep bar".  */
        -:  865:  if (!isatty (desc))
        -:  866:    SET_BINARY (desc);
        -:  867:#endif
        -:  868:
     1696:  869:  count = grep (desc, file, stats);
call    0 returned 1696
     1696:  870:  if (count < 0)
branch  0 taken 0 (fallthrough)
branch  1 taken 1696
    #####:  871:    status = count + 2;
        -:  872:  else
        -:  873:    {
     1696:  874:      if (count_matches)
branch  0 taken 81 (fallthrough)
branch  1 taken 1615
        -:  875:	{
       81:  876:	  if (out_file)
branch  0 taken 69 (fallthrough)
branch  1 taken 12
       69:  877:	    printf ("%s%c", filename, ':' & filename_mask);
call    0 returned 69
       81:  878:	  printf ("%d\n", count);
call    0 returned 81
        -:  879:	}
        -:  880:
     1696:  881:      status = !count;
     1696:  882:      if (list_files == 1 - 2 * status)
branch  0 taken 21 (fallthrough)
branch  1 taken 1675
       21:  883:	printf ("%s%c", filename, '\n' & filename_mask);
call    0 returned 21
        -:  884:
     1696:  885:      if (file)
branch  0 taken 1687 (fallthrough)
branch  1 taken 9
     1687:  886:	while (close (desc) != 0)
call    0 returned 1687
branch  1 taken 0
branch  2 taken 1687 (fallthrough)
    #####:  887:	  if (errno != EINTR)
branch  0 never executed
branch  1 never executed
        -:  888:	    {
    #####:  889:	      error (file, errno);
call    0 never executed
    #####:  890:	      break;
        -:  891:	    }
        -:  892:    }
        -:  893:
     1696:  894:  return status;
        -:  895:}
        -:  896:
        -:  897:static int
function grepdir called 0 returned 0% blocks executed 0%
    #####:  898:grepdir (char const *dir, struct stats *stats)
        -:  899:{
    #####:  900:  int status = 1;
        -:  901:  struct stats *ancestor;
        -:  902:  char *name_space;
        -:  903:
    #####:  904:  for (ancestor = stats;  (ancestor = ancestor->parent) != 0;  )
branch  0 never executed
branch  1 never executed
    #####:  905:    if (ancestor->stat.st_ino == stats->stat.st_ino
branch  0 never executed
branch  1 never executed
    #####:  906:	&& ancestor->stat.st_dev == stats->stat.st_dev)
branch  0 never executed
branch  1 never executed
        -:  907:      {
    #####:  908:	if (!suppress_errors)
branch  0 never executed
branch  1 never executed
    #####:  909:	  fprintf (stderr, _("%s: warning: %s: %s\n"), prog, dir,
call    0 never executed
        -:  910:		   _("recursive directory loop"));
    #####:  911:	return 1;
        -:  912:      }
        -:  913:
    #####:  914:  name_space = savedir (dir, (unsigned) stats->stat.st_size);
call    0 never executed
        -:  915:
    #####:  916:  if (! name_space)
branch  0 never executed
branch  1 never executed
        -:  917:    {
    #####:  918:      if (errno)
branch  0 never executed
branch  1 never executed
        -:  919:	{
    #####:  920:	  if (!suppress_errors)
branch  0 never executed
branch  1 never executed
    #####:  921:	    error (dir, errno);
call    0 never executed
        -:  922:	}
        -:  923:      else
    #####:  924:	fatal (_("Memory exhausted"), 0);
call    0 never executed
        -:  925:    }
        -:  926:  else
        -:  927:    {
    #####:  928:      size_t dirlen = strlen (dir);
    #####:  929:      int needs_slash = ! (dirlen == FILESYSTEM_PREFIX_LEN (dir)
branch  0 never executed
branch  1 never executed
    #####:  930:			   || IS_SLASH (dir[dirlen - 1]));
branch  0 never executed
branch  1 never executed
    #####:  931:      char *file = NULL;
    #####:  932:      char *namep = name_space;
        -:  933:      struct stats child;
    #####:  934:      child.parent = stats;
    #####:  935:      out_file += !no_filenames;
    #####:  936:      while (*namep)
branch  0 never executed
branch  1 never executed
        -:  937:	{
    #####:  938:	  size_t namelen = strlen (namep);
    #####:  939:	  file = xrealloc (file, dirlen + 1 + namelen + 1);
call    0 never executed
    #####:  940:	  strcpy (file, dir);
    #####:  941:	  file[dirlen] = '/';
    #####:  942:	  strcpy (file + dirlen + needs_slash, namep);
    #####:  943:	  namep += namelen + 1;
    #####:  944:	  status &= grepfile (file, &child);
call    0 never executed
        -:  945:	}
    #####:  946:      out_file -= !no_filenames;
    #####:  947:      if (file)
branch  0 never executed
branch  1 never executed
    #####:  948:        free (file);
    #####:  949:      free (name_space);
        -:  950:    }
        -:  951:
    #####:  952:  return status;
        -:  953:}
        -:  954:
        -:  955:static void
function usage called 2 returned 0% blocks executed 33%
        2:  956:usage (int status)
        -:  957:{
        2:  958:  if (status != 0)
branch  0 taken 2 (fallthrough)
branch  1 taken 0
        -:  959:    {
        2:  960:      fprintf (stderr, _("Usage: %s [OPTION]... PATTERN [FILE]...\n"), prog);
call    0 returned 2
        2:  961:      fprintf (stderr, _("Try `%s --help' for more information.\n"), prog);
call    0 returned 2
        -:  962:    }
        -:  963:  else
        -:  964:    {
    #####:  965:      printf (_("Usage: %s [OPTION]... PATTERN [FILE] ...\n"), prog);
call    0 never executed
    #####:  966:      printf (_("\
call    0 never executed
        -:  967:Search for PATTERN in each FILE or standard input.\n\
        -:  968:Example: %s -i 'hello world' menu.h main.c\n\
        -:  969:\n\
        -:  970:Regexp selection and interpretation:\n"), prog);
    #####:  971:      printf (_("\
call    0 never executed
        -:  972:  -E, --extended-regexp     PATTERN is an extended regular expression\n\
        -:  973:  -F, --fixed-strings       PATTERN is a set of newline-separated strings\n\
        -:  974:  -G, --basic-regexp        PATTERN is a basic regular expression\n"));
    #####:  975:      printf (_("\
call    0 never executed
        -:  976:  -e, --regexp=PATTERN      use PATTERN as a regular expression\n\
        -:  977:  -f, --file=FILE           obtain PATTERN from FILE\n\
        -:  978:  -i, --ignore-case         ignore case distinctions\n\
        -:  979:  -w, --word-regexp         force PATTERN to match only whole words\n\
        -:  980:  -x, --line-regexp         force PATTERN to match only whole lines\n\
        -:  981:  -z, --null-data           a data line ends in 0 byte, not newline\n"));
    #####:  982:      printf (_("\
call    0 never executed
        -:  983:\n\
        -:  984:Miscellaneous:\n\
        -:  985:  -s, --no-messages         suppress error messages\n\
        -:  986:  -v, --invert-match        select non-matching lines\n\
        -:  987:  -V, --version             print version information and exit\n\
        -:  988:      --help                display this help and exit\n\
        -:  989:      --mmap                use memory-mapped input if possible\n"));
        -:  990:#ifndef FAULTY_F_KP_7
    #####:  991:      printf (_("\
call    0 never executed
        -:  992:\n\
        -:  993:Output control:\n\
        -:  994:  -b, --byte-offset         print the byte offset with output lines\n\
        -:  995:  -n, --line-number         print line number with output lines\n\
        -:  996:  -H, --with-filename       print the filename for each match\n\
        -:  997:  -h, --no-filename         suppress the prefixing filename on output\n\
        -:  998:  -q, --quiet, --silent     suppress all normal output\n\
        -:  999:      --binary-files=TYPE   assume that binary files are TYPE\n\
        -: 1000:                            TYPE is 'binary', 'text', or 'without-match'.\n\
        -: 1001:  -a, --text                equivalent to --binary-files=text\n\
        -: 1002:  -I                        equivalent to --binary-files=without-match\n\
        -: 1003:  -d, --directories=ACTION  how to handle directories\n\
        -: 1004:                            ACTION is 'read', 'recurse', or 'skip'.\n\
        -: 1005:  -r, --recursive           equivalent to --directories=recurse.\n\
        -: 1006:  -L, --files-without-match only print FILE names containing no match\n\
        -: 1007:  -l, --files-with-matches  only print FILE names containing matches\n\
        -: 1008:  -c, --count               only print a count of matching lines per FILE\n\
        -: 1009:  -Z, --null                print 0 byte after FILE name\n"));
        -: 1010:#else
        -: 1011:      printf (_("\
        -: 1012:\n\
        -: 1013:Output control:\n\
        -: 1014:  -b, --byte-offset         print the byte offset with output lines\n\
        -: 1015:  -n, --line-number         print line number with output lines\n\
        -: 1016:  -H, --with-filename       print the filename for each match\n\
        -: 1017:  -h, --no-filename         suppress the prefixing filename on output\n\
        -: 1018:  -q, --quiet, --silent     suppress all normal output\n\
        -: 1019:      --binary-files=TYPE   assume that binary files are TYPE\n\
        -: 1020:                            TYPE is 'binary', 'text', or 'without-match'.\n\
        -: 1021:  -a, --text                equivalent to --binary-files=text\n\
        -: 1022:  -d, --directories=ACTION  how to handle directories\n\
        -: 1023:                            ACTION is 'read', 'recurse', or 'skip'.\n\
        -: 1024:  -r, --recursive           equivalent to --directories=recurse.\n\
        -: 1025:  -L, --files-without-match only print FILE names containing no match\n\
        -: 1026:  -l, --files-with-matches  only print FILE names containing matches\n\
        -: 1027:  -c, --count               only print a count of matching lines per FILE\n\
        -: 1028:  -Z, --null                print 0 byte after FILE name\n"));
        -: 1029:#endif
    #####: 1030:      printf (_("\
call    0 never executed
        -: 1031:\n\
        -: 1032:Context control:\n\
        -: 1033:  -B, --before-context=NUM  print NUM lines of leading context\n\
        -: 1034:  -A, --after-context=NUM   print NUM lines of trailing context\n\
        -: 1035:  -C, --context[=NUM]       print NUM (default 2) lines of output context\n\
        -: 1036:                            unless overridden by -A or -B\n\
        -: 1037:  -NUM                      same as --context=NUM\n\
        -: 1038:  -U, --binary              do not strip CR characters at EOL (MSDOS)\n\
        -: 1039:  -u, --unix-byte-offsets   report offsets as if CRs were not there (MSDOS)\n\
        -: 1040:\n\
        -: 1041:`egrep' means `grep -E'.  `fgrep' means `grep -F'.\n\
        -: 1042:With no FILE, or when FILE is -, read standard input.  If less than\n\
        -: 1043:two FILEs given, assume -h.  Exit status is 0 if match, 1 if no match,\n\
        -: 1044:and 2 if trouble.\n"));
    #####: 1045:      printf (_("\nReport bugs to <bug-gnu-utils@gnu.org>.\n"));
call    0 never executed
        -: 1046:    }
        2: 1047:  exit (status);
        -: 1048:}
        -: 1049:
        -: 1050:/* Set the matcher to M, reporting any conflicts.  */
        -: 1051:static void
function setmatcher called 442 returned 99% blocks executed 100%
      442: 1052:setmatcher (char const *m)
        -: 1053:{
      442: 1054:  if (matcher && strcmp (matcher, m) != 0)
branch  0 taken 4 (fallthrough)
branch  1 taken 438
branch  2 taken 4 (fallthrough)
branch  3 taken 0
        4: 1055:    fatal (_("conflicting matchers specified"), 0);
call    0 returned 0
      438: 1056:  matcher = m;
      438: 1057:}
        -: 1058:
        -: 1059:/* Go through the matchers vector and look for the specified matcher.
        -: 1060:   If we find it, install it in compile and execute, and return 1.  */
        -: 1061:static int
function install_matcher called 786 returned 100% blocks executed 86%
      786: 1062:install_matcher (char const *name)
        -: 1063:{
        -: 1064:  int i;
        -: 1065:#ifdef HAVE_SETRLIMIT
        -: 1066:  struct rlimit rlim;
        -: 1067:#endif
        -: 1068:
     1833: 1069:  for (i = 0; matchers[i].name; ++i)
branch  0 taken 1833
branch  1 taken 0 (fallthrough)
     1833: 1070:    if (strcmp (name, matchers[i].name) == 0)
branch  0 taken 786 (fallthrough)
branch  1 taken 1047
        -: 1071:      {
      786: 1072:	compile = matchers[i].compile;
      786: 1073:	execute = matchers[i].execute;
        -: 1074:#if HAVE_SETRLIMIT && defined(RLIMIT_STACK)
        -: 1075:	/* I think every platform needs to do this, so that regex.c
        -: 1076:	   doesn't oveflow the stack.  The default value of
        -: 1077:	   `re_max_failures' is too large for some platforms: it needs
        -: 1078:	   more than 3MB-large stack.
        -: 1079:
        -: 1080:	   The test for HAVE_SETRLIMIT should go into `configure'.  */
        -: 1081:	if (!getrlimit (RLIMIT_STACK, &rlim))
        -: 1082:	  {
        -: 1083:	    long newlim;
        -: 1084:	    extern long int re_max_failures; /* from regex.c */
        -: 1085:
        -: 1086:	    /* Approximate the amount regex.c needs, plus some more.  */
        -: 1087:	    newlim = re_max_failures * 2 * 20 * sizeof (char *);
        -: 1088:	    if (newlim > rlim.rlim_max)
        -: 1089:	      {
        -: 1090:		newlim = rlim.rlim_max;
        -: 1091:		re_max_failures = newlim / (2 * 20 * sizeof (char *));
        -: 1092:	      }
        -: 1093:	    if (rlim.rlim_cur < newlim)
        -: 1094:	      rlim.rlim_cur = newlim;
        -: 1095:
        -: 1096:	    setrlimit (RLIMIT_STACK, &rlim);
        -: 1097:	  }
        -: 1098:#endif
      786: 1099:	return 1;
        -: 1100:      }
    #####: 1101:  return 0;
        -: 1102:}
        -: 1103:
        -: 1104:/* Find the white-space-separated options specified by OPTIONS, and
        -: 1105:   using BUF to store copies of these options, set ARGV[0], ARGV[1],
        -: 1106:   etc. to the option copies.  Return the number N of options found.
        -: 1107:   Do not set ARGV[N] to NULL.  If ARGV is NULL, do not store ARGV[0]
        -: 1108:   etc.  Backslash can be used to escape whitespace (and backslashes).  */
        -: 1109:static int
function prepend_args called 0 returned 0% blocks executed 0%
    #####: 1110:prepend_args (char const *options, char *buf, char **argv)
        -: 1111:{
    #####: 1112:  char const *o = options;
    #####: 1113:  char *b = buf;
    #####: 1114:  int n = 0;
        -: 1115:
        -: 1116:  for (;;)
        -: 1117:    {
    #####: 1118:      while (ISSPACE ((unsigned char) *o))
branch  0 never executed
branch  1 never executed
    #####: 1119:	o++;
    #####: 1120:      if (!*o)
branch  0 never executed
branch  1 never executed
    #####: 1121:	return n;
    #####: 1122:      if (argv)
branch  0 never executed
branch  1 never executed
    #####: 1123:	argv[n] = b;
    #####: 1124:      n++;
        -: 1125:
        -: 1126:      do
    #####: 1127:	if ((*b++ = *o++) == '\\' && *o)
branch  0 never executed
branch  1 never executed
branch  2 never executed
branch  3 never executed
    #####: 1128:	  b[-1] = *o++;
    #####: 1129:      while (*o && ! ISSPACE ((unsigned char) *o));
branch  0 never executed
branch  1 never executed
branch  2 never executed
branch  3 never executed
        -: 1130:
    #####: 1131:      *b++ = '\0';
        -: 1132:    }
        -: 1133:}
        -: 1134:
        -: 1135:/* Prepend the whitespace-separated options in OPTIONS to the argument
        -: 1136:   vector of a main program with argument count *PARGC and argument
        -: 1137:   vector *PARGV.  */
        -: 1138:static void
function prepend_default_options called 809 returned 100% blocks executed 22%
      809: 1139:prepend_default_options (char const *options, int *pargc, char ***pargv)
        -: 1140:{
      809: 1141:  if (options)
branch  0 taken 0 (fallthrough)
branch  1 taken 809
    #####: 1142:    {
    #####: 1143:      char *buf = xmalloc (strlen (options) + 1);
call    0 never executed
    #####: 1144:      int prepended = prepend_args (options, buf, (char **) NULL);
call    0 never executed
    #####: 1145:      int argc = *pargc;
    #####: 1146:      char * const *argv = *pargv;
    #####: 1147:      char **pp = (char **) xmalloc ((prepended + argc + 1) * sizeof *pp);
call    0 never executed
    #####: 1148:      *pargc = prepended + argc;
    #####: 1149:      *pargv = pp;
    #####: 1150:      *pp++ = *argv++;
    #####: 1151:      pp += prepend_args (options, buf, pp);
call    0 never executed
    #####: 1152:      while ((*pp++ = *argv++))
branch  0 never executed
branch  1 never executed
    #####: 1153:	continue;
        -: 1154:    }
      809: 1155:}
        -: 1156:
        -: 1157:int
function main called 809 returned 0% blocks executed 75%
      809: 1158:main (int argc, char **argv)
        -: 1159:{
        -: 1160:  char *keys;
        -: 1161:  size_t keycc, oldcc, keyalloc;
        -: 1162:  int with_filenames;
        -: 1163:  int opt, cc, status;
        -: 1164:  int default_context;
        -: 1165:  unsigned digit_args_val;
        -: 1166:  FILE *fp;
        -: 1167:  extern char *optarg;
        -: 1168:  extern int optind;
        -: 1169:
        -: 1170:  initialize_main (&argc, &argv);
        -: 1171:  /* add this line for diff between *.c and *.int.c */
      809: 1172:  argv[0] = "target4";
        -: 1173:  
      809: 1174:  prog = argv[0];
      809: 1175:  if (prog && strrchr (prog, '/'))
branch  0 taken 809 (fallthrough)
branch  1 taken 0
branch  2 taken 0 (fallthrough)
branch  3 taken 809
    #####: 1176:    prog = strrchr (prog, '/') + 1;
        -: 1177:
        -: 1178:#if defined(__MSDOS__) || defined(_WIN32)
        -: 1179:  /* DOS and MS-Windows use backslashes as directory separators, and usually
        -: 1180:     have an .exe suffix.  They also have case-insensitive filesystems.  */
        -: 1181:  if (prog)
        -: 1182:    {
        -: 1183:      char *p = prog;
        -: 1184:      char *bslash = strrchr (argv[0], '\\');
        -: 1185:
        -: 1186:      if (bslash && bslash >= prog) /* for mixed forward/backslash case */
        -: 1187:	prog = bslash + 1;
        -: 1188:      else if (prog == argv[0]
        -: 1189:	       && argv[0][0] && argv[0][1] == ':') /* "c:progname" */
        -: 1190:	prog = argv[0] + 2;
        -: 1191:
        -: 1192:      /* Collapse the letter-case, so `strcmp' could be used hence.  */
        -: 1193:      for ( ; *p; p++)
        -: 1194:	if (*p >= 'A' && *p <= 'Z')
        -: 1195:	  *p += 'a' - 'A';
        -: 1196:
        -: 1197:      /* Remove the .exe extension, if any.  */
        -: 1198:      if ((p = strrchr (prog, '.')) && strcmp (p, ".exe") == 0)
        -: 1199:	*p = '\0';
        -: 1200:    }
        -: 1201:#endif
        -: 1202:
      809: 1203:  keys = NULL;
      809: 1204:  keycc = 0;
      809: 1205:  with_filenames = 0;
      809: 1206:  eolbyte = '\n';
      809: 1207:  filename_mask = ~0;
        -: 1208:
        -: 1209:  /* The value -1 means to use DEFAULT_CONTEXT. */
      809: 1210:  out_after = out_before = -1;
        -: 1211:  /* Default before/after context: chaged by -C/-NUM options */
      809: 1212:  default_context = 0;
        -: 1213:  /* Accumulated value of individual digits in a -NUM option */
      809: 1214:  digit_args_val = 0;
        -: 1215:
        -: 1216:
        -: 1217:/* Internationalization. */
        -: 1218:#if HAVE_SETLOCALE
      809: 1219:  setlocale (LC_ALL, "");
call    0 returned 809
        -: 1220:#endif
        -: 1221:#if ENABLE_NLS
      809: 1222:  bindtextdomain (PACKAGE, LOCALEDIR);
call    0 returned 809
      809: 1223:  textdomain (PACKAGE);
call    0 returned 809
        -: 1224:#endif
        -: 1225:
      809: 1226:  prepend_default_options (getenv ("GREP_OPTIONS"), &argc, &argv);
call    0 returned 809
call    1 returned 809
        -: 1227:
     1587: 1228:  while ((opt = getopt_long (argc, argv, short_options, long_options, NULL))
call    0 returned 1587
     1587: 1229:	 != -1)
branch  0 taken 800
branch  1 taken 787 (fallthrough)
      800: 1230:    switch (opt)
branch  0 taken 14
branch  1 taken 3
branch  2 taken 3
branch  3 taken 1
branch  4 taken 249
branch  5 taken 7
branch  6 taken 182
branch  7 taken 0
branch  8 taken 0
branch  9 taken 0
branch 10 taken 0
branch 11 taken 1
branch 12 taken 4
branch 13 taken 0
branch 14 taken 44
branch 15 taken 36
branch 16 taken 0
branch 17 taken 18
branch 18 taken 15
branch 19 taken 43
branch 20 taken 59
branch 21 taken 12
branch 22 taken 11
branch 23 taken 39
branch 24 taken 1
branch 25 taken 0
branch 26 taken 1
branch 27 taken 53
branch 28 taken 1
branch 29 taken 1
branch 30 taken 0
branch 31 taken 0
branch 32 taken 0
branch 33 taken 0
branch 34 taken 2
        -: 1231:      {
       14: 1232:      case '0':
        -: 1233:      case '1':
        -: 1234:      case '2':
        -: 1235:      case '3':
        -: 1236:      case '4':
        -: 1237:      case '5':
        -: 1238:      case '6':
        -: 1239:      case '7':
        -: 1240:      case '8':
        -: 1241:      case '9':
       14: 1242:	digit_args_val = 10 * digit_args_val + opt - '0';
       14: 1243:	default_context = digit_args_val;
       14: 1244:	break;
        3: 1245:      case 'A':
        3: 1246:	if (optarg)
branch  0 taken 3 (fallthrough)
branch  1 taken 0
        -: 1247:	  {
        3: 1248:	    if (ck_atoi (optarg, &out_after))
call    0 returned 3
branch  1 taken 1 (fallthrough)
branch  2 taken 2
        1: 1249:	      fatal (_("invalid context length argument"), 0);
call    0 returned 0
        -: 1250:	  }
        2: 1251:	break;
        3: 1252:      case 'B':
        3: 1253:	if (optarg)
branch  0 taken 3 (fallthrough)
branch  1 taken 0
        -: 1254:	  {
        3: 1255:	    if (ck_atoi (optarg, &out_before))
call    0 returned 3
branch  1 taken 1 (fallthrough)
branch  2 taken 2
        1: 1256:	      fatal (_("invalid context length argument"), 0);
call    0 returned 0
        -: 1257:	  }
        2: 1258:	break;
        1: 1259:      case 'C':
        -: 1260:	/* Set output match context, but let any explicit leading or
        -: 1261:	   trailing amount specified with -A or -B stand. */
        1: 1262:	if (optarg)
branch  0 taken 0 (fallthrough)
branch  1 taken 1
        -: 1263:	  {
    #####: 1264:	    if (ck_atoi (optarg, &default_context))
call    0 never executed
branch  1 never executed
branch  2 never executed
    #####: 1265:	      fatal (_("invalid context length argument"), 0);
call    0 never executed
        -: 1266:	  }
        -: 1267:	else
        1: 1268:	  default_context = 2;
        1: 1269:	break;
      249: 1270:      case 'E':
      249: 1271:	setmatcher ("egrep");
call    0 returned 248
      248: 1272:	break;
        7: 1273:      case 'F':
        7: 1274:	setmatcher ("fgrep");
call    0 returned 6
        6: 1275:	break;
      182: 1276:      case 'G':
      182: 1277:	setmatcher ("grep");
call    0 returned 181
      181: 1278:	break;
    #####: 1279:      case 'H':
    #####: 1280:	with_filenames = 1;
    #####: 1281:	break;
    #####: 1282:      case 'I':
    #####: 1283:	binary_files = WITHOUT_MATCH_BINARY_FILES;
    #####: 1284:	break;
    #####: 1285:      case 'U':
        -: 1286:#if O_BINARY
        -: 1287:	dos_use_file_type = DOS_BINARY;
        -: 1288:#endif
    #####: 1289:	break;
    #####: 1290:      case 'u':
        -: 1291:#if O_BINARY
        -: 1292:	dos_report_unix_offset = 1;
        -: 1293:#endif
    #####: 1294:	break;
        1: 1295:      case 'V':
        1: 1296:	show_version = 1;
        1: 1297:	break;
        4: 1298:      case 'X':
        4: 1299:	setmatcher (optarg);
call    0 returned 3
        3: 1300:	break;
    #####: 1301:      case 'a':
    #####: 1302:	binary_files = TEXT_BINARY_FILES;
    #####: 1303:	break;
       44: 1304:      case 'b':
       44: 1305:	out_byte = 1;
       44: 1306:	break;
       36: 1307:      case 'c':
       36: 1308:	out_quiet = 1;
       36: 1309:	count_matches = 1;
       36: 1310:	break;
    #####: 1311:      case 'd':
    #####: 1312:	if (strcmp (optarg, "read") == 0)
branch  0 never executed
branch  1 never executed
    #####: 1313:	  directories = READ_DIRECTORIES;
    #####: 1314:	else if (strcmp (optarg, "skip") == 0)
branch  0 never executed
branch  1 never executed
    #####: 1315:	  directories = SKIP_DIRECTORIES;
    #####: 1316:	else if (strcmp (optarg, "recurse") == 0)
branch  0 never executed
branch  1 never executed
    #####: 1317:	  directories = RECURSE_DIRECTORIES;
        -: 1318:	else
    #####: 1319:	  fatal (_("unknown directories method"), 0);
call    0 never executed
    #####: 1320:	break;
       18: 1321:      case 'e':
       18: 1322:	cc = strlen (optarg);
       18: 1323:	keys = xrealloc (keys, keycc + cc + 1);
call    0 returned 18
       18: 1324:	strcpy (&keys[keycc], optarg);
       18: 1325:	keycc += cc;
       18: 1326:	keys[keycc++] = '\n';
       18: 1327:	break;
       15: 1328:      case 'f':
      15*: 1329:	fp = strcmp (optarg, "-") != 0 ? fopen (optarg, "r") : stdin;
branch  0 taken 15 (fallthrough)
branch  1 taken 0
call    2 returned 15
       15: 1330:	if (!fp)
branch  0 taken 14 (fallthrough)
branch  1 taken 1
       14: 1331:	  fatal (optarg, errno);
call    0 returned 0
        2: 1332:	for (keyalloc = 1; keyalloc <= keycc + 1; keyalloc *= 2)
branch  0 taken 1
branch  1 taken 1 (fallthrough)
        -: 1333:	  ;
        1: 1334:	keys = xrealloc (keys, keyalloc);
call    0 returned 1
        1: 1335:	oldcc = keycc;
       20: 1336:	while (!feof (fp)
call    0 returned 20
       20: 1337:	       && (cc = fread (keys + keycc, 1, keyalloc - 1 - keycc, fp)) > 0)
branch  0 taken 19 (fallthrough)
branch  1 taken 1
call    2 returned 19
branch  3 taken 19
branch  4 taken 0 (fallthrough)
        -: 1338:	  {
       19: 1339:	    keycc += cc;
       19: 1340:	    if (keycc == keyalloc - 1)
branch  0 taken 18 (fallthrough)
branch  1 taken 1
       18: 1341:	      keys = xrealloc (keys, keyalloc *= 2);
call    0 returned 18
        -: 1342:	  }
        1: 1343:	if (fp != stdin)
branch  0 taken 1 (fallthrough)
branch  1 taken 0
        1: 1344:	  fclose(fp);
call    0 returned 1
        -: 1345:	/* Append final newline if file ended in non-newline. */
        1: 1346:	if (oldcc != keycc && keys[keycc - 1] != '\n')
branch  0 taken 1 (fallthrough)
branch  1 taken 0
branch  2 taken 1 (fallthrough)
branch  3 taken 0
        1: 1347:	  keys[keycc++] = '\n';
        1: 1348:	break;
       43: 1349:      case 'h':
       43: 1350:	no_filenames = 1;
       43: 1351:	break;
       59: 1352:      case 'i':
        -: 1353:      case 'y':			/* For old-timers . . . */
       59: 1354:	match_icase = 1;
       59: 1355:	break;
       12: 1356:      case 'L':
        -: 1357:	/* Like -l, except list files that don't contain matches.
        -: 1358:	   Inspired by the same option in Hume's gre. */
       12: 1359:	out_quiet = 1;
       12: 1360:	list_files = -1;
       12: 1361:	done_on_match = 1;
       12: 1362:	break;
       11: 1363:      case 'l':
       11: 1364:	out_quiet = 1;
       11: 1365:	list_files = 1;
       11: 1366:	done_on_match = 1;
       11: 1367:	break;
       39: 1368:      case 'n':
       39: 1369:	out_line = 1;
       39: 1370:	break;
        1: 1371:      case 'q':
        1: 1372:	done_on_match = 1;
        1: 1373:	out_quiet = 1;
        1: 1374:	break;
    #####: 1375:      case 'r':
    #####: 1376:	directories = RECURSE_DIRECTORIES;
    #####: 1377:	break;
        1: 1378:      case 's':
        1: 1379:	suppress_errors = 1;
        1: 1380:	break;
       53: 1381:      case 'v':
       53: 1382:	out_invert = 1;
       53: 1383:	break;
        1: 1384:      case 'w':
        1: 1385:	match_words = 1;
        1: 1386:	break;
        1: 1387:      case 'x':
        1: 1388:	match_lines = 1;
        1: 1389:	break;
    #####: 1390:      case 'Z':
    #####: 1391:	filename_mask = 0;
    #####: 1392:	break;
    #####: 1393:      case 'z':
    #####: 1394:	eolbyte = '\0';
    #####: 1395:	break;
    #####: 1396:      case BINARY_FILES_OPTION:
    #####: 1397:	if (strcmp (optarg, "binary") == 0)
branch  0 never executed
branch  1 never executed
    #####: 1398:	  binary_files = BINARY_BINARY_FILES;
    #####: 1399:	else if (strcmp (optarg, "text") == 0)
branch  0 never executed
branch  1 never executed
    #####: 1400:	  binary_files = TEXT_BINARY_FILES;
    #####: 1401:	else if (strcmp (optarg, "without-match") == 0)
branch  0 never executed
branch  1 never executed
    #####: 1402:	  binary_files = WITHOUT_MATCH_BINARY_FILES;
        -: 1403:	else
    #####: 1404:	  fatal (_("unknown binary-files type"), 0);
call    0 never executed
    #####: 1405:	break;
    #####: 1406:      case 0:
        -: 1407:	/* long options */
    #####: 1408:	break;
        2: 1409:      default:
        2: 1410:	usage (2);
call    0 returned 0
        -: 1411:	break;
        -: 1412:      }
        -: 1413:
      787: 1414:  if (out_after < 0)
branch  0 taken 785 (fallthrough)
branch  1 taken 2
      785: 1415:    out_after = default_context;
      787: 1416:  if (out_before < 0)
branch  0 taken 785 (fallthrough)
branch  1 taken 2
      785: 1417:    out_before = default_context;
        -: 1418:
      787: 1419:  if (! matcher)
branch  0 taken 353 (fallthrough)
branch  1 taken 434
      353: 1420:    matcher = "grep";
        -: 1421:
      787: 1422:  if (show_version)
branch  0 taken 1 (fallthrough)
branch  1 taken 786
        -: 1423:    {
        1: 1424:      printf (_("%s (GNU grep) %s\n"), matcher, VERSION);
call    0 returned 1
        1: 1425:      printf ("\n");
call    0 returned 1
        1: 1426:      printf (_("\
call    0 returned 1
        -: 1427:Copyright 1988, 1992-1999, 2000 Free Software Foundation, Inc.\n"));
        1: 1428:      printf (_("\
call    0 returned 1
        -: 1429:This is free software; see the source for copying conditions. There is NO\n\
        -: 1430:warranty; not even for MERCHANTABILITY or FITNESS FOR A PARTICULAR PURPOSE.\n"));
        1: 1431:      printf ("\n");
call    0 returned 1
        1: 1432:      exit (0);
call    0 returned 0
        -: 1433:    }
        -: 1434:
      786: 1435:  if (show_help)
branch  0 taken 0 (fallthrough)
branch  1 taken 786
    #####: 1436:    usage (0);
call    0 never executed
        -: 1437:
      786: 1438:  if (keys)
branch  0 taken 6 (fallthrough)
branch  1 taken 780
        -: 1439:    {
        6: 1440:      if (keycc == 0)
branch  0 taken 0 (fallthrough)
branch  1 taken 6
        -: 1441:	/* No keys were specified (e.g. -f /dev/null).  Match nothing.  */
    #####: 1442:        out_invert ^= 1;
        -: 1443:      else
        -: 1444:	/* Strip trailing newline. */
        6: 1445:        --keycc;
        -: 1446:    }
        -: 1447:  else
      780: 1448:    if (optind < argc)
branch  0 taken 780 (fallthrough)
branch  1 taken 0
        -: 1449:      {
      780: 1450:	keys = argv[optind++];
      780: 1451:	keycc = strlen (keys);
        -: 1452:      }
        -: 1453:    else
    #####: 1454:      usage (2);
call    0 never executed
        -: 1455:
     786*: 1456:  if (!install_matcher (matcher) && !install_matcher ("default"))
call    0 returned 786
branch  1 taken 0 (fallthrough)
branch  2 taken 786
call    3 never executed
branch  4 never executed
branch  5 never executed
    #####: 1457:    abort ();
call    0 never executed
        -: 1458:
      786: 1459:  (*compile)(keys, keycc);
call    0 returned 727
        -: 1460:
      727: 1461:  if ((argc - optind > 1 && !no_filenames) || with_filenames)
branch  0 taken 489 (fallthrough)
branch  1 taken 238
branch  2 taken 17 (fallthrough)
branch  3 taken 472
branch  4 taken 0 (fallthrough)
branch  5 taken 255
      472: 1462:    out_file = 1;
        -: 1463:
        -: 1464:#if O_BINARY
        -: 1465:  /* Output is set to binary mode because we shouldn't convert
        -: 1466:     NL to CR-LF pairs, especially when grepping binary files.  */
        -: 1467:  if (!isatty (1))
        -: 1468:    SET_BINARY (1);
        -: 1469:#endif
        -: 1470:
        -: 1471:
      727: 1472:  if (optind < argc)
branch  0 taken 719 (fallthrough)
branch  1 taken 8
        -: 1473:    {
      719: 1474:	status = 1;
        -: 1475:	do
        -: 1476:	{
     1696: 1477:	  char *file = argv[optind];
     1696: 1478:	  status &= grepfile (strcmp (file, "-") == 0 ? (char *) NULL : file,
branch  0 taken 1695 (fallthrough)
branch  1 taken 1
call    2 returned 1696
        -: 1479:			      &stats_base);
        -: 1480:	}
     1696: 1481:	while ( ++optind < argc);
branch  0 taken 977
branch  1 taken 719
        -: 1482:    }
        -: 1483:  else
        8: 1484:    status = grepfile ((char *) NULL, &stats_base);
call    0 returned 8
        -: 1485:
      727: 1486:  if (fclose (stdout) == EOF)
call    0 returned 727
branch  1 taken 0 (fallthrough)
branch  2 taken 727
    #####: 1487:    error (_("writing output"), errno);
[...]
        -:12941:
    #####:12942:    case set_number_at:
    #####:12943:      p1 += 4;
        -:12944:
    #####:12945:    default:
        -:12946:      /* All other opcodes mean we cannot match the empty string.  */
    #####:12947:      return false;
        -:12948:  }
        -:12949:
    #####:12950:  *p = p1;
    #####:12951:  return true;
        -:12952:} /* common_op_match_null_string_p */
        -:12953:
        -:12954:
        -:12955:/* Return zero if TRANSLATE[S1] and TRANSLATE[S2] are identical for LEN
        -:12956:   bytes; nonzero otherwise.  */
        -:12957:
        -:12958:static int
function bcmp_translate called 0 returned 0% blocks executed 0%
    #####:12959:bcmp_translate (s1, s2, len, translate)
        -:12960:     const char *s1, *s2;
        -:12961:     register int len;
        -:12962:     RE_TRANSLATE_TYPE translate;
        -:12963:{
    #####:12964:  register const unsigned char *p1 = (const unsigned char *) s1;
    #####:12965:  register const unsigned char *p2 = (const unsigned char *) s2;
    #####:12966:  while (len)
branch  0 never executed
branch  1 never executed
        -:12967:    {
    #####:12968:      if (translate[*p1++] != translate[*p2++]) return 1;
branch  0 never executed
branch  1 never executed
    #####:12969:      len--;
        -:12970:    }
    #####:12971:  return 0;
        -:12972:}
        -:12973:
        -:12974:/* Entry points for GNU code.  */
        -:12975:
        -:12976:/* re_compile_pattern is the GNU regular expression compiler: it
        -:12977:   compiles PATTERN (of length SIZE) and puts the result in BUFP.
        -:12978:   Returns 0 if the pattern was valid, otherwise an error string.
        -:12979:
        -:12980:   Assumes the `allocated' (and perhaps `buffer') and `translate' fields
        -:12981:   are set in BUFP on entry.
        -:12982:
        -:12983:   We call regex_compile to do the actual compilation.  */
        -:12984:
        -:12985:const char *
function re_compile_pattern called 781 returned 100% blocks executed 100%
      781:12986:re_compile_pattern (pattern, length, bufp)
        -:12987:     const char *pattern;
        -:12988:     size_t length;
        -:12989:     struct re_pattern_buffer *bufp;
        -:12990:{
        -:12991:  reg_errcode_t ret;
        -:12992:
        -:12993:  /* GNU code is written to assume at least RE_NREGS registers will be set
        -:12994:     (and at least one extra will be -1).  */
      781:12995:  bufp->regs_allocated = REGS_UNALLOCATED;
        -:12996:
        -:12997:  /* And GNU code determines whether or not to get register information
        -:12998:     by passing null for the REGS argument to re_match, etc., not by
        -:12999:     setting no_sub.  */
      781:13000:  bufp->no_sub = 0;
        -:13001:
        -:13002:  /* Match anchors at newline.  */
      781:13003:  bufp->newline_anchor = 1;
        -:13004:
      781:13005:  ret = regex_compile (pattern, length, re_syntax_options, bufp);
call    0 returned 781
        -:13006:
      781:13007:  if (!ret)
branch  0 taken 722 (fallthrough)
branch  1 taken 59
      722:13008:    return NULL;
        -:13009:#ifndef FAULTY_F_KP_6
       59:13010:  return gettext (re_error_msgid + re_error_msgid_idx[(int) ret]);
        -:13011:#else
        -:13012:  return gettext (re_error_msgid - re_error_msgid_idx[(int) ret]);
        -:13013:#endif
        -:13014:}
        -:13015:#ifdef _LIBC
        -:13016:weak_alias (__re_compile_pattern, re_compile_pattern)
        -:13017:#endif
        -:13018:
        -:13019:/* Entry points compatible with 4.2 BSD regex library.  We don't define
        -:13020:   them unless specifically requested.  */
        -:13021:
        -:13022:#if defined _REGEX_RE_COMP || defined _LIBC
        -:13023:
        -:13024:/* BSD has one and only one pattern buffer.  */
        -:13025:static struct re_pattern_buffer re_comp_buf;
        -:13026:
        -:13027:char *
        -:13028:#ifdef _LIBC
        -:13029:/* Make these definitions weak in libc, so POSIX programs can redefine
        -:13030:   these names if they don't use our functions, and still use
        -:13031:   regcomp/regexec below without link errors.  */
        -:13032:weak_function
        -:13033:#endif
        -:13034:re_comp (s)
        -:13035:    const char *s;
        -:13036:{
        -:13037:  reg_errcode_t ret;
        -:13038:
        -:13039:  if (!s)
        -:13040:    {
        -:13041:      if (!re_comp_buf.buffer)
        -:13042:	return gettext ("No previous regular expression");
        -:13043:      return 0;
        -:13044:    }
        -:13045:
        -:13046:  if (!re_comp_buf.buffer)
        -:13047:    {
        -:13048:      re_comp_buf.buffer = (unsigned char *) malloc (200);
        -:13049:      if (re_comp_buf.buffer == NULL)
        -:13050:        return (char *) gettext (re_error_msgid
        -:13051:				 + re_error_msgid_idx[(int) REG_ESPACE]);
        -:13052:      re_comp_buf.allocated = 200;
        -:13053:
        -:13054:      re_comp_buf.fastmap = (char *) malloc (1 << BYTEWIDTH);
        -:13055:      if (re_comp_buf.fastmap == NULL)
        -:13056:	return (char *) gettext (re_error_msgid
        -:13057:				 + re_error_msgid_idx[(int) REG_ESPACE]);
        -:13058:    }
        -:13059:
        -:13060:  /* Since `re_exec' always passes NULL for the `regs' argument, we
        -:13061:     don't need to initialize the pattern buffer fields which affect it.  */
        -:13062:
        -:13063:  /* Match anchors at newlines.  */
        -:13064:  re_comp_buf.newline_anchor = 1;
        -:13065:
        -:13066:  ret = regex_compile (s, strlen (s), re_syntax_options, &re_comp_buf);
        -:13067:
        -:13068:  if (!ret)
        -:13069:    return NULL;
        -:13070:
        -:13071:  /* Yes, we're discarding `const' here if !HAVE_LIBINTL.  */
        -:13072:  return (char *) gettext (re_error_msgid + re_error_msgid_idx[(int) ret]);
        -:13073:}
        -:13074:
        -:13075:
        -:13076:int
        -:13077:#ifdef _LIBC
        -:13078:weak_function
        -:13079:#endif
        -:13080:re_exec (s)
        -:13081:    const char *s;
        -:13082:{
        -:13083:  const int len = strlen (s);
        -:13084:  return
        -:13085:    0 <= re_search (&re_comp_buf, s, len, 0, len, (struct re_registers *) 0);
        -:13086:}
        -:13087:
        -:13088:#endif /* _REGEX_RE_COMP */
        -:13089:
        -:13090:/* POSIX.2 functions.  Don't define these for Emacs.  */
        -:13091:
        -:13092:#ifndef emacs
        -:13093:
        -:13094:/* regcomp takes a regular expression as a string and compiles it.
        -:13095:
        -:13096:   PREG is a regex_t *.  We do not expect any fields to be initialized,
        -:13097:   since POSIX says we shouldn't.  Thus, we set
        -:13098:
        -:13099:     `buffer' to the compiled pattern;
        -:13100:     `used' to the length of the compiled pattern;
        -:13101:     `syntax' to RE_SYNTAX_POSIX_EXTENDED if the
        -:13102:       REG_EXTENDED bit in CFLAGS is set; otherwise, to
        -:13103:       RE_SYNTAX_POSIX_BASIC;
        -:13104:     `newline_anchor' to REG_NEWLINE being set in CFLAGS;
        -:13105:     `fastmap' to an allocated space for the fastmap;
        -:13106:     `fastmap_accurate' to zero;
        -:13107:     `re_nsub' to the number of subexpressions in PATTERN.
        -:13108:
        -:13109:   PATTERN is the address of the pattern string.
        -:13110:
        -:13111:   CFLAGS is a series of bits which affect compilation.
        -:13112:
        -:13113:     If REG_EXTENDED is set, we use POSIX extended syntax; otherwise, we
        -:13114:     use POSIX basic syntax.
        -:13115:
        -:13116:     If REG_NEWLINE is set, then . and [^...] don't match newline.
        -:13117:     Also, regexec will try a match beginning after every newline.
        -:13118:
        -:13119:     If REG_ICASE is set, then we considers upper- and lowercase
        -:13120:     versions of letters to be equivalent when matching.
        -:13121:
        -:13122:     If REG_NOSUB is set, then when PREG is passed to regexec, that
        -:13123:     routine will report only success or failure, and nothing about the
        -:13124:     registers.
        -:13125:
        -:13126:   It returns 0 if it succeeds, nonzero if it doesn't.  (See regex.h for
        -:13127:   the return codes and their meanings.)  */
        -:13128:
        -:13129:int
function regcomp called 0 returned 0% blocks executed 0%
    #####:13130:regcomp (preg, pattern, cflags)
        -:13131:    regex_t *preg;
        -:13132:    const char *pattern;
        -:13133:    int cflags;
        -:13134:{
        -:13135:  reg_errcode_t ret;
    #####:13136:  reg_syntax_t syntax
    #####:13137:    = (cflags & REG_EXTENDED) ?
    #####:13138:      RE_SYNTAX_POSIX_EXTENDED : RE_SYNTAX_POSIX_BASIC;
branch  0 never executed
branch  1 never executed
        -:13139:
        -:13140:  /* regex_compile will allocate the space for the compiled pattern.  */
    #####:13141:  preg->buffer = 0;
    #####:13142:  preg->allocated = 0;
    #####:13143:  preg->used = 0;
        -:13144:
        -:13145:  /* Try to allocate space for the fastmap.  */
    #####:13146:  preg->fastmap = (char *) malloc (1 << BYTEWIDTH);
call    0 never executed
        -:13147:
    #####:13148:  if (cflags & REG_ICASE)
branch  0 never executed
branch  1 never executed
        -:13149:    {
        -:13150:      unsigned i;
        -:13151:
        -:13152:      preg->translate
    #####:13153:	= (RE_TRANSLATE_TYPE) malloc (CHAR_SET_SIZE
call    0 never executed
        -:13154:				      * sizeof (*(RE_TRANSLATE_TYPE)0));
    #####:13155:      if (preg->translate == NULL)
branch  0 never executed
branch  1 never executed
    #####:13156:        return (int) REG_ESPACE;
        -:13157:
        -:13158:      /* Map uppercase characters to corresponding lowercase ones.  */
    #####:13159:      for (i = 0; i < CHAR_SET_SIZE; i++)
branch  0 never executed
branch  1 never executed
    #####:13160:        preg->translate[i] = ISUPPER (i) ? TOLOWER (i) : i;
branch  0 never executed
branch  1 never executed
        -:13161:    }
        -:13162:  else
    #####:13163:    preg->translate = NULL;
        -:13164:
        -:13165:  /* If REG_NEWLINE is set, newlines are treated differently.  */
    #####:13166:  if (cflags & REG_NEWLINE)
branch  0 never executed
branch  1 never executed
        -:13167:    { /* REG_NEWLINE implies neither . nor [^...] match newline.  */
    #####:13168:      syntax &= ~RE_DOT_NEWLINE;
    #####:13169:      syntax |= RE_HAT_LISTS_NOT_NEWLINE;
        -:13170:      /* It also changes the matching behavior.  */
    #####:13171:      preg->newline_anchor = 1;
        -:13172:    }
        -:13173:  else
    #####:13174:    preg->newline_anchor = 0;
        -:13175:
    #####:13176:  preg->no_sub = !!(cflags & REG_NOSUB);
        -:13177:
        -:13178:  /* POSIX says a null character in the pattern terminates it, so we
        -:13179:     can use strlen here in compiling the pattern.  */
    #####:13180:  ret = regex_compile (pattern, strlen (pattern), syntax, preg);
call    0 never executed
        -:13181:
        -:13182:  /* POSIX doesn't distinguish between an unmatched open-group and an
        -:13183:     unmatched close-group: both are REG_EPAREN.  */
    #####:13184:  if (ret == REG_ERPAREN) ret = REG_EPAREN;
branch  0 never executed
branch  1 never executed
        -:13185:
    #####:13186:  if (ret == REG_NOERROR && preg->fastmap)
branch  0 never executed
branch  1 never executed
branch  2 never executed
branch  3 never executed
        -:13187:    {
        -:13188:      /* Compute the fastmap now, since regexec cannot modify the pattern
        -:13189:	 buffer.  */
    #####:13190:      if (re_compile_fastmap (preg) == -2)
call    0 never executed
branch  1 never executed
branch  2 never executed
        -:13191:	{
        -:13192:	  /* Some error occured while computing the fastmap, just forget
        -:13193:	     about it.  */
    #####:13194:	  free (preg->fastmap);
    #####:13195:	  preg->fastmap = NULL;
        -:13196:	}
        -:13197:    }
        -:13198:
    #####:13199:  return (int) ret;
        -:13200:}
        -:13201:#ifdef _LIBC
        -:13202:weak_alias (__regcomp, regcomp)
        -:13203:#endif
        -:13204:
        -:13205:
        -:13206:/* regexec searches for a given pattern, specified by PREG, in the
        -:13207:   string STRING.
        -:13208:
        -:13209:   If NMATCH is zero or REG_NOSUB was set in the cflags argument to
        -:13210:   `regcomp', we ignore PMATCH.  Otherwise, we assume PMATCH has at
        -:13211:   least NMATCH elements, and we set them to the offsets of the
        -:13212:   corresponding matched substrings.
        -:13213:
        -:13214:   EFLAGS specifies `execution flags' which affect matching: if
        -:13215:   REG_NOTBOL is set, then ^ does not match at the beginning of the
        -:13216:   string; if REG_NOTEOL is set, then $ does not match at the end.
        -:13217:
        -:13218:   We return 0 if we find a match and REG_NOMATCH if not.  */
        -:13219:
        -:13220:int
function regexec called 0 returned 0% blocks executed 0%
    #####:13221:regexec (preg, string, nmatch, pmatch, eflags)
        -:13222:    const regex_t *preg;
        -:13223:    const char *string;
        -:13224:    size_t nmatch;
        -:13225:    regmatch_t pmatch[];
        -:13226:    int eflags;
        -:13227:{
        -:13228:  int ret;
        -:13229:  struct re_registers regs;
        -:13230:  regex_t private_preg;
    #####:13231:  int len = strlen (string);
    #####:13232:  boolean want_reg_info = !preg->no_sub && nmatch > 0;
branch  0 never executed
branch  1 never executed
branch  2 never executed
branch  3 never executed
        -:13233:
    #####:13234:  private_preg = *preg;
        -:13235:
    #####:13236:  private_preg.not_bol = !!(eflags & REG_NOTBOL);
    #####:13237:  private_preg.not_eol = !!(eflags & REG_NOTEOL);
        -:13238:
        -:13239:  /* The user has told us exactly how many registers to return
        -:13240:     information about, via `nmatch'.  We have to pass that on to the
        -:13241:     matching routines.  */
    #####:13242:  private_preg.regs_allocated = REGS_FIXED;
        -:13243:
    #####:13244:  if (want_reg_info)
branch  0 never executed
branch  1 never executed
        -:13245:    {
    #####:13246:      regs.num_regs = nmatch;
    #####:13247:      regs.start = TALLOC (nmatch * 2, regoff_t);
call    0 never executed
    #####:13248:      if (regs.start == NULL)
branch  0 never executed
branch  1 never executed
    #####:13249:        return (int) REG_NOMATCH;
    #####:13250:      regs.end = regs.start + nmatch;
        -:13251:    }
        -:13252:
        -:13253:  /* Perform the searching operation.  */
    #####:13254:  ret = re_search (&private_preg, string, len,
branch  0 never executed
branch  1 never executed
call    2 never executed
        -:13255:                   /* start: */ 0, /* range: */ len,
        -:13256:                   want_reg_info ? &regs : (struct re_registers *) 0);
        -:13257:
        -:13258:  /* Copy the register information to the POSIX structure.  */
    #####:13259:  if (want_reg_info)
branch  0 never executed
branch  1 never executed
        -:13260:    {
    #####:13261:      if (ret >= 0)
branch  0 never executed
branch  1 never executed
        -:13262:        {
        -:13263:          unsigned r;
        -:13264:
    #####:13265:          for (r = 0; r < nmatch; r++)
branch  0 never executed
branch  1 never executed
        -:13266:            {
    #####:13267:              pmatch[r].rm_so = regs.start[r];
    #####:13268:              pmatch[r].rm_eo = regs.end[r];
        -:13269:            }
        -:13270:        }
        -:13271:
        -:13272:      /* If we needed the temporary register info, free the space now.  */
    #####:13273:      free (regs.start);
        -:13274:    }
        -:13275:
        -:13276:  /* We want zero return to mean success, unlike `re_search'.  */
    #####:13277:  return ret >= 0 ? (int) REG_NOERROR : (int) REG_NOMATCH;
        -:13278:}
        -:13279:#ifdef _LIBC
        -:13280:weak_alias (__regexec, regexec)
        -:13281:#endif
        -:13282:
        -:13283:
        -:13284:/* Returns a message corresponding to an error code, ERRCODE, returned
        -:13285:   from either regcomp or regexec.   We don't use PREG here.  */
        -:13286:
        -:13287:size_t
function regerror called 0 returned 0% blocks executed 0%
    #####:13288:regerror (errcode, preg, errbuf, errbuf_size)
        -:13289:    int errcode;
        -:13290:    const regex_t *preg;
        -:13291:    char *errbuf;
        -:13292:    size_t errbuf_size;
        -:13293:{
        -:13294:  const char *msg;
        -:13295:  size_t msg_size;
        -:13296:
    #####:13297:  if (errcode < 0
branch  0 never executed
branch  1 never executed
    #####:13298:      || errcode >= (int) (sizeof (re_error_msgid_idx)
branch  0 never executed
branch  1 never executed
        -:13299:			   / sizeof (re_error_msgid_idx[0])))
        -:13300:    /* Only error codes returned by the rest of the code should be passed
        -:13301:       to this routine.  If we are given anything else, or if other regex
        -:13302:       code generates an invalid error code, then the program has a bug.
        -:13303:       Dump core so we can fix it.  */
    #####:13304:    abort ();
call    0 never executed
        -:13305:
    #####:13306:  msg = gettext (re_error_msgid + re_error_msgid_idx[errcode]);
        -:13307:
    #####:13308:  msg_size = strlen (msg) + 1; /* Includes the null.  */
        -:13309:
    #####:13310:  if (errbuf_size != 0)
branch  0 never executed
branch  1 never executed
        -:13311:    {
    #####:13312:      if (msg_size > errbuf_size)
branch  0 never executed
branch  1 never executed
        -:13313:        {
        -:13314:#if defined HAVE_MEMPCPY || defined _LIBC
        -:13315:	  *((char *) __mempcpy (errbuf, msg, errbuf_size - 1)) = '\0';
        -:13316:#else
    #####:13317:          memcpy (errbuf, msg, errbuf_size - 1);
    #####:13318:          errbuf[errbuf_size - 1] = 0;
        -:13319:#endif
        -:13320:        }
        -:13321:      else
    #####:13322:        memcpy (errbuf, msg, msg_size);
        -:13323:    }
        -:13324:
    #####:13325:  return msg_size;
        -:13326:}
        -:13327:#ifdef _LIBC
        -:13328:weak_alias (__regerror, regerror)
        -:13329:#endif
        -:13330:
        -:13331:
        -:13332:/* Free dynamically allocated space used by PREG.  */
        -:13333:
        -:13334:void
function regfree called 0 returned 0% blocks executed 0%
    #####:13335:regfree (preg)
        -:13336:    regex_t *preg;
        -:13337:{
    #####:13338:  if (preg->buffer != NULL)
branch  0 never executed
branch  1 never executed
    #####:13339:    free (preg->buffer);
    #####:13340:  preg->buffer = NULL;
        -:13341:
    #####:13342:  preg->allocated = 0;
    #####:13343:  preg->used = 0;
        -:13344:
    #####:13345:  if (preg->fastmap != NULL)
branch  0 never executed
branch  1 never executed
    #####:13346:    free (preg->fastmap);
    #####:13347:  preg->fastmap = NULL;
    #####:13348:  preg->fastmap_accurate = 0;
        -:13349:
    #####:13350:  if (preg->translate != NULL)
branch  0 never executed
branch  1 never executed
    #####:13351:    free (preg->translate);
    #####:13352:  preg->translate = NULL;
    #####:13353:}
        -:13354:#ifdef _LIBC
        -:13355:weak_alias (__regfree, regfree)
        -:13356:#endif
        -:13357:
        -:13358:#endif /* not emacs  */
