        -:    0:Source:flex.c
        -:    0:Graph:flex.gcno
        -:    0:Data:flex.gcda
        -:    0:Runs:567
        -:    1:#include "FaultSeeds.h"
        -:    2:
        -:    3:/* flex - tool to generate fast lexical analyzers */
        -:    4:
        -:    5:/*-
        -:    6: * Copyright (c) 1990 The Regents of the University of California.
        -:    7: * All rights reserved.
        -:    8: *
        -:    9: * This code is derived from software contributed to Berkeley by
        -:   10: * Vern Paxson.
        -:   11: *
        -:   12: * The United States Government has rights in this work pursuant
        -:   13: * to contract no. DE-AC03-76SF00098 between the United States
        -:   14: * Department of Energy and the University of California.
        -:   15: *
        -:   16: * Redistribution and use in source and binary forms are permitted provided
        -:   17: * that: (1) source distributions retain this entire copyright notice and
        -:   18: * comment, and (2) distributions including binaries display the following
        -:   19: * acknowledgement:  ``This product includes software developed by the
        -:   20: * University of California, Berkeley and its contributors'' in the
        -:   21: * documentation or other materials provided with the distribution and in
        -:   22: * all advertising materials mentioning features or use of this software.
        -:   23: * Neither the name of the University nor the names of its contributors may
        -:   24: * be used to endorse or promote products derived from this software without
        -:   25: * specific prior written permission.
        -:   26: * THIS SOFTWARE IS PROVIDED ``AS IS'' AND WITHOUT ANY EXPRESS OR IMPLIED
        -:   27: * WARRANTIES, INCLUDING, WITHOUT LIMITATION, THE IMPLIED WARRANTIES OF
        -:   28: * MERCHANTABILITY AND FITNESS FOR A PARTICULAR PURPOSE.
        -:   29: */
        -:   30:
        -:   31:#ifndef lint
        -:   32:char copyright[] =
        -:   33:"@(#) Copyright (c) 1990 The Regents of the University of California.\n\
        -:   34: All rights reserved.\n";
        -:   35:#endif /* not lint */
        -:   36:
        -:   37:/* $Header: /a1/cvsadm/cvsroot/expsir/csubjects/flex/versions.alt/versions.seeded/v3/flex.c,v 1.1.1.2 2003/09/02 20:21:59 expsir Exp $ */
        -:   38:
        -:   39:
        -:   40:#include "flexdef.h"
        -:   41:#include "version.h"
        -:   42:#include <ctype.h> 
        -:   43:#include "parse.h"
        -:   44:#include "FaultSeeds.h"
        -:   45:
        -:   46:static char flex_version[] = FLEX_VERSION;
        -:   47:
        -:   48:
        -:   49:/* declare functions that have forward references */
        -:   50:
        -:   51:void flexinit PROTO((int, char**));
        -:   52:void readin PROTO((void));
        -:   53:void set_up_initial_allocations PROTO((void));
        -:   54:
        -:   55:#ifdef NEED_ARGV_FIXUP
        -:   56:extern void argv_fixup PROTO((int *, char ***));
        -:   57:#endif
        -:   58:
        -:   59:
        -:   60:/* these globals are all defined and commented in flexdef.h */
        -:   61:int printstats, syntaxerror, eofseen, ddebug, trace, nowarn, spprdflt;
        -:   62:int interactive, caseins, lex_compat, do_yylineno, useecs, fulltbl, usemecs;
        -:   63:int fullspd, gen_line_dirs, performance_report, backing_up_report;
        -:   64:int C_plus_plus, long_align, use_read, yytext_is_array, do_yywrap, csize;
        -:   65:int yymore_used, reject, real_reject, continued_action, in_rule;
        -:   66:int yymore_really_used, reject_really_used;
        -:   67:int datapos, dataline, linenum, out_linenum;
        -:   68:FILE *skelfile = NULL;
        -:   69:
        -:   70:/* ### add for testing ### */
        -:   71:FILE *err = NULL;
        -:   72:/* ####################### */
        -:   73:
        -:   74:int skel_ind = 0;
        -:   75:char *action_array;
        -:   76:int action_size, defs1_offset, prolog_offset, action_offset, action_index;
        -:   77:char *infilename = NULL, *outfilename = NULL;
        -:   78:int did_outfilename;
        -:   79:char *prefix, *yyclass;
        -:   80:int do_stdinit, use_stdout;
        -:   81:int onestate[ONE_STACK_SIZE], onesym[ONE_STACK_SIZE];
        -:   82:int onenext[ONE_STACK_SIZE], onedef[ONE_STACK_SIZE], onesp;
        -:   83:int current_mns, current_max_rules;
        -:   84:int num_rules, num_eof_rules, default_rule, lastnfa;
        -:   85:int *firstst, *lastst, *finalst, *transchar, *trans1, *trans2;
        -:   86:int *accptnum, *assoc_rule, *state_type;
        -:   87:int *rule_type, *rule_linenum, *rule_useful;
        -:   88:int current_state_type;
        -:   89:int variable_trailing_context_rules;
        -:   90:int numtemps, numprots, protprev[MSP], protnext[MSP], prottbl[MSP];
        -:   91:int protcomst[MSP], firstprot, lastprot, protsave[PROT_SAVE_SIZE];
        -:   92:int numecs, nextecm[CSIZE + 1], ecgroup[CSIZE + 1], nummecs, tecfwd[CSIZE + 1];
        -:   93:int tecbck[CSIZE + 1];
        -:   94:int lastsc, *scset, *scbol, *scxclu, *sceof;
        -:   95:int current_max_scs;
        -:   96:char **scname;
        -:   97:int current_max_dfa_size, current_max_xpairs;
        -:   98:int current_max_template_xpairs, current_max_dfas;
        -:   99:int lastdfa, *nxt, *chk, *tnxt;
        -:  100:int *base, *def, *nultrans, NUL_ec, tblend, firstfree, **dss, *dfasiz;
        -:  101:union dfaacc_union *dfaacc;
        -:  102:int *accsiz, *dhash, numas;
        -:  103:int numsnpairs, jambase, jamstate;
        -:  104:int lastccl, *cclmap, *ccllen, *cclng, cclreuse;
        -:  105:int current_maxccls, current_max_ccl_tbl_size;
        -:  106:Char *ccltbl;
        -:  107:char nmstr[MAXLINE];
        -:  108:int sectnum, nummt, hshcol, dfaeql, numeps, eps2, num_reallocs;
        -:  109:int tmpuses, totnst, peakpairs, numuniq, numdup, hshsave;
        -:  110:int num_backing_up, bol_needed;
        -:  111:FILE *backing_up_file;
        -:  112:int end_of_buffer_state;
        -:  113:char **input_files;
        -:  114:int num_input_files;
        -:  115:
        -:  116:/* Make sure program_name is initialized so we don't crash if writing
        -:  117: * out an error message before getting the program name from argv[0].
        -:  118: */
        -:  119:char *program_name = "flex";
        -:  120:
        -:  121:#ifndef SHORT_FILE_NAMES
        -:  122:static char *outfile_template = "lex.%s.%s";
        -:  123:static char *backing_name = "lex.backup";
        -:  124:#else
        -:  125:static char *outfile_template = "lex%s.%s";
        -:  126:static char *backing_name = "lex.bck";
        -:  127:#endif
        -:  128:
        -:  129:#ifdef THINK_C
        -:  130:#include <console.h>
        -:  131:#endif
        -:  132:
        -:  133:#ifdef MS_DOS
        -:  134:extern unsigned _stklen = 16384;
        -:  135:#endif
        -:  136:
        -:  137:static char outfile_path[MAXLINE];
        -:  138:static int outfile_created = 0;
        -:  139:static char *skelname = NULL;
        -:  140:
        -:  141:
function main called 567 returned 0% blocks executed 95%
      567:  142:int main( argc, argv )
        -:  143:int argc;
        -:  144:char **argv;
        -:  145:	{
        -:  146:	int i;
        -:  147:
        -:  148:#ifdef THINK_C
        -:  149:	argc = ccommand( &argv );
        -:  150:#endif
        -:  151:#ifdef NEED_ARGV_FIXUP
        -:  152:	argv_fixup( &argc, &argv );
        -:  153:#endif
        -:  154:
        -:  155:/* ### add for testing ### */
      567:  156:        if(--argc >0){
branch  0 taken 567 (fallthrough)
branch  1 taken 0
      567:  157:                err = fopen( *++argv, "w" );
call    0 returned 567
      567:  158:                --argv; ++argc;
        -:  159:        }
        -:  160:/* ####################### */
        -:  161:
      567:  162:	flexinit( argc, argv );
call    0 returned 560
        -:  163:
      560:  164:	readin();
call    0 returned 543
        -:  165:
      543:  166:	ntod();
call    0 returned 543
        -:  167:
     4360:  168:	for ( i = 1; i <= num_rules; ++i )
branch  0 taken 3817
branch  1 taken 543 (fallthrough)
     3817:  169:		if ( ! rule_useful[i] && i != default_rule )
branch  0 taken 86 (fallthrough)
branch  1 taken 3731
branch  2 taken 12 (fallthrough)
branch  3 taken 74
       12:  170:			line_warning( _( "rule cannot be matched" ),
       12:  171:					rule_linenum[i] );
call    0 returned 12
        -:  172:
      543:  173:	if ( spprdflt && ! reject && rule_useful[default_rule] )
branch  0 taken 3 (fallthrough)
branch  1 taken 540
branch  2 taken 1 (fallthrough)
branch  3 taken 2
branch  4 taken 1 (fallthrough)
branch  5 taken 0
        1:  174:		line_warning(
        -:  175:			_( "-s option given but default rule can be matched" ),
        1:  176:			rule_linenum[default_rule] );
call    0 returned 1
        -:  177:
        -:  178:	/* Generate the C state transition tables from the DFA. */
      543:  179:	make_tables();
call    0 returned 543
        -:  180:
        -:  181:	/* Note, flexend does not return.  It exits with its argument
        -:  182:	 * as status.
        -:  183:	 */
      543:  184:	flexend( 0 );
call    0 returned 0
        -:  185:
    #####:  186:	return 0;	/* keep compilers/lint happy */
        -:  187:	}
        -:  188:
        -:  189:
        -:  190:/* check_options - check user-specified options */
        -:  191:
function check_options called 560 returned 99% blocks executed 87%
      560:  192:void check_options()
        -:  193:	{
        -:  194:	int i;
        -:  195:
      560:  196:	if ( lex_compat )
branch  0 taken 163 (fallthrough)
branch  1 taken 397
        -:  197:		{
      163:  198:		if ( C_plus_plus )
branch  0 taken 0 (fallthrough)
branch  1 taken 163
    #####:  199:			flexerror( _( "Can't use -+ with -l option" ) );
call    0 never executed
        -:  200:
      163:  201:		if ( fulltbl || fullspd )
branch  0 taken 162 (fallthrough)
branch  1 taken 1
branch  2 taken 0 (fallthrough)
branch  3 taken 162
        1:  202:			flexerror( _( "Can't use -f or -F with -l option" ) );
call    0 returned 0
        -:  203:
        -:  204:		/* Don't rely on detecting use of yymore() and REJECT,
        -:  205:		 * just assume they'll be used.
        -:  206:		 */
      162:  207:		yymore_really_used = reject_really_used = true;
        -:  208:
      162:  209:		yytext_is_array = true;
      162:  210:		do_yylineno = true;
      162:  211:		use_read = false;
        -:  212:		}
        -:  213:
      559:  214:	if ( do_yylineno )
branch  0 taken 162 (fallthrough)
branch  1 taken 397
        -:  215:		/* This should really be "maintain_backup_tables = true" */
      162:  216:		reject_really_used = true;
        -:  217:
      559:  218:	if ( csize == unspecified )
branch  0 taken 554 (fallthrough)
branch  1 taken 5
        -:  219:		{
      554:  220:		if ( (fulltbl || fullspd) && ! useecs )
branch  0 taken 526 (fallthrough)
branch  1 taken 28
branch  2 taken 94 (fallthrough)
branch  3 taken 432
branch  4 taken 79 (fallthrough)
branch  5 taken 43
       79:  221:			csize = DEFAULT_CSIZE;
        -:  222:		else
      475:  223:			csize = CSIZE;
        -:  224:		}
        -:  225:
      559:  226:	if ( interactive == unspecified )
branch  0 taken 554 (fallthrough)
branch  1 taken 5
        -:  227:		{
      554:  228:		if ( fulltbl || fullspd )
branch  0 taken 527 (fallthrough)
branch  1 taken 27
branch  2 taken 94 (fallthrough)
branch  3 taken 433
      121:  229:			interactive = false;
        -:  230:		else
      433:  231:			interactive = true;
        -:  232:		}
        -:  233:
      559:  234:	if ( fulltbl || fullspd )
branch  0 taken 531 (fallthrough)
branch  1 taken 28
branch  2 taken 94 (fallthrough)
branch  3 taken 437
        -:  235:		{
      122:  236:		if ( usemecs )
branch  0 taken 3 (fallthrough)
branch  1 taken 119
        3:  237:			flexerror(
call    0 returned 0
        -:  238:			_( "-Cf/-CF and -Cm don't make sense together" ) );
        -:  239:
      119:  240:		if ( interactive )
branch  0 taken 1 (fallthrough)
branch  1 taken 118
        1:  241:			flexerror( _( "-Cf/-CF and -I are incompatible" ) );
call    0 returned 0
        -:  242:
      118:  243:		if ( lex_compat )
branch  0 taken 0 (fallthrough)
branch  1 taken 118
    #####:  244:			flexerror(
call    0 never executed
        -:  245:		_( "-Cf/-CF are incompatible with lex-compatibility mode" ) );
        -:  246:
      118:  247:		if ( do_yylineno )
branch  0 taken 0 (fallthrough)
branch  1 taken 118
    #####:  248:			flexerror(
call    0 never executed
        -:  249:			_( "-Cf/-CF and %option yylineno are incompatible" ) );
        -:  250:
      118:  251:		if ( fulltbl && fullspd )
branch  0 taken 25 (fallthrough)
branch  1 taken 93
branch  2 taken 1 (fallthrough)
branch  3 taken 24
        1:  252:			flexerror( _( "-Cf and -CF are mutually exclusive" ) );
call    0 returned 0
        -:  253:		}
        -:  254:
     554*:  255:	if ( C_plus_plus && fullspd )
branch  0 taken 0 (fallthrough)
branch  1 taken 554
branch  2 never executed
branch  3 never executed
    #####:  256:		flexerror( _( "Can't use -+ with -CF option" ) );
call    0 never executed
        -:  257:
     554*:  258:	if ( C_plus_plus && yytext_is_array )
branch  0 taken 0 (fallthrough)
branch  1 taken 554
branch  2 never executed
branch  3 never executed
        -:  259:		{
    #####:  260:		warn( _( "%array incompatible with -+ option" ) );
call    0 never executed
    #####:  261:		yytext_is_array = false;
        -:  262:		}
        -:  263:
      554:  264:	if ( useecs )
branch  0 taken 305 (fallthrough)
branch  1 taken 249
        -:  265:		{ /* Set up doubly-linked equivalence classes. */
        -:  266:
        -:  267:		/* We loop all the way up to csize, since ecgroup[csize] is
        -:  268:		 * the position used for NUL characters.
        -:  269:		 */
      305:  270:		ecgroup[1] = NIL;
        -:  271:
    77696:  272:		for ( i = 2; i <= csize; ++i )
branch  0 taken 77391
branch  1 taken 305 (fallthrough)
        -:  273:			{
    77391:  274:			ecgroup[i] = i - 1;
    77391:  275:			nextecm[i - 1] = i;
        -:  276:			}
        -:  277:
      305:  278:		nextecm[csize] = NIL;
        -:  279:		}
        -:  280:
        -:  281:	else
        -:  282:		{
        -:  283:		/* Put everything in its own equivalence class. */
    54265:  284:		for ( i = 1; i <= csize; ++i )
branch  0 taken 54016
branch  1 taken 249 (fallthrough)
        -:  285:			{
    54016:  286:			ecgroup[i] = i;
    54016:  287:			nextecm[i] = BAD_SUBSCRIPT;	/* to catch errors */
        -:  288:			}
        -:  289:		}
        -:  290:
      554:  291:	if ( ! use_stdout )
branch  0 taken 551 (fallthrough)
branch  1 taken 3
        -:  292:		{
        -:  293:		FILE *prev_stdout;
        -:  294:
      551:  295:		if ( ! did_outfilename )
branch  0 taken 550 (fallthrough)
branch  1 taken 1
        -:  296:			{
        -:  297:			char *suffix;
        -:  298:
      550:  299:			if ( C_plus_plus )
branch  0 taken 0 (fallthrough)
branch  1 taken 550
    #####:  300:				suffix = "cc";
        -:  301:			else
      550:  302:				suffix = "c";
        -:  303:
      550:  304:			sprintf( outfile_path, outfile_template,
        -:  305:				prefix, suffix );
        -:  306:
      550:  307:			outfilename = outfile_path;
        -:  308:			}
        -:  309:
      551:  310:		prev_stdout = freopen( outfilename, "w", stdout );
call    0 returned 551
        -:  311:
      551:  312:		if ( prev_stdout == NULL )
branch  0 taken 0 (fallthrough)
branch  1 taken 551
    #####:  313:			lerrsf( _( "could not create %s" ), outfilename );
call    0 never executed
        -:  314:
      551:  315:		outfile_created = 1;
        -:  316:		}
        -:  317:
      554:  318:	if ( skelname && (skelfile = fopen( skelname, "r" )) == NULL )
branch  0 taken 3 (fallthrough)
branch  1 taken 551
call    2 returned 3
branch  3 taken 1 (fallthrough)
branch  4 taken 2
        1:  319:		lerrsf( _( "can't open skeleton file %s" ), skelname );
call    0 returned 0
        -:  320:
      553:  321:	if ( strcmp( prefix, "yy" ) )
branch  0 taken 1 (fallthrough)
branch  1 taken 552
        -:  322:		{
        -:  323:#define GEN_PREFIX(name) out_str3( "#define yy%s %s%s\n", name, prefix, name )
        1:  324:		if ( C_plus_plus )
branch  0 taken 0 (fallthrough)
branch  1 taken 1
    #####:  325:			GEN_PREFIX( "FlexLexer" );
call    0 never executed
        -:  326:		else
        -:  327:			{
        1:  328:			GEN_PREFIX( "_create_buffer" );
call    0 returned 1
        1:  329:			GEN_PREFIX( "_delete_buffer" );
call    0 returned 1
        1:  330:			GEN_PREFIX( "_scan_buffer" );
call    0 returned 1
        1:  331:			GEN_PREFIX( "_scan_string" );
call    0 returned 1
        1:  332:			GEN_PREFIX( "_scan_bytes" );
call    0 returned 1
        1:  333:			GEN_PREFIX( "_flex_debug" );
call    0 returned 1
        1:  334:			GEN_PREFIX( "_init_buffer" );
call    0 returned 1
        1:  335:			GEN_PREFIX( "_flush_buffer" );
call    0 returned 1
        1:  336:			GEN_PREFIX( "_load_buffer_state" );
call    0 returned 1
        1:  337:			GEN_PREFIX( "_switch_to_buffer" );
call    0 returned 1
        1:  338:			GEN_PREFIX( "in" );
call    0 returned 1
        1:  339:			GEN_PREFIX( "leng" );
call    0 returned 1
        1:  340:			GEN_PREFIX( "lex" );
call    0 returned 1
        1:  341:			GEN_PREFIX( "out" );
call    0 returned 1
        1:  342:			GEN_PREFIX( "restart" );
call    0 returned 1
        1:  343:			GEN_PREFIX( "text" );
call    0 returned 1
        -:  344:
        1:  345:			if ( do_yylineno )
branch  0 taken 0 (fallthrough)
branch  1 taken 1
    #####:  346:				GEN_PREFIX( "lineno" );
call    0 never executed
        -:  347:			}
        -:  348:
        1:  349:		if ( do_yywrap )
branch  0 taken 1 (fallthrough)
branch  1 taken 0
        1:  350:			GEN_PREFIX( "wrap" );
call    0 returned 1
        -:  351:
        1:  352:		outn( "" );
call    0 returned 1
        -:  353:		}
        -:  354:
      553:  355:	if ( did_outfilename )
branch  0 taken 1 (fallthrough)
branch  1 taken 552
        1:  356:		line_directive_out( stdout, 0 );
call    0 returned 1
        -:  357:
      553:  358:	skelout();
call    0 returned 553
      553:  359:	}
        -:  360:
        -:  361:
        -:  362:/* flexend - terminate flex
        -:  363: *
        -:  364: * note
        -:  365: *    This routine does not return.
        -:  366: */
        -:  367:
function flexend called 565 returned 0% blocks executed 87%
      565:  368:void flexend( exit_status )
        -:  369:int exit_status;
        -:  370:
        -:  371:	{
        -:  372:	int tblsiz;
        -:  373:	int unlink();
        -:  374:
      565:  375:	if ( skelfile != NULL )
branch  0 taken 2 (fallthrough)
branch  1 taken 563
        -:  376:		{
        2:  377:		if ( ferror( skelfile ) )
call    0 returned 2
branch  1 taken 0 (fallthrough)
branch  2 taken 2
    #####:  378:			lerrsf( _( "input error reading skeleton file %s" ),
call    0 never executed
        -:  379:				skelname );
        -:  380:
        2:  381:		else if ( fclose( skelfile ) )
call    0 returned 2
branch  1 taken 0 (fallthrough)
branch  2 taken 2
    #####:  382:			lerrsf( _( "error closing skeleton file %s" ),
call    0 never executed
        -:  383:				skelname );
        -:  384:		}
        -:  385:
      565:  386:	if ( exit_status != 0 && outfile_created )
branch  0 taken 22 (fallthrough)
branch  1 taken 543
branch  2 taken 11 (fallthrough)
branch  3 taken 11
        -:  387:		{
       11:  388:		if ( ferror( stdout ) )
call    0 returned 11
branch  1 taken 0 (fallthrough)
branch  2 taken 11
    #####:  389:			lerrsf( _( "error writing output file %s" ),
call    0 never executed
        -:  390:				outfilename );
        -:  391:
       11:  392:		else if ( fclose( stdout ) )
call    0 returned 11
branch  1 taken 0 (fallthrough)
branch  2 taken 11
    #####:  393:			lerrsf( _( "error closing output file %s" ),
call    0 never executed
        -:  394:				outfilename );
        -:  395:
       11:  396:		else if ( unlink( outfilename ) )
call    0 returned 11
branch  1 taken 0 (fallthrough)
branch  2 taken 11
    #####:  397:			lerrsf( _( "error deleting output file %s" ),
call    0 never executed
        -:  398:				outfilename );
        -:  399:		}
        -:  400:
      565:  401:	if ( backing_up_report && backing_up_file )
branch  0 taken 5 (fallthrough)
branch  1 taken 560
branch  2 taken 5 (fallthrough)
branch  3 taken 0
        -:  402:		{
        5:  403:		if ( num_backing_up == 0 )
branch  0 taken 0 (fallthrough)
branch  1 taken 5
    #####:  404:			fprintf( backing_up_file, _( "No backing up.\n" ) );
call    0 never executed
        5:  405:		else if ( fullspd || fulltbl )
branch  0 taken 5 (fallthrough)
branch  1 taken 0
branch  2 taken 0 (fallthrough)
branch  3 taken 5
    #####:  406:			fprintf( backing_up_file,
call    0 never executed
        -:  407:				_( "%d backing up (non-accepting) states.\n" ),
        -:  408:				num_backing_up );
        -:  409:		else
        5:  410:			fprintf( backing_up_file,
call    0 returned 5
        -:  411:				_( "Compressed tables always back up.\n" ) );
        -:  412:
        5:  413:		if ( ferror( backing_up_file ) )
call    0 returned 5
branch  1 taken 0 (fallthrough)
branch  2 taken 5
    #####:  414:			lerrsf( _( "error writing backup file %s" ),
call    0 never executed
        -:  415:				backing_name );
        -:  416:
        5:  417:		else if ( fclose( backing_up_file ) )
call    0 returned 5
branch  1 taken 0 (fallthrough)
branch  2 taken 5
    #####:  418:			lerrsf( _( "error closing backup file %s" ),
call    0 never executed
        -:  419:				backing_name );
        -:  420:		}
        -:  421:
      565:  422:	if ( printstats )
branch  0 taken 9 (fallthrough)
branch  1 taken 556
        -:  423:		{
        9:  424:		fprintf( err, _( "%s version %s usage statistics:\n" ),
call    0 returned 9
        -:  425:			program_name, flex_version );
        -:  426:
        9:  427:		fprintf( err, _( "  scanner options: -" ) );
call    0 returned 9
        -:  428:
        9:  429:		if ( C_plus_plus )
branch  0 taken 0 (fallthrough)
branch  1 taken 9
    #####:  430:			putc( '+', err );
call    0 never executed
        9:  431:		if ( backing_up_report )
branch  0 taken 3 (fallthrough)
branch  1 taken 6
        3:  432:			putc( 'b', err );
call    0 returned 3
        9:  433:		if ( ddebug )
branch  0 taken 2 (fallthrough)
branch  1 taken 7
        2:  434:			putc( 'd', err );
call    0 returned 2
        9:  435:		if ( caseins )
branch  0 taken 2 (fallthrough)
branch  1 taken 7
        2:  436:			putc( 'i', err );
call    0 returned 2
        9:  437:		if ( lex_compat )
branch  0 taken 2 (fallthrough)
branch  1 taken 7
        2:  438:			putc( 'l', err );
call    0 returned 2
        9:  439:		if ( performance_report > 0 )
branch  0 taken 2 (fallthrough)
branch  1 taken 7
        2:  440:			putc( 'p', err );
call    0 returned 2
        9:  441:		if ( performance_report > 1 )
branch  0 taken 0 (fallthrough)
branch  1 taken 9
    #####:  442:			putc( 'p', err );
call    0 never executed
        9:  443:		if ( spprdflt )
branch  0 taken 2 (fallthrough)
branch  1 taken 7
        2:  444:			putc( 's', err );
call    0 returned 2
        9:  445:		if ( use_stdout )
branch  0 taken 2 (fallthrough)
branch  1 taken 7
        2:  446:			putc( 't', err );
call    0 returned 2
        9:  447:		if ( printstats )
branch  0 taken 9 (fallthrough)
branch  1 taken 0
        9:  448:			putc( 'v', err );	/* always true! */
call    0 returned 9
        9:  449:		if ( nowarn )
branch  0 taken 2 (fallthrough)
branch  1 taken 7
        2:  450:			putc( 'w', err );
call    0 returned 2
        9:  451:		if ( interactive == false )
branch  0 taken 3 (fallthrough)
branch  1 taken 6
        3:  452:			putc( 'B', err );
call    0 returned 3
        9:  453:		if ( interactive == true )
branch  0 taken 6 (fallthrough)
branch  1 taken 3
        6:  454:			putc( 'I', err );
call    0 returned 6
        9:  455:		if ( ! gen_line_dirs )
branch  0 taken 2 (fallthrough)
branch  1 taken 7
        2:  456:			putc( 'L', err );
call    0 returned 2
        9:  457:		if ( trace )
branch  0 taken 4 (fallthrough)
branch  1 taken 5
        4:  458:			putc( 'T', err );
call    0 returned 4
        -:  459:
        9:  460:		if ( csize == unspecified )
branch  0 taken 0 (fallthrough)
branch  1 taken 9
        -:  461:			/* We encountered an error fairly early on, so csize
        -:  462:			 * never got specified.  Define it now, to prevent
        -:  463:			 * bogus table sizes being written out below.
        -:  464:			 */
    #####:  465:			csize = 256;
        -:  466:
        9:  467:		if ( csize == 128 )
branch  0 taken 1 (fallthrough)
branch  1 taken 8
        1:  468:			putc( '7', err );
call    0 returned 1
        -:  469:		else
        8:  470:			putc( '8', err );
call    0 returned 8
        -:  471:
        9:  472:		fprintf( err, " -C" );
call    0 returned 9
        -:  473:
        9:  474:		if ( long_align )
branch  0 taken 3 (fallthrough)
branch  1 taken 6
        3:  475:			putc( 'a', err );
call    0 returned 3
        9:  476:		if ( fulltbl )
branch  0 taken 1 (fallthrough)
branch  1 taken 8
        1:  477:			putc( 'f', err );
call    0 returned 1
        9:  478:		if ( fullspd )
branch  0 taken 1 (fallthrough)
branch  1 taken 8
        1:  479:			putc( 'F', err );
call    0 returned 1
        9:  480:		if ( useecs )
branch  0 taken 8 (fallthrough)
branch  1 taken 1
        8:  481:			putc( 'e', err );
call    0 returned 8
        9:  482:		if ( usemecs )
branch  0 taken 8 (fallthrough)
branch  1 taken 1
        8:  483:			putc( 'm', err );
call    0 returned 8
        9:  484:		if ( use_read )
branch  0 taken 2 (fallthrough)
branch  1 taken 7
        2:  485:			putc( 'r', err );
call    0 returned 2
        -:  486:
        9:  487:		if ( did_outfilename )
branch  0 taken 0 (fallthrough)
branch  1 taken 9
    #####:  488:			fprintf( err, " -o%s", outfilename );
call    0 never executed
        -:  489:
        9:  490:		if ( skelname )
branch  0 taken 1 (fallthrough)
branch  1 taken 8
        1:  491:			fprintf( err, " -S%s", skelname );
call    0 returned 1
        -:  492:
        9:  493:		if ( strcmp( prefix, "yy" ) )
branch  0 taken 0 (fallthrough)
branch  1 taken 9
    #####:  494:			fprintf( err, " -P%s", prefix );
call    0 never executed
        -:  495:
        9:  496:		putc( '\n', err );
call    0 returned 9
        -:  497:
        9:  498:		fprintf( err, _( "  %d/%d NFA states\n" ),
call    0 returned 9
        -:  499:			lastnfa, current_mns );
        9:  500:		fprintf( err, _( "  %d/%d DFA states (%d words)\n" ),
call    0 returned 9
        -:  501:			lastdfa, current_max_dfas, totnst );
        9:  502:		fprintf( err, _( "  %d rules\n" ),
        9:  503:		num_rules + num_eof_rules - 1 /* - 1 for def. rule */ );
call    0 returned 9
        -:  504:
        9:  505:		if ( num_backing_up == 0 )
branch  0 taken 2 (fallthrough)
branch  1 taken 7
        2:  506:			fprintf( err, _( "  No backing up\n" ) );
call    0 returned 2
        7:  507:		else if ( fullspd || fulltbl )
branch  0 taken 7 (fallthrough)
branch  1 taken 0
branch  2 taken 0 (fallthrough)
branch  3 taken 7
    #####:  508:			fprintf( err,
call    0 never executed
        -:  509:			_( "  %d backing-up (non-accepting) states\n" ),
        -:  510:				num_backing_up );
        -:  511:		else
        7:  512:			fprintf( err,
call    0 returned 7
        -:  513:				_( "  Compressed tables always back-up\n" ) );
        -:  514:
        9:  515:		if ( bol_needed )
branch  0 taken 0 (fallthrough)
branch  1 taken 9
    #####:  516:			fprintf( err,
call    0 never executed
        -:  517:				_( "  Beginning-of-line patterns used\n" ) );
        -:  518:
        9:  519:		fprintf( err, _( "  %d/%d start conditions\n" ), lastsc,
call    0 returned 9
        -:  520:			current_max_scs );
        9:  521:		fprintf( err,
call    0 returned 9
        -:  522:			_( "  %d epsilon states, %d double epsilon states\n" ),
        -:  523:			numeps, eps2 );
        -:  524:
        9:  525:		if ( lastccl == 0 )
branch  0 taken 2 (fallthrough)
branch  1 taken 7
        2:  526:			fprintf( err, _( "  no character classes\n" ) );
call    0 returned 2
        -:  527:		else
        7:  528:			fprintf( err,
        -:  529:_( "  %d/%d character classes needed %d/%d words of storage, %d reused\n" ),
        -:  530:				lastccl, current_maxccls,
        7:  531:				cclmap[lastccl] + ccllen[lastccl],
call    0 returned 7
        -:  532:				current_max_ccl_tbl_size, cclreuse );
        -:  533:
        9:  534:		fprintf( err, _( "  %d state/nextstate pairs created\n" ),
call    0 returned 9
        -:  535:			numsnpairs );
        9:  536:		fprintf( err, _( "  %d/%d unique/duplicate transitions\n" ),
call    0 returned 9
        -:  537:			numuniq, numdup );
        -:  538:
        9:  539:		if ( fulltbl )
branch  0 taken 1 (fallthrough)
branch  1 taken 8
        -:  540:			{
        1:  541:			tblsiz = lastdfa * numecs;
        1:  542:			fprintf( err, _( "  %d table entries\n" ), tblsiz );
call    0 returned 1
        -:  543:			}
        -:  544:
        -:  545:		else
        -:  546:			{
        8:  547:			tblsiz = 2 * (lastdfa + numtemps) + 2 * tblend;
        -:  548:
        8:  549:			fprintf( err,
call    0 returned 8
        -:  550:				_( "  %d/%d base-def entries created\n" ),
        -:  551:				lastdfa + numtemps, current_max_dfas );
        8:  552:			fprintf( err,
call    0 returned 8
        -:  553:			_( "  %d/%d (peak %d) nxt-chk entries created\n" ),
        -:  554:				tblend, current_max_xpairs, peakpairs );
        8:  555:			fprintf( err,
call    0 returned 8
        -:  556:		_( "  %d/%d (peak %d) template nxt-chk entries created\n" ),
        -:  557:				numtemps * nummecs,
        -:  558:				current_max_template_xpairs,
        -:  559:				numtemps * numecs );
        8:  560:			fprintf( err, _( "  %d empty table entries\n" ),
call    0 returned 8
        -:  561:				nummt );
        8:  562:			fprintf( err, _( "  %d protos created\n" ),
call    0 returned 8
        -:  563:				numprots );
        8:  564:			fprintf( err,
call    0 returned 8
        -:  565:				_( "  %d templates created, %d uses\n" ),
        -:  566:				numtemps, tmpuses );
        -:  567:			}
        -:  568:
        9:  569:		if ( useecs )
branch  0 taken 8 (fallthrough)
branch  1 taken 1
        -:  570:			{
        8:  571:			tblsiz = tblsiz + csize;
        8:  572:			fprintf( err,
call    0 returned 8
        -:  573:				_( "  %d/%d equivalence classes created\n" ),
        -:  574:				numecs, csize );
        -:  575:			}
        -:  576:
        9:  577:		if ( usemecs )
branch  0 taken 8 (fallthrough)
branch  1 taken 1
        -:  578:			{
        8:  579:			tblsiz = tblsiz + numecs;
        8:  580:			fprintf( err,
call    0 returned 8
        -:  581:			_( "  %d/%d meta-equivalence classes created\n" ),
        -:  582:				nummecs, csize );
        -:  583:			}
        -:  584:
        9:  585:		fprintf( err,
call    0 returned 9
        -:  586:		_( "  %d (%d saved) hash collisions, %d DFAs equal\n" ),
        -:  587:			hshcol, hshsave, dfaeql );
        9:  588:		fprintf( err, _( "  %d sets of reallocations needed\n" ),
call    0 returned 9
        -:  589:			num_reallocs );
        9:  590:		fprintf( err, _( "  %d total table entries needed\n" ),
call    0 returned 9
        -:  591:			tblsiz );
        -:  592:		}
        -:  593:
      565:  594:	exit( exit_status );
        -:  595:	}
        -:  596:
        -:  597:
        -:  598:/* flexinit - initialize flex */
        -:  599:
function flexinit called 567 returned 99% blocks executed 84%
      567:  600:void flexinit( argc, argv )
        -:  601:int argc;
        -:  602:char **argv;
        -:  603:	{
        -:  604:	int i, sawcmpflag;
        -:  605:	char *arg, *mktemp();
        -:  606:
      567:  607:	printstats = syntaxerror = trace = spprdflt = caseins = false;
      567:  608:	lex_compat = C_plus_plus = backing_up_report = ddebug = fulltbl = false;
      567:  609:	fullspd = long_align = nowarn = yymore_used = continued_action = false;
        -:  610:#ifndef F_JR_1
      567:  611:	do_yylineno = yytext_is_array = in_rule = reject = do_stdinit = false;
        -:  612:#else
        -:  613:    	do_yylineno = yytext_is_array = in_rule = reject = false;
        -:  614:#endif
      567:  615:	yymore_really_used = reject_really_used = unspecified;
      567:  616:	interactive = csize = unspecified;
        -:  617:#ifndef F_AA_4
      567:  618:	do_yywrap = gen_line_dirs = usemecs = useecs = true;
        -:  619:#else
        -:  620:	do_yywrap = gen_line_dirs = usemecs = true;
        -:  621:#endif
        -:  622:
      567:  623:	performance_report = 0;
      567:  624:	did_outfilename = 0;
      567:  625:	prefix = "yy";
      567:  626:	yyclass = 0;
      567:  627:	use_read = use_stdout = false;
        -:  628:
      567:  629:	sawcmpflag = false;
        -:  630:
        -:  631:	/* Initialize dynamic array for holding the rule actions. */
      567:  632:	action_size = 2048;	/* default size of action array in bytes */
      567:  633:	action_array = allocate_character_array( action_size );
call    0 returned 567
      567:  634:	defs1_offset = prolog_offset = action_offset = action_index = 0;
      567:  635:	action_array[0] = '\0';
        -:  636:
        -:  637:/* Commented by Amit Goel on 5th September 2001 to remove nomdeterminism */
        -:  638:/*	program_name = argv[0];    */
        -:  639:/* Added by Amit Goel on 5th September 2001 */
      567:  640:        program_name = "Executable";
      567:  641:	if ( program_name[0] != '\0' &&
branch  0 taken 567 (fallthrough)
branch  1 taken 0
      567:  642:	     program_name[strlen( program_name ) - 1] == '+' )
branch  0 taken 0 (fallthrough)
branch  1 taken 567
    #####:  643:		C_plus_plus = true;
        -:  644:
        -:  645:/* ### add for testing ### */
      567:  646:        ++argv;--argc;
        -:  647:/* ####################### */
        -:  648:
        -:  649:	/* read flags */
     1517:  650:	for ( --argc, ++argv; argc ; --argc, ++argv )
branch  0 taken 1517
branch  1 taken 0 (fallthrough)
        -:  651:		{
     1517:  652:		arg = argv[0];
        -:  653:
     1517:  654:		if ( arg[0] != '-' || arg[1] == '\0' )
branch  0 taken 956 (fallthrough)
branch  1 taken 561
branch  2 taken 956 (fallthrough)
branch  3 taken 0
        -:  655:			break;
        -:  656:
      956:  657:		if ( arg[1] == '-' )
branch  0 taken 0 (fallthrough)
branch  1 taken 956
        -:  658:			{ /* --option */
    #####:  659:			if ( ! strcmp( arg, "--help" ) )
branch  0 never executed
branch  1 never executed
    #####:  660:				arg = "-h";
        -:  661:
    #####:  662:			else if ( ! strcmp( arg, "--version" ) )
branch  0 never executed
branch  1 never executed
    #####:  663:				arg = "-V";
        -:  664:
    #####:  665:			else if ( ! strcmp( arg, "--" ) )
branch  0 never executed
branch  1 never executed
        -:  666:				{ /* end of options */
    #####:  667:				--argc;
        -:  668:#ifndef F_AA_1
    #####:  669:				++argv;
        -:  670:#else
        -:  671:				--argv;
        -:  672:#endif
    #####:  673:				break;
        -:  674:				}
        -:  675:			}
        -:  676:
     1615:  677:		for ( i = 1; arg[i] != '\0'; ++i )
branch  0 taken 1148
branch  1 taken 467 (fallthrough)
     1148:  678:			switch ( arg[i] )
branch  0 taken 0
branch  1 taken 2
branch  2 taken 5
branch  3 taken 1
branch  4 taken 478
branch  5 taken 252
branch  6 taken 84
branch  7 taken 80
branch  8 taken 1
branch  9 taken 3
branch 10 taken 3
branch 11 taken 163
branch 12 taken 3
branch 13 taken 1
branch 14 taken 1
branch 15 taken 4
branch 16 taken 15
branch 17 taken 4
branch 18 taken 3
branch 19 taken 3
branch 20 taken 24
branch 21 taken 9
branch 22 taken 1
branch 23 taken 3
branch 24 taken 3
branch 25 taken 2
branch 26 taken 0
        -:  679:				{
    #####:  680:				case '+':
    #####:  681:					C_plus_plus = true;
    #####:  682:					break;
        -:  683:
        2:  684:				case 'B':
        2:  685:					interactive = false;
        2:  686:					break;
        -:  687:
        5:  688:				case 'b':
        5:  689:					backing_up_report = true;
        5:  690:					break;
        -:  691:
        1:  692:				case 'c':
        1:  693:					break;
        -:  694:
      478:  695:				case 'C':
      478:  696:					if ( i != 1 )
branch  0 taken 1 (fallthrough)
branch  1 taken 477
        1:  697:						flexerror(
call    0 returned 0
        -:  698:				_( "-C flag must be given separately" ) );
        -:  699:
      477:  700:					if ( ! sawcmpflag )
branch  0 taken 476 (fallthrough)
branch  1 taken 1
        -:  701:						{
      476:  702:						useecs = false;
      476:  703:						usemecs = false;
      476:  704:						fulltbl = false;
      476:  705:						sawcmpflag = true;
        -:  706:						}
        -:  707:
     1401:  708:					for ( ++i; arg[i] != '\0'; ++i )
branch  0 taken 925
branch  1 taken 476 (fallthrough)
      925:  709:						switch ( arg[i] )
branch  0 taken 243
branch  1 taken 243
branch  2 taken 15
branch  3 taken 18
branch  4 taken 163
branch  5 taken 242
branch  6 taken 1
        -:  710:							{
      243:  711:							case 'a':
      243:  712:								long_align =
        -:  713:									true;
      243:  714:								break;
        -:  715:
      243:  716:							case 'e':
      243:  717:								useecs = true;
      243:  718:								break;
        -:  719:
       15:  720:							case 'F':
       15:  721:								fullspd = true;
       15:  722:								break;
        -:  723:
       18:  724:							case 'f':
       18:  725:								fulltbl = true;
       18:  726:								break;
        -:  727:
      163:  728:							case 'm':
      163:  729:								usemecs = true;
      163:  730:								break;
        -:  731:
      242:  732:							case 'r':
      242:  733:								use_read = true;
      242:  734:								break;
        -:  735:
        1:  736:							default:
        1:  737:								lerrif(
        -:  738:						_( "unknown -C option '%c'" ),
        1:  739:								(int) arg[i] );
call    0 returned 0
    #####:  740:								break;
        -:  741:							}
        -:  742:
      476:  743:					goto get_next_arg;
        -:  744:
      252:  745:				case 'd':
      252:  746:					ddebug = true;
      252:  747:					break;
        -:  748:
       84:  749:				case 'f':
       84:  750:					useecs = usemecs = false;
       84:  751:					use_read = fulltbl = true;
       84:  752:					break;
        -:  753:
       80:  754:				case 'F':
       80:  755:					useecs = usemecs = false;
       80:  756:					use_read = fullspd = true;
       80:  757:					break;
        -:  758:
        1:  759:				case '?':
        -:  760:				case 'h':
        1:  761:					usage();
call    0 returned 1
        1:  762:					exit( 0 );
call    0 returned 0
        -:  763:
        3:  764:				case 'I':
        3:  765:					interactive = true;
        3:  766:					break;
        -:  767:
        3:  768:				case 'i':
        3:  769:					caseins = true;
        3:  770:					break;
        -:  771:
      163:  772:				case 'l':
      163:  773:					lex_compat = true;
      163:  774:					break;
        -:  775:
        3:  776:				case 'L':
        3:  777:					gen_line_dirs = false;
        3:  778:					break;
        -:  779:
        1:  780:				case 'n':
        -:  781:					/* Stupid do-nothing deprecated
        -:  782:					 * option.
        -:  783:					 */
        1:  784:					break;
        -:  785:
        1:  786:				case 'o':
        1:  787:					if ( i != 1 )
branch  0 taken 0 (fallthrough)
branch  1 taken 1
    #####:  788:						flexerror(
call    0 never executed
        -:  789:				_( "-o flag must be given separately" ) );
        -:  790:
        1:  791:					outfilename = arg + i + 1;
        1:  792:					did_outfilename = 1;
        1:  793:					goto get_next_arg;
        -:  794:
        4:  795:				case 'P':
        4:  796:					if ( i != 1 )
branch  0 taken 1 (fallthrough)
branch  1 taken 3
        1:  797:						flexerror(
call    0 returned 0
        -:  798:				_( "-P flag must be given separately" ) );
        -:  799:
        3:  800:					prefix = arg + i + 1;
        3:  801:					goto get_next_arg;
        -:  802:
       15:  803:				case 'p':
       15:  804:					++performance_report;
       15:  805:					break;
        -:  806:
        4:  807:				case 'S':
        4:  808:					if ( i != 1 )
branch  0 taken 1 (fallthrough)
branch  1 taken 3
        1:  809:						flexerror(
call    0 returned 0
        -:  810:				_( "-S flag must be given separately" ) );
        -:  811:
        3:  812:					skelname = arg + i + 1;
        3:  813:					goto get_next_arg;
        -:  814:
        3:  815:				case 's':
        3:  816:					spprdflt = true;
        3:  817:					break;
        -:  818:
        3:  819:				case 't':
        3:  820:					use_stdout = true;
        3:  821:					break;
        -:  822:
       24:  823:				case 'T':
       24:  824:					trace = true;
       24:  825:					break;
        -:  826:
        9:  827:				case 'v':
        9:  828:					printstats = true;
        9:  829:					break;
        -:  830:
        1:  831:				case 'V':
        1:  832:					printf( _( "%s version %s\n" ),
call    0 returned 1
        -:  833:						program_name, flex_version );
        1:  834:					exit( 0 );
call    0 returned 0
        -:  835:
        3:  836:				case 'w':
        3:  837:					nowarn = true;
        3:  838:					break;
        -:  839:
        3:  840:				case '7':
        3:  841:					csize = 128;
        3:  842:					break;
        -:  843:
        2:  844:				case '8':
        2:  845:					csize = CSIZE;
        2:  846:					break;
        -:  847:
    #####:  848:				default:
    #####:  849:					fprintf( err,
        -:  850:		_( "%s: unknown flag '%c'.  For usage, try\n\t%s --help\n" ),
    #####:  851:						program_name, (int) arg[i],
call    0 never executed
        -:  852:						program_name );
    #####:  853:					exit( 1 );
call    0 never executed
        -:  854:				}
        -:  855:
        -:  856:		/* Used by -C, -S, -o, and -P flags in lieu of a "continue 2"
        -:  857:		 * control.
        -:  858:		 */
      950:  859:		get_next_arg: ;
        -:  860:		}
        -:  861:
      561:  862:	num_input_files = argc;
      561:  863:	input_files = argv;
     561*:  864:	set_input_file( num_input_files > 0 ? input_files[0] : NULL );
branch  0 taken 561 (fallthrough)
branch  1 taken 0
call    2 returned 560
        -:  865:
      560:  866:	lastccl = lastsc = lastdfa = lastnfa = 0;
      560:  867:	num_rules = num_eof_rules = default_rule = 0;
      560:  868:	numas = numsnpairs = tmpuses = 0;
      560:  869:	numecs = numeps = eps2 = num_reallocs = hshcol = dfaeql = totnst = 0;
      560:  870:	numuniq = numdup = hshsave = eofseen = datapos = dataline = 0;
      560:  871:	num_backing_up = onesp = numprots = 0;
      560:  872:	variable_trailing_context_rules = bol_needed = false;
        -:  873:
      560:  874:	out_linenum = linenum = sectnum = 1;
      560:  875:	firstprot = NIL;
        -:  876:
        -:  877:	/* Used in mkprot() so that the first proto goes in slot 1
        -:  878:	 * of the proto queue.
        -:  879:	 */
      560:  880:	lastprot = 1;
        -:  881:
      560:  882:	set_up_initial_allocations();
call    0 returned 560
      560:  883:	}
        -:  884:
        -:  885:
        -:  886:/* readin - read in the rules section of the input file(s) */
        -:  887:
function readin called 560 returned 97% blocks executed 71%
      560:  888:void readin()
        -:  889:	{
        -:  890:	static char yy_stdinit[] = "FILE *yyin = stdin, *yyout = stdout;";
        -:  891:	static char yy_nostdinit[] =
        -:  892:		"FILE *yyin = (FILE *) 0, *yyout = (FILE *) 0;";
        -:  893:
      560:  894:	line_directive_out( (FILE *) 0, 1 );
call    0 returned 560
        -:  895:
      560:  896:	if ( yyparse() )
call    0 returned 552
branch  1 taken 1 (fallthrough)
branch  2 taken 551
        -:  897:		{
        1:  898:		pinpoint_message( _( "fatal parse error" ) );
call    0 returned 1
        1:  899:		flexend( 1 );
call    0 returned 0
        -:  900:		}
        -:  901:
      551:  902:	if ( syntaxerror )
branch  0 taken 6 (fallthrough)
branch  1 taken 545
        6:  903:		flexend( 1 );
call    0 returned 0
        -:  904:
      545:  905:	if ( backing_up_report )
branch  0 taken 5 (fallthrough)
branch  1 taken 540
        -:  906:		{
        5:  907:		backing_up_file = fopen( backing_name, "w" );
call    0 returned 5
        5:  908:		if ( backing_up_file == NULL )
branch  0 taken 0 (fallthrough)
branch  1 taken 5
    #####:  909:			lerrsf(
call    0 never executed
        -:  910:			_( "could not create backing-up info file %s" ),
        -:  911:				backing_name );
        -:  912:		}
        -:  913:
        -:  914:	else
      540:  915:		backing_up_file = NULL;
        -:  916:
      545:  917:	if ( yymore_really_used == true )
branch  0 taken 161 (fallthrough)
branch  1 taken 384
      161:  918:		yymore_used = true;
      384:  919:	else if ( yymore_really_used == false )
branch  0 taken 0 (fallthrough)
branch  1 taken 384
    #####:  920:		yymore_used = false;
        -:  921:
      545:  922:	if ( reject_really_used == true )
branch  0 taken 161 (fallthrough)
branch  1 taken 384
      161:  923:		reject = true;
      384:  924:	else if ( reject_really_used == false )
branch  0 taken 0 (fallthrough)
branch  1 taken 384
    #####:  925:		reject = false;
        -:  926:
      545:  927:	if ( performance_report > 0 )
branch  0 taken 12 (fallthrough)
branch  1 taken 533
        -:  928:		{
       12:  929:		if ( lex_compat )
branch  0 taken 2 (fallthrough)
branch  1 taken 10
        -:  930:			{
        2:  931:			fprintf( err,
call    0 returned 2
        -:  932:_( "-l AT&T lex compatibility option entails a large performance penalty\n" ) );
        2:  933:			fprintf( err,
call    0 returned 2
        -:  934:_( " and may be the actual source of other reported performance penalties\n" ) );
        -:  935:			}
        -:  936:
       10:  937:		else if ( do_yylineno )
branch  0 taken 0 (fallthrough)
branch  1 taken 10
        -:  938:			{
    #####:  939:			fprintf( err,
call    0 never executed
        -:  940:	_( "%%option yylineno entails a large performance penalty\n" ) );
        -:  941:			}
        -:  942:
       12:  943:		if ( performance_report > 1 )
branch  0 taken 1 (fallthrough)
branch  1 taken 11
        -:  944:			{
        1:  945:			if ( interactive )
branch  0 taken 1 (fallthrough)
branch  1 taken 0
        1:  946:				fprintf( err,
call    0 returned 1
        -:  947:	_( "-I (interactive) entails a minor performance penalty\n" ) );
        -:  948:
        1:  949:			if ( yymore_used )
branch  0 taken 0 (fallthrough)
branch  1 taken 1
    #####:  950:				fprintf( err,
call    0 never executed
        -:  951:		_( "yymore() entails a minor performance penalty\n" ) );
        -:  952:			}
        -:  953:
       12:  954:		if ( reject )
branch  0 taken 5 (fallthrough)
branch  1 taken 7
        5:  955:			fprintf( err,
call    0 returned 5
        -:  956:			_( "REJECT entails a large performance penalty\n" ) );
        -:  957:
       12:  958:		if ( variable_trailing_context_rules )
branch  0 taken 1 (fallthrough)
branch  1 taken 11
        1:  959:			fprintf( err,
call    0 returned 1
        -:  960:_( "Variable trailing context rules entail a large performance penalty\n" ) );
        -:  961:		}
        -:  962:
      545:  963:	if ( reject )
branch  0 taken 168 (fallthrough)
branch  1 taken 377
      168:  964:		real_reject = true;
        -:  965:
      545:  966:	if ( variable_trailing_context_rules )
branch  0 taken 33 (fallthrough)
branch  1 taken 512
       33:  967:		reject = true;
        -:  968:
      545:  969:	if ( (fulltbl || fullspd) && reject )
branch  0 taken 521 (fallthrough)
branch  1 taken 24
branch  2 taken 93 (fallthrough)
branch  3 taken 428
branch  4 taken 2 (fallthrough)
branch  5 taken 115
        -:  970:		{
        2:  971:		if ( real_reject )
branch  0 taken 2 (fallthrough)
branch  1 taken 0
        2:  972:			flexerror(
call    0 returned 0
        -:  973:				_( "REJECT cannot be used with -f or -F" ) );
    #####:  974:		else if ( do_yylineno )
branch  0 never executed
branch  1 never executed
    #####:  975:			flexerror(
call    0 never executed
        -:  976:			_( "%option yylineno cannot be used with -f or -F" ) );
        -:  977:		else
    #####:  978:			flexerror(
call    0 never executed
        -:  979:	_( "variable trailing context rules cannot be used with -f or -F" ) );
        -:  980:		}
        -:  981:
      543:  982:	if ( reject )
branch  0 taken 168 (fallthrough)
branch  1 taken 375
      168:  983:		outn( "\n#define YY_USES_REJECT" );
call    0 returned 168
        -:  984:
      543:  985:	if ( ! do_yywrap )
branch  0 taken 0 (fallthrough)
branch  1 taken 543
        -:  986:		{
    #####:  987:		outn( "\n#define yywrap() 1" );
call    0 never executed
    #####:  988:		outn( "#define YY_SKIP_YYWRAP" );
call    0 never executed
        -:  989:		}
        -:  990:
      543:  991:	if ( ddebug )
branch  0 taken 252 (fallthrough)
branch  1 taken 291
      252:  992:		outn( "\n#define FLEX_DEBUG" );
call    0 returned 252
        -:  993:
      543:  994:	if ( csize == 256 )
branch  0 taken 467 (fallthrough)
branch  1 taken 76
      467:  995:		outn( "typedef unsigned char YY_CHAR;" );
call    0 returned 467
        -:  996:	else
       76:  997:		outn( "typedef char YY_CHAR;" );
call    0 returned 76
        -:  998:
      543:  999:	if ( C_plus_plus )
branch  0 taken 0 (fallthrough)
branch  1 taken 543
        -: 1000:		{
    #####: 1001:		outn( "#define yytext_ptr yytext" );
call    0 never executed
        -: 1002:
    #####: 1003:		if ( interactive )
branch  0 never executed
branch  1 never executed
    #####: 1004:			outn( "#define YY_INTERACTIVE" );
call    0 never executed
        -: 1005:		}
        -: 1006:
        -: 1007:	else
        -: 1008:		{
      543: 1009:		if ( do_stdinit )
branch  0 taken 0 (fallthrough)
branch  1 taken 543
        -: 1010:			{
    #####: 1011:			outn( "#ifdef VMS" );
call    0 never executed
    #####: 1012:			outn( "#ifndef __VMS_POSIX" );
call    0 never executed
    #####: 1013:			outn( yy_nostdinit );
call    0 never executed
    #####: 1014:			outn( "#else" );
call    0 never executed
    #####: 1015:			outn( yy_stdinit );
call    0 never executed
    #####: 1016:			outn( "#endif" );
call    0 never executed
    #####: 1017:			outn( "#else" );
call    0 never executed
    #####: 1018:			outn( yy_stdinit );
call    0 never executed
    #####: 1019:			outn( "#endif" );
call    0 never executed
        -: 1020:			}
        -: 1021:
        -: 1022:		else
      543: 1023:			outn( yy_nostdinit );
call    0 returned 543
        -: 1024:		}
        -: 1025:
      543: 1026:	if ( fullspd )
branch  0 taken 92 (fallthrough)
branch  1 taken 451
        -: 1027:#ifndef F_HD_6
       92: 1028:		outn( "typedef yyconst struct yy_trans_info *yy_state_type;" );
call    0 returned 92
        -: 1029:#else
        -: 1030:		outn( "typedef yyconst struct yy_trans_info yy_state_type;" );
        -: 1031:#endif
      451: 1032:	else if ( ! C_plus_plus )
branch  0 taken 451 (fallthrough)
branch  1 taken 0
      451: 1033:		outn( "typedef int yy_state_type;" );
call    0 returned 451
        -: 1034:
      543: 1035:	if ( ddebug )
branch  0 taken 252 (fallthrough)
branch  1 taken 291
      252: 1036:		outn( "\n#define FLEX_DEBUG" );
call    0 returned 252
        -: 1037:
      543: 1038:	if ( lex_compat )
branch  0 taken 161 (fallthrough)
branch  1 taken 382
      161: 1039:		outn( "#define YY_FLEX_LEX_COMPAT" );
call    0 returned 161
        -: 1040:
      543: 1041:	if ( do_yylineno && ! C_plus_plus )
branch  0 taken 161 (fallthrough)
branch  1 taken 382
branch  2 taken 161 (fallthrough)
branch  3 taken 0
        -: 1042:		{
      161: 1043:		outn( "extern int yylineno;" );
call    0 returned 161
      161: 1044:		outn( "int yylineno = 1;" );
call    0 returned 161
        -: 1045:		}
        -: 1046:
      543: 1047:	if ( C_plus_plus )
branch  0 taken 0 (fallthrough)
branch  1 taken 543
        -: 1048:		{
    #####: 1049:		outn( "\n#include <FlexLexer.h>" );
call    0 never executed
        -: 1050:
    #####: 1051:		if ( yyclass )
branch  0 never executed
branch  1 never executed
        -: 1052:			{
    #####: 1053:			outn( "int yyFlexLexer::yylex()" );
call    0 never executed
    #####: 1054:			outn( "\t{" );
call    0 never executed
    #####: 1055:			outn(
call    0 never executed
        -: 1056:"\tLexerError( \"yyFlexLexer::yylex invoked but %option yyclass used\" );" );
    #####: 1057:			outn( "\treturn 0;" );
call    0 never executed
    #####: 1058:			outn( "\t}" );
call    0 never executed
        -: 1059:	
    #####: 1060:			out_str( "\n#define YY_DECL int %s::yylex()\n",
call    0 never executed
        -: 1061:				yyclass );
        -: 1062:			}
        -: 1063:		}
        -: 1064:
        -: 1065:	else
        -: 1066:		{
      543: 1067:		if ( yytext_is_array )
branch  0 taken 161 (fallthrough)
branch  1 taken 382
      161: 1068:			outn( "extern char yytext[];\n" );
call    0 returned 161
        -: 1069:
        -: 1070:		else
        -: 1071:			{
      382: 1072:			outn( "extern char *yytext;" );
call    0 returned 382
      382: 1073:			outn( "#define yytext_ptr yytext" );
call    0 returned 382
        -: 1074:			}
        -: 1075:
      543: 1076:		if ( yyclass )
branch  0 taken 0 (fallthrough)
branch  1 taken 543
    #####: 1077:			flexerror(
call    0 never executed
        -: 1078:		_( "%option yyclass only meaningful for C++ scanners" ) );
        -: 1079:		}
        -: 1080:
      543: 1081:	if ( useecs )
branch  0 taken 296 (fallthrough)
branch  1 taken 247
      296: 1082:		numecs = cre8ecs( nextecm, ecgroup, csize );
call    0 returned 296
        -: 1083:	else
      247: 1084:		numecs = csize;
        -: 1085:
        -: 1086:	/* Now map the equivalence class for NUL to its expected place. */
      543: 1087:	ecgroup[0] = ecgroup[csize];
      543: 1088:	NUL_ec = ABS( ecgroup[0] );
        -: 1089:
      543: 1090:	if ( useecs )
branch  0 taken 296 (fallthrough)
branch  1 taken 247
      296: 1091:		ccl2ecl();
call    0 returned 296
      543: 1092:	}
        -: 1093:
        -: 1094:
        -: 1095:/* set_up_initial_allocations - allocate memory for internal tables */
        -: 1096:
function set_up_initial_allocations called 560 returned 100% blocks executed 100%
      560: 1097:void set_up_initial_allocations()
        -: 1098:	{
      560: 1099:	current_mns = INITIAL_MNS;
      560: 1100:	firstst = allocate_integer_array( current_mns );
call    0 returned 560
      560: 1101:	lastst = allocate_integer_array( current_mns );
call    0 returned 560
      560: 1102:	finalst = allocate_integer_array( current_mns );
call    0 returned 560
      560: 1103:	transchar = allocate_integer_array( current_mns );
call    0 returned 560
      560: 1104:	trans1 = allocate_integer_array( current_mns );
call    0 returned 560
      560: 1105:	trans2 = allocate_integer_array( current_mns );
call    0 returned 560
      560: 1106:	accptnum = allocate_integer_array( current_mns );
call    0 returned 560
      560: 1107:	assoc_rule = allocate_integer_array( current_mns );
call    0 returned 560
      560: 1108:	state_type = allocate_integer_array( current_mns );
call    0 returned 560
        -: 1109:
      560: 1110:	current_max_rules = INITIAL_MAX_RULES;
      560: 1111:	rule_type = allocate_integer_array( current_max_rules );
call    0 returned 560
      560: 1112:	rule_linenum = allocate_integer_array( current_max_rules );
call    0 returned 560
      560: 1113:	rule_useful = allocate_integer_array( current_max_rules );
call    0 returned 560
        -: 1114:
      560: 1115:	current_max_scs = INITIAL_MAX_SCS;
      560: 1116:	scset = allocate_integer_array( current_max_scs );
call    0 returned 560
      560: 1117:	scbol = allocate_integer_array( current_max_scs );
call    0 returned 560
      560: 1118:	scxclu = allocate_integer_array( current_max_scs );
call    0 returned 560
      560: 1119:	sceof = allocate_integer_array( current_max_scs );
call    0 returned 560
      560: 1120:	scname = allocate_char_ptr_array( current_max_scs );
call    0 returned 560
        -: 1121:
      560: 1122:	current_maxccls = INITIAL_MAX_CCLS;
      560: 1123:	cclmap = allocate_integer_array( current_maxccls );
call    0 returned 560
      560: 1124:	ccllen = allocate_integer_array( current_maxccls );
call    0 returned 560
      560: 1125:	cclng = allocate_integer_array( current_maxccls );
call    0 returned 560
        -: 1126:
      560: 1127:	current_max_ccl_tbl_size = INITIAL_MAX_CCL_TBL_SIZE;
      560: 1128:	ccltbl = allocate_Character_array( current_max_ccl_tbl_size );
call    0 returned 560
        -: 1129:
      560: 1130:	current_max_dfa_size = INITIAL_MAX_DFA_SIZE;
        -: 1131:
      560: 1132:	current_max_xpairs = INITIAL_MAX_XPAIRS;
      560: 1133:	nxt = allocate_integer_array( current_max_xpairs );
call    0 returned 560
      560: 1134:	chk = allocate_integer_array( current_max_xpairs );
call    0 returned 560
        -: 1135:
      560: 1136:	current_max_template_xpairs = INITIAL_MAX_TEMPLATE_XPAIRS;
      560: 1137:	tnxt = allocate_integer_array( current_max_template_xpairs );
call    0 returned 560
        -: 1138:
      560: 1139:	current_max_dfas = INITIAL_MAX_DFAS;
      560: 1140:	base = allocate_integer_array( current_max_dfas );
call    0 returned 560
      560: 1141:	def = allocate_integer_array( current_max_dfas );
call    0 returned 560
      560: 1142:	dfasiz = allocate_integer_array( current_max_dfas );
call    0 returned 560
      560: 1143:	accsiz = allocate_integer_array( current_max_dfas );
call    0 returned 560
      560: 1144:	dhash = allocate_integer_array( current_max_dfas );
call    0 returned 560
      560: 1145:	dss = allocate_int_ptr_array( current_max_dfas );
call    0 returned 560
      560: 1146:	dfaacc = allocate_dfaacc_union( current_max_dfas );
call    0 returned 560
        -: 1147:
      560: 1148:	nultrans = (int *) 0;
      560: 1149:	}
        -: 1150:
        -: 1151:
function usage called 1 returned 100% blocks executed 98%
        1: 1152:void usage()
        -: 1153:	{
        -: 1154:/*	FILE *f = stdout;*/ /* #### f is replaced by err for testing. #### */
        -: 1155:
        1: 1156:	fprintf( err,
call    0 returned 1
        -: 1157:_( "%s [-bcdfhilnpstvwBFILTV78+? -C[aefFmr] -ooutput -Pprefix -Sskeleton]\n" ),
        -: 1158:		program_name );
        1: 1159:	fprintf( err, _( "\t[--help --version] [file ...]\n" ) );
call    0 returned 1
        -: 1160:
        1: 1161:	fprintf( err, _( "\t-b  generate backing-up information to %s\n" ),
call    0 returned 1
        -: 1162:		backing_name );
        1: 1163:	fprintf( err, _( "\t-c  do-nothing POSIX option\n" ) );
call    0 returned 1
        1: 1164:	fprintf( err, _( "\t-d  turn on debug mode in generated scanner\n" ) );
call    0 returned 1
        1: 1165:	fprintf( err, _( "\t-f  generate fast, large scanner\n" ) );
call    0 returned 1
        1: 1166:	fprintf( err, _( "\t-h  produce this help message\n" ) );
call    0 returned 1
        1: 1167:	fprintf( err, _( "\t-i  generate case-insensitive scanner\n" ) );
call    0 returned 1
        1: 1168:	fprintf( err, _( "\t-l  maximal compatibility with original lex\n" ) );
call    0 returned 1
        1: 1169:	fprintf( err, _( "\t-n  do-nothing POSIX option\n" ) );
call    0 returned 1
        1: 1170:	fprintf( err, _( "\t-p  generate performance report to err\n" ) );
call    0 returned 1
        1: 1171:	fprintf( err,
call    0 returned 1
        -: 1172:		_( "\t-s  suppress default rule to ECHO unmatched text\n" ) );
        -: 1173:
        1: 1174:	if ( ! did_outfilename )
branch  0 taken 1 (fallthrough)
branch  1 taken 0
        -: 1175:		{
       1*: 1176:		sprintf( outfile_path, outfile_template,
        1: 1177:			prefix, C_plus_plus ? "cc" : "c" );
branch  0 taken 0 (fallthrough)
branch  1 taken 1
        1: 1178:		outfilename = outfile_path;
        -: 1179:		}
        -: 1180:
        1: 1181:	fprintf( err,
call    0 returned 1
        -: 1182:		_( "\t-t  write generated scanner on stdout instead of %s\n" ),
        -: 1183:		outfilename );
        -: 1184:
        1: 1185:	fprintf( err,
call    0 returned 1
        -: 1186:		_( "\t-v  write summary of scanner statistics to f\n" ) );
        1: 1187:	fprintf( err, _( "\t-w  do not generate warnings\n" ) );
call    0 returned 1
        1: 1188:	fprintf( err, _( "\t-B  generate batch scanner (opposite of -I)\n" ) );
call    0 returned 1
        1: 1189:	fprintf( err,
call    0 returned 1
        -: 1190:		_( "\t-F  use alternative fast scanner representation\n" ) );
        1: 1191:	fprintf( err,
call    0 returned 1
        -: 1192:		_( "\t-I  generate interactive scanner (opposite of -B)\n" ) );
        1: 1193:	fprintf( err, _( "\t-L  suppress #line directives in scanner\n" ) );
call    0 returned 1
        1: 1194:	fprintf( err, _( "\t-T  %s should run in trace mode\n" ), program_name );
call    0 returned 1
        1: 1195:	fprintf( err, _( "\t-V  report %s version\n" ), program_name );
call    0 returned 1
        1: 1196:	fprintf( err, _( "\t-7  generate 7-bit scanner\n" ) );
call    0 returned 1
        1: 1197:	fprintf( err, _( "\t-8  generate 8-bit scanner\n" ) );
call    0 returned 1
        1: 1198:	fprintf( err, _( "\t-+  generate C++ scanner class\n" ) );
call    0 returned 1
        1: 1199:	fprintf( err, _( "\t-?  produce this help message\n" ) );
call    0 returned 1
        1: 1200:	fprintf( err,
call    0 returned 1
        -: 1201:_( "\t-C  specify degree of table compression (default is -Cem):\n" ) );
        1: 1202:	fprintf( err,
call    0 returned 1
        -: 1203:_( "\t\t-Ca  trade off larger tables for better memory alignment\n" ) );
        1: 1204:	fprintf( err, _( "\t\t-Ce  construct equivalence classes\n" ) );
call    0 returned 1
        1: 1205:	fprintf( err,
call    0 returned 1
        -: 1206:_( "\t\t-Cf  do not compress scanner tables; use -f representation\n" ) );
        1: 1207:	fprintf( err,
call    0 returned 1
        -: 1208:_( "\t\t-CF  do not compress scanner tables; use -F representation\n" ) );
        1: 1209:	fprintf( err, _( "\t\t-Cm  construct meta-equivalence classes\n" ) );
call    0 returned 1
        1: 1210:	fprintf( err,
call    0 returned 1
        -: 1211:	_( "\t\t-Cr  use read() instead of stdio for scanner input\n" ) );
        1: 1212:	fprintf( err, _( "\t-o  specify output filename\n" ) );
call    0 returned 1
        1: 1213:	fprintf( err, _( "\t-P  specify scanner prefix other than \"yy\"\n" ) );
call    0 returned 1
        1: 1214:	fprintf( err, _( "\t-S  specify skeleton file\n" ) );
call    0 returned 1
        1: 1215:	fprintf( err, _( "\t--help     produce this help message\n" ) );
call    0 returned 1
        1: 1216:	fprintf( err, _( "\t--version  report %s version\n" ), program_name );
call    0 returned 1
        1: 1217:	}
        -: 1218:/* ccl - routines for character classes */
        -: 1219:
        -: 1220:/*-
        -: 1221: * Copyright (c) 1990 The Regents of the University of California.
        -: 1222: * All rights reserved.
        -: 1223: *
        -: 1224: * This code is derived from software contributed to Berkeley by
        -: 1225: * Vern Paxson.
        -: 1226: * 
        -: 1227: * The United States Government has rights in this work pursuant
        -: 1228: * to contract no. DE-AC03-76SF00098 between the United States
        -: 1229: * Department of Energy and the University of California.
        -: 1230: *
        -: 1231: * Redistribution and use in source and binary forms are permitted provided
        -: 1232: * that: (1) source distributions retain this entire copyright notice and
        -: 1233: * comment, and (2) distributions including binaries display the following
        -: 1234: * acknowledgement:  ``This product includes software developed by the
        -: 1235: * University of California, Berkeley and its contributors'' in the
        -: 1236: * documentation or other materials provided with the distribution and in
        -: 1237: * all advertising materials mentioning features or use of this software.
        -: 1238: * Neither the name of the University nor the names of its contributors may
        -: 1239: * be used to endorse or promote products derived from this software without
        -: 1240: * specific prior written permission.
        -: 1241: * THIS SOFTWARE IS PROVIDED ``AS IS'' AND WITHOUT ANY EXPRESS OR IMPLIED
        -: 1242: * WARRANTIES, INCLUDING, WITHOUT LIMITATION, THE IMPLIED WARRANTIES OF
        -: 1243: * MERCHANTABILITY AND FITNESS FOR A PARTICULAR PURPOSE.
        -: 1244: */
        -: 1245:
        -: 1246:/* $Header: /a1/cvsadm/cvsroot/expsir/csubjects/flex/versions.alt/versions.seeded/v3/flex.c,v 1.1.1.2 2003/09/02 20:21:59 expsir Exp $ */
        -: 1247:
        -: 1248:
        -: 1249:/* ccladd - add a single character to a ccl */
        -: 1250:
function ccladd called 25222 returned 100% blocks executed 100%
    25222: 1251:void ccladd( cclp, ch )
        -: 1252:int cclp;
        -: 1253:int ch;
        -: 1254:	{
        -: 1255:	int ind, len, newpos, i;
        -: 1256:
    25222: 1257:	check_char( ch );
call    0 returned 25222
        -: 1258:
    25222: 1259:	len = ccllen[cclp];
    25222: 1260:	ind = cclmap[cclp];
        -: 1261:
        -: 1262:	/* check to see if the character is already in the ccl */
        -: 1263:
   486630: 1264:	for ( i = 0; i < len; ++i )
branch  0 taken 461619
branch  1 taken 25011 (fallthrough)
   461619: 1265:		if ( ccltbl[ind + i] == ch )
branch  0 taken 211 (fallthrough)
branch  1 taken 461408
      211: 1266:			return;
        -: 1267:
    25011: 1268:	newpos = ind + len;
        -: 1269:
    25011: 1270:	if ( newpos >= current_max_ccl_tbl_size )
branch  0 taken 40 (fallthrough)
branch  1 taken 24971
        -: 1271:		{
       40: 1272:		current_max_ccl_tbl_size += MAX_CCL_TBL_SIZE_INCREMENT;
        -: 1273:
       40: 1274:		++num_reallocs;
        -: 1275:
       40: 1276:		ccltbl = reallocate_Character_array( ccltbl,
call    0 returned 40
        -: 1277:						current_max_ccl_tbl_size );
        -: 1278:		}
        -: 1279:
    25011: 1280:	ccllen[cclp] = len + 1;
    25011: 1281:	ccltbl[newpos] = ch;
        -: 1282:	}
        -: 1283:
        -: 1284:
        -: 1285:/* cclinit - return an empty ccl */
        -: 1286:
function cclinit called 2060 returned 100% blocks executed 100%
     2060: 1287:int cclinit()
        -: 1288:	{
     2060: 1289:	if ( ++lastccl >= current_maxccls )
branch  0 taken 2 (fallthrough)
branch  1 taken 2058
        -: 1290:		{
        2: 1291:		current_maxccls += MAX_CCLS_INCREMENT;
        -: 1292:
        2: 1293:		++num_reallocs;
        -: 1294:
        2: 1295:		cclmap = reallocate_integer_array( cclmap, current_maxccls );
call    0 returned 2
        2: 1296:		ccllen = reallocate_integer_array( ccllen, current_maxccls );
call    0 returned 2
        2: 1297:		cclng = reallocate_integer_array( cclng, current_maxccls );
call    0 returned 2
        -: 1298:		}
        -: 1299:
     2060: 1300:	if ( lastccl == 1 )
branch  0 taken 551 (fallthrough)
branch  1 taken 1509
        -: 1301:		/* we're making the first ccl */
      551: 1302:		cclmap[lastccl] = 0;
        -: 1303:
        -: 1304:	else
        -: 1305:		/* The new pointer is just past the end of the last ccl.
        -: 1306:		 * Since the cclmap points to the \first/ character of a
        -: 1307:		 * ccl, adding the length of the ccl to the cclmap pointer
        -: 1308:		 * will produce a cursor to the first free space.
        -: 1309:		 */
     1509: 1310:		cclmap[lastccl] = cclmap[lastccl - 1] + ccllen[lastccl - 1];
        -: 1311:
     2060: 1312:	ccllen[lastccl] = 0;
     2060: 1313:	cclng[lastccl] = 0;	/* ccl's start out life un-negated */
        -: 1314:
     2060: 1315:	return lastccl;
        -: 1316:	}
        -: 1317:
        -: 1318:
        -: 1319:/* cclnegate - negate the given ccl */
        -: 1320:
function cclnegate called 981 returned 100% blocks executed 100%
      981: 1321:void cclnegate( cclp )
        -: 1322:int cclp;
        -: 1323:	{
      981: 1324:	cclng[cclp] = 1;
      981: 1325:	}
        -: 1326:
        -: 1327:
        -: 1328:/* list_character_set - list the members of a set of characters in CCL form
        -: 1329: *
        -: 1330: * Writes to the given file a character-class representation of those
        -: 1331: * characters present in the given CCL.  A character is present if it
        -: 1332: * has a non-zero value in the cset array.
        -: 1333: */
        -: 1334:
function list_character_set called 8 returned 100% blocks executed 100%
        8: 1335:void list_character_set( file, cset )
        -: 1336:FILE *file;
        -: 1337:int cset[];
        -: 1338:	{
        -: 1339:	register int i;
        -: 1340:
        8: 1341:	putc( '[', file );
call    0 returned 8
        -: 1342:
      908: 1343:	for ( i = 0; i < csize; ++i )
branch  0 taken 900
branch  1 taken 8 (fallthrough)
        -: 1344:		{
      900: 1345:		if ( cset[i] )
branch  0 taken 12 (fallthrough)
branch  1 taken 888
        -: 1346:			{
       12: 1347:			register int start_char = i;
        -: 1348:
       12: 1349:			putc( ' ', file );
call    0 returned 12
        -: 1350:
       12: 1351:			fputs( readable_form( i ), file );
call    0 returned 12
call    1 returned 12
        -: 1352:
      896: 1353:			while ( ++i < csize && cset[i] )
branch  0 taken 892 (fallthrough)
branch  1 taken 4
branch  2 taken 884
branch  3 taken 8 (fallthrough)
        -: 1354:				;
        -: 1355:
       12: 1356:			if ( i - 1 > start_char )
branch  0 taken 8 (fallthrough)
branch  1 taken 4
        -: 1357:				/* this was a run */
        -: 1358:#ifndef F_JR_5
        8: 1359:				fprintf( file, "-%s", readable_form( i - 1 ) );
call    0 returned 8
call    1 returned 8
        -: 1360:#else
        -: 1361:                fprintf( err, "-%s", readable_form( i - 1 ) );
        -: 1362:#endif
        -: 1363:
       12: 1364:			putc( ' ', file );
call    0 returned 12
        -: 1365:			}
        -: 1366:		}
        -: 1367:
        8: 1368:	putc( ']', file );
call    0 returned 8
        8: 1369:	}
        -: 1370:/* dfa - DFA construction routines */
        -: 1371:
        -: 1372:/*-
        -: 1373: * Copyright (c) 1990 The Regents of the University of California.
        -: 1374: * All rights reserved.
        -: 1375: *
        -: 1376: * This code is derived from software contributed to Berkeley by
        -: 1377: * Vern Paxson.
        -: 1378: * 
        -: 1379: * The United States Government has rights in this work pursuant
        -: 1380: * to contract no. DE-AC03-76SF00098 between the United States
        -: 1381: * Department of Energy and the University of California.
        -: 1382: *
        -: 1383: * Redistribution and use in source and binary forms are permitted provided
        -: 1384: * that: (1) source distributions retain this entire copyright notice and
        -: 1385: * comment, and (2) distributions including binaries display the following
        -: 1386: * acknowledgement:  ``This product includes software developed by the
        -: 1387: * University of California, Berkeley and its contributors'' in the
        -: 1388: * documentation or other materials provided with the distribution and in
        -: 1389: * all advertising materials mentioning features or use of this software.
        -: 1390: * Neither the name of the University nor the names of its contributors may
        -: 1391: * be used to endorse or promote products derived from this software without
        -: 1392: * specific prior written permission.
        -: 1393: * THIS SOFTWARE IS PROVIDED ``AS IS'' AND WITHOUT ANY EXPRESS OR IMPLIED
        -: 1394: * WARRANTIES, INCLUDING, WITHOUT LIMITATION, THE IMPLIED WARRANTIES OF
        -: 1395: * MERCHANTABILITY AND FITNESS FOR A PARTICULAR PURPOSE.
        -: 1396: */
        -: 1397:
        -: 1398:/* $Header: /a1/cvsadm/cvsroot/expsir/csubjects/flex/versions.alt/versions.seeded/v3/flex.c,v 1.1.1.2 2003/09/02 20:21:59 expsir Exp $ */
        -: 1399:
        -: 1400:
        -: 1401:
        -: 1402:/* declare functions that have forward references */
        -: 1403:
        -: 1404:void dump_associated_rules PROTO((FILE*, int));
        -: 1405:void dump_transitions PROTO((FILE*, int[]));
        -: 1406:void sympartition PROTO((int[], int, int[], int[]));
        -: 1407:int symfollowset PROTO((int[], int, int, int[]));
        -: 1408:
        -: 1409:
        -: 1410:/* check_for_backing_up - check a DFA state for backing up
        -: 1411: *
        -: 1412: * synopsis
        -: 1413: *     void check_for_backing_up( int ds, int state[numecs] );
        -: 1414: *
        -: 1415: * ds is the number of the state to check and state[] is its out-transitions,
        -: 1416: * indexed by equivalence class.
        -: 1417: */
        -: 1418:
function check_for_backing_up called 12403 returned 100% blocks executed 100%
    12403: 1419:void check_for_backing_up( ds, state )
        -: 1420:int ds;
        -: 1421:int state[];
        -: 1422:	{
    12403: 1423:	if ( (reject && ! dfaacc[ds].dfaacc_set) ||
branch  0 taken 4663 (fallthrough)
branch  1 taken 7740
branch  2 taken 3907 (fallthrough)
branch  3 taken 756
    11647: 1424:	     (! reject && ! dfaacc[ds].dfaacc_state) )
branch  0 taken 7740 (fallthrough)
branch  1 taken 3907
branch  2 taken 1722 (fallthrough)
branch  3 taken 6018
        -: 1425:		{ /* state is non-accepting */
     2478: 1426:		++num_backing_up;
        -: 1427:
     2478: 1428:		if ( backing_up_report )
branch  0 taken 4 (fallthrough)
branch  1 taken 2474
        -: 1429:			{
        4: 1430:			fprintf( backing_up_file,
call    0 returned 4
        -: 1431:				_( "State #%d is non-accepting -\n" ), ds );
        -: 1432:
        -: 1433:			/* identify the state */
        4: 1434:			dump_associated_rules( backing_up_file, ds );
call    0 returned 4
        -: 1435:
        -: 1436:			/* Now identify it further using the out- and
        -: 1437:			 * jam-transitions.
        -: 1438:			 */
        4: 1439:			dump_transitions( backing_up_file, state );
call    0 returned 4
        -: 1440:
        4: 1441:			putc( '\n', backing_up_file );
call    0 returned 4
        -: 1442:			}
        -: 1443:		}
    12403: 1444:	}
        -: 1445:
        -: 1446:
        -: 1447:/* check_trailing_context - check to see if NFA state set constitutes
        -: 1448: *                          "dangerous" trailing context
        -: 1449: *
        -: 1450: * synopsis
        -: 1451: *    void check_trailing_context( int nfa_states[num_states+1], int num_states,
        -: 1452: *				int accset[nacc+1], int nacc );
        -: 1453: *
        -: 1454: * NOTES
        -: 1455: *  Trailing context is "dangerous" if both the head and the trailing
        -: 1456: *  part are of variable size \and/ there's a DFA state which contains
        -: 1457: *  both an accepting state for the head part of the rule and NFA states
        -: 1458: *  which occur after the beginning of the trailing context.
        -: 1459: *
        -: 1460: *  When such a rule is matched, it's impossible to tell if having been
        -: 1461: *  in the DFA state indicates the beginning of the trailing context or
        -: 1462: *  further-along scanning of the pattern.  In these cases, a warning
        -: 1463: *  message is issued.
        -: 1464: *
        -: 1465: *    nfa_states[1 .. num_states] is the list of NFA states in the DFA.
        -: 1466: *    accset[1 .. nacc] is the list of accepting numbers for the DFA state.
        -: 1467: */
        -: 1468:
function check_trailing_context called 446 returned 100% blocks executed 100%
      446: 1469:void check_trailing_context( nfa_states, num_states, accset, nacc )
        -: 1470:int *nfa_states, num_states;
        -: 1471:int *accset;
        -: 1472:int nacc;
        -: 1473:	{
        -: 1474:	register int i, j;
        -: 1475:
     1191: 1476:	for ( i = 1; i <= num_states; ++i )
branch  0 taken 778
branch  1 taken 413 (fallthrough)
        -: 1477:		{
      778: 1478:		int ns = nfa_states[i];
      778: 1479:		register int type = state_type[ns];
      778: 1480:		register int ar = assoc_rule[ns];
        -: 1481:
      778: 1482:		if ( type == STATE_NORMAL || rule_type[ar] != RULE_VARIABLE )
branch  0 taken 101 (fallthrough)
branch  1 taken 677
branch  2 taken 101 (fallthrough)
branch  3 taken 0
        -: 1483:			{ /* do nothing */
        -: 1484:			}
        -: 1485:
      101: 1486:		else if ( type == STATE_TRAILING_CONTEXT )
branch  0 taken 101 (fallthrough)
branch  1 taken 0
        -: 1487:			{
        -: 1488:			/* Potential trouble.  Scan set of accepting numbers
        -: 1489:			 * for the one marking the end of the "head".  We
        -: 1490:			 * assume that this looping will be fairly cheap
        -: 1491:			 * since it's rare that an accepting number set
        -: 1492:			 * is large.
        -: 1493:			 */
      202: 1494:			for ( j = 1; j <= nacc; ++j )
branch  0 taken 134
branch  1 taken 68 (fallthrough)
      134: 1495:				if ( accset[j] & YY_TRAILING_HEAD_MASK )
branch  0 taken 33 (fallthrough)
branch  1 taken 101
        -: 1496:					{
       33: 1497:					line_warning(
        -: 1498:					_( "dangerous trailing context" ),
       33: 1499:						rule_linenum[ar] );
call    0 returned 33
       33: 1500:					return;
        -: 1501:					}
        -: 1502:			}
        -: 1503:		}
        -: 1504:	}
        -: 1505:
        -: 1506:
        -: 1507:/* dump_associated_rules - list the rules associated with a DFA state
        -: 1508: *
        -: 1509: * Goes through the set of NFA states associated with the DFA and
        -: 1510: * extracts the first MAX_ASSOC_RULES unique rules, sorts them,
        -: 1511: * and writes a report to the given file.
        -: 1512: */
        -: 1513:
function dump_associated_rules called 4 returned 100% blocks executed 95%
        4: 1514:void dump_associated_rules( file, ds )
        -: 1515:FILE *file;
        -: 1516:int ds;
        -: 1517:	{
        -: 1518:	register int i, j;
        4: 1519:	register int num_associated_rules = 0;
        -: 1520:	int rule_set[MAX_ASSOC_RULES + 1];
        4: 1521:	int *dset = dss[ds];
        4: 1522:	int size = dfasiz[ds];
        -: 1523:
       16: 1524:	for ( i = 1; i <= size; ++i )
branch  0 taken 12
branch  1 taken 4 (fallthrough)
        -: 1525:		{
       12: 1526:		register int rule_num = rule_linenum[assoc_rule[dset[i]]];
        -: 1527:
      12*: 1528:		for ( j = 1; j <= num_associated_rules; ++j )
branch  0 taken 8
branch  1 taken 4 (fallthrough)
        8: 1529:			if ( rule_num == rule_set[j] )
branch  0 taken 8 (fallthrough)
branch  1 taken 0
        8: 1530:				break;
        -: 1531:
[...]
call    0 returned 548
      548:13687:	yy_load_buffer_state();
call    0 returned 548
      548:13688:	}
        -:13689:
        -:13690:
        -:13691:#ifdef YY_USE_PROTOS
function yy_switch_to_buffer called 0 returned 0% blocks executed 0%
    #####:13692:void yy_switch_to_buffer( YY_BUFFER_STATE new_buffer )
        -:13693:#else
        -:13694:void yy_switch_to_buffer( new_buffer )
        -:13695:YY_BUFFER_STATE new_buffer;
        -:13696:#endif
        -:13697:	{
    #####:13698:	if ( yy_current_buffer == new_buffer )
branch  0 never executed
branch  1 never executed
    #####:13699:		return;
        -:13700:
    #####:13701:	if ( yy_current_buffer )
branch  0 never executed
branch  1 never executed
        -:13702:		{
        -:13703:		/* Flush out information for old buffer. */
    #####:13704:		*yy_c_buf_p = yy_hold_char;
    #####:13705:		yy_current_buffer->yy_buf_pos = yy_c_buf_p;
    #####:13706:		yy_current_buffer->yy_n_chars = yy_n_chars;
        -:13707:		}
        -:13708:
    #####:13709:	yy_current_buffer = new_buffer;
    #####:13710:	yy_load_buffer_state();
call    0 never executed
        -:13711:
        -:13712:	/* We don't actually know whether we did this switch during
        -:13713:	 * EOF (yywrap()) processing, but the only time this flag
        -:13714:	 * is looked at is after yywrap() is called, so it's safe
        -:13715:	 * to go ahead and always set it.
        -:13716:	 */
    #####:13717:	yy_did_buffer_switch_on_eof = 1;
        -:13718:	}
        -:13719:
        -:13720:
        -:13721:#ifdef YY_USE_PROTOS
function yy_load_buffer_state called 1656 returned 100% blocks executed 100%
     1656:13722:void yy_load_buffer_state( void )
        -:13723:#else
        -:13724:void yy_load_buffer_state()
        -:13725:#endif
        -:13726:	{
     1656:13727:	yy_n_chars = yy_current_buffer->yy_n_chars;
     1656:13728:	yytext_ptr = yy_c_buf_p = yy_current_buffer->yy_buf_pos;
     1656:13729:	yyin = yy_current_buffer->yy_input_file;
     1656:13730:	yy_hold_char = *yy_c_buf_p;
     1656:13731:	}
        -:13732:
        -:13733:
        -:13734:#ifdef YY_USE_PROTOS
function yy_create_buffer called 560 returned 100% blocks executed 78%
      560:13735:YY_BUFFER_STATE yy_create_buffer( FILE *file, int size )
        -:13736:#else
        -:13737:YY_BUFFER_STATE yy_create_buffer( file, size )
        -:13738:FILE *file;
        -:13739:int size;
        -:13740:#endif
        -:13741:	{
        -:13742:	YY_BUFFER_STATE b;
        -:13743:
      560:13744:	b = (YY_BUFFER_STATE) yy_flex_alloc( sizeof( struct yy_buffer_state ) );
call    0 returned 560
      560:13745:	if ( ! b )
branch  0 taken 0 (fallthrough)
branch  1 taken 560
    #####:13746:		YY_FATAL_ERROR( "out of dynamic memory in yy_create_buffer()" );
call    0 never executed
        -:13747:
      560:13748:	b->yy_buf_size = size;
        -:13749:
        -:13750:	/* yy_ch_buf has to be 2 characters longer than the size given because
        -:13751:	 * we need to put in 2 end-of-buffer characters.
        -:13752:	 */
      560:13753:	b->yy_ch_buf = (char *) yy_flex_alloc( b->yy_buf_size + 2 );
call    0 returned 560
      560:13754:	if ( ! b->yy_ch_buf )
branch  0 taken 0 (fallthrough)
branch  1 taken 560
    #####:13755:		YY_FATAL_ERROR( "out of dynamic memory in yy_create_buffer()" );
call    0 never executed
        -:13756:
      560:13757:	b->yy_is_our_buffer = 1;
        -:13758:
      560:13759:	yy_init_buffer( b, file );
call    0 returned 560
        -:13760:
      560:13761:	return b;
        -:13762:	}
        -:13763:
        -:13764:
        -:13765:#ifdef YY_USE_PROTOS
function yy_delete_buffer called 0 returned 0% blocks executed 0%
    #####:13766:void yy_delete_buffer( YY_BUFFER_STATE b )
        -:13767:#else
        -:13768:void yy_delete_buffer( b )
        -:13769:YY_BUFFER_STATE b;
        -:13770:#endif
        -:13771:	{
        -:13772:#ifndef F_HD_4
    #####:13773:	if ( ! b )
branch  0 never executed
branch  1 never executed
    #####:13774:               return;
        -:13775:#else
        -:13776:
        -:13777:#endif
        -:13778:
        -:13779:
    #####:13780:	if ( b == yy_current_buffer )
branch  0 never executed
branch  1 never executed
    #####:13781:		yy_current_buffer = (YY_BUFFER_STATE) 0;
        -:13782:
    #####:13783:	if ( b->yy_is_our_buffer )
branch  0 never executed
branch  1 never executed
    #####:13784:		yy_flex_free( (void *) b->yy_ch_buf );
call    0 never executed
        -:13785:
    #####:13786:	yy_flex_free( (void *) b );
call    0 never executed
        -:13787:	}
        -:13788:
        -:13789:
        -:13790:#ifndef YY_ALWAYS_INTERACTIVE
        -:13791:#ifndef YY_NEVER_INTERACTIVE
        -:13792:extern int isatty YY_PROTO(( int ));
        -:13793:#endif
        -:13794:#endif
        -:13795:
        -:13796:#ifdef YY_USE_PROTOS
function yy_init_buffer called 1108 returned 100% blocks executed 88%
     1108:13797:void yy_init_buffer( YY_BUFFER_STATE b, FILE *file )
        -:13798:#else
        -:13799:void yy_init_buffer( b, file )
        -:13800:YY_BUFFER_STATE b;
        -:13801:FILE *file;
        -:13802:#endif
        -:13803:
        -:13804:
        -:13805:	{
     1108:13806:	yy_flush_buffer( b );
call    0 returned 1108
        -:13807:
     1108:13808:	b->yy_input_file = file;
     1108:13809:	b->yy_fill_buffer = 1;
        -:13810:
        -:13811:#if YY_ALWAYS_INTERACTIVE
        -:13812:	b->yy_is_interactive = 1;
        -:13813:#else
        -:13814:#if YY_NEVER_INTERACTIVE
        -:13815:	b->yy_is_interactive = 0;
        -:13816:#else
    1108*:13817:	b->yy_is_interactive = file ? (isatty( fileno(file) ) > 0) : 0;
branch  0 taken 1108 (fallthrough)
branch  1 taken 0
call    2 returned 1108
call    3 returned 1108
branch  4 taken 0 (fallthrough)
branch  5 taken 1108
        -:13818:#endif
        -:13819:#endif
     1108:13820:	}
        -:13821:
        -:13822:
        -:13823:#ifdef YY_USE_PROTOS
function yy_flush_buffer called 1108 returned 100% blocks executed 100%
     1108:13824:void yy_flush_buffer( YY_BUFFER_STATE b )
        -:13825:#else
        -:13826:void yy_flush_buffer( b )
        -:13827:YY_BUFFER_STATE b;
        -:13828:#endif
        -:13829:
        -:13830:	{
     1108:13831:	b->yy_n_chars = 0;
        -:13832:
        -:13833:	/* We always need two end-of-buffer characters.  The first causes
        -:13834:	 * a transition to the end-of-buffer state.  The second causes
        -:13835:	 * a jam in that state.
        -:13836:	 */
     1108:13837:	b->yy_ch_buf[0] = YY_END_OF_BUFFER_CHAR;
     1108:13838:	b->yy_ch_buf[1] = YY_END_OF_BUFFER_CHAR;
        -:13839:
     1108:13840:	b->yy_buf_pos = &b->yy_ch_buf[0];
        -:13841:
     1108:13842:	b->yy_at_bol = 1;
     1108:13843:	b->yy_buffer_status = YY_BUFFER_NEW;
        -:13844:
     1108:13845:	if ( b == yy_current_buffer )
branch  0 taken 548 (fallthrough)
branch  1 taken 560
      548:13846:		yy_load_buffer_state();
call    0 returned 548
     1108:13847:	}
        -:13848:
        -:13849:
        -:13850:#ifndef YY_NO_SCAN_BUFFER
        -:13851:#ifdef YY_USE_PROTOS
function yy_scan_buffer called 0 returned 0% blocks executed 0%
    #####:13852:YY_BUFFER_STATE yy_scan_buffer( char *base, yy_size_t size )
        -:13853:#else
        -:13854:YY_BUFFER_STATE yy_scan_buffer( base, size )
        -:13855:char *base;
        -:13856:yy_size_t size;
        -:13857:#endif
        -:13858:	{
        -:13859:	YY_BUFFER_STATE b;
        -:13860:
    #####:13861:	if ( size < 2 ||
branch  0 never executed
branch  1 never executed
    #####:13862:	     base[size-2] != YY_END_OF_BUFFER_CHAR ||
branch  0 never executed
branch  1 never executed
    #####:13863:	     base[size-1] != YY_END_OF_BUFFER_CHAR )
branch  0 never executed
branch  1 never executed
        -:13864:		/* They forgot to leave room for the EOB's. */
    #####:13865:		return 0;
        -:13866:
    #####:13867:	b = (YY_BUFFER_STATE) yy_flex_alloc( sizeof( struct yy_buffer_state ) );
call    0 never executed
    #####:13868:	if ( ! b )
branch  0 never executed
branch  1 never executed
    #####:13869:		YY_FATAL_ERROR( "out of dynamic memory in yy_scan_buffer()" );
call    0 never executed
        -:13870:
    #####:13871:	b->yy_buf_size = size - 2;	/* "- 2" to take care of EOB's */
    #####:13872:	b->yy_buf_pos = b->yy_ch_buf = base;
    #####:13873:	b->yy_is_our_buffer = 0;
    #####:13874:	b->yy_input_file = 0;
    #####:13875:	b->yy_n_chars = b->yy_buf_size;
    #####:13876:	b->yy_is_interactive = 0;
    #####:13877:	b->yy_at_bol = 1;
    #####:13878:	b->yy_fill_buffer = 0;
    #####:13879:	b->yy_buffer_status = YY_BUFFER_NEW;
        -:13880:
    #####:13881:	yy_switch_to_buffer( b );
call    0 never executed
        -:13882:
    #####:13883:	return b;
        -:13884:	}
        -:13885:#endif
        -:13886:
        -:13887:
        -:13888:#ifndef YY_NO_SCAN_STRING
        -:13889:#ifdef YY_USE_PROTOS
function yy_scan_string called 0 returned 0% blocks executed 0%
    #####:13890:YY_BUFFER_STATE yy_scan_string( yyconst char *str )
        -:13891:#else
        -:13892:YY_BUFFER_STATE yy_scan_string( str )
        -:13893:yyconst char *str;
        -:13894:#endif
        -:13895:	{
        -:13896:	int len;
    #####:13897:	for ( len = 0; str[len]; ++len )
branch  0 never executed
branch  1 never executed
        -:13898:		;
        -:13899:
    #####:13900:	return yy_scan_bytes( str, len );
call    0 never executed
        -:13901:	}
        -:13902:#endif
        -:13903:
        -:13904:
        -:13905:#ifndef YY_NO_SCAN_BYTES
        -:13906:#ifdef YY_USE_PROTOS
function yy_scan_bytes called 0 returned 0% blocks executed 0%
    #####:13907:YY_BUFFER_STATE yy_scan_bytes( yyconst char *bytes, int len )
        -:13908:#else
        -:13909:YY_BUFFER_STATE yy_scan_bytes( bytes, len )
        -:13910:yyconst char *bytes;
        -:13911:int len;
        -:13912:#endif
        -:13913:	{
        -:13914:	YY_BUFFER_STATE b;
        -:13915:	char *buf;
        -:13916:	yy_size_t n;
        -:13917:	int i;
        -:13918:
        -:13919:	/* Get memory for full buffer, including space for trailing EOB's. */
    #####:13920:	n = len + 2;
    #####:13921:	buf = (char *) yy_flex_alloc( n );
call    0 never executed
    #####:13922:	if ( ! buf )
branch  0 never executed
branch  1 never executed
    #####:13923:		YY_FATAL_ERROR( "out of dynamic memory in yy_scan_bytes()" );
call    0 never executed
        -:13924:
    #####:13925:	for ( i = 0; i < len; ++i )
branch  0 never executed
branch  1 never executed
    #####:13926:		buf[i] = bytes[i];
        -:13927:
    #####:13928:	buf[len] = buf[len+1] = YY_END_OF_BUFFER_CHAR;
        -:13929:
    #####:13930:	b = yy_scan_buffer( buf, n );
call    0 never executed
    #####:13931:	if ( ! b )
branch  0 never executed
branch  1 never executed
    #####:13932:		YY_FATAL_ERROR( "bad buffer in yy_scan_bytes()" );
call    0 never executed
        -:13933:
        -:13934:	/* It's okay to grow etc. this buffer, and we should throw it
        -:13935:	 * away when we're done.
        -:13936:	 */
    #####:13937:	b->yy_is_our_buffer = 1;
        -:13938:
    #####:13939:	return b;
        -:13940:	}
        -:13941:#endif
        -:13942:
        -:13943:
        -:13944:#ifndef YY_NO_PUSH_STATE
        -:13945:#ifdef YY_USE_PROTOS
function yy_push_state called 357 returned 100% blocks executed 67%
      357:13946:static void yy_push_state( int new_state )
        -:13947:#else
        -:13948:static void yy_push_state( new_state )
        -:13949:int new_state;
        -:13950:#endif
        -:13951:	{
      357:13952:	if ( yy_start_stack_ptr >= yy_start_stack_depth )
branch  0 taken 124 (fallthrough)
branch  1 taken 233
        -:13953:		{
        -:13954:		yy_size_t new_size;
        -:13955:
      124:13956:		yy_start_stack_depth += YY_START_STACK_INCR;
      124:13957:		new_size = yy_start_stack_depth * sizeof( int );
        -:13958:
      124:13959:		if ( ! yy_start_stack )
branch  0 taken 124 (fallthrough)
branch  1 taken 0
      124:13960:			yy_start_stack = (int *) yy_flex_alloc( new_size );
call    0 returned 124
        -:13961:
        -:13962:		else
    #####:13963:			yy_start_stack = (int *) yy_flex_realloc(
call    0 never executed
        -:13964:					(void *) yy_start_stack, new_size );
        -:13965:
      124:13966:		if ( ! yy_start_stack )
branch  0 taken 0 (fallthrough)
branch  1 taken 124
    #####:13967:			YY_FATAL_ERROR(
call    0 never executed
        -:13968:			"out of memory expanding start-condition stack" );
        -:13969:		}
        -:13970:
      357:13971:	yy_start_stack[yy_start_stack_ptr++] = YY_START;
        -:13972:
      357:13973:	BEGIN(new_state);
      357:13974:	}
        -:13975:#endif
        -:13976:
        -:13977:
        -:13978:#ifndef YY_NO_POP_STATE
function yy_pop_state called 357 returned 100% blocks executed 67%
      357:13979:static void yy_pop_state()
        -:13980:	{
      357:13981:	if ( --yy_start_stack_ptr < 0 )
branch  0 taken 0 (fallthrough)
branch  1 taken 357
    #####:13982:		YY_FATAL_ERROR( "start-condition stack underflow" );
call    0 never executed
        -:13983:
      357:13984:	BEGIN(yy_start_stack[yy_start_stack_ptr]);
      357:13985:	}
        -:13986:#endif
        -:13987:
        -:13988:
        -:13989:#ifndef YY_NO_TOP_STATE
        -:13990:static int yy_top_state()
        -:13991:	{
        -:13992:	return yy_start_stack[yy_start_stack_ptr - 1];
        -:13993:	}
        -:13994:#endif
        -:13995:
        -:13996:#ifndef YY_EXIT_FAILURE
        -:13997:#define YY_EXIT_FAILURE 2
        -:13998:#endif
        -:13999:
        -:14000:#ifdef YY_USE_PROTOS
function yy_fatal_error called 0 returned 0% blocks executed 0%
    #####:14001:static void yy_fatal_error( yyconst char msg[] )
        -:14002:#else
        -:14003:static void yy_fatal_error( msg )
        -:14004:char msg[];
        -:14005:#endif
        -:14006:	{
    #####:14007:	(void) fprintf( err, "%s\n", msg );
call    0 never executed
    #####:14008:	exit( YY_EXIT_FAILURE );
        -:14009:	}
        -:14010:
        -:14011:
        -:14012:
        -:14013:/* Redefine yyless() so it works in section 3 code. */
        -:14014:
        -:14015:#undef yyless
        -:14016:#define yyless(n) \
        -:14017:	do \
        -:14018:		{ \
        -:14019:		/* Undo effects of setting up yytext. */ \
        -:14020:		yytext[yyleng] = yy_hold_char; \
        -:14021:		yy_c_buf_p = yytext + n - YY_MORE_ADJ; \
        -:14022:		yy_hold_char = *yy_c_buf_p; \
        -:14023:		*yy_c_buf_p = '\0'; \
        -:14024:		yyleng = n; \
        -:14025:		} \
        -:14026:	while ( 0 )
        -:14027:
        -:14028:
        -:14029:/* Internal utility routines. */
        -:14030:
        -:14031:#ifndef yytext_ptr
        -:14032:#ifdef YY_USE_PROTOS
        -:14033:static void yy_flex_strncpy( char *s1, yyconst char *s2, int n )
        -:14034:#else
        -:14035:static void yy_flex_strncpy( s1, s2, n )
        -:14036:char *s1;
        -:14037:yyconst char *s2;
        -:14038:int n;
        -:14039:#endif
        -:14040:	{
        -:14041:	register int i;
        -:14042:	for ( i = 0; i < n; ++i )
        -:14043:		s1[i] = s2[i];
        -:14044:	}
        -:14045:#endif
        -:14046:
        -:14047:
        -:14048:#ifdef YY_USE_PROTOS
function yy_flex_alloc called 1244 returned 100% blocks executed 100%
     1244:14049:static void *yy_flex_alloc( yy_size_t size )
        -:14050:#else
        -:14051:static void *yy_flex_alloc( size )
        -:14052:yy_size_t size;
        -:14053:#endif
        -:14054:	{
     1244:14055:	return (void *) malloc( size );
        -:14056:	}
        -:14057:
        -:14058:#ifdef YY_USE_PROTOS
function yy_flex_realloc called 0 returned 0% blocks executed 0%
    #####:14059:static void *yy_flex_realloc( void *ptr, yy_size_t size )
        -:14060:#else
        -:14061:static void *yy_flex_realloc( ptr, size )
        -:14062:void *ptr;
        -:14063:yy_size_t size;
        -:14064:#endif
        -:14065:	{
        -:14066:	/* The cast to (char *) in the following accommodates both
        -:14067:	 * implementations that use char* generic pointers, and those
        -:14068:	 * that use void* generic pointers.  It works with the latter
        -:14069:	 * because both ANSI C and C++ allow castless assignment from
        -:14070:	 * any pointer type to void*, and deal with argument conversions
        -:14071:	 * as though doing an assignment.
        -:14072:	 */
        -:14073:#ifndef F_HD_2
    #####:14074:	return (void *) realloc( (char *) ptr, size );
        -:14075:#else
        -:14076:
        -:14077:#endif
        -:14078:	}
        -:14079:
        -:14080:#ifdef YY_USE_PROTOS
function yy_flex_free called 0 returned 0% blocks executed 0%
    #####:14081:static void yy_flex_free( void *ptr )
        -:14082:#else
        -:14083:static void yy_flex_free( ptr )
        -:14084:void *ptr;
        -:14085:#endif
        -:14086:	{
    #####:14087:	free( ptr );
    #####:14088:	}
        -:14089:
        -:14090:#if YY_MAIN
        -:14091:int main()
        -:14092:	{
        -:14093:	yylex();
        -:14094:	return 0;
        -:14095:	}
        -:14096:#endif
        -:14097:
        -:14098:
        -:14099:
function yywrap called 547 returned 100% blocks executed 100%
      547:14100:int yywrap()
        -:14101:	{
      547:14102:	if ( --num_input_files > 0 )
branch  0 taken 1 (fallthrough)
branch  1 taken 546
        -:14103:		{
        1:14104:		set_input_file( *++input_files );
call    0 returned 1
        1:14105:		return 0;
        -:14106:		}
        -:14107:
        -:14108:	else
      546:14109:		return 1;
        -:14110:	}
        -:14111:
        -:14112:
        -:14113:/* set_input_file - open the given file (if NULL, stdin) for scanning */
        -:14114:
function set_input_file called 562 returned 100% blocks executed 80%
      562:14115:void set_input_file( file )
        -:14116:char *file;
        -:14117:	{
        -:14118:#ifndef F_HD_5
      562:14119:	if ( file && strcmp( file, "-" ) )
branch  0 taken 562 (fallthrough)
branch  1 taken 0
branch  2 taken 562 (fallthrough)
branch  3 taken 0
        -:14120:#else
        -:14121:	if ( file )
        -:14122:#endif
        -:14123:		{
      562:14124:		infilename = copy_string( file );
call    0 returned 562
      562:14125:		yyin = fopen( infilename, "r" );
call    0 returned 562
        -:14126:
      562:14127:		if ( yyin == NULL )
branch  0 taken 1 (fallthrough)
branch  1 taken 561
        1:14128:			lerrsf( _( "can't open %s" ), file );
call    0 returned 0
        -:14129:		}
        -:14130:
        -:14131:	else
        -:14132:		{
    #####:14133:		yyin = stdin;
    #####:14134:		infilename = copy_string( "<stdin>" );
call    0 never executed
        -:14135:		}
        -:14136:
      561:14137:	linenum = 1;
      561:14138:	}
        -:14139:
        -:14140:
        -:14141:/* Wrapper routines for accessing the scanner's malloc routines. */
        -:14142:
function flex_alloc called 43837 returned 100% blocks executed 100%
    43837:14143:void *flex_alloc( size )
        -:14144:size_t size;
        -:14145:	{
    43837:14146:	return (void *) malloc( size );
        -:14147:	}
        -:14148:
function flex_realloc called 171 returned 100% blocks executed 100%
      171:14149:void *flex_realloc( ptr, size )
        -:14150:void *ptr;
        -:14151:size_t size;
        -:14152:	{
      171:14153:	return (void *) realloc( ptr, size );
        -:14154:	}
        -:14155:
function flex_free called 1086 returned 100% blocks executed 100%
     1086:14156:void flex_free( ptr )
        -:14157:void *ptr;
        -:14158:	{
     1086:14159:	if ( ptr )
branch  0 taken 1086 (fallthrough)
branch  1 taken 0
     1086:14160:		free( ptr );
     1086:14161:	}
