        -:    0:Source:sed.c
        -:    0:Graph:sed.gcno
        -:    0:Data:sed.gcda
        -:    0:Runs:370
        -:    1:#define COPYRIGHT_NOTICE "Copyright (C) 1998 Free Software Foundation, Inc."
        -:    2:#define BUG_ADDRESS "bug-gnu-utils@gnu.org"
        -:    3:
        -:    4:/*  GNU SED, a batch stream editor.
        -:    5:    Copyright (C) 1989, 1990, 1991, 1992, 1993, 1994, 1995, 1998 \
        -:    6:    Free Software Foundation, Inc."
        -:    7:
        -:    8:    This program is free software; you can redistribute it and/or modify
        -:    9:    it under the terms of the GNU General Public License as published by
        -:   10:    the Free Software Foundation; either version 2, or (at your option)
        -:   11:    any later version.
        -:   12:
        -:   13:    This program is distributed in the hope that it will be useful,
        -:   14:    but WITHOUT ANY WARRANTY; without even the implied warranty of
        -:   15:    MERCHANTABILITY or FITNESS FOR A PARTICULAR PURPOSE.  See the
        -:   16:    GNU General Public License for more details.
        -:   17:
        -:   18:    You should have received a copy of the GNU General Public License
        -:   19:    along with this program; if not, write to the Free Software
        -:   20:    Foundation, 59 Temple Place - Suite 330, Boston, MA 02111-1307, USA. */
        -:   21:
        -:   22:
        -:   23:#include "config.h"
        -:   24:#include <stdio.h>
        -:   25:
        -:   26:#undef stderr
        -:   27:#define stderr stdout
        -:   28:
        -:   29:#ifndef HAVE_STRING_H
        -:   30:# include <strings.h>
        -:   31:#else
        -:   32:# include <string.h>
        -:   33:#endif
        -:   34:
        -:   35:#ifdef HAVE_STDLIB_H
        -:   36:# include <stdlib.h>
        -:   37:#endif
        -:   38:
        -:   39:#ifdef HAVE_MMAP
        -:   40:# ifdef HAVE_UNISTD_H
        -:   41:#  include <unistd.h>
        -:   42:# endif
        -:   43:# include <sys/types.h>
        -:   44:# include <sys/mman.h>
        -:   45:# ifndef MAP_FAILED
        -:   46:#  define MAP_FAILED	((char *)-1)	/* what a stupid concept... */
        -:   47:# endif
        -:   48:# include <sys/stat.h>
        -:   49:# ifndef S_ISREG
        -:   50:#  define S_ISREG(m)	(((m)&S_IFMT) == S_IFMT)
        -:   51:# endif
        -:   52:#endif /* HAVE_MMAP */
        -:   53:
        -:   54:#ifdef HAVE_SYS_TYPES_H
        -:   55:# include <sys/types.h>
        -:   56:#endif
        -:   57:#include "regex-sed.h"
        -:   58:#include "getopt.h"
        -:   59:#include "basicdefs.h"
        -:   60:#include "utils.h"
        -:   61:#include "sed.h"
        -:   62:
        -:   63:/* 
        -:   64:   Included for SIR fault insertion
        -:   65:   July 2006 by Kyle R. Murphy
        -:   66:*/
        -:   67:#include "FaultSeeds.h"
        -:   68:
        -:   69:#ifndef HAVE_STDLIB_H
        -:   70: extern char *getenv P_((const char *));
        -:   71:#endif
        -:   72:
        -:   73:#ifdef STUB_FROM_RX_LIBRARY_USAGE
        -:   74:extern void print_rexp P_((void));
        -:   75:extern int rx_basic_unfaniverse_delay;
        -:   76:#endif /*STUB_FROM_RX_LIBRARY_USAGE*/
        -:   77:
        -:   78:static void usage P_((int));
        -:   79:
        -:   80:flagT use_extended_syntax_p = 0;
        -:   81:
        -:   82:flagT rx_testing = 0;
        -:   83:
        -:   84:/* If set, don't write out the line unless explicitly told to */
        -:   85:flagT no_default_output = 0;
        -:   86:
        -:   87:/* Do we need to be pedantically POSIX compliant? */
        -:   88:flagT POSIXLY_CORRECT;
        -:   89:
        -:   90:static void
function usage called 6 returned 0% blocks executed 100%
        6:   91:usage(status)
        -:   92:  int status;
        -:   93:{
        6:   94:  FILE *out = status ? stderr : stdout;
        -:   95:
        6:   96:  fprintf(out, "\
call    0 returned 6
        -:   97:Usage: %s [OPTION]... {script-only-if-no-other-script} [input-file]...\n\
        -:   98:\n\
        -:   99:  -n, --quiet, --silent\n\
        -:  100:                 suppress automatic printing of pattern space\n\
        -:  101:  -e script, --expression=script\n\
        -:  102:                 add the script to the commands to be executed\n\
        -:  103:  -f script-file, --file=script-file\n\
        -:  104:                 add the contents of script-file to the commands to be executed\n\
        -:  105:      --help     display this help and exit\n\
        -:  106:  -V, --version  output version information and exit\n\
        -:  107:\n\
        -:  108:If no -e, --expression, -f, or --file option is given, then the first\n\
        -:  109:non-option argument is taken as the sed script to interpret.  All\n\
        -:  110:remaining arguments are names of input files; if no input files are\n\
        -:  111:specified, then the standard input is read.\n\
        -:  112:\n", myname);
        6:  113:  fprintf(out, "E-mail bug reports to: %s .\n\
call    0 returned 6
        -:  114:Be sure to include the word ``%s'' somewhere in the ``Subject:'' field.\n",
        -:  115:	  BUG_ADDRESS, PACKAGE);
        6:  116:  exit(status);
        -:  117:}
        -:  118:
        -:  119:int
function main called 370 returned 95% blocks executed 93%
      370:  120:main(argc, argv)
        -:  121:  int argc;
        -:  122:  char **argv;
        -:  123:{
        -:  124:  static struct option longopts[] = {
        -:  125:    {"rxtest", 0, NULL, 'r'},
        -:  126:    {"expression", 1, NULL, 'e'},
        -:  127:    {"file", 1, NULL, 'f'},
        -:  128:    {"quiet", 0, NULL, 'n'},
        -:  129:    {"silent", 0, NULL, 'n'},
        -:  130:    {"version", 0, NULL, 'V'},
        -:  131:    {"help", 0, NULL, 'h'},
        -:  132:    {NULL, 0, NULL, 0}
        -:  133:  };
        -:  134:
        -:  135:  /* The complete compiled SED program that we are going to run: */
      370:  136:  struct vector *the_program = NULL;
        -:  137:  int opt;
        -:  138:  flagT bad_input;	/* If this variable is non-zero at exit, one or
        -:  139:			   more of the input files couldn't be opened. */
        -:  140:
      370:  141:  POSIXLY_CORRECT = (getenv("POSIXLY_CORRECT") != NULL);
call    0 returned 370
        -:  142:#ifdef STUB_FROM_RX_LIBRARY_USAGE
        -:  143:  if (!rx_default_cache)
        -:  144:    print_rexp();
        -:  145:  /* Allow roughly a megabyte of cache space. */
        -:  146:  rx_default_cache->bytes_allowed = 1<<20;
        -:  147:  rx_basic_unfaniverse_delay = 512 * 4;
        -:  148:#endif /*STUB_FROM_RX_LIBRARY_USAGE*/
        -:  149: /* Commented out by Amit Goel on 30th August 2001 to remove Nondeterminism */
        -:  150: /* myname = *argv; */
        -:  151: /* Added By Amit Goel on 30th August 2001 */
      370:  152: myname = "Executable";
      737:  153:  while ((opt = getopt_long(argc, argv, "hnrVe:f:", longopts, NULL)) != EOF)
call    0 returned 737
branch  1 taken 377
branch  2 taken 360 (fallthrough)
        -:  154:    {
      377:  155:      switch (opt)
branch  0 taken 7
branch  1 taken 21
branch  2 taken 339
branch  3 taken 2
branch  4 taken 2
branch  5 taken 0
branch  6 taken 6
        -:  156:	{
        7:  157:	case 'n':
        7:  158:	  no_default_output = 1;
        7:  159:	  break;
       21:  160:	case 'e':
       21:  161:	  the_program = compile_string(the_program, optarg);
call    0 returned 21
       21:  162:	  break;
      339:  163:	case 'f':
      339:  164:	  the_program = compile_file(the_program, optarg);
call    0 returned 337
      337:  165:	  break;
        -:  166:
        2:  167:	case 'r':
        2:  168:	  use_extended_syntax_p = 1;
        2:  169:	  rx_testing = 1;
        2:  170:	  break;
        2:  171:	case 'V':
        2:  172:	  fprintf(stdout, "GNU %s version %s\n\n", PACKAGE, VERSION);
call    0 returned 2
        2:  173:	  fprintf(stdout, "%s\n\
call    0 returned 2
        -:  174:This is free software; see the source for copying conditions.  There is NO\n\
        -:  175:warranty; not even for MERCHANTABILITY or FITNESS FOR A PARTICULAR PURPOSE,\n\
        -:  176:to the extent permitted by law.\n\
        -:  177:", COPYRIGHT_NOTICE);
        2:  178:	  exit(0);
call    0 returned 0
    #####:  179:	case 'h':
    #####:  180:	  usage(0);
call    0 never executed
        6:  181:	default:
        6:  182:	  usage(4);
call    0 returned 0
        -:  183:	}
        -:  184:    }
        -:  185:
      360:  186:  if (!the_program)
branch  0 taken 5 (fallthrough)
branch  1 taken 355
        -:  187:    {
        5:  188:      if (optind < argc)
branch  0 taken 5 (fallthrough)
branch  1 taken 0
        5:  189:	the_program = compile_string(the_program, argv[optind++]);
call    0 returned 0
        -:  190:      else
    #####:  191:	usage(4);
call    0 never executed
        -:  192:    }
      355:  193:  check_final_program(the_program);
call    0 returned 354
        -:  194:
      354:  195:  bad_input = process_files(the_program, argv+optind);
call    0 returned 354
        -:  196:
      354:  197:  close_all_files();
call    0 returned 354
      354:  198:  ck_fclose(stdout);
call    0 returned 354
      354:  199:  if (bad_input)
branch  0 taken 1 (fallthrough)
branch  1 taken 353
        1:  200:    exit(2);
call    0 returned 0
      353:  201:  return 0;
        -:  202:}
        -:  203:
        -:  204:
        -:  205:/* Attempt to mmap() a file.  On failure, just return a zero,
        -:  206:   otherwise set *base and *len and return non-zero.  */
        -:  207:flagT
function map_file called 691 returned 100% blocks executed 91%
      691:  208:map_file(fp, base, len)
        -:  209:  FILE *fp;
        -:  210:  VOID **base;
        -:  211:  size_t *len;
        -:  212:{
        -:  213:#ifdef HAVE_MMAP
        -:  214:  struct stat s;
        -:  215:  VOID *nbase;
        -:  216:
      691:  217:  if (fstat(fileno(fp), &s) == 0
call    0 returned 691
call    1 returned 691
branch  2 taken 691 (fallthrough)
branch  3 taken 0
      691:  218:      && S_ISREG(s.st_mode)
branch  0 taken 691 (fallthrough)
branch  1 taken 0
        -:  219:      && s.st_size == CAST(size_t)s.st_size)
        -:  220:    {
        -:  221:      /* "As if" the whole file was read into memory at this moment... */
      691:  222:      nbase = VCAST(VOID *)mmap(NULL, CAST(size_t)s.st_size, PROT_READ,
call    0 returned 691
call    1 returned 691
        -:  223:				MAP_PRIVATE, fileno(fp), CAST(off_t)0);
      691:  224:      if (nbase != MAP_FAILED)
branch  0 taken 691 (fallthrough)
branch  1 taken 0
        -:  225:	{
      691:  226:	  *base = nbase;
      691:  227:	  *len =  s.st_size;
      691:  228:	  return 1;
        -:  229:	}
        -:  230:    }
        -:  231:#endif /* HAVE_MMAP */
        -:  232:
    #####:  233:  return 0;
        -:  234:}
        -:  235:
        -:  236:/* Attempt to munmap() a memory region. */
        -:  237:void
function unmap_file called 691 returned 100% blocks executed 100%
      691:  238:unmap_file(base, len)
        -:  239:  VOID *base;
        -:  240:  size_t len;
        -:  241:{
        -:  242:#ifdef HAVE_MMAP
      691:  243:  if (base)
branch  0 taken 691 (fallthrough)
branch  1 taken 0
      691:  244:    munmap(VCAST(caddr_t)base, len);
call    0 returned 691
        -:  245:#endif
      691:  246:}
        -:  247:/*  GNU SED, a batch stream editor.
        -:  248:    Copyright (C) 1989, 1990, 1991, 1992, 1993, 1994, 1995, 1998
        -:  249:    Free Software Foundation, Inc.
        -:  250:
        -:  251:    This program is free software; you can redistribute it and/or modify
        -:  252:    it under the terms of the GNU General Public License as published by
        -:  253:    the Free Software Foundation; either version 2, or (at your option)
        -:  254:    any later version.
        -:  255:
        -:  256:    This program is distributed in the hope that it will be useful,
        -:  257:    but WITHOUT ANY WARRANTY; without even the implied warranty of
        -:  258:    MERCHANTABILITY or FITNESS FOR A PARTICULAR PURPOSE.  See the
        -:  259:    GNU General Public License for more details.
        -:  260:
        -:  261:    You should have received a copy of the GNU General Public License
        -:  262:    along with this program; if not, write to the Free Software
        -:  263:    Foundation, 59 Temple Place - Suite 330, Boston, MA 02111-1307, USA. */
        -:  264:
        -:  265:/* compile.c: translate sed source into internal form */
        -:  266:
        -:  267:#include "config.h"
        -:  268:#include <stdio.h>
        -:  269:
        -:  270:#ifndef __STRICT_ANSI__
        -:  271:# define _GNU_SOURCE
        -:  272:#endif
        -:  273:#include <ctype.h>
        -:  274:
        -:  275:#ifndef HAVE_STRING_H
        -:  276:# include <strings.h>
        -:  277:# ifdef HAVE_MEMORY_H
        -:  278:#  include <memory.h>
        -:  279:# endif
        -:  280:#else
        -:  281:# include <string.h>
        -:  282:#endif /* HAVE_STRING_H */
        -:  283:
        -:  284:#ifdef HAVE_STDLIB_H
        -:  285:# include <stdlib.h>
        -:  286:#endif
        -:  287:
        -:  288:#ifdef HAVE_SYS_TYPES_H
        -:  289:# include <sys/types.h>
        -:  290:#endif
        -:  291:#include "regex-sed.h"
        -:  292:#include "basicdefs.h"
        -:  293:#include "utils.h"
        -:  294:#include "sed.h"
        -:  295:
        -:  296:
        -:  297:extern flagT rx_testing;
        -:  298:extern flagT no_default_output;
        -:  299:extern flagT use_extended_syntax_p;
        -:  300:
        -:  301:
        -:  302:#define YMAP_LENGTH		256 /*XXX shouldn't this be (UCHAR_MAX+1)?*/
        -:  303:#define VECTOR_ALLOC_INCREMENT	40
        -:  304:
        -:  305:struct prog_info {
        -:  306:  /* When we're reading a script command from a string, 'prog.base'
        -:  307:     points to the first character in the string, 'prog.cur' points
        -:  308:     to the current character in the string, and 'prog.end' points
        -:  309:     to the end of the string.  This allows us to compile script
        -:  310:     strings that contain nulls, which might happen if we're mmap'ing
        -:  311:     a file. */
        -:  312:  VOID *base;
        -:  313:  const unsigned char *cur;
        -:  314:  const unsigned char *end;
        -:  315:
        -:  316:  /* This is the current script file.  If it is NULL, we are reading
        -:  317:     from a string stored at 'prog.cur' instead.  If both 'prog.file'
        -:  318:     and 'prog.cur' are NULL, we're in trouble! */
        -:  319:  FILE *file;
        -:  320:};
        -:  321:
        -:  322:/* Information used to give out useful and informative error messages. */
        -:  323:struct error_info {
        -:  324:  /* This is the name of the current script file. */
        -:  325:  const char *name;
        -:  326:
        -:  327:  /* This is the number of the current script line that we're compiling. */
        -:  328:  countT line;
        -:  329:
        -:  330:  /* This is the index of the "-e" expressions on the command line. */
        -:  331:  countT string_expr_count;
        -:  332:};
        -:  333:
        -:  334:
        -:  335:static struct vector *compile_program P_((struct vector *));
        -:  336:static struct vector *new_vector
        -:  337:	P_((struct error_info *errinfo, struct vector *old_vector));
        -:  338:static void read_text P_((struct text_buf *buf, int leadin_ch));
        -:  339:static struct sed_cmd *next_cmd_entry P_((struct vector **vectorp));
        -:  340:static int add_then_next P_((struct buffer *b, int ch));
        -:  341:static int snarf_char_class P_((struct buffer *b));
        -:  342:static struct buffer *match_slash P_((int slash, flagT regex, flagT keep_back));
        -:  343:static regex_t *compile_regex P_((struct buffer *b, flagT icase, flagT nosub));
        -:  344:static flagT compile_address P_((struct addr *addr, int ch));
        -:  345:static void compile_filename P_((flagT readit, const char **name, FILE **fp));
        -:  346:static struct sed_label *setup_jump
        -:  347:	P_((struct sed_label *list, struct sed_cmd *cmd, struct vector *vec));
        -:  348:static flagT mark_subst_opts P_((struct subst *cmd));
        -:  349:static int inchar P_((void));
        -:  350:static int in_nonblank P_((void));
        -:  351:static countT in_integer P_((int ch));
        -:  352:static void savchar P_((int ch));
        -:  353:static void bad_prog P_((const char *why));
        -:  354:
        -:  355:
        -:  356:/* Where we are in the processing of the input. */
        -:  357:static struct prog_info prog;
        -:  358:static struct error_info cur_input;
        -:  359:
        -:  360:/* Information about labels and jumps-to-labels.  This is used to do
        -:  361:   the required backpatching after we have compiled all the scripts. */
        -:  362:static struct sed_label *jumps = NULL;
        -:  363:static struct sed_label *labels = NULL;
        -:  364:
        -:  365:/* We wish to detect #n magic only in the first input argument;
        -:  366:   this flag tracks when we have consumed the first file of input. */
        -:  367:static flagT first_script = 1;
        -:  368:
        -:  369:/* Allow for scripts like "sed -e 'i\' -e foo": */
        -:  370:static struct buffer *pending_text = NULL;
        -:  371:static struct text_buf *old_text_buf = NULL;
        -:  372:
        -:  373:/* Various error messages we may want to print */
        -:  374:static const char ONE_ADDR[] = "Command only uses one address";
        -:  375:static const char NO_ADDR[] = "Command doesn't take any addresses";
        -:  376:static const char LINE_JUNK[] = "Extra characters after command";
        -:  377:static const char BAD_EOF[] = "Unexpected End-of-file";
        -:  378:static const char BAD_REGEX_FMT[] = "bad regexp: %s\n";
        -:  379:static const char EXCESS_OPEN_BRACKET[] = "Unmatched `{'";
        -:  380:static const char EXCESS_CLOSE_BRACKET[] = "Unexpected `}'";
        -:  381:static const char NO_REGEX[] = "No previous regular expression";
        -:  382:static const char NO_COMMAND[] = "Missing command";
        -:  383:static const char UNTERM_S_CMD[] = "Unterminated `s' command";
        -:  384:static const char UNTERM_Y_CMD[] = "Unterminated `y' command";
        -:  385:
        -:  386:
        -:  387:/* This structure tracks files opened by the 'r', 'w', and 's///w' commands
        -:  388:   so that they may all be closed cleanly at normal program termination.  */
        -:  389:struct fp_list {
        -:  390:    char *name;
        -:  391:    FILE *fp;
        -:  392:    flagT readit_p;
        -:  393:    struct fp_list *link;
        -:  394:  };
        -:  395:static struct fp_list *file_ptrs = NULL;
        -:  396:
        -:  397:void
function close_all_files called 354 returned 100% blocks executed 100%
      354:  398:close_all_files()
        -:  399:{
        -:  400:  struct fp_list *p, *q;
        -:  401:
      584:  402:  for (p=file_ptrs; p; p=q)
branch  0 taken 230
branch  1 taken 354 (fallthrough)
        -:  403:    {
      230:  404:      if (p->fp)
branch  0 taken 196 (fallthrough)
branch  1 taken 34
      196:  405:	ck_fclose(p->fp);
call    0 returned 196
      230:  406:      FREE(p->name);
call    0 returned 230
      230:  407:      q = p->link;
      230:  408:      FREE(p);
call    0 returned 230
        -:  409:    }
      354:  410:  file_ptrs = NULL;
      354:  411:}
        -:  412:
        -:  413:/* 'str' is a string (from the command line) that contains a sed command.
        -:  414:   Compile the command, and add it to the end of 'cur_program'. */
        -:  415:struct vector *
function compile_string called 26 returned 81% blocks executed 100%
       26:  416:compile_string(cur_program, str)
        -:  417:  struct vector *cur_program;
        -:  418:  char *str;
        -:  419:{
        -:  420:  static countT string_expr_count = 0;
        -:  421:  struct vector *ret;
        -:  422:
       26:  423:  prog.file = NULL;
       26:  424:  prog.base = VCAST(VOID *)str;
       26:  425:  prog.cur = CAST(unsigned char *)str;
       26:  426:  prog.end = prog.cur + strlen(str);
        -:  427:
       26:  428:  cur_input.line = 0;
       26:  429:  cur_input.name = NULL;
       26:  430:  cur_input.string_expr_count = ++string_expr_count;
        -:  431:
       26:  432:  ret = compile_program(cur_program);
call    0 returned 21
       21:  433:  prog.base = NULL;
       21:  434:  prog.cur = NULL;
       21:  435:  prog.end = NULL;
        -:  436:
       21:  437:  first_script = 0;
       21:  438:  return ret;
        -:  439:}
        -:  440:
        -:  441:/* 'cmdfile' is the name of a file containing sed commands.
        -:  442:   Read them in and add them to the end of 'cur_program'.
        -:  443: */
        -:  444:struct vector *
function compile_file called 339 returned 99% blocks executed 93%
      339:  445:compile_file(cur_program, cmdfile)
        -:  446:  struct vector *cur_program;
        -:  447:  const char *cmdfile;
        -:  448:{
        -:  449:  size_t len;
        -:  450:  struct vector *ret;
        -:  451:
      339:  452:  prog.base = NULL;
      339:  453:  prog.cur = NULL;
      339:  454:  prog.end = NULL;
      339:  455:  prog.file = stdin;
     339*:  456:  if (cmdfile[0] != '-' || cmdfile[1] != '\0')
branch  0 taken 0 (fallthrough)
branch  1 taken 339
branch  2 never executed
branch  3 never executed
      339:  457:    prog.file = ck_fopen(cmdfile, "r");
call    0 returned 337
      337:  458:  if (map_file(prog.file, &prog.base, &len))
call    0 returned 337
branch  1 taken 337 (fallthrough)
branch  2 taken 0
        -:  459:    {
      337:  460:      prog.cur = VCAST(const unsigned char *)prog.base;
      337:  461:      prog.end = prog.cur + len;
        -:  462:    }
        -:  463:
      337:  464:  cur_input.line = 1;
      337:  465:  cur_input.name = cmdfile;
      337:  466:  cur_input.string_expr_count = 0;
        -:  467:
      337:  468:  ret = compile_program(cur_program);
call    0 returned 337
      337:  469:  if (prog.base)
branch  0 taken 337 (fallthrough)
branch  1 taken 0
        -:  470:    {
      337:  471:      unmap_file(prog.base, len);
call    0 returned 337
      337:  472:      prog.base = NULL;
      337:  473:      prog.cur = NULL;
      337:  474:      prog.end = NULL;
        -:  475:    }
      337:  476:  if (prog.file != stdin)
branch  0 taken 337 (fallthrough)
branch  1 taken 0
      337:  477:    ck_fclose(prog.file);
call    0 returned 337
      337:  478:  prog.file = NULL;
        -:  479:
      337:  480:  first_script = 0;
      337:  481:  return ret;
        -:  482:}
        -:  483:
        -:  484:/* Make any checks which require the whole program to have been read.
        -:  485:   In particular: this backpatches the jump targets.
        -:  486:   Any cleanup which can be done after these checks is done here also.  */
        -:  487:void
function check_final_program called 355 returned 100% blocks executed 78%
      355:  488:check_final_program(program)
        -:  489:  struct vector *program;
        -:  490:{
        -:  491:  struct sed_label *go;
        -:  492:  struct sed_label *lbl;
        -:  493:  struct sed_label *nxt;
        -:  494:
        -:  495:  /* do all "{"s have a corresponding "}"? */
      355:  496:  if (program->return_v)
branch  0 taken 1 (fallthrough)
branch  1 taken 354
        -:  497:    {
        1:  498:      cur_input = *program->return_v->err_info; /* for error reporting */
        1:  499:      bad_prog(EXCESS_OPEN_BRACKET);
call    0 returned 0
        -:  500:    }
      354:  501:  FREE(program->err_info);	/* no longer need this */
call    0 returned 354
      354:  502:  program->err_info = NULL;
        -:  503:
        -:  504:  /* was the final command an unterminated a/c/i command? */
      354:  505:  if (pending_text)
branch  0 taken 0 (fallthrough)
branch  1 taken 354
        -:  506:    {
    #####:  507:      old_text_buf->text_len = size_buffer(pending_text);
call    0 never executed
    #####:  508:      old_text_buf->text = MEMDUP(get_buffer(pending_text),
call    0 never executed
call    1 never executed
        -:  509:				  old_text_buf->text_len, char);
    #####:  510:      free_buffer(pending_text);
call    0 never executed
    #####:  511:      pending_text = NULL;
        -:  512:    }
        -:  513:
      363:  514:  for (go = jumps; go; go = nxt)
branch  0 taken 9
branch  1 taken 354 (fallthrough)
        -:  515:    {
       11:  516:      for (lbl = labels; lbl; lbl = lbl->next)
branch  0 taken 7
branch  1 taken 4 (fallthrough)
        7:  517:	if (strcmp(lbl->name, go->name) == 0)
branch  0 taken 5 (fallthrough)
branch  1 taken 2
        5:  518:	  break;
        9:  519:      if (*go->name && !lbl)
branch  0 taken 5 (fallthrough)
branch  1 taken 4
branch  2 taken 0 (fallthrough)
branch  3 taken 5
    #####:  520:	panic("Can't find label for jump to '%s'", go->name);
call    0 never executed
        9:  521:      go->v->v[go->v_index].x.jump = lbl;
        9:  522:      nxt = go->next;
        9:  523:      FREE(go->name);
call    0 returned 9
        9:  524:      FREE(go);
call    0 returned 9
        -:  525:    }
      354:  526:  jumps = NULL;
        -:  527:
      358:  528:  for (lbl = labels; lbl; lbl = lbl->next)
branch  0 taken 4
branch  1 taken 354 (fallthrough)
        -:  529:    {
        4:  530:      FREE(lbl->name);
call    0 returned 4
        4:  531:      lbl->name = NULL;
        -:  532:    }
      354:  533:}
        -:  534:
        -:  535:static struct vector *
function new_vector called 690 returned 100% blocks executed 100%
      690:  536:new_vector(errinfo, old_vector)
        -:  537:  struct error_info *errinfo;
        -:  538:  struct vector *old_vector;
        -:  539:{
      690:  540:  struct vector *vector = MALLOC(1, struct vector);
call    0 returned 690
      690:  541:  vector->v = NULL;
      690:  542:  vector->v_allocated = 0;
      690:  543:  vector->v_length = 0;
      690:  544:  vector->err_info = MEMDUP(errinfo, 1, struct error_info);
call    0 returned 690
      690:  545:  vector->return_v = old_vector;
      690:  546:  vector->return_i = old_vector ? old_vector->v_length : 0;
branch  0 taken 330 (fallthrough)
branch  1 taken 360
      690:  547:  return vector;
        -:  548:}
        -:  549:
        -:  550:static void
function read_text called 106 returned 100% blocks executed 81%
      106:  551:read_text(buf, leadin_ch)
        -:  552:  struct text_buf *buf;
        -:  553:  int leadin_ch;
        -:  554:{
        -:  555:  int ch;
        -:  556:
        -:  557:  /* Should we start afresh (as opposed to continue a partial text)? */
      106:  558:  if (buf)
branch  0 taken 106 (fallthrough)
branch  1 taken 0
        -:  559:    {
      106:  560:      if (pending_text)
branch  0 taken 0 (fallthrough)
branch  1 taken 106
    #####:  561:	free_buffer(pending_text);
call    0 never executed
      106:  562:      pending_text = init_buffer();
call    0 returned 106
      106:  563:      buf->text = NULL;
      106:  564:      buf->text_len = 0;
      106:  565:      old_text_buf = buf;
        -:  566:    }
        -:  567:  /* assert(old_text_buf != NULL); */
        -:  568:
      106:  569:  if (leadin_ch == EOF)
branch  0 taken 0 (fallthrough)
branch  1 taken 106
    #####:  570:    return;
     2629:  571:  while ((ch = inchar()) != EOF && ch != '\n')
call    0 returned 2629
branch  1 taken 2629 (fallthrough)
branch  2 taken 0
branch  3 taken 2523
branch  4 taken 106 (fallthrough)
        -:  572:    {
     2523:  573:      if (ch == '\\')
branch  0 taken 14 (fallthrough)
branch  1 taken 2509
        -:  574:	{
       14:  575:	  if ((ch = inchar()) == EOF)
call    0 returned 14
branch  1 taken 0 (fallthrough)
branch  2 taken 14
        -:  576:	    {
    #####:  577:	      add1_buffer(pending_text, '\n');
call    0 never executed
    #####:  578:	      return;
        -:  579:	    }
        -:  580:	}
     2523:  581:      add1_buffer(pending_text, ch);
call    0 returned 2523
        -:  582:    }
      106:  583:  add1_buffer(pending_text, '\n');
call    0 returned 106
        -:  584:
      106:  585:  if (!buf)
branch  0 taken 0 (fallthrough)
branch  1 taken 106
    #####:  586:    buf = old_text_buf;
      106:  587:  buf->text_len = size_buffer(pending_text);
call    0 returned 106
      106:  588:  buf->text = MEMDUP(get_buffer(pending_text), buf->text_len, char);
call    0 returned 106
call    1 returned 106
      106:  589:  free_buffer(pending_text);
call    0 returned 106
      106:  590:  pending_text = NULL;
        -:  591:}
        -:  592:
        -:  593:
        -:  594:/* Read a program (or a subprogram within '{' '}' pairs) in and store
        -:  595:   the compiled form in *'vector'.  Return a pointer to the new vector.  */
        -:  596:static struct vector *
function compile_program called 363 returned 99% blocks executed 79%
      363:  597:compile_program(vector)
        -:  598:  struct vector *vector;
        -:  599:{
        -:  600:  struct sed_cmd *cur_cmd;
        -:  601:  struct buffer *b;
        -:  602:  struct buffer *b2;
        -:  603:  unsigned char *ustring;
        -:  604:  size_t len;
        -:  605:  int slash;
        -:  606:  int ch;
        -:  607:
      363:  608:  if (!vector)
branch  0 taken 360 (fallthrough)
branch  1 taken 3
      360:  609:    vector = new_vector(&cur_input, NULL);
call    0 returned 360
      363:  610:  if (pending_text)
branch  0 taken 0 (fallthrough)
branch  1 taken 363
    #####:  611:    read_text(NULL, '\n');
call    0 never executed
        -:  612:
        -:  613:  for (;;)
        -:  614:    {
    10593:  615:      while ((ch=inchar()) == ';' || ISSPACE(ch))
call    0 returned 10593
branch  1 taken 0
branch  2 taken 10593 (fallthrough)
branch  3 taken 7704
branch  4 taken 2889 (fallthrough)
        -:  616:	;
     2889:  617:      if (ch == EOF)
branch  0 taken 358 (fallthrough)
branch  1 taken 2531
      358:  618:	break;
        -:  619:
     2531:  620:      cur_cmd = next_cmd_entry(&vector);
call    0 returned 2531
     2531:  621:      if (compile_address(&cur_cmd->a1, ch))
call    0 returned 2531
branch  1 taken 439 (fallthrough)
branch  2 taken 2092
        -:  622:	{
      439:  623:	  ch = in_nonblank();
call    0 returned 439
      439:  624:	  if (ch == ',')
branch  0 taken 45 (fallthrough)
branch  1 taken 394
        -:  625:	    {
       45:  626:	      if (!compile_address(&cur_cmd->a2, in_nonblank()))
call    0 returned 45
call    1 returned 45
branch  2 taken 0 (fallthrough)
branch  3 taken 45
    #####:  627:		bad_prog("Unexpected ','");
call    0 never executed
       45:  628:	      ch = in_nonblank();
call    0 returned 45
        -:  629:	    }
        -:  630:	}
     2531:  631:      if (cur_cmd->a2.addr_type == addr_is_num
branch  0 taken 21 (fallthrough)
branch  1 taken 2510
       21:  632:	  && cur_cmd->a1.addr_type == addr_is_num
branch  0 taken 18 (fallthrough)
branch  1 taken 3
       18:  633:	  && cur_cmd->a2.a.addr_number < cur_cmd->a1.a.addr_number)
branch  0 taken 0 (fallthrough)
branch  1 taken 18
    #####:  634:	cur_cmd->a2.a.addr_number = cur_cmd->a1.a.addr_number;
     2531:  635:      if (ch == '!')
branch  0 taken 20 (fallthrough)
branch  1 taken 2511
        -:  636:	{
       20:  637:	  cur_cmd->addr_bang = 1;
       20:  638:	  ch = in_nonblank();
call    0 returned 20
       20:  639:	  if (ch == '!')
branch  0 taken 0 (fallthrough)
branch  1 taken 20
    #####:  640:	    bad_prog("Multiple '!'s");
call    0 never executed
        -:  641:	}
        -:  642:
     2531:  643:      cur_cmd->cmd = ch;
     2531:  644:      switch (ch)
branch  0 taken 507
branch  1 taken 330
branch  2 taken 329
branch  3 taken 70
branch  4 taken 36
branch  5 taken 4
branch  6 taken 9
branch  7 taken 37
branch  8 taken 847
branch  9 taken 34
branch 10 taken 45
branch 11 taken 239
branch 12 taken 39
branch 13 taken 0
branch 14 taken 5
        -:  645:	{
      507:  646:	case '#':
      507:  647:	  if (cur_cmd->a1.addr_type != addr_is_null)
branch  0 taken 0 (fallthrough)
branch  1 taken 507
    #####:  648:	    bad_prog(NO_ADDR);
call    0 never executed
      507:  649:	  ch = inchar();
call    0 returned 507
      507:  650:	  if (ch=='n' && first_script && cur_input.line < 2)
branch  0 taken 211 (fallthrough)
branch  1 taken 296
branch  2 taken 211 (fallthrough)
branch  3 taken 0
branch  4 taken 211 (fallthrough)
branch  5 taken 0
      211:  651:	    if (   (prog.base && prog.cur==2+CAST(unsigned char *)prog.base)
branch  0 taken 211 (fallthrough)
branch  1 taken 0
branch  2 taken 0 (fallthrough)
branch  3 taken 211
    #####:  652:	        || (prog.file && !prog.base && 2==ftell(prog.file)))
branch  0 never executed
branch  1 never executed
branch  2 never executed
branch  3 never executed
call    4 never executed
branch  5 never executed
branch  6 never executed
      211:  653:	      no_default_output = 1;
     6278:  654:	  while (ch != EOF && ch != '\n')
branch  0 taken 6278 (fallthrough)
branch  1 taken 0
branch  2 taken 5771
branch  3 taken 507 (fallthrough)
     5771:  655:	    ch = inchar();
call    0 returned 5771
      507:  656:	  continue;	/* restart the for (;;) loop */
        -:  657:
      330:  658:	case '{':
      330:  659:	  ++vector->v_length;	/* be sure to count this insn */
      330:  660:	  vector = cur_cmd->x.sub = new_vector(&cur_input, vector);
call    0 returned 330
      330:  661:	  continue;	/* restart the for (;;) loop */
        -:  662:
      329:  663:	case '}':
        -:  664:	  /* a return insn for subprograms -t */
      329:  665:	  if (!vector->return_v)
branch  0 taken 0 (fallthrough)
branch  1 taken 329
    #####:  666:	    bad_prog(EXCESS_CLOSE_BRACKET);
call    0 never executed
      329:  667:	  if (cur_cmd->a1.addr_type != addr_is_null)
branch  0 taken 0 (fallthrough)
branch  1 taken 329
    #####:  668:	    bad_prog(/*{*/ "} doesn't want any addresses");
call    0 never executed
      329:  669:	  ch = in_nonblank();
call    0 returned 329
     329*:  670:	  if (ch != EOF && ch != '\n' && ch != ';')
branch  0 taken 329 (fallthrough)
branch  1 taken 0
branch  2 taken 0 (fallthrough)
branch  3 taken 329
branch  4 never executed
branch  5 never executed
    #####:  671:	    bad_prog(LINE_JUNK);
call    0 never executed
      329:  672:	  ++vector->v_length;		/* we haven't counted this insn yet */
      329:  673:	  FREE(vector->err_info);	/* no longer need this */
call    0 returned 329
      329:  674:	  vector->err_info = NULL;
      329:  675:	  vector = vector->return_v;
      329:  676:	  continue;	/* restart the for (;;) loop */
        -:  677:
       70:  678:	case 'a':
        -:  679:	case 'i':
       70:  680:	  if (cur_cmd->a2.addr_type != addr_is_null)
branch  0 taken 0 (fallthrough)
branch  1 taken 70
    #####:  681:	    bad_prog(ONE_ADDR);
call    0 never executed
        -:  682:	  /* Fall Through */
        -:  683:	case 'c':
      106:  684:	  ch = in_nonblank();
call    0 returned 106
      106:  685:	  if (ch != '\\')
branch  0 taken 0 (fallthrough)
branch  1 taken 106
    #####:  686:	    bad_prog(LINE_JUNK);
call    0 never executed
      106:  687:	  ch = inchar();
call    0 returned 106
     106*:  688:	  if (ch != '\n' && ch != EOF)
branch  0 taken 0 (fallthrough)
branch  1 taken 106
branch  2 never executed
branch  3 never executed
    #####:  689:	    bad_prog(LINE_JUNK);
call    0 never executed
      106:  690:	  read_text(&cur_cmd->x.cmd_txt, ch);
call    0 returned 106
      106:  691:	  break;
        -:  692:
        4:  693:	case ':':
        4:  694:	  if (cur_cmd->a1.addr_type != addr_is_null)
branch  0 taken 0 (fallthrough)
branch  1 taken 4
    #####:  695:	    bad_prog(": doesn't want any addresses");
call    0 never executed
        4:  696:	  labels = setup_jump(labels, cur_cmd, vector);
call    0 returned 4
        4:  697:	  break;
        9:  698:	case 'b':
        -:  699:	case 't':
        9:  700:	  jumps = setup_jump(jumps, cur_cmd, vector);
call    0 returned 9
        9:  701:	  break;
        -:  702:
       37:  703:	case 'q':
        -:  704:	case '=':
       37:  705:	  if (cur_cmd->a2.addr_type != addr_is_null)
branch  0 taken 0 (fallthrough)
branch  1 taken 37
    #####:  706:	    bad_prog(ONE_ADDR);
call    0 never executed
        -:  707:	  /* Fall Through */
        -:  708:	case 'd':
        -:  709:	case 'D':
        -:  710:	case 'g':
        -:  711:	case 'G':
        -:  712:	case 'h':
        -:  713:	case 'H':
        -:  714:	case 'l':
        -:  715:	case 'n':
        -:  716:	case 'N':
        -:  717:	case 'p':
        -:  718:	case 'P':
        -:  719:	case 'x':
      884:  720:	  ch = in_nonblank();
call    0 returned 884
      884:  721:	  if (ch != EOF && ch != '\n' && ch != ';')
branch  0 taken 879 (fallthrough)
branch  1 taken 5
branch  2 taken 77 (fallthrough)
branch  3 taken 802
branch  4 taken 0 (fallthrough)
branch  5 taken 77
    #####:  722:	    bad_prog(LINE_JUNK);
call    0 never executed
      884:  723:	  break;
        -:  724:
       34:  725:	case 'r':
       34:  726:	  if (cur_cmd->a2.addr_type != addr_is_null)
branch  0 taken 0 (fallthrough)
branch  1 taken 34
    #####:  727:	    bad_prog(ONE_ADDR);
call    0 never executed
       34:  728:	  compile_filename(1, &cur_cmd->x.rfile, NULL);
call    0 returned 34
       34:  729:	  break;
       45:  730:	case 'w':
       45:  731:	  compile_filename(0, NULL, &cur_cmd->x.wfile);
call    0 returned 45
       45:  732:	  break;
        -:  733:
      239:  734:	case 's':
      239:  735:	  slash = inchar();
call    0 returned 239
      239:  736:	  if ( !(b  = match_slash(slash, 1, 1)) )
call    0 returned 239
branch  1 taken 0 (fallthrough)
branch  2 taken 239
    #####:  737:	    bad_prog(UNTERM_S_CMD);
call    0 never executed
      239:  738:	  if ( !(b2 = match_slash(slash, 0, 1)) )
call    0 returned 239
branch  1 taken 0 (fallthrough)
branch  2 taken 239
    #####:  739:	    bad_prog(UNTERM_S_CMD);
call    0 never executed
        -:  740:
      239:  741:	  cur_cmd->x.cmd_regex.replace_length = size_buffer(b2);
call    0 returned 239
      239:  742:	  cur_cmd->x.cmd_regex.replacement = MEMDUP(get_buffer(b2),
call    0 returned 239
call    1 returned 239
        -:  743:				    cur_cmd->x.cmd_regex.replace_length, char);
      239:  744:	  free_buffer(b2);
call    0 returned 239
        -:  745:
        -:  746:	  {
      239:  747:	    flagT caseless = mark_subst_opts(&cur_cmd->x.cmd_regex);
call    0 returned 239
      239:  748:	    cur_cmd->x.cmd_regex.regx = compile_regex(b, caseless, 0);
call    0 returned 239
        -:  749:	  }
      239:  750:	  free_buffer(b);
call    0 returned 239
      239:  751:	  break;
        -:  752:
       39:  753:	case 'y':
       39:  754:	  ustring = MALLOC(YMAP_LENGTH, unsigned char);
call    0 returned 39
    10023:  755:	  for (len = 0; len < YMAP_LENGTH; len++)
branch  0 taken 9984
branch  1 taken 39 (fallthrough)
     9984:  756:	    ustring[len] = len;
       39:  757:	  cur_cmd->x.translate = ustring;
        -:  758:
       39:  759:	  slash = inchar();
call    0 returned 39
       39:  760:	  if ( !(b = match_slash(slash, 0, 0)) )
call    0 returned 39
branch  1 taken 0 (fallthrough)
branch  2 taken 39
    #####:  761:	    bad_prog(UNTERM_Y_CMD);
call    0 never executed
       39:  762:	  ustring = CAST(unsigned char *)get_buffer(b);
call    0 returned 39
      328:  763:	  for (len = size_buffer(b); len; --len)
call    0 returned 39
branch  1 taken 289
branch  2 taken 39 (fallthrough)
        -:  764:	    {
      289:  765:	      ch = inchar();
call    0 returned 289
      289:  766:	      if (ch == slash)
branch  0 taken 0 (fallthrough)
branch  1 taken 289
    #####:  767:		bad_prog("strings for y command are different lengths");
call    0 never executed
      289:  768:	      if (ch == '\n')
branch  0 taken 0 (fallthrough)
branch  1 taken 289
    #####:  769:		bad_prog(UNTERM_Y_CMD);
call    0 never executed
      289:  770:	      if (ch == '\\')
branch  0 taken 0 (fallthrough)
branch  1 taken 289
    #####:  771:		ch = inchar();
call    0 never executed
      289:  772:	      if (ch == EOF)
branch  0 taken 0 (fallthrough)
branch  1 taken 289
    #####:  773:		bad_prog(BAD_EOF);
call    0 never executed
      289:  774:	      cur_cmd->x.translate[*ustring++] = ch;
        -:  775:	    }
       39:  776:	  free_buffer(b);
call    0 returned 39
        -:  777:
       78:  778:	  if (inchar() != slash ||
call    0 returned 39
branch  1 taken 39 (fallthrough)
branch  2 taken 0
branch  3 taken 39 (fallthrough)
branch  4 taken 0
       78:  779:	      ((ch = in_nonblank()) != EOF && ch != '\n' && ch != ';'))
call    0 returned 39
branch  1 taken 2 (fallthrough)
branch  2 taken 37
branch  3 taken 0 (fallthrough)
branch  4 taken 2
    #####:  780:	    bad_prog(LINE_JUNK);
call    0 never executed
       39:  781:	  break;
        -:  782:
    #####:  783:	case EOF:
    #####:  784:	  bad_prog(NO_COMMAND);
call    0 never executed
        -:  785:	  /*NOTREACHED*/
        5:  786:	default:
        -:  787:	  {
        -:  788:	    static char unknown_cmd[] = "Unknown command: ``_''";
        5:  789:	    unknown_cmd[sizeof(unknown_cmd)-4] = ch;
        5:  790:	    bad_prog(unknown_cmd);
call    0 returned 0
        -:  791:	  }
        -:  792:	  /*NOTREACHED*/
        -:  793:	}
        -:  794:
        -:  795:      /* this is buried down here so that "continue" statements will miss it */
     1360:  796:      ++vector->v_length;
        -:  797:    }
      358:  798:  return vector;
        -:  799:}
        -:  800:
        -:  801:static struct sed_cmd *
function next_cmd_entry called 2531 returned 100% blocks executed 100%
     2531:  802:next_cmd_entry(vectorp)
        -:  803:  struct vector **vectorp;
        -:  804:{
        -:  805:  struct sed_cmd *cmd;
        -:  806:  struct vector *v;
        -:  807:
     2531:  808:  v = *vectorp;
     2531:  809:  if (v->v_length == v->v_allocated)
branch  0 taken 689 (fallthrough)
branch  1 taken 1842
        -:  810:    {
      689:  811:      v->v_allocated += VECTOR_ALLOC_INCREMENT;
      689:  812:      v->v = REALLOC(v->v, v->v_allocated, struct sed_cmd);
call    0 returned 689
        -:  813:    }
        -:  814:
     2531:  815:  cmd = v->v + v->v_length;
     2531:  816:  cmd->a1.addr_type = addr_is_null;
     2531:  817:  cmd->a2.addr_type = addr_is_null;
     2531:  818:  cmd->a1_matched = 0;
     2531:  819:  cmd->addr_bang = 0;
        -:  820:
     2531:  821:  *vectorp  = v;
     2531:  822:  return cmd;
        -:  823:}
        -:  824:
        -:  825:
        -:  826:/* let's not confuse text editors that have only dumb bracket-matching... */
        -:  827:#define OPEN_BRACKET	'['
        -:  828:#define CLOSE_BRACKET	']'
        -:  829:
        -:  830:static int
function add_then_next called 36 returned 100% blocks executed 100%
       36:  831:add_then_next(b, ch)
        -:  832:  struct buffer *b;
        -:  833:  int ch;
        -:  834:{
       36:  835:  add1_buffer(b, ch);
call    0 returned 36
       36:  836:  return inchar();
call    0 returned 36
        -:  837:}
        -:  838:
        -:  839:/* 
        -:  840:   Because the differences between v3 and v4
        -:  841:   are so scarce, faults are injected outside
        -:  842:   change boundaries on this function
        -:  843:
        -:  844:   SIR, August 2006, Kyle R. Murphy
        -:  845:*/
        -:  846:
        -:  847:static int
function snarf_char_class called 7 returned 100% blocks executed 39%
        7:  848:snarf_char_class(b)
        -:  849:  struct buffer *b;
        -:  850:{
        -:  851:  int ch;
        -:  852:
        7:  853:  ch = inchar();
call    0 returned 7
        7:  854:  if (ch == '^')
branch  0 taken 1 (fallthrough)
branch  1 taken 6
        -:  855:  #ifndef FAULTY_F_KRM_2
        1:  856:    ch = add_then_next(b, ch);
call    0 returned 1
        -:  857:  #else
        -:  858:    ch = add_then_next(b, ch+1);
        -:  859:  #endif
        7:  860:  if (ch == CLOSE_BRACKET)
branch  0 taken 0 (fallthrough)
branch  1 taken 7
    #####:  861:    ch = add_then_next(b, ch);
call    0 never executed
       42:  862:  while (ch != EOF && ch != '\n' && ch != CLOSE_BRACKET)
branch  0 taken 42 (fallthrough)
branch  1 taken 0
branch  2 taken 42 (fallthrough)
branch  3 taken 0
branch  4 taken 35
branch  5 taken 7 (fallthrough)
        -:  863:    {
       35:  864:      if (ch == OPEN_BRACKET)
branch  0 taken 0 (fallthrough)
branch  1 taken 35
        -:  865:	{
        -:  866:	  int prev;
    #####:  867:	  int delim = ch = add_then_next(b, ch);
call    0 never executed
        -:  868:
    #####:  869:	  if (delim != '.'  &&  delim != ':'  &&  delim != '=')
branch  0 never executed
branch  1 never executed
branch  2 never executed
branch  3 never executed
branch  4 never executed
branch  5 never executed
    #####:  870:	    continue; /* bypass the add_then_next() call at bottom of loop */
        -:  871:	  #ifndef FAULTY_F_KRM_4
    #####:  872:	  for (prev=ch=add_then_next(b, ch);
call    0 never executed
        -:  873:	  #else
        -:  874:	  for (prev=ch;
        -:  875:	  #endif
    #####:  876:		  !(ch==CLOSE_BRACKET && prev==delim); ch=add_then_next(b, ch))
branch  0 never executed
branch  1 never executed
branch  2 never executed
branch  3 never executed
        -:  877:	    {
    #####:  878:	      if (ch == EOF || ch == '\n')
branch  0 never executed
branch  1 never executed
branch  2 never executed
branch  3 never executed
    #####:  879:		return EOF;
        -:  880:	      #ifndef FAULTY_F_KRM_1
    #####:  881:	      prev = ch;
call    0 never executed
        -:  882:	      #else
        -:  883:	      prev = ch - 1;
        -:  884:	      #endif
        -:  885:	    }
        -:  886:	}
       35:  887:      else if (ch == '\\')
branch  0 taken 0 (fallthrough)
branch  1 taken 35
        -:  888:	{
    #####:  889:	  ch = inchar();
call    0 never executed
    #####:  890:	  if (ch == EOF)
branch  0 never executed
branch  1 never executed
    #####:  891:	    break;
    #####:  892:	  if (ch != 'n' && ch != '\n')
branch  0 never executed
branch  1 never executed
branch  2 never executed
branch  3 never executed
        -:  893:	    {
    #####:  894:	      add1_buffer(b, '\\');
call    0 never executed
        -:  895:	      #ifndef FAULTY_F_KRM_3
    #####:  896:	      continue; /* bypass the add_then_next() call at bottom of loop */
        -:  897:	      #else
        -:  898:	      /* don't continue */
        -:  899:	      #endif
        -:  900:	    }
    #####:  901:	  ch = '\n';
        -:  902:	}
       35:  903:      ch = add_then_next(b, ch);
call    0 returned 35
        -:  904:    }
        -:  905:
        -:  906:  /* ensure that a newline here is an error, not a "slash" match: */
       7*:  907:  return ch == '\n' ? EOF : ch;
branch  0 taken 7 (fallthrough)
branch  1 taken 0
        -:  908:}
        -:  909:
        -:  910:static struct buffer *
function match_slash called 900 returned 100% blocks executed 62%
      900:  911:match_slash(slash, regex, keep_backwhack)
        -:  912:  int slash;
        -:  913:  flagT regex;
        -:  914:  flagT keep_backwhack;
        -:  915:{
        -:  916:  struct buffer *b;
        -:  917:  int ch;
        -:  918:
      900:  919:  b = init_buffer();
call    0 returned 900
     5353:  920:  while ((ch = inchar()) != EOF && ch != '\n' && ch != slash)
call    0 returned 5353
branch  1 taken 5353 (fallthrough)
branch  2 taken 0
branch  3 taken 5353 (fallthrough)
branch  4 taken 0
branch  5 taken 4453
branch  6 taken 900 (fallthrough)
        -:  921:    {
     4453:  922:      if (ch == '\\')
branch  0 taken 391 (fallthrough)
branch  1 taken 4062
        -:  923:	{
      391:  924:	  ch = inchar();
call    0 returned 391
      391:  925:	  if (ch == EOF)
branch  0 taken 0 (fallthrough)
branch  1 taken 391
    #####:  926:	    break;
      391:  927:	  else if (ch == 'n' && regex)
branch  0 taken 12 (fallthrough)
branch  1 taken 379
branch  2 taken 12 (fallthrough)
branch  3 taken 0
       12:  928:	    ch = '\n';
      379:  929:	  else if (ch != '\n' && (ch != slash || keep_backwhack))
branch  0 taken 379 (fallthrough)
branch  1 taken 0
branch  2 taken 4 (fallthrough)
branch  3 taken 375
branch  4 taken 4 (fallthrough)
branch  5 taken 0
      379:  930:	    add1_buffer(b, '\\');
call    0 returned 379
        -:  931:	}
     4062:  932:      else if (ch == OPEN_BRACKET && regex)
branch  0 taken 27 (fallthrough)
branch  1 taken 4035
branch  2 taken 7 (fallthrough)
branch  3 taken 20
        -:  933:	{
        7:  934:	  add1_buffer(b, ch);
call    0 returned 7
        7:  935:	  ch = snarf_char_class(b);
call    0 returned 7
        7:  936:	  if (ch != CLOSE_BRACKET)
branch  0 taken 0 (fallthrough)
branch  1 taken 7
    #####:  937:	    break;
        -:  938:	}
     4453:  939:      add1_buffer(b, ch);
call    0 returned 4453
        -:  940:    }
      900:  941:  if (ch == slash)
branch  0 taken 900 (fallthrough)
branch  1 taken 0
      900:  942:    return b;
        -:  943:
    #####:  944:  if (ch == '\n')
branch  0 never executed
branch  1 never executed
    #####:  945:    savchar(ch);	/* for proper line number in error report */
call    0 never executed
    #####:  946:  if (regex && rx_testing)
branch  0 never executed
branch  1 never executed
branch  2 never executed
branch  3 never executed
        -:  947:    {
        -:  948:      /* This is slightly bogus.  Sed is noticing an ill-formed regexp,
        -:  949:       * but rx is getting the credit.  Fortunately, this only affects
        -:  950:       * a few spencer tests.
        -:  951:       */
    #####:  952:      size_t sz = size_buffer(b);
call    0 never executed
        -:  953:      char *re_txt;
    #####:  954:      add1_buffer(b, '\0');
call    0 never executed
    #####:  955:      re_txt = get_buffer(b);
call    0 never executed
    #####:  956:      if (sz > 0 && re_txt[sz] == '\n')
branch  0 never executed
branch  1 never executed
branch  2 never executed
branch  3 never executed
    #####:  957:	re_txt[sz] = '\0';
    #####:  958:      printf(BAD_REGEX_FMT, re_txt);
call    0 never executed
    #####:  959:      exit(1);
call    0 never executed
        -:  960:    }
    #####:  961:  free_buffer(b);
call    0 never executed
    #####:  962:  return NULL;
        -:  963:}
        -:  964:
        -:  965:static regex_t *
function compile_regex called 622 returned 100% blocks executed 69%
      622:  966:compile_regex(b, ignore_case, nosub)
        -:  967:  struct buffer *b;
        -:  968:  flagT ignore_case;
        -:  969:  flagT nosub;
        -:  970:{
        -:  971:  /* ``An empty regular expression is equivalent to the last regular
        -:  972:     expression read'' so we have to keep track of the last regexp read.
        -:  973:     We keep track the _source_ form of the regular expression because
        -:  974:     it is possible for different modifiers to be specified. */
        -:  975:  static char *last_re = NULL;
      622:  976:  regex_t *new_regex = MALLOC(1, regex_t);
call    0 returned 622
        -:  977:  size_t sz;
        -:  978:  int cflags;
        -:  979:  int error;
        -:  980:
      622:  981:  sz = size_buffer(b);
call    0 returned 622
      622:  982:  if (sz > 0)
branch  0 taken 604 (fallthrough)
branch  1 taken 18
        -:  983:    {
      604:  984:      add1_buffer(b, '\0');
call    0 returned 604
      604:  985:      FREE(last_re);
call    0 returned 604
      604:  986:      last_re = ck_strdup(get_buffer(b));
call    0 returned 604
call    1 returned 604
        -:  987:    }
       18:  988:  else if (!last_re)
branch  0 taken 0 (fallthrough)
branch  1 taken 18
    #####:  989:    bad_prog(NO_REGEX);
call    0 never executed
        -:  990:
      622:  991:  cflags = 0;
      622:  992:  if (ignore_case)
branch  0 taken 0 (fallthrough)
branch  1 taken 622
    #####:  993:    cflags |= REG_ICASE;
      622:  994:  if (nosub)
branch  0 taken 383 (fallthrough)
branch  1 taken 239
      383:  995:    cflags |= REG_NOSUB;
      622:  996:  if (use_extended_syntax_p)
branch  0 taken 1 (fallthrough)
branch  1 taken 621
        1:  997:    cflags |= REG_EXTENDED;
      622:  998:  if ( (error = regcomp(new_regex, last_re, cflags)) )
call    0 returned 622
branch  1 taken 0 (fallthrough)
branch  2 taken 622
        -:  999:    {
        -: 1000:      char msg[1000];
    #####: 1001:      if (rx_testing)
branch  0 never executed
branch  1 never executed
        -: 1002:	{
    #####: 1003:	  printf(BAD_REGEX_FMT, last_re);
call    0 never executed
    #####: 1004:	  exit(1);
call    0 never executed
        -: 1005:	}
    #####: 1006:      regerror(error, NULL, msg, sizeof msg);
call    0 never executed
    #####: 1007:      bad_prog(msg);
call    0 never executed
        -: 1008:  }
        -: 1009:
      622: 1010:  return new_regex;
        -: 1011:}
        -: 1012:
        -: 1013:/* Try to read an address for a sed command.  If it succeeds,
        -: 1014:   return non-zero and store the resulting address in *'addr'.
        -: 1015:   If the input doesn't look like an address read nothing
        -: 1016:   and return zero.  */
        -: 1017:static flagT
function compile_address called 2576 returned 100% blocks executed 75%
     2576: 1018:compile_address(addr, ch)
        -: 1019:  struct addr *addr;
        -: 1020:  int ch;
        -: 1021:{
     2576: 1022:  if (ISDIGIT(ch))
branch  0 taken 88 (fallthrough)
branch  1 taken 2488
        -: 1023:    {
       88: 1024:      countT num = in_integer(ch);
call    0 returned 88
       88: 1025:      ch = in_nonblank();
call    0 returned 88
        -: 1026:#if 1
       88: 1027:      if (ch != '~')
branch  0 taken 88 (fallthrough)
branch  1 taken 0
        -: 1028:	{
       88: 1029:	  savchar(ch);
call    0 returned 88
        -: 1030:	}
        -: 1031:      else
        -: 1032:	{
    #####: 1033:	  countT num2 = in_integer(in_nonblank());
call    0 never executed
call    1 never executed
    #####: 1034:	  if (num2 > 0)
branch  0 never executed
branch  1 never executed
        -: 1035:	    {
    #####: 1036:	      addr->addr_type = addr_is_mod;
    #####: 1037:	      addr->a.m.offset = num;
    #####: 1038:	      addr->a.m.modulo = num2;
    #####: 1039:	      return 1;
        -: 1040:	    }
        -: 1041:	}
       88: 1042:      addr->addr_type = addr_is_num;
       88: 1043:      addr->a.addr_number = num;
        -: 1044:#else
        -: 1045:      if (ch == '~')
        -: 1046:	{
        -: 1047:	  countT num2 = in_integer(in_nonblank());
        -: 1048:	  if (num2 == 0)
        -: 1049:	    bad_prog("Zero step size for ~ addressing is not valid");
        -: 1050:	  addr->addr_type = addr_is_mod;
        -: 1051:	  addr->a.m.offset = num;
        -: 1052:	  addr->a.m.modulo = num2;
        -: 1053:	}
        -: 1054:      else
        -: 1055:	{
        -: 1056:	  savchar(ch);
        -: 1057:	  addr->addr_type = addr_is_num;
        -: 1058:	  addr->a.addr_number = num;
        -: 1059:	}
        -: 1060:#endif
       88: 1061:      return 1;
        -: 1062:    }
     2488: 1063:  else if (ch == '/' || ch == '\\')
branch  0 taken 2105 (fallthrough)
branch  1 taken 383
branch  2 taken 0 (fallthrough)
branch  3 taken 2105
        -: 1064:    {
      383: 1065:      flagT caseless = 0;
        -: 1066:      struct buffer *b;
      383: 1067:      addr->addr_type = addr_is_regex;
      383: 1068:      if (ch == '\\')
branch  0 taken 0 (fallthrough)
branch  1 taken 383
    #####: 1069:	ch = inchar();
call    0 never executed
      383: 1070:      if ( !(b = match_slash(ch, 1, 1)) )
call    0 returned 383
branch  1 taken 0 (fallthrough)
branch  2 taken 383
    #####: 1071:	bad_prog("Unterminated address regex");
call    0 never executed
      383: 1072:      ch = in_nonblank();
call    0 returned 383
      383: 1073:      if (ch == 'I')	/* lower case i would break existing programs */
branch  0 taken 0 (fallthrough)
branch  1 taken 383
    #####: 1074:	caseless = 1;
        -: 1075:      else
      383: 1076:	savchar(ch);
call    0 returned 383
      383: 1077:      addr->a.addr_regex = compile_regex(b, caseless, 1);
call    0 returned 383
      383: 1078:      free_buffer(b);
call    0 returned 383
      383: 1079:      return 1;
        -: 1080:    }
     2105: 1081:  else if (ch == '$')
branch  0 taken 13 (fallthrough)
branch  1 taken 2092
        -: 1082:    {
       13: 1083:      addr->addr_type = addr_is_last;
       13: 1084:      return 1;
        -: 1085:    }
     2092: 1086:  return 0;
        -: 1087:}
        -: 1088:
        -: 1089:/* read in a filename for a 'r', 'w', or 's///w' command, and
        -: 1090:   update the internal structure about files.  The file is
        -: 1091:   opened if it isn't already open in the given mode.  */
        -: 1092:static void
function compile_filename called 230 returned 100% blocks executed 96%
      230: 1093:compile_filename(readit, name, fp)
        -: 1094:  flagT readit;
        -: 1095:  const char **name;
        -: 1096:  FILE **fp;
        -: 1097:{
        -: 1098:  struct buffer *b;
        -: 1099:  int ch;
        -: 1100:  char *file_name;
        -: 1101:  struct fp_list *p;
        -: 1102:
      230: 1103:  b = init_buffer();
call    0 returned 230
      230: 1104:  ch = in_nonblank();
call    0 returned 230
     3097: 1105:  while (ch != EOF && ch != '\n')
branch  0 taken 3091 (fallthrough)
branch  1 taken 6
branch  2 taken 2867
branch  3 taken 224 (fallthrough)
        -: 1106:    {
     2867: 1107:      add1_buffer(b, ch);
call    0 returned 2867
     2867: 1108:      ch = inchar();
call    0 returned 2867
        -: 1109:    }
      230: 1110:  add1_buffer(b, '\0');
call    0 returned 230
      230: 1111:  file_name = get_buffer(b);
call    0 returned 230
        -: 1112:
      292: 1113:  for (p=file_ptrs; p; p=p->link)
branch  0 taken 62
branch  1 taken 230 (fallthrough)
       62: 1114:    if (p->readit_p == readit && strcmp(p->name, file_name) == 0)
branch  0 taken 45 (fallthrough)
branch  1 taken 17
branch  2 taken 0 (fallthrough)
branch  3 taken 45
    #####: 1115:      break;
        -: 1116:
      230: 1117:  if (!p)
branch  0 taken 230 (fallthrough)
branch  1 taken 0
        -: 1118:    {
      230: 1119:      p = MALLOC(1, struct fp_list);
call    0 returned 230
      230: 1120:      p->name = ck_strdup(file_name);
call    0 returned 230
      230: 1121:      p->readit_p = readit;
      230: 1122:      p->fp = NULL;
      230: 1123:      if (!readit)
branch  0 taken 196 (fallthrough)
branch  1 taken 34
      196: 1124:	p->fp = ck_fopen(p->name, "w");
call    0 returned 196
      230: 1125:      p->link = file_ptrs;
      230: 1126:      file_ptrs = p;
        -: 1127:    }
        -: 1128:
      230: 1129:  free_buffer(b);
call    0 returned 230
      230: 1130:  if (name)
branch  0 taken 34 (fallthrough)
branch  1 taken 196
       34: 1131:    *name = p->name;
      230: 1132:  if (fp)
branch  0 taken 196 (fallthrough)
branch  1 taken 34
      196: 1133:    *fp = p->fp;
      230: 1134:}
        -: 1135:
        -: 1136:/* Store a label (or label reference) created by a ':', 'b', or 't'
        -: 1137:   command so that the jump to/from the label can be backpatched after
        -: 1138:   compilation is complete.  */
        -: 1139:static struct sed_label *
function setup_jump called 13 returned 100% blocks executed 100%
       13: 1140:setup_jump(list, cmd, vec)
        -: 1141:  struct sed_label *list;
        -: 1142:  struct sed_cmd *cmd;
        -: 1143:  struct vector *vec;
        -: 1144:{
        -: 1145:  struct sed_label *ret;
        -: 1146:  struct buffer *b;
        -: 1147:  int ch;
        -: 1148:
       13: 1149:  b = init_buffer();
call    0 returned 13
       13: 1150:  ch = in_nonblank();
call    0 returned 13
        -: 1151:
       53: 1152:  while (ch != EOF && ch != '\n'
branch  0 taken 27 (fallthrough)
branch  1 taken 13
       67: 1153:	 && !ISBLANK(ch) && ch != ';' && ch != /*{*/ '}')
branch  0 taken 40 (fallthrough)
branch  1 taken 0
branch  2 taken 27 (fallthrough)
branch  3 taken 0
branch  4 taken 27 (fallthrough)
branch  5 taken 0
branch  6 taken 27 (fallthrough)
branch  7 taken 0
branch  8 taken 27
branch  9 taken 0 (fallthrough)
        -: 1154:    {
       27: 1155:      add1_buffer(b, ch);
call    0 returned 27
       27: 1156:      ch = inchar();
call    0 returned 27
        -: 1157:    }
       13: 1158:  savchar(ch);
call    0 returned 13
       13: 1159:  add1_buffer(b, '\0');
call    0 returned 13
       13: 1160:  ret = MALLOC(1, struct sed_label);
call    0 returned 13
       13: 1161:  ret->name = ck_strdup(get_buffer(b));
call    0 returned 13
call    1 returned 13
       13: 1162:  ret->v = vec;
       13: 1163:  ret->v_index = cmd - vec->v;
       13: 1164:  ret->next = list;
       13: 1165:  free_buffer(b);
call    0 returned 13
       13: 1166:  return ret;
        -: 1167:}
        -: 1168:
        -: 1169:static flagT
function mark_subst_opts called 239 returned 100% blocks executed 56%
      239: 1170:mark_subst_opts(cmd)
        -: 1171:  struct subst *cmd;
        -: 1172:{
      239: 1173:  flagT caseless = 0;
        -: 1174:  int ch;
        -: 1175:
      239: 1176:  cmd->global = 0;
      239: 1177:  cmd->print = 0;
      239: 1178:  cmd->numb = 0;
      239: 1179:  cmd->wfile = NULL;
        -: 1180:
        -: 1181:  for (;;)
      553: 1182:    switch ( (ch = in_nonblank()) )
call    0 returned 553
branch  1 taken 0
branch  2 taken 110
branch  3 taken 204
branch  4 taken 151
branch  5 taken 0
branch  6 taken 88
branch  7 taken 0
        -: 1183:      {
    #####: 1184:      case 'i':	/* GNU extension */
        -: 1185:      case 'I':	/* GNU extension */
    #####: 1186:	caseless = 1;
    #####: 1187:	break;
        -: 1188:
      110: 1189:      case 'p':
      110: 1190:	cmd->print = 1;
      110: 1191:	break;
        -: 1192:
      204: 1193:      case 'g':
      204: 1194:	cmd->global = 1;
      204: 1195:	break;
        -: 1196:
      151: 1197:      case 'w':
      151: 1198:	compile_filename(0, NULL, &cmd->wfile);
call    0 returned 151
      151: 1199:	return caseless;
        -: 1200:
    #####: 1201:      case '0': case '1': case '2': case '3': case '4':
        -: 1202:      case '5': case '6': case '7': case '8': case '9':
    #####: 1203:	if (cmd->numb)
branch  0 never executed
branch  1 never executed
    #####: 1204:	  bad_prog("multiple number options to 's' command");
call    0 never executed
    #####: 1205:	cmd->numb = in_integer(ch);
call    0 never executed
    #####: 1206:	if (!cmd->numb)
branch  0 never executed
branch  1 never executed
    #####: 1207:	  bad_prog("number option to 's' command may not be zero");
call    0 never executed
    #####: 1208:	break;
        -: 1209:
       88: 1210:      case EOF:
        -: 1211:      case '\n':
        -: 1212:      case ';':
       88: 1213:	return caseless;
        -: 1214:
    #####: 1215:      default:
    #####: 1216:	bad_prog("Unknown option to 's'");
call    0 never executed
        -: 1217:	/*NOTREACHED*/
        -: 1218:      }
        -: 1219:}
        -: 1220:
        -: 1221:
        -: 1222:/* Read the next character from the program.  Return EOF if there isn't
        -: 1223:   anything to read.  Keep cur_input.line up to date, so error messages
        -: 1224:   can be meaningful. */
        -: 1225:static int
function inchar called 32502 returned 100% blocks executed 64%
    32502: 1226:inchar()
        -: 1227:{
    32502: 1228:  int ch = EOF;
        -: 1229:
    32502: 1230:  if (prog.cur)
branch  0 taken 32502 (fallthrough)
branch  1 taken 0
        -: 1231:    {
    32502: 1232:      if (prog.cur < prog.end)
branch  0 taken 32124 (fallthrough)
branch  1 taken 378
    32124: 1233:	ch = *prog.cur++;
        -: 1234:    }
    #####: 1235:  else if (prog.file)
branch  0 never executed
branch  1 never executed
        -: 1236:    {
    #####: 1237:      if (!feof(prog.file))
call    0 never executed
branch  1 never executed
branch  2 never executed
    #####: 1238:	ch = getc(prog.file);
call    0 never executed
        -: 1239:    }
    32502: 1240:  if (ch == '\n')
branch  0 taken 3307 (fallthrough)
branch  1 taken 29195
     3307: 1241:    ++cur_input.line;
    32502: 1242:  return ch;
        -: 1243:}
        -: 1244:
        -: 1245:/* Read the next non-blank character from the program.  */
        -: 1246:static int
function in_nonblank called 3174 returned 100% blocks executed 100%
     3437: 1247:in_nonblank()
        -: 1248:{
        -: 1249:  int ch;
        -: 1250:  do
     3437: 1251:    ch = inchar();
call    0 returned 3437
     3437: 1252:    while (ISBLANK(ch));
branch  0 taken 261
branch  1 taken 3176 (fallthrough)
branch  2 taken 2
branch  3 taken 3174 (fallthrough)
     3174: 1253:  return ch;
        -: 1254:}
        -: 1255:
        -: 1256:/* Read an integer value from the program.  */
        -: 1257:static countT
function in_integer called 88 returned 100% blocks executed 100%
       88: 1258:in_integer(ch)
        -: 1259:  int ch;
        -: 1260:{
       88: 1261:  countT num = 0;
        -: 1262:
      246: 1263:  while (ISDIGIT(ch))
branch  0 taken 158
branch  1 taken 88 (fallthrough)
        -: 1264:    {
      158: 1265:      num = num * 10 + ch - '0';
      158: 1266:      ch = inchar();
call    0 returned 158
        -: 1267:    }
       88: 1268:  savchar(ch);
call    0 returned 88
       88: 1269:  return num;
        -: 1270:}
        -: 1271:
        -: 1272:/* unget 'ch' so the next call to inchar will return it.   */
        -: 1273:static void
function savchar called 572 returned 100% blocks executed 73%
      572: 1274:savchar(ch)
        -: 1275:  int ch;
        -: 1276:{
      572: 1277:  if (ch == EOF)
branch  0 taken 0 (fallthrough)
branch  1 taken 572
    #####: 1278:    return;
      572: 1279:  if (ch == '\n' && cur_input.line > 0)
branch  0 taken 13 (fallthrough)
branch  1 taken 559
branch  2 taken 13 (fallthrough)
branch  3 taken 0
       13: 1280:    --cur_input.line;
      572: 1281:  if (prog.cur)
branch  0 taken 572 (fallthrough)
branch  1 taken 0
        -: 1282:    {
      572: 1283:      if (prog.cur <= CAST(const unsigned char *)prog.base
branch  0 taken 572 (fallthrough)
branch  1 taken 0
      572: 1284:	  || *--prog.cur != ch)
branch  0 taken 0 (fallthrough)
branch  1 taken 572
    #####: 1285:	panic("Called savchar() with unexpected pushback (%x)",
    #####: 1286:	      CAST(unsigned char)ch);
call    0 never executed
        -: 1287:    }
        -: 1288:  else
    #####: 1289:    ungetc(ch, prog.file);
call    0 never executed
        -: 1290:}
        -: 1291:
        -: 1292:/* Complain about a programming error and exit. */
        -: 1293:static void
function bad_prog called 6 returned 0% blocks executed 100%
        6: 1294:bad_prog(why)
        -: 1295:  const char *why;
        -: 1296:{
        6: 1297:  if (cur_input.name)
branch  0 taken 1 (fallthrough)
branch  1 taken 5
        1: 1298:    fprintf(stderr, "%s: file %s line %lu: %s\n",
        1: 1299:	    myname, cur_input.name, CAST(unsigned long)cur_input.line, why);
call    0 returned 1
        -: 1300:  else
        5: 1301:    fprintf(stderr, "%s: -e expression #%lu, char %lu: %s\n",
        -: 1302:	    myname,
        5: 1303:	    CAST(unsigned long)cur_input.string_expr_count,
        5: 1304:	    CAST(unsigned long)(prog.cur-CAST(unsigned char *)prog.base),
call    0 returned 5
        -: 1305:	    why);
        6: 1306:  exit(1);
        -: 1307:}
        -: 1308:/*  GNU SED, a batch stream editor.
        -: 1309:    Copyright (C) 1989, 1990, 1991, 1992, 1993, 1994, 1995, 1998
        -: 1310:    Free Software Foundation, Inc.
        -: 1311:
        -: 1312:    This program is free software; you can redistribute it and/or modify
        -: 1313:    it under the terms of the GNU General Public License as published by
        -: 1314:    the Free Software Foundation; either version 2, or (at your option)
        -: 1315:    any later version.
        -: 1316:
        -: 1317:    This program is distributed in the hope that it will be useful,
        -: 1318:    but WITHOUT ANY WARRANTY; without even the implied warranty of
        -: 1319:    MERCHANTABILITY or FITNESS FOR A PARTICULAR PURPOSE.  See the
        -: 1320:    GNU General Public License for more details.
        -: 1321:
        -: 1322:    You should have received a copy of the GNU General Public License
        -: 1323:    along with this program; if not, write to the Free Software
        -: 1324:    Foundation, 59 Temple Place - Suite 330, Boston, MA 02111-1307, USA. */
        -: 1325:
        -: 1326:#undef EXPERIMENTAL_DASH_N_OPTIMIZATION	/*don't use -- is buggy*/
        -: 1327:#define INITIAL_BUFFER_SIZE	50
        -: 1328:#define LCMD_OUT_LINE_LEN	70
        -: 1329:#define FREAD_BUFFER_SIZE	8192
        -: 1330:
        -: 1331:#include "config.h"
        -: 1332:#include <stdio.h>
        -: 1333:#include <ctype.h>
        -: 1334:
        -: 1335:#include <errno.h>
        -: 1336:#ifndef errno
        -: 1337:extern int errno;
        -: 1338:#endif
        -: 1339:
        -: 1340:#ifdef HAVE_ISATTY
        -: 1341:# ifdef HAVE_UNISTD_H
        -: 1342:#  include <unistd.h>
        -: 1343:# endif
        -: 1344:#endif
        -: 1345:
        -: 1346:#ifdef __GNUC__
        -: 1347:# if __GNUC__ > 2 || (__GNUC__ == 2 && __GNUC_MINOR__-0 >= 7)
        -: 1348:  /* silence warning about unused parameter even for "gcc -W -Wunused" */
        -: 1349:#  define UNUSED	__attribute__((unused))
        -: 1350:# endif
        -: 1351:#endif
        -: 1352:#ifndef UNUSED
        -: 1353:# define UNUSED
        -: 1354:#endif
        -: 1355:
        -: 1356:#ifndef HAVE_STRING_H
        -: 1357:# include <strings.h>
        -: 1358:# ifdef HAVE_MEMORY_H
        -: 1359:#  include <memory.h>
        -: 1360:# endif
        -: 1361:#else
        -: 1362:# include <string.h>
        -: 1363:#endif /* HAVE_STRING_H */
        -: 1364:
        -: 1365:#ifdef HAVE_STDLIB_H
        -: 1366:# include <stdlib.h>
        -: 1367:#endif
        -: 1368:
        -: 1369:#ifdef HAVE_SYS_TYPES_H
        -: 1370:# include <sys/types.h>
        -: 1371:#endif
        -: 1372:#include "regex-sed.h"
        -: 1373:#include "basicdefs.h"
        -: 1374:#include "utils.h"
        -: 1375:#include "sed.h"
        -: 1376:
        -: 1377:#ifdef BOOTSTRAP
        -: 1378:# ifdef memchr
        -: 1379:#  undef memchr
        -: 1380:# endif
        -: 1381:# define memchr bootstrap_memchr
        -: 1382:static VOID *bootstrap_memchr P_((const VOID *s, int c, size_t n));
        -: 1383:#endif /*BOOTSTRAP*/
        -: 1384:
        -: 1385:#ifndef HAVE_REGNEXEC
        -: 1386:# define regnexec(x,t,l,r,n,f)	regexec(x,t,r,n,f)
        -: 1387:#endif
        -: 1388:
        -: 1389:/* If set, don't write out the line unless explicitly told to */
        -: 1390:extern flagT no_default_output;
        -: 1391:
        -: 1392:/* Do we need to be pedantically POSIX compliant? */
        -: 1393:extern flagT POSIXLY_CORRECT;
        -: 1394:
        -: 1395:
        -: 1396:/* Sed operates a line at a time. */
        -: 1397:struct line {
        -: 1398:  char *text;		/* Pointer to line allocated by malloc. */
        -: 1399:  char *active;		/* Pointer to non-consumed part of text. */
        -: 1400:  size_t length;	/* Length of text (or active, if used). */
        -: 1401:  size_t alloc;		/* Allocated space for text. */
        -: 1402:  flagT chomped;	/* Was a trailing newline dropped? */
        -: 1403:};
        -: 1404:
        -: 1405:/* A queue of text to write out at the end of a cycle
        -: 1406:   (filled by the "a" and "r" commands.) */
        -: 1407:struct append_queue {
        -: 1408:  const char *rfile;
        -: 1409:  const char *text;
        -: 1410:  size_t textlen;
        -: 1411:  struct append_queue *next;
        -: 1412:};
        -: 1413:
        -: 1414:/* State information for the input stream. */
        -: 1415:struct input {
        -: 1416:  char **file_list;	/* The list of yet-to-be-opened files.
        -: 1417:			   It is invalid for file_list to be NULL.
        -: 1418:			   When *file_list is NULL we are
        -: 1419:			   currently processing the last file. */
        -: 1420:  countT bad_count;	/* count of files we failed to open */
        -: 1421:  countT line_number;	/* Current input line number (over all files) */
        -: 1422:
        -: 1423:  flagT (*read_fn) P_((struct input *));	/* read one line */
        -: 1424:  /* If fp is NULL, read_fn better not be one which uses fp;
        -: 1425:     in particular, read_always_fail() is recommended. */
        -: 1426:
        -: 1427:  FILE *fp;		/* if NULL, none of the following are valid */
        -: 1428:  VOID *base;		/* if non-NULL, we are using mmap()ed input */
        -: 1429:  const char *cur;	/* only valid if base is non-NULL */
        -: 1430:  size_t length;	/* only valid if base is non-NULL */
        -: 1431:  size_t left;		/* only valid if base is non-NULL */
        -: 1432:#ifdef HAVE_ISATTY
        -: 1433:  flagT is_tty;		/* only valid if base is NULL */
        -: 1434:#endif
        -: 1435:};
        -: 1436:
        -: 1437:static void resize_line P_((struct line *lb, size_t len));
        -: 1438:static void open_next_file P_((const char *name, struct input *input));
        -: 1439:static void closedown P_((struct input *input));
        -: 1440:static flagT read_always_fail P_((struct input *input));
        -: 1441:static flagT read_mem_line P_((struct input *input));
        -: 1442:static size_t slow_getline P_((char *buf, size_t buflen, FILE *in));
        -: 1443:static flagT read_file_line P_((struct input *input));
        -: 1444:static flagT read_pattern_space P_((struct input *input, flagT append));
        -: 1445:static flagT last_file_with_data_p P_((struct input *input));
        -: 1446:static flagT test_dollar_EOF P_((struct input *input));
        -: 1447:static flagT match_an_address_p P_((struct addr *, struct input *, flagT));
        -: 1448:static flagT match_address_p P_((struct sed_cmd *cmd, struct input *input));
        -: 1449:static void do_list P_((void));
        -: 1450:static void do_subst P_((struct subst *subst));
        -: 1451:static flagT execute_program P_((struct vector *, struct input *input));
        -: 1452:static void output_line
        -: 1453:		P_((const char *text, size_t length, flagT nl, FILE *fp));
        -: 1454:static void line_init P_((struct line *buf, size_t initial_size));
        -: 1455:static void line_copy P_((struct line *from, struct line *to));
        -: 1456:static void str_append P_((struct line *to, const char *string, size_t length));
        -: 1457:static void nul_append P_((struct line *dest));
        -: 1458:static void line_append P_((struct line *from, struct line *to));
        -: 1459:static void dump_append_queue P_((void));
        -: 1460:static struct append_queue *next_append_slot P_((void));
        -: 1461:
        -: 1462:#ifdef EXPERIMENTAL_DASH_N_OPTIMIZATION
        -: 1463:static countT count_branches P_((struct vector *));
        -: 1464:static struct sed_cmd *shrink_program
        -: 1465:		P_((struct vector *vec, struct sed_cmd *cur_cmd, countT*n));
        -: 1466:
        -: 1467:/* Used to attempt a simple-minded optimization. */
        -: 1468:static countT branches_in_top_level;
        -: 1469:#endif /*EXPERIMENTAL_DASH_N_OPTIMIZATION*/
        -: 1470:
        -: 1471:
        -: 1472:/* Have we done any replacements lately?  This is used by the 't' command. */
        -: 1473:static flagT replaced = 0;
        -: 1474:
        -: 1475:/* The 'current' input line. */
        -: 1476:static struct line line;
        -: 1477:
        -: 1478:/* An input line that's been stored by later use by the program */
        -: 1479:static struct line hold;
        -: 1480:
        -: 1481:/* The buffered input look-ahead. */
        -: 1482:static struct line buffer;
        -: 1483:
        -: 1484:static struct append_queue *append_head = NULL;
        -: 1485:static struct append_queue *append_tail = NULL;
        -: 1486:
        -: 1487:
        -: 1488:/* Apply the compiled script to all the named files. */
        -: 1489:countT
function process_files called 354 returned 100% blocks executed 100%
      354: 1490:process_files(the_program, argv)
        -: 1491:  struct vector *the_program;
        -: 1492:  char **argv;
        -: 1493:{
        -: 1494:  static char dash[] = "-";
        -: 1495:  static char *stdin_argv[2] = { dash, NULL };
        -: 1496:  struct input input;
        -: 1497:
        -: 1498:#ifdef EXPERIMENTAL_DASH_N_OPTIMIZATION
        -: 1499:  branches_in_top_level = count_branches(the_program);
        -: 1500:#endif /*EXPERIMENTAL_DASH_N_OPTIMIZATION*/
      354: 1501:  input.file_list = stdin_argv;
      354: 1502:  if (argv && *argv)
branch  0 taken 354 (fallthrough)
branch  1 taken 0
branch  2 taken 353 (fallthrough)
branch  3 taken 1
      353: 1503:    input.file_list = argv;
      354: 1504:  input.bad_count = 0;
      354: 1505:  input.line_number = 0;
      354: 1506:  input.read_fn = read_always_fail;
      354: 1507:  input.fp = NULL;
        -: 1508:
      354: 1509:  line_init(&line, INITIAL_BUFFER_SIZE);
call    0 returned 354
      354: 1510:  line_init(&hold, INITIAL_BUFFER_SIZE);
call    0 returned 354
      354: 1511:  line_init(&buffer, FREAD_BUFFER_SIZE);
call    0 returned 354
        -: 1512:
    32216: 1513:  while (read_pattern_space(&input, 0))
call    0 returned 32216
branch  1 taken 31909
branch  2 taken 307 (fallthrough)
        -: 1514:    {
    31909: 1515:      flagT quit = execute_program(the_program, &input);
call    0 returned 31909
    31909: 1516:      if (!no_default_output)
branch  0 taken 12802 (fallthrough)
branch  1 taken 19107
    12802: 1517:	output_line(line.text, line.length, line.chomped, stdout);
call    0 returned 12802
    31909: 1518:      if (quit)
branch  0 taken 47 (fallthrough)
branch  1 taken 31862
       47: 1519:	break;
        -: 1520:    }
      354: 1521:  closedown(&input);
call    0 returned 354
      354: 1522:  return input.bad_count;
        -: 1523:}
        -: 1524:
        -: 1525:/* increase a struct line's length, making some attempt at
        -: 1526:   keeping realloc() calls under control by padding for future growth.  */
        -: 1527:static void
function resize_line called 391 returned 100% blocks executed 100%
      391: 1528:resize_line(lb, len)
        -: 1529:  struct line *lb;
        -: 1530:  size_t len;
        -: 1531:{
      391: 1532:  lb->alloc *= 2;
      391: 1533:  if (lb->alloc - lb->length < len)
branch  0 taken 4 (fallthrough)
branch  1 taken 387
        4: 1534:    lb->alloc = lb->length + len;
[...]
    #####: 9599:bcmp_translate (s1, s2, len, translate)
        -: 9600:     const char *s1, *s2;
        -: 9601:     register int len;
        -: 9602:     RE_TRANSLATE_TYPE translate;
        -: 9603:{
    #####: 9604:  register const unsigned char *p1 = (const unsigned char *) s1;
    #####: 9605:  register const unsigned char *p2 = (const unsigned char *) s2;
    #####: 9606:  while (len)
branch  0 never executed
branch  1 never executed
        -: 9607:    {
    #####: 9608:      if (translate[*p1++] != translate[*p2++]) return 1;
branch  0 never executed
branch  1 never executed
    #####: 9609:      len--;
        -: 9610:    }
    #####: 9611:  return 0;
        -: 9612:}
        -: 9613:
        -: 9614:/* Entry points for GNU code.  */
        -: 9615:
        -: 9616:/* re_compile_pattern is the GNU regular expression compiler: it
        -: 9617:   compiles PATTERN (of length SIZE) and puts the result in BUFP.
        -: 9618:   Returns 0 if the pattern was valid, otherwise an error string.
        -: 9619:
        -: 9620:   Assumes the `allocated' (and perhaps `buffer') and `translate' fields
        -: 9621:   are set in BUFP on entry.
        -: 9622:
        -: 9623:   We call regex_compile to do the actual compilation.  */
        -: 9624:
        -: 9625:const char *
function re_compile_pattern called 0 returned 0% blocks executed 0%
    #####: 9626:re_compile_pattern (pattern, length, bufp)
        -: 9627:     const char *pattern;
        -: 9628:     size_t length;
        -: 9629:     struct re_pattern_buffer *bufp;
        -: 9630:{
        -: 9631:  reg_errcode_t ret;
        -: 9632:
        -: 9633:  /* GNU code is written to assume at least RE_NREGS registers will be set
        -: 9634:     (and at least one extra will be -1).  */
    #####: 9635:  bufp->regs_allocated = REGS_UNALLOCATED;
        -: 9636:
        -: 9637:  /* And GNU code determines whether or not to get register information
        -: 9638:     by passing null for the REGS argument to re_match, etc., not by
        -: 9639:     setting no_sub.  */
    #####: 9640:  bufp->no_sub = 0;
        -: 9641:
        -: 9642:  /* Match anchors at newline.  */
    #####: 9643:  bufp->newline_anchor = 1;
        -: 9644:
    #####: 9645:  ret = regex_compile (pattern, length, re_syntax_options, bufp);
call    0 never executed
        -: 9646:
    #####: 9647:  if (!ret)
branch  0 never executed
branch  1 never executed
    #####: 9648:    return NULL;
    #####: 9649:  return gettext (re_error_msgid[(int) ret]);
        -: 9650:}
        -: 9651:#ifdef _LIBC
        -: 9652:weak_alias (__re_compile_pattern, re_compile_pattern)
        -: 9653:#endif
        -: 9654:
        -: 9655:/* Entry points compatible with 4.2 BSD regex library.  We don't define
        -: 9656:   them unless specifically requested.  */
        -: 9657:
        -: 9658:#if defined _REGEX_RE_COMP || defined _LIBC
        -: 9659:
        -: 9660:/* BSD has one and only one pattern buffer.  */
        -: 9661:static struct re_pattern_buffer re_comp_buf;
        -: 9662:
        -: 9663:char *
        -: 9664:#ifdef _LIBC
        -: 9665:/* Make these definitions weak in libc, so POSIX programs can redefine
        -: 9666:   these names if they don't use our functions, and still use
        -: 9667:   regcomp/regexec below without link errors.  */
        -: 9668:weak_function
        -: 9669:#endif
        -: 9670:re_comp (s)
        -: 9671:    const char *s;
        -: 9672:{
        -: 9673:  reg_errcode_t ret;
        -: 9674:
        -: 9675:  if (!s)
        -: 9676:    {
        -: 9677:      if (!re_comp_buf.buffer)
        -: 9678:	return gettext ("No previous regular expression");
        -: 9679:      return 0;
        -: 9680:    }
        -: 9681:
        -: 9682:  if (!re_comp_buf.buffer)
        -: 9683:    {
        -: 9684:      re_comp_buf.buffer = (unsigned char *) malloc (200);
        -: 9685:      if (re_comp_buf.buffer == NULL)
        -: 9686:        return gettext (re_error_msgid[(int) REG_ESPACE]);
        -: 9687:      re_comp_buf.allocated = 200;
        -: 9688:
        -: 9689:      re_comp_buf.fastmap = (char *) malloc (1 << BYTEWIDTH);
        -: 9690:      if (re_comp_buf.fastmap == NULL)
        -: 9691:	return gettext (re_error_msgid[(int) REG_ESPACE]);
        -: 9692:    }
        -: 9693:
        -: 9694:  /* Since `re_exec' always passes NULL for the `regs' argument, we
        -: 9695:     don't need to initialize the pattern buffer fields which affect it.  */
        -: 9696:
        -: 9697:  /* Match anchors at newlines.  */
        -: 9698:  re_comp_buf.newline_anchor = 1;
        -: 9699:
        -: 9700:  ret = regex_compile (s, strlen (s), re_syntax_options, &re_comp_buf);
        -: 9701:
        -: 9702:  if (!ret)
        -: 9703:    return NULL;
        -: 9704:
        -: 9705:  /* Yes, we're discarding `const' here if !HAVE_LIBINTL.  */
        -: 9706:  return (char *) gettext (re_error_msgid[(int) ret]);
        -: 9707:}
        -: 9708:
        -: 9709:
        -: 9710:int
        -: 9711:#ifdef _LIBC
        -: 9712:weak_function
        -: 9713:#endif
        -: 9714:re_exec (s)
        -: 9715:    const char *s;
        -: 9716:{
        -: 9717:  const int len = strlen (s);
        -: 9718:  return
        -: 9719:    0 <= re_search (&re_comp_buf, s, len, 0, len, (struct re_registers *) 0);
        -: 9720:}
        -: 9721:
        -: 9722:#endif /* _REGEX_RE_COMP */
        -: 9723:
        -: 9724:/* POSIX.2 functions.  Don't define these for Emacs.  */
        -: 9725:
        -: 9726:#ifndef emacs
        -: 9727:
        -: 9728:/* regcomp takes a regular expression as a string and compiles it.
        -: 9729:
        -: 9730:   PREG is a regex_t *.  We do not expect any fields to be initialized,
        -: 9731:   since POSIX says we shouldn't.  Thus, we set
        -: 9732:
        -: 9733:     `buffer' to the compiled pattern;
        -: 9734:     `used' to the length of the compiled pattern;
        -: 9735:     `syntax' to RE_SYNTAX_POSIX_EXTENDED if the
        -: 9736:       REG_EXTENDED bit in CFLAGS is set; otherwise, to
        -: 9737:       RE_SYNTAX_POSIX_BASIC;
        -: 9738:     `newline_anchor' to REG_NEWLINE being set in CFLAGS;
        -: 9739:     `fastmap' and `fastmap_accurate' to zero;
        -: 9740:     `re_nsub' to the number of subexpressions in PATTERN.
        -: 9741:
        -: 9742:   PATTERN is the address of the pattern string.
        -: 9743:
        -: 9744:   CFLAGS is a series of bits which affect compilation.
        -: 9745:
        -: 9746:     If REG_EXTENDED is set, we use POSIX extended syntax; otherwise, we
        -: 9747:     use POSIX basic syntax.
        -: 9748:
        -: 9749:     If REG_NEWLINE is set, then . and [^...] don't match newline.
        -: 9750:     Also, regexec will try a match beginning after every newline.
        -: 9751:
        -: 9752:     If REG_ICASE is set, then we considers upper- and lowercase
        -: 9753:     versions of letters to be equivalent when matching.
        -: 9754:
        -: 9755:     If REG_NOSUB is set, then when PREG is passed to regexec, that
        -: 9756:     routine will report only success or failure, and nothing about the
        -: 9757:     registers.
        -: 9758:
        -: 9759:   It returns 0 if it succeeds, nonzero if it doesn't.  (See regex-gnu.h for
        -: 9760:   the return codes and their meanings.)  */
        -: 9761:
        -: 9762:int
function regcomp called 622 returned 100% blocks executed 52%
      622: 9763:regcomp (preg, pattern, cflags)
        -: 9764:    regex_t *preg;
        -: 9765:    const char *pattern;
        -: 9766:    int cflags;
        -: 9767:{
        -: 9768:  reg_errcode_t ret;
      622: 9769:  reg_syntax_t syntax
      622: 9770:    = (cflags & REG_EXTENDED) ?
      622: 9771:      RE_SYNTAX_POSIX_EXTENDED : RE_SYNTAX_POSIX_BASIC;
branch  0 taken 1 (fallthrough)
branch  1 taken 621
        -: 9772:
        -: 9773:  /* regex_compile will allocate the space for the compiled pattern.  */
      622: 9774:  preg->buffer = 0;
      622: 9775:  preg->allocated = 0;
      622: 9776:  preg->used = 0;
        -: 9777:
        -: 9778:  /* Don't bother to use a fastmap when searching.  This simplifies the
        -: 9779:     REG_NEWLINE case: if we used a fastmap, we'd have to put all the
        -: 9780:     characters after newlines into the fastmap.  This way, we just try
        -: 9781:     every character.  */
      622: 9782:  preg->fastmap = 0;
        -: 9783:
      622: 9784:  if (cflags & REG_ICASE)
branch  0 taken 0 (fallthrough)
branch  1 taken 622
        -: 9785:    {
        -: 9786:      unsigned i;
        -: 9787:
        -: 9788:      preg->translate
    #####: 9789:	= (RE_TRANSLATE_TYPE) malloc (CHAR_SET_SIZE
        -: 9790:				      * sizeof (*(RE_TRANSLATE_TYPE)0));
    #####: 9791:      if (preg->translate == NULL)
branch  0 never executed
branch  1 never executed
    #####: 9792:        return (int) REG_ESPACE;
        -: 9793:
        -: 9794:      /* Map uppercase characters to corresponding lowercase ones.  */
    #####: 9795:      for (i = 0; i < CHAR_SET_SIZE; i++)
branch  0 never executed
branch  1 never executed
    #####: 9796:        preg->translate[i] = ISUPPER (i) ? tolower (i) : i;
branch  0 never executed
branch  1 never executed
        -: 9797:    }
        -: 9798:  else
      622: 9799:    preg->translate = NULL;
        -: 9800:
        -: 9801:  /* If REG_NEWLINE is set, newlines are treated differently.  */
      622: 9802:  if (cflags & REG_NEWLINE)
branch  0 taken 0 (fallthrough)
branch  1 taken 622
        -: 9803:    { /* REG_NEWLINE implies neither . nor [^...] match newline.  */
    #####: 9804:      syntax &= ~RE_DOT_NEWLINE;
    #####: 9805:      syntax |= RE_HAT_LISTS_NOT_NEWLINE;
        -: 9806:      /* It also changes the matching behavior.  */
    #####: 9807:      preg->newline_anchor = 1;
        -: 9808:    }
        -: 9809:  else
      622: 9810:    preg->newline_anchor = 0;
        -: 9811:
      622: 9812:  preg->no_sub = !!(cflags & REG_NOSUB);
        -: 9813:
        -: 9814:  /* POSIX says a null character in the pattern terminates it, so we
        -: 9815:     can use strlen here in compiling the pattern.  */
      622: 9816:  ret = regex_compile (pattern, strlen (pattern), syntax, preg);
call    0 returned 622
        -: 9817:
        -: 9818:  /* POSIX doesn't distinguish between an unmatched open-group and an
        -: 9819:     unmatched close-group: both are REG_EPAREN.  */
     622*: 9820:  if (ret == REG_ERPAREN) ret = REG_EPAREN;
branch  0 taken 0 (fallthrough)
branch  1 taken 622
        -: 9821:
      622: 9822:  return (int) ret;
        -: 9823:}
        -: 9824:#ifdef _LIBC
        -: 9825:weak_alias (__regcomp, regcomp)
        -: 9826:#endif
        -: 9827:
        -: 9828:
        -: 9829:/* regnexec searches for a given pattern, specified by PREG, in the
        -: 9830:   memory buffer STRING of lengthe LEN.
        -: 9831:
        -: 9832:   If NMATCH is zero or REG_NOSUB was set in the cflags argument to
        -: 9833:   `regcomp', we ignore PMATCH.  Otherwise, we assume PMATCH has at
        -: 9834:   least NMATCH elements, and we set them to the offsets of the
        -: 9835:   corresponding matched substrings.
        -: 9836:
        -: 9837:   EFLAGS specifies `execution flags' which affect matching: if
        -: 9838:   REG_NOTBOL is set, then ^ does not match at the beginning of the
        -: 9839:   string; if REG_NOTEOL is set, then $ does not match at the end.
        -: 9840:
        -: 9841:   We return 0 if we find a match and REG_NOMATCH if not.  */
        -: 9842:
        -: 9843:int
function regnexec called 46417 returned 100% blocks executed 95%
    46417: 9844:regnexec (preg, string, len, nmatch, pmatch, eflags)
        -: 9845:    const regex_t *preg;
        -: 9846:    const char *string;
        -: 9847:    size_t len;
        -: 9848:    size_t nmatch;
        -: 9849:    regmatch_t pmatch[];
        -: 9850:    int eflags;
        -: 9851:{
        -: 9852:  int ret;
        -: 9853:  struct re_registers regs;
        -: 9854:  regex_t private_preg;
    46417: 9855:  boolean want_reg_info = !preg->no_sub && nmatch > 0;
branch  0 taken 14521 (fallthrough)
branch  1 taken 31896
branch  2 taken 14521 (fallthrough)
branch  3 taken 0
        -: 9856:
    46417: 9857:  private_preg = *preg;
        -: 9858:
    46417: 9859:  private_preg.not_bol = !!(eflags & REG_NOTBOL);
    46417: 9860:  private_preg.not_eol = !!(eflags & REG_NOTEOL);
        -: 9861:
        -: 9862:  /* The user has told us exactly how many registers to return
        -: 9863:     information about, via `nmatch'.  We have to pass that on to the
        -: 9864:     matching routines.  */
    46417: 9865:  private_preg.regs_allocated = REGS_FIXED;
        -: 9866:
    46417: 9867:  if (want_reg_info)
branch  0 taken 14521 (fallthrough)
branch  1 taken 31896
        -: 9868:    {
    14521: 9869:      regs.num_regs = nmatch;
    14521: 9870:      regs.start = TALLOC (nmatch, regoff_t);
    14521: 9871:      regs.end = TALLOC (nmatch, regoff_t);
    14521: 9872:      if (regs.start == NULL || regs.end == NULL)
branch  0 taken 14521 (fallthrough)
branch  1 taken 0
branch  2 taken 0 (fallthrough)
branch  3 taken 14521
    #####: 9873:        return (int) REG_NOMATCH;
        -: 9874:    }
        -: 9875:
        -: 9876:  /* Perform the searching operation.  */
    46417: 9877:  ret = re_search (&private_preg, string, len,
branch  0 taken 14521 (fallthrough)
branch  1 taken 31896
call    2 returned 46417
        -: 9878:                   /* start: */ 0, /* range: */ len,
        -: 9879:                   want_reg_info ? &regs : (struct re_registers *) 0);
        -: 9880:
        -: 9881:  /* Copy the register information to the POSIX structure.  */
    46417: 9882:  if (want_reg_info)
branch  0 taken 14521 (fallthrough)
branch  1 taken 31896
        -: 9883:    {
    14521: 9884:      if (ret >= 0)
branch  0 taken 3491 (fallthrough)
branch  1 taken 11030
        -: 9885:        {
        -: 9886:          unsigned r;
        -: 9887:
    38401: 9888:          for (r = 0; r < nmatch; r++)
branch  0 taken 34910
branch  1 taken 3491 (fallthrough)
        -: 9889:            {
    34910: 9890:              pmatch[r].rm_so = regs.start[r];
    34910: 9891:              pmatch[r].rm_eo = regs.end[r];
        -: 9892:            }
        -: 9893:        }
        -: 9894:
        -: 9895:      /* If we needed the temporary register info, free the space now.  */
    14521: 9896:      free (regs.start);
    14521: 9897:      free (regs.end);
        -: 9898:    }
        -: 9899:
        -: 9900:  /* We want zero return to mean success, unlike `re_search'.  */
    46417: 9901:  return ret >= 0 ? (int) REG_NOERROR : (int) REG_NOMATCH;
        -: 9902:}
        -: 9903:#ifdef _LIBC
        -: 9904:weak_alias (__regnexec, regnexec)
        -: 9905:#endif
        -: 9906:
        -: 9907:/* regexec searches for a given pattern, specified by PREG, in the
        -: 9908:   string STRING.
        -: 9909:
        -: 9910:   If NMATCH is zero or REG_NOSUB was set in the cflags argument to
        -: 9911:   `regcomp', we ignore PMATCH.  Otherwise, we assume PMATCH has at
        -: 9912:   least NMATCH elements, and we set them to the offsets of the
        -: 9913:   corresponding matched substrings.
        -: 9914:
        -: 9915:   EFLAGS specifies `execution flags' which affect matching: if
        -: 9916:   REG_NOTBOL is set, then ^ does not match at the beginning of the
        -: 9917:   string; if REG_NOTEOL is set, then $ does not match at the end.
        -: 9918:
        -: 9919:   We return 0 if we find a match and REG_NOMATCH if not.  */
        -: 9920:
        -: 9921:int
function regexec called 0 returned 0% blocks executed 0%
    #####: 9922:regexec (preg, string, nmatch, pmatch, eflags)
        -: 9923:    const regex_t *preg;
        -: 9924:    const char *string;
        -: 9925:    size_t nmatch;
        -: 9926:    regmatch_t pmatch[];
        -: 9927:    int eflags;
        -: 9928:{
    #####: 9929:  return regnexec(preg, string, strlen(string), nmatch, pmatch, eflags);
call    0 never executed
        -: 9930:}
        -: 9931:#ifdef _LIBC
        -: 9932:weak_alias (__regexec, regexec)
        -: 9933:#endif
        -: 9934:
        -: 9935:
        -: 9936:/* Returns a message corresponding to an error code, ERRCODE, returned
        -: 9937:   from either regcomp or regexec.   We don't use PREG here.  */
        -: 9938:
        -: 9939:size_t
function regerror called 0 returned 0% blocks executed 0%
    #####: 9940:regerror (errcode, preg, errbuf, errbuf_size)
        -: 9941:    int errcode;
        -: 9942:    const regex_t *preg;
        -: 9943:    char *errbuf;
        -: 9944:    size_t errbuf_size;
        -: 9945:{
        -: 9946:  const char *msg;
        -: 9947:  size_t msg_size;
        -: 9948:
    #####: 9949:  if (errcode < 0
branch  0 never executed
branch  1 never executed
    #####: 9950:      || errcode >= (int) (sizeof (re_error_msgid)
branch  0 never executed
branch  1 never executed
        -: 9951:			   / sizeof (re_error_msgid[0])))
        -: 9952:    /* Only error codes returned by the rest of the code should be passed
        -: 9953:       to this routine.  If we are given anything else, or if other regex
        -: 9954:       code generates an invalid error code, then the program has a bug.
        -: 9955:       Dump core so we can fix it.  */
    #####: 9956:    abort ();
call    0 never executed
        -: 9957:
    #####: 9958:  msg = gettext (re_error_msgid[errcode]);
        -: 9959:
    #####: 9960:  msg_size = strlen (msg) + 1; /* Includes the null.  */
        -: 9961:
    #####: 9962:  if (errbuf_size != 0)
branch  0 never executed
branch  1 never executed
        -: 9963:    {
    #####: 9964:      if (msg_size > errbuf_size)
branch  0 never executed
branch  1 never executed
        -: 9965:        {
        -: 9966:#if defined HAVE_MEMPCPY || defined _LIBC
        -: 9967:	  *((char *) __mempcpy (errbuf, msg, errbuf_size - 1)) = '\0';
        -: 9968:#else
    #####: 9969:          memcpy (errbuf, msg, errbuf_size - 1);
    #####: 9970:          errbuf[errbuf_size - 1] = 0;
        -: 9971:#endif
        -: 9972:        }
        -: 9973:      else
    #####: 9974:        memcpy (errbuf, msg, msg_size);
        -: 9975:    }
        -: 9976:
    #####: 9977:  return msg_size;
        -: 9978:}
        -: 9979:#ifdef _LIBC
        -: 9980:weak_alias (__regerror, regerror)
        -: 9981:#endif
        -: 9982:
        -: 9983:
        -: 9984:/* Free dynamically allocated space used by PREG.  */
        -: 9985:
        -: 9986:void
function regfree called 0 returned 0% blocks executed 0%
    #####: 9987:regfree (preg)
        -: 9988:    regex_t *preg;
        -: 9989:{
    #####: 9990:  if (preg->buffer != NULL)
branch  0 never executed
branch  1 never executed
    #####: 9991:    free (preg->buffer);
    #####: 9992:  preg->buffer = NULL;
        -: 9993:
    #####: 9994:  preg->allocated = 0;
    #####: 9995:  preg->used = 0;
        -: 9996:
    #####: 9997:  if (preg->fastmap != NULL)
branch  0 never executed
branch  1 never executed
    #####: 9998:    free (preg->fastmap);
    #####: 9999:  preg->fastmap = NULL;
    #####:10000:  preg->fastmap_accurate = 0;
        -:10001:
    #####:10002:  if (preg->translate != NULL)
branch  0 never executed
branch  1 never executed
    #####:10003:    free (preg->translate);
    #####:10004:  preg->translate = NULL;
    #####:10005:}
        -:10006:#ifdef _LIBC
        -:10007:weak_alias (__regfree, regfree)
        -:10008:#endif
        -:10009:
        -:10010:#endif /* not emacs  */
