        -:    0:Source:grep.c
        -:    0:Graph:grep.gcno
        -:    0:Data:grep.gcda
        -:    0:Runs:809
        -:    1:/* grep.c - main driver file for grep.
        -:    2:   Copyright (C) 1992, 1997, 1998, 1999 Free Software Foundation, Inc.
        -:    3:
        -:    4:   This program is free software; you can redistribute it and/or modify
        -:    5:   it under the terms of the GNU General Public License as published by
        -:    6:   the Free Software Foundation; either version 2, or (at your option)
        -:    7:   any later version.
        -:    8:
        -:    9:   This program is distributed in the hope that it will be useful,
        -:   10:   but WITHOUT ANY WARRANTY; without even the implied warranty of
        -:   11:   MERCHANTABILITY or FITNESS FOR A PARTICULAR PURPOSE.  See the
        -:   12:   GNU General Public License for more details.
        -:   13:
        -:   14:   You should have received a copy of the GNU General Public License
        -:   15:   along with this program; if not, write to the Free Software
        -:   16:   Foundation, Inc., 59 Temple Place - Suite 330, Boston, MA
        -:   17:   02111-1307, USA.  */
        -:   18:
        -:   19:/* Written July 1992 by Mike Haertel.  */
        -:   20:/********* I added follow from makefile in order to run cfe*********/
        -:   21:#define HAVE_CONFIG_H 1
        -:   22:#define LOCALEDIR "/nfs/spectre/u4/jin/research/experiments/grep/docs/grep_2.4/lib/locale"
        -:   23:/*#define _FILE_OFFSET_BITS 32 */  /** I change this line in config.h from 64 to 32 **/
        -:   24:
        -:   25:/*** end of added for cfe ****/ 
        -:   26:#ifdef HAVE_CONFIG_H
        -:   27:# include <config.h>
        -:   28:#define flag_config 1
        -:   29:#endif
        -:   30:#include <sys/types.h>
        -:   31:#define flag_systypes 1
        -:   32:#include <sys/stat.h>
        -:   33:#if defined(HAVE_MMAP)
        -:   34:# include <sys/mman.h>
        -:   35:#endif
        -:   36:#if defined(HAVE_SETRLIMIT)
        -:   37:# include <sys/time.h>
        -:   38:# include <sys/resource.h>
        -:   39:#endif
        -:   40:#include <stdio.h>
        -:   41:
        -:   42:/*******IMPORTANT CHANGE for let stderr redirect to a file *******/
        -:   43:#undef stderr
        -:   44:#define stderr stdout
        -:   45:/******* FINISH IMPORTANT CHANGE *********/
        -:   46:
        -:   47:#include "system.h"
        -:   48:#include "getopt.h"
        -:   49:#include "getpagesize.h"
        -:   50:#include "grep.h"
        -:   51:#include "savedir.h"
        -:   52:
        -:   53:#undef MAX
        -:   54:#define MAX(A,B) ((A) > (B) ? (A) : (B))
        -:   55:
        -:   56:struct stats
        -:   57:{
        -:   58:  struct stats *parent;
        -:   59:  struct stat stat;
        -:   60:};
        -:   61:
        -:   62:/* base of chain of stat buffers, used to detect directory loops */
        -:   63:static struct stats stats_base;
        -:   64:
        -:   65:/* if non-zero, display usage information and exit */
        -:   66:static int show_help;
        -:   67:
        -:   68:/* If non-zero, print the version on standard output and exit.  */
        -:   69:static int show_version;
        -:   70:
        -:   71:/* If nonzero, use mmap if possible.  */
        -:   72:static int mmap_option;
        -:   73:
        -:   74:/* Short options.  */
        -:   75:static char const short_options[] =
        -:   76:"0123456789A:B:C::EFGHUVX:abcd:e:f:hiLlnqrsuvwxyZz";
        -:   77:
        -:   78:/* Long options equivalences. */
        -:   79:static struct option long_options[] =
        -:   80:{
        -:   81:  {"after-context", required_argument, NULL, 'A'},
        -:   82:  {"basic-regexp", no_argument, NULL, 'G'},
        -:   83:  {"before-context", required_argument, NULL, 'B'},
        -:   84:  {"byte-offset", no_argument, NULL, 'b'},
        -:   85:  {"context", optional_argument, NULL, 'C'},
        -:   86:  {"count", no_argument, NULL, 'c'},
        -:   87:  {"directories", required_argument, NULL, 'd'},
        -:   88:  {"extended-regexp", no_argument, NULL, 'E'},
        -:   89:  {"file", required_argument, NULL, 'f'},
        -:   90:  {"files-with-matches", no_argument, NULL, 'l'},
        -:   91:  {"files-without-match", no_argument, NULL, 'L'},
        -:   92:  {"fixed-regexp", no_argument, NULL, 'F'},
        -:   93:  {"fixed-strings", no_argument, NULL, 'F'},
        -:   94:  {"help", no_argument, &show_help, 1},
        -:   95:  {"ignore-case", no_argument, NULL, 'i'},
        -:   96:  {"line-number", no_argument, NULL, 'n'},
        -:   97:  {"line-regexp", no_argument, NULL, 'x'},
        -:   98:  {"mmap", no_argument, &mmap_option, 1},
        -:   99:  {"no-filename", no_argument, NULL, 'h'},
        -:  100:  {"no-messages", no_argument, NULL, 's'},
        -:  101:  {"null", no_argument, NULL, 'Z'},
        -:  102:  {"null-data", no_argument, NULL, 'z'},
        -:  103:  {"quiet", no_argument, NULL, 'q'},
        -:  104:  {"recursive", no_argument, NULL, 'r'},
        -:  105:  {"regexp", required_argument, NULL, 'e'},
        -:  106:  {"invert-match", no_argument, NULL, 'v'},
        -:  107:  {"silent", no_argument, NULL, 'q'},
        -:  108:  {"text", no_argument, NULL, 'a'},
        -:  109:  {"binary", no_argument, NULL, 'U'},
        -:  110:  {"unix-byte-offsets", no_argument, NULL, 'u'},
        -:  111:  {"version", no_argument, NULL, 'V'},
        -:  112:  {"with-filename", no_argument, NULL, 'H'},
        -:  113:  {"word-regexp", no_argument, NULL, 'w'},
        -:  114:  {0, 0, 0, 0}
        -:  115:};
        -:  116:
        -:  117:/* Define flags declared in grep.h. */
        -:  118:int match_icase;
        -:  119:int match_words;
        -:  120:int match_lines;
        -:  121:unsigned char eolbyte;
        -:  122:
        -:  123:/* For error messages. */
        -:  124:static char *prog;
        -:  125:static char const *filename;
        -:  126:static int errseen;
        -:  127:
        -:  128:/* How to handle directories.  */
        -:  129:static enum
        -:  130:  {
        -:  131:    READ_DIRECTORIES,
        -:  132:    RECURSE_DIRECTORIES,
        -:  133:    SKIP_DIRECTORIES
        -:  134:  } directories;
        -:  135:
        -:  136:static int  ck_atoi PARAMS ((char const *, int *));
        -:  137:static void usage PARAMS ((int)) __attribute__((noreturn));
        -:  138:static void error PARAMS ((const char *, int));
        -:  139:static void setmatcher PARAMS ((char const *));
        -:  140:static int  install_matcher PARAMS ((char const *));
        -:  141:static int  prepend_args PARAMS ((char const *, char *, char **));
        -:  142:static void prepend_default_options PARAMS ((char const *, int *, char ***));
        -:  143:static char *page_alloc PARAMS ((size_t, char **));
        -:  144:static int  reset PARAMS ((int, char const *, struct stats *));
        -:  145:static int  fillbuf PARAMS ((size_t, struct stats *));
        -:  146:static int  grepbuf PARAMS ((char *, char *));
        -:  147:static void prtext PARAMS ((char *, char *, int *));
        -:  148:static void prpending PARAMS ((char *));
        -:  149:static void prline PARAMS ((char *, char *, int));
        -:  150:static void print_offset_sep PARAMS ((off_t, int));
        -:  151:static void nlscan PARAMS ((char *));
        -:  152:static int  grep PARAMS ((int, char const *, struct stats *));
        -:  153:static int  grepdir PARAMS ((char const *, struct stats *));
        -:  154:static int  grepfile PARAMS ((char const *, struct stats *));
        -:  155:#if O_BINARY
        -:  156:static inline int undossify_input PARAMS ((register char *, size_t));
        -:  157:#endif
        -:  158:
        -:  159:/* Functions we'll use to search. */
        -:  160:static void (*compile) PARAMS ((char *, size_t));
        -:  161:static char *(*execute) PARAMS ((char *, size_t, char **));
        -:  162:
        -:  163:/* Print a message and possibly an error string.  Remember
        -:  164:   that something awful happened. */
        -:  165:static void
function error called 86 returned 100% blocks executed 100%
       86:  166:error (mesg, errnum)
        -:  167:     const char *mesg;
        -:  168:     int errnum;
        -:  169:{
       86:  170:  if (errnum)
branch  0 taken 21 (fallthrough)
branch  1 taken 65
       21:  171:    fprintf (stderr, "%s: %s: %s\n", prog, mesg, strerror (errnum));
call    0 returned 21
call    1 returned 21
        -:  172:  else
       65:  173:    fprintf (stderr, "%s: %s\n", prog, mesg);
call    0 returned 65
       86:  174:  errseen = 1;
       86:  175:}
        -:  176:
        -:  177:/* Like error (), but die horribly after printing. */
        -:  178:void
function fatal called 79 returned 0% blocks executed 100%
       79:  179:fatal (mesg, errnum)
        -:  180:     const char *mesg;
        -:  181:     int errnum;
        -:  182:{
       79:  183:  error (mesg, errnum);
call    0 returned 79
       79:  184:  exit (2);
        -:  185:}
        -:  186:
        -:  187:/* Interface to handle errors and fix library lossage. */
        -:  188:char *
function xmalloc called 2763 returned 100% blocks executed 80%
     2763:  189:xmalloc (size)
        -:  190:     size_t size;
        -:  191:{
        -:  192:  char *result;
        -:  193:
     2763:  194:  result = malloc (size);
     2763:  195:  if (size && !result)
branch  0 taken 2763 (fallthrough)
branch  1 taken 0
branch  2 taken 0 (fallthrough)
branch  3 taken 2763
    #####:  196:    fatal (_("memory exhausted"), 0);
call    0 never executed
     2763:  197:  return result;
        -:  198:}
        -:  199:
        -:  200:/* Interface to handle errors and fix some library lossage. */
        -:  201:char *
function xrealloc called 37 returned 100% blocks executed 88%
       37:  202:xrealloc (ptr, size)
        -:  203:     char *ptr;
        -:  204:     size_t size;
        -:  205:{
        -:  206:  char *result;
        -:  207:
       37:  208:  if (ptr)
branch  0 taken 28 (fallthrough)
branch  1 taken 9
       28:  209:    result = realloc (ptr, size);
        -:  210:  else
        9:  211:    result = malloc (size);
       37:  212:  if (size && !result)
branch  0 taken 37 (fallthrough)
branch  1 taken 0
branch  2 taken 0 (fallthrough)
branch  3 taken 37
    #####:  213:    fatal (_("memory exhausted"), 0);
call    0 never executed
       37:  214:  return result;
        -:  215:}
        -:  216:
        -:  217:/* Convert STR to a positive integer, storing the result in *OUT.
        -:  218:   If STR is not a valid integer, return -1 (otherwise 0). */
        -:  219:static int
function ck_atoi called 6 returned 100% blocks executed 100%
        6:  220:ck_atoi (str, out)
        -:  221:     char const *str;
        -:  222:     int *out;
        -:  223:{
        -:  224:  char const *p;
       10:  225:  for (p = str; *p; p++)
branch  0 taken 6
branch  1 taken 4 (fallthrough)
        6:  226:    if (*p < '0' || *p > '9')
branch  0 taken 4 (fallthrough)
branch  1 taken 2
branch  2 taken 0 (fallthrough)
branch  3 taken 4
        2:  227:      return -1;
        -:  228:
        4:  229:  *out = atoi (optarg);
        4:  230:  return 0;
        -:  231:}
        -:  232:
        -:  233:
        -:  234:/* Hairy buffering mechanism for grep.  The intent is to keep
        -:  235:   all reads aligned on a page boundary and multiples of the
        -:  236:   page size. */
        -:  237:
        -:  238:static char *ubuffer;		/* Unaligned base of buffer. */
        -:  239:static char *buffer;		/* Base of buffer. */
        -:  240:static size_t bufsalloc;	/* Allocated size of buffer save region. */
        -:  241:static size_t bufalloc;		/* Total buffer size. */
        -:  242:#define PREFERRED_SAVE_FACTOR 5	/* Preferred value of bufalloc / bufsalloc.  */
        -:  243:static int bufdesc;		/* File descriptor. */
        -:  244:static char *bufbeg;		/* Beginning of user-visible stuff. */
        -:  245:static char *buflim;		/* Limit of user-visible stuff. */
        -:  246:static size_t pagesize;		/* alignment of memory pages */
        -:  247:static off_t bufoffset;		/* Read offset; defined on regular files.  */
        -:  248:
        -:  249:#if defined(HAVE_MMAP)
        -:  250:static int bufmapped;		/* True if buffer is memory-mapped.  */
        -:  251:static off_t initial_bufoffset;	/* Initial value of bufoffset. */
        -:  252:#endif
        -:  253:
        -:  254:/* Return VAL aligned to the next multiple of ALIGNMENT.  VAL can be
        -:  255:   an integer or a pointer.  Both args must be free of side effects.  */
        -:  256:#define ALIGN_TO(val, alignment) \
        -:  257:  ((size_t) (val) % (alignment) == 0 \
        -:  258:   ? (val) \
        -:  259:   : (val) + ((alignment) - (size_t) (val) % (alignment)))
        -:  260:
        -:  261:/* Return the address of a page-aligned buffer of size SIZE,
        -:  262:   reallocating it from *UP.  Set *UP to the newly allocated (but
        -:  263:   possibly unaligned) buffer used to build the aligned buffer.  To
        -:  264:   free the buffer, free (*UP).  */
        -:  265:static char *
function page_alloc called 720 returned 100% blocks executed 73%
      720:  266:page_alloc (size, up)
        -:  267:     size_t size;
        -:  268:     char **up;
        -:  269:{
      720:  270:  size_t asize = size + pagesize - 1;
      720:  271:  if (size <= asize)
branch  0 taken 720 (fallthrough)
branch  1 taken 0
        -:  272:    {
        -:  273:      #ifndef FAULTY_F_DG_9
     720*:  274:      char *p = *up ? realloc (*up, asize) : malloc (asize);
branch  0 taken 0 (fallthrough)
branch  1 taken 720
        -:  275:      #else
        -:  276:      char *p = *up ? malloc (asize) : realloc (*up, asize);
        -:  277:      #endif
      720:  278:      if (p)
branch  0 taken 720 (fallthrough)
branch  1 taken 0
        -:  279:	{
        -:  280:	#ifndef FAULTY_F_KP_8
      720:  281:	  *up = p;
        -:  282:	#else	
        -:  283:	  /* nothing to put here */
        -:  284:	#endif
     720*:  285:	  return ALIGN_TO (p, pagesize);
branch  0 taken 720 (fallthrough)
branch  1 taken 0
        -:  286:	}
        -:  287:    }
    #####:  288:  return NULL;
        -:  289:}
        -:  290:
        -:  291:/* Reset the buffer for a new file, returning zero if we should skip it.
        -:  292:   Initialize on the first time through. */
        -:  293:static int
function reset called 1696 returned 100% blocks executed 66%
     1696:  294:reset (fd, file, stats)
        -:  295:     int fd;
        -:  296:     char const *file;
        -:  297:     struct stats *stats;
        -:  298:{
     1696:  299:  if (pagesize)
branch  0 taken 976 (fallthrough)
branch  1 taken 720
     976*:  300:    bufsalloc = ALIGN_TO (bufalloc / PREFERRED_SAVE_FACTOR, pagesize);
branch  0 taken 976 (fallthrough)
branch  1 taken 0
        -:  301:  else
        -:  302:    {
        -:  303:      size_t ubufsalloc;
      720:  304:      pagesize = getpagesize ();
      720:  305:      if (pagesize == 0)
branch  0 taken 0 (fallthrough)
branch  1 taken 720
    #####:  306:	abort ();
call    0 never executed
        -:  307:#ifndef BUFSALLOC
      720:  308:      ubufsalloc = MAX (8192, pagesize);
        -:  309:#else
        -:  310:      ubufsalloc = BUFSALLOC;
        -:  311:#endif
     720*:  312:      bufsalloc = ALIGN_TO (ubufsalloc, pagesize);
branch  0 taken 0 (fallthrough)
branch  1 taken 720
      720:  313:      bufalloc = PREFERRED_SAVE_FACTOR * bufsalloc;
        -:  314:      /* The 1 byte of overflow is a kludge for dfaexec(), which
        -:  315:	 inserts a sentinel newline at the end of the buffer
        -:  316:	 being searched.  There's gotta be a better way... */
      720:  317:      if (bufsalloc < ubufsalloc
branch  0 taken 720 (fallthrough)
branch  1 taken 0
        -:  318:#ifndef FAULTY_F_KP_1
      720:  319:	  || bufalloc / PREFERRED_SAVE_FACTOR != bufsalloc
branch  0 taken 720 (fallthrough)
branch  1 taken 0
        -:  320:#else
        -:  321:		/* nothing here */
        -:  322:#endif
      720:  323:	  || bufalloc + 1 < bufalloc
branch  0 taken 720 (fallthrough)
branch  1 taken 0
      720:  324:	  || ! (buffer = page_alloc (bufalloc + 1, &ubuffer)))
call    0 returned 720
branch  1 taken 0 (fallthrough)
branch  2 taken 720
    #####:  325:	fatal (_("memory exhausted"), 0);
call    0 never executed
        -:  326:    }
        -:  327:
     1696:  328:  buflim = buffer;
     1696:  329:  bufdesc = fd;
        -:  330:
     1696:  331:  if (fstat (fd, &stats->stat) != 0)
call    0 returned 1696
branch  1 taken 0 (fallthrough)
branch  2 taken 1696
        -:  332:    {
    #####:  333:      error ("fstat", errno);
call    0 never executed
    #####:  334:      return 0;
        -:  335:    }
    1696*:  336:  if (directories == SKIP_DIRECTORIES && S_ISDIR (stats->stat.st_mode))
branch  0 taken 0 (fallthrough)
branch  1 taken 1696
branch  2 never executed
branch  3 never executed
    #####:  337:    return 0;
     1696:  338:  if (S_ISREG (stats->stat.st_mode))
branch  0 taken 1696 (fallthrough)
branch  1 taken 0
        -:  339:    {
     1696:  340:      if (file)
branch  0 taken 1687 (fallthrough)
branch  1 taken 9
     1687:  341:	bufoffset = 0;
        -:  342:      else
        -:  343:	{
        9:  344:	  bufoffset = lseek (fd, 0, SEEK_CUR);
call    0 returned 9
        9:  345:	  if (bufoffset < 0)
branch  0 taken 0 (fallthrough)
branch  1 taken 9
        -:  346:	    {
    #####:  347:	      error ("lseek", errno);
call    0 never executed
    #####:  348:	      return 0;
        -:  349:	    }
        -:  350:	}
        -:  351:#ifdef HAVE_MMAP
     1696:  352:      initial_bufoffset = bufoffset;
        -:  353:      #ifndef FAULTY_F_DG_6
    1696*:  354:      bufmapped = mmap_option && bufoffset % pagesize == 0;
branch  0 taken 0 (fallthrough)
branch  1 taken 1696
branch  2 never executed
branch  3 never executed
        -:  355:      #else
        -:  356:      bufmapped = mmap_option || bufoffset % pagesize == 0;
        -:  357:      #endif
        -:  358:#endif
        -:  359:    }
        -:  360:  else
        -:  361:    {
        -:  362:#ifdef HAVE_MMAP
    #####:  363:      bufmapped = 0;
        -:  364:#endif
        -:  365:    }
     1696:  366:  return 1;
        -:  367:}
        -:  368:
        -:  369:/* Read new stuff into the buffer, saving the specified
        -:  370:   amount of old stuff.  When we're done, 'bufbeg' points
        -:  371:   to the beginning of the buffer contents, and 'buflim'
        -:  372:   points just after the end.  Return zero if there's an error.  */
        -:  373:static int
function fillbuf called 9127 returned 100% blocks executed 21%
     9127:  374:fillbuf (save, stats)
        -:  375:     size_t save;
        -:  376:     struct stats *stats;
        -:  377:{
     9127:  378:  size_t fillsize = 0;
     9127:  379:  int cc = 1;
        -:  380:  size_t readsize;
        -:  381:
        -:  382:  /* Offset from start of unaligned buffer to start of old stuff
        -:  383:     that we want to save.  */
     9127:  384:  size_t saved_offset = buflim - ubuffer - save;
        -:  385:
        -:  386:#ifndef FAULTY_F_KP_6
     9127:  387:  if (bufsalloc < save)
branch  0 taken 0 (fallthrough)
branch  1 taken 9127
        -:  388:#else
        -:  389:  if (bufsalloc > save)
        -:  390:#endif
        -:  391:    {
    #####:  392:      size_t aligned_save = ALIGN_TO (save, pagesize);
branch  0 never executed
branch  1 never executed
    #####:  393:      size_t maxalloc = (size_t) -1;
        -:  394:      size_t newalloc;
        -:  395:
    #####:  396:      if (S_ISREG (stats->stat.st_mode))
branch  0 never executed
branch  1 never executed
        -:  397:	{
        -:  398:	  /* Calculate an upper bound on how much memory we should allocate.
        -:  399:	     We can't use ALIGN_TO here, since off_t might be longer than
        -:  400:	     size_t.  Watch out for arithmetic overflow.  */
    #####:  401:	  off_t to_be_read = stats->stat.st_size - bufoffset;
    #####:  402:	  size_t slop = to_be_read % pagesize;
    #####:  403:	  off_t aligned_to_be_read = to_be_read + (slop ? pagesize - slop : 0);
branch  0 never executed
branch  1 never executed
    #####:  404:	  off_t maxalloc_off = aligned_save + aligned_to_be_read;
    #####:  405:	  if (0 <= maxalloc_off && maxalloc_off == (size_t) maxalloc_off)
branch  0 never executed
branch  1 never executed
    #####:  406:	    maxalloc = maxalloc_off;
        -:  407:	}
        -:  408:
        -:  409:      /* Grow bufsalloc until it is at least as great as `save'; but
        -:  410:	 if there is an overflow, just grow it to the next page boundary.  */
    #####:  411:      while (bufsalloc < save)
branch  0 never executed
branch  1 never executed
    #####:  412:	if (bufsalloc < bufsalloc * 2)
branch  0 never executed
branch  1 never executed
    #####:  413:	  bufsalloc *= 2;
        -:  414:	else
        -:  415:	  {
    #####:  416:	    bufsalloc = aligned_save;
    #####:  417:	    break;
        -:  418:	  }
        -:  419:
        -:  420:      /* Grow the buffer size to be PREFERRED_SAVE_FACTOR times
        -:  421:	 bufsalloc....  */
    #####:  422:      newalloc = PREFERRED_SAVE_FACTOR * bufsalloc;
    #####:  423:      if (maxalloc < newalloc)
branch  0 never executed
branch  1 never executed
        -:  424:	{
        -:  425:	  /* ... except don't grow it more than a pagesize past the
        -:  426:	     file size, as that might cause unnecessary memory
        -:  427:	     exhaustion if the file is large.  */
    #####:  428:	  newalloc = maxalloc;
    #####:  429:	  bufsalloc = aligned_save;
        -:  430:	}
        -:  431:
        -:  432:      /* Check that the above calculations made progress, which might
        -:  433:         not occur if there is arithmetic overflow.  If there's no
        -:  434:	 progress, or if the new buffer size is larger than the old
        -:  435:	 and buffer reallocation fails, report memory exhaustion.  */
    #####:  436:      if (bufsalloc < save || newalloc < save
branch  0 never executed
branch  1 never executed
branch  2 never executed
branch  3 never executed
    #####:  437:	  || (newalloc == save && newalloc != maxalloc)
branch  0 never executed
branch  1 never executed
branch  2 never executed
branch  3 never executed
    #####:  438:	  || (bufalloc < newalloc
branch  0 never executed
branch  1 never executed
    #####:  439:	      && ! (buffer
    #####:  440:		    = page_alloc ((bufalloc = newalloc) + 1, &ubuffer))))
call    0 never executed
branch  1 never executed
branch  2 never executed
    #####:  441:	fatal (_("memory exhausted"), 0);
call    0 never executed
        -:  442:    }
        -:  443:
        -:  444:  #ifndef FAULTY_F_DG_2
     9127:  445:  bufbeg = buffer + bufsalloc - save;
     9127:  446:  memmove (bufbeg, ubuffer + saved_offset, save);
     9127:  447:  readsize = bufalloc - bufsalloc;
        -:  448:
        -:  449:  #else
        -:  450:  bufbeg = buffer + bufsalloc - save;
        -:  451:  memmove (bufbeg, ubuffer + saved_offset, save);
        -:  452:  readsize = bufsalloc - bufalloc;
        -:  453:
        -:  454:  #endif
        -:  455:#if defined(HAVE_MMAP)
     9127:  456:  if (bufmapped)
branch  0 taken 0 (fallthrough)
branch  1 taken 9127
        -:  457:    {
    #####:  458:      size_t mmapsize = readsize;
        -:  459:
        -:  460:      /* Don't mmap past the end of the file; some hosts don't allow this.
        -:  461:	 Use `read' on the last page.  */
    #####:  462:      if (stats->stat.st_size - bufoffset < mmapsize)
branch  0 never executed
branch  1 never executed
        -:  463:	{
    #####:  464:	  mmapsize = stats->stat.st_size - bufoffset;
    #####:  465:	  mmapsize -= mmapsize % pagesize;
        -:  466:	}
        -:  467:
    #####:  468:      if (mmapsize
branch  0 never executed
branch  1 never executed
    #####:  469:	  && (mmap ((caddr_t) (buffer + bufsalloc), mmapsize,
call    0 never executed
branch  1 never executed
branch  2 never executed
        -:  470:		    PROT_READ | PROT_WRITE, MAP_PRIVATE | MAP_FIXED,
        -:  471:		    bufdesc, bufoffset)
        -:  472:	      != (caddr_t) -1))
        -:  473:	{
        -:  474:	  /* Do not bother to use madvise with MADV_SEQUENTIAL or
        -:  475:	     MADV_WILLNEED on the mmapped memory.  One might think it
        -:  476:	     would help, but it slows us down about 30% on SunOS 4.1.  */
    #####:  477:	  fillsize = mmapsize;
        -:  478:	}
        -:  479:      else
        -:  480:	{
        -:  481:	  /* Stop using mmap on this file.  Synchronize the file
        -:  482:	     offset.  Do not warn about mmap failures.  On some hosts
        -:  483:	     (e.g. Solaris 2.5) mmap can fail merely because some
        -:  484:	     other process has an advisory read lock on the file.
        -:  485:	     There's no point alarming the user about this misfeature.  */
    #####:  486:	  bufmapped = 0;
    #####:  487:	  if (bufoffset != initial_bufoffset
branch  0 never executed
branch  1 never executed
    #####:  488:	      && lseek (bufdesc, bufoffset, SEEK_SET) < 0)
call    0 never executed
branch  1 never executed
branch  2 never executed
        -:  489:	    {
    #####:  490:	      error ("lseek", errno);
call    0 never executed
    #####:  491:	      cc = 0;
        -:  492:	    }
        -:  493:	}
        -:  494:    }
        -:  495:#endif /*HAVE_MMAP*/
        -:  496:  #ifndef FAULTY_F_DG_3
        -:  497:
     9127:  498:  if (! fillsize)
branch  0 taken 9127 (fallthrough)
branch  1 taken 0
    #####:  499:    {
        -:  500:      ssize_t bytesread;
     9127:  501:      while ((bytesread = read (bufdesc, buffer + bufsalloc, readsize)) < 0
call    0 returned 9127
    9127*:  502:	     && errno == EINTR)
branch  0 taken 0 (fallthrough)
branch  1 taken 9127
branch  2 never executed
branch  3 never executed
    #####:  503:	continue;
     9127:  504:      if (bytesread < 0)
branch  0 taken 0 (fallthrough)
branch  1 taken 9127
    #####:  505:	cc = 0;
        -:  506:      else
     9127:  507:	fillsize = bytesread;
        -:  508:    }
        -:  509:
     9127:  510:  bufoffset += fillsize;
        -:  511:  #else
        -:  512:
        -:  513:  if (! fillsize)
        -:  514:    {
        -:  515:      ssize_t bytesread;
        -:  516:      while ((bytesread = read (bufdesc, buffer, readsize)) < 0
        -:  517:	     && errno == EINTR)
        -:  518:	continue;
        -:  519:      if (bytesread < 0)
        -:  520:	cc = 0;
        -:  521:      else
        -:  522:	fillsize = bytesread;
        -:  523:    }
        -:  524:
        -:  525:  bufoffset += fillsize;
        -:  526:  #endif
        -:  527:#if O_BINARY
        -:  528:  if (fillsize)
        -:  529:    fillsize = undossify_input (buffer + bufsalloc, fillsize);
        -:  530:#endif
     9127:  531:  buflim = buffer + bufsalloc + fillsize;
     9127:  532:  return cc;
        -:  533:}
        -:  534:
        -:  535:/* Flags controlling the style of output. */
        -:  536:static int always_text;		/* Assume the input is always text. */
        -:  537:static int filename_mask;	/* If zero, output nulls after filenames.  */
        -:  538:static int out_quiet;		/* Suppress all normal output. */
        -:  539:static int out_invert;		/* Print nonmatching stuff. */
        -:  540:static int out_file;		/* Print filenames. */
        -:  541:static int out_line;		/* Print line numbers. */
        -:  542:static int out_byte;		/* Print byte offsets. */
        -:  543:static int out_before;		/* Lines of leading context. */
        -:  544:static int out_after;		/* Lines of trailing context. */
        -:  545:static int count_matches;	/* Count matching lines.  */
        -:  546:static int list_files;		/* List matching files.  */
        -:  547:static int no_filenames;	/* Suppress file names.  */
        -:  548:static int suppress_errors;	/* Suppress diagnostics.  */
        -:  549:
        -:  550:/* Internal variables to keep track of byte count, context, etc. */
        -:  551:static off_t totalcc;		/* Total character count before bufbeg. */
        -:  552:static char *lastnl;		/* Pointer after last newline counted. */
        -:  553:static char *lastout;		/* Pointer after last character output;
        -:  554:				   NULL if no character has been output
        -:  555:				   or if it's conceptually before bufbeg. */
        -:  556:static off_t totalnl;		/* Total newline count before lastnl. */
        -:  557:static int pending;		/* Pending lines of output. */
        -:  558:static int done_on_match;		/* Stop scanning file on first match */
        -:  559:
        -:  560:#if O_BINARY
        -:  561:# include "dosbuf.c"
        -:  562:#endif
        -:  563:
        -:  564:static void
function nlscan called 200659 returned 100% blocks executed 100%
   200659:  565:nlscan (lim)
        -:  566:     char *lim;
        -:  567:{
        -:  568:  char *beg;
   417243:  569:  for (beg = lastnl;  (beg = memchr (beg, eolbyte, lim - beg));  beg++)
branch  0 taken 216584
branch  1 taken 200659 (fallthrough)
   216584:  570:    totalnl++;
        -:  571:  #ifndef FAULTY_F_DG_4
   200659:  572:  lastnl = lim;
        -:  573:  #else
        -:  574:  lastnl = beg;
        -:  575:  #endif
   200659:  576:}
        -:  577:
        -:  578:static void
function print_offset_sep called 397777 returned 100% blocks executed 100%
   397777:  579:print_offset_sep (pos, sep)
        -:  580:     off_t pos;
        -:  581:     int sep;
        -:  582:{
        -:  583:  /* Do not rely on printf to print pos, since off_t may be longer than long,
        -:  584:     and long long is not portable.  */
        -:  585:
        -:  586:  char buf[sizeof pos * CHAR_BIT];
   397777:  587:  char *p = buf + sizeof buf - 1;
   397777:  588:  *p = sep;
        -:  589:
        -:  590:  do
  1911863:  591:    *--p = '0' + pos % 10;
  1911863:  592:  while ((pos /= 10) != 0);
branch  0 taken 1514086
branch  1 taken 397777 (fallthrough)
        -:  593:
   397777:  594:  fwrite (p, 1, buf + sizeof buf - p, stdout);
call    0 returned 397777
   397777:  595:}
        -:  596:
        -:  597:static void
function prline called 828135 returned 100% blocks executed 92%
   828135:  598:prline (beg, lim, sep)
        -:  599:     char *beg;
        -:  600:     char *lim;
        -:  601:     int sep;
        -:  602:{
   828135:  603:  if (out_file)
branch  0 taken 162037 (fallthrough)
branch  1 taken 666098
        -:  604:  #ifndef FAULTY_F_KP_7
   162037:  605:    printf ("%s%c", filename, sep & filename_mask);
call    0 returned 162037
        -:  606:  #else
        -:  607:    printf ("%s%c", filename, sep | filename_mask);
        -:  608:  #endif
   828135:  609:  if (out_line)
branch  0 taken 200262 (fallthrough)
branch  1 taken 627873
        -:  610:    {
   200262:  611:      nlscan (beg);
call    0 returned 200262
   200262:  612:      print_offset_sep (++totalnl, sep);
call    0 returned 200262
   200262:  613:      lastnl = lim;
        -:  614:    }
   828135:  615:  if (out_byte)
branch  0 taken 197515 (fallthrough)
branch  1 taken 630620
        -:  616:    {
   197515:  617:      off_t pos = totalcc + (beg - bufbeg);
        -:  618:#if O_BINARY
        -:  619:      pos = dossified_pos (pos);
        -:  620:#endif
   197515:  621:      print_offset_sep (pos, sep);
call    0 returned 197515
        -:  622:    }
   828135:  623:  fwrite (beg, 1, lim - beg, stdout);
call    0 returned 828135
   828135:  624:  if (ferror (stdout))
call    0 returned 828135
branch  1 taken 0 (fallthrough)
branch  2 taken 828135
    #####:  625:    error (_("writing output"), errno);
call    0 never executed
   828135:  626:  lastout = lim;
   828135:  627:}
        -:  628:
        -:  629:/* Print pending lines of trailing context prior to LIM. */
        -:  630:static void
function prpending called 2625 returned 100% blocks executed 80%
     2625:  631:prpending (lim)
        -:  632:     char *lim;
        -:  633:{
        -:  634:  char *nl;
        -:  635:
     2625:  636:  if (!lastout)
branch  0 taken 0 (fallthrough)
branch  1 taken 2625
    #####:  637:    lastout = bufbeg;
    10807:  638:  while (pending > 0 && lastout < lim)
branch  0 taken 9066 (fallthrough)
branch  1 taken 1741
branch  2 taken 8182
branch  3 taken 884 (fallthrough)
        -:  639:    {
     8182:  640:      --pending;
     8182:  641:      if ((nl = memchr (lastout, eolbyte, lim - lastout)) != 0)
branch  0 taken 8182 (fallthrough)
branch  1 taken 0
     8182:  642:	++nl;
        -:  643:      else
    #####:  644:	nl = lim;
     8182:  645:      prline (lastout, nl, '-');
call    0 returned 8182
        -:  646:    }
     2625:  647:}
        -:  648:
        -:  649:/* Print the lines between BEG and LIM.  Deal with context crap.
        -:  650:   If NLINESP is non-null, store a count of lines between BEG and LIM. */
        -:  651:static void
function prtext called 546870 returned 100% blocks executed 100%
   546870:  652:prtext (beg, lim, nlinesp)
        -:  653:     char *beg;
        -:  654:     char *lim;
        -:  655:     int *nlinesp;
        -:  656:{
        -:  657:  static int used;		/* avoid printing "--" before any output */
        -:  658:  char *bp, *p, *nl;
   546870:  659:  char eol = eolbyte;
        -:  660:  int i, n;
        -:  661:
   546870:  662:  if (!out_quiet && pending > 0)
branch  0 taken 468410 (fallthrough)
branch  1 taken 78460
branch  2 taken 2544 (fallthrough)
branch  3 taken 465866
     2544:  663:    prpending (beg);
call    0 returned 2544
        -:  664:
   546870:  665:  p = beg;
        -:  666:
   546870:  667:  if (!out_quiet)
branch  0 taken 468410 (fallthrough)
branch  1 taken 78460
        -:  668:    {
        -:  669:      /* Deal with leading context crap. */
        -:  670:
   468410:  671:      bp = lastout ? lastout : bufbeg;
branch  0 taken 465808 (fallthrough)
branch  1 taken 2602
   479078:  672:      for (i = 0; i < out_before; ++i)
branch  0 taken 10668
branch  1 taken 468410 (fallthrough)
    10668:  673:	if (p > bp)
branch  0 taken 5207 (fallthrough)
branch  1 taken 5461
        -:  674:	  do
   140669:  675:	    --p;
   140669:  676:	  while (p > bp && p[-1] != eol);
branch  0 taken 140302 (fallthrough)
branch  1 taken 367
branch  2 taken 135462
branch  3 taken 4840 (fallthrough)
        -:  677:
        -:  678:      /* We only print the "--" separator if our output is
        -:  679:	 discontiguous from the last output in the file. */
   468410:  680:      if ((out_before || out_after) && used && p != lastout)
branch  0 taken 465796 (fallthrough)
branch  1 taken 2614
branch  2 taken 260 (fallthrough)
branch  3 taken 465536
branch  4 taken 2857 (fallthrough)
branch  5 taken 17
branch  6 taken 1470 (fallthrough)
branch  7 taken 1387
     1470:  681:	puts ("--");
call    0 returned 1470
        -:  682:
   473617:  683:      while (p < beg)
branch  0 taken 5207
branch  1 taken 468410 (fallthrough)
        -:  684:	{
     5207:  685:	  nl = memchr (p, eol, beg - p);
     5207:  686:	  prline (p, nl + 1, '-');
call    0 returned 5207
     5207:  687:	  p = nl + 1;
        -:  688:	}
        -:  689:    }
        -:  690:
   546870:  691:  if (nlinesp)
branch  0 taken 3217 (fallthrough)
branch  1 taken 543653
        -:  692:    {
        -:  693:      /* Caller wants a line count. */
   487952:  694:      for (n = 0; p < lim; ++n)
branch  0 taken 484735
branch  1 taken 3217 (fallthrough)
        -:  695:	{
   484735:  696:	  if ((nl = memchr (p, eol, lim - p)) != 0)
branch  0 taken 484661 (fallthrough)
branch  1 taken 74
   484661:  697:	    ++nl;
        -:  698:	  else
       74:  699:	    nl = lim;
   484735:  700:	  if (!out_quiet)
branch  0 taken 348688 (fallthrough)
branch  1 taken 136047
   348688:  701:	    prline (p, nl, ':');
call    0 returned 348688
   484735:  702:	  p = nl;
        -:  703:	}
     3217:  704:      *nlinesp = n;
        -:  705:    }
        -:  706:  else
   543653:  707:    if (!out_quiet)
branch  0 taken 466058 (fallthrough)
branch  1 taken 77595
   466058:  708:      prline (beg, lim, ':');
call    0 returned 466058
        -:  709:
        -:  710:  #ifndef FAULTY_F_DG_5
   546870:  711:  pending = out_quiet ? 0 : out_after;
branch  0 taken 468410 (fallthrough)
branch  1 taken 78460
        -:  712:  #else
        -:  713:  pending = out_invert ? 0 : out_after;
        -:  714:  #endif
   546870:  715:  used = 1;
   546870:  716:}
        -:  717:
        -:  718:/* Scan the specified portion of the buffer, matching lines (or
        -:  719:   between matching lines if OUT_INVERT is true).  Return a count of
        -:  720:   lines printed. */
        -:  721:static int
function grepbuf called 8639 returned 100% blocks executed 86%
     8639:  722:grepbuf (beg, lim)
        -:  723:     char *beg;
        -:  724:     char *lim;
        -:  725:{
        -:  726:  int nlines, n;
        -:  727:  register char *p, *b;
        -:  728:  char *endp;
     8639:  729:  char eol = eolbyte;
        -:  730:
     8639:  731:  nlines = 0;
     8639:  732:  p = beg;
   555494:  733:  while ((b = (*execute)(p, lim - p, &endp)) != 0)
call    0 returned 555494
branch  1 taken 546874
branch  2 taken 8620 (fallthrough)
        -:  734:    {
        -:  735:      /* Avoid matching the empty line at the end of the buffer. */
  546874*:  736:      if (b == lim && ((b > beg && b[-1] == eol) || b == beg))
branch  0 taken 0 (fallthrough)
branch  1 taken 546874
branch  2 never executed
branch  3 never executed
branch  4 never executed
branch  5 never executed
branch  6 never executed
branch  7 never executed
        -:  737:	break;
   546874:  738:      if (!out_invert)
branch  0 taken 543653 (fallthrough)
branch  1 taken 3221
        -:  739:	{
   543653:  740:	  prtext (b, endp, (int *) 0);
call    0 returned 543653
   543653:  741:	  nlines += 1;
   543653:  742:	  if (done_on_match)
branch  0 taken 19 (fallthrough)
branch  1 taken 543634
       19:  743:	    return nlines;
        -:  744:	}
     3221:  745:      else if (p < b)
branch  0 taken 2658 (fallthrough)
branch  1 taken 563
        -:  746:	{
     2658:  747:	  prtext (p, b, &n);
call    0 returned 2658
     2658:  748:	  nlines += n;
        -:  749:	}
   546855:  750:      p = endp;
        -:  751:    }
     8620:  752:  if (out_invert && p < lim)
branch  0 taken 560 (fallthrough)
branch  1 taken 8060
branch  2 taken 559 (fallthrough)
branch  3 taken 1
        -:  753:    {
      559:  754:      prtext (p, lim, &n);
call    0 returned 559
      559:  755:      nlines += n;
        -:  756:    }
     8620:  757:  return nlines;
        -:  758:}
        -:  759:
        -:  760:/* Search a given file.  Normally, return a count of lines printed;
        -:  761:   but if the file is a directory and we search it recursively, then
        -:  762:   return -2 if there was a match, and -1 otherwise.  */
        -:  763:static int
function grep called 1696 returned 100% blocks executed 77%
     1696:  764:grep (fd, file, stats)
        -:  765:     int fd;
        -:  766:     char const *file;
        -:  767:     struct stats *stats;
        -:  768:{
        -:  769:  int nlines, i;
        -:  770:  int not_text;
        -:  771:  size_t residue, save;
        -:  772:  char *beg, *lim;
     1696:  773:  char eol = eolbyte;
        -:  774:
     1696:  775:  if (!reset (fd, file, stats))
call    0 returned 1696
branch  1 taken 0 (fallthrough)
branch  2 taken 1696
    #####:  776:    return 0;
        -:  777:
     1696:  778:  if (file && directories == RECURSE_DIRECTORIES
branch  0 taken 1687 (fallthrough)
branch  1 taken 9
branch  2 taken 0 (fallthrough)
branch  3 taken 1687
    #####:  779:      && S_ISDIR (stats->stat.st_mode))
branch  0 never executed
branch  1 never executed
        -:  780:    {
        -:  781:      /* Close fd now, so that we don't open a lot of file descriptors
        -:  782:	 when we recurse deeply.  */
    #####:  783:      if (close (fd) != 0)
call    0 never executed
branch  1 never executed
branch  2 never executed
    #####:  784:	error (file, errno);
call    0 never executed
    #####:  785:      return grepdir (file, stats) - 2;
call    0 never executed
        -:  786:    }
        -:  787:
     1696:  788:  totalcc = 0;
     1696:  789:  lastout = 0;
     1696:  790:  totalnl = 0;
     1696:  791:  pending = 0;
        -:  792:
     1696:  793:  nlines = 0;
     1696:  794:  residue = 0;
     1696:  795:  save = 0;
        -:  796:
     1696:  797:  if (! fillbuf (save, stats))
call    0 returned 1696
branch  1 taken 0 (fallthrough)
branch  2 taken 1696
        -:  798:    {
    #####:  799:      if (! (is_EISDIR (errno, file) && suppress_errors))
branch  0 never executed
branch  1 never executed
branch  2 never executed
branch  3 never executed
    #####:  800:	error (filename, errno);
call    0 never executed
    #####:  801:      return nlines;
        -:  802:    }
        -:  803:
     3392:  804:  not_text = (! (always_text | out_quiet)
    1696*:  805:	      && memchr (bufbeg, eol ? '\0' : '\200', buflim - bufbeg));
branch  0 taken 1572 (fallthrough)
branch  1 taken 124
branch  2 taken 1572 (fallthrough)
branch  3 taken 0
branch  4 taken 16 (fallthrough)
branch  5 taken 1556
     1696:  806:  done_on_match += not_text;
     1696:  807:  out_quiet += not_text;
        -:  808:
        -:  809:  for (;;)
        -:  810:    {
     9127:  811:      lastnl = bufbeg;
     9127:  812:      if (lastout)
branch  0 taken 790 (fallthrough)
branch  1 taken 8337
      790:  813:	lastout = bufbeg;
     9127:  814:      if (buflim - bufbeg == save)
branch  0 taken 1677 (fallthrough)
branch  1 taken 7450
     1677:  815:	break;
     7450:  816:      beg = bufbeg + save - residue;
   257206:  817:      for (lim = buflim; lim > beg && lim[-1] != eol; --lim)
branch  0 taken 257206 (fallthrough)
branch  1 taken 0
branch  2 taken 249756
branch  3 taken 7450 (fallthrough)
        -:  818:	;
     7450:  819:      residue = buflim - lim;
     7450:  820:      if (beg < lim)
branch  0 taken 7450 (fallthrough)
branch  1 taken 0
        -:  821:	{
     7450:  822:	  nlines += grepbuf (beg, lim);
call    0 returned 7450
     7450:  823:	  if (pending)
branch  0 taken 80 (fallthrough)
branch  1 taken 7370
       80:  824:	    prpending (lim);
call    0 returned 80
     7450:  825:	  if (nlines && done_on_match && !out_invert)
branch  0 taken 4800 (fallthrough)
branch  1 taken 2650
branch  2 taken 127 (fallthrough)
branch  3 taken 4673
branch  4 taken 19 (fallthrough)
branch  5 taken 108
       19:  826:	    goto finish_grep;
        -:  827:	}
     7431:  828:      i = 0;
     7431:  829:      beg = lim;
     8071:  830:      while (i < out_before && beg > bufbeg && beg != lastout)
branch  0 taken 657 (fallthrough)
branch  1 taken 7414
branch  2 taken 657 (fallthrough)
branch  3 taken 0
branch  4 taken 640
branch  5 taken 17 (fallthrough)
        -:  831:	{
      640:  832:	  ++i;
        -:  833:	  do
    18191:  834:	    --beg;
    18191:  835:	  while (beg > bufbeg && beg[-1] != eol);
branch  0 taken 18191 (fallthrough)
branch  1 taken 0
branch  2 taken 17551
branch  3 taken 640 (fallthrough)
        -:  836:	}
     7431:  837:      if (beg != lastout)
branch  0 taken 6641 (fallthrough)
branch  1 taken 790
     6641:  838:	lastout = 0;
     7431:  839:      save = residue + lim - beg;
     7431:  840:      totalcc += buflim - bufbeg - save;
     7431:  841:      if (out_line)
branch  0 taken 397 (fallthrough)
branch  1 taken 7034
      397:  842:	nlscan (beg);
call    0 returned 397
     7431:  843:      if (! fillbuf (save, stats))
call    0 returned 7431
branch  1 taken 0 (fallthrough)
branch  2 taken 7431
        -:  844:	{
    #####:  845:	  if (! (is_EISDIR (errno, file) && suppress_errors))
branch  0 never executed
branch  1 never executed
branch  2 never executed
branch  3 never executed
    #####:  846:	    error (filename, errno);
call    0 never executed
    #####:  847:	  goto finish_grep;
        -:  848:	}
        -:  849:    }
     1677:  850:  if (residue)
branch  0 taken 488 (fallthrough)
branch  1 taken 1189
        -:  851:    {
     1189:  852:      nlines += grepbuf (bufbeg + save - residue, buflim);
call    0 returned 1189
     1189:  853:      if (pending)
branch  0 taken 1188 (fallthrough)
branch  1 taken 1
        1:  854:	prpending (buflim);
call    0 returned 1
        -:  855:    }
        -:  856:
     1676:  857: finish_grep:
     1696:  858:  done_on_match -= not_text;
     1696:  859:  out_quiet -= not_text;
     1696:  860:  if ((not_text & ~out_quiet) && nlines != 0)
branch  0 taken 16 (fallthrough)
branch  1 taken 1680
branch  2 taken 8 (fallthrough)
branch  3 taken 8
        8:  861:    printf (_("Binary file %s matches\n"), filename);
call    0 returned 8
     1696:  862:  return nlines;
        -:  863:}
        -:  864:
        -:  865:static int
function grepfile called 1704 returned 100% blocks executed 59%
     1704:  866:grepfile (file, stats)
        -:  867:     char const *file;
        -:  868:     struct stats *stats;
        -:  869:{
        -:  870:  int desc;
        -:  871:  int count;
        -:  872:  int status;
        -:  873:
    1704*:  874:  if (! file)
branch  0 taken 9 (fallthrough)
branch  1 taken 1695
        -:  875:    {
        9:  876:      desc = 0;
        9:  877:      filename = _("(standard input)");
        -:  878:    }
        -:  879:  else
        -:  880:    {
        -:  881:	#ifndef FAULTY_F_KP_4
     1695:  882:      while ((desc = open (file, O_RDONLY)) < 0 && errno == EINTR)
call    0 returned 1695
branch  1 taken 8 (fallthrough)
branch  2 taken 1687
branch  3 taken 0
branch  4 taken 8 (fallthrough)
        -:  883:	#else
        -:  884:      while ((desc = open (file, O_RDONLY)) < 0 || errno == EINTR)
        -:  885:	#endif
        -:  886:
    #####:  887:	continue;
        -:  888:
     1695:  889:      if (desc < 0)
branch  0 taken 8 (fallthrough)
branch  1 taken 1687
        -:  890:	{
        8:  891:	  int e = errno;
        -:  892:	    
       8*:  893:	  if (is_EISDIR (e, file) && directories == RECURSE_DIRECTORIES)
branch  0 taken 0 (fallthrough)
branch  1 taken 8
branch  2 never executed
branch  3 never executed
        -:  894:	    {
    #####:  895:	      if (stat (file, &stats->stat) != 0)
call    0 never executed
branch  1 never executed
branch  2 never executed
        -:  896:		{
    #####:  897:		  error (file, errno);
call    0 never executed
    #####:  898:		  return 1;
        -:  899:		}
        -:  900:
    #####:  901:	      return grepdir (file, stats);
call    0 never executed
        -:  902:	    }
        -:  903:	      
        8:  904:	  if (!suppress_errors)
branch  0 taken 7 (fallthrough)
branch  1 taken 1
        -:  905:	    {
        7:  906:	      if (directories == SKIP_DIRECTORIES)
branch  0 taken 0 (fallthrough)
branch  1 taken 7
    #####:  907:		switch (e)
branch  0 never executed
branch  1 never executed
branch  2 never executed
        -:  908:		  {
        -:  909:#ifdef EISDIR
    #####:  910:		  case EISDIR:
    #####:  911:		    return 1;
        -:  912:#endif
    #####:  913:		  case EACCES:
        -:  914:		    /* When skipping directories, don't worry about
        -:  915:		       directories that can't be opened.  */
    #####:  916:		    if (stat (file, &stats->stat) == 0
call    0 never executed
branch  1 never executed
branch  2 never executed
    #####:  917:			&& S_ISDIR (stats->stat.st_mode))
branch  0 never executed
branch  1 never executed
    #####:  918:		      return 1;
    #####:  919:		    break;
        -:  920:		  }
        -:  921:
        7:  922:	      error (file, e);
call    0 returned 7
        -:  923:	    }
        -:  924:
        8:  925:	  return 1;
        -:  926:	}
        -:  927:
     1687:  928:      filename = file;
        -:  929:    }
        -:  930:
        -:  931:#if O_BINARY
        -:  932:  /* Set input to binary mode.  Pipes are simulated with files
        -:  933:     on DOS, so this includes the case of "foo | grep bar".  */
        -:  934:  if (!isatty (desc))
        -:  935:    SET_BINARY (desc);
        -:  936:#endif
        -:  937:
     1696:  938:  count = grep (desc, file, stats);
call    0 returned 1696
     1696:  939:  if (count < 0)
branch  0 taken 0 (fallthrough)
branch  1 taken 1696
    #####:  940:    status = count + 2;
        -:  941:  else
        -:  942:    {
     1696:  943:      if (count_matches)
branch  0 taken 81 (fallthrough)
branch  1 taken 1615
        -:  944:	{
       81:  945:	  if (out_file)
branch  0 taken 69 (fallthrough)
branch  1 taken 12
       69:  946:	    printf ("%s%c", filename, ':' & filename_mask);
call    0 returned 69
       81:  947:	  printf ("%d\n", count);
call    0 returned 81
        -:  948:	}
        -:  949:
        -:  950:      #ifndef FAULTY_F_DG_8
     1696:  951:      status = !count;
     1696:  952:      if (list_files == 1 - 2 * status)
branch  0 taken 21 (fallthrough)
branch  1 taken 1675
       21:  953:	printf ("%s%c", filename, '\n' & filename_mask);
call    0 returned 21
        -:  954:      #else
        -:  955:      status = count;
        -:  956:      if (list_files == 1 - 2 * status)
        -:  957:	printf ("%s%c", filename, '\n' & filename_mask);
        -:  958:      #endif
        -:  959:
     1696:  960:      if (file)
branch  0 taken 1687 (fallthrough)
branch  1 taken 9
     1687:  961:	while (close (desc) != 0)
call    0 returned 1687
branch  1 taken 0
branch  2 taken 1687 (fallthrough)
    #####:  962:	  if (errno != EINTR)
branch  0 never executed
branch  1 never executed
        -:  963:	    {
    #####:  964:	      error (file, errno);
call    0 never executed
    #####:  965:	      break;
        -:  966:	    }
        -:  967:    }
        -:  968:
     1696:  969:  return status;
        -:  970:}
        -:  971:
        -:  972:static int
function grepdir called 0 returned 0% blocks executed 0%
    #####:  973:grepdir (dir, stats)
        -:  974:     char const *dir;
        -:  975:     struct stats *stats;
        -:  976:{
    #####:  977:  int status = 1;
        -:  978:  struct stats *ancestor;
        -:  979:  char *name_space;
        -:  980:
    #####:  981:  for (ancestor = stats;  (ancestor = ancestor->parent) != 0;  )
branch  0 never executed
branch  1 never executed
        -:  982:  #ifndef FAULTY_F_KP_5
    #####:  983:    if (ancestor->stat.st_ino == stats->stat.st_ino
branch  0 never executed
branch  1 never executed
    #####:  984:	&& ancestor->stat.st_dev == stats->stat.st_dev)
branch  0 never executed
branch  1 never executed
        -:  985:  #else
        -:  986:    if (! (ancestor->stat.st_ino == stats->stat.st_ino
        -:  987:	&& ancestor->stat.st_dev == stats->stat.st_dev))
        -:  988:  #endif
        -:  989:      {
    #####:  990:	if (!suppress_errors)
branch  0 never executed
branch  1 never executed
    #####:  991:	  fprintf (stderr, _("%s: warning: %s: %s\n"), prog, dir,
call    0 never executed
        -:  992:		   _("recursive directory loop"));
    #####:  993:	return 1;
        -:  994:      }
        -:  995:
    #####:  996:  name_space = savedir (dir, (unsigned) stats->stat.st_size);
call    0 never executed
        -:  997:
    #####:  998:  if (! name_space)
branch  0 never executed
branch  1 never executed
        -:  999:    {
    #####: 1000:      if (errno)
branch  0 never executed
branch  1 never executed
        -: 1001:	{
    #####: 1002:	  if (!suppress_errors)
branch  0 never executed
branch  1 never executed
    #####: 1003:	    error (dir, errno);
call    0 never executed
        -: 1004:	}
        -: 1005:      else
    #####: 1006:	fatal (_("Memory exhausted"), 0);
call    0 never executed
        -: 1007:    }
        -: 1008:  else
        -: 1009:    {
    #####: 1010:      size_t dirlen = strlen (dir);
    #####: 1011:      int needs_slash = ! (dirlen == FILESYSTEM_PREFIX_LEN (dir)
branch  0 never executed
branch  1 never executed
    #####: 1012:			   || IS_SLASH (dir[dirlen - 1]));
branch  0 never executed
branch  1 never executed
    #####: 1013:      char *file = NULL;
    #####: 1014:      char *namep = name_space;
        -: 1015:      struct stats child;
    #####: 1016:      child.parent = stats;
    #####: 1017:      out_file += !no_filenames;
    #####: 1018:      while (*namep)
branch  0 never executed
branch  1 never executed
        -: 1019:	{
    #####: 1020:	  size_t namelen = strlen (namep);
    #####: 1021:	  file = xrealloc (file, dirlen + 1 + namelen + 1);
call    0 never executed
    #####: 1022:	  strcpy (file, dir);
    #####: 1023:	  file[dirlen] = '/';
    #####: 1024:	  strcpy (file + dirlen + needs_slash, namep);
    #####: 1025:	  namep += namelen + 1;
    #####: 1026:	  status &= grepfile (file, &child);
call    0 never executed
        -: 1027:	}
    #####: 1028:      out_file -= !no_filenames;
    #####: 1029:      if (file)
branch  0 never executed
branch  1 never executed
    #####: 1030:        free (file);
    #####: 1031:      free (name_space);
        -: 1032:    }
        -: 1033:
    #####: 1034:  return status;
        -: 1035:}
        -: 1036:
        -: 1037:static void
function usage called 2 returned 0% blocks executed 33%
        2: 1038:usage(status)
        -: 1039:int status;
        -: 1040:{
        2: 1041:  if (status != 0)
branch  0 taken 2 (fallthrough)
branch  1 taken 0
        -: 1042:    {
        2: 1043:      fprintf (stderr, _("Usage: %s [OPTION]... PATTERN [FILE]...\n"), prog);
call    0 returned 2
        2: 1044:      fprintf (stderr, _("Try `%s --help' for more information.\n"), prog);
call    0 returned 2
        -: 1045:    }
        -: 1046:  else
        -: 1047:    {
    #####: 1048:      printf (_("Usage: %s [OPTION]... PATTERN [FILE] ...\n"), prog);
call    0 never executed
    #####: 1049:      printf (_("\
call    0 never executed
        -: 1050:Search for PATTERN in each FILE or standard input.\n\
        -: 1051:Example: %s -i 'hello.*world' menu.h main.c\n\
        -: 1052:\n\
        -: 1053:Regexp selection and interpretation:\n"), prog);
    #####: 1054:      printf (_("\
call    0 never executed
        -: 1055:  -E, --extended-regexp     PATTERN is an extended regular expression\n\
        -: 1056:  -F, --fixed-strings       PATTERN is a set of newline-separated strings\n\
        -: 1057:  -G, --basic-regexp        PATTERN is a basic regular expression\n"));
    #####: 1058:      printf (_("\
call    0 never executed
        -: 1059:  -e, --regexp=PATTERN      use PATTERN as a regular expression\n\
        -: 1060:  -f, --file=FILE           obtain PATTERN from FILE\n\
        -: 1061:  -i, --ignore-case         ignore case distinctions\n\
        -: 1062:  -w, --word-regexp         force PATTERN to match only whole words\n\
        -: 1063:  -x, --line-regexp         force PATTERN to match only whole lines\n\
        -: 1064:  -z, --null-data           a data line ends in 0 byte, not newline\n"));
    #####: 1065:      printf (_("\
call    0 never executed
        -: 1066:\n\
        -: 1067:Miscellaneous:\n\
        -: 1068:  -s, --no-messages         suppress error messages\n\
        -: 1069:  -v, --invert-match        select non-matching lines\n\
        -: 1070:  -V, --version             print version information and exit\n\
        -: 1071:      --help                display this help and exit\n\
        -: 1072:      --mmap                use memory-mapped input if possible\n"));
    #####: 1073:      printf (_("\
call    0 never executed
        -: 1074:\n\
        -: 1075:Output control:\n\
        -: 1076:  -b, --byte-offset         print the byte offset with output lines\n\
        -: 1077:  -n, --line-number         print line number with output lines\n\
        -: 1078:  -H, --with-filename       print the filename for each match\n\
        -: 1079:  -h, --no-filename         suppress the prefixing filename on output\n\
        -: 1080:  -q, --quiet, --silent     suppress all normal output\n\
        -: 1081:  -a, --text                do not suppress binary output\n\
        -: 1082:  -d, --directories=ACTION  how to handle directories\n\
        -: 1083:                            ACTION is 'read', 'recurse', or 'skip'.\n\
        -: 1084:  -r, --recursive           equivalent to --directories=recurse.\n\
        -: 1085:  -L, --files-without-match only print FILE names containing no match\n\
        -: 1086:  -l, --files-with-matches  only print FILE names containing matches\n\
        -: 1087:  -c, --count               only print a count of matching lines per FILE\n\
        -: 1088:  -Z, --null                print 0 byte after FILE name\n"));
    #####: 1089:      printf (_("\
call    0 never executed
        -: 1090:\n\
        -: 1091:Context control:\n\
        -: 1092:  -B, --before-context=NUM  print NUM lines of leading context\n\
        -: 1093:  -A, --after-context=NUM   print NUM lines of trailing context\n\
        -: 1094:  -C, --context[=NUM]       print NUM (default 2) lines of output context\n\
        -: 1095:                            unless overridden by -A or -B\n\
        -: 1096:  -NUM                      same as --context=NUM\n\
        -: 1097:  -U, --binary              do not strip CR characters at EOL (MSDOS)\n\
        -: 1098:  -u, --unix-byte-offsets   report offsets as if CRs were not there (MSDOS)\n\
        -: 1099:\n\
        -: 1100:`egrep' means `grep -E'.  `fgrep' means `grep -F'.\n\
        -: 1101:With no FILE, or when FILE is -, read standard input.  If less than\n\
        -: 1102:two FILEs given, assume -h.  Exit status is 0 if match, 1 if no match,\n\
        -: 1103:and 2 if trouble.\n"));
    #####: 1104:      printf (_("\nReport bugs to <bug-gnu-utils@gnu.org>.\n"));
call    0 never executed
        -: 1105:    }
        2: 1106:  exit (status);
        -: 1107:}
        -: 1108:
        -: 1109:/* Set the matcher to M, reporting any conflicts.  */
        -: 1110:static void
function setmatcher called 442 returned 99% blocks executed 100%
      442: 1111:setmatcher (m)
        -: 1112:     char const *m;
        -: 1113:{
      442: 1114:  if (matcher && strcmp (matcher, m) != 0)
branch  0 taken 4 (fallthrough)
branch  1 taken 438
branch  2 taken 4 (fallthrough)
branch  3 taken 0
        4: 1115:    fatal (_("conflicting matchers specified"), 0);
call    0 returned 0
      438: 1116:  matcher = m;
      438: 1117:}
        -: 1118:
        -: 1119:/* Go through the matchers vector and look for the specified matcher.
        -: 1120:   If we find it, install it in compile and execute, and return 1.  */
        -: 1121:static int
function install_matcher called 786 returned 100% blocks executed 86%
      786: 1122:install_matcher (name)
        -: 1123:     char const *name;
        -: 1124:{
        -: 1125:  int i;
        -: 1126:#ifdef HAVE_SETRLIMIT
        -: 1127:  struct rlimit rlim;
        -: 1128:#endif
        -: 1129:
     1833: 1130:  for (i = 0; matchers[i].name; ++i)
branch  0 taken 1833
branch  1 taken 0 (fallthrough)
     1833: 1131:    if (strcmp (name, matchers[i].name) == 0)
branch  0 taken 786 (fallthrough)
branch  1 taken 1047
        -: 1132:      {
      786: 1133:	compile = matchers[i].compile;
      786: 1134:	execute = matchers[i].execute;
        -: 1135:#if HAVE_SETRLIMIT && defined(RLIMIT_STACK)
        -: 1136:	/* I think every platform needs to do this, so that regex.c
        -: 1137:	   doesn't oveflow the stack.  The default value of
        -: 1138:	   `re_max_failures' is too large for some platforms: it needs
        -: 1139:	   more than 3MB-large stack.
        -: 1140:
        -: 1141:	   The test for HAVE_SETRLIMIT should go into `configure'.  */
        -: 1142:	if (!getrlimit (RLIMIT_STACK, &rlim))
        -: 1143:	  {
        -: 1144:	    long newlim;
        -: 1145:	    extern long int re_max_failures; /* from regex.c */
        -: 1146:
        -: 1147:	    /* Approximate the amount regex.c needs, plus some more.  */
        -: 1148:	    newlim = re_max_failures * 2 * 20 * sizeof (char *);
        -: 1149:	    if (newlim > rlim.rlim_max)
        -: 1150:	      {
        -: 1151:		newlim = rlim.rlim_max;
        -: 1152:		re_max_failures = newlim / (2 * 20 * sizeof (char *));
        -: 1153:	      }
        -: 1154:	    if (rlim.rlim_cur < newlim)
        -: 1155:	      rlim.rlim_cur = newlim;
        -: 1156:
        -: 1157:	    setrlimit (RLIMIT_STACK, &rlim);
        -: 1158:	  }
        -: 1159:#endif
      786: 1160:	return 1;
        -: 1161:      }
    #####: 1162:  return 0;
        -: 1163:}
        -: 1164:
        -: 1165:/* Find the white-space-separated options specified by OPTIONS, and
        -: 1166:   using BUF to store copies of these options, set ARGV[0], ARGV[1],
        -: 1167:   etc. to the option copies.  Return the number N of options found.
        -: 1168:   Do not set ARGV[N] to NULL.  If ARGV is NULL, do not store ARGV[0]
        -: 1169:   etc.  Backslash can be used to escape whitespace (and backslashes).  */
        -: 1170:static int
function prepend_args called 0 returned 0% blocks executed 0%
    #####: 1171:prepend_args (options, buf, argv)
        -: 1172:     char const *options;
        -: 1173:     char *buf;
        -: 1174:     char **argv;
        -: 1175:{
    #####: 1176:  char const *o = options;
    #####: 1177:  char *b = buf;
    #####: 1178:  int n = 0;
        -: 1179:
        -: 1180:  for (;;)
        -: 1181:    {
    #####: 1182:      while (ISSPACE ((unsigned char) *o))
branch  0 never executed
branch  1 never executed
    #####: 1183:	o++;
    #####: 1184:      if (!*o)
branch  0 never executed
branch  1 never executed
    #####: 1185:	return n;
    #####: 1186:      if (argv)
branch  0 never executed
branch  1 never executed
    #####: 1187:	argv[n] = b;
    #####: 1188:      n++;
        -: 1189:
        -: 1190:      do
    #####: 1191:	if ((*b++ = *o++) == '\\' && *o)
branch  0 never executed
branch  1 never executed
branch  2 never executed
branch  3 never executed
    #####: 1192:	  b[-1] = *o++;
    #####: 1193:      while (*o && ! ISSPACE ((unsigned char) *o));
branch  0 never executed
branch  1 never executed
branch  2 never executed
branch  3 never executed
        -: 1194:
    #####: 1195:      *b++ = '\0';
        -: 1196:    }
        -: 1197:}
        -: 1198:
        -: 1199:/* Prepend the whitespace-separated options in OPTIONS to the argument
        -: 1200:   vector of a main program with argument count *PARGC and argument
        -: 1201:   vector *PARGV.  */
        -: 1202:static void
function prepend_default_options called 809 returned 100% blocks executed 22%
      809: 1203:prepend_default_options (options, pargc, pargv)
        -: 1204:     char const *options;
        -: 1205:     int *pargc;
        -: 1206:     char ***pargv;
        -: 1207:{
      809: 1208:  if (options)
branch  0 taken 0 (fallthrough)
branch  1 taken 809
    #####: 1209:    {
    #####: 1210:      char *buf = xmalloc (strlen (options) + 1);
call    0 never executed
    #####: 1211:      int prepended = prepend_args (options, buf, (char **) NULL);
call    0 never executed
    #####: 1212:      int argc = *pargc;
    #####: 1213:      char * const *argv = *pargv;
    #####: 1214:      char **pp = (char **) xmalloc ((prepended + argc + 1) * sizeof *pp);
call    0 never executed
    #####: 1215:      *pargc = prepended + argc;
    #####: 1216:      *pargv = pp;
    #####: 1217:      *pp++ = *argv++;
    #####: 1218:      pp += prepend_args (options, buf, pp);
call    0 never executed
    #####: 1219:      while ((*pp++ = *argv++))
branch  0 never executed
branch  1 never executed
    #####: 1220:	continue;
        -: 1221:    }
      809: 1222:}
        -: 1223:
        -: 1224:int
function main called 809 returned 0% blocks executed 80%
      809: 1225:main (argc, argv)
        -: 1226:     int argc;
        -: 1227:     char *argv[];
        -: 1228:{
        -: 1229:  char *keys;
        -: 1230:  size_t keycc, oldcc, keyalloc;
        -: 1231:  int with_filenames;
        -: 1232:  int opt, cc, status;
        -: 1233:  unsigned digit_args_val, default_context;
        -: 1234:  FILE *fp;
        -: 1235:  extern char *optarg;
        -: 1236:  extern int optind;
        -: 1237:
        -: 1238:  initialize_main (&argc, &argv);
        -: 1239:  /* add this line for diff between *.c and *.int.c */
      809: 1240:  argv[0] = "target3";
        -: 1241:  
      809: 1242:  prog = argv[0];
      809: 1243:  if (prog && strrchr (prog, '/'))
branch  0 taken 809 (fallthrough)
branch  1 taken 0
branch  2 taken 0 (fallthrough)
branch  3 taken 809
    #####: 1244:    prog = strrchr (prog, '/') + 1;
        -: 1245:
        -: 1246:#if defined(__MSDOS__) || defined(_WIN32)
        -: 1247:  /* DOS and MS-Windows use backslashes as directory separators, and usually
        -: 1248:     have an .exe suffix.  They also have case-insensitive filesystems.  */
        -: 1249:  if (prog)
        -: 1250:    {
        -: 1251:      char *p = prog;
        -: 1252:      char *bslash = strrchr (argv[0], '\\');
        -: 1253:
        -: 1254:      if (bslash && bslash >= prog) /* for mixed forward/backslash case */
        -: 1255:	prog = bslash + 1;
        -: 1256:      else if (prog == argv[0]
        -: 1257:	       && argv[0][0] && argv[0][1] == ':') /* "c:progname" */
        -: 1258:	prog = argv[0] + 2;
        -: 1259:
        -: 1260:      /* Collapse the letter-case, so `strcmp' could be used hence.  */
        -: 1261:      for ( ; *p; p++)
        -: 1262:	if (*p >= 'A' && *p <= 'Z')
        -: 1263:	  *p += 'a' - 'A';
        -: 1264:
        -: 1265:      /* Remove the .exe extension, if any.  */
        -: 1266:      if ((p = strrchr (prog, '.')) && strcmp (p, ".exe") == 0)
        -: 1267:	*p = '\0';
        -: 1268:    }
        -: 1269:#endif
        -: 1270:
      809: 1271:  keys = NULL;
      809: 1272:  keycc = 0;
      809: 1273:  with_filenames = 0;
      809: 1274:  eolbyte = '\n';
      809: 1275:  filename_mask = ~0;
        -: 1276:
        -: 1277:  /* The value -1 means to use DEFAULT_CONTEXT. */
      809: 1278:  out_after = out_before = -1;
        -: 1279:  /* Default before/after context: chaged by -C/-NUM options */
      809: 1280:  default_context = 0;
        -: 1281:  /* Accumulated value of individual digits in a -NUM option */
      809: 1282:  digit_args_val = 0;
        -: 1283:
        -: 1284:
        -: 1285:/* Internationalization. */
        -: 1286:#if HAVE_SETLOCALE
      809: 1287:  setlocale (LC_ALL, "");
call    0 returned 809
        -: 1288:#endif
        -: 1289:#if ENABLE_NLS
      809: 1290:  bindtextdomain (PACKAGE, LOCALEDIR);
call    0 returned 809
      809: 1291:  textdomain (PACKAGE);
call    0 returned 809
        -: 1292:#endif
        -: 1293:
      809: 1294:  prepend_default_options (getenv ("GREP_OPTIONS"), &argc, &argv);
call    0 returned 809
call    1 returned 809
        -: 1295:
     1587: 1296:  while ((opt = getopt_long (argc, argv, short_options, long_options, NULL))
call    0 returned 1587
     1587: 1297:	 != -1)
branch  0 taken 800
branch  1 taken 787 (fallthrough)
      800: 1298:    switch (opt)
branch  0 taken 14
branch  1 taken 3
branch  2 taken 3
branch  3 taken 1
branch  4 taken 249
branch  5 taken 7
branch  6 taken 182
branch  7 taken 0
branch  8 taken 0
branch  9 taken 0
branch 10 taken 1
branch 11 taken 4
branch 12 taken 0
branch 13 taken 44
branch 14 taken 36
branch 15 taken 0
branch 16 taken 18
branch 17 taken 15
branch 18 taken 43
branch 19 taken 59
branch 20 taken 12
branch 21 taken 11
branch 22 taken 39
branch 23 taken 1
branch 24 taken 0
branch 25 taken 1
branch 26 taken 53
branch 27 taken 1
branch 28 taken 1
branch 29 taken 0
branch 30 taken 0
branch 31 taken 0
branch 32 taken 2
        -: 1299:      {
       14: 1300:      case '0':
        -: 1301:      case '1':
        -: 1302:      case '2':
        -: 1303:      case '3':
        -: 1304:      case '4':
        -: 1305:      case '5':
        -: 1306:      case '6':
        -: 1307:      case '7':
        -: 1308:      case '8':
        -: 1309:      case '9':
       14: 1310:	digit_args_val = 10 * digit_args_val + opt - '0';
       14: 1311:	default_context = digit_args_val;
       14: 1312:	break;
        3: 1313:      case 'A':
        3: 1314:	if (optarg)
branch  0 taken 3 (fallthrough)
branch  1 taken 0
        -: 1315:	  {
        3: 1316:	    if (ck_atoi (optarg, &out_after))
call    0 returned 3
branch  1 taken 1 (fallthrough)
branch  2 taken 2
        1: 1317:	      fatal (_("invalid context length argument"), 0);
call    0 returned 0
        -: 1318:	  }
        2: 1319:	break;
        3: 1320:      case 'B':
        3: 1321:	if (optarg)
branch  0 taken 3 (fallthrough)
branch  1 taken 0
        -: 1322:	  {
        3: 1323:	    if (ck_atoi (optarg, &out_before))
call    0 returned 3
branch  1 taken 1 (fallthrough)
branch  2 taken 2
        1: 1324:	      fatal (_("invalid context length argument"), 0);
call    0 returned 0
        -: 1325:	  }
        2: 1326:	break;
        1: 1327:      case 'C':
        -: 1328:	/* Set output match context, but let any explicit leading or
        -: 1329:	   trailing amount specified with -A or -B stand. */
        1: 1330:	if (optarg)
branch  0 taken 0 (fallthrough)
branch  1 taken 1
        -: 1331:	  {
    #####: 1332:	    if (ck_atoi (optarg, &default_context))
call    0 never executed
branch  1 never executed
branch  2 never executed
    #####: 1333:	      fatal (_("invalid context length argument"), 0);
call    0 never executed
        -: 1334:	  }
        -: 1335:	else
        1: 1336:	  default_context = 2;
        1: 1337:	break;
      249: 1338:      case 'E':
      249: 1339:	setmatcher ("egrep");
call    0 returned 248
      248: 1340:	break;
        7: 1341:      case 'F':
        7: 1342:	setmatcher ("fgrep");
call    0 returned 6
        6: 1343:	break;
      182: 1344:      case 'G':
      182: 1345:	setmatcher ("grep");
call    0 returned 181
      181: 1346:	break;
    #####: 1347:      case 'H':
    #####: 1348:	with_filenames = 1;
    #####: 1349:	break;
    #####: 1350:      case 'U':
        -: 1351:#if O_BINARY
        -: 1352:	dos_use_file_type = DOS_BINARY;
        -: 1353:#endif
    #####: 1354:	break;
    #####: 1355:      case 'u':
        -: 1356:#if O_BINARY
        -: 1357:	dos_report_unix_offset = 1;
        -: 1358:#endif
    #####: 1359:	break;
        1: 1360:      case 'V':
        1: 1361:	show_version = 1;
        1: 1362:	break;
        4: 1363:      case 'X':
        4: 1364:	setmatcher (optarg);
call    0 returned 3
        3: 1365:	break;
    #####: 1366:      case 'a':
    #####: 1367:	always_text = 1;
    #####: 1368:	break;
       44: 1369:      case 'b':
       44: 1370:	out_byte = 1;
       44: 1371:	break;
       36: 1372:      case 'c':
       36: 1373:	out_quiet = 1;
       36: 1374:	count_matches = 1;
       36: 1375:	break;
    #####: 1376:      case 'd':
    #####: 1377:	if (strcmp (optarg, "read") == 0)
branch  0 never executed
branch  1 never executed
    #####: 1378:	  directories = READ_DIRECTORIES;
    #####: 1379:	else if (strcmp (optarg, "skip") == 0)
branch  0 never executed
branch  1 never executed
    #####: 1380:	  directories = SKIP_DIRECTORIES;
    #####: 1381:	else if (strcmp (optarg, "recurse") == 0)
branch  0 never executed
branch  1 never executed
    #####: 1382:	  directories = RECURSE_DIRECTORIES;
        -: 1383:	else
    #####: 1384:	  fatal (_("unknown directories method"), 0);
call    0 never executed
    #####: 1385:	break;
       18: 1386:      case 'e':
       18: 1387:	cc = strlen (optarg);
       18: 1388:	keys = xrealloc (keys, keycc + cc + 1);
call    0 returned 18
       18: 1389:	strcpy (&keys[keycc], optarg);
       18: 1390:	keycc += cc;
       18: 1391:	keys[keycc++] = '\n';
       18: 1392:	break;
       15: 1393:      case 'f':
      15*: 1394:	fp = strcmp (optarg, "-") != 0 ? fopen (optarg, "r") : stdin;
branch  0 taken 15 (fallthrough)
branch  1 taken 0
call    2 returned 15
       15: 1395:	if (!fp)
branch  0 taken 14 (fallthrough)
branch  1 taken 1
       14: 1396:	  fatal (optarg, errno);
call    0 returned 0
        2: 1397:	for (keyalloc = 1; keyalloc <= keycc + 1; keyalloc *= 2)
branch  0 taken 1
branch  1 taken 1 (fallthrough)
        -: 1398:	  ;
        1: 1399:	keys = xrealloc (keys, keyalloc);
call    0 returned 1
        1: 1400:	oldcc = keycc;
       20: 1401:	while (!feof (fp)
call    0 returned 20
       20: 1402:	       && (cc = fread (keys + keycc, 1, keyalloc - 1 - keycc, fp)) > 0)
branch  0 taken 19 (fallthrough)
branch  1 taken 1
call    2 returned 19
branch  3 taken 19
branch  4 taken 0 (fallthrough)
        -: 1403:	  {
       19: 1404:	    keycc += cc;
       19: 1405:	    if (keycc == keyalloc - 1)
branch  0 taken 18 (fallthrough)
branch  1 taken 1
       18: 1406:	      keys = xrealloc (keys, keyalloc *= 2);
call    0 returned 18
        -: 1407:	  }
        1: 1408:	if (fp != stdin)
branch  0 taken 1 (fallthrough)
branch  1 taken 0
        1: 1409:	  fclose(fp);
call    0 returned 1
        -: 1410:	/* Append final newline if file ended in non-newline. */
        1: 1411:	if (oldcc != keycc && keys[keycc - 1] != '\n')
branch  0 taken 1 (fallthrough)
branch  1 taken 0
branch  2 taken 1 (fallthrough)
branch  3 taken 0
        1: 1412:	  keys[keycc++] = '\n';
        1: 1413:	break;
       43: 1414:      case 'h':
       43: 1415:	no_filenames = 1;
       43: 1416:	break;
       59: 1417:      case 'i':
        -: 1418:      case 'y':			/* For old-timers . . . */
       59: 1419:	match_icase = 1;
       59: 1420:	break;
       12: 1421:      case 'L':
        -: 1422:	/* Like -l, except list files that don't contain matches.
        -: 1423:	   Inspired by the same option in Hume's gre. */
       12: 1424:	out_quiet = 1;
       12: 1425:	list_files = -1;
       12: 1426:	done_on_match = 1;
       12: 1427:	break;
       11: 1428:      case 'l':
       11: 1429:	out_quiet = 1;
       11: 1430:	list_files = 1;
       11: 1431:	done_on_match = 1;
       11: 1432:	break;
       39: 1433:      case 'n':
       39: 1434:	out_line = 1;
       39: 1435:	break;
        1: 1436:      case 'q':
        1: 1437:	done_on_match = 1;
        1: 1438:	out_quiet = 1;
        1: 1439:	break;
    #####: 1440:      case 'r':
    #####: 1441:	directories = RECURSE_DIRECTORIES;
    #####: 1442:	break;
        1: 1443:      case 's':
        1: 1444:	suppress_errors = 1;
        1: 1445:	break;
       53: 1446:      case 'v':
       53: 1447:	out_invert = 1;
       53: 1448:	break;
        1: 1449:      case 'w':
        1: 1450:	match_words = 1;
        1: 1451:	break;
        1: 1452:      case 'x':
        1: 1453:	match_lines = 1;
        1: 1454:	break;
    #####: 1455:      case 'Z':
    #####: 1456:	filename_mask = 0;
    #####: 1457:	break;
    #####: 1458:      case 'z':
    #####: 1459:	eolbyte = '\0';
    #####: 1460:	break;
    #####: 1461:      case 0:
        -: 1462:	/* long options */
    #####: 1463:	break;
        2: 1464:      default:
        2: 1465:	usage (2);
call    0 returned 0
        -: 1466:	break;
        -: 1467:      }
        -: 1468:
      787: 1469:  if (out_after < 0)
branch  0 taken 785 (fallthrough)
branch  1 taken 2
      785: 1470:    out_after = default_context;
      787: 1471:  if (out_before < 0)
branch  0 taken 785 (fallthrough)
branch  1 taken 2
      785: 1472:    out_before = default_context;
        -: 1473:
      787: 1474:  if (! matcher)
branch  0 taken 353 (fallthrough)
branch  1 taken 434
      353: 1475:    matcher = "grep";
        -: 1476:
      787: 1477:  if (show_version)
branch  0 taken 1 (fallthrough)
branch  1 taken 786
        -: 1478:    {
        1: 1479:      printf (_("%s (GNU grep) %s\n"), matcher, VERSION);
call    0 returned 1
        1: 1480:      printf ("\n");
call    0 returned 1
        1: 1481:      printf (_("\
call    0 returned 1
        -: 1482:Copyright (C) 1988, 1992-1998, 1999 Free Software Foundation, Inc.\n"));
        1: 1483:      printf (_("\
call    0 returned 1
        -: 1484:This is free software; see the source for copying conditions. There is NO\n\
        -: 1485:warranty; not even for MERCHANTABILITY or FITNESS FOR A PARTICULAR PURPOSE.\n"));
        1: 1486:      printf ("\n");
call    0 returned 1
        1: 1487:      exit (0);
call    0 returned 0
        -: 1488:    }
        -: 1489:
      786: 1490:  if (show_help)
branch  0 taken 0 (fallthrough)
branch  1 taken 786
    #####: 1491:    usage (0);
call    0 never executed
        -: 1492:
      786: 1493:  if (keys)
branch  0 taken 6 (fallthrough)
branch  1 taken 780
        -: 1494:    {
        6: 1495:      if (keycc == 0)
branch  0 taken 0 (fallthrough)
branch  1 taken 6
        -: 1496:	/* No keys were specified (e.g. -f /dev/null).  Match nothing.  */
    #####: 1497:        out_invert ^= 1;
        -: 1498:      else
        -: 1499:	/* Strip trailing newline. */
        6: 1500:        --keycc;
        -: 1501:    }
        -: 1502:  else
      780: 1503:    if (optind < argc)
branch  0 taken 780 (fallthrough)
branch  1 taken 0
        -: 1504:      {
      780: 1505:	keys = argv[optind++];
      780: 1506:	keycc = strlen (keys);
        -: 1507:      }
        -: 1508:    else
    #####: 1509:      usage (2);
call    0 never executed
        -: 1510:
     786*: 1511:  if (!install_matcher (matcher) && !install_matcher ("default"))
call    0 returned 786
branch  1 taken 0 (fallthrough)
branch  2 taken 786
call    3 never executed
branch  4 never executed
branch  5 never executed
    #####: 1512:    abort ();
call    0 never executed
        -: 1513:
      786: 1514:  (*compile)(keys, keycc);
call    0 returned 727
        -: 1515:
      727: 1516:  if ((argc - optind > 1 && !no_filenames) || with_filenames)
branch  0 taken 489 (fallthrough)
branch  1 taken 238
branch  2 taken 17 (fallthrough)
branch  3 taken 472
branch  4 taken 0 (fallthrough)
branch  5 taken 255
      472: 1517:    out_file = 1;
        -: 1518:
        -: 1519:#if O_BINARY
        -: 1520:  /* Output is set to binary mode because we shouldn't convert
        -: 1521:     NL to CR-LF pairs, especially when grepping binary files.  */
        -: 1522:  if (!isatty (1))
        -: 1523:    SET_BINARY (1);
        -: 1524:#endif
        -: 1525:
        -: 1526:
      727: 1527:  if (optind < argc)
branch  0 taken 719 (fallthrough)
branch  1 taken 8
        -: 1528:    {
      719: 1529:	status = 1;
        -: 1530:	do
        -: 1531:	{
     1696: 1532:	  char *file = argv[optind];
     1696: 1533:	  status &= grepfile (strcmp (file, "-") == 0 ? (char *) NULL : file,
branch  0 taken 1695 (fallthrough)
branch  1 taken 1
call    2 returned 1696
        -: 1534:			      &stats_base);
        -: 1535:	}
     1696: 1536:	while ( ++optind < argc);
branch  0 taken 977
branch  1 taken 719
        -: 1537:    }
        -: 1538:  else
        8: 1539:    status = grepfile ((char *) NULL, &stats_base);
call    0 returned 8
        -: 1540:
      727: 1541:  if (fclose (stdout) == EOF)
call    0 returned 727
branch  1 taken 0 (fallthrough)
[...]
        -:12998:     size_t size;
        -:12999:{
        -:13000:  const char *err;
        -:13001:
      535:13002:  re_set_syntax(RE_SYNTAX_GREP | RE_HAT_LISTS_NOT_NEWLINE);
call    0 returned 535
        -:13003:  #ifndef FAULTY_F_DG_1
      535:13004:  dfasyntax(RE_SYNTAX_GREP | RE_HAT_LISTS_NOT_NEWLINE, match_icase, eolbyte);
call    0 returned 535
        -:13005:  #else
        -:13006:  dfasyntax(RE_SYNTAX_GREP | RE_HAT_LISTS_NOT_NEWLINE, match_icase, '\r');
        -:13007:  #endif 
        -:13008:
      535:13009:  if ((err = re_compile_pattern(pattern, size, &regexbuf)) != 0)
call    0 returned 535
branch  1 taken 59 (fallthrough)
branch  2 taken 476
       59:13010:    fatal(err, 0);
call    0 returned 0
        -:13011:
        -:13012:  /* In the match_words and match_lines cases, we use a different pattern
        -:13013:     for the DFA matcher that will quickly throw out cases that won't work.
        -:13014:     Then if DFA succeeds we do some hairy stuff using the regex matcher
        -:13015:     to decide whether the match should really count. */
      476:13016:  if (match_words || match_lines)
branch  0 taken 475 (fallthrough)
branch  1 taken 1
branch  2 taken 1 (fallthrough)
branch  3 taken 474
        2:13017:    {
        -:13018:      /* In the whole-word case, we use the pattern:
        -:13019:	 (^|[^A-Za-z_])(userpattern)([^A-Za-z_]|$).
        -:13020:	 In the whole-line case, we use the pattern:
        -:13021:	 ^(userpattern)$.
        -:13022:	 BUG: Using [A-Za-z_] is locale-dependent!
        -:13023:	 So will use [:alnum:] */
        -:13024:
        2:13025:      char *n = malloc(size + 50);
call    0 returned 2
        2:13026:      int i = 0;
        -:13027:
        2:13028:      strcpy(n, "");
        -:13029:
        2:13030:      if (match_lines)
branch  0 taken 1 (fallthrough)
branch  1 taken 1
        1:13031:	strcpy(n, "^\\(");
        2:13032:      if (match_words)
branch  0 taken 1 (fallthrough)
branch  1 taken 1
        1:13033:	strcpy(n, "\\(^\\|[^[:alnum:]_]\\)\\(");
        -:13034:
        2:13035:      i = strlen(n);
        2:13036:      memcpy(n + i, pattern, size);
        2:13037:      i += size;
        -:13038:
        2:13039:      if (match_words)
branch  0 taken 1 (fallthrough)
branch  1 taken 1
        1:13040:	strcpy(n + i, "\\)\\([^[:alnum:]_]\\|$\\)");
        2:13041:      if (match_lines)
branch  0 taken 1 (fallthrough)
branch  1 taken 1
        1:13042:	strcpy(n + i, "\\)$");
        -:13043:
        2:13044:      i += strlen(n + i);
        2:13045:      dfacomp(n, i, &dfa_1, 1);
call    0 returned 2
        -:13046:    }
        -:13047:  else
      474:13048:    dfacomp(pattern, size, &dfa_1, 1);
call    0 returned 474
        -:13049:
      476:13050:  kwsmusts();
call    0 returned 476
      476:13051:}
        -:13052:
        -:13053:static void
function Ecompile called 246 returned 100% blocks executed 42%
      246:13054:Ecompile(pattern, size)
        -:13055:     char *pattern;
        -:13056:     size_t size;
        -:13057:{
        -:13058:  const char *err;
        -:13059:
      246:13060:  if (strcmp(matcher, "awk") == 0)
branch  0 taken 0 (fallthrough)
branch  1 taken 246
        -:13061:    {
    #####:13062:      re_set_syntax(RE_SYNTAX_AWK);
call    0 never executed
    #####:13063:      dfasyntax(RE_SYNTAX_AWK, match_icase, eolbyte);
call    0 never executed
        -:13064:    }
        -:13065:  else
        -:13066:    {
      246:13067:      re_set_syntax (RE_SYNTAX_POSIX_EGREP);
call    0 returned 246
      246:13068:      dfasyntax (RE_SYNTAX_POSIX_EGREP, match_icase, eolbyte);
call    0 returned 246
        -:13069:    }
        -:13070:
      246:13071:  if ((err = re_compile_pattern(pattern, size, &regexbuf)) != 0)
call    0 returned 246
branch  1 taken 0 (fallthrough)
branch  2 taken 246
    #####:13072:    fatal(err, 0);
call    0 never executed
        -:13073:
        -:13074:  /* In the match_words and match_lines cases, we use a different pattern
        -:13075:     for the DFA matcher that will quickly throw out cases that won't work.
        -:13076:     Then if DFA succeeds we do some hairy stuff using the regex matcher
        -:13077:     to decide whether the match should really count. */
      246:13078:  if (match_words || match_lines)
branch  0 taken 246 (fallthrough)
branch  1 taken 0
branch  2 taken 0 (fallthrough)
branch  3 taken 246
    #####:13079:    {
        -:13080:      /* In the whole-word case, we use the pattern:
        -:13081:	 (^|[^A-Za-z_])(userpattern)([^A-Za-z_]|$).
        -:13082:	 In the whole-line case, we use the pattern:
        -:13083:	 ^(userpattern)$.
        -:13084:	 BUG: Using [A-Za-z_] is locale-dependent!
        -:13085:	 so will use the char class */
        -:13086:
    #####:13087:      char *n = malloc(size + 50);
call    0 never executed
    #####:13088:      int i = 0;
        -:13089:
    #####:13090:      strcpy(n, "");
        -:13091:
    #####:13092:      if (match_lines)
branch  0 never executed
branch  1 never executed
    #####:13093:	strcpy(n, "^(");
    #####:13094:      if (match_words)
branch  0 never executed
branch  1 never executed
    #####:13095:	strcpy(n, "(^|[^[:alnum:]_])(");
        -:13096:
    #####:13097:      i = strlen(n);
    #####:13098:      memcpy(n + i, pattern, size);
    #####:13099:      i += size;
        -:13100:
    #####:13101:      if (match_words)
branch  0 never executed
branch  1 never executed
    #####:13102:	strcpy(n + i, ")([^[:alnum:]_]|$)");
    #####:13103:      if (match_lines)
branch  0 never executed
branch  1 never executed
    #####:13104:	strcpy(n + i, ")$");
        -:13105:
    #####:13106:      i += strlen(n + i);
    #####:13107:      dfacomp(n, i, &dfa_1, 1);
call    0 never executed
        -:13108:    }
        -:13109:  else
      246:13110:    dfacomp(pattern, size, &dfa_1, 1);
call    0 returned 246
        -:13111:
      246:13112:  kwsmusts();
call    0 returned 246
      246:13113:}
        -:13114:
        -:13115:static char *
function EGexecute called 555297 returned 100% blocks executed 62%
   555297:13116:EGexecute(buf, size, endp)
        -:13117:     char *buf;
        -:13118:     size_t size;
        -:13119:     char **endp;
        -:13120:{
        -:13121:  register char *buflim, *beg, *end, save;
   555297:13122:  char eol = eolbyte;
        -:13123:  int backref, start, len;
        -:13124:  struct kwsmatch kwsm;
        -:13125:  static struct re_registers regs; /* This is static on account of a BRAIN-DEAD
        -:13126:				    Q@#%!# library interface in regex.c.  */
        -:13127:
   555297:13128:  buflim = buf + size;
        -:13129:
   757452:13130:  for (beg = end = buf; end < buflim; beg = end + 1)
branch  0 taken 756744
branch  1 taken 708 (fallthrough)
        -:13131:    {
   756744:13132:      if (kwset)
branch  0 taken 264023 (fallthrough)
branch  1 taken 492721
        -:13133:	{
        -:13134:	  /* Find a possible match using the KWset matcher. */
   264023:13135:	  beg = kwsexec(kwset, beg, buflim - beg, &kwsm);
call    0 returned 264023
   264023:13136:	  if (!beg)
branch  0 taken 6881 (fallthrough)
branch  1 taken 257142
     6881:13137:	    goto failure;
        -:13138:	  /* Narrow down to the line containing the candidate, and
        -:13139:	     run it through DFA. */
   257142:13140:	  end = memchr(beg, eol, buflim - beg);
   257142:13141:	  if (!end)
branch  0 taken 134 (fallthrough)
branch  1 taken 257008
      134:13142:	    end = buflim;
  3595300:13143:	  while (beg > buf && beg[-1] != eol)
branch  0 taken 3578980 (fallthrough)
branch  1 taken 16320
branch  2 taken 3338158
branch  3 taken 240822 (fallthrough)
  3338158:13144:	    --beg;
   257142:13145:	  save = *end;
   257142:13146:	  if (kwsm.index < lastexact)
branch  0 taken 24283 (fallthrough)
branch  1 taken 232859
    24283:13147:	    goto success;
   232859:13148:	  if (!dfaexec(&dfa_1, beg, end, 0, (int *) 0, &backref))
call    0 returned 232859
branch  1 taken 202155 (fallthrough)
branch  2 taken 30704
        -:13149:	    {
   202155:13150:	      *end = save;
   202155:13151:	      continue;
        -:13152:	    }
    30704:13153:	  *end = save;
        -:13154:	  /* Successful, no backreferences encountered. */
    30704:13155:	  if (!backref)
branch  0 taken 30704 (fallthrough)
branch  1 taken 0
    30704:13156:	    goto success;
        -:13157:	}
        -:13158:      else
        -:13159:	{
        -:13160:	  /* No good fixed strings; start with DFA. */
   492721:13161:	  save = *buflim;
   492721:13162:	  beg = dfaexec(&dfa_1, beg, buflim, 0, (int *) 0, &backref);
call    0 returned 492721
   492721:13163:	  *buflim = save;
   492721:13164:	  if (!beg)
branch  0 taken 970 (fallthrough)
branch  1 taken 491751
      970:13165:	    goto failure;
        -:13166:	  /* Narrow down to the line we've found. */
   491751:13167:	  end = memchr(beg, eol, buflim - beg);
   491751:13168:	  if (!end)
branch  0 taken 58 (fallthrough)
branch  1 taken 491693
       58:13169:	    end = buflim;
  3159457:13170:	  while (beg > buf && beg[-1] != eol)
branch  0 taken 2742092 (fallthrough)
branch  1 taken 417365
branch  2 taken 2667706
branch  3 taken 74386 (fallthrough)
  2667706:13171:	    --beg;
        -:13172:	  /* Successful, no backreferences encountered! */
   491751:13173:	  if (!backref)
branch  0 taken 491751 (fallthrough)
branch  1 taken 0
   491751:13174:	    goto success;
        -:13175:	}
        -:13176:      /* If we've made it to this point, this means DFA has seen
        -:13177:	 a probable match, and we need to run it through Regex. */
    #####:13178:      regexbuf.not_eol = 0;
    #####:13179:      if ((start = re_search(&regexbuf, beg, end - beg, 0, end - beg, &regs)) >= 0)
call    0 never executed
branch  1 never executed
branch  2 never executed
        -:13180:	{
    #####:13181:	  len = regs.end[0] - start;
    #####:13182:	  if ((!match_lines && !match_words)
branch  0 never executed
branch  1 never executed
branch  2 never executed
branch  3 never executed
    #####:13183:	      || (match_lines && len == end - beg))
branch  0 never executed
branch  1 never executed
branch  2 never executed
branch  3 never executed
    #####:13184:	    goto success;
        -:13185:	  /* If -w, check if the match aligns with word boundaries.
        -:13186:	     We do this iteratively because:
        -:13187:	     (a) the line may contain more than one occurence of the pattern, and
        -:13188:	     (b) Several alternatives in the pattern might be valid at a given
        -:13189:	     point, and we may need to consider a shorter one to find a word
        -:13190:	     boundary. */
    #####:13191:	  if (match_words)
branch  0 never executed
branch  1 never executed
    #####:13192:	    while (start >= 0)
branch  0 never executed
branch  1 never executed
        -:13193:	      {
    #####:13194:		if ((start == 0 || !WCHAR ((unsigned char) beg[start - 1]))
branch  0 never executed
branch  1 never executed
branch  2 never executed
branch  3 never executed
branch  4 never executed
branch  5 never executed
    #####:13195:		    && (len == end - beg
branch  0 never executed
branch  1 never executed
    #####:13196:			|| !WCHAR ((unsigned char) beg[start + len])))
branch  0 never executed
branch  1 never executed
branch  2 never executed
branch  3 never executed
    #####:13197:		  goto success;
    #####:13198:		if (len > 0)
branch  0 never executed
branch  1 never executed
        -:13199:		  {
        -:13200:		    /* Try a shorter length anchored at the same place. */
    #####:13201:		    --len;
    #####:13202:		    regexbuf.not_eol = 1;
    #####:13203:		    len = re_match(&regexbuf, beg, start + len, start, &regs);
call    0 never executed
        -:13204:		  }
    #####:13205:		if (len <= 0)
branch  0 never executed
branch  1 never executed
        -:13206:		  {
        -:13207:		    /* Try looking further on. */
    #####:13208:		    if (start == end - beg)
branch  0 never executed
branch  1 never executed
    #####:13209:		      break;
    #####:13210:		    ++start;
    #####:13211:		    regexbuf.not_eol = 0;
    #####:13212:		    start = re_search(&regexbuf, beg, end - beg,
    #####:13213:				      start, end - beg - start, &regs);
call    0 never executed
    #####:13214:		    len = regs.end[0] - start;
        -:13215:		  }
        -:13216:	      }
        -:13217:	}
        -:13218:    }
        -:13219:
      708:13220: failure:
     8559:13221:  return 0;
        -:13222:
   546738:13223: success:
   546738:13224:  *endp = end < buflim ? end + 1 : end;
branch  0 taken 546674 (fallthrough)
branch  1 taken 64
   546738:13225:  return beg;
        -:13226:}
        -:13227:
        -:13228:static void
function Fcompile called 5 returned 100% blocks executed 81%
        5:13229:Fcompile(pattern, size)
        -:13230:     char *pattern;
        -:13231:     size_t size;
        -:13232:{
        -:13233:  char *beg, *lim, *err;
        -:13234:
        5:13235:  kwsinit();
call    0 returned 5
        5:13236:  beg = pattern;
        -:13237:  do
        -:13238:    {
       38:13239:      for (lim = beg; lim < pattern + size && *lim != '\n'; ++lim)
branch  0 taken 33 (fallthrough)
branch  1 taken 5
branch  2 taken 33
branch  3 taken 0 (fallthrough)
        -:13240:	;
        5:13241:      if ((err = kwsincr(kwset, beg, lim - beg)) != 0)
call    0 returned 5
branch  1 taken 0 (fallthrough)
branch  2 taken 5
    #####:13242:	fatal(err, 0);
call    0 never executed
        5:13243:      if (lim < pattern + size)
branch  0 taken 0 (fallthrough)
branch  1 taken 5
    #####:13244:	++lim;
        5:13245:      beg = lim;
        -:13246:    }
        5:13247:  while (beg < pattern + size);
branch  0 taken 0
branch  1 taken 5 (fallthrough)
        -:13248:
        5:13249:  if ((err = kwsprep(kwset)) != 0)
call    0 returned 5
branch  1 taken 0 (fallthrough)
branch  2 taken 5
    #####:13250:    fatal(err, 0);
call    0 never executed
        5:13251:}
        -:13252:
        -:13253:static char *
function Fexecute called 197 returned 100% blocks executed 44%
      197:13254:Fexecute(buf, size, endp)
        -:13255:     char *buf;
        -:13256:     size_t size;
        -:13257:     char **endp;
        -:13258:{
        -:13259:  register char *beg, *try, *end;
        -:13260:  register size_t len;
      197:13261:  char eol = eolbyte;
        -:13262:  struct kwsmatch kwsmatch;
        -:13263:
     197*:13264:  for (beg = buf; beg <= buf + size; ++beg)
branch  0 taken 197
branch  1 taken 0 (fallthrough)
        -:13265:    {
      197:13266:      if (!(beg = kwsexec(kwset, beg, buf + size - beg, &kwsmatch)))
call    0 returned 197
branch  1 taken 61 (fallthrough)
branch  2 taken 136
       61:13267:	return 0;
      136:13268:      len = kwsmatch.size[0];
      136:13269:      if (match_lines)
branch  0 taken 0 (fallthrough)
branch  1 taken 136
        -:13270:	{
    #####:13271:	  if (beg > buf && beg[-1] != eol)
branch  0 never executed
branch  1 never executed
branch  2 never executed
branch  3 never executed
    #####:13272:	    continue;
    #####:13273:	  if (beg + len < buf + size && beg[len] != eol)
branch  0 never executed
branch  1 never executed
branch  2 never executed
branch  3 never executed
    #####:13274:	    continue;
    #####:13275:	  goto success;
        -:13276:	}
      136:13277:      else if (match_words)
branch  0 taken 0 (fallthrough)
branch  1 taken 136
    #####:13278:	for (try = beg; len && try;)
branch  0 never executed
branch  1 never executed
branch  2 never executed
branch  3 never executed
        -:13279:	  {
    #####:13280:	    if (try > buf && WCHAR((unsigned char) try[-1]))
branch  0 never executed
branch  1 never executed
branch  2 never executed
branch  3 never executed
branch  4 never executed
branch  5 never executed
        -:13281:	      break;
    #####:13282:	    if (try + len < buf + size && WCHAR((unsigned char) try[len]))
branch  0 never executed
branch  1 never executed
branch  2 never executed
branch  3 never executed
branch  4 never executed
branch  5 never executed
        -:13283:	      {
    #####:13284:		try = kwsexec(kwset, beg, --len, &kwsmatch);
call    0 never executed
    #####:13285:		len = kwsmatch.size[0];
        -:13286:	      }
        -:13287:	    else
    #####:13288:	      goto success;
        -:13289:	  }
        -:13290:      else
      136:13291:	goto success;
        -:13292:    }
        -:13293:
    #####:13294:  return 0;
        -:13295:
      136:13296: success:
      136:13297:  if ((end = memchr(beg + len, eol, (buf + size) - (beg + len))) != 0)
branch  0 taken 136 (fallthrough)
branch  1 taken 0
      136:13298:    ++end;
        -:13299:  else
    #####:13300:    end = buf + size;
      136:13301:  *endp = end;
     3274:13302:  while (beg > buf && beg[-1] != '\n')
branch  0 taken 3253 (fallthrough)
branch  1 taken 21
branch  2 taken 3138
branch  3 taken 115 (fallthrough)
     3138:13303:    --beg;
      136:13304:  return beg;
        -:13305:}
        -:13306:#ifdef HAVE_CONFIG_H
        -:13307:#if flag_config==0
        -:13308:# include <config.h>
        -:13309:#define flag_config 1
        -:13310:#endif
        -:13311:#endif
        -:13312:/*#include "system.h"*/
        -:13313:/*#include "grep.h"*/
        -:13314:char const *matcher;
        -:13315:/* stpcpy.c -- copy a string and return pointer to end of new string
        -:13316:   Copyright (C) 1992, 1995, 1997, 1998 Free Software Foundation, Inc.
        -:13317:
        -:13318:   NOTE: The canonical source of this file is maintained with the GNU C Library.
        -:13319:   Bugs can be reported to bug-glibc@prep.ai.mit.edu.
        -:13320:
        -:13321:   This program is free software; you can redistribute it and/or modify it
        -:13322:   under the terms of the GNU General Public License as published by the
        -:13323:   Free Software Foundation; either version 2, or (at your option) any
        -:13324:   later version.
        -:13325:
        -:13326:   This program is distributed in the hope that it will be useful,
        -:13327:   but WITHOUT ANY WARRANTY; without even the implied warranty of
        -:13328:   MERCHANTABILITY or FITNESS FOR A PARTICULAR PURPOSE.  See the
        -:13329:   GNU General Public License for more details.
        -:13330:
        -:13331:   You should have received a copy of the GNU General Public License
        -:13332:   along with this program; if not, write to the Free Software
        -:13333:   Foundation, Inc., 59 Temple Place - Suite 330, Boston, MA 02111-1307,
        -:13334:   USA.  */
        -:13335:
        -:13336:#ifdef HAVE_CONFIG_H
        -:13337:#if flag_config==0
        -:13338:# include <config.h>
        -:13339:#define flag_config 1
        -:13340:#endif
        -:13341:#endif
        -:13342:
        -:13343:#if flag_string==0
        -:13344:#include <string.h>
        -:13345:#define flag_string 1
        -:13346:#endif
        -:13347:
        -:13348:#undef __stpcpy
        -:13349:#undef stpcpy
        -:13350:
        -:13351:#ifndef weak_alias
        -:13352:# define __stpcpy stpcpy
        -:13353:#endif
        -:13354:
        -:13355:/* Copy SRC to DEST, returning the address of the terminating '\0' in DEST.  */
        -:13356:char *
        -:13357:__stpcpy (dest, src)
        -:13358:     char *dest;
        -:13359:     const char *src;
        -:13360:{
    #####:13361:  register char *d = dest;
    #####:13362:  register const char *s = src;
        -:13363:
        -:13364:  do
    #####:13365:    *d++ = *s;
    #####:13366:  while (*s++ != '\0');
branch  0 never executed
branch  1 never executed
        -:13367:
    #####:13368:  return d - 1;
        -:13369:}
        -:13370:#ifdef weak_alias
        -:13371:weak_alias (__stpcpy, stpcpy)
        -:13372:#endif
