        -:    0:Source:regcomp.c
        -:    0:Graph:sed.gcno
        -:    0:Data:sed.gcda
        -:    0:Runs:1
        -:    1:/* Extended regular expression matching and search library.
        -:    2:   Copyright (C) 2002, 2003, 2004, 2005 Free Software Foundation, Inc.
        -:    3:   This file is part of the GNU C Library.
        -:    4:   Contributed by Isamu Hasegawa <isamu@yamato.ibm.com>.
        -:    5:
        -:    6:   The GNU C Library is free software; you can redistribute it and/or
        -:    7:   modify it under the terms of the GNU Lesser General Public
        -:    8:   License as published by the Free Software Foundation; either
        -:    9:   version 2.1 of the License, or (at your option) any later version.
        -:   10:
        -:   11:   The GNU C Library is distributed in the hope that it will be useful,
        -:   12:   but WITHOUT ANY WARRANTY; without even the implied warranty of
        -:   13:   MERCHANTABILITY or FITNESS FOR A PARTICULAR PURPOSE.  See the GNU
        -:   14:   Lesser General Public License for more details.
        -:   15:
        -:   16:   You should have received a copy of the GNU Lesser General Public
        -:   17:   License along with the GNU C Library; if not, write to the Free
        -:   18:   Software Foundation, Inc., 59 Temple Place, Suite 330, Boston, MA
        -:   19:   02111-1307 USA.  */
        -:   20:
        -:   21:static reg_errcode_t re_compile_internal (regex_t *preg, const char * pattern,
        -:   22:					  size_t length, reg_syntax_t syntax);
        -:   23:static void re_compile_fastmap_iter (regex_t *bufp,
        -:   24:				     const re_dfastate_t *init_state,
        -:   25:				     char *fastmap);
        -:   26:static reg_errcode_t init_dfa (re_dfa_t *dfa, size_t pat_len);
        -:   27:#ifdef RE_ENABLE_I18N
        -:   28:static void free_charset (re_charset_t *cset);
        -:   29:#endif /* RE_ENABLE_I18N */
        -:   30:static void free_workarea_compile (regex_t *preg);
        -:   31:static reg_errcode_t create_initial_state (re_dfa_t *dfa);
        -:   32:#ifdef RE_ENABLE_I18N
        -:   33:static void optimize_utf8 (re_dfa_t *dfa);
        -:   34:#endif
        -:   35:static reg_errcode_t analyze (regex_t *preg);
        -:   36:static reg_errcode_t preorder (bin_tree_t *root,
        -:   37:			       reg_errcode_t (fn (void *, bin_tree_t *)),
        -:   38:			       void *extra);
        -:   39:static reg_errcode_t postorder (bin_tree_t *root,
        -:   40:				reg_errcode_t (fn (void *, bin_tree_t *)),
        -:   41:				void *extra);
        -:   42:static reg_errcode_t optimize_subexps (void *extra, bin_tree_t *node);
        -:   43:static reg_errcode_t lower_subexps (void *extra, bin_tree_t *node);
        -:   44:static bin_tree_t *lower_subexp (reg_errcode_t *err, regex_t *preg,
        -:   45:				 bin_tree_t *node);
        -:   46:static reg_errcode_t calc_first (void *extra, bin_tree_t *node);
        -:   47:static reg_errcode_t calc_next (void *extra, bin_tree_t *node);
        -:   48:static reg_errcode_t link_nfa_nodes (void *extra, bin_tree_t *node);
        -:   49:static int duplicate_node (re_dfa_t *dfa, int org_idx, unsigned int constraint);
        -:   50:static int search_duplicated_node (const re_dfa_t *dfa, int org_node,
        -:   51:				   unsigned int constraint);
        -:   52:static reg_errcode_t calc_eclosure (re_dfa_t *dfa);
        -:   53:static reg_errcode_t calc_eclosure_iter (re_node_set *new_set, re_dfa_t *dfa,
        -:   54:					 int node, int root);
        -:   55:static reg_errcode_t calc_inveclosure (re_dfa_t *dfa);
        -:   56:static int fetch_number (re_string_t *input, re_token_t *token,
        -:   57:			 reg_syntax_t syntax);
        -:   58:static int peek_token (re_token_t *token, re_string_t *input,
        -:   59:			reg_syntax_t syntax) internal_function;
        -:   60:static bin_tree_t *parse (re_string_t *regexp, regex_t *preg,
        -:   61:			  reg_syntax_t syntax, reg_errcode_t *err);
        -:   62:static bin_tree_t *parse_reg_exp (re_string_t *regexp, regex_t *preg,
        -:   63:				  re_token_t *token, reg_syntax_t syntax,
        -:   64:				  int nest, reg_errcode_t *err);
        -:   65:static bin_tree_t *parse_branch (re_string_t *regexp, regex_t *preg,
        -:   66:				 re_token_t *token, reg_syntax_t syntax,
        -:   67:				 int nest, reg_errcode_t *err);
        -:   68:static bin_tree_t *parse_expression (re_string_t *regexp, regex_t *preg,
        -:   69:				     re_token_t *token, reg_syntax_t syntax,
        -:   70:				     int nest, reg_errcode_t *err);
        -:   71:static bin_tree_t *parse_sub_exp (re_string_t *regexp, regex_t *preg,
        -:   72:				  re_token_t *token, reg_syntax_t syntax,
        -:   73:				  int nest, reg_errcode_t *err);
        -:   74:static bin_tree_t *parse_dup_op (bin_tree_t *dup_elem, re_string_t *regexp,
        -:   75:				 re_dfa_t *dfa, re_token_t *token,
        -:   76:				 reg_syntax_t syntax, reg_errcode_t *err);
        -:   77:static bin_tree_t *parse_bracket_exp (re_string_t *regexp, re_dfa_t *dfa,
        -:   78:				      re_token_t *token, reg_syntax_t syntax,
        -:   79:				      reg_errcode_t *err);
        -:   80:static reg_errcode_t parse_bracket_element (bracket_elem_t *elem,
        -:   81:					    re_string_t *regexp,
        -:   82:					    re_token_t *token, int token_len,
        -:   83:					    re_dfa_t *dfa,
        -:   84:					    reg_syntax_t syntax,
        -:   85:					    int accept_hyphen);
        -:   86:static reg_errcode_t parse_bracket_symbol (bracket_elem_t *elem,
        -:   87:					  re_string_t *regexp,
        -:   88:					  re_token_t *token);
        -:   89:#ifdef RE_ENABLE_I18N
        -:   90:static reg_errcode_t build_equiv_class (bitset_t sbcset,
        -:   91:					re_charset_t *mbcset,
        -:   92:					int *equiv_class_alloc,
        -:   93:					const unsigned char *name);
        -:   94:static reg_errcode_t build_charclass (RE_TRANSLATE_TYPE trans,
        -:   95:				      bitset_t sbcset,
        -:   96:				      re_charset_t *mbcset,
        -:   97:				      int *char_class_alloc,
        -:   98:				      const unsigned char *class_name,
        -:   99:				      reg_syntax_t syntax);
        -:  100:#else  /* not RE_ENABLE_I18N */
        -:  101:static reg_errcode_t build_equiv_class (bitset_t sbcset,
        -:  102:					const unsigned char *name);
        -:  103:static reg_errcode_t build_charclass (RE_TRANSLATE_TYPE trans,
        -:  104:				      bitset_t sbcset,
        -:  105:				      const unsigned char *class_name,
        -:  106:				      reg_syntax_t syntax);
        -:  107:#endif /* not RE_ENABLE_I18N */
        -:  108:static bin_tree_t *build_charclass_op (re_dfa_t *dfa,
        -:  109:				       RE_TRANSLATE_TYPE trans,
        -:  110:				       const unsigned char *class_name,
        -:  111:				       const unsigned char *extra,
        -:  112:				       int non_match, reg_errcode_t *err);
        -:  113:static bin_tree_t *create_tree (re_dfa_t *dfa,
        -:  114:				bin_tree_t *left, bin_tree_t *right,
        -:  115:				re_token_type_t type);
        -:  116:static bin_tree_t *create_token_tree (re_dfa_t *dfa,
        -:  117:				      bin_tree_t *left, bin_tree_t *right,
        -:  118:				      const re_token_t *token);
        -:  119:static bin_tree_t *duplicate_tree (const bin_tree_t *src, re_dfa_t *dfa);
        -:  120:static void free_token (re_token_t *node);
        -:  121:static reg_errcode_t free_tree (void *extra, bin_tree_t *node);
        -:  122:static reg_errcode_t mark_opt_subexp (void *extra, bin_tree_t *node);
        -:  123:
        -:  124:/* This table gives an error message for each of the error codes listed
        -:  125:   in regex.h.  Obviously the order here has to be same as there.
        -:  126:   POSIX doesn't require that we do anything for REG_NOERROR,
        -:  127:   but why not be nice?  */
        -:  128:
        -:  129:const char __re_error_msgid[] attribute_hidden =
        -:  130:  {
        -:  131:#define REG_NOERROR_IDX	0
        -:  132:    gettext_noop ("Success")	/* REG_NOERROR */
        -:  133:    "\0"
        -:  134:#define REG_NOMATCH_IDX (REG_NOERROR_IDX + sizeof "Success")
        -:  135:    gettext_noop ("No match")	/* REG_NOMATCH */
        -:  136:    "\0"
        -:  137:#define REG_BADPAT_IDX	(REG_NOMATCH_IDX + sizeof "No match")
        -:  138:    gettext_noop ("Invalid regular expression") /* REG_BADPAT */
        -:  139:    "\0"
        -:  140:#define REG_ECOLLATE_IDX (REG_BADPAT_IDX + sizeof "Invalid regular expression")
        -:  141:    gettext_noop ("Invalid collation character") /* REG_ECOLLATE */
        -:  142:    "\0"
        -:  143:#define REG_ECTYPE_IDX	(REG_ECOLLATE_IDX + sizeof "Invalid collation character")
        -:  144:    gettext_noop ("Invalid character class name") /* REG_ECTYPE */
        -:  145:    "\0"
        -:  146:#define REG_EESCAPE_IDX	(REG_ECTYPE_IDX + sizeof "Invalid character class name")
        -:  147:    gettext_noop ("Trailing backslash") /* REG_EESCAPE */
        -:  148:    "\0"
        -:  149:#define REG_ESUBREG_IDX	(REG_EESCAPE_IDX + sizeof "Trailing backslash")
        -:  150:    gettext_noop ("Invalid back reference") /* REG_ESUBREG */
        -:  151:    "\0"
        -:  152:#define REG_EBRACK_IDX	(REG_ESUBREG_IDX + sizeof "Invalid back reference")
        -:  153:    gettext_noop ("Unmatched [ or [^")	/* REG_EBRACK */
        -:  154:    "\0"
        -:  155:#define REG_EPAREN_IDX	(REG_EBRACK_IDX + sizeof "Unmatched [ or [^")
        -:  156:    gettext_noop ("Unmatched ( or \\(") /* REG_EPAREN */
        -:  157:    "\0"
        -:  158:#define REG_EBRACE_IDX	(REG_EPAREN_IDX + sizeof "Unmatched ( or \\(")
        -:  159:    gettext_noop ("Unmatched \\{") /* REG_EBRACE */
        -:  160:    "\0"
        -:  161:#define REG_BADBR_IDX	(REG_EBRACE_IDX + sizeof "Unmatched \\{")
        -:  162:    gettext_noop ("Invalid content of \\{\\}") /* REG_BADBR */
        -:  163:    "\0"
        -:  164:#define REG_ERANGE_IDX	(REG_BADBR_IDX + sizeof "Invalid content of \\{\\}")
        -:  165:    gettext_noop ("Invalid range end")	/* REG_ERANGE */
        -:  166:    "\0"
        -:  167:#define REG_ESPACE_IDX	(REG_ERANGE_IDX + sizeof "Invalid range end")
        -:  168:    gettext_noop ("Memory exhausted") /* REG_ESPACE */
        -:  169:    "\0"
        -:  170:#define REG_BADRPT_IDX	(REG_ESPACE_IDX + sizeof "Memory exhausted")
        -:  171:    gettext_noop ("Invalid preceding regular expression") /* REG_BADRPT */
        -:  172:    "\0"
        -:  173:#define REG_EEND_IDX	(REG_BADRPT_IDX + sizeof "Invalid preceding regular expression")
        -:  174:    gettext_noop ("Premature end of regular expression") /* REG_EEND */
        -:  175:    "\0"
        -:  176:#define REG_ESIZE_IDX	(REG_EEND_IDX + sizeof "Premature end of regular expression")
        -:  177:    gettext_noop ("Regular expression too big") /* REG_ESIZE */
        -:  178:    "\0"
        -:  179:#define REG_ERPAREN_IDX	(REG_ESIZE_IDX + sizeof "Regular expression too big")
        -:  180:    gettext_noop ("Unmatched ) or \\)") /* REG_ERPAREN */
        -:  181:  };
        -:  182:
        -:  183:const size_t __re_error_msgid_idx[] attribute_hidden =
        -:  184:  {
        -:  185:    REG_NOERROR_IDX,
        -:  186:    REG_NOMATCH_IDX,
        -:  187:    REG_BADPAT_IDX,
        -:  188:    REG_ECOLLATE_IDX,
        -:  189:    REG_ECTYPE_IDX,
        -:  190:    REG_EESCAPE_IDX,
        -:  191:    REG_ESUBREG_IDX,
        -:  192:    REG_EBRACK_IDX,
        -:  193:    REG_EPAREN_IDX,
        -:  194:    REG_EBRACE_IDX,
        -:  195:    REG_BADBR_IDX,
        -:  196:    REG_ERANGE_IDX,
        -:  197:    REG_ESPACE_IDX,
        -:  198:    REG_BADRPT_IDX,
        -:  199:    REG_EEND_IDX,
        -:  200:    REG_ESIZE_IDX,
        -:  201:    REG_ERPAREN_IDX
        -:  202:  };
        -:  203:
        -:  204:/* Entry points for GNU code.  */
        -:  205:
        -:  206:/* re_compile_pattern is the GNU regular expression compiler: it
        -:  207:   compiles PATTERN (of length LENGTH) and puts the result in BUFP.
        -:  208:   Returns 0 if the pattern was valid, otherwise an error string.
        -:  209:
        -:  210:   Assumes the `allocated' (and perhaps `buffer') and `translate' fields
        -:  211:   are set in BUFP on entry.  */
        -:  212:
        -:  213:const char *
function re_compile_pattern called 1 returned 100% blocks executed 80%
        1:  214:re_compile_pattern (pattern, length, bufp)
        -:  215:    const char *pattern;
        -:  216:    size_t length;
        -:  217:    struct re_pattern_buffer *bufp;
        -:  218:{
        -:  219:  reg_errcode_t ret;
        -:  220:
        -:  221:  /* And GNU code determines whether or not to get register information
        -:  222:     by passing null for the REGS argument to re_match, etc., not by
        -:  223:     setting no_sub, unless RE_NO_SUB is set.  */
        1:  224:  bufp->no_sub = !!(re_syntax_options & RE_NO_SUB);
        -:  225:
        -:  226:  /* Match anchors at newline.  */
        1:  227:  bufp->newline_anchor = 1;
        -:  228:
        1:  229:  ret = re_compile_internal (bufp, pattern, length, re_syntax_options);
call    0 returned 1
        -:  230:
        1:  231:  if (!ret)
branch  0 taken 1 (fallthrough)
branch  1 taken 0
        1:  232:    return NULL;
    #####:  233:  return gettext (__re_error_msgid + __re_error_msgid_idx[(int) ret]);
        -:  234:}
        -:  235:#ifdef _LIBC
        -:  236:weak_alias (__re_compile_pattern, re_compile_pattern)
        -:  237:#endif
        -:  238:
        -:  239:/* Set by `re_set_syntax' to the current regexp syntax to recognize.  Can
        -:  240:   also be assigned to arbitrarily: each pattern buffer stores its own
        -:  241:   syntax, so it can be changed between regex compilations.  */
        -:  242:/* This has no initializer because initialized variables in Emacs
        -:  243:   become read-only after dumping.  */
        -:  244:reg_syntax_t re_syntax_options;
        -:  245:
        -:  246:
        -:  247:/* Specify the precise syntax of regexps for compilation.  This provides
        -:  248:   for compatibility for various utilities which historically have
        -:  249:   different, incompatible syntaxes.
        -:  250:
        -:  251:   The argument SYNTAX is a bit mask comprised of the various bits
        -:  252:   defined in regex.h.  We return the old syntax.  */
        -:  253:
        -:  254:reg_syntax_t
function re_set_syntax called 1 returned 100% blocks executed 100%
        1:  255:re_set_syntax (syntax)
        -:  256:    reg_syntax_t syntax;
        -:  257:{
        1:  258:  reg_syntax_t ret = re_syntax_options;
        -:  259:
        1:  260:  re_syntax_options = syntax;
        1:  261:  return ret;
        -:  262:}
        -:  263:#ifdef _LIBC
        -:  264:weak_alias (__re_set_syntax, re_set_syntax)
        -:  265:#endif
        -:  266:
        -:  267:int
function re_compile_fastmap called 1 returned 100% blocks executed 67%
        1:  268:re_compile_fastmap (bufp)
        -:  269:    struct re_pattern_buffer *bufp;
        -:  270:{
        1:  271:  re_dfa_t *dfa = (re_dfa_t *) bufp->buffer;
        1:  272:  char *fastmap = bufp->fastmap;
        -:  273:
        1:  274:  memset (fastmap, '\0', sizeof (char) * SBC_MAX);
        1:  275:  re_compile_fastmap_iter (bufp, dfa->init_state, fastmap);
call    0 returned 1
        1:  276:  if (dfa->init_state != dfa->init_state_word)
branch  0 taken 0 (fallthrough)
branch  1 taken 1
    #####:  277:    re_compile_fastmap_iter (bufp, dfa->init_state_word, fastmap);
call    0 never executed
        1:  278:  if (dfa->init_state != dfa->init_state_nl)
branch  0 taken 0 (fallthrough)
branch  1 taken 1
    #####:  279:    re_compile_fastmap_iter (bufp, dfa->init_state_nl, fastmap);
call    0 never executed
        1:  280:  if (dfa->init_state != dfa->init_state_begbuf)
branch  0 taken 0 (fallthrough)
branch  1 taken 1
    #####:  281:    re_compile_fastmap_iter (bufp, dfa->init_state_begbuf, fastmap);
call    0 never executed
        1:  282:  bufp->fastmap_accurate = 1;
        1:  283:  return 0;
        -:  284:}
        -:  285:#ifdef _LIBC
        -:  286:weak_alias (__re_compile_fastmap, re_compile_fastmap)
        -:  287:#endif
        -:  288:
        -:  289:static inline void
        -:  290:__attribute ((always_inline))
        -:  291:re_set_fastmap (char *fastmap, int icase, int ch)
        -:  292:{
       4*:  293:  fastmap[ch] = 1;
       4*:  294:  if (icase)
branch  0 taken 0 (fallthrough)
branch  1 taken 4
    #####:  295:    fastmap[tolower (ch)] = 1;
       4*:  296:}
        -:  297:
        -:  298:/* Helper function for re_compile_fastmap.
        -:  299:   Compile fastmap for the initial_state INIT_STATE.  */
        -:  300:
        -:  301:static void
function re_compile_fastmap_iter called 1 returned 100% blocks executed 70%
        1:  302:re_compile_fastmap_iter (regex_t *bufp, const re_dfastate_t *init_state,
        -:  303:			 char *fastmap)
        -:  304:{
        1:  305:  re_dfa_t *dfa = (re_dfa_t *) bufp->buffer;
        -:  306:  int node_cnt;
       1*:  307:  int icase = (dfa->mb_cur_max == 1 && (bufp->syntax & RE_ICASE));
branch  0 taken 1 (fallthrough)
branch  1 taken 0
branch  2 taken 0 (fallthrough)
branch  3 taken 1
        6:  308:  for (node_cnt = 0; node_cnt < init_state->nodes.nelem; ++node_cnt)
branch  0 taken 5
branch  1 taken 1 (fallthrough)
        -:  309:    {
        5:  310:      int node = init_state->nodes.elems[node_cnt];
        5:  311:      re_token_type_t type = dfa->nodes[node].type;
        -:  312:
        5:  313:      if (type == CHARACTER)
branch  0 taken 0 (fallthrough)
branch  1 taken 5
        -:  314:	{
    #####:  315:	  re_set_fastmap (fastmap, icase, dfa->nodes[node].opr.c);
branch  0 never executed
branch  1 never executed
        -:  316:#ifdef RE_ENABLE_I18N
        -:  317:	  if ((bufp->syntax & RE_ICASE) && dfa->mb_cur_max > 1)
        -:  318:	    {
        -:  319:	      unsigned char *buf = alloca (dfa->mb_cur_max), *p;
        -:  320:	      wchar_t wc;
        -:  321:	      mbstate_t state;
        -:  322:
        -:  323:	      p = buf;
        -:  324:	      *p++ = dfa->nodes[node].opr.c;
        -:  325:	      while (++node < dfa->nodes_len
        -:  326:		     &&	dfa->nodes[node].type == CHARACTER
        -:  327:		     && dfa->nodes[node].mb_partial)
        -:  328:		*p++ = dfa->nodes[node].opr.c;
        -:  329:	      memset (&state, '\0', sizeof (state));
        -:  330:	      if (mbrtowc (&wc, (const char *) buf, p - buf,
        -:  331:			   &state) == p - buf
        -:  332:		  && (__wcrtomb ((char *) buf, towlower (wc), &state)
        -:  333:		      != (size_t) -1))
        -:  334:		re_set_fastmap (fastmap, 0, buf[0]);
        -:  335:	    }
        -:  336:#endif
        -:  337:	}
        5:  338:      else if (type == SIMPLE_BRACKET)
branch  0 taken 2 (fallthrough)
branch  1 taken 3
        -:  339:	{
        -:  340:	  int i, ch;
       10:  341:	  for (i = 0, ch = 0; i < BITSET_WORDS; ++i)
branch  0 taken 8
branch  1 taken 2
        -:  342:	    {
        -:  343:	      int j;
        8:  344:	      bitset_word_t w = dfa->nodes[node].opr.sbcset[i];
      520:  345:	      for (j = 0; j < BITSET_WORD_BITS; ++j, ++ch)
branch  0 taken 512
branch  1 taken 8 (fallthrough)
      512:  346:		if (w & ((bitset_word_t) 1 << j))
branch  0 taken 4 (fallthrough)
branch  1 taken 508
        -:  347:		  re_set_fastmap (fastmap, icase, ch);
        -:  348:	    }
        -:  349:	}
        -:  350:#ifdef RE_ENABLE_I18N
        -:  351:      else if (type == COMPLEX_BRACKET)
        -:  352:	{
        -:  353:	  int i;
        -:  354:	  re_charset_t *cset = dfa->nodes[node].opr.mbcset;
        -:  355:	  if (cset->non_match || cset->ncoll_syms || cset->nequiv_classes
        -:  356:	      || cset->nranges || cset->nchar_classes)
        -:  357:	    {
        -:  358:# ifdef _LIBC
        -:  359:	      if (_NL_CURRENT_WORD (LC_COLLATE, _NL_COLLATE_NRULES) != 0)
        -:  360:		{
        -:  361:		  /* In this case we want to catch the bytes which are
        -:  362:		     the first byte of any collation elements.
        -:  363:		     e.g. In da_DK, we want to catch 'a' since "aa"
        -:  364:			  is a valid collation element, and don't catch
        -:  365:			  'b' since 'b' is the only collation element
        -:  366:			  which starts from 'b'.  */
        -:  367:		  const int32_t *table = (const int32_t *)
        -:  368:		    _NL_CURRENT (LC_COLLATE, _NL_COLLATE_TABLEMB);
        -:  369:		  for (i = 0; i < SBC_MAX; ++i)
        -:  370:		    if (table[i] < 0)
        -:  371:		      re_set_fastmap (fastmap, icase, i);
        -:  372:		}
        -:  373:# else
        -:  374:	      if (dfa->mb_cur_max > 1)
        -:  375:		for (i = 0; i < SBC_MAX; ++i)
        -:  376:		  if (__btowc (i) == WEOF)
        -:  377:		    re_set_fastmap (fastmap, icase, i);
        -:  378:# endif /* not _LIBC */
        -:  379:	    }
        -:  380:	  for (i = 0; i < cset->nmbchars; ++i)
        -:  381:	    {
        -:  382:	      char buf[256];
        -:  383:	      mbstate_t state;
        -:  384:	      memset (&state, '\0', sizeof (state));
        -:  385:	      if (__wcrtomb (buf, cset->mbchars[i], &state) != (size_t) -1)
        -:  386:		re_set_fastmap (fastmap, icase, *(unsigned char *) buf);
        -:  387:	      if ((bufp->syntax & RE_ICASE) && dfa->mb_cur_max > 1)
        -:  388:		{
        -:  389:		  if (__wcrtomb (buf, towlower (cset->mbchars[i]), &state)
        -:  390:		      != (size_t) -1)
        -:  391:		    re_set_fastmap (fastmap, 0, *(unsigned char *) buf);
        -:  392:		}
        -:  393:	    }
        -:  394:	}
        -:  395:#endif /* RE_ENABLE_I18N */
        3:  396:      else if (type == OP_PERIOD
branch  0 taken 3 (fallthrough)
branch  1 taken 0
        -:  397:#ifdef RE_ENABLE_I18N
        -:  398:	       || type == OP_UTF8_PERIOD
        -:  399:#endif /* RE_ENABLE_I18N */
        3:  400:	       || type == END_OF_RE)
branch  0 taken 0 (fallthrough)
branch  1 taken 3
        -:  401:	{
    #####:  402:	  memset (fastmap, '\1', sizeof (char) * SBC_MAX);
    #####:  403:	  if (type == END_OF_RE)
branch  0 never executed
branch  1 never executed
    #####:  404:	    bufp->can_be_null = 1;
    #####:  405:	  return;
        -:  406:	}
        -:  407:    }
        -:  408:}
        -:  409:
        -:  410:/* Entry point for POSIX code.  */
        -:  411:/* regcomp takes a regular expression as a string and compiles it.
        -:  412:
        -:  413:   PREG is a regex_t *.  We do not expect any fields to be initialized,
        -:  414:   since POSIX says we shouldn't.  Thus, we set
        -:  415:
        -:  416:     `buffer' to the compiled pattern;
        -:  417:     `used' to the length of the compiled pattern;
        -:  418:     `syntax' to RE_SYNTAX_POSIX_EXTENDED if the
        -:  419:       REG_EXTENDED bit in CFLAGS is set; otherwise, to
        -:  420:       RE_SYNTAX_POSIX_BASIC;
        -:  421:     `newline_anchor' to REG_NEWLINE being set in CFLAGS;
        -:  422:     `fastmap' to an allocated space for the fastmap;
        -:  423:     `fastmap_accurate' to zero;
        -:  424:     `re_nsub' to the number of subexpressions in PATTERN.
        -:  425:
        -:  426:   PATTERN is the address of the pattern string.
        -:  427:
        -:  428:   CFLAGS is a series of bits which affect compilation.
        -:  429:
        -:  430:     If REG_EXTENDED is set, we use POSIX extended syntax; otherwise, we
        -:  431:     use POSIX basic syntax.
        -:  432:
        -:  433:     If REG_NEWLINE is set, then . and [^...] don't match newline.
        -:  434:     Also, regexec will try a match beginning after every newline.
        -:  435:
        -:  436:     If REG_ICASE is set, then we considers upper- and lowercase
        -:  437:     versions of letters to be equivalent when matching.
        -:  438:
        -:  439:     If REG_NOSUB is set, then when PREG is passed to regexec, that
        -:  440:     routine will report only success or failure, and nothing about the
        -:  441:     registers.
        -:  442:
        -:  443:   It returns 0 if it succeeds, nonzero if it doesn't.  (See regex.h for
        -:  444:   the return codes and their meanings.)  */
        -:  445:
        -:  446:int
function regcomp called 0 returned 0% blocks executed 0%
    #####:  447:regcomp (preg, pattern, cflags)
        -:  448:    regex_t *__restrict preg;
        -:  449:    const char *__restrict pattern;
        -:  450:    int cflags;
        -:  451:{
        -:  452:  reg_errcode_t ret;
    #####:  453:  reg_syntax_t syntax = ((cflags & REG_EXTENDED) ? RE_SYNTAX_POSIX_EXTENDED
    #####:  454:			 : RE_SYNTAX_POSIX_BASIC);
branch  0 never executed
branch  1 never executed
        -:  455:
    #####:  456:  preg->buffer = NULL;
    #####:  457:  preg->allocated = 0;
    #####:  458:  preg->used = 0;
        -:  459:
        -:  460:  /* Try to allocate space for the fastmap.  */
    #####:  461:  preg->fastmap = re_malloc (char, SBC_MAX);
    #####:  462:  if (BE (preg->fastmap == NULL, 0))
branch  0 never executed
branch  1 never executed
    #####:  463:    return REG_ESPACE;
        -:  464:
    #####:  465:  syntax |= (cflags & REG_ICASE) ? RE_ICASE : 0;
        -:  466:
        -:  467:  /* If REG_NEWLINE is set, newlines are treated differently.  */
    #####:  468:  if (cflags & REG_NEWLINE)
branch  0 never executed
branch  1 never executed
        -:  469:    { /* REG_NEWLINE implies neither . nor [^...] match newline.  */
    #####:  470:      syntax &= ~RE_DOT_NEWLINE;
    #####:  471:      syntax |= RE_HAT_LISTS_NOT_NEWLINE;
        -:  472:      /* It also changes the matching behavior.  */
    #####:  473:      preg->newline_anchor = 1;
        -:  474:    }
        -:  475:  else
    #####:  476:    preg->newline_anchor = 0;
    #####:  477:  preg->no_sub = !!(cflags & REG_NOSUB);
    #####:  478:  preg->translate = NULL;
        -:  479:
    #####:  480:  ret = re_compile_internal (preg, pattern, strlen (pattern), syntax);
call    0 never executed
        -:  481:
        -:  482:  /* POSIX doesn't distinguish between an unmatched open-group and an
        -:  483:     unmatched close-group: both are REG_EPAREN.  */
    #####:  484:  if (ret == REG_ERPAREN)
branch  0 never executed
branch  1 never executed
    #####:  485:    ret = REG_EPAREN;
        -:  486:
        -:  487:  /* We have already checked preg->fastmap != NULL.  */
    #####:  488:  if (BE (ret == REG_NOERROR, 1))
branch  0 never executed
branch  1 never executed
        -:  489:    /* Compute the fastmap now, since regexec cannot modify the pattern
        -:  490:       buffer.  This function never fails in this implementation.  */
    #####:  491:    (void) re_compile_fastmap (preg);
call    0 never executed
        -:  492:  else
        -:  493:    {
        -:  494:      /* Some error occurred while compiling the expression.  */
    #####:  495:      re_free (preg->fastmap);
    #####:  496:      preg->fastmap = NULL;
        -:  497:    }
        -:  498:
    #####:  499:  return (int) ret;
        -:  500:}
        -:  501:#ifdef _LIBC
        -:  502:weak_alias (__regcomp, regcomp)
        -:  503:#endif
        -:  504:
        -:  505:/* Returns a message corresponding to an error code, ERRCODE, returned
        -:  506:   from either regcomp or regexec.   We don't use PREG here.  */
        -:  507:
        -:  508:size_t
function regerror called 0 returned 0% blocks executed 0%
    #####:  509:regerror (errcode, preg, errbuf, errbuf_size)
        -:  510:    int errcode;
        -:  511:    const regex_t *__restrict preg;
        -:  512:    char *__restrict errbuf;
        -:  513:    size_t errbuf_size;
        -:  514:{
        -:  515:  const char *msg;
        -:  516:  size_t msg_size;
        -:  517:
    #####:  518:  if (BE (errcode < 0
branch  0 never executed
branch  1 never executed
branch  2 never executed
branch  3 never executed
        -:  519:	  || errcode >= (int) (sizeof (__re_error_msgid_idx)
        -:  520:			       / sizeof (__re_error_msgid_idx[0])), 0))
        -:  521:    /* Only error codes returned by the rest of the code should be passed
        -:  522:       to this routine.  If we are given anything else, or if other regex
        -:  523:       code generates an invalid error code, then the program has a bug.
        -:  524:       Dump core so we can fix it.  */
    #####:  525:    abort ();
call    0 never executed
        -:  526:
    #####:  527:  msg = gettext (__re_error_msgid + __re_error_msgid_idx[errcode]);
        -:  528:
    #####:  529:  msg_size = strlen (msg) + 1; /* Includes the null.  */
        -:  530:
    #####:  531:  if (BE (errbuf_size != 0, 1))
branch  0 never executed
branch  1 never executed
        -:  532:    {
    #####:  533:      if (BE (msg_size > errbuf_size, 0))
branch  0 never executed
branch  1 never executed
        -:  534:	{
        -:  535:#if defined HAVE_MEMPCPY || defined _LIBC
        -:  536:	  *((char *) __mempcpy (errbuf, msg, errbuf_size - 1)) = '\0';
        -:  537:#else
    #####:  538:	  memcpy (errbuf, msg, errbuf_size - 1);
    #####:  539:	  errbuf[errbuf_size - 1] = 0;
        -:  540:#endif
        -:  541:	}
        -:  542:      else
    #####:  543:	memcpy (errbuf, msg, msg_size);
        -:  544:    }
        -:  545:
    #####:  546:  return msg_size;
        -:  547:}
        -:  548:#ifdef _LIBC
        -:  549:weak_alias (__regerror, regerror)
        -:  550:#endif
        -:  551:
        -:  552:
        -:  553:#ifdef RE_ENABLE_I18N
        -:  554:/* This static array is used for the map to single-byte characters when
        -:  555:   UTF-8 is used.  Otherwise we would allocate memory just to initialize
        -:  556:   it the same all the time.  UTF-8 is the preferred encoding so this is
        -:  557:   a worthwhile optimization.  */
        -:  558:static const bitset_t utf8_sb_map =
        -:  559:{
        -:  560:  /* Set the first 128 bits.  */
        -:  561:  [0 ... 0x80 / BITSET_WORD_BITS - 1] = BITSET_WORD_MAX
        -:  562:};
        -:  563:#endif
        -:  564:
        -:  565:
        -:  566:static void
function free_dfa_content called 0 returned 0% blocks executed 0%
    #####:  567:free_dfa_content (re_dfa_t *dfa)
        -:  568:{
        -:  569:  int i, j;
        -:  570:
    #####:  571:  if (dfa->nodes)
branch  0 never executed
branch  1 never executed
    #####:  572:    for (i = 0; i < dfa->nodes_len; ++i)
branch  0 never executed
branch  1 never executed
    #####:  573:      free_token (dfa->nodes + i);
call    0 never executed
    #####:  574:  re_free (dfa->nexts);
    #####:  575:  for (i = 0; i < dfa->nodes_len; ++i)
branch  0 never executed
branch  1 never executed
        -:  576:    {
    #####:  577:      if (dfa->eclosures != NULL)
branch  0 never executed
branch  1 never executed
    #####:  578:	re_node_set_free (dfa->eclosures + i);
    #####:  579:      if (dfa->inveclosures != NULL)
branch  0 never executed
branch  1 never executed
    #####:  580:	re_node_set_free (dfa->inveclosures + i);
    #####:  581:      if (dfa->edests != NULL)
branch  0 never executed
branch  1 never executed
    #####:  582:	re_node_set_free (dfa->edests + i);
        -:  583:    }
    #####:  584:  re_free (dfa->edests);
    #####:  585:  re_free (dfa->eclosures);
    #####:  586:  re_free (dfa->inveclosures);
    #####:  587:  re_free (dfa->nodes);
        -:  588:
    #####:  589:  if (dfa->state_table)
branch  0 never executed
branch  1 never executed
    #####:  590:    for (i = 0; i <= dfa->state_hash_mask; ++i)
branch  0 never executed
branch  1 never executed
        -:  591:      {
    #####:  592:	struct re_state_table_entry *entry = dfa->state_table + i;
    #####:  593:	for (j = 0; j < entry->num; ++j)
branch  0 never executed
branch  1 never executed
        -:  594:	  {
    #####:  595:	    re_dfastate_t *state = entry->array[j];
    #####:  596:	    free_state (state);
call    0 never executed
        -:  597:	  }
    #####:  598:        re_free (entry->array);
        -:  599:      }
    #####:  600:  re_free (dfa->state_table);
        -:  601:#ifdef RE_ENABLE_I18N
        -:  602:  if (dfa->sb_char != utf8_sb_map)
        -:  603:    re_free (dfa->sb_char);
        -:  604:#endif
    #####:  605:  re_free (dfa->subexp_map);
        -:  606:#ifdef DEBUG
        -:  607:  re_free (dfa->re_str);
        -:  608:#endif
        -:  609:
    #####:  610:  re_free (dfa);
    #####:  611:}
        -:  612:
        -:  613:
        -:  614:/* Free dynamically allocated space used by PREG.  */
        -:  615:
        -:  616:void
function regfree called 0 returned 0% blocks executed 0%
    #####:  617:regfree (preg)
        -:  618:    regex_t *preg;
        -:  619:{
    #####:  620:  re_dfa_t *dfa = (re_dfa_t *) preg->buffer;
    #####:  621:  if (BE (dfa != NULL, 1))
branch  0 never executed
branch  1 never executed
    #####:  622:    free_dfa_content (dfa);
call    0 never executed
    #####:  623:  preg->buffer = NULL;
    #####:  624:  preg->allocated = 0;
        -:  625:
    #####:  626:  re_free (preg->fastmap);
    #####:  627:  preg->fastmap = NULL;
        -:  628:
    #####:  629:  re_free (preg->translate);
    #####:  630:  preg->translate = NULL;
    #####:  631:}
        -:  632:#ifdef _LIBC
        -:  633:weak_alias (__regfree, regfree)
        -:  634:#endif
        -:  635:
        -:  636:/* Entry points compatible with 4.2 BSD regex library.  We don't define
        -:  637:   them unless specifically requested.  */
        -:  638:
        -:  639:#if defined _REGEX_RE_COMP || defined _LIBC
        -:  640:
        -:  641:/* BSD has one and only one pattern buffer.  */
        -:  642:static struct re_pattern_buffer re_comp_buf;
        -:  643:
        -:  644:char *
        -:  645:# ifdef _LIBC
        -:  646:/* Make these definitions weak in libc, so POSIX programs can redefine
        -:  647:   these names if they don't use our functions, and still use
        -:  648:   regcomp/regexec above without link errors.  */
        -:  649:weak_function
        -:  650:# endif
        -:  651:re_comp (s)
        -:  652:     const char *s;
        -:  653:{
        -:  654:  reg_errcode_t ret;
        -:  655:  char *fastmap;
        -:  656:
        -:  657:  if (!s)
        -:  658:    {
        -:  659:      if (!re_comp_buf.buffer)
        -:  660:	return gettext ("No previous regular expression");
        -:  661:      return 0;
        -:  662:    }
        -:  663:
        -:  664:  if (re_comp_buf.buffer)
        -:  665:    {
        -:  666:      fastmap = re_comp_buf.fastmap;
        -:  667:      re_comp_buf.fastmap = NULL;
        -:  668:      __regfree (&re_comp_buf);
        -:  669:      memset (&re_comp_buf, '\0', sizeof (re_comp_buf));
        -:  670:      re_comp_buf.fastmap = fastmap;
        -:  671:    }
        -:  672:
        -:  673:  if (re_comp_buf.fastmap == NULL)
        -:  674:    {
        -:  675:      re_comp_buf.fastmap = (char *) malloc (SBC_MAX);
        -:  676:      if (re_comp_buf.fastmap == NULL)
        -:  677:	return (char *) gettext (__re_error_msgid
        -:  678:				 + __re_error_msgid_idx[(int) REG_ESPACE]);
        -:  679:    }
        -:  680:
        -:  681:  /* Since `re_exec' always passes NULL for the `regs' argument, we
        -:  682:     don't need to initialize the pattern buffer fields which affect it.  */
        -:  683:
        -:  684:  /* Match anchors at newlines.  */
        -:  685:  re_comp_buf.newline_anchor = 1;
        -:  686:
        -:  687:  ret = re_compile_internal (&re_comp_buf, s, strlen (s), re_syntax_options);
        -:  688:
        -:  689:  if (!ret)
        -:  690:    return NULL;
        -:  691:
        -:  692:  /* Yes, we're discarding `const' here if !HAVE_LIBINTL.  */
        -:  693:  return (char *) gettext (__re_error_msgid + __re_error_msgid_idx[(int) ret]);
        -:  694:}
        -:  695:
        -:  696:#ifdef _LIBC
        -:  697:libc_freeres_fn (free_mem)
        -:  698:{
        -:  699:  __regfree (&re_comp_buf);
        -:  700:}
        -:  701:#endif
        -:  702:
        -:  703:#endif /* _REGEX_RE_COMP */
        -:  704:
        -:  705:/* Internal entry point.
        -:  706:   Compile the regular expression PATTERN, whose length is LENGTH.
        -:  707:   SYNTAX indicate regular expression's syntax.  */
        -:  708:
        -:  709:static reg_errcode_t
function re_compile_internal called 1 returned 100% blocks executed 60%
        1:  710:re_compile_internal (regex_t *preg, const char * pattern, size_t length,
        -:  711:		     reg_syntax_t syntax)
        -:  712:{
        1:  713:  reg_errcode_t err = REG_NOERROR;
        -:  714:  re_dfa_t *dfa;
        -:  715:  re_string_t regexp;
        -:  716:
        -:  717:  /* Initialize the pattern buffer.  */
        1:  718:  preg->fastmap_accurate = 0;
        1:  719:  preg->syntax = syntax;
        1:  720:  preg->not_bol = preg->not_eol = 0;
        1:  721:  preg->used = 0;
        1:  722:  preg->re_nsub = 0;
        1:  723:  preg->can_be_null = 0;
        1:  724:  preg->regs_allocated = REGS_UNALLOCATED;
        -:  725:
        -:  726:  /* Initialize the dfa.  */
        1:  727:  dfa = (re_dfa_t *) preg->buffer;
        1:  728:  if (BE (preg->allocated < sizeof (re_dfa_t), 0))
branch  0 taken 1 (fallthrough)
branch  1 taken 0
        -:  729:    {
        -:  730:      /* If zero allocated, but buffer is non-null, try to realloc
        -:  731:	 enough space.  This loses if buffer's address is bogus, but
        -:  732:	 that is the user's responsibility.  If ->buffer is NULL this
        -:  733:	 is a simple allocation.  */
        1:  734:      dfa = re_realloc (preg->buffer, re_dfa_t, 1);
        1:  735:      if (dfa == NULL)
branch  0 taken 0 (fallthrough)
branch  1 taken 1
    #####:  736:	return REG_ESPACE;
        1:  737:      preg->allocated = sizeof (re_dfa_t);
        1:  738:      preg->buffer = (unsigned char *) dfa;
        -:  739:    }
        1:  740:  preg->used = sizeof (re_dfa_t);
        -:  741:
        1:  742:  err = init_dfa (dfa, length);
call    0 returned 1
        1:  743:  if (BE (err != REG_NOERROR, 0))
branch  0 taken 0 (fallthrough)
branch  1 taken 1
        -:  744:    {
    #####:  745:      free_dfa_content (dfa);
call    0 never executed
    #####:  746:      preg->buffer = NULL;
    #####:  747:      preg->allocated = 0;
    #####:  748:      return err;
        -:  749:    }
        -:  750:#ifdef DEBUG
        -:  751:  /* Note: length+1 will not overflow since it is checked in init_dfa.  */
        -:  752:  dfa->re_str = re_malloc (char, length + 1);
        -:  753:  strncpy (dfa->re_str, pattern, length + 1);
        -:  754:#endif
        -:  755:
        -:  756:  __libc_lock_init (dfa->lock);
        -:  757:
        2:  758:  err = re_string_construct (&regexp, pattern, length, preg->translate,
        1:  759:			     syntax & RE_ICASE, dfa);
call    0 returned 1
        1:  760:  if (BE (err != REG_NOERROR, 0))
branch  0 taken 0 (fallthrough)
branch  1 taken 1
        -:  761:    {
    #####:  762:    re_compile_internal_free_return:
    #####:  763:      free_workarea_compile (preg);
call    0 never executed
    #####:  764:      re_string_destruct (&regexp);
call    0 never executed
    #####:  765:      free_dfa_content (dfa);
call    0 never executed
    #####:  766:      preg->buffer = NULL;
    #####:  767:      preg->allocated = 0;
    #####:  768:      return err;
        -:  769:    }
        -:  770:
        -:  771:  /* Parse the regular expression, and build a structure tree.  */
        1:  772:  preg->re_nsub = 0;
        1:  773:  dfa->str_tree = parse (&regexp, preg, syntax, &err);
call    0 returned 1
        1:  774:  if (BE (dfa->str_tree == NULL, 0))
branch  0 taken 0 (fallthrough)
branch  1 taken 1
    #####:  775:    goto re_compile_internal_free_return;
        -:  776:
        -:  777:  /* Analyze the tree and create the nfa.  */
        1:  778:  err = analyze (preg);
call    0 returned 1
        1:  779:  if (BE (err != REG_NOERROR, 0))
branch  0 taken 0 (fallthrough)
branch  1 taken 1
    #####:  780:    goto re_compile_internal_free_return;
        -:  781:
        -:  782:#ifdef RE_ENABLE_I18N
        -:  783:  /* If possible, do searching in single byte encoding to speed things up.  */
        -:  784:  if (dfa->is_utf8 && !(syntax & RE_ICASE) && preg->translate == NULL)
        -:  785:    optimize_utf8 (dfa);
        -:  786:#endif
        -:  787:
        -:  788:  /* Then create the initial state of the dfa.  */
        1:  789:  err = create_initial_state (dfa);
call    0 returned 1
        -:  790:
        -:  791:  /* Release work areas.  */
        1:  792:  free_workarea_compile (preg);
call    0 returned 1
        1:  793:  re_string_destruct (&regexp);
call    0 returned 1
        -:  794:
        1:  795:  if (BE (err != REG_NOERROR, 0))
branch  0 taken 0 (fallthrough)
branch  1 taken 1
        -:  796:    {
    #####:  797:      free_dfa_content (dfa);
call    0 never executed
    #####:  798:      preg->buffer = NULL;
    #####:  799:      preg->allocated = 0;
        -:  800:    }
        -:  801:
        1:  802:  return err;
        -:  803:}
        -:  804:
        -:  805:/* Initialize DFA.  We use the length of the regular expression PAT_LEN
        -:  806:   as the initial length of some arrays.  */
        -:  807:
        -:  808:static reg_errcode_t
function init_dfa called 1 returned 100% blocks executed 77%
        1:  809:init_dfa (re_dfa_t *dfa, size_t pat_len)
        -:  810:{
        -:  811:  unsigned int table_size;
        -:  812:#ifndef _LIBC
        -:  813:  char *codeset_name;
        -:  814:#endif
        -:  815:
        1:  816:  memset (dfa, '\0', sizeof (re_dfa_t));
        -:  817:
        -:  818:  /* Force allocation of str_tree_storage the first time.  */
        1:  819:  dfa->str_tree_storage_idx = BIN_TREE_STORAGE_SIZE;
        -:  820:
        -:  821:  /* Avoid overflows.  */
        1:  822:  if (pat_len == SIZE_MAX)
branch  0 taken 0 (fallthrough)
branch  1 taken 1
    #####:  823:    return REG_ESPACE;
        -:  824:
        1:  825:  dfa->nodes_alloc = pat_len + 1;
        1:  826:  dfa->nodes = re_malloc (re_token_t, dfa->nodes_alloc);
        -:  827:
        -:  828:  /*  table_size = 2 ^ ceil(log pat_len) */
        6:  829:  for (table_size = 1; ; table_size <<= 1)
        6:  830:    if (table_size > pat_len)
branch  0 taken 1 (fallthrough)
branch  1 taken 5
        1:  831:      break;
        -:  832:
        1:  833:  dfa->state_table = calloc (sizeof (struct re_state_table_entry), table_size);
        1:  834:  dfa->state_hash_mask = table_size - 1;
        -:  835:
        1:  836:  dfa->mb_cur_max = MB_CUR_MAX;
call    0 returned 1
        -:  837:#ifdef _LIBC
        -:  838:  if (dfa->mb_cur_max == 6
        -:  839:      && strcmp (_NL_CURRENT (LC_CTYPE, _NL_CTYPE_CODESET_NAME), "UTF-8") == 0)
        -:  840:    dfa->is_utf8 = 1;
        -:  841:  dfa->map_notascii = (_NL_CURRENT_WORD (LC_CTYPE, _NL_CTYPE_MAP_TO_NONASCII)
        -:  842:		       != 0);
        -:  843:#else
        -:  844:# ifdef HAVE_LANGINFO_CODESET
        -:  845:  codeset_name = nl_langinfo (CODESET);
        -:  846:# else
        1:  847:  codeset_name = getenv ("LC_ALL");
call    0 returned 1
       1*:  848:  if (codeset_name == NULL || codeset_name[0] == '\0')
branch  0 taken 0 (fallthrough)
branch  1 taken 1
branch  2 never executed
branch  3 never executed
        1:  849:    codeset_name = getenv ("LC_CTYPE");
call    0 returned 1
       1*:  850:  if (codeset_name == NULL || codeset_name[0] == '\0')
branch  0 taken 0 (fallthrough)
branch  1 taken 1
branch  2 never executed
branch  3 never executed
        1:  851:    codeset_name = getenv ("LANG");
call    0 returned 1
        1:  852:  if (codeset_name == NULL)
branch  0 taken 0 (fallthrough)
branch  1 taken 1
    #####:  853:    codeset_name = "";
        1:  854:  else if (strchr (codeset_name, '.') !=  NULL)
branch  0 taken 1 (fallthrough)
branch  1 taken 0
        1:  855:    codeset_name = strchr (codeset_name, '.') + 1;
        -:  856:# endif
        -:  857:
        1:  858:  if (strcasecmp (codeset_name, "UTF-8") == 0
branch  0 taken 0 (fallthrough)
branch  1 taken 1
    #####:  859:      || strcasecmp (codeset_name, "UTF8") == 0)
branch  0 never executed
branch  1 never executed
        1:  860:    dfa->is_utf8 = 1;
        -:  861:
        -:  862:  /* We check exhaustively in the loop below if this charset is a
        -:  863:     superset of ASCII.  */
        1:  864:  dfa->map_notascii = 0;
        -:  865:#endif
        -:  866:
        -:  867:#ifdef RE_ENABLE_I18N
        -:  868:  if (dfa->mb_cur_max > 1)
        -:  869:    {
        -:  870:      if (dfa->is_utf8)
        -:  871:	dfa->sb_char = (re_bitset_ptr_t) utf8_sb_map;
        -:  872:      else
        -:  873:	{
        -:  874:	  int i, j, ch;
        -:  875:
        -:  876:	  dfa->sb_char = (re_bitset_ptr_t) calloc (sizeof (bitset_t), 1);
        -:  877:	  if (BE (dfa->sb_char == NULL, 0))
        -:  878:	    return REG_ESPACE;
        -:  879:
        -:  880:	  /* Set the bits corresponding to single byte chars.  */
        -:  881:	  for (i = 0, ch = 0; i < BITSET_WORDS; ++i)
        -:  882:	    for (j = 0; j < BITSET_WORD_BITS; ++j, ++ch)
        -:  883:	      {
        -:  884:		wint_t wch = __btowc (ch);
        -:  885:		if (wch != WEOF)
        -:  886:		  dfa->sb_char[i] |= (bitset_word_t) 1 << j;
        -:  887:# ifndef _LIBC
        -:  888:		if (isascii (ch) && wch != ch)
        -:  889:		  dfa->map_notascii = 1;
        -:  890:# endif
        -:  891:	      }
        -:  892:	}
        -:  893:    }
        -:  894:#endif
        -:  895:
        1:  896:  if (BE (dfa->nodes == NULL || dfa->state_table == NULL, 0))
branch  0 taken 1 (fallthrough)
branch  1 taken 0
branch  2 taken 0 (fallthrough)
branch  3 taken 1
    #####:  897:    return REG_ESPACE;
        1:  898:  return REG_NOERROR;
        -:  899:}
        -:  900:
        -:  901:/* Initialize WORD_CHAR table, which indicate which character is
        -:  902:   "word".  In this case "word" means that it is the word construction
        -:  903:   character used by some operators like "\<", "\>", etc.  */
        -:  904:
        -:  905:static void
        -:  906:internal_function
function init_word_char called 0 returned 0% blocks executed 0%
    #####:  907:init_word_char (re_dfa_t *dfa)
        -:  908:{
        -:  909:  int i, j, ch;
    #####:  910:  dfa->word_ops_used = 1;
    #####:  911:  for (i = 0, ch = 0; i < BITSET_WORDS; ++i)
branch  0 never executed
branch  1 never executed
    #####:  912:    for (j = 0; j < BITSET_WORD_BITS; ++j, ++ch)
branch  0 never executed
branch  1 never executed
    #####:  913:      if (isalnum (ch) || ch == '_')
branch  0 never executed
branch  1 never executed
branch  2 never executed
branch  3 never executed
    #####:  914:	dfa->word_char[i] |= (bitset_word_t) 1 << j;
    #####:  915:}
        -:  916:
        -:  917:/* Free the work area which are only used while compiling.  */
        -:  918:
        -:  919:static void
function free_workarea_compile called 1 returned 100% blocks executed 100%
        1:  920:free_workarea_compile (regex_t *preg)
        -:  921:{
        1:  922:  re_dfa_t *dfa = (re_dfa_t *) preg->buffer;
        -:  923:  bin_tree_storage_t *storage, *next;
        3:  924:  for (storage = dfa->str_tree_storage; storage; storage = next)
branch  0 taken 2
branch  1 taken 1 (fallthrough)
        -:  925:    {
        2:  926:      next = storage->next;
        2:  927:      re_free (storage);
        -:  928:    }
        1:  929:  dfa->str_tree_storage = NULL;
        1:  930:  dfa->str_tree_storage_idx = BIN_TREE_STORAGE_SIZE;
        1:  931:  dfa->str_tree = NULL;
        1:  932:  re_free (dfa->org_indices);
        1:  933:  dfa->org_indices = NULL;
        1:  934:}
        -:  935:
        -:  936:/* Create initial states for all contexts.  */
        -:  937:
        -:  938:static reg_errcode_t
function create_initial_state called 1 returned 100% blocks executed 26%
        1:  939:create_initial_state (re_dfa_t *dfa)
        -:  940:{
        -:  941:  int first, i;
        -:  942:  reg_errcode_t err;
        -:  943:  re_node_set init_nodes;
        -:  944:
        -:  945:  /* Initial states have the epsilon closure of the node which is
        -:  946:     the first node of the regular expression.  */
        1:  947:  first = dfa->str_tree->first->node_idx;
        1:  948:  dfa->init_node = first;
        1:  949:  err = re_node_set_init_copy (&init_nodes, dfa->eclosures + first);
call    0 returned 1
        1:  950:  if (BE (err != REG_NOERROR, 0))
branch  0 taken 0 (fallthrough)
branch  1 taken 1
    #####:  951:    return err;
        -:  952:
        -:  953:  /* The back-references which are in initial states can epsilon transit,
        -:  954:     since in this case all of the subexpressions can be null.
        -:  955:     Then we add epsilon closures of the nodes which are the next nodes of
        -:  956:     the back-references.  */
        1:  957:  if (dfa->nbackref > 0)
branch  0 taken 0 (fallthrough)
branch  1 taken 1
    #####:  958:    for (i = 0; i < init_nodes.nelem; ++i)
branch  0 never executed
branch  1 never executed
        -:  959:      {
    #####:  960:	int node_idx = init_nodes.elems[i];
    #####:  961:	re_token_type_t type = dfa->nodes[node_idx].type;
        -:  962:
        -:  963:	int clexp_idx;
    #####:  964:	if (type != OP_BACK_REF)
branch  0 never executed
branch  1 never executed
    #####:  965:	  continue;
    #####:  966:	for (clexp_idx = 0; clexp_idx < init_nodes.nelem; ++clexp_idx)
branch  0 never executed
branch  1 never executed
        -:  967:	  {
        -:  968:	    re_token_t *clexp_node;
    #####:  969:	    clexp_node = dfa->nodes + init_nodes.elems[clexp_idx];
    #####:  970:	    if (clexp_node->type == OP_CLOSE_SUBEXP
branch  0 never executed
branch  1 never executed
    #####:  971:		&& clexp_node->opr.idx == dfa->nodes[node_idx].opr.idx)
branch  0 never executed
branch  1 never executed
    #####:  972:	      break;
        -:  973:	  }
    #####:  974:	if (clexp_idx == init_nodes.nelem)
branch  0 never executed
branch  1 never executed
    #####:  975:	  continue;
        -:  976:
    #####:  977:	if (type == OP_BACK_REF)
branch  0 never executed
branch  1 never executed
        -:  978:	  {
    #####:  979:	    int dest_idx = dfa->edests[node_idx].elems[0];
    #####:  980:	    if (!re_node_set_contains (&init_nodes, dest_idx))
branch  0 never executed
branch  1 never executed
        -:  981:	      {
    #####:  982:		re_node_set_merge (&init_nodes, dfa->eclosures + dest_idx);
call    0 never executed
    #####:  983:		i = 0;
        -:  984:	      }
        -:  985:	  }
        -:  986:      }
        -:  987:
        -:  988:  /* It must be the first time to invoke acquire_state.  */
        1:  989:  dfa->init_state = re_acquire_state_context (&err, dfa, &init_nodes, 0);
call    0 returned 1
        -:  990:  /* We don't check ERR here, since the initial state must not be NULL.  */
        1:  991:  if (BE (dfa->init_state == NULL, 0))
branch  0 taken 0 (fallthrough)
branch  1 taken 1
    #####:  992:    return err;
        1:  993:  if (dfa->init_state->has_constraint)
branch  0 taken 0 (fallthrough)
branch  1 taken 1
        -:  994:    {
    #####:  995:      dfa->init_state_word = re_acquire_state_context (&err, dfa, &init_nodes,
call    0 never executed
        -:  996:						       CONTEXT_WORD);
    #####:  997:      dfa->init_state_nl = re_acquire_state_context (&err, dfa, &init_nodes,
call    0 never executed
        -:  998:						     CONTEXT_NEWLINE);
    #####:  999:      dfa->init_state_begbuf = re_acquire_state_context (&err, dfa,
call    0 never executed
        -: 1000:							 &init_nodes,
        -: 1001:							 CONTEXT_NEWLINE
        -: 1002:							 | CONTEXT_BEGBUF);
    #####: 1003:      if (BE (dfa->init_state_word == NULL || dfa->init_state_nl == NULL
branch  0 never executed
branch  1 never executed
branch  2 never executed
branch  3 never executed
branch  4 never executed
branch  5 never executed
branch  6 never executed
branch  7 never executed
        -: 1004:	      || dfa->init_state_begbuf == NULL, 0))
    #####: 1005:	return err;
        -: 1006:    }
        -: 1007:  else
        1: 1008:    dfa->init_state_word = dfa->init_state_nl
        1: 1009:      = dfa->init_state_begbuf = dfa->init_state;
        -: 1010:
        1: 1011:  re_node_set_free (&init_nodes);
        1: 1012:  return REG_NOERROR;
        -: 1013:}
        -: 1014:
        -: 1015:#ifdef RE_ENABLE_I18N
        -: 1016:/* If it is possible to do searching in single byte encoding instead of UTF-8
        -: 1017:   to speed things up, set dfa->mb_cur_max to 1, clear is_utf8 and change
        -: 1018:   DFA nodes where needed.  */
        -: 1019:
        -: 1020:static void
        -: 1021:optimize_utf8 (re_dfa_t *dfa)
        -: 1022:{
        -: 1023:  int node, i, mb_chars = 0, has_period = 0;
        -: 1024:
        -: 1025:  for (node = 0; node < dfa->nodes_len; ++node)
        -: 1026:    switch (dfa->nodes[node].type)
        -: 1027:      {
        -: 1028:      case CHARACTER:
        -: 1029:	if (dfa->nodes[node].opr.c >= 0x80)
        -: 1030:	  mb_chars = 1;
        -: 1031:	break;
        -: 1032:      case ANCHOR:
        -: 1033:	switch (dfa->nodes[node].opr.idx)
        -: 1034:	  {
        -: 1035:	  case LINE_FIRST:
        -: 1036:	  case LINE_LAST:
        -: 1037:	  case BUF_FIRST:
        -: 1038:	  case BUF_LAST:
        -: 1039:	    break;
        -: 1040:	  default:
        -: 1041:	    /* Word anchors etc. cannot be handled.  */
        -: 1042:	    return;
        -: 1043:	  }
        -: 1044:	break;
        -: 1045:      case OP_PERIOD:
        -: 1046:        has_period = 1;
        -: 1047:        break;
        -: 1048:      case OP_BACK_REF:
        -: 1049:      case OP_ALT:
        -: 1050:      case END_OF_RE:
        -: 1051:      case OP_DUP_ASTERISK:
        -: 1052:      case OP_OPEN_SUBEXP:
        -: 1053:      case OP_CLOSE_SUBEXP:
        -: 1054:	break;
        -: 1055:      case COMPLEX_BRACKET:
        -: 1056:	return;
        -: 1057:      case SIMPLE_BRACKET:
        -: 1058:	/* Just double check.  The non-ASCII range starts at 0x80.  */
        -: 1059:	assert (0x80 % BITSET_WORD_BITS == 0);
        -: 1060:        for (i = 0x80 / BITSET_WORD_BITS; i < BITSET_WORDS; ++i)
        -: 1061:	  if (dfa->nodes[node].opr.sbcset[i])
        -: 1062:	    return;
        -: 1063:	break;
        -: 1064:      default:
        -: 1065:	abort ();
        -: 1066:      }
        -: 1067:
        -: 1068:  if (mb_chars || has_period)
        -: 1069:    for (node = 0; node < dfa->nodes_len; ++node)
        -: 1070:      {
        -: 1071:	if (dfa->nodes[node].type == CHARACTER
        -: 1072:	    && dfa->nodes[node].opr.c >= 0x80)
        -: 1073:	  dfa->nodes[node].mb_partial = 0;
        -: 1074:	else if (dfa->nodes[node].type == OP_PERIOD)
        -: 1075:	  dfa->nodes[node].type = OP_UTF8_PERIOD;
        -: 1076:      }
        -: 1077:
        -: 1078:  /* The search can be in single byte locale.  */
        -: 1079:  dfa->mb_cur_max = 1;
        -: 1080:  dfa->is_utf8 = 0;
        -: 1081:  dfa->has_mb_node = dfa->nbackref > 0 || has_period;
        -: 1082:}
        -: 1083:#endif
        -: 1084:
        -: 1085:/* Analyze the structure tree, and calculate "first", "next", "edest",
        -: 1086:   "eclosure", and "inveclosure".  */
        -: 1087:
        -: 1088:static reg_errcode_t
function analyze called 1 returned 100% blocks executed 78%
        1: 1089:analyze (regex_t *preg)
        -: 1090:{
        1: 1091:  re_dfa_t *dfa = (re_dfa_t *) preg->buffer;
        -: 1092:  reg_errcode_t ret;
        -: 1093:
        -: 1094:  /* Allocate arrays.  */
        1: 1095:  dfa->nexts = re_malloc (int, dfa->nodes_alloc);
        1: 1096:  dfa->org_indices = re_malloc (int, dfa->nodes_alloc);
        1: 1097:  dfa->edests = re_malloc (re_node_set, dfa->nodes_alloc);
        1: 1098:  dfa->eclosures = re_malloc (re_node_set, dfa->nodes_alloc);
       1*: 1099:  if (BE (dfa->nexts == NULL || dfa->org_indices == NULL || dfa->edests == NULL
branch  0 taken 1 (fallthrough)
branch  1 taken 0
branch  2 taken 0 (fallthrough)
branch  3 taken 1
branch  4 taken 1 (fallthrough)
branch  5 taken 0
branch  6 taken 0 (fallthrough)
branch  7 taken 1
branch  8 taken 1 (fallthrough)
branch  9 taken 0
branch 10 taken 0 (fallthrough)
branch 11 taken 1
        -: 1100:	  || dfa->eclosures == NULL, 0))
    #####: 1101:    return REG_ESPACE;
        -: 1102:
        1: 1103:  dfa->subexp_map = re_malloc (int, preg->re_nsub);
        1: 1104:  if (dfa->subexp_map != NULL)
branch  0 taken 1 (fallthrough)
branch  1 taken 0
        -: 1105:    {
        -: 1106:      int i;
        3: 1107:      for (i = 0; i < preg->re_nsub; i++)
branch  0 taken 2
branch  1 taken 1 (fallthrough)
        2: 1108:	dfa->subexp_map[i] = i;
        1: 1109:      preorder (dfa->str_tree, optimize_subexps, dfa);
call    0 returned 1
        3: 1110:      for (i = 0; i < preg->re_nsub; i++)
branch  0 taken 2
branch  1 taken 1 (fallthrough)
        2: 1111:	if (dfa->subexp_map[i] != i)
branch  0 taken 0 (fallthrough)
branch  1 taken 2
    #####: 1112:	  break;
        1: 1113:      if (i == preg->re_nsub)
branch  0 taken 1 (fallthrough)
branch  1 taken 0
        -: 1114:	{
        1: 1115:	  free (dfa->subexp_map);
        1: 1116:	  dfa->subexp_map = NULL;
        -: 1117:	}
        -: 1118:    }
        -: 1119:
        1: 1120:  ret = postorder (dfa->str_tree, lower_subexps, preg);
call    0 returned 1
        1: 1121:  if (BE (ret != REG_NOERROR, 0))
branch  0 taken 0 (fallthrough)
branch  1 taken 1
    #####: 1122:    return ret;
        1: 1123:  ret = postorder (dfa->str_tree, calc_first, dfa);
call    0 returned 1
        1: 1124:  if (BE (ret != REG_NOERROR, 0))
branch  0 taken 0 (fallthrough)
branch  1 taken 1
    #####: 1125:    return ret;
        1: 1126:  preorder (dfa->str_tree, calc_next, dfa);
call    0 returned 1
        1: 1127:  ret = preorder (dfa->str_tree, link_nfa_nodes, dfa);
call    0 returned 1
        1: 1128:  if (BE (ret != REG_NOERROR, 0))
branch  0 taken 0 (fallthrough)
branch  1 taken 1
    #####: 1129:    return ret;
        1: 1130:  ret = calc_eclosure (dfa);
call    0 returned 1
        1: 1131:  if (BE (ret != REG_NOERROR, 0))
branch  0 taken 0 (fallthrough)
branch  1 taken 1
    #####: 1132:    return ret;
        -: 1133:
        -: 1134:  /* We only need this during the prune_impossible_nodes pass in regexec.c;
        -: 1135:     skip it if p_i_n will not run, as calc_inveclosure can be quadratic.  */
        1: 1136:  if ((!preg->no_sub && preg->re_nsub > 0 && dfa->has_plural_match)
branch  0 taken 1 (fallthrough)
branch  1 taken 0
branch  2 taken 1 (fallthrough)
branch  3 taken 0
branch  4 taken 0 (fallthrough)
branch  5 taken 1
    #####: 1137:      || dfa->nbackref)
branch  0 never executed
branch  1 never executed
        -: 1138:    {
        1: 1139:      dfa->inveclosures = re_malloc (re_node_set, dfa->nodes_len);
        1: 1140:      if (BE (dfa->inveclosures == NULL, 0))
branch  0 taken 0 (fallthrough)
branch  1 taken 1
    #####: 1141:        return REG_ESPACE;
        1: 1142:      ret = calc_inveclosure (dfa);
call    0 returned 1
        -: 1143:    }
        -: 1144:
        1: 1145:  return ret;
        -: 1146:}
        -: 1147:
        -: 1148:/* Our parse trees are very unbalanced, so we cannot use a stack to
        -: 1149:   implement parse tree visits.  Instead, we use parent pointers and
        -: 1150:   some hairy code in these two functions.  */
        -: 1151:static reg_errcode_t
function postorder called 2 returned 100% blocks executed 88%
        2: 1152:postorder (bin_tree_t *root, reg_errcode_t (fn (void *, bin_tree_t *)),
        -: 1153:	   void *extra)
        -: 1154:{
        -: 1155:  bin_tree_t *node, *prev;
        -: 1156:
        2: 1157:  for (node = root; ; )
        -: 1158:    {
        -: 1159:      /* Descend down the tree, preferably to the left (or to the right
        -: 1160:	 if that's the only child).  */
       36: 1161:      while (node->left || node->right)
branch  0 taken 18
branch  1 taken 18 (fallthrough)
branch  2 taken 0
branch  3 taken 18 (fallthrough)
       18: 1162:	if (node->left)
branch  0 taken 18 (fallthrough)
branch  1 taken 0
       18: 1163:          node = node->left;
        -: 1164:        else
    #####: 1165:          node = node->right;
        -: 1166:
        -: 1167:      do
        -: 1168:	{
       36: 1169:	  reg_errcode_t err = fn (extra, node);
call    0 returned 36
       36: 1170:	  if (BE (err != REG_NOERROR, 0))
branch  0 taken 0 (fallthrough)
branch  1 taken 36
    #####: 1171:	    return err;
       36: 1172:          if (node->parent == NULL)
branch  0 taken 2 (fallthrough)
branch  1 taken 34
        2: 1173:	    return REG_NOERROR;
       34: 1174:	  prev = node;
       34: 1175:	  node = node->parent;
        -: 1176:	}
        -: 1177:      /* Go up while we have a node that is reached from the right.  */
       34: 1178:      while (node->right == prev || node->right == NULL);
branch  0 taken 16
branch  1 taken 18 (fallthrough)
branch  2 taken 2
branch  3 taken 16 (fallthrough)
       16: 1179:      node = node->right;
        -: 1180:    }
        -: 1181:}
        -: 1182:
        -: 1183:static reg_errcode_t
function preorder called 3 returned 100% blocks executed 93%
        3: 1184:preorder (bin_tree_t *root, reg_errcode_t (fn (void *, bin_tree_t *)),
        -: 1185:	  void *extra)
        -: 1186:{
        -: 1187:  bin_tree_t *node;
        -: 1188:
        3: 1189:  for (node = root; ; )
       54: 1190:    {
       57: 1191:      reg_errcode_t err = fn (extra, node);
call    0 returned 57
       57: 1192:      if (BE (err != REG_NOERROR, 0))
branch  0 taken 0 (fallthrough)
branch  1 taken 57
    #####: 1193:	return err;
        -: 1194:
        -: 1195:      /* Go to the left node, or up and to the right.  */
       57: 1196:      if (node->left)
branch  0 taken 28 (fallthrough)
branch  1 taken 29
       28: 1197:	node = node->left;
        -: 1198:      else
        -: 1199:	{
       29: 1200:	  bin_tree_t *prev = NULL;
       83: 1201:	  while (node->right == prev || node->right == NULL)
branch  0 taken 55
branch  1 taken 28 (fallthrough)
branch  2 taken 2
branch  3 taken 26 (fallthrough)
        -: 1202:	    {
       57: 1203:	      prev = node;
       57: 1204:	      node = node->parent;
       57: 1205:	      if (!node)
branch  0 taken 3 (fallthrough)
branch  1 taken 54
        3: 1206:	        return REG_NOERROR;
        -: 1207:	    }
       26: 1208:	  node = node->right;
        -: 1209:	}
        -: 1210:    }
        -: 1211:}
        -: 1212:
        -: 1213:/* Optimization pass: if a SUBEXP is entirely contained, strip it and tell
        -: 1214:   re_search_internal to map the inner one's opr.idx to this one's.  Adjust
        -: 1215:   backreferences as well.  Requires a preorder visit.  */
        -: 1216:static reg_errcode_t
function optimize_subexps called 15 returned 100% blocks executed 50%
       15: 1217:optimize_subexps (void *extra, bin_tree_t *node)
        -: 1218:{
       15: 1219:  re_dfa_t *dfa = (re_dfa_t *) extra;
        -: 1220:
      15*: 1221:  if (node->token.type == OP_BACK_REF && dfa->subexp_map)
branch  0 taken 0 (fallthrough)
branch  1 taken 15
branch  2 never executed
branch  3 never executed
    #####: 1222:    {
    #####: 1223:      int idx = node->token.opr.idx;
    #####: 1224:      node->token.opr.idx = dfa->subexp_map[idx];
    #####: 1225:      dfa->used_bkref_map |= 1 << node->token.opr.idx;
        -: 1226:    }
        -: 1227:
       15: 1228:  else if (node->token.type == SUBEXP
branch  0 taken 2 (fallthrough)
branch  1 taken 13
        2: 1229:           && node->left && node->left->token.type == SUBEXP)
branch  0 taken 2 (fallthrough)
branch  1 taken 0
branch  2 taken 0 (fallthrough)
branch  3 taken 2
        -: 1230:    {
    #####: 1231:      int other_idx = node->left->token.opr.idx;
        -: 1232:
    #####: 1233:      node->left = node->left->left;
    #####: 1234:      if (node->left)
branch  0 never executed
branch  1 never executed
    #####: 1235:        node->left->parent = node;
        -: 1236:
    #####: 1237:      dfa->subexp_map[other_idx] = dfa->subexp_map[node->token.opr.idx];
    #####: 1238:      if (other_idx < BITSET_WORD_BITS)
branch  0 never executed
branch  1 never executed
    #####: 1239:	  dfa->used_bkref_map &= ~((bitset_word_t) 1 << other_idx);
        -: 1240:    }
        -: 1241:
       15: 1242:  return REG_NOERROR;
        -: 1243:}
        -: 1244:
        -: 1245:/* Lowering pass: Turn each SUBEXP node into the appropriate concatenation
        -: 1246:   of OP_OPEN_SUBEXP, the body of the SUBEXP (if any) and OP_CLOSE_SUBEXP.  */
        -: 1247:static reg_errcode_t
function lower_subexps called 15 returned 100% blocks executed 100%
       15: 1248:lower_subexps (void *extra, bin_tree_t *node)
        -: 1249:{
       15: 1250:  regex_t *preg = (regex_t *) extra;
       15: 1251:  reg_errcode_t err = REG_NOERROR;
        -: 1252:
       15: 1253:  if (node->left && node->left->token.type == SUBEXP)
branch  0 taken 8 (fallthrough)
branch  1 taken 7
branch  2 taken 1 (fallthrough)
branch  3 taken 7
        -: 1254:    {
        1: 1255:      node->left = lower_subexp (&err, preg, node->left);
call    0 returned 1
        1: 1256:      if (node->left)
branch  0 taken 1 (fallthrough)
branch  1 taken 0
        1: 1257:	node->left->parent = node;
        -: 1258:    }
       15: 1259:  if (node->right && node->right->token.type == SUBEXP)
branch  0 taken 6 (fallthrough)
branch  1 taken 9
branch  2 taken 1 (fallthrough)
branch  3 taken 5
        -: 1260:    {
        1: 1261:      node->right = lower_subexp (&err, preg, node->right);
call    0 returned 1
        1: 1262:      if (node->right)
branch  0 taken 1 (fallthrough)
branch  1 taken 0
        1: 1263:	node->right->parent = node;
        -: 1264:    }
        -: 1265:
       15: 1266:  return err;
        -: 1267:}
        -: 1268:
        -: 1269:static bin_tree_t *
function lower_subexp called 2 returned 100% blocks executed 67%
        2: 1270:lower_subexp (reg_errcode_t *err, regex_t *preg, bin_tree_t *node)
        -: 1271:{
        2: 1272:  re_dfa_t *dfa = (re_dfa_t *) preg->buffer;
        2: 1273:  bin_tree_t *body = node->left;
        -: 1274:  bin_tree_t *op, *cls, *tree1, *tree;
        -: 1275:
        2: 1276:  if (preg->no_sub
branch  0 taken 0 (fallthrough)
branch  1 taken 2
        -: 1277:      /* We do not optimize empty subexpressions, because otherwise we may
        -: 1278:	 have bad CONCAT nodes with NULL children.  This is obviously not
        -: 1279:	 very common, so we do not lose much.  An example that triggers
        -: 1280:	 this case is the sed "script" /\(\)/x.  */
    #####: 1281:      && node->left != NULL
branch  0 never executed
branch  1 never executed
    #####: 1282:      && (node->token.opr.idx >= BITSET_WORD_BITS
branch  0 never executed
branch  1 never executed
    #####: 1283:	  || !(dfa->used_bkref_map
    #####: 1284:	       & ((bitset_word_t) 1 << node->token.opr.idx))))
branch  0 never executed
branch  1 never executed
    #####: 1285:    return node->left;
        -: 1286:
        -: 1287:  /* Convert the SUBEXP node to the concatenation of an
        -: 1288:     OP_OPEN_SUBEXP, the contents, and an OP_CLOSE_SUBEXP.  */
        2: 1289:  op = create_tree (dfa, NULL, NULL, OP_OPEN_SUBEXP);
call    0 returned 2
        2: 1290:  cls = create_tree (dfa, NULL, NULL, OP_CLOSE_SUBEXP);
call    0 returned 2
       2*: 1291:  tree1 = body ? create_tree (dfa, body, cls, CONCAT) : cls;
branch  0 taken 2 (fallthrough)
branch  1 taken 0
call    2 returned 2
        2: 1292:  tree = create_tree (dfa, op, tree1, CONCAT);
call    0 returned 2
       2*: 1293:  if (BE (tree == NULL || tree1 == NULL || op == NULL || cls == NULL, 0))
branch  0 taken 2 (fallthrough)
branch  1 taken 0
branch  2 taken 0 (fallthrough)
branch  3 taken 2
branch  4 taken 2 (fallthrough)
branch  5 taken 0
branch  6 taken 0 (fallthrough)
branch  7 taken 2
branch  8 taken 2 (fallthrough)
branch  9 taken 0
branch 10 taken 0 (fallthrough)
branch 11 taken 2
        -: 1294:    {
    #####: 1295:      *err = REG_ESPACE;
    #####: 1296:      return NULL;
        -: 1297:    }
        -: 1298:
        2: 1299:  op->token.opr.idx = cls->token.opr.idx = node->token.opr.idx;
        2: 1300:  op->token.opt_subexp = cls->token.opt_subexp = node->token.opt_subexp;
        2: 1301:  return tree;
        -: 1302:}
        -: 1303:
        -: 1304:/* Pass 1 in building the NFA: compute FIRST and create unlinked automaton
        -: 1305:   nodes.  Requires a postorder visit.  */
        -: 1306:static reg_errcode_t
function calc_first called 21 returned 100% blocks executed 86%
       21: 1307:calc_first (void *extra, bin_tree_t *node)
        -: 1308:{
       21: 1309:  re_dfa_t *dfa = (re_dfa_t *) extra;
       21: 1310:  if (node->token.type == CONCAT)
branch  0 taken 9 (fallthrough)
branch  1 taken 12
        -: 1311:    {
        9: 1312:      node->first = node->left->first;
        9: 1313:      node->node_idx = node->left->node_idx;
        -: 1314:    }
        -: 1315:  else
        -: 1316:    {
       12: 1317:      node->first = node;
       12: 1318:      node->node_idx = re_dfa_add_node (dfa, node->token);
call    0 returned 12
       12: 1319:      if (BE (node->node_idx == -1, 0))
branch  0 taken 0 (fallthrough)
branch  1 taken 12
    #####: 1320:        return REG_ESPACE;
        -: 1321:    }
       21: 1322:  return REG_NOERROR;
        -: 1323:}
        -: 1324:
        -: 1325:/* Pass 2: compute NEXT on the tree.  Preorder visit.  */
        -: 1326:static reg_errcode_t
function calc_next called 21 returned 100% blocks executed 90%
       21: 1327:calc_next (void *extra, bin_tree_t *node)
        -: 1328:{
       21: 1329:  switch (node->token.type)
branch  0 taken 0
branch  1 taken 9
branch  2 taken 12
        -: 1330:    {
    #####: 1331:    case OP_DUP_ASTERISK:
    #####: 1332:      node->left->next = node;
    #####: 1333:      break;
        9: 1334:    case CONCAT:
        9: 1335:      node->left->next = node->right->first;
        9: 1336:      node->right->next = node->next;
        9: 1337:      break;
       12: 1338:    default:
       12: 1339:      if (node->left)
branch  0 taken 1 (fallthrough)
branch  1 taken 11
        1: 1340:	node->left->next = node->next;
       12: 1341:      if (node->right)
branch  0 taken 1 (fallthrough)
branch  1 taken 11
        1: 1342:        node->right->next = node->next;
       12: 1343:      break;
        -: 1344:    }
       21: 1345:  return REG_NOERROR;
        -: 1346:}
        -: 1347:
        -: 1348:/* Pass 3: link all DFA nodes to their NEXT node (any order will do).  */
        -: 1349:static reg_errcode_t
function link_nfa_nodes called 21 returned 100% blocks executed 67%
       21: 1350:link_nfa_nodes (void *extra, bin_tree_t *node)
        -: 1351:{
       21: 1352:  re_dfa_t *dfa = (re_dfa_t *) extra;
       21: 1353:  int idx = node->node_idx;
       21: 1354:  reg_errcode_t err = REG_NOERROR;
        -: 1355:
       21: 1356:  switch (node->token.type)
branch  0 taken 9
branch  1 taken 1
branch  2 taken 1
branch  3 taken 4
branch  4 taken 0
branch  5 taken 6
        -: 1357:    {
        9: 1358:    case CONCAT:
        9: 1359:      break;
        -: 1360:
        1: 1361:    case END_OF_RE:
       1*: 1362:      assert (node->next == NULL);
branch  0 taken 0 (fallthrough)
branch  1 taken 1
call    2 never executed
        1: 1363:      break;
        -: 1364:
        1: 1365:    case OP_DUP_ASTERISK:
        -: 1366:    case OP_ALT:
        -: 1367:      {
        -: 1368:	int left, right;
        1: 1369:	dfa->has_plural_match = 1;
        1: 1370:	if (node->left != NULL)
branch  0 taken 1 (fallthrough)
branch  1 taken 0
        1: 1371:	  left = node->left->first->node_idx;
        -: 1372:	else
    #####: 1373:	  left = node->next->node_idx;
        1: 1374:	if (node->right != NULL)
branch  0 taken 1 (fallthrough)
branch  1 taken 0
        1: 1375:	  right = node->right->first->node_idx;
        -: 1376:	else
    #####: 1377:	  right = node->next->node_idx;
       1*: 1378:	assert (left > -1);
branch  0 taken 0 (fallthrough)
branch  1 taken 1
call    2 never executed
       1*: 1379:	assert (right > -1);
branch  0 taken 0 (fallthrough)
branch  1 taken 1
call    2 never executed
        1: 1380:	err = re_node_set_init_2 (dfa->edests + idx, left, right);
call    0 returned 1
        -: 1381:      }
        1: 1382:      break;
        -: 1383:
        4: 1384:    case ANCHOR:
        -: 1385:    case OP_OPEN_SUBEXP:
        -: 1386:    case OP_CLOSE_SUBEXP:
        4: 1387:      err = re_node_set_init_1 (dfa->edests + idx, node->next->node_idx);
call    0 returned 4
        4: 1388:      break;
        -: 1389:
    #####: 1390:    case OP_BACK_REF:
    #####: 1391:      dfa->nexts[idx] = node->next->node_idx;
    #####: 1392:      if (node->token.type == OP_BACK_REF)
branch  0 never executed
branch  1 never executed
    #####: 1393:	re_node_set_init_1 (dfa->edests + idx, dfa->nexts[idx]);
call    0 never executed
    #####: 1394:      break;
        -: 1395:
        6: 1396:    default:
       6*: 1397:      assert (!IS_EPSILON_NODE (node->token.type));
branch  0 taken 0 (fallthrough)
branch  1 taken 6
call    2 never executed
        6: 1398:      dfa->nexts[idx] = node->next->node_idx;
        6: 1399:      break;
        -: 1400:    }
        -: 1401:
       21: 1402:  return err;
        -: 1403:}
        -: 1404:
        -: 1405:/* Duplicate the epsilon closure of the node ROOT_NODE.
        -: 1406:   Note that duplicated nodes have constraint INIT_CONSTRAINT in addition
        -: 1407:   to their own constraint.  */
        -: 1408:
        -: 1409:static reg_errcode_t
        -: 1410:internal_function
function duplicate_node_closure called 0 returned 0% blocks executed 0%
    #####: 1411:duplicate_node_closure (re_dfa_t *dfa, int top_org_node, int top_clone_node,
        -: 1412:			int root_node, unsigned int init_constraint)
        -: 1413:{
        -: 1414:  int org_node, clone_node, ret;
    #####: 1415:  unsigned int constraint = init_constraint;
    #####: 1416:  for (org_node = top_org_node, clone_node = top_clone_node;;)
    #####: 1417:    {
        -: 1418:      int org_dest, clone_dest;
    #####: 1419:      if (dfa->nodes[org_node].type == OP_BACK_REF)
branch  0 never executed
branch  1 never executed
        -: 1420:	{
        -: 1421:	  /* If the back reference epsilon-transit, its destination must
        -: 1422:	     also have the constraint.  Then duplicate the epsilon closure
        -: 1423:	     of the destination of the back reference, and store it in
        -: 1424:	     edests of the back reference.  */
    #####: 1425:	  org_dest = dfa->nexts[org_node];
    #####: 1426:	  re_node_set_empty (dfa->edests + clone_node);
    #####: 1427:	  clone_dest = duplicate_node (dfa, org_dest, constraint);
call    0 never executed
    #####: 1428:	  if (BE (clone_dest == -1, 0))
branch  0 never executed
branch  1 never executed
    #####: 1429:	    return REG_ESPACE;
    #####: 1430:	  dfa->nexts[clone_node] = dfa->nexts[org_node];
    #####: 1431:	  ret = re_node_set_insert (dfa->edests + clone_node, clone_dest);
call    0 never executed
    #####: 1432:	  if (BE (ret < 0, 0))
branch  0 never executed
branch  1 never executed
    #####: 1433:	    return REG_ESPACE;
        -: 1434:	}
    #####: 1435:      else if (dfa->edests[org_node].nelem == 0)
branch  0 never executed
branch  1 never executed
        -: 1436:	{
        -: 1437:	  /* In case of the node can't epsilon-transit, don't duplicate the
        -: 1438:	     destination and store the original destination as the
        -: 1439:	     destination of the node.  */
    #####: 1440:	  dfa->nexts[clone_node] = dfa->nexts[org_node];
    #####: 1441:	  break;
        -: 1442:	}
    #####: 1443:      else if (dfa->edests[org_node].nelem == 1)
branch  0 never executed
branch  1 never executed
        -: 1444:	{
        -: 1445:	  /* In case of the node can epsilon-transit, and it has only one
        -: 1446:	     destination.  */
    #####: 1447:	  org_dest = dfa->edests[org_node].elems[0];
    #####: 1448:	  re_node_set_empty (dfa->edests + clone_node);
    #####: 1449:	  if (dfa->nodes[org_node].type == ANCHOR)
branch  0 never executed
branch  1 never executed
        -: 1450:	    {
        -: 1451:	      /* In case of the node has another constraint, append it.  */
    #####: 1452:	      if (org_node == root_node && clone_node != org_node)
branch  0 never executed
branch  1 never executed
branch  2 never executed
branch  3 never executed
        -: 1453:		{
        -: 1454:		  /* ...but if the node is root_node itself, it means the
        -: 1455:		     epsilon closure have a loop, then tie it to the
        -: 1456:		     destination of the root_node.  */
    #####: 1457:		  ret = re_node_set_insert (dfa->edests + clone_node,
call    0 never executed
        -: 1458:					    org_dest);
    #####: 1459:		  if (BE (ret < 0, 0))
branch  0 never executed
branch  1 never executed
    #####: 1460:		    return REG_ESPACE;
    #####: 1461:		  break;
        -: 1462:		}
    #####: 1463:	      constraint |= dfa->nodes[org_node].opr.ctx_type;
        -: 1464:	    }
    #####: 1465:	  clone_dest = duplicate_node (dfa, org_dest, constraint);
call    0 never executed
    #####: 1466:	  if (BE (clone_dest == -1, 0))
branch  0 never executed
branch  1 never executed
    #####: 1467:	    return REG_ESPACE;
    #####: 1468:	  ret = re_node_set_insert (dfa->edests + clone_node, clone_dest);
call    0 never executed
    #####: 1469:	  if (BE (ret < 0, 0))
branch  0 never executed
branch  1 never executed
    #####: 1470:	    return REG_ESPACE;
        -: 1471:	}
        -: 1472:      else /* dfa->edests[org_node].nelem == 2 */
        -: 1473:	{
        -: 1474:	  /* In case of the node can epsilon-transit, and it has two
        -: 1475:	     destinations. In the bin_tree_t and DFA, that's '|' and '*'.   */
    #####: 1476:	  org_dest = dfa->edests[org_node].elems[0];
    #####: 1477:	  re_node_set_empty (dfa->edests + clone_node);
        -: 1478:	  /* Search for a duplicated node which satisfies the constraint.  */
    #####: 1479:	  clone_dest = search_duplicated_node (dfa, org_dest, constraint);
call    0 never executed
    #####: 1480:	  if (clone_dest == -1)
branch  0 never executed
branch  1 never executed
        -: 1481:	    {
        -: 1482:	      /* There are no such a duplicated node, create a new one.  */
        -: 1483:	      reg_errcode_t err;
[...]
        -: 3462:      /* +1 in case of mbcset->nchar_classes is 0.  */
        -: 3463:      int new_char_class_alloc = 2 * mbcset->nchar_classes + 1;
        -: 3464:      /* Use realloc since array is NULL if *alloc == 0.  */
        -: 3465:      wctype_t *new_char_classes = re_realloc (mbcset->char_classes, wctype_t,
        -: 3466:					       new_char_class_alloc);
        -: 3467:      if (BE (new_char_classes == NULL, 0))
        -: 3468:	return REG_ESPACE;
        -: 3469:      mbcset->char_classes = new_char_classes;
        -: 3470:      *char_class_alloc = new_char_class_alloc;
        -: 3471:    }
        -: 3472:  mbcset->char_classes[mbcset->nchar_classes++] = __wctype (name);
        -: 3473:#endif /* RE_ENABLE_I18N */
        -: 3474:
        -: 3475:#define BUILD_CHARCLASS_LOOP(ctype_func)	\
        -: 3476:  do {						\
        -: 3477:    if (BE (trans != NULL, 0))			\
        -: 3478:      {						\
        -: 3479:	for (i = 0; i < SBC_MAX; ++i)		\
        -: 3480:  	  if (ctype_func (i))			\
        -: 3481:	    bitset_set (sbcset, trans[i]);	\
        -: 3482:      }						\
        -: 3483:    else					\
        -: 3484:      {						\
        -: 3485:	for (i = 0; i < SBC_MAX; ++i)		\
        -: 3486:  	  if (ctype_func (i))			\
        -: 3487:	    bitset_set (sbcset, i);		\
        -: 3488:      }						\
        -: 3489:  } while (0)
        -: 3490:
    #####: 3491:  if (strcmp (name, "alnum") == 0)
branch  0 never executed
branch  1 never executed
    #####: 3492:    BUILD_CHARCLASS_LOOP (isalnum);
branch  0 never executed
branch  1 never executed
branch  2 never executed
branch  3 never executed
branch  4 never executed
branch  5 never executed
branch  6 never executed
branch  7 never executed
branch  8 never executed
branch  9 never executed
    #####: 3493:  else if (strcmp (name, "cntrl") == 0)
branch  0 never executed
branch  1 never executed
    #####: 3494:    BUILD_CHARCLASS_LOOP (iscntrl);
branch  0 never executed
branch  1 never executed
branch  2 never executed
branch  3 never executed
branch  4 never executed
branch  5 never executed
branch  6 never executed
branch  7 never executed
branch  8 never executed
branch  9 never executed
    #####: 3495:  else if (strcmp (name, "lower") == 0)
branch  0 never executed
branch  1 never executed
    #####: 3496:    BUILD_CHARCLASS_LOOP (islower);
branch  0 never executed
branch  1 never executed
branch  2 never executed
branch  3 never executed
branch  4 never executed
branch  5 never executed
branch  6 never executed
branch  7 never executed
branch  8 never executed
branch  9 never executed
    #####: 3497:  else if (strcmp (name, "space") == 0)
branch  0 never executed
branch  1 never executed
    #####: 3498:    BUILD_CHARCLASS_LOOP (isspace);
branch  0 never executed
branch  1 never executed
branch  2 never executed
branch  3 never executed
branch  4 never executed
branch  5 never executed
branch  6 never executed
branch  7 never executed
branch  8 never executed
branch  9 never executed
    #####: 3499:  else if (strcmp (name, "alpha") == 0)
branch  0 never executed
branch  1 never executed
    #####: 3500:    BUILD_CHARCLASS_LOOP (isalpha);
branch  0 never executed
branch  1 never executed
branch  2 never executed
branch  3 never executed
branch  4 never executed
branch  5 never executed
branch  6 never executed
branch  7 never executed
branch  8 never executed
branch  9 never executed
    #####: 3501:  else if (strcmp (name, "digit") == 0)
branch  0 never executed
branch  1 never executed
    #####: 3502:    BUILD_CHARCLASS_LOOP (isdigit);
branch  0 never executed
branch  1 never executed
branch  2 never executed
branch  3 never executed
branch  4 never executed
branch  5 never executed
branch  6 never executed
branch  7 never executed
branch  8 never executed
branch  9 never executed
    #####: 3503:  else if (strcmp (name, "print") == 0)
branch  0 never executed
branch  1 never executed
    #####: 3504:    BUILD_CHARCLASS_LOOP (isprint);
branch  0 never executed
branch  1 never executed
branch  2 never executed
branch  3 never executed
branch  4 never executed
branch  5 never executed
branch  6 never executed
branch  7 never executed
branch  8 never executed
branch  9 never executed
    #####: 3505:  else if (strcmp (name, "upper") == 0)
branch  0 never executed
branch  1 never executed
    #####: 3506:    BUILD_CHARCLASS_LOOP (isupper);
branch  0 never executed
branch  1 never executed
branch  2 never executed
branch  3 never executed
branch  4 never executed
branch  5 never executed
branch  6 never executed
branch  7 never executed
branch  8 never executed
branch  9 never executed
    #####: 3507:  else if (strcmp (name, "blank") == 0)
branch  0 never executed
branch  1 never executed
    #####: 3508:    BUILD_CHARCLASS_LOOP (isblank);
branch  0 never executed
branch  1 never executed
branch  2 never executed
branch  3 never executed
branch  4 never executed
branch  5 never executed
branch  6 never executed
branch  7 never executed
branch  8 never executed
branch  9 never executed
    #####: 3509:  else if (strcmp (name, "graph") == 0)
branch  0 never executed
branch  1 never executed
    #####: 3510:    BUILD_CHARCLASS_LOOP (isgraph);
branch  0 never executed
branch  1 never executed
branch  2 never executed
branch  3 never executed
branch  4 never executed
branch  5 never executed
branch  6 never executed
branch  7 never executed
branch  8 never executed
branch  9 never executed
    #####: 3511:  else if (strcmp (name, "punct") == 0)
branch  0 never executed
branch  1 never executed
    #####: 3512:    BUILD_CHARCLASS_LOOP (ispunct);
branch  0 never executed
branch  1 never executed
branch  2 never executed
branch  3 never executed
branch  4 never executed
branch  5 never executed
branch  6 never executed
branch  7 never executed
branch  8 never executed
branch  9 never executed
    #####: 3513:  else if (strcmp (name, "xdigit") == 0)
branch  0 never executed
branch  1 never executed
    #####: 3514:    BUILD_CHARCLASS_LOOP (isxdigit);
branch  0 never executed
branch  1 never executed
branch  2 never executed
branch  3 never executed
branch  4 never executed
branch  5 never executed
branch  6 never executed
branch  7 never executed
branch  8 never executed
branch  9 never executed
        -: 3515:  else
    #####: 3516:    return REG_ECTYPE;
        -: 3517:
    #####: 3518:  return REG_NOERROR;
        -: 3519:}
        -: 3520:
        -: 3521:static bin_tree_t *
function build_charclass_op called 0 returned 0% blocks executed 0%
    #####: 3522:build_charclass_op (re_dfa_t *dfa, RE_TRANSLATE_TYPE trans,
        -: 3523:		    const unsigned char *class_name,
        -: 3524:		    const unsigned char *extra, int non_match,
        -: 3525:		    reg_errcode_t *err)
        -: 3526:{
        -: 3527:  re_bitset_ptr_t sbcset;
        -: 3528:#ifdef RE_ENABLE_I18N
        -: 3529:  re_charset_t *mbcset;
        -: 3530:  int alloc = 0;
        -: 3531:#endif /* not RE_ENABLE_I18N */
        -: 3532:  reg_errcode_t ret;
        -: 3533:  re_token_t br_token;
        -: 3534:  bin_tree_t *tree;
        -: 3535:
    #####: 3536:  sbcset = (re_bitset_ptr_t) calloc (sizeof (bitset_t), 1);
        -: 3537:#ifdef RE_ENABLE_I18N
        -: 3538:  mbcset = (re_charset_t *) calloc (sizeof (re_charset_t), 1);
        -: 3539:#endif /* RE_ENABLE_I18N */
        -: 3540:
        -: 3541:#ifdef RE_ENABLE_I18N
        -: 3542:  if (BE (sbcset == NULL || mbcset == NULL, 0))
        -: 3543:#else /* not RE_ENABLE_I18N */
    #####: 3544:  if (BE (sbcset == NULL, 0))
branch  0 never executed
branch  1 never executed
        -: 3545:#endif /* not RE_ENABLE_I18N */
        -: 3546:    {
    #####: 3547:      *err = REG_ESPACE;
    #####: 3548:      return NULL;
        -: 3549:    }
        -: 3550:
        -: 3551:  if (non_match)
        -: 3552:    {
        -: 3553:#ifdef RE_ENABLE_I18N
        -: 3554:      /*
        -: 3555:      if (syntax & RE_HAT_LISTS_NOT_NEWLINE)
        -: 3556:	bitset_set(cset->sbcset, '\0');
        -: 3557:      */
        -: 3558:      mbcset->non_match = 1;
        -: 3559:#endif /* not RE_ENABLE_I18N */
        -: 3560:    }
        -: 3561:
        -: 3562:  /* We don't care the syntax in this case.  */
    #####: 3563:  ret = build_charclass (trans, sbcset,
call    0 never executed
        -: 3564:#ifdef RE_ENABLE_I18N
        -: 3565:			 mbcset, &alloc,
        -: 3566:#endif /* RE_ENABLE_I18N */
        -: 3567:			 class_name, 0);
        -: 3568:
    #####: 3569:  if (BE (ret != REG_NOERROR, 0))
branch  0 never executed
branch  1 never executed
        -: 3570:    {
    #####: 3571:      re_free (sbcset);
        -: 3572:#ifdef RE_ENABLE_I18N
        -: 3573:      free_charset (mbcset);
        -: 3574:#endif /* RE_ENABLE_I18N */
    #####: 3575:      *err = ret;
    #####: 3576:      return NULL;
        -: 3577:    }
        -: 3578:  /* \w match '_' also.  */
    #####: 3579:  for (; *extra; extra++)
branch  0 never executed
branch  1 never executed
    #####: 3580:    bitset_set (sbcset, *extra);
        -: 3581:
        -: 3582:  /* If it is non-matching list.  */
    #####: 3583:  if (non_match)
branch  0 never executed
branch  1 never executed
    #####: 3584:    bitset_not (sbcset);
call    0 never executed
        -: 3585:
        -: 3586:#ifdef RE_ENABLE_I18N
        -: 3587:  /* Ensure only single byte characters are set.  */
        -: 3588:  if (dfa->mb_cur_max > 1)
        -: 3589:    bitset_mask (sbcset, dfa->sb_char);
        -: 3590:#endif
        -: 3591:
        -: 3592:  /* Build a tree for simple bracket.  */
    #####: 3593:  br_token.type = SIMPLE_BRACKET;
    #####: 3594:  br_token.opr.sbcset = sbcset;
    #####: 3595:  tree = create_token_tree (dfa, NULL, NULL, &br_token);
call    0 never executed
    #####: 3596:  if (BE (tree == NULL, 0))
branch  0 never executed
branch  1 never executed
    #####: 3597:    goto build_word_op_espace;
        -: 3598:
        -: 3599:#ifdef RE_ENABLE_I18N
        -: 3600:  if (dfa->mb_cur_max > 1)
        -: 3601:    {
        -: 3602:      bin_tree_t *mbc_tree;
        -: 3603:      /* Build a tree for complex bracket.  */
        -: 3604:      br_token.type = COMPLEX_BRACKET;
        -: 3605:      br_token.opr.mbcset = mbcset;
        -: 3606:      dfa->has_mb_node = 1;
        -: 3607:      mbc_tree = create_token_tree (dfa, NULL, NULL, &br_token);
        -: 3608:      if (BE (mbc_tree == NULL, 0))
        -: 3609:	goto build_word_op_espace;
        -: 3610:      /* Then join them by ALT node.  */
        -: 3611:      tree = create_tree (dfa, tree, mbc_tree, OP_ALT);
        -: 3612:      if (BE (mbc_tree != NULL, 1))
        -: 3613:	return tree;
        -: 3614:    }
        -: 3615:  else
        -: 3616:    {
        -: 3617:      free_charset (mbcset);
        -: 3618:      return tree;
        -: 3619:    }
        -: 3620:#else /* not RE_ENABLE_I18N */
    #####: 3621:  return tree;
        -: 3622:#endif /* not RE_ENABLE_I18N */
        -: 3623:
    #####: 3624: build_word_op_espace:
    #####: 3625:  re_free (sbcset);
        -: 3626:#ifdef RE_ENABLE_I18N
        -: 3627:  free_charset (mbcset);
        -: 3628:#endif /* RE_ENABLE_I18N */
    #####: 3629:  *err = REG_ESPACE;
    #####: 3630:  return NULL;
        -: 3631:}
        -: 3632:
        -: 3633:/* This is intended for the expressions like "a{1,3}".
        -: 3634:   Fetch a number from `input', and return the number.
        -: 3635:   Return -1, if the number field is empty like "{,1}".
        -: 3636:   Return -2, If an error is occured.  */
        -: 3637:
        -: 3638:static int
function fetch_number called 0 returned 0% blocks executed 0%
    #####: 3639:fetch_number (re_string_t *input, re_token_t *token, reg_syntax_t syntax)
        -: 3640:{
    #####: 3641:  int num = -1;
        -: 3642:  unsigned char c;
        -: 3643:  while (1)
        -: 3644:    {
    #####: 3645:      fetch_token (token, input, syntax);
call    0 never executed
    #####: 3646:      c = token->opr.c;
    #####: 3647:      if (BE (token->type == END_OF_RE, 0))
branch  0 never executed
branch  1 never executed
    #####: 3648:	return -2;
    #####: 3649:      if (token->type == OP_CLOSE_DUP_NUM || c == ',')
branch  0 never executed
branch  1 never executed
branch  2 never executed
branch  3 never executed
        -: 3650:	break;
    #####: 3651:      num = ((token->type != CHARACTER || c < '0' || '9' < c || num == -2)
branch  0 never executed
branch  1 never executed
branch  2 never executed
branch  3 never executed
branch  4 never executed
branch  5 never executed
    #####: 3652:	     ? -2 : ((num == -1) ? c - '0' : num * 10 + c - '0'));
branch  0 never executed
branch  1 never executed
branch  2 never executed
branch  3 never executed
    #####: 3653:      num = (num > RE_DUP_MAX) ? -2 : num;
branch  0 never executed
branch  1 never executed
        -: 3654:    }
    #####: 3655:  return num;
        -: 3656:}
        -: 3657:
        -: 3658:#ifdef RE_ENABLE_I18N
        -: 3659:static void
        -: 3660:free_charset (re_charset_t *cset)
        -: 3661:{
        -: 3662:  re_free (cset->mbchars);
        -: 3663:# ifdef _LIBC
        -: 3664:  re_free (cset->coll_syms);
        -: 3665:  re_free (cset->equiv_classes);
        -: 3666:  re_free (cset->range_starts);
        -: 3667:  re_free (cset->range_ends);
        -: 3668:# endif
        -: 3669:  re_free (cset->char_classes);
        -: 3670:  re_free (cset);
        -: 3671:}
        -: 3672:#endif /* RE_ENABLE_I18N */
        -: 3673:
        -: 3674:/* Functions for binary tree operation.  */
        -: 3675:
        -: 3676:/* Create a tree node.  */
        -: 3677:
        -: 3678:static bin_tree_t *
function create_tree called 17 returned 100% blocks executed 100%
       17: 3679:create_tree (re_dfa_t *dfa, bin_tree_t *left, bin_tree_t *right,
        -: 3680:	     re_token_type_t type)
        -: 3681:{
        -: 3682:  re_token_t t;
       17: 3683:  t.type = type;
       17: 3684:  return create_token_tree (dfa, left, right, &t);
call    0 returned 17
        -: 3685:}
        -: 3686:
        -: 3687:static bin_tree_t *
function create_token_tree called 23 returned 100% blocks executed 90%
       23: 3688:create_token_tree (re_dfa_t *dfa, bin_tree_t *left, bin_tree_t *right,
        -: 3689:		   const re_token_t *token)
        -: 3690:{
        -: 3691:  bin_tree_t *tree;
       23: 3692:  if (BE (dfa->str_tree_storage_idx == BIN_TREE_STORAGE_SIZE, 0))
branch  0 taken 2 (fallthrough)
branch  1 taken 21
        -: 3693:    {
        2: 3694:      bin_tree_storage_t *storage = re_malloc (bin_tree_storage_t, 1);
        -: 3695:
        2: 3696:      if (storage == NULL)
branch  0 taken 0 (fallthrough)
branch  1 taken 2
    #####: 3697:	return NULL;
        2: 3698:      storage->next = dfa->str_tree_storage;
        2: 3699:      dfa->str_tree_storage = storage;
        2: 3700:      dfa->str_tree_storage_idx = 0;
        -: 3701:    }
       23: 3702:  tree = &dfa->str_tree_storage->data[dfa->str_tree_storage_idx++];
        -: 3703:
       23: 3704:  tree->parent = NULL;
       23: 3705:  tree->left = left;
       23: 3706:  tree->right = right;
       23: 3707:  tree->token = *token;
       23: 3708:  tree->token.duplicated = 0;
       23: 3709:  tree->token.opt_subexp = 0;
       23: 3710:  tree->first = NULL;
       23: 3711:  tree->next = NULL;
       23: 3712:  tree->node_idx = -1;
        -: 3713:
       23: 3714:  if (left != NULL)
branch  0 taken 12 (fallthrough)
branch  1 taken 11
       12: 3715:    left->parent = tree;
       23: 3716:  if (right != NULL)
branch  0 taken 10 (fallthrough)
branch  1 taken 13
       10: 3717:    right->parent = tree;
       23: 3718:  return tree;
        -: 3719:}
        -: 3720:
        -: 3721:/* Mark the tree SRC as an optional subexpression.
        -: 3722:   To be called from preorder or postorder.  */
        -: 3723:
        -: 3724:static reg_errcode_t
function mark_opt_subexp called 0 returned 0% blocks executed 0%
    #####: 3725:mark_opt_subexp (void *extra, bin_tree_t *node)
        -: 3726:{
    #####: 3727:  int idx = (int) (long) extra;
    #####: 3728:  if (node->token.type == SUBEXP && node->token.opr.idx == idx)
branch  0 never executed
branch  1 never executed
branch  2 never executed
branch  3 never executed
    #####: 3729:    node->token.opt_subexp = 1;
        -: 3730:
    #####: 3731:  return REG_NOERROR;
        -: 3732:}
        -: 3733:
        -: 3734:/* Free the allocated memory inside NODE. */
        -: 3735:
        -: 3736:static void
function free_token called 0 returned 0% blocks executed 0%
    #####: 3737:free_token (re_token_t *node)
        -: 3738:{
        -: 3739:#ifdef RE_ENABLE_I18N
        -: 3740:  if (node->type == COMPLEX_BRACKET && node->duplicated == 0)
        -: 3741:    free_charset (node->opr.mbcset);
        -: 3742:  else
        -: 3743:#endif /* RE_ENABLE_I18N */
    #####: 3744:    if (node->type == SIMPLE_BRACKET && node->duplicated == 0)
branch  0 never executed
branch  1 never executed
branch  2 never executed
branch  3 never executed
    #####: 3745:      re_free (node->opr.sbcset);
    #####: 3746:}
        -: 3747:
        -: 3748:/* Worker function for tree walking.  Free the allocated memory inside NODE
        -: 3749:   and its children. */
        -: 3750:
        -: 3751:static reg_errcode_t
function free_tree called 0 returned 0% blocks executed 0%
    #####: 3752:free_tree (void *extra, bin_tree_t *node)
        -: 3753:{
    #####: 3754:  free_token (&node->token);
call    0 never executed
    #####: 3755:  return REG_NOERROR;
        -: 3756:}
        -: 3757:
        -: 3758:
        -: 3759:/* Duplicate the node SRC, and return new node.  This is a preorder
        -: 3760:   visit similar to the one implemented by the generic visitor, but
        -: 3761:   we need more infrastructure to maintain two parallel trees --- so,
        -: 3762:   it's easier to duplicate.  */
        -: 3763:
        -: 3764:static bin_tree_t *
function duplicate_tree called 0 returned 0% blocks executed 0%
    #####: 3765:duplicate_tree (const bin_tree_t *root, re_dfa_t *dfa)
        -: 3766:{
        -: 3767:  const bin_tree_t *node;
        -: 3768:  bin_tree_t *dup_root;
    #####: 3769:  bin_tree_t **p_new = &dup_root, *dup_node = root->parent;
        -: 3770:
    #####: 3771:  for (node = root; ; )
        -: 3772:    {
        -: 3773:      /* Create a new tree and link it back to the current parent.  */
    #####: 3774:      *p_new = create_token_tree (dfa, NULL, NULL, &node->token);
call    0 never executed
    #####: 3775:      if (*p_new == NULL)
branch  0 never executed
branch  1 never executed
    #####: 3776:	return NULL;
    #####: 3777:      (*p_new)->parent = dup_node;
    #####: 3778:      (*p_new)->token.duplicated = 1;
    #####: 3779:      dup_node = *p_new;
        -: 3780:
        -: 3781:      /* Go to the left node, or up and to the right.  */
    #####: 3782:      if (node->left)
branch  0 never executed
branch  1 never executed
        -: 3783:	{
    #####: 3784:	  node = node->left;
    #####: 3785:	  p_new = &dup_node->left;
        -: 3786:	}
        -: 3787:      else
        -: 3788:	{
    #####: 3789:	  const bin_tree_t *prev = NULL;
    #####: 3790:	  while (node->right == prev || node->right == NULL)
branch  0 never executed
branch  1 never executed
branch  2 never executed
branch  3 never executed
        -: 3791:	    {
    #####: 3792:	      prev = node;
    #####: 3793:	      node = node->parent;
    #####: 3794:	      dup_node = dup_node->parent;
    #####: 3795:	      if (!node)
branch  0 never executed
branch  1 never executed
    #####: 3796:	        return dup_root;
        -: 3797:	    }
    #####: 3798:	  node = node->right;
    #####: 3799:	  p_new = &dup_node->right;
        -: 3800:	}
        -: 3801:    }
        -: 3802:}
