        -:    0:Source:regexec.c
        -:    0:Graph:sed.gcno
        -:    0:Data:sed.gcda
        -:    0:Runs:1
        -:    1:/* Extended regular expression matching and search library.
        -:    2:   Copyright (C) 2002, 2003, 2004, 2005 Free Software Foundation, Inc.
        -:    3:   This file is part of the GNU C Library.
        -:    4:   Contributed by Isamu Hasegawa <isamu@yamato.ibm.com>.
        -:    5:
        -:    6:   The GNU C Library is free software; you can redistribute it and/or
        -:    7:   modify it under the terms of the GNU Lesser General Public
        -:    8:   License as published by the Free Software Foundation; either
        -:    9:   version 2.1 of the License, or (at your option) any later version.
        -:   10:
        -:   11:   The GNU C Library is distributed in the hope that it will be useful,
        -:   12:   but WITHOUT ANY WARRANTY; without even the implied warranty of
        -:   13:   MERCHANTABILITY or FITNESS FOR A PARTICULAR PURPOSE.  See the GNU
        -:   14:   Lesser General Public License for more details.
        -:   15:
        -:   16:   You should have received a copy of the GNU Lesser General Public
        -:   17:   License along with the GNU C Library; if not, write to the Free
        -:   18:   Software Foundation, Inc., 59 Temple Place, Suite 330, Boston, MA
        -:   19:   02111-1307 USA.  */
        -:   20:
        -:   21:static reg_errcode_t match_ctx_init (re_match_context_t *cache, int eflags,
        -:   22:				     int n) internal_function;
        -:   23:static void match_ctx_clean (re_match_context_t *mctx) internal_function;
        -:   24:static void match_ctx_free (re_match_context_t *cache) internal_function;
        -:   25:static reg_errcode_t match_ctx_add_entry (re_match_context_t *cache, int node,
        -:   26:					  int str_idx, int from, int to)
        -:   27:     internal_function;
        -:   28:static int search_cur_bkref_entry (const re_match_context_t *mctx, int str_idx)
        -:   29:     internal_function;
        -:   30:static reg_errcode_t match_ctx_add_subtop (re_match_context_t *mctx, int node,
        -:   31:					   int str_idx) internal_function;
        -:   32:static re_sub_match_last_t * match_ctx_add_sublast (re_sub_match_top_t *subtop,
        -:   33:						   int node, int str_idx)
        -:   34:     internal_function;
        -:   35:static void sift_ctx_init (re_sift_context_t *sctx, re_dfastate_t **sifted_sts,
        -:   36:			   re_dfastate_t **limited_sts, int last_node,
        -:   37:			   int last_str_idx)
        -:   38:     internal_function;
        -:   39:static reg_errcode_t re_search_internal (const regex_t *preg,
        -:   40:					 const char *string, int length,
        -:   41:					 int start, int range, int stop,
        -:   42:					 size_t nmatch, regmatch_t pmatch[],
        -:   43:					 int eflags) internal_function;
        -:   44:static int re_search_2_stub (struct re_pattern_buffer *bufp,
        -:   45:			     const char *string1, int length1,
        -:   46:			     const char *string2, int length2,
        -:   47:			     int start, int range, struct re_registers *regs,
        -:   48:			     int stop, int ret_len) internal_function;
        -:   49:static int re_search_stub (struct re_pattern_buffer *bufp,
        -:   50:			   const char *string, int length, int start,
        -:   51:			   int range, int stop, struct re_registers *regs,
        -:   52:			   int ret_len) internal_function;
        -:   53:static unsigned re_copy_regs (struct re_registers *regs, regmatch_t *pmatch,
        -:   54:			      int nregs, int regs_allocated) internal_function;
        -:   55:static reg_errcode_t prune_impossible_nodes (re_match_context_t *mctx)
        -:   56:     internal_function;
        -:   57:static int check_matching (re_match_context_t *mctx, int fl_longest_match,
        -:   58:			   int *p_match_first) internal_function;
        -:   59:static int check_halt_state_context (const re_match_context_t *mctx,
        -:   60:				     const re_dfastate_t *state, int idx)
        -:   61:     internal_function;
        -:   62:static void update_regs (const re_dfa_t *dfa, regmatch_t *pmatch,
        -:   63:			 regmatch_t *prev_idx_match, int cur_node,
        -:   64:			 int cur_idx, int nmatch) internal_function;
        -:   65:static reg_errcode_t push_fail_stack (struct re_fail_stack_t *fs,
        -:   66:				      int str_idx, int dest_node, int nregs,
        -:   67:				      regmatch_t *regs,
        -:   68:				      re_node_set *eps_via_nodes)
        -:   69:     internal_function;
        -:   70:static reg_errcode_t set_regs (const regex_t *preg,
        -:   71:			       const re_match_context_t *mctx,
        -:   72:			       size_t nmatch, regmatch_t *pmatch,
        -:   73:			       int fl_backtrack) internal_function;
        -:   74:static reg_errcode_t free_fail_stack_return (struct re_fail_stack_t *fs)
        -:   75:     internal_function;
        -:   76:
        -:   77:#ifdef RE_ENABLE_I18N
        -:   78:static int sift_states_iter_mb (const re_match_context_t *mctx,
        -:   79:				re_sift_context_t *sctx,
        -:   80:				int node_idx, int str_idx, int max_str_idx)
        -:   81:     internal_function;
        -:   82:#endif /* RE_ENABLE_I18N */
        -:   83:static reg_errcode_t sift_states_backward (const re_match_context_t *mctx,
        -:   84:					   re_sift_context_t *sctx)
        -:   85:     internal_function;
        -:   86:static reg_errcode_t build_sifted_states (const re_match_context_t *mctx,
        -:   87:					  re_sift_context_t *sctx, int str_idx,
        -:   88:					  re_node_set *cur_dest)
        -:   89:     internal_function;
        -:   90:static reg_errcode_t update_cur_sifted_state (const re_match_context_t *mctx,
        -:   91:					      re_sift_context_t *sctx,
        -:   92:					      int str_idx,
        -:   93:					      re_node_set *dest_nodes)
        -:   94:     internal_function;
        -:   95:static reg_errcode_t add_epsilon_src_nodes (const re_dfa_t *dfa,
        -:   96:					    re_node_set *dest_nodes,
        -:   97:					    const re_node_set *candidates)
        -:   98:     internal_function;
        -:   99:static int check_dst_limits (const re_match_context_t *mctx,
        -:  100:			     re_node_set *limits,
        -:  101:			     int dst_node, int dst_idx, int src_node,
        -:  102:			     int src_idx) internal_function;
        -:  103:static int check_dst_limits_calc_pos_1 (const re_match_context_t *mctx,
        -:  104:					int boundaries, int subexp_idx,
        -:  105:					int from_node, int bkref_idx)
        -:  106:     internal_function;
        -:  107:static int check_dst_limits_calc_pos (const re_match_context_t *mctx,
        -:  108:				      int limit, int subexp_idx,
        -:  109:				      int node, int str_idx,
        -:  110:				      int bkref_idx) internal_function;
        -:  111:static reg_errcode_t check_subexp_limits (const re_dfa_t *dfa,
        -:  112:					  re_node_set *dest_nodes,
        -:  113:					  const re_node_set *candidates,
        -:  114:					  re_node_set *limits,
        -:  115:					  struct re_backref_cache_entry *bkref_ents,
        -:  116:					  int str_idx) internal_function;
        -:  117:static reg_errcode_t sift_states_bkref (const re_match_context_t *mctx,
        -:  118:					re_sift_context_t *sctx,
        -:  119:					int str_idx, const re_node_set *candidates)
        -:  120:     internal_function;
        -:  121:static reg_errcode_t merge_state_array (const re_dfa_t *dfa,
        -:  122:					re_dfastate_t **dst,
        -:  123:					re_dfastate_t **src, int num)
        -:  124:     internal_function;
        -:  125:static re_dfastate_t *find_recover_state (reg_errcode_t *err,
        -:  126:					 re_match_context_t *mctx) internal_function;
        -:  127:static re_dfastate_t *transit_state (reg_errcode_t *err,
        -:  128:				     re_match_context_t *mctx,
        -:  129:				     re_dfastate_t *state) internal_function;
        -:  130:static re_dfastate_t *merge_state_with_log (reg_errcode_t *err,
        -:  131:					    re_match_context_t *mctx,
        -:  132:					    re_dfastate_t *next_state)
        -:  133:     internal_function;
        -:  134:static reg_errcode_t check_subexp_matching_top (re_match_context_t *mctx,
        -:  135:						re_node_set *cur_nodes,
        -:  136:						int str_idx) internal_function;
        -:  137:#if 0
        -:  138:static re_dfastate_t *transit_state_sb (reg_errcode_t *err,
        -:  139:					re_match_context_t *mctx,
        -:  140:					re_dfastate_t *pstate)
        -:  141:     internal_function;
        -:  142:#endif
        -:  143:#ifdef RE_ENABLE_I18N
        -:  144:static reg_errcode_t transit_state_mb (re_match_context_t *mctx,
        -:  145:				       re_dfastate_t *pstate)
        -:  146:     internal_function;
        -:  147:#endif /* RE_ENABLE_I18N */
        -:  148:static reg_errcode_t transit_state_bkref (re_match_context_t *mctx,
        -:  149:					  const re_node_set *nodes)
        -:  150:     internal_function;
        -:  151:static reg_errcode_t get_subexp (re_match_context_t *mctx,
        -:  152:				 int bkref_node, int bkref_str_idx)
        -:  153:     internal_function;
        -:  154:static reg_errcode_t get_subexp_sub (re_match_context_t *mctx,
        -:  155:				     const re_sub_match_top_t *sub_top,
        -:  156:				     re_sub_match_last_t *sub_last,
        -:  157:				     int bkref_node, int bkref_str)
        -:  158:     internal_function;
        -:  159:static int find_subexp_node (const re_dfa_t *dfa, const re_node_set *nodes,
        -:  160:			     int subexp_idx, int type) internal_function;
        -:  161:static reg_errcode_t check_arrival (re_match_context_t *mctx,
        -:  162:				    state_array_t *path, int top_node,
        -:  163:				    int top_str, int last_node, int last_str,
        -:  164:				    int type) internal_function;
        -:  165:static reg_errcode_t check_arrival_add_next_nodes (re_match_context_t *mctx,
        -:  166:						   int str_idx,
        -:  167:						   re_node_set *cur_nodes,
        -:  168:						   re_node_set *next_nodes)
        -:  169:     internal_function;
        -:  170:static reg_errcode_t check_arrival_expand_ecl (const re_dfa_t *dfa,
        -:  171:					       re_node_set *cur_nodes,
        -:  172:					       int ex_subexp, int type)
        -:  173:     internal_function;
        -:  174:static reg_errcode_t check_arrival_expand_ecl_sub (const re_dfa_t *dfa,
        -:  175:						   re_node_set *dst_nodes,
        -:  176:						   int target, int ex_subexp,
        -:  177:						   int type) internal_function;
        -:  178:static reg_errcode_t expand_bkref_cache (re_match_context_t *mctx,
        -:  179:					 re_node_set *cur_nodes, int cur_str,
        -:  180:					 int subexp_num, int type)
        -:  181:     internal_function;
        -:  182:static int build_trtable (const re_dfa_t *dfa,
        -:  183:			  re_dfastate_t *state) internal_function;
        -:  184:#ifdef RE_ENABLE_I18N
        -:  185:static int check_node_accept_bytes (const re_dfa_t *dfa, int node_idx,
        -:  186:				    const re_string_t *input, int idx)
        -:  187:     internal_function;
        -:  188:# ifdef _LIBC
        -:  189:static unsigned int find_collation_sequence_value (const unsigned char *mbs,
        -:  190:						   size_t name_len)
        -:  191:     internal_function;
        -:  192:# endif /* _LIBC */
        -:  193:#endif /* RE_ENABLE_I18N */
        -:  194:static int group_nodes_into_DFAstates (const re_dfa_t *dfa,
        -:  195:				       const re_dfastate_t *state,
        -:  196:				       re_node_set *states_node,
        -:  197:				       bitset_t *states_ch) internal_function;
        -:  198:static int check_node_accept (const re_match_context_t *mctx,
        -:  199:			      const re_token_t *node, int idx)
        -:  200:     internal_function;
        -:  201:static reg_errcode_t extend_buffers (re_match_context_t *mctx)
        -:  202:     internal_function;
        -:  203:
        -:  204:/* Entry point for POSIX code.  */
        -:  205:
        -:  206:/* regexec searches for a given pattern, specified by PREG, in the
        -:  207:   string STRING.
        -:  208:
        -:  209:   If NMATCH is zero or REG_NOSUB was set in the cflags argument to
        -:  210:   `regcomp', we ignore PMATCH.  Otherwise, we assume PMATCH has at
        -:  211:   least NMATCH elements, and we set them to the offsets of the
        -:  212:   corresponding matched substrings.
        -:  213:
        -:  214:   EFLAGS specifies `execution flags' which affect matching: if
        -:  215:   REG_NOTBOL is set, then ^ does not match at the beginning of the
        -:  216:   string; if REG_NOTEOL is set, then $ does not match at the end.
        -:  217:
        -:  218:   We return 0 if we find a match and REG_NOMATCH if not.  */
        -:  219:
        -:  220:int
function regexec called 0 returned 0% blocks executed 0%
    #####:  221:regexec (preg, string, nmatch, pmatch, eflags)
        -:  222:    const regex_t *__restrict preg;
        -:  223:    const char *__restrict string;
        -:  224:    size_t nmatch;
        -:  225:    regmatch_t pmatch[];
        -:  226:    int eflags;
        -:  227:{
        -:  228:  reg_errcode_t err;
        -:  229:  int start, length;
    #####:  230:  re_dfa_t *dfa = (re_dfa_t *) preg->buffer;
        -:  231:
    #####:  232:  if (eflags & ~(REG_NOTBOL | REG_NOTEOL | REG_STARTEND))
branch  0 never executed
branch  1 never executed
    #####:  233:    return REG_BADPAT;
        -:  234:
    #####:  235:  if (eflags & REG_STARTEND)
branch  0 never executed
branch  1 never executed
        -:  236:    {
    #####:  237:      start = pmatch[0].rm_so;
    #####:  238:      length = pmatch[0].rm_eo;
        -:  239:    }
        -:  240:  else
        -:  241:    {
    #####:  242:      start = 0;
    #####:  243:      length = strlen (string);
        -:  244:    }
        -:  245:
        -:  246:  __libc_lock_lock (dfa->lock);
    #####:  247:  if (preg->no_sub)
branch  0 never executed
branch  1 never executed
    #####:  248:    err = re_search_internal (preg, string, length, start, length - start,
call    0 never executed
        -:  249:			      length, 0, NULL, eflags);
        -:  250:  else
    #####:  251:    err = re_search_internal (preg, string, length, start, length - start,
call    0 never executed
        -:  252:			      length, nmatch, pmatch, eflags);
        -:  253:  __libc_lock_unlock (dfa->lock);
    #####:  254:  return err != REG_NOERROR;
        -:  255:}
        -:  256:
        -:  257:#ifdef _LIBC
        -:  258:# include <shlib-compat.h>
        -:  259:versioned_symbol (libc, __regexec, regexec, GLIBC_2_3_4);
        -:  260:
        -:  261:# if SHLIB_COMPAT (libc, GLIBC_2_0, GLIBC_2_3_4)
        -:  262:__typeof__ (__regexec) __compat_regexec;
        -:  263:
        -:  264:int
        -:  265:attribute_compat_text_section
        -:  266:__compat_regexec (const regex_t *__restrict preg,
        -:  267:		  const char *__restrict string, size_t nmatch,
        -:  268:		  regmatch_t pmatch[], int eflags)
        -:  269:{
        -:  270:  return regexec (preg, string, nmatch, pmatch,
        -:  271:		  eflags & (REG_NOTBOL | REG_NOTEOL));
        -:  272:}
        -:  273:compat_symbol (libc, __compat_regexec, regexec, GLIBC_2_0);
        -:  274:# endif
        -:  275:#endif
        -:  276:
        -:  277:/* Entry points for GNU code.  */
        -:  278:
        -:  279:/* re_match, re_search, re_match_2, re_search_2
        -:  280:
        -:  281:   The former two functions operate on STRING with length LENGTH,
        -:  282:   while the later two operate on concatenation of STRING1 and STRING2
        -:  283:   with lengths LENGTH1 and LENGTH2, respectively.
        -:  284:
        -:  285:   re_match() matches the compiled pattern in BUFP against the string,
        -:  286:   starting at index START.
        -:  287:
        -:  288:   re_search() first tries matching at index START, then it tries to match
        -:  289:   starting from index START + 1, and so on.  The last start position tried
        -:  290:   is START + RANGE.  (Thus RANGE = 0 forces re_search to operate the same
        -:  291:   way as re_match().)
        -:  292:
        -:  293:   The parameter STOP of re_{match,search}_2 specifies that no match exceeding
        -:  294:   the first STOP characters of the concatenation of the strings should be
        -:  295:   concerned.
        -:  296:
        -:  297:   If REGS is not NULL, and BUFP->no_sub is not set, the offsets of the match
        -:  298:   and all groups is stroed in REGS.  (For the "_2" variants, the offsets are
        -:  299:   computed relative to the concatenation, not relative to the individual
        -:  300:   strings.)
        -:  301:
        -:  302:   On success, re_match* functions return the length of the match, re_search*
        -:  303:   return the position of the start of the match.  Return value -1 means no
        -:  304:   match was found and -2 indicates an internal error.  */
        -:  305:
        -:  306:int
function re_match called 0 returned 0% blocks executed 0%
    #####:  307:re_match (bufp, string, length, start, regs)
        -:  308:    struct re_pattern_buffer *bufp;
        -:  309:    const char *string;
        -:  310:    int length, start;
        -:  311:    struct re_registers *regs;
        -:  312:{
    #####:  313:  return re_search_stub (bufp, string, length, start, 0, length, regs, 1);
call    0 never executed
        -:  314:}
        -:  315:#ifdef _LIBC
        -:  316:weak_alias (__re_match, re_match)
        -:  317:#endif
        -:  318:
        -:  319:int
function re_search called 126 returned 100% blocks executed 100%
      126:  320:re_search (bufp, string, length, start, range, regs)
        -:  321:    struct re_pattern_buffer *bufp;
        -:  322:    const char *string;
        -:  323:    int length, start, range;
        -:  324:    struct re_registers *regs;
        -:  325:{
      126:  326:  return re_search_stub (bufp, string, length, start, range, length, regs, 0);
call    0 returned 126
        -:  327:}
        -:  328:#ifdef _LIBC
        -:  329:weak_alias (__re_search, re_search)
        -:  330:#endif
        -:  331:
        -:  332:int
function re_match_2 called 0 returned 0% blocks executed 0%
    #####:  333:re_match_2 (bufp, string1, length1, string2, length2, start, regs, stop)
        -:  334:    struct re_pattern_buffer *bufp;
        -:  335:    const char *string1, *string2;
        -:  336:    int length1, length2, start, stop;
        -:  337:    struct re_registers *regs;
        -:  338:{
    #####:  339:  return re_search_2_stub (bufp, string1, length1, string2, length2,
call    0 never executed
        -:  340:			   start, 0, regs, stop, 1);
        -:  341:}
        -:  342:#ifdef _LIBC
        -:  343:weak_alias (__re_match_2, re_match_2)
        -:  344:#endif
        -:  345:
        -:  346:int
function re_search_2 called 0 returned 0% blocks executed 0%
    #####:  347:re_search_2 (bufp, string1, length1, string2, length2, start, range, regs, stop)
        -:  348:    struct re_pattern_buffer *bufp;
        -:  349:    const char *string1, *string2;
        -:  350:    int length1, length2, start, range, stop;
        -:  351:    struct re_registers *regs;
        -:  352:{
    #####:  353:  return re_search_2_stub (bufp, string1, length1, string2, length2,
call    0 never executed
        -:  354:			   start, range, regs, stop, 0);
        -:  355:}
        -:  356:#ifdef _LIBC
        -:  357:weak_alias (__re_search_2, re_search_2)
        -:  358:#endif
        -:  359:
        -:  360:static int
function re_search_2_stub called 0 returned 0% blocks executed 0%
    #####:  361:re_search_2_stub (bufp, string1, length1, string2, length2, start, range, regs,
        -:  362:		  stop, ret_len)
        -:  363:    struct re_pattern_buffer *bufp;
        -:  364:    const char *string1, *string2;
        -:  365:    int length1, length2, start, range, stop, ret_len;
        -:  366:    struct re_registers *regs;
        -:  367:{
        -:  368:  const char *str;
        -:  369:  int rval;
    #####:  370:  int len = length1 + length2;
    #####:  371:  int free_str = 0;
        -:  372:
    #####:  373:  if (BE (length1 < 0 || length2 < 0 || stop < 0, 0))
branch  0 never executed
branch  1 never executed
branch  2 never executed
branch  3 never executed
branch  4 never executed
branch  5 never executed
branch  6 never executed
branch  7 never executed
    #####:  374:    return -2;
        -:  375:
        -:  376:  /* Concatenate the strings.  */
    #####:  377:  if (length2 > 0)
branch  0 never executed
branch  1 never executed
    #####:  378:    if (length1 > 0)
branch  0 never executed
branch  1 never executed
        -:  379:      {
    #####:  380:	char *s = re_malloc (char, len);
        -:  381:
    #####:  382:	if (BE (s == NULL, 0))
branch  0 never executed
branch  1 never executed
    #####:  383:	  return -2;
        -:  384:#ifdef _LIBC
        -:  385:	memcpy (__mempcpy (s, string1, length1), string2, length2);
        -:  386:#else
    #####:  387:	memcpy (s, string1, length1);
    #####:  388:	memcpy (s + length1, string2, length2);
        -:  389:#endif
    #####:  390:	str = s;
    #####:  391:	free_str = 1;
        -:  392:      }
        -:  393:    else
    #####:  394:      str = string2;
        -:  395:  else
    #####:  396:    str = string1;
        -:  397:
    #####:  398:  rval = re_search_stub (bufp, str, len, start, range, stop, regs,
call    0 never executed
        -:  399:			 ret_len);
    #####:  400:  if (free_str)
branch  0 never executed
branch  1 never executed
    #####:  401:    re_free ((char *) str);
    #####:  402:  return rval;
        -:  403:}
        -:  404:
        -:  405:/* The parameters have the same meaning as those of re_search.
        -:  406:   Additional parameters:
        -:  407:   If RET_LEN is nonzero the length of the match is returned (re_match style);
        -:  408:   otherwise the position of the match is returned.  */
        -:  409:
        -:  410:static int
function re_search_stub called 126 returned 100% blocks executed 64%
      126:  411:re_search_stub (bufp, string, length, start, range, stop, regs, ret_len)
        -:  412:    struct re_pattern_buffer *bufp;
        -:  413:    const char *string;
        -:  414:    int length, start, range, stop, ret_len;
        -:  415:    struct re_registers *regs;
        -:  416:{
        -:  417:  reg_errcode_t result;
        -:  418:  regmatch_t *pmatch;
        -:  419:  int nregs, rval;
      126:  420:  int eflags = 0;
      126:  421:  re_dfa_t *dfa = (re_dfa_t *) bufp->buffer;
        -:  422:
        -:  423:  /* Check for out-of-range.  */
      126:  424:  if (BE (start < 0 || start > length, 0))
branch  0 taken 126 (fallthrough)
branch  1 taken 0
branch  2 taken 0 (fallthrough)
branch  3 taken 126
    #####:  425:    return -1;
      126:  426:  if (BE (start + range > length, 0))
branch  0 taken 0 (fallthrough)
branch  1 taken 126
    #####:  427:    range = length - start;
      126:  428:  else if (BE (start + range < 0, 0))
branch  0 taken 0 (fallthrough)
branch  1 taken 126
    #####:  429:    range = -start;
        -:  430:
        -:  431:  __libc_lock_lock (dfa->lock);
        -:  432:
      126:  433:  eflags |= (bufp->not_bol) ? REG_NOTBOL : 0;
      126:  434:  eflags |= (bufp->not_eol) ? REG_NOTEOL : 0;
        -:  435:
        -:  436:  /* Compile fastmap if we haven't yet.  */
      126:  437:  if (range > 0 && bufp->fastmap != NULL && !bufp->fastmap_accurate)
branch  0 taken 87 (fallthrough)
branch  1 taken 39
branch  2 taken 87 (fallthrough)
branch  3 taken 0
branch  4 taken 1 (fallthrough)
branch  5 taken 86
        1:  438:    re_compile_fastmap (bufp);
call    0 returned 1
        -:  439:
      126:  440:  if (BE (bufp->no_sub, 0))
branch  0 taken 0 (fallthrough)
branch  1 taken 126
    #####:  441:    regs = NULL;
        -:  442:
        -:  443:  /* We need at least 1 register.  */
      126:  444:  if (regs == NULL)
branch  0 taken 0 (fallthrough)
branch  1 taken 126
    #####:  445:    nregs = 1;
     126*:  446:  else if (BE (bufp->regs_allocated == REGS_FIXED &&
branch  0 taken 0 (fallthrough)
branch  1 taken 126
branch  2 never executed
branch  3 never executed
        -:  447:	       regs->num_regs < bufp->re_nsub + 1, 0))
        -:  448:    {
    #####:  449:      nregs = regs->num_regs;
    #####:  450:      if (BE (nregs < 1, 0))
branch  0 never executed
branch  1 never executed
        -:  451:	{
        -:  452:	  /* Nothing can be copied to regs.  */
    #####:  453:	  regs = NULL;
    #####:  454:	  nregs = 1;
        -:  455:	}
        -:  456:    }
        -:  457:  else
      126:  458:    nregs = bufp->re_nsub + 1;
      126:  459:  pmatch = re_malloc (regmatch_t, nregs);
      126:  460:  if (BE (pmatch == NULL, 0))
branch  0 taken 0 (fallthrough)
branch  1 taken 126
        -:  461:    {
    #####:  462:      rval = -2;
    #####:  463:      goto out;
        -:  464:    }
        -:  465:
      126:  466:  result = re_search_internal (bufp, string, length, start, range, stop,
call    0 returned 126
        -:  467:			       nregs, pmatch, eflags);
        -:  468:
      126:  469:  rval = 0;
        -:  470:
        -:  471:  /* I hope we needn't fill ther regs with -1's when no match was found.  */
      126:  472:  if (result != REG_NOERROR)
branch  0 taken 114 (fallthrough)
branch  1 taken 12
      114:  473:    rval = -1;
       12:  474:  else if (regs != NULL)
branch  0 taken 12 (fallthrough)
branch  1 taken 0
        -:  475:    {
        -:  476:      /* If caller wants register contents data back, copy them.  */
       24:  477:      bufp->regs_allocated = re_copy_regs (regs, pmatch, nregs,
       12:  478:					   bufp->regs_allocated);
call    0 returned 12
       12:  479:      if (BE (bufp->regs_allocated == REGS_UNALLOCATED, 0))
branch  0 taken 0 (fallthrough)
branch  1 taken 12
    #####:  480:	rval = -2;
        -:  481:    }
        -:  482:
      126:  483:  if (BE (rval == 0, 1))
branch  0 taken 12 (fallthrough)
branch  1 taken 114
        -:  484:    {
       12:  485:      if (ret_len)
branch  0 taken 0 (fallthrough)
branch  1 taken 12
        -:  486:	{
    #####:  487:	  assert (pmatch[0].rm_so == start);
branch  0 never executed
branch  1 never executed
call    2 never executed
    #####:  488:	  rval = pmatch[0].rm_eo - start;
        -:  489:	}
        -:  490:      else
       12:  491:	rval = pmatch[0].rm_so;
        -:  492:    }
      126:  493:  re_free (pmatch);
      126:  494: out:
        -:  495:  __libc_lock_unlock (dfa->lock);
      126:  496:  return rval;
        -:  497:}
        -:  498:
        -:  499:static unsigned
function re_copy_regs called 12 returned 100% blocks executed 58%
       12:  500:re_copy_regs (regs, pmatch, nregs, regs_allocated)
        -:  501:    struct re_registers *regs;
        -:  502:    regmatch_t *pmatch;
        -:  503:    int nregs, regs_allocated;
        -:  504:{
       12:  505:  int rval = REGS_REALLOCATE;
        -:  506:  int i;
       12:  507:  int need_regs = nregs + 1;
        -:  508:  /* We need one extra element beyond `num_regs' for the `-1' marker GNU code
        -:  509:     uses.  */
        -:  510:
        -:  511:  /* Have the register data arrays been allocated?  */
       12:  512:  if (regs_allocated == REGS_UNALLOCATED)
branch  0 taken 0 (fallthrough)
branch  1 taken 12
        -:  513:    { /* No.  So allocate them with malloc.  */
    #####:  514:      regs->start = re_malloc (regoff_t, need_regs);
    #####:  515:      regs->end = re_malloc (regoff_t, need_regs);
    #####:  516:      if (BE (regs->start == NULL, 0) || BE (regs->end == NULL, 0))
branch  0 never executed
branch  1 never executed
branch  2 never executed
branch  3 never executed
    #####:  517:	return REGS_UNALLOCATED;
    #####:  518:      regs->num_regs = need_regs;
        -:  519:    }
       12:  520:  else if (regs_allocated == REGS_REALLOCATE)
branch  0 taken 12 (fallthrough)
branch  1 taken 0
        -:  521:    { /* Yes.  If we need more elements than were already
        -:  522:	 allocated, reallocate them.  If we need fewer, just
        -:  523:	 leave it alone.  */
       12:  524:      if (BE (need_regs > regs->num_regs, 0))
branch  0 taken 1 (fallthrough)
branch  1 taken 11
        -:  525:	{
        1:  526:	  regoff_t *new_start = re_realloc (regs->start, regoff_t, need_regs);
        1:  527:	  regoff_t *new_end = re_realloc (regs->end, regoff_t, need_regs);
        1:  528:	  if (BE (new_start == NULL, 0) || BE (new_end == NULL, 0))
branch  0 taken 1 (fallthrough)
branch  1 taken 0
branch  2 taken 0 (fallthrough)
branch  3 taken 1
    #####:  529:	    return REGS_UNALLOCATED;
        1:  530:	  regs->start = new_start;
        1:  531:	  regs->end = new_end;
        1:  532:	  regs->num_regs = need_regs;
        -:  533:	}
        -:  534:    }
        -:  535:  else
        -:  536:    {
    #####:  537:      assert (regs_allocated == REGS_FIXED);
branch  0 never executed
branch  1 never executed
call    2 never executed
        -:  538:      /* This function may not be called with REGS_FIXED and nregs too big.  */
    #####:  539:      assert (regs->num_regs >= nregs);
branch  0 never executed
branch  1 never executed
call    2 never executed
    #####:  540:      rval = REGS_FIXED;
        -:  541:    }
        -:  542:
        -:  543:  /* Copy the regs.  */
       48:  544:  for (i = 0; i < nregs; ++i)
branch  0 taken 36
branch  1 taken 12 (fallthrough)
        -:  545:    {
       36:  546:      regs->start[i] = pmatch[i].rm_so;
       36:  547:      regs->end[i] = pmatch[i].rm_eo;
        -:  548:    }
       24:  549:  for ( ; i < regs->num_regs; ++i)
branch  0 taken 12
branch  1 taken 12 (fallthrough)
       12:  550:    regs->start[i] = regs->end[i] = -1;
        -:  551:
       12:  552:  return rval;
        -:  553:}
        -:  554:
        -:  555:/* Set REGS to hold NUM_REGS registers, storing them in STARTS and
        -:  556:   ENDS.  Subsequent matches using PATTERN_BUFFER and REGS will use
        -:  557:   this memory for recording register information.  STARTS and ENDS
        -:  558:   must be allocated using the malloc library routine, and must each
        -:  559:   be at least NUM_REGS * sizeof (regoff_t) bytes long.
        -:  560:
        -:  561:   If NUM_REGS == 0, then subsequent matches should allocate their own
        -:  562:   register data.
        -:  563:
        -:  564:   Unless this function is called, the first search or match using
        -:  565:   PATTERN_BUFFER will allocate its own register data, without
        -:  566:   freeing the old data.  */
        -:  567:
        -:  568:void
function re_set_registers called 0 returned 0% blocks executed 0%
    #####:  569:re_set_registers (bufp, regs, num_regs, starts, ends)
        -:  570:    struct re_pattern_buffer *bufp;
        -:  571:    struct re_registers *regs;
        -:  572:    unsigned num_regs;
        -:  573:    regoff_t *starts, *ends;
        -:  574:{
    #####:  575:  if (num_regs)
branch  0 never executed
branch  1 never executed
        -:  576:    {
    #####:  577:      bufp->regs_allocated = REGS_REALLOCATE;
    #####:  578:      regs->num_regs = num_regs;
    #####:  579:      regs->start = starts;
    #####:  580:      regs->end = ends;
        -:  581:    }
        -:  582:  else
        -:  583:    {
    #####:  584:      bufp->regs_allocated = REGS_UNALLOCATED;
    #####:  585:      regs->num_regs = 0;
    #####:  586:      regs->start = regs->end = (regoff_t *) 0;
        -:  587:    }
    #####:  588:}
        -:  589:#ifdef _LIBC
        -:  590:weak_alias (__re_set_registers, re_set_registers)
        -:  591:#endif
        -:  592:
        -:  593:/* Entry points compatible with 4.2 BSD regex library.  We don't define
        -:  594:   them unless specifically requested.  */
        -:  595:
        -:  596:#if defined _REGEX_RE_COMP || defined _LIBC
        -:  597:int
        -:  598:# ifdef _LIBC
        -:  599:weak_function
        -:  600:# endif
        -:  601:re_exec (s)
        -:  602:     const char *s;
        -:  603:{
        -:  604:  return 0 == regexec (&re_comp_buf, s, 0, NULL, 0);
        -:  605:}
        -:  606:#endif /* _REGEX_RE_COMP */
        -:  607:
        -:  608:/* Internal entry point.  */
        -:  609:
        -:  610:/* Searches for a compiled pattern PREG in the string STRING, whose
        -:  611:   length is LENGTH.  NMATCH, PMATCH, and EFLAGS have the same
        -:  612:   mingings with regexec.  START, and RANGE have the same meanings
        -:  613:   with re_search.
        -:  614:   Return REG_NOERROR if we find a match, and REG_NOMATCH if not,
        -:  615:   otherwise return the error code.
        -:  616:   Note: We assume front end functions already check ranges.
        -:  617:   (START + RANGE >= 0 && START + RANGE <= LENGTH)  */
        -:  618:
        -:  619:static reg_errcode_t
function re_search_internal called 126 returned 100% blocks executed 57%
      126:  620:re_search_internal (preg, string, length, start, range, stop, nmatch, pmatch,
        -:  621:		    eflags)
        -:  622:    const regex_t *preg;
        -:  623:    const char *string;
        -:  624:    int length, start, range, stop, eflags;
        -:  625:    size_t nmatch;
        -:  626:    regmatch_t pmatch[];
        -:  627:{
        -:  628:  reg_errcode_t err;
      126:  629:  const re_dfa_t *dfa = (const re_dfa_t *) preg->buffer;
        -:  630:  int left_lim, right_lim, incr;
      126:  631:  int fl_longest_match, match_first, match_kind, match_last = -1;
        -:  632:  int extra_nmatch;
        -:  633:  int sb, ch;
        -:  634:#if defined _LIBC || (defined __STDC_VERSION__ && __STDC_VERSION__ >= 199901L)
      126:  635:  re_match_context_t mctx = { .dfa = dfa };
        -:  636:#else
        -:  637:  re_match_context_t mctx;
        -:  638:#endif
      126:  639:  char *fastmap = (preg->fastmap != NULL && preg->fastmap_accurate
branch  0 taken 126 (fallthrough)
branch  1 taken 0
      252:  640:		   && range && !preg->can_be_null) ? preg->fastmap : NULL;
branch  0 taken 126 (fallthrough)
branch  1 taken 0
branch  2 taken 87 (fallthrough)
branch  3 taken 39
branch  4 taken 87 (fallthrough)
branch  5 taken 0
      126:  641:  RE_TRANSLATE_TYPE t = preg->translate;
        -:  642:
        -:  643:#if !(defined _LIBC || (defined __STDC_VERSION__ && __STDC_VERSION__ >= 199901L))
        -:  644:  memset (&mctx, '\0', sizeof (re_match_context_t));
        -:  645:  mctx.dfa = dfa;
        -:  646:#endif
        -:  647:
     126*:  648:  extra_nmatch = (nmatch > preg->re_nsub) ? nmatch - (preg->re_nsub + 1) : 0;
branch  0 taken 126 (fallthrough)
branch  1 taken 0
      126:  649:  nmatch -= extra_nmatch;
        -:  650:
        -:  651:  /* Check if the DFA haven't been compiled.  */
     126*:  652:  if (BE (preg->used == 0 || dfa->init_state == NULL
branch  0 taken 126 (fallthrough)
branch  1 taken 0
branch  2 taken 0 (fallthrough)
branch  3 taken 126
branch  4 taken 126 (fallthrough)
branch  5 taken 0
branch  6 taken 0 (fallthrough)
branch  7 taken 126
branch  8 taken 126 (fallthrough)
branch  9 taken 0
branch 10 taken 0 (fallthrough)
branch 11 taken 126
branch 12 taken 126 (fallthrough)
branch 13 taken 0
branch 14 taken 0 (fallthrough)
branch 15 taken 126
        -:  653:	  || dfa->init_state_word == NULL || dfa->init_state_nl == NULL
        -:  654:	  || dfa->init_state_begbuf == NULL, 0))
    #####:  655:    return REG_NOMATCH;
        -:  656:
        -:  657:#ifdef DEBUG
        -:  658:  /* We assume front-end functions already check them.  */
        -:  659:  assert (start + range >= 0 && start + range <= length);
        -:  660:#endif
        -:  661:
        -:  662:  /* If initial states with non-begbuf contexts have no elements,
        -:  663:     the regex must be anchored.  If preg->newline_anchor is set,
        -:  664:     we'll never use init_state_nl, so do not check it.  */
      126:  665:  if (dfa->init_state->nodes.nelem == 0
branch  0 taken 0 (fallthrough)
branch  1 taken 126
    #####:  666:      && dfa->init_state_word->nodes.nelem == 0
branch  0 never executed
branch  1 never executed
    #####:  667:      && (dfa->init_state_nl->nodes.nelem == 0
branch  0 never executed
branch  1 never executed
    #####:  668:	  || !preg->newline_anchor))
branch  0 never executed
branch  1 never executed
        -:  669:    {
    #####:  670:      if (start != 0 && start + range != 0)
branch  0 never executed
branch  1 never executed
branch  2 never executed
branch  3 never executed
    #####:  671:        return REG_NOMATCH;
    #####:  672:      start = range = 0;
        -:  673:    }
        -:  674:
        -:  675:  /* We must check the longest matching, if nmatch > 0.  */
     126*:  676:  fl_longest_match = (nmatch != 0 || dfa->nbackref);
branch  0 taken 0 (fallthrough)
branch  1 taken 126
branch  2 never executed
branch  3 never executed
        -:  677:
      126:  678:  err = re_string_allocate (&mctx.input, string, length, dfa->nodes_len + 1,
      126:  679:			    preg->translate, preg->syntax & RE_ICASE, dfa);
call    0 returned 126
      126:  680:  if (BE (err != REG_NOERROR, 0))
branch  0 taken 0 (fallthrough)
branch  1 taken 126
    #####:  681:    goto free_return;
      126:  682:  mctx.input.stop = stop;
      126:  683:  mctx.input.raw_stop = stop;
      126:  684:  mctx.input.newline_anchor = preg->newline_anchor;
        -:  685:
      126:  686:  err = match_ctx_init (&mctx, eflags, dfa->nbackref * 2);
call    0 returned 126
      126:  687:  if (BE (err != REG_NOERROR, 0))
branch  0 taken 0 (fallthrough)
branch  1 taken 126
    #####:  688:    goto free_return;
        -:  689:
        -:  690:  /* We will log all the DFA states through which the dfa pass,
        -:  691:     if nmatch > 1, or this dfa has "multibyte node", which is a
        -:  692:     back-reference or a node which can accept multibyte character or
        -:  693:     multi character collating element.  */
     126*:  694:  if (nmatch > 1 || dfa->has_mb_node)
branch  0 taken 0 (fallthrough)
branch  1 taken 126
branch  2 never executed
branch  3 never executed
        -:  695:    {
      126:  696:      mctx.state_log = re_malloc (re_dfastate_t *, mctx.input.bufs_len + 1);
      126:  697:      if (BE (mctx.state_log == NULL, 0))
branch  0 taken 0 (fallthrough)
branch  1 taken 126
        -:  698:	{
    #####:  699:	  err = REG_ESPACE;
    #####:  700:	  goto free_return;
        -:  701:	}
        -:  702:    }
        -:  703:  else
    #####:  704:    mctx.state_log = NULL;
        -:  705:
      126:  706:  match_first = start;
      252:  707:  mctx.input.tip_context = (eflags & REG_NOTBOL) ? CONTEXT_BEGBUF
     126*:  708:			   : CONTEXT_NEWLINE | CONTEXT_BEGBUF;
branch  0 taken 0 (fallthrough)
branch  1 taken 126
        -:  709:
        -:  710:  /* Check incrementally whether of not the input string match.  */
     126*:  711:  incr = (range < 0) ? -1 : 1;
branch  0 taken 0 (fallthrough)
branch  1 taken 126
     126*:  712:  left_lim = (range < 0) ? start + range : start;
branch  0 taken 0 (fallthrough)
branch  1 taken 126
     126*:  713:  right_lim = (range < 0) ? start : start + range;
branch  0 taken 126 (fallthrough)
branch  1 taken 0
      126:  714:  sb = dfa->mb_cur_max == 1;
      126:  715:  match_kind =
        -:  716:    (fastmap
      87*:  717:     ? ((sb || !(preg->syntax & RE_ICASE || t) ? 4 : 0)
branch  0 taken 0 (fallthrough)
branch  1 taken 87
branch  2 never executed
branch  3 never executed
branch  4 never executed
branch  5 never executed
      87*:  718:	| (range >= 0 ? 2 : 0)
branch  0 taken 87 (fallthrough)
branch  1 taken 0
       87:  719:	| (t != NULL ? 1 : 0))
      213:  720:     : 8);
branch  0 taken 87 (fallthrough)
branch  1 taken 39
        -:  721:
      122:  722:  for (;; match_first += incr)
        -:  723:    {
      248:  724:      err = REG_NOMATCH;
      248:  725:      if (match_first < left_lim || right_lim < match_first)
branch  0 taken 248 (fallthrough)
branch  1 taken 0
branch  2 taken 39 (fallthrough)
branch  3 taken 209
       39:  726:	goto free_return;
        -:  727:
        -:  728:      /* Advance as rapidly as possible through the string, until we
        -:  729:	 find a plausible place to start matching.  This may be done
        -:  730:	 with varying efficiency, so there are various possibilities:
        -:  731:	 only the most common of them are specialized, in order to
        -:  732:	 save on code size.  We use a switch statement for speed.  */
      209:  733:      switch (match_kind)
branch  0 taken 39
branch  1 taken 0
branch  2 taken 170
branch  3 taken 0
branch  4 taken 0
        -:  734:	{
       39:  735:	case 8:
        -:  736:	  /* No fastmap.  */
       39:  737:	  break;
        -:  738:
    #####:  739:	case 7:
        -:  740:	  /* Fastmap with single-byte translation, match forward.  */
    #####:  741:	  while (BE (match_first < right_lim, 1)
    #####:  742:		 && !fastmap[t[(unsigned char) string[match_first]]])
branch  0 never executed
branch  1 never executed
branch  2 never executed
branch  3 never executed
    #####:  743:	    ++match_first;
    #####:  744:	  goto forward_match_found_start_or_reached_end;
        -:  745:
      170:  746:	case 6:
        -:  747:	  /* Fastmap without translation, match forward.  */
      170:  748:	  while (BE (match_first < right_lim, 1)
     1678:  749:		 && !fastmap[(unsigned char) string[match_first]])
branch  0 taken 75 (fallthrough)
branch  1 taken 1603
branch  2 taken 1508
branch  3 taken 95 (fallthrough)
     1508:  750:	    ++match_first;
        -:  751:
      170:  752:	forward_match_found_start_or_reached_end:
      170:  753:	  if (BE (match_first == right_lim, 0))
branch  0 taken 75 (fallthrough)
branch  1 taken 95
        -:  754:	    {
      150:  755:	      ch = match_first >= length
      75*:  756:		       ? 0 : (unsigned char) string[match_first];
branch  0 taken 0 (fallthrough)
branch  1 taken 75
      75*:  757:	      if (!fastmap[t ? t[ch] : ch])
branch  0 taken 0 (fallthrough)
branch  1 taken 75
branch  2 taken 75 (fallthrough)
branch  3 taken 0
       75:  758:		goto free_return;
        -:  759:	    }
       95:  760:	  break;
        -:  761:
    #####:  762:	case 4:
        -:  763:	case 5:
        -:  764:	  /* Fastmap without multi-byte translation, match backwards.  */
    #####:  765:	  while (match_first >= left_lim)
branch  0 never executed
branch  1 never executed
        -:  766:	    {
    #####:  767:	      ch = match_first >= length
    #####:  768:		       ? 0 : (unsigned char) string[match_first];
branch  0 never executed
branch  1 never executed
    #####:  769:	      if (fastmap[t ? t[ch] : ch])
branch  0 never executed
branch  1 never executed
branch  2 never executed
branch  3 never executed
    #####:  770:		break;
    #####:  771:	      --match_first;
        -:  772:	    }
    #####:  773:	  if (match_first < left_lim)
branch  0 never executed
branch  1 never executed
    #####:  774:	    goto free_return;
    #####:  775:	  break;
        -:  776:
    #####:  777:	default:
        -:  778:	  /* In this case, we can't determine easily the current byte,
        -:  779:	     since it might be a component byte of a multibyte
        -:  780:	     character.  Then we use the constructed buffer instead.  */
        -:  781:	  for (;;)
    #####:  782:	    {
        -:  783:	      /* If MATCH_FIRST is out of the valid range, reconstruct the
        -:  784:		 buffers.  */
    #####:  785:	      unsigned int offset = match_first - mctx.input.raw_mbs_idx;
    #####:  786:	      if (BE (offset >= (unsigned int) mctx.input.valid_raw_len, 0))
branch  0 never executed
branch  1 never executed
        -:  787:		{
    #####:  788:		  err = re_string_reconstruct (&mctx.input, match_first,
call    0 never executed
        -:  789:					       eflags);
    #####:  790:		  if (BE (err != REG_NOERROR, 0))
branch  0 never executed
branch  1 never executed
    #####:  791:		    goto free_return;
        -:  792:
    #####:  793:		  offset = match_first - mctx.input.raw_mbs_idx;
        -:  794:		}
        -:  795:	      /* If MATCH_FIRST is out of the buffer, leave it as '\0'.
        -:  796:		 Note that MATCH_FIRST must not be smaller than 0.  */
    #####:  797:	      ch = (match_first >= length
    #####:  798:		    ? 0 : re_string_byte_at (&mctx.input, offset));
branch  0 never executed
branch  1 never executed
    #####:  799:	      if (fastmap[ch])
branch  0 never executed
branch  1 never executed
    #####:  800:		break;
    #####:  801:	      match_first += incr;
    #####:  802:	      if (match_first < left_lim || match_first > right_lim)
branch  0 never executed
branch  1 never executed
branch  2 never executed
branch  3 never executed
        -:  803:	        {
    #####:  804:	          err = REG_NOMATCH;
    #####:  805:	          goto free_return;
        -:  806:	        }
        -:  807:	    }
    #####:  808:	  break;
        -:  809:	}
        -:  810:
        -:  811:      /* Reconstruct the buffers so that the matcher can assume that
        -:  812:	 the matching starts from the beginning of the buffer.  */
      134:  813:      err = re_string_reconstruct (&mctx.input, match_first, eflags);
call    0 returned 134
      134:  814:      if (BE (err != REG_NOERROR, 0))
branch  0 taken 0 (fallthrough)
branch  1 taken 134
    #####:  815:	goto free_return;
        -:  816:
        -:  817:#ifdef RE_ENABLE_I18N
        -:  818:     /* Don't consider this char as a possible match start if it part,
        -:  819:	yet isn't the head, of a multibyte character.  */
        -:  820:      if (!sb && !re_string_first_byte (&mctx.input, 0))
        -:  821:	continue;
        -:  822:#endif
        -:  823:
        -:  824:      /* It seems to be appropriate one, then use the matcher.  */
        -:  825:      /* We assume that the matching starts from 0.  */
      134:  826:      mctx.state_log_top = mctx.nbkref_ents = mctx.max_mb_elem_len = 0;
     134*:  827:      match_last = check_matching (&mctx, fl_longest_match,
branch  0 taken 134 (fallthrough)
branch  1 taken 0
call    2 returned 134
        -:  828:				   range >= 0 ? &match_first : NULL);
      134:  829:      if (match_last != -1)
branch  0 taken 12 (fallthrough)
branch  1 taken 122
        -:  830:	{
       12:  831:	  if (BE (match_last == -2, 0))
branch  0 taken 0 (fallthrough)
branch  1 taken 12
        -:  832:	    {
    #####:  833:	      err = REG_ESPACE;
    #####:  834:	      goto free_return;
        -:  835:	    }
        -:  836:	  else
        -:  837:	    {
       12:  838:	      mctx.match_last = match_last;
      12*:  839:	      if ((!preg->no_sub && nmatch > 1) || dfa->nbackref)
branch  0 taken 12 (fallthrough)
branch  1 taken 0
branch  2 taken 0 (fallthrough)
branch  3 taken 12
branch  4 never executed
branch  5 never executed
        -:  840:		{
       12:  841:		  re_dfastate_t *pstate = mctx.state_log[match_last];
       12:  842:		  mctx.last_node = check_halt_state_context (&mctx, pstate,
call    0 returned 12
        -:  843:							     match_last);
        -:  844:		}
       12:  845:	      if ((!preg->no_sub && nmatch > 1 && dfa->has_plural_match)
branch  0 taken 12 (fallthrough)
branch  1 taken 0
branch  2 taken 12 (fallthrough)
branch  3 taken 0
branch  4 taken 0 (fallthrough)
branch  5 taken 12
    #####:  846:		  || dfa->nbackref)
branch  0 never executed
branch  1 never executed
        -:  847:		{
       12:  848:		  err = prune_impossible_nodes (&mctx);
call    0 returned 12
       12:  849:		  if (err == REG_NOERROR)
branch  0 taken 12 (fallthrough)
branch  1 taken 0
       12:  850:		    break;
    #####:  851:		  if (BE (err != REG_NOMATCH, 0))
branch  0 never executed
branch  1 never executed
    #####:  852:		    goto free_return;
    #####:  853:		  match_last = -1;
        -:  854:		}
        -:  855:	      else
        -:  856:		break; /* We found a match.  */
        -:  857:	    }
        -:  858:	}
        -:  859:
      122:  860:      match_ctx_clean (&mctx);
call    0 returned 122
        -:  861:    }
        -:  862:
        -:  863:#ifdef DEBUG
        -:  864:  assert (match_last != -1);
        -:  865:  assert (err == REG_NOERROR);
        -:  866:#endif
        -:  867:
        -:  868:  /* Set pmatch[] if we need.  */
       12:  869:  if (nmatch > 0)
branch  0 taken 0 (fallthrough)
branch  1 taken 12
        -:  870:    {
        -:  871:      int reg_idx;
        -:  872:
        -:  873:      /* Initialize registers.  */
       36:  874:      for (reg_idx = 1; reg_idx < nmatch; ++reg_idx)
branch  0 taken 24
branch  1 taken 12 (fallthrough)
       24:  875:	pmatch[reg_idx].rm_so = pmatch[reg_idx].rm_eo = -1;
        -:  876:
        -:  877:      /* Set the points where matching start/end.  */
       12:  878:      pmatch[0].rm_so = 0;
       12:  879:      pmatch[0].rm_eo = mctx.match_last;
        -:  880:
       12:  881:      if (!preg->no_sub && nmatch > 1)
branch  0 taken 12 (fallthrough)
branch  1 taken 0
branch  2 taken 12 (fallthrough)
branch  3 taken 0
        -:  882:	{
      12*:  883:	  err = set_regs (preg, &mctx, nmatch, pmatch,
call    0 returned 12
       12:  884:			  dfa->has_plural_match && dfa->nbackref > 0);
branch  0 taken 12 (fallthrough)
branch  1 taken 0
branch  2 taken 0 (fallthrough)
branch  3 taken 12
       12:  885:	  if (BE (err != REG_NOERROR, 0))
branch  0 taken 0 (fallthrough)
branch  1 taken 12
    #####:  886:	    goto free_return;
        -:  887:	}
        -:  888:
        -:  889:      /* At last, add the offset to the each registers, since we slided
        -:  890:	 the buffers so that we could assume that the matching starts
        -:  891:	 from 0.  */
       48:  892:      for (reg_idx = 0; reg_idx < nmatch; ++reg_idx)
branch  0 taken 36
branch  1 taken 12 (fallthrough)
       36:  893:	if (pmatch[reg_idx].rm_so != -1)
branch  0 taken 24 (fallthrough)
branch  1 taken 12
        -:  894:	  {
        -:  895:#ifdef RE_ENABLE_I18N
        -:  896:	    if (BE (mctx.input.offsets_needed != 0, 0))
        -:  897:	      {
        -:  898:		pmatch[reg_idx].rm_so =
        -:  899:		  (pmatch[reg_idx].rm_so == mctx.input.valid_len
        -:  900:		   ? mctx.input.valid_raw_len
        -:  901:		   : mctx.input.offsets[pmatch[reg_idx].rm_so]);
        -:  902:		pmatch[reg_idx].rm_eo =
        -:  903:		  (pmatch[reg_idx].rm_eo == mctx.input.valid_len
        -:  904:		   ? mctx.input.valid_raw_len
        -:  905:		   : mctx.input.offsets[pmatch[reg_idx].rm_eo]);
        -:  906:	      }
        -:  907:#else
      24*:  908:	    assert (mctx.input.offsets_needed == 0);
branch  0 taken 0 (fallthrough)
branch  1 taken 24
call    2 never executed
        -:  909:#endif
       24:  910:	    pmatch[reg_idx].rm_so += match_first;
       24:  911:	    pmatch[reg_idx].rm_eo += match_first;
        -:  912:	  }
      12*:  913:      for (reg_idx = 0; reg_idx < extra_nmatch; ++reg_idx)
branch  0 taken 0
branch  1 taken 12 (fallthrough)
        -:  914:	{
    #####:  915:	  pmatch[nmatch + reg_idx].rm_so = -1;
    #####:  916:	  pmatch[nmatch + reg_idx].rm_eo = -1;
        -:  917:	}
        -:  918:
       12:  919:      if (dfa->subexp_map)
branch  0 taken 12 (fallthrough)
branch  1 taken 0
    #####:  920:        for (reg_idx = 0; reg_idx + 1 < nmatch; reg_idx++)
branch  0 never executed
branch  1 never executed
    #####:  921:          if (dfa->subexp_map[reg_idx] != reg_idx)
branch  0 never executed
branch  1 never executed
        -:  922:            {
    #####:  923:              pmatch[reg_idx + 1].rm_so
    #####:  924:                = pmatch[dfa->subexp_map[reg_idx] + 1].rm_so;
    #####:  925:              pmatch[reg_idx + 1].rm_eo
    #####:  926:                = pmatch[dfa->subexp_map[reg_idx] + 1].rm_eo;
        -:  927:            }
        -:  928:    }
        -:  929:
      12*:  930: free_return:
      126:  931:  re_free (mctx.state_log);
      126:  932:  if (dfa->nbackref)
branch  0 taken 0 (fallthrough)
branch  1 taken 126
    #####:  933:    match_ctx_free (&mctx);
call    0 never executed
      126:  934:  re_string_destruct (&mctx.input);
call    0 returned 126
      126:  935:  return err;
        -:  936:}
        -:  937:
        -:  938:static reg_errcode_t
function prune_impossible_nodes called 12 returned 100% blocks executed 30%
       12:  939:prune_impossible_nodes (mctx)
        -:  940:     re_match_context_t *mctx;
        -:  941:{
       12:  942:  const re_dfa_t *const dfa = mctx->dfa;
        -:  943:  int halt_node, match_last;
        -:  944:  reg_errcode_t ret;
        -:  945:  re_dfastate_t **sifted_states;
       12:  946:  re_dfastate_t **lim_states = NULL;
        -:  947:  re_sift_context_t sctx;
        -:  948:#ifdef DEBUG
        -:  949:  assert (mctx->state_log != NULL);
        -:  950:#endif
       12:  951:  match_last = mctx->match_last;
       12:  952:  halt_node = mctx->last_node;
       12:  953:  sifted_states = re_malloc (re_dfastate_t *, match_last + 1);
       12:  954:  if (BE (sifted_states == NULL, 0))
branch  0 taken 0 (fallthrough)
branch  1 taken 12
        -:  955:    {
    #####:  956:      ret = REG_ESPACE;
    #####:  957:      goto free_return;
        -:  958:    }
       12:  959:  if (dfa->nbackref)
branch  0 taken 0 (fallthrough)
branch  1 taken 12
        -:  960:    {
    #####:  961:      lim_states = re_malloc (re_dfastate_t *, match_last + 1);
    #####:  962:      if (BE (lim_states == NULL, 0))
branch  0 never executed
branch  1 never executed
        -:  963:	{
    #####:  964:	  ret = REG_ESPACE;
    #####:  965:	  goto free_return;
        -:  966:	}
        -:  967:      while (1)
        -:  968:	{
    #####:  969:	  memset (lim_states, '\0',
    #####:  970:		  sizeof (re_dfastate_t *) * (match_last + 1));
    #####:  971:	  sift_ctx_init (&sctx, sifted_states, lim_states, halt_node,
call    0 never executed
        -:  972:			 match_last);
    #####:  973:	  ret = sift_states_backward (mctx, &sctx);
call    0 never executed
    #####:  974:	  re_node_set_free (&sctx.limits);
    #####:  975:	  if (BE (ret != REG_NOERROR, 0))
branch  0 never executed
branch  1 never executed
    #####:  976:	      goto free_return;
    #####:  977:	  if (sifted_states[0] != NULL || lim_states[0] != NULL)
branch  0 never executed
branch  1 never executed
branch  2 never executed
branch  3 never executed
        -:  978:	    break;
        -:  979:	  do
        -:  980:	    {
    #####:  981:	      --match_last;
    #####:  982:	      if (match_last < 0)
branch  0 never executed
branch  1 never executed
        -:  983:		{
    #####:  984:		  ret = REG_NOMATCH;
    #####:  985:		  goto free_return;
        -:  986:		}
    #####:  987:	    } while (mctx->state_log[match_last] == NULL
    #####:  988:		     || !mctx->state_log[match_last]->halt);
branch  0 never executed
branch  1 never executed
branch  2 never executed
branch  3 never executed
    #####:  989:	  halt_node = check_halt_state_context (mctx,
    #####:  990:						mctx->state_log[match_last],
call    0 never executed
        -:  991:						match_last);
        -:  992:	}
    #####:  993:      ret = merge_state_array (dfa, sifted_states, lim_states,
call    0 never executed
        -:  994:			       match_last + 1);
    #####:  995:      re_free (lim_states);
    #####:  996:      lim_states = NULL;
    #####:  997:      if (BE (ret != REG_NOERROR, 0))
branch  0 never executed
branch  1 never executed
    #####:  998:	goto free_return;
        -:  999:    }
        -: 1000:  else
        -: 1001:    {
       12: 1002:      sift_ctx_init (&sctx, sifted_states, lim_states, halt_node, match_last);
call    0 returned 12
       12: 1003:      ret = sift_states_backward (mctx, &sctx);
call    0 returned 12
       12: 1004:      re_node_set_free (&sctx.limits);
       12: 1005:      if (BE (ret != REG_NOERROR, 0))
branch  0 taken 0 (fallthrough)
branch  1 taken 12
    #####: 1006:	goto free_return;
        -: 1007:    }
       12: 1008:  re_free (mctx->state_log);
       12: 1009:  mctx->state_log = sifted_states;
       12: 1010:  sifted_states = NULL;
       12: 1011:  mctx->last_node = halt_node;
       12: 1012:  mctx->match_last = match_last;
       12: 1013:  ret = REG_NOERROR;
       12: 1014: free_return:
       12: 1015:  re_free (sifted_states);
       12: 1016:  re_free (lim_states);
       12: 1017:  return ret;
        -: 1018:}
        -: 1019:
        -: 1020:/* Acquire an initial state and return it.
        -: 1021:   We must select appropriate initial state depending on the context,
        -: 1022:   since initial states may have constraints like "\<", "^", etc..  */
        -: 1023:
        -: 1024:static inline re_dfastate_t *
        -: 1025:__attribute ((always_inline)) internal_function
        -: 1026:acquire_init_state_context (reg_errcode_t *err, const re_match_context_t *mctx,
        -: 1027:			    int idx)
        -: 1028:{
      134: 1029:  const re_dfa_t *const dfa = mctx->dfa;
      134: 1030:  if (dfa->init_state->has_constraint)
        -: 1031:    {
        -: 1032:      unsigned int context;
    #####: 1033:      context = re_string_context_at (&mctx->input, idx - 1, mctx->eflags);
    #####: 1034:      if (IS_WORD_CONTEXT (context))
branch  0 never executed
branch  1 never executed
    #####: 1035:	return dfa->init_state_word;
    #####: 1036:      else if (IS_ORDINARY_CONTEXT (context))
branch  0 never executed
branch  1 never executed
    #####: 1037:	return dfa->init_state;
    #####: 1038:      else if (IS_BEGBUF_CONTEXT (context) && IS_NEWLINE_CONTEXT (context))
branch  0 never executed
branch  1 never executed
branch  2 never executed
branch  3 never executed
    #####: 1039:	return dfa->init_state_begbuf;
    #####: 1040:      else if (IS_NEWLINE_CONTEXT (context))
branch  0 never executed
branch  1 never executed
    #####: 1041:	return dfa->init_state_nl;
    #####: 1042:      else if (IS_BEGBUF_CONTEXT (context))
branch  0 never executed
branch  1 never executed
        -: 1043:	{
        -: 1044:	  /* It is relatively rare case, then calculate on demand.  */
    #####: 1045:	  return re_acquire_state_context (err, dfa,
    #####: 1046:					   dfa->init_state->entrance_nodes,
call    0 never executed
        -: 1047:					   context);
        -: 1048:	}
        -: 1049:      else
        -: 1050:	/* Must not happen?  */
    #####: 1051:	return dfa->init_state;
        -: 1052:    }
        -: 1053:  else
      134: 1054:    return dfa->init_state;
        -: 1055:}
        -: 1056:
        -: 1057:/* Check whether the regular expression match input string INPUT or not,
        -: 1058:   and return the index where the matching end, return -1 if not match,
        -: 1059:   or return -2 in case of an error.
        -: 1060:   FL_LONGEST_MATCH means we want the POSIX longest matching.
        -: 1061:   If P_MATCH_FIRST is not NULL, and the match fails, it is set to the
        -: 1062:   next place where we may want to try matching.
        -: 1063:   Note that the matcher assume that the maching starts from the current
        -: 1064:   index of the buffer.  */
        -: 1065:
        -: 1066:static int
        -: 1067:internal_function
function check_matching called 134 returned 100% blocks executed 45%
      134: 1068:check_matching (re_match_context_t *mctx, int fl_longest_match,
        -: 1069:		int *p_match_first)
        -: 1070:{
      134: 1071:  const re_dfa_t *const dfa = mctx->dfa;
        -: 1072:  reg_errcode_t err;
      134: 1073:  int match = 0;
      134: 1074:  int match_last = -1;
      134: 1075:  int cur_str_idx = re_string_cur_idx (&mctx->input);
        -: 1076:  re_dfastate_t *cur_state;
      134: 1077:  int at_init_state = p_match_first != NULL;
      134: 1078:  int next_start_idx = cur_str_idx;
        -: 1079:
      134: 1080:  err = REG_NOERROR;
branch  0 taken 0 (fallthrough)
branch  1 taken 134
      134: 1081:  cur_state = acquire_init_state_context (&err, mctx, cur_str_idx);
        -: 1082:  /* An initial state must not be NULL (invalid).  */
      134: 1083:  if (BE (cur_state == NULL, 0))
branch  0 taken 0 (fallthrough)
branch  1 taken 134
        -: 1084:    {
    #####: 1085:      assert (err == REG_ESPACE);
branch  0 never executed
branch  1 never executed
call    2 never executed
    #####: 1086:      return -2;
        -: 1087:    }
        -: 1088:
      134: 1089:  if (mctx->state_log != NULL)
branch  0 taken 134 (fallthrough)
branch  1 taken 0
        -: 1090:    {
      134: 1091:      mctx->state_log[cur_str_idx] = cur_state;
        -: 1092:
        -: 1093:      /* Check OP_OPEN_SUBEXP in the initial state in case that we use them
        -: 1094:	 later.  E.g. Processing back references.  */
      134: 1095:      if (BE (dfa->nbackref, 0))
branch  0 taken 0 (fallthrough)
branch  1 taken 134
        -: 1096:	{
    #####: 1097:	  at_init_state = 0;
    #####: 1098:	  err = check_subexp_matching_top (mctx, &cur_state->nodes, 0);
call    0 never executed
    #####: 1099:	  if (BE (err != REG_NOERROR, 0))
branch  0 never executed
branch  1 never executed
    #####: 1100:	    return err;
        -: 1101:
    #####: 1102:	  if (cur_state->has_backref)
branch  0 never executed
branch  1 never executed
        -: 1103:	    {
    #####: 1104:	      err = transit_state_bkref (mctx, &cur_state->nodes);
call    0 never executed
    #####: 1105:	      if (BE (err != REG_NOERROR, 0))
branch  0 never executed
branch  1 never executed
    #####: 1106:	        return err;
        -: 1107:	    }
        -: 1108:	}
        -: 1109:    }
        -: 1110:
        -: 1111:  /* If the RE accepts NULL string.  */
      134: 1112:  if (BE (cur_state->halt, 0))
branch  0 taken 0 (fallthrough)
branch  1 taken 134
        -: 1113:    {
    #####: 1114:      if (!cur_state->has_constraint
branch  0 never executed
branch  1 never executed
    #####: 1115:	  || check_halt_state_context (mctx, cur_state, cur_str_idx))
call    0 never executed
branch  1 never executed
branch  2 never executed
        -: 1116:	{
    #####: 1117:	  if (!fl_longest_match)
branch  0 never executed
branch  1 never executed
    #####: 1118:	    return cur_str_idx;
        -: 1119:	  else
        -: 1120:	    {
    #####: 1121:	      match_last = cur_str_idx;
    #####: 1122:	      match = 1;
        -: 1123:	    }
        -: 1124:	}
        -: 1125:    }
        -: 1126:
      254: 1127:  while (!re_string_eoi (&mctx->input))
branch  0 taken 208
branch  1 taken 46 (fallthrough)
        -: 1128:    {
      208: 1129:      re_dfastate_t *old_state = cur_state;
      208: 1130:      int next_char_idx = re_string_cur_idx (&mctx->input) + 1;
        -: 1131:
      208: 1132:      if (BE (next_char_idx >= mctx->input.bufs_len, 0)
branch  0 taken 208 (fallthrough)
branch  1 taken 0
      208: 1133:          || (BE (next_char_idx >= mctx->input.valid_len, 0)
branch  0 taken 13 (fallthrough)
branch  1 taken 195
       13: 1134:              && mctx->input.valid_len < mctx->input.len))
branch  0 taken 0 (fallthrough)
branch  1 taken 13
        -: 1135:        {
    #####: 1136:          err = extend_buffers (mctx);
call    0 never executed
    #####: 1137:          if (BE (err != REG_NOERROR, 0))
branch  0 never executed
branch  1 never executed
        -: 1138:	    {
    #####: 1139:	      assert (err == REG_ESPACE);
branch  0 never executed
branch  1 never executed
call    2 never executed
    #####: 1140:	      return -2;
        -: 1141:	    }
        -: 1142:        }
        -: 1143:
      208: 1144:      cur_state = transit_state (&err, mctx, cur_state);
call    0 returned 208
      208: 1145:      if (mctx->state_log != NULL)
branch  0 taken 208 (fallthrough)
branch  1 taken 0
      208: 1146:	cur_state = merge_state_with_log (&err, mctx, cur_state);
call    0 returned 208
        -: 1147:
      208: 1148:      if (cur_state == NULL)
branch  0 taken 88 (fallthrough)
branch  1 taken 120
        -: 1149:	{
        -: 1150:	  /* Reached the invalid state or an error.  Try to recover a valid
        -: 1151:	     state using the state log, if available and if we have not
        -: 1152:	     already found a valid (even if not the longest) match.  */
       88: 1153:	  if (BE (err != REG_NOERROR, 0))
branch  0 taken 0 (fallthrough)
branch  1 taken 88
    #####: 1154:	    return -2;
        -: 1155:
       88: 1156:	  if (mctx->state_log == NULL
branch  0 taken 88 (fallthrough)
branch  1 taken 0
       88: 1157:	      || (match && !fl_longest_match)
branch  0 taken 10 (fallthrough)
branch  1 taken 78
branch  2 taken 10 (fallthrough)
branch  3 taken 0
       88: 1158:	      || (cur_state = find_recover_state (&err, mctx)) == NULL)
call    0 returned 88
branch  1 taken 0 (fallthrough)
branch  2 taken 88
        -: 1159:	    break;
        -: 1160:	}
        -: 1161:
      120: 1162:      if (BE (at_init_state, 0))
branch  0 taken 95 (fallthrough)
branch  1 taken 25
        -: 1163:	{
       95: 1164:	  if (old_state == cur_state)
branch  0 taken 0 (fallthrough)
branch  1 taken 95
    #####: 1165:	    next_start_idx = next_char_idx;
        -: 1166:	  else
       95: 1167:	    at_init_state = 0;
        -: 1168:	}
        -: 1169:
      120: 1170:      if (cur_state->halt)
branch  0 taken 12 (fallthrough)
branch  1 taken 108
        -: 1171:	{
        -: 1172:	  /* Reached a halt state.
        -: 1173:	     Check the halt state can satisfy the current context.  */
       12: 1174:	  if (!cur_state->has_constraint
branch  0 taken 0 (fallthrough)
branch  1 taken 12
    #####: 1175:	      || check_halt_state_context (mctx, cur_state,
call    0 never executed
branch  1 never executed
branch  2 never executed
        -: 1176:					   re_string_cur_idx (&mctx->input)))
        -: 1177:	    {
        -: 1178:	      /* We found an appropriate halt state.  */
       12: 1179:	      match_last = re_string_cur_idx (&mctx->input);
       12: 1180:	      match = 1;
        -: 1181:
        -: 1182:	      /* We found a match, do not modify match_first below.  */
       12: 1183:	      p_match_first = NULL;
       12: 1184:	      if (!fl_longest_match)
branch  0 taken 0 (fallthrough)
branch  1 taken 12
    #####: 1185:		break;
        -: 1186:	    }
        -: 1187:	}
        -: 1188:    }
        -: 1189:
      134: 1190:  if (p_match_first)
branch  0 taken 122 (fallthrough)
branch  1 taken 12
      122: 1191:    *p_match_first += next_start_idx;
        -: 1192:
      134: 1193:  return match_last;
        -: 1194:}
        -: 1195:
        -: 1196:/* Check NODE match the current context.  */
        -: 1197:
        -: 1198:static int
        -: 1199:internal_function
function check_halt_node_context called 24 returned 100% blocks executed 33%
       24: 1200:check_halt_node_context (const re_dfa_t *dfa, int node, unsigned int context)
        -: 1201:{
       24: 1202:  re_token_type_t type = dfa->nodes[node].type;
       24: 1203:  unsigned int constraint = dfa->nodes[node].constraint;
       24: 1204:  if (type != END_OF_RE)
branch  0 taken 12 (fallthrough)
branch  1 taken 12
       12: 1205:    return 0;
       12: 1206:  if (!constraint)
branch  0 taken 12 (fallthrough)
branch  1 taken 0
       12: 1207:    return 1;
    #####: 1208:  if (NOT_SATISFY_NEXT_CONSTRAINT (constraint, context))
branch  0 never executed
branch  1 never executed
branch  2 never executed
branch  3 never executed
branch  4 never executed
branch  5 never executed
branch  6 never executed
branch  7 never executed
branch  8 never executed
branch  9 never executed
branch 10 never executed
branch 11 never executed
branch 12 never executed
branch 13 never executed
branch 14 never executed
branch 15 never executed
    #####: 1209:    return 0;
    #####: 1210:  return 1;
        -: 1211:}
        -: 1212:
        -: 1213:/* Check the halt state STATE match the current context.
        -: 1214:   Return 0 if not match, if the node, STATE has, is a halt node and
        -: 1215:   match the context, return the node.  */
        -: 1216:
        -: 1217:static int
        -: 1218:internal_function
function check_halt_state_context called 12 returned 100% blocks executed 88%
       12: 1219:check_halt_state_context (const re_match_context_t *mctx,
        -: 1220:			  const re_dfastate_t *state, int idx)
        -: 1221:{
        -: 1222:  int i;
        -: 1223:  unsigned int context;
        -: 1224:#ifdef DEBUG
        -: 1225:  assert (state->halt);
        -: 1226:#endif
       12: 1227:  context = re_string_context_at (&mctx->input, idx, mctx->eflags);
       24: 1228:  for (i = 0; i < state->nodes.nelem; ++i)
branch  0 taken 24
branch  1 taken 0 (fallthrough)
       24: 1229:    if (check_halt_node_context (mctx->dfa, state->nodes.elems[i], context))
call    0 returned 24
branch  1 taken 12 (fallthrough)
branch  2 taken 12
       12: 1230:      return state->nodes.elems[i];
    #####: 1231:  return 0;
        -: 1232:}
        -: 1233:
        -: 1234:/* Compute the next node to which "NFA" transit from NODE("NFA" is a NFA
        -: 1235:   corresponding to the DFA).
        -: 1236:   Return the destination node, and update EPS_VIA_NODES, return -1 in case
        -: 1237:   of errors.  */
        -: 1238:
        -: 1239:static int
        -: 1240:internal_function
function proceed_next_node called 72 returned 100% blocks executed 43%
       72: 1241:proceed_next_node (const re_match_context_t *mctx, int nregs, regmatch_t *regs,
        -: 1242:		   int *pidx, int node, re_node_set *eps_via_nodes,
        -: 1243:		   struct re_fail_stack_t *fs)
        -: 1244:{
       72: 1245:  const re_dfa_t *const dfa = mctx->dfa;
        -: 1246:  int i, err;
       72: 1247:  if (IS_EPSILON_NODE (dfa->nodes[node].type))
branch  0 taken 36 (fallthrough)
branch  1 taken 36
        -: 1248:    {
       36: 1249:      re_node_set *cur_nodes = &mctx->state_log[*pidx]->nodes;
       36: 1250:      re_node_set *edests = &dfa->edests[node];
        -: 1251:      int dest_node;
       36: 1252:      err = re_node_set_insert (eps_via_nodes, node);
call    0 returned 36
       36: 1253:      if (BE (err < 0, 0))
branch  0 taken 0 (fallthrough)
branch  1 taken 36
    #####: 1254:	return -2;
        -: 1255:      /* Pick up a valid destination, or return -1 if none is found.  */
       84: 1256:      for (dest_node = -1, i = 0; i < edests->nelem; ++i)
branch  0 taken 48
branch  1 taken 36 (fallthrough)
        -: 1257:	{
       48: 1258:	  int candidate = edests->elems[i];
       48: 1259:	  if (!re_node_set_contains (cur_nodes, candidate))
branch  0 taken 12 (fallthrough)
branch  1 taken 36
       12: 1260:	    continue;
       36: 1261:          if (dest_node == -1)
branch  0 taken 36 (fallthrough)
branch  1 taken 0
       36: 1262:	    dest_node = candidate;
        -: 1263:
        -: 1264:          else
        -: 1265:	    {
        -: 1266:	      /* In order to avoid infinite loop like "(a*)*", return the second
        -: 1267:	         epsilon-transition if the first was already considered.  */
    #####: 1268:	      if (re_node_set_contains (eps_via_nodes, dest_node))
branch  0 never executed
branch  1 never executed
    #####: 1269:	        return candidate;
        -: 1270:
        -: 1271:	      /* Otherwise, push the second epsilon-transition on the fail stack.  */
    #####: 1272:	      else if (fs != NULL
branch  0 never executed
branch  1 never executed
    #####: 1273:		       && push_fail_stack (fs, *pidx, candidate, nregs, regs,
call    0 never executed
branch  1 never executed
branch  2 never executed
        -: 1274:				           eps_via_nodes))
    #####: 1275:		return -2;
        -: 1276:
        -: 1277:	      /* We know we are going to exit.  */
    #####: 1278:	      break;
        -: 1279:	    }
        -: 1280:	}
       36: 1281:      return dest_node;
        -: 1282:    }
        -: 1283:  else
        -: 1284:    {
       36: 1285:      int naccepted = 0;
       36: 1286:      re_token_type_t type = dfa->nodes[node].type;
        -: 1287:
        -: 1288:#ifdef RE_ENABLE_I18N
        -: 1289:      if (dfa->nodes[node].accept_mb)
        -: 1290:	naccepted = check_node_accept_bytes (dfa, node, &mctx->input, *pidx);
        -: 1291:      else
        -: 1292:#endif /* RE_ENABLE_I18N */
       36: 1293:      if (type == OP_BACK_REF)
branch  0 taken 0 (fallthrough)
branch  1 taken 36
        -: 1294:	{
    #####: 1295:	  int subexp_idx = dfa->nodes[node].opr.idx + 1;
    #####: 1296:	  naccepted = regs[subexp_idx].rm_eo - regs[subexp_idx].rm_so;
    #####: 1297:	  if (fs != NULL)
branch  0 never executed
branch  1 never executed
        -: 1298:	    {
    #####: 1299:	      if (regs[subexp_idx].rm_so == -1 || regs[subexp_idx].rm_eo == -1)
branch  0 never executed
branch  1 never executed
branch  2 never executed
branch  3 never executed
    #####: 1300:		return -1;
    #####: 1301:	      else if (naccepted)
branch  0 never executed
branch  1 never executed
        -: 1302:		{
    #####: 1303:		  char *buf = (char *) re_string_get_buffer (&mctx->input);
    #####: 1304:		  if (memcmp (buf + regs[subexp_idx].rm_so, buf + *pidx,
branch  0 never executed
branch  1 never executed
        -: 1305:			      naccepted) != 0)
    #####: 1306:		    return -1;
        -: 1307:		}
        -: 1308:	    }
        -: 1309:
    #####: 1310:	  if (naccepted == 0)
branch  0 never executed
branch  1 never executed
        -: 1311:	    {
        -: 1312:	      int dest_node;
    #####: 1313:	      err = re_node_set_insert (eps_via_nodes, node);
call    0 never executed
    #####: 1314:	      if (BE (err < 0, 0))
branch  0 never executed
branch  1 never executed
    #####: 1315:		return -2;
    #####: 1316:	      dest_node = dfa->edests[node].elems[0];
    #####: 1317:	      if (re_node_set_contains (&mctx->state_log[*pidx]->nodes,
branch  0 never executed
branch  1 never executed
        -: 1318:					dest_node))
    #####: 1319:		return dest_node;
        -: 1320:	    }
        -: 1321:	}
        -: 1322:
       36: 1323:      if (naccepted != 0
branch  0 taken 36 (fallthrough)
branch  1 taken 0
       36: 1324:	  || check_node_accept (mctx, dfa->nodes + node, *pidx))
call    0 returned 36
branch  1 taken 36 (fallthrough)
branch  2 taken 0
        -: 1325:	{
       36: 1326:	  int dest_node = dfa->nexts[node];
      36*: 1327:	  *pidx = (naccepted == 0) ? *pidx + 1 : *pidx + naccepted;
branch  0 taken 36 (fallthrough)
branch  1 taken 0
      36*: 1328:	  if (fs && (*pidx > mctx->match_last || mctx->state_log[*pidx] == NULL
branch  0 taken 0 (fallthrough)
branch  1 taken 36
branch  2 never executed
branch  3 never executed
branch  4 never executed
branch  5 never executed
    #####: 1329:		     || !re_node_set_contains (&mctx->state_log[*pidx]->nodes,
branch  0 never executed
branch  1 never executed
        -: 1330:					       dest_node)))
    #####: 1331:	    return -1;
       36: 1332:	  re_node_set_empty (eps_via_nodes);
       36: 1333:	  return dest_node;
        -: 1334:	}
        -: 1335:    }
    #####: 1336:  return -1;
        -: 1337:}
        -: 1338:
        -: 1339:static reg_errcode_t
        -: 1340:internal_function
function push_fail_stack called 0 returned 0% blocks executed 0%
    #####: 1341:push_fail_stack (struct re_fail_stack_t *fs, int str_idx, int dest_node,
        -: 1342:		 int nregs, regmatch_t *regs, re_node_set *eps_via_nodes)
        -: 1343:{
        -: 1344:  reg_errcode_t err;
    #####: 1345:  int num = fs->num++;
    #####: 1346:  if (fs->num == fs->alloc)
branch  0 never executed
branch  1 never executed
        -: 1347:    {
        -: 1348:      struct re_fail_stack_ent_t *new_array;
    #####: 1349:      new_array = realloc (fs->stack, (sizeof (struct re_fail_stack_ent_t)
    #####: 1350:				       * fs->alloc * 2));
    #####: 1351:      if (new_array == NULL)
branch  0 never executed
branch  1 never executed
    #####: 1352:	return REG_ESPACE;
    #####: 1353:      fs->alloc *= 2;
    #####: 1354:      fs->stack = new_array;
        -: 1355:    }
    #####: 1356:  fs->stack[num].idx = str_idx;
    #####: 1357:  fs->stack[num].node = dest_node;
    #####: 1358:  fs->stack[num].regs = re_malloc (regmatch_t, nregs);
    #####: 1359:  if (fs->stack[num].regs == NULL)
branch  0 never executed
branch  1 never executed
    #####: 1360:    return REG_ESPACE;
    #####: 1361:  memcpy (fs->stack[num].regs, regs, sizeof (regmatch_t) * nregs);
    #####: 1362:  err = re_node_set_init_copy (&fs->stack[num].eps_via_nodes, eps_via_nodes);
call    0 never executed
    #####: 1363:  return err;
        -: 1364:}
        -: 1365:
        -: 1366:static int
        -: 1367:internal_function
function pop_fail_stack called 0 returned 0% blocks executed 0%
    #####: 1368:pop_fail_stack (struct re_fail_stack_t *fs, int *pidx, int nregs,
        -: 1369:		regmatch_t *regs, re_node_set *eps_via_nodes)
        -: 1370:{
    #####: 1371:  int num = --fs->num;
    #####: 1372:  assert (num >= 0);
branch  0 never executed
branch  1 never executed
call    2 never executed
    #####: 1373:  *pidx = fs->stack[num].idx;
    #####: 1374:  memcpy (regs, fs->stack[num].regs, sizeof (regmatch_t) * nregs);
    #####: 1375:  re_node_set_free (eps_via_nodes);
    #####: 1376:  re_free (fs->stack[num].regs);
    #####: 1377:  *eps_via_nodes = fs->stack[num].eps_via_nodes;
    #####: 1378:  return fs->stack[num].node;
        -: 1379:}
        -: 1380:
        -: 1381:/* Set the positions where the subexpressions are starts/ends to registers
        -: 1382:   PMATCH.
        -: 1383:   Note: We assume that pmatch[0] is already set, and
        -: 1384:   pmatch[i].rm_so == pmatch[i].rm_eo == -1 for 0 < i < nmatch.  */
        -: 1385:
        -: 1386:static reg_errcode_t
        -: 1387:internal_function
function set_regs called 12 returned 100% blocks executed 33%
       12: 1388:set_regs (const regex_t *preg, const re_match_context_t *mctx, size_t nmatch,
        -: 1389:	  regmatch_t *pmatch, int fl_backtrack)
        -: 1390:{
       12: 1391:  const re_dfa_t *dfa = (const re_dfa_t *) preg->buffer;
        -: 1392:  int idx, cur_node;
        -: 1393:  re_node_set eps_via_nodes;
        -: 1394:  struct re_fail_stack_t *fs;
       12: 1395:  struct re_fail_stack_t fs_body = { 0, 2, NULL };
        -: 1396:  regmatch_t *prev_idx_match;
       12: 1397:  int prev_idx_match_malloced = 0;
        -: 1398:
        -: 1399:#ifdef DEBUG
        -: 1400:  assert (nmatch > 1);
        -: 1401:  assert (mctx->state_log != NULL);
        -: 1402:#endif
       12: 1403:  if (fl_backtrack)
branch  0 taken 0 (fallthrough)
branch  1 taken 12
        -: 1404:    {
    #####: 1405:      fs = &fs_body;
    #####: 1406:      fs->stack = re_malloc (struct re_fail_stack_ent_t, fs->alloc);
    #####: 1407:      if (fs->stack == NULL)
branch  0 never executed
branch  1 never executed
    #####: 1408:	return REG_ESPACE;
        -: 1409:    }
        -: 1410:  else
       12: 1411:    fs = NULL;
        -: 1412:
       12: 1413:  cur_node = dfa->init_node;
       12: 1414:  re_node_set_init_empty (&eps_via_nodes);
        -: 1415:
[...]
        -: 3939:	}
        -: 3940:    }
        -: 3941:  return 0;
        -: 3942:}
        -: 3943:
        -: 3944:# ifdef _LIBC
        -: 3945:static unsigned int
        -: 3946:internal_function
        -: 3947:find_collation_sequence_value (const unsigned char *mbs, size_t mbs_len)
        -: 3948:{
        -: 3949:  uint32_t nrules = _NL_CURRENT_WORD (LC_COLLATE, _NL_COLLATE_NRULES);
        -: 3950:  if (nrules == 0)
        -: 3951:    {
        -: 3952:      if (mbs_len == 1)
        -: 3953:	{
        -: 3954:	  /* No valid character.  Match it as a single byte character.  */
        -: 3955:	  const unsigned char *collseq = (const unsigned char *)
        -: 3956:	    _NL_CURRENT (LC_COLLATE, _NL_COLLATE_COLLSEQMB);
        -: 3957:	  return collseq[mbs[0]];
        -: 3958:	}
        -: 3959:      return UINT_MAX;
        -: 3960:    }
        -: 3961:  else
        -: 3962:    {
        -: 3963:      int32_t idx;
        -: 3964:      const unsigned char *extra = (const unsigned char *)
        -: 3965:	_NL_CURRENT (LC_COLLATE, _NL_COLLATE_SYMB_EXTRAMB);
        -: 3966:      int32_t extrasize = (const unsigned char *)
        -: 3967:	_NL_CURRENT (LC_COLLATE, _NL_COLLATE_SYMB_EXTRAMB + 1) - extra;
        -: 3968:
        -: 3969:      for (idx = 0; idx < extrasize;)
        -: 3970:	{
        -: 3971:	  int mbs_cnt, found = 0;
        -: 3972:	  int32_t elem_mbs_len;
        -: 3973:	  /* Skip the name of collating element name.  */
        -: 3974:	  idx = idx + extra[idx] + 1;
        -: 3975:	  elem_mbs_len = extra[idx++];
        -: 3976:	  if (mbs_len == elem_mbs_len)
        -: 3977:	    {
        -: 3978:	      for (mbs_cnt = 0; mbs_cnt < elem_mbs_len; ++mbs_cnt)
        -: 3979:		if (extra[idx + mbs_cnt] != mbs[mbs_cnt])
        -: 3980:		  break;
        -: 3981:	      if (mbs_cnt == elem_mbs_len)
        -: 3982:		/* Found the entry.  */
        -: 3983:		found = 1;
        -: 3984:	    }
        -: 3985:	  /* Skip the byte sequence of the collating element.  */
        -: 3986:	  idx += elem_mbs_len;
        -: 3987:	  /* Adjust for the alignment.  */
        -: 3988:	  idx = (idx + 3) & ~3;
        -: 3989:	  /* Skip the collation sequence value.  */
        -: 3990:	  idx += sizeof (uint32_t);
        -: 3991:	  /* Skip the wide char sequence of the collating element.  */
        -: 3992:	  idx = idx + sizeof (uint32_t) * (extra[idx] + 1);
        -: 3993:	  /* If we found the entry, return the sequence value.  */
        -: 3994:	  if (found)
        -: 3995:	    return *(uint32_t *) (extra + idx);
        -: 3996:	  /* Skip the collation sequence value.  */
        -: 3997:	  idx += sizeof (uint32_t);
        -: 3998:	}
        -: 3999:      return UINT_MAX;
        -: 4000:    }
        -: 4001:}
        -: 4002:# endif /* _LIBC */
        -: 4003:#endif /* RE_ENABLE_I18N */
        -: 4004:
        -: 4005:/* Check whether the node accepts the byte which is IDX-th
        -: 4006:   byte of the INPUT.  */
        -: 4007:
        -: 4008:static int
        -: 4009:internal_function
function check_node_accept called 84 returned 100% blocks executed 35%
       84: 4010:check_node_accept (const re_match_context_t *mctx, const re_token_t *node,
        -: 4011:		   int idx)
        -: 4012:{
        -: 4013:  unsigned char ch;
       84: 4014:  ch = re_string_byte_at (&mctx->input, idx);
       84: 4015:  switch (node->type)
branch  0 taken 48
branch  1 taken 36
branch  2 taken 0
branch  3 taken 0
        -: 4016:    {
       48: 4017:    case CHARACTER:
       48: 4018:      if (node->opr.c != ch)
branch  0 taken 0 (fallthrough)
branch  1 taken 48
    #####: 4019:        return 0;
       48: 4020:      break;
        -: 4021:
       36: 4022:    case SIMPLE_BRACKET:
       36: 4023:      if (!bitset_contain (node->opr.sbcset, ch))
branch  0 taken 12 (fallthrough)
branch  1 taken 24
       12: 4024:        return 0;
       24: 4025:      break;
        -: 4026:
        -: 4027:#ifdef RE_ENABLE_I18N
        -: 4028:    case OP_UTF8_PERIOD:
        -: 4029:      if (ch >= 0x80)
        -: 4030:        return 0;
        -: 4031:      /* FALLTHROUGH */
        -: 4032:#endif
    #####: 4033:    case OP_PERIOD:
    #####: 4034:      if ((ch == '\n' && !(mctx->dfa->syntax & RE_DOT_NEWLINE))
branch  0 never executed
branch  1 never executed
branch  2 never executed
branch  3 never executed
    #####: 4035:	  || (ch == '\0' && (mctx->dfa->syntax & RE_DOT_NOT_NULL)))
branch  0 never executed
branch  1 never executed
branch  2 never executed
branch  3 never executed
    #####: 4036:	return 0;
    #####: 4037:      break;
        -: 4038:
    #####: 4039:    default:
    #####: 4040:      return 0;
        -: 4041:    }
        -: 4042:
       72: 4043:  if (node->constraint)
branch  0 taken 0 (fallthrough)
branch  1 taken 72
        -: 4044:    {
        -: 4045:      /* The node has constraints.  Check whether the current context
        -: 4046:	 satisfies the constraints.  */
    #####: 4047:      unsigned int context = re_string_context_at (&mctx->input, idx,
    #####: 4048:						   mctx->eflags);
    #####: 4049:      if (NOT_SATISFY_NEXT_CONSTRAINT (node->constraint, context))
branch  0 never executed
branch  1 never executed
branch  2 never executed
branch  3 never executed
branch  4 never executed
branch  5 never executed
branch  6 never executed
branch  7 never executed
branch  8 never executed
branch  9 never executed
branch 10 never executed
branch 11 never executed
branch 12 never executed
branch 13 never executed
branch 14 never executed
branch 15 never executed
    #####: 4050:	return 0;
        -: 4051:    }
        -: 4052:
       72: 4053:  return 1;
        -: 4054:}
        -: 4055:
        -: 4056:/* Extend the buffers, if the buffers have run out.  */
        -: 4057:
        -: 4058:static reg_errcode_t
        -: 4059:internal_function
function extend_buffers called 0 returned 0% blocks executed 0%
    #####: 4060:extend_buffers (re_match_context_t *mctx)
        -: 4061:{
        -: 4062:  reg_errcode_t ret;
    #####: 4063:  re_string_t *pstr = &mctx->input;
        -: 4064:
        -: 4065:  /* Double the lengthes of the buffers.  */
    #####: 4066:  ret = re_string_realloc_buffers (pstr, pstr->bufs_len * 2);
call    0 never executed
    #####: 4067:  if (BE (ret != REG_NOERROR, 0))
branch  0 never executed
branch  1 never executed
    #####: 4068:    return ret;
        -: 4069:
    #####: 4070:  if (mctx->state_log != NULL)
branch  0 never executed
branch  1 never executed
        -: 4071:    {
        -: 4072:      /* And double the length of state_log.  */
        -: 4073:      /* XXX We have no indication of the size of this buffer.  If this
        -: 4074:	 allocation fail we have no indication that the state_log array
        -: 4075:	 does not have the right size.  */
    #####: 4076:      re_dfastate_t **new_array = re_realloc (mctx->state_log, re_dfastate_t *,
        -: 4077:					      pstr->bufs_len + 1);
    #####: 4078:      if (BE (new_array == NULL, 0))
branch  0 never executed
branch  1 never executed
    #####: 4079:	return REG_ESPACE;
    #####: 4080:      mctx->state_log = new_array;
        -: 4081:    }
        -: 4082:
        -: 4083:  /* Then reconstruct the buffers.  */
    #####: 4084:  if (pstr->icase)
branch  0 never executed
branch  1 never executed
        -: 4085:    {
        -: 4086:#ifdef RE_ENABLE_I18N
        -: 4087:      if (pstr->mb_cur_max > 1)
        -: 4088:	{
        -: 4089:	  ret = build_wcs_upper_buffer (pstr);
        -: 4090:	  if (BE (ret != REG_NOERROR, 0))
        -: 4091:	    return ret;
        -: 4092:	}
        -: 4093:      else
        -: 4094:#endif /* RE_ENABLE_I18N  */
    #####: 4095:	build_upper_buffer (pstr);
call    0 never executed
        -: 4096:    }
        -: 4097:  else
        -: 4098:    {
        -: 4099:#ifdef RE_ENABLE_I18N
        -: 4100:      if (pstr->mb_cur_max > 1)
        -: 4101:	build_wcs_buffer (pstr);
        -: 4102:      else
        -: 4103:#endif /* RE_ENABLE_I18N  */
        -: 4104:	{
    #####: 4105:	  if (pstr->trans != NULL)
branch  0 never executed
branch  1 never executed
    #####: 4106:	    re_string_translate_buffer (pstr);
call    0 never executed
        -: 4107:	}
        -: 4108:    }
    #####: 4109:  return REG_NOERROR;
        -: 4110:}
        -: 4111:
        -: 4112:
        -: 4113:/* Functions for matching context.  */
        -: 4114:
        -: 4115:/* Initialize MCTX.  */
        -: 4116:
        -: 4117:static reg_errcode_t
        -: 4118:internal_function
function match_ctx_init called 126 returned 100% blocks executed 50%
      126: 4119:match_ctx_init (re_match_context_t *mctx, int eflags, int n)
        -: 4120:{
      126: 4121:  mctx->eflags = eflags;
      126: 4122:  mctx->match_last = -1;
      126: 4123:  if (n > 0)
branch  0 taken 0 (fallthrough)
branch  1 taken 126
        -: 4124:    {
    #####: 4125:      mctx->bkref_ents = re_malloc (struct re_backref_cache_entry, n);
    #####: 4126:      mctx->sub_tops = re_malloc (re_sub_match_top_t *, n);
    #####: 4127:      if (BE (mctx->bkref_ents == NULL || mctx->sub_tops == NULL, 0))
branch  0 never executed
branch  1 never executed
branch  2 never executed
branch  3 never executed
    #####: 4128:	return REG_ESPACE;
        -: 4129:    }
        -: 4130:  /* Already zero-ed by the caller.
        -: 4131:     else
        -: 4132:       mctx->bkref_ents = NULL;
        -: 4133:     mctx->nbkref_ents = 0;
        -: 4134:     mctx->nsub_tops = 0;  */
      126: 4135:  mctx->abkref_ents = n;
      126: 4136:  mctx->max_mb_elem_len = 1;
      126: 4137:  mctx->asub_tops = n;
      126: 4138:  return REG_NOERROR;
        -: 4139:}
        -: 4140:
        -: 4141:/* Clean the entries which depend on the current input in MCTX.
        -: 4142:   This function must be invoked when the matcher changes the start index
        -: 4143:   of the input, or changes the input string.  */
        -: 4144:
        -: 4145:static void
        -: 4146:internal_function
function match_ctx_clean called 122 returned 100% blocks executed 33%
      122: 4147:match_ctx_clean (re_match_context_t *mctx)
        -: 4148:{
        -: 4149:  int st_idx;
     122*: 4150:  for (st_idx = 0; st_idx < mctx->nsub_tops; ++st_idx)
branch  0 taken 0
branch  1 taken 122 (fallthrough)
        -: 4151:    {
        -: 4152:      int sl_idx;
    #####: 4153:      re_sub_match_top_t *top = mctx->sub_tops[st_idx];
    #####: 4154:      for (sl_idx = 0; sl_idx < top->nlasts; ++sl_idx)
branch  0 never executed
branch  1 never executed
        -: 4155:	{
    #####: 4156:	  re_sub_match_last_t *last = top->lasts[sl_idx];
    #####: 4157:	  re_free (last->path.array);
    #####: 4158:	  re_free (last);
        -: 4159:	}
    #####: 4160:      re_free (top->lasts);
    #####: 4161:      if (top->path)
branch  0 never executed
branch  1 never executed
        -: 4162:	{
    #####: 4163:	  re_free (top->path->array);
    #####: 4164:	  re_free (top->path);
        -: 4165:	}
    #####: 4166:      free (top);
        -: 4167:    }
        -: 4168:
      122: 4169:  mctx->nsub_tops = 0;
      122: 4170:  mctx->nbkref_ents = 0;
      122: 4171:}
        -: 4172:
        -: 4173:/* Free all the memory associated with MCTX.  */
        -: 4174:
        -: 4175:static void
        -: 4176:internal_function
function match_ctx_free called 0 returned 0% blocks executed 0%
    #####: 4177:match_ctx_free (re_match_context_t *mctx)
        -: 4178:{
        -: 4179:  /* First, free all the memory associated with MCTX->SUB_TOPS.  */
    #####: 4180:  match_ctx_clean (mctx);
call    0 never executed
    #####: 4181:  re_free (mctx->sub_tops);
    #####: 4182:  re_free (mctx->bkref_ents);
    #####: 4183:}
        -: 4184:
        -: 4185:/* Add a new backreference entry to MCTX.
        -: 4186:   Note that we assume that caller never call this function with duplicate
        -: 4187:   entry, and call with STR_IDX which isn't smaller than any existing entry.
        -: 4188:*/
        -: 4189:
        -: 4190:static reg_errcode_t
        -: 4191:internal_function
function match_ctx_add_entry called 0 returned 0% blocks executed 0%
    #####: 4192:match_ctx_add_entry (re_match_context_t *mctx, int node, int str_idx, int from,
        -: 4193:		     int to)
        -: 4194:{
    #####: 4195:  if (mctx->nbkref_ents >= mctx->abkref_ents)
branch  0 never executed
branch  1 never executed
        -: 4196:    {
        -: 4197:      struct re_backref_cache_entry* new_entry;
    #####: 4198:      new_entry = re_realloc (mctx->bkref_ents, struct re_backref_cache_entry,
        -: 4199:			      mctx->abkref_ents * 2);
    #####: 4200:      if (BE (new_entry == NULL, 0))
branch  0 never executed
branch  1 never executed
        -: 4201:	{
    #####: 4202:	  re_free (mctx->bkref_ents);
    #####: 4203:	  return REG_ESPACE;
        -: 4204:	}
    #####: 4205:      mctx->bkref_ents = new_entry;
    #####: 4206:      memset (mctx->bkref_ents + mctx->nbkref_ents, '\0',
    #####: 4207:	      sizeof (struct re_backref_cache_entry) * mctx->abkref_ents);
    #####: 4208:      mctx->abkref_ents *= 2;
        -: 4209:    }
    #####: 4210:  if (mctx->nbkref_ents > 0
branch  0 never executed
branch  1 never executed
    #####: 4211:      && mctx->bkref_ents[mctx->nbkref_ents - 1].str_idx == str_idx)
branch  0 never executed
branch  1 never executed
    #####: 4212:    mctx->bkref_ents[mctx->nbkref_ents - 1].more = 1;
        -: 4213:
    #####: 4214:  mctx->bkref_ents[mctx->nbkref_ents].node = node;
    #####: 4215:  mctx->bkref_ents[mctx->nbkref_ents].str_idx = str_idx;
    #####: 4216:  mctx->bkref_ents[mctx->nbkref_ents].subexp_from = from;
    #####: 4217:  mctx->bkref_ents[mctx->nbkref_ents].subexp_to = to;
        -: 4218:
        -: 4219:  /* This is a cache that saves negative results of check_dst_limits_calc_pos.
        -: 4220:     If bit N is clear, means that this entry won't epsilon-transition to
        -: 4221:     an OP_OPEN_SUBEXP or OP_CLOSE_SUBEXP for the N+1-th subexpression.  If
        -: 4222:     it is set, check_dst_limits_calc_pos_1 will recurse and try to find one
        -: 4223:     such node.
        -: 4224:
        -: 4225:     A backreference does not epsilon-transition unless it is empty, so set
        -: 4226:     to all zeros if FROM != TO.  */
    #####: 4227:  mctx->bkref_ents[mctx->nbkref_ents].eps_reachable_subexps_map
    #####: 4228:    = (from == to ? ~0 : 0);
branch  0 never executed
branch  1 never executed
        -: 4229:
    #####: 4230:  mctx->bkref_ents[mctx->nbkref_ents++].more = 0;
    #####: 4231:  if (mctx->max_mb_elem_len < to - from)
branch  0 never executed
branch  1 never executed
    #####: 4232:    mctx->max_mb_elem_len = to - from;
    #####: 4233:  return REG_NOERROR;
        -: 4234:}
        -: 4235:
        -: 4236:/* Search for the first entry which has the same str_idx, or -1 if none is
        -: 4237:   found.  Note that MCTX->BKREF_ENTS is already sorted by MCTX->STR_IDX.  */
        -: 4238:
        -: 4239:static int
        -: 4240:internal_function
function search_cur_bkref_entry called 0 returned 0% blocks executed 0%
    #####: 4241:search_cur_bkref_entry (const re_match_context_t *mctx, int str_idx)
        -: 4242:{
        -: 4243:  int left, right, mid, last;
    #####: 4244:  last = right = mctx->nbkref_ents;
    #####: 4245:  for (left = 0; left < right;)
branch  0 never executed
branch  1 never executed
        -: 4246:    {
    #####: 4247:      mid = (left + right) / 2;
    #####: 4248:      if (mctx->bkref_ents[mid].str_idx < str_idx)
branch  0 never executed
branch  1 never executed
    #####: 4249:	left = mid + 1;
        -: 4250:      else
    #####: 4251:	right = mid;
        -: 4252:    }
    #####: 4253:  if (left < last && mctx->bkref_ents[left].str_idx == str_idx)
branch  0 never executed
branch  1 never executed
branch  2 never executed
branch  3 never executed
    #####: 4254:    return left;
        -: 4255:  else
    #####: 4256:    return -1;
        -: 4257:}
        -: 4258:
        -: 4259:/* Register the node NODE, whose type is OP_OPEN_SUBEXP, and which matches
        -: 4260:   at STR_IDX.  */
        -: 4261:
        -: 4262:static reg_errcode_t
        -: 4263:internal_function
function match_ctx_add_subtop called 0 returned 0% blocks executed 0%
    #####: 4264:match_ctx_add_subtop (re_match_context_t *mctx, int node, int str_idx)
        -: 4265:{
        -: 4266:#ifdef DEBUG
        -: 4267:  assert (mctx->sub_tops != NULL);
        -: 4268:  assert (mctx->asub_tops > 0);
        -: 4269:#endif
    #####: 4270:  if (BE (mctx->nsub_tops == mctx->asub_tops, 0))
branch  0 never executed
branch  1 never executed
        -: 4271:    {
    #####: 4272:      int new_asub_tops = mctx->asub_tops * 2;
    #####: 4273:      re_sub_match_top_t **new_array = re_realloc (mctx->sub_tops,
        -: 4274:						   re_sub_match_top_t *,
        -: 4275:						   new_asub_tops);
    #####: 4276:      if (BE (new_array == NULL, 0))
branch  0 never executed
branch  1 never executed
    #####: 4277:	return REG_ESPACE;
    #####: 4278:      mctx->sub_tops = new_array;
    #####: 4279:      mctx->asub_tops = new_asub_tops;
        -: 4280:    }
    #####: 4281:  mctx->sub_tops[mctx->nsub_tops] = calloc (1, sizeof (re_sub_match_top_t));
    #####: 4282:  if (BE (mctx->sub_tops[mctx->nsub_tops] == NULL, 0))
branch  0 never executed
branch  1 never executed
    #####: 4283:    return REG_ESPACE;
    #####: 4284:  mctx->sub_tops[mctx->nsub_tops]->node = node;
    #####: 4285:  mctx->sub_tops[mctx->nsub_tops++]->str_idx = str_idx;
    #####: 4286:  return REG_NOERROR;
        -: 4287:}
        -: 4288:
        -: 4289:/* Register the node NODE, whose type is OP_CLOSE_SUBEXP, and which matches
        -: 4290:   at STR_IDX, whose corresponding OP_OPEN_SUBEXP is SUB_TOP.  */
        -: 4291:
        -: 4292:static re_sub_match_last_t *
        -: 4293:internal_function
function match_ctx_add_sublast called 0 returned 0% blocks executed 0%
    #####: 4294:match_ctx_add_sublast (re_sub_match_top_t *subtop, int node, int str_idx)
        -: 4295:{
        -: 4296:  re_sub_match_last_t *new_entry;
    #####: 4297:  if (BE (subtop->nlasts == subtop->alasts, 0))
branch  0 never executed
branch  1 never executed
        -: 4298:    {
    #####: 4299:      int new_alasts = 2 * subtop->alasts + 1;
    #####: 4300:      re_sub_match_last_t **new_array = re_realloc (subtop->lasts,
        -: 4301:						    re_sub_match_last_t *,
        -: 4302:						    new_alasts);
    #####: 4303:      if (BE (new_array == NULL, 0))
branch  0 never executed
branch  1 never executed
    #####: 4304:	return NULL;
    #####: 4305:      subtop->lasts = new_array;
    #####: 4306:      subtop->alasts = new_alasts;
        -: 4307:    }
    #####: 4308:  new_entry = calloc (1, sizeof (re_sub_match_last_t));
    #####: 4309:  if (BE (new_entry != NULL, 1))
branch  0 never executed
branch  1 never executed
        -: 4310:    {
    #####: 4311:      subtop->lasts[subtop->nlasts] = new_entry;
    #####: 4312:      new_entry->node = node;
    #####: 4313:      new_entry->str_idx = str_idx;
    #####: 4314:      ++subtop->nlasts;
        -: 4315:    }
    #####: 4316:  return new_entry;
        -: 4317:}
        -: 4318:
        -: 4319:static void
        -: 4320:internal_function
function sift_ctx_init called 12 returned 100% blocks executed 100%
       12: 4321:sift_ctx_init (re_sift_context_t *sctx, re_dfastate_t **sifted_sts,
        -: 4322:	       re_dfastate_t **limited_sts, int last_node, int last_str_idx)
        -: 4323:{
       12: 4324:  sctx->sifted_states = sifted_sts;
       12: 4325:  sctx->limited_states = limited_sts;
       12: 4326:  sctx->last_node = last_node;
       12: 4327:  sctx->last_str_idx = last_str_idx;
       12: 4328:  re_node_set_init_empty (&sctx->limits);
       12: 4329:}
