        -:    0:Source:sed.c
        -:    0:Graph:sed.gcno
        -:    0:Data:sed.gcda
        -:    0:Runs:1
        -:    1:#define COPYRIGHT_NOTICE "Copyright (C) 2003 Free Software Foundation, Inc."
        -:    2:#define BUG_ADDRESS "bonzini@gnu.org"
        -:    3:
        -:    4:/*  GNU SED, a batch stream editor.
        -:    5:    Copyright (C) 1989,90,91,92,93,94,95,98,99,2002,2003
        -:    6:    Free Software Foundation, Inc.
        -:    7:
        -:    8:    This program is free software; you can redistribute it and/or modify
        -:    9:    it under the terms of the GNU General Public License as published by
        -:   10:    the Free Software Foundation; either version 2, or (at your option)
        -:   11:    any later version.
        -:   12:
        -:   13:    This program is distributed in the hope that it will be useful,
        -:   14:    but WITHOUT ANY WARRANTY; without even the implied warranty of
        -:   15:    MERCHANTABILITY or FITNESS FOR A PARTICULAR PURPOSE.  See the
        -:   16:    GNU General Public License for more details.
        -:   17:
        -:   18:    You should have received a copy of the GNU General Public License
        -:   19:    along with this program; if not, write to the Free Software
        -:   20:    Foundation, 51 Franklin Street, Fifth Floor, Boston, MA 02110-1301, USA. */
        -:   21:
        -:   22:/* 
        -:   23:   Non-determinism fix for SIR July 2006
        -:   24:   by Kyle R. Murphy
        -:   25:*/
        -:   26:#undef stderr
        -:   27:#define stderr stdout
        -:   28:
        -:   29:#include "FaultSeeds.h"
        -:   30:#include "sed.h"
        -:   31:#include "config.h"
        -:   32:
        -:   33:#include <stdio.h>
        -:   34:#ifdef HAVE_STRINGS_H
        -:   35:# include <strings.h>
        -:   36:#else
        -:   37:# include <string.h>
        -:   38:#endif /*HAVE_STRINGS_H*/
        -:   39:#ifdef HAVE_MEMORY_H
        -:   40:# include <memory.h>
        -:   41:#endif
        -:   42:
        -:   43:#ifndef HAVE_STRCHR
        -:   44:# define strchr index
        -:   45:# define strrchr rindex
        -:   46:#endif
        -:   47:
        -:   48:#ifdef HAVE_STDLIB_H
        -:   49:# include <stdlib.h>
        -:   50:#endif
        -:   51:
        -:   52:#ifdef HAVE_SYS_TYPES_H
        -:   53:# include <sys/types.h>
        -:   54:#endif
        -:   55:#include "getopt.h"
        -:   56:
        -:   57:#ifndef BOOTSTRAP
        -:   58:#ifndef HAVE_STDLIB_H
        -:   59: extern char *getenv P_((const char *));
        -:   60:#endif
        -:   61:#endif
        -:   62:
        -:   63:#ifndef HAVE_STRTOUL
        -:   64:# define ATOI(x)	atoi(x)
        -:   65:#else
        -:   66:# define ATOI(x)	strtoul(x, NULL, 0)
        -:   67:#endif
        -:   68:
        -:   69:int extended_regexp_flags = 0;
        -:   70:
        -:   71:/* If set, fflush(stdout) on every line output. */
        -:   72:bool unbuffered_output = false;
        -:   73:
        -:   74:/* If set, don't write out the line unless explicitly told to */
        -:   75:bool no_default_output = false;
        -:   76:
        -:   77:/* If set, reset line counts on every new file. */
        -:   78:bool separate_files = false;
        -:   79:
        -:   80:/* How do we edit files in-place? (we don't if NULL) */
        -:   81:char *in_place_extension = NULL;
        -:   82:
        -:   83:/* Do we need to be pedantically POSIX compliant? */
        -:   84:enum posixicity_types posixicity;
        -:   85:
        -:   86:/* How long should the `l' command's output line be? */
        -:   87:countT lcmd_out_line_len = 70;
        -:   88:
        -:   89:/* The complete compiled SED program that we are going to run: */
        -:   90:static struct vector *the_program = NULL;
        -:   91:
        -:   92:static void usage P_((int));
        -:   93:static void
function usage called 0 returned 0% blocks executed 0%
    #####:   94:usage(status)
        -:   95:  int status;
        -:   96:{
    #####:   97:  FILE *out = status ? stderr : stdout;
        -:   98:
        -:   99:#ifdef REG_PERL
        -:  100:#define PERL_HELP _("  -R, --regexp-perl\n                 use Perl 5's regular expressions syntax in the script.\n")
        -:  101:#else
        -:  102:#define PERL_HELP ""
        -:  103:#endif
        -:  104:
    #####:  105:  fprintf(out, _("\
call    0 never executed
        -:  106:Usage: %s [OPTION]... {script-only-if-no-other-script} [input-file]...\n\
        -:  107:\n"), myname);
        -:  108:
    #####:  109:  fprintf(out, _("  -n, --quiet, --silent\n\
call    0 never executed
        -:  110:                 suppress automatic printing of pattern space\n"));
    #####:  111:  fprintf(out, _("  -e script, --expression=script\n\
call    0 never executed
        -:  112:                 add the script to the commands to be executed\n"));
    #####:  113:  fprintf(out, _("  -f script-file, --file=script-file\n\
call    0 never executed
        -:  114:                 add the contents of script-file to the commands to be executed\n"));
    #####:  115:  fprintf(out, _("  -i[SUFFIX], --in-place[=SUFFIX]\n\
call    0 never executed
        -:  116:                 edit files in place (makes backup if extension supplied)\n"));
    #####:  117:  fprintf(out, _("  -l N, --line-length=N\n\
call    0 never executed
        -:  118:                 specify the desired line-wrap length for the `l' command\n"));
    #####:  119:  fprintf(out, _("  --posix\n\
call    0 never executed
        -:  120:                 disable all GNU extensions.\n"));
    #####:  121:  fprintf(out, _("  -r, --regexp-extended\n\
call    0 never executed
        -:  122:                 use extended regular expressions in the script.\n"));
    #####:  123:  fprintf(out, PERL_HELP);
    #####:  124:  fprintf(out, _("  -s, --separate\n\
call    0 never executed
        -:  125:                 consider files as separate rather than as a single continuous\n\
        -:  126:                 long stream.\n"));
    #####:  127:  fprintf(out, _("  -u, --unbuffered\n\
call    0 never executed
        -:  128:                 load minimal amounts of data from the input files and flush\n\
        -:  129:                 the output buffers more often\n"));
    #####:  130:  fprintf(out, _("      --help     display this help and exit\n"));
call    0 never executed
    #####:  131:  fprintf(out, _("      --version  output version information and exit\n"));
call    0 never executed
    #####:  132:  fprintf(out, _("\n\
call    0 never executed
        -:  133:If no -e, --expression, -f, or --file option is given, then the first\n\
        -:  134:non-option argument is taken as the sed script to interpret.  All\n\
        -:  135:remaining arguments are names of input files; if no input files are\n\
        -:  136:specified, then the standard input is read.\n\
        -:  137:\n"));
    #####:  138:  fprintf(out, _("E-mail bug reports to: %s .\n\
call    0 never executed
        -:  139:Be sure to include the word ``%s'' somewhere in the ``Subject:'' field.\n"),
        -:  140:	  BUG_ADDRESS, PACKAGE);
        -:  141:
    #####:  142:  ck_fclose (NULL);
call    0 never executed
    #####:  143:  exit (status);
        -:  144:}
        -:  145:
        -:  146:int
function main called 1 returned 0% blocks executed 45%
        1:  147:main(argc, argv)
        -:  148:  int argc;
        -:  149:  char **argv;
        -:  150:{
        -:  151:#ifdef REG_PERL
        -:  152:#define SHORTOPTS "snrRue:f:l:i::V:"
        -:  153:#else
        -:  154:#define SHORTOPTS "snrue:f:l:i::V:"
        -:  155:#endif
        -:  156:
        -:  157:  static struct option longopts[] = {
        -:  158:    {"regexp-extended", 0, NULL, 'r'},
        -:  159:#ifdef REG_PERL
        -:  160:    {"regexp-perl", 0, NULL, 'R'},
        -:  161:#endif
        -:  162:    {"expression", 1, NULL, 'e'},
        -:  163:    {"file", 1, NULL, 'f'},
        -:  164:    {"in-place", 2, NULL, 'i'},
        -:  165:    {"line-length", 1, NULL, 'l'},
        -:  166:    {"quiet", 0, NULL, 'n'},
        -:  167:    {"posix", 0, NULL, 'p'},
        -:  168:    {"silent", 0, NULL, 'n'},
        -:  169:    {"separate", 0, NULL, 's'},
        -:  170:    {"unbuffered", 0, NULL, 'u'},
        -:  171:    {"version", 0, NULL, 'v'},
        -:  172:    {"help", 0, NULL, 'h'},
        -:  173:    {NULL, 0, NULL, 0}
        -:  174:  };
        -:  175:
        -:  176:  int opt;
        -:  177:  int return_code;
        1:  178:  const char *cols = getenv("COLS");
call    0 returned 1
        -:  179:
        -:  180:  initialize_main (&argc, &argv);
        -:  181:#if HAVE_SETLOCALE
        -:  182:  /* Set locale according to user's wishes.  */
        -:  183:  setlocale (LC_ALL, "");
        -:  184:#endif
        1:  185:  initialize_mbcs ();
call    0 returned 1
        -:  186:
        -:  187:#if ENABLE_NLS
        -:  188:
        -:  189:  /* Tell program which translations to use and where to find.  */
        -:  190:  bindtextdomain (PACKAGE, LOCALEDIR);
        -:  191:  textdomain (PACKAGE);
        -:  192:#endif
        -:  193:
        1:  194:  if (getenv("POSIXLY_CORRECT") != NULL)
call    0 returned 1
branch  1 taken 0 (fallthrough)
branch  2 taken 1
    #####:  195:    posixicity = POSIXLY_CORRECT;
        -:  196:  else
        1:  197:    posixicity = POSIXLY_EXTENDED;
        -:  198:
        -:  199:  /* If environment variable `COLS' is set, use its value for
        -:  200:     the baseline setting of `lcmd_out_line_len'.  The "-1"
        -:  201:     is to avoid gratuitous auto-line-wrap on ttys.
        -:  202:   */
        1:  203:  if (cols)
branch  0 taken 0 (fallthrough)
branch  1 taken 1
        -:  204:    {
    #####:  205:      countT t = ATOI(cols);
    #####:  206:      if (t > 1)
branch  0 never executed
branch  1 never executed
    #####:  207:	lcmd_out_line_len = t-1;
        -:  208:    }
        -:  209:
        -:  210:/*
        -:  211:  More non-determinism -- SIR July 2006
        -:  212:  by Kyle R. Murphy
        -:  213:  myname = *argv;
        -:  214:*/
        1:  215:  myname = "Executable";
        -:  216:
        6:  217:  while ((opt = getopt_long(argc, argv, SHORTOPTS, longopts, NULL)) != EOF)
call    0 returned 6
branch  1 taken 5
branch  2 taken 1 (fallthrough)
        -:  218:    {
        5:  219:      switch (opt)
branch  0 taken 0
branch  1 taken 1
branch  2 taken 0
branch  3 taken 0
branch  4 taken 1
branch  5 taken 0
branch  6 taken 1
branch  7 taken 1
branch  8 taken 1
branch  9 taken 0
branch 10 taken 0
branch 11 taken 0
        -:  220:	{
    #####:  221:	case 'n':
    #####:  222:	  no_default_output = true;
    #####:  223:	  break;
        1:  224:	case 'e':
        1:  225:	  the_program = compile_string(the_program, optarg, strlen(optarg));
call    0 returned 1
        1:  226:	  break;
    #####:  227:	case 'f':
    #####:  228:	  the_program = compile_file(the_program, optarg);
call    0 never executed
    #####:  229:	  break;
        -:  230:
    #####:  231:	case 'i':
    #####:  232:	  separate_files = true;
    #####:  233:	  if (optarg == NULL)
branch  0 never executed
branch  1 never executed
        -:  234:	    /* use no backups */
    #####:  235:	    in_place_extension = ck_strdup ("*");
call    0 never executed
        -:  236:
    #####:  237:	  else if (strchr(optarg, '*') != NULL)
branch  0 never executed
branch  1 never executed
    #####:  238:	    in_place_extension = ck_strdup(optarg);
call    0 never executed
        -:  239:
        -:  240:	  else
        -:  241:	    {
    #####:  242:	      in_place_extension = MALLOC (strlen(optarg) + 2, char);
call    0 never executed
    #####:  243:	      in_place_extension[0] = '*';
    #####:  244:	      strcpy (in_place_extension + 1, optarg);
        -:  245:	    }
        -:  246:
    #####:  247:	  break;
        -:  248:
        1:  249:	case 'l':
        1:  250:	  lcmd_out_line_len = ATOI(optarg);
        1:  251:	  break;
        -:  252:
    #####:  253:	case 'p':
    #####:  254:	  posixicity = POSIXLY_BASIC;
    #####:  255:	  break;
        -:  256:
        1:  257:	case 'r':
        1:  258:	  if (extended_regexp_flags)
branch  0 taken 0 (fallthrough)
branch  1 taken 1
    #####:  259:	    usage(4);
call    0 never executed
        1:  260:	  extended_regexp_flags = REG_EXTENDED;
        1:  261:	  break;
        -:  262:
        -:  263:#ifdef REG_PERL
        -:  264:	case 'R':
        -:  265:	  if (extended_regexp_flags)
        -:  266:	    usage(4);
        -:  267:	  extended_regexp_flags = REG_PERL;
        -:  268:	  break;
        -:  269:#endif
        -:  270:
        1:  271:	case 's':
        1:  272:	  separate_files = true;
        1:  273:	  break;
        -:  274:
        1:  275:	case 'u':
        1:  276:	  unbuffered_output = true;
        1:  277:	  break;
        -:  278:
    #####:  279:	case 'v':
        -:  280:#ifdef REG_PERL
        -:  281:	  fprintf(stdout, _("super-sed version %s\n"), VERSION);
        -:  282:	  fprintf(stdout, _("based on GNU sed version %s\n\n"), SED_FEATURE_VERSION);
        -:  283:#else
    #####:  284:	  fprintf(stdout, _("GNU sed version %s\n"), VERSION);
call    0 never executed
        -:  285:#endif
    #####:  286:	  fprintf(stdout, _("%s\n\
call    0 never executed
        -:  287:This is free software; see the source for copying conditions.  There is NO\n\
        -:  288:warranty; not even for MERCHANTABILITY or FITNESS FOR A PARTICULAR PURPOSE,\n\
        -:  289:to the extent permitted by law.\n\
        -:  290:"), COPYRIGHT_NOTICE);
    #####:  291:	  ck_fclose (NULL);
call    0 never executed
    #####:  292:	  exit (0);
call    0 never executed
    #####:  293:	case 'h':
    #####:  294:	  usage(0);
call    0 never executed
    #####:  295:	default:
    #####:  296:	  usage(4);
call    0 never executed
        -:  297:	}
        -:  298:    }
        -:  299:
        1:  300:  if (!the_program)
branch  0 taken 0 (fallthrough)
branch  1 taken 1
        -:  301:    {
    #####:  302:      if (optind < argc)
branch  0 never executed
branch  1 never executed
        -:  303:	{
    #####:  304:	  char *arg = argv[optind++];
    #####:  305:	  the_program = compile_string(the_program, arg, strlen(arg));
call    0 never executed
        -:  306:	}
        -:  307:      else
    #####:  308:	usage(4);
call    0 never executed
        -:  309:    }
        1:  310:  check_final_program(the_program);
call    0 returned 1
        -:  311:
        1:  312:  return_code = process_files(the_program, argv+optind);
call    0 returned 1
        -:  313:
        1:  314:  finish_program(the_program);
call    0 returned 1
        1:  315:  ck_fclose(NULL);
call    0 returned 0
        -:  316:
    #####:  317:  return return_code;
        -:  318:}
        -:  319:/*  GNU SED, a batch stream editor.
        -:  320:    Copyright (C) 1989,90,91,92,93,94,95,98,99,2002,2003,2004,2005,2006
        -:  321:    Free Software Foundation, Inc.
        -:  322:
        -:  323:    This program is free software; you can redistribute it and/or modify
        -:  324:    it under the terms of the GNU General Public License as published by
        -:  325:    the Free Software Foundation; either version 2, or (at your option)
        -:  326:    any later version.
        -:  327:
        -:  328:    This program is distributed in the hope that it will be useful,
        -:  329:    but WITHOUT ANY WARRANTY; without even the implied warranty of
        -:  330:    MERCHANTABILITY or FITNESS FOR A PARTICULAR PURPOSE.  See the
        -:  331:    GNU General Public License for more details.
        -:  332:
        -:  333:    You should have received a copy of the GNU General Public License
        -:  334:    along with this program; if not, write to the Free Software
        -:  335:    Foundation, 51 Franklin Street, Fifth Floor, Boston, MA 02110-1301, USA. */
        -:  336:
        -:  337:/* compile.c: translate sed source into internal form */
        -:  338:
        -:  339:#include <stdio.h>
        -:  340:#include <ctype.h>
        -:  341:
        -:  342:#ifdef HAVE_STRINGS_H
        -:  343:# include <strings.h>
        -:  344:# ifdef HAVE_MEMORY_H
        -:  345:#  include <memory.h>
        -:  346:# endif
        -:  347:#else
        -:  348:# include <string.h>
        -:  349:#endif /* HAVE_STRINGS_H */
        -:  350:
        -:  351:#ifdef HAVE_STDLIB_H
        -:  352:# include <stdlib.h>
        -:  353:#endif
        -:  354:#ifndef EXIT_FAILURE
        -:  355:# define EXIT_FAILURE 1
        -:  356:#endif
        -:  357:
        -:  358:#ifdef HAVE_SYS_TYPES_H
        -:  359:# include <sys/types.h>
        -:  360:#endif
        -:  361:
        -:  362:#include "obstack.h"
        -:  363:
        -:  364:
        -:  365:#define YMAP_LENGTH		256 /*XXX shouldn't this be (UCHAR_MAX+1)?*/
        -:  366:#define VECTOR_ALLOC_INCREMENT	40
        -:  367:
        -:  368:/* let's not confuse text editors that have only dumb bracket-matching... */
        -:  369:#define OPEN_BRACKET	'['
        -:  370:#define CLOSE_BRACKET	']'
        -:  371:#define OPEN_BRACE	'{'
        -:  372:#define CLOSE_BRACE	'}'
        -:  373:
        -:  374:struct prog_info {
        -:  375:  /* When we're reading a script command from a string, `prog.base'
        -:  376:     points to the first character in the string, 'prog.cur' points
        -:  377:     to the current character in the string, and 'prog.end' points
        -:  378:     to the end of the string.  This allows us to compile script
        -:  379:     strings that contain nulls. */
        -:  380:  const unsigned char *base;
        -:  381:  const unsigned char *cur;
        -:  382:  const unsigned char *end;
        -:  383:
        -:  384:  /* This is the current script file.  If it is NULL, we are reading
        -:  385:     from a string stored at `prog.cur' instead.  If both `prog.file'
        -:  386:     and `prog.cur' are NULL, we're in trouble! */
        -:  387:  FILE *file;
        -:  388:};
        -:  389:
        -:  390:/* Information used to give out useful and informative error messages. */
        -:  391:struct error_info {
        -:  392:  /* This is the name of the current script file. */
        -:  393:  const char *name;
        -:  394:
        -:  395:  /* This is the number of the current script line that we're compiling. */
        -:  396:  countT line;
        -:  397:
        -:  398:  /* This is the index of the "-e" expressions on the command line. */
        -:  399:  countT string_expr_count;
        -:  400:};
        -:  401:
        -:  402:
        -:  403:/* Label structure used to resolve GOTO's, labels, and block beginnings. */
        -:  404:struct sed_label {
        -:  405:  countT v_index;		/* index of vector element being referenced */
        -:  406:  char *name;			/* NUL-terminated name of the label */
        -:  407:  struct error_info err_info;	/* track where `{}' blocks start */
        -:  408:  struct sed_label *next;	/* linked list (stack) */
        -:  409:};
        -:  410:
        -:  411:struct special_files {
        -:  412:  struct output outf;
        -:  413:  FILE **pfp;
        -:  414:};
        -:  415:
        -:  416:FILE *my_stdin, *my_stdout, *my_stderr;
        -:  417:struct special_files special_files[] = {
        -:  418:  { { "/dev/stdin", false, NULL, NULL }, &my_stdin },
        -:  419:  { { "/dev/stdout", false, NULL, NULL }, &my_stdout },
        -:  420:  { { "/dev/stdout", false, NULL, NULL }, &my_stderr },
        -:  421:  { { NULL, false, NULL, NULL }, NULL }
        -:  422:};
        -:  423:
        -:  424:
        -:  425:/* Where we are in the processing of the input. */
        -:  426:static struct prog_info prog;
        -:  427:static struct error_info cur_input;
        -:  428:
        -:  429:/* Information about labels and jumps-to-labels.  This is used to do
        -:  430:   the required backpatching after we have compiled all the scripts. */
        -:  431:static struct sed_label *jumps = NULL;
        -:  432:static struct sed_label *labels = NULL;
        -:  433:
        -:  434:/* We wish to detect #n magic only in the first input argument;
        -:  435:   this flag tracks when we have consumed the first file of input. */
        -:  436:static bool first_script = true;
        -:  437:
        -:  438:/* Allow for scripts like "sed -e 'i\' -e foo": */
        -:  439:static struct buffer *pending_text = NULL;
        -:  440:static struct text_buf *old_text_buf = NULL;
        -:  441:
        -:  442:/* Information about block start positions.  This is used to backpatch
        -:  443:   block end positions. */
        -:  444:static struct sed_label *blocks = NULL;
        -:  445:
        -:  446:/* Use an obstack for compilation. */
        -:  447:static struct obstack obs;
        -:  448:
        -:  449:/* Various error messages we may want to print */
        -:  450:static const char errors[] =
        -:  451:  "multiple `!'s\0"
        -:  452:  "unexpected `,'\0"
        -:  453:  "invalid usage of +N or ~N as first address\0"
        -:  454:  "unmatched `{'\0"
        -:  455:  "unexpected `}'\0"
        -:  456:  "extra characters after command\0"
        -:  457:  "expected \\ after `a', `c' or `i'\0"
        -:  458:  "`}' doesn't want any addresses\0"
        -:  459:  ": doesn't want any addresses\0"
        -:  460:  "comments don't accept any addresses\0"
        -:  461:  "missing command\0"
        -:  462:  "command only uses one address\0"
        -:  463:  "unterminated address regex\0"
        -:  464:  "unterminated `s' command\0"
        -:  465:  "unterminated `y' command\0"
        -:  466:  "unknown option to `s'\0"
        -:  467:  "multiple `p' options to `s' command\0"
        -:  468:  "multiple `g' options to `s' command\0"
        -:  469:  "multiple number options to `s' command\0"
        -:  470:  "number option to `s' command may not be zero\0"
        -:  471:  "strings for `y' command are different lengths\0"
        -:  472:  "delimiter character is not a single-byte character\0"
        -:  473:  "expected newer version of sed\0"
        -:  474:  "invalid usage of line address 0\0"
        -:  475:  "unknown command: `%c'";
        -:  476:
        -:  477:#define BAD_BANG (errors)
        -:  478:#define BAD_COMMA (BAD_BANG + sizeof(N_("multiple `!'s")))
        -:  479:#define BAD_STEP (BAD_COMMA + sizeof(N_("unexpected `,'")))
        -:  480:#define EXCESS_OPEN_BRACE (BAD_STEP + sizeof(N_("invalid usage of +N or ~N as first address")))
        -:  481:#define EXCESS_CLOSE_BRACE (EXCESS_OPEN_BRACE + sizeof(N_("unmatched `{'")))
        -:  482:#define EXCESS_JUNK (EXCESS_CLOSE_BRACE + sizeof(N_("unexpected `}'")))
        -:  483:#define EXPECTED_SLASH (EXCESS_JUNK + sizeof(N_("extra characters after command")))
        -:  484:#define NO_CLOSE_BRACE_ADDR (EXPECTED_SLASH + sizeof(N_("expected \\ after `a', `c' or `i'")))
        -:  485:#define NO_COLON_ADDR (NO_CLOSE_BRACE_ADDR + sizeof(N_("`}' doesn't want any addresses")))
        -:  486:#define NO_SHARP_ADDR (NO_COLON_ADDR + sizeof(N_(": doesn't want any addresses")))
        -:  487:#define NO_COMMAND (NO_SHARP_ADDR + sizeof(N_("comments don't accept any addresses")))
        -:  488:#define ONE_ADDR (NO_COMMAND + sizeof(N_("missing command")))
        -:  489:#define UNTERM_ADDR_RE (ONE_ADDR + sizeof(N_("command only uses one address")))
        -:  490:#define UNTERM_S_CMD (UNTERM_ADDR_RE + sizeof(N_("unterminated address regex")))
        -:  491:#define UNTERM_Y_CMD (UNTERM_S_CMD + sizeof(N_("unterminated `s' command")))
        -:  492:#define UNKNOWN_S_OPT (UNTERM_Y_CMD + sizeof(N_("unterminated `y' command")))
        -:  493:#define EXCESS_P_OPT (UNKNOWN_S_OPT + sizeof(N_("unknown option to `s'")))
        -:  494:#define EXCESS_G_OPT (EXCESS_P_OPT + sizeof(N_("multiple `p' options to `s' command")))
        -:  495:#define EXCESS_N_OPT (EXCESS_G_OPT + sizeof(N_("multiple `g' options to `s' command")))
        -:  496:#define ZERO_N_OPT (EXCESS_N_OPT + sizeof(N_("multiple number options to `s' command")))
        -:  497:#define Y_CMD_LEN (ZERO_N_OPT + sizeof(N_("number option to `s' command may not be zero")))
        -:  498:#define BAD_DELIM (Y_CMD_LEN + sizeof(N_("strings for `y' command are different lengths")))
        -:  499:#define ANCIENT_VERSION (BAD_DELIM + sizeof(N_("delimiter character is not a single-byte character")))
        -:  500:#define INVALID_LINE_0 (ANCIENT_VERSION + sizeof(N_("expected newer version of sed")))
        -:  501:#define UNKNOWN_CMD (INVALID_LINE_0 + sizeof(N_("invalid usage of line address 0")))
        -:  502:#define END_ERRORS (UNKNOWN_CMD + sizeof(N_("unknown command: `%c'")))
        -:  503:
        -:  504:static struct output *file_read = NULL;
        -:  505:static struct output *file_write = NULL;
        -:  506:
        -:  507:
        -:  508:/* Complain about an unknown command and exit. */
        -:  509:void
function bad_command called 0 returned 0% blocks executed 0%
    #####:  510:bad_command(ch)
        -:  511:  char ch;
        -:  512:{
    #####:  513:  const char *msg = _(UNKNOWN_CMD);
    #####:  514:  char *unknown_cmd = xmalloc(strlen(msg));
call    0 never executed
    #####:  515:  sprintf(unknown_cmd, msg, ch);
    #####:  516:  bad_prog(unknown_cmd);
call    0 never executed
    #####:  517:}
        -:  518:
        -:  519:/* Complain about a programming error and exit. */
        -:  520:void
function bad_prog called 0 returned 0% blocks executed 0%
    #####:  521:bad_prog(why)
        -:  522:  const char *why;
        -:  523:{
    #####:  524:  if (cur_input.name)
branch  0 never executed
branch  1 never executed
    #####:  525:    fprintf(stderr, _("%s: file %s line %lu: %s\n"),
    #####:  526:	    myname, cur_input.name, CAST(unsigned long)cur_input.line, why);
call    0 never executed
        -:  527:  else
    #####:  528:    fprintf(stderr, _("%s: -e expression #%lu, char %lu: %s\n"),
        -:  529:	    myname,
    #####:  530:	    CAST(unsigned long)cur_input.string_expr_count,
    #####:  531:	    CAST(unsigned long)(prog.cur-prog.base),
call    0 never executed
        -:  532:	    why);
    #####:  533:  exit(EXIT_FAILURE);
        -:  534:}
        -:  535:
        -:  536:
        -:  537:/* Read the next character from the program.  Return EOF if there isn't
        -:  538:   anything to read.  Keep cur_input.line up to date, so error messages
        -:  539:   can be meaningful. */
        -:  540:static int inchar P_((void));
        -:  541:static int
function inchar called 35 returned 100% blocks executed 55%
       35:  542:inchar()
        -:  543:{
       35:  544:  int ch = EOF;
        -:  545:
       35:  546:  if (prog.cur)
branch  0 taken 35 (fallthrough)
branch  1 taken 0
        -:  547:    {
       35:  548:      if (prog.cur < prog.end)
branch  0 taken 33 (fallthrough)
branch  1 taken 2
       33:  549:	ch = *prog.cur++;
        -:  550:    }
    #####:  551:  else if (prog.file)
branch  0 never executed
branch  1 never executed
        -:  552:    {
    #####:  553:      if (!feof(prog.file))
call    0 never executed
branch  1 never executed
branch  2 never executed
    #####:  554:	ch = getc(prog.file);
call    0 never executed
        -:  555:    }
       35:  556:  if (ch == '\n')
branch  0 taken 0 (fallthrough)
branch  1 taken 35
    #####:  557:    ++cur_input.line;
       35:  558:  return ch;
        -:  559:}
        -:  560:
        -:  561:/* unget `ch' so the next call to inchar will return it.   */
        -:  562:static void savchar P_((int ch));
        -:  563:static void
function savchar called 0 returned 0% blocks executed 0%
    #####:  564:savchar(ch)
        -:  565:  int ch;
        -:  566:{
    #####:  567:  if (ch == EOF)
branch  0 never executed
branch  1 never executed
    #####:  568:    return;
    #####:  569:  if (ch == '\n' && cur_input.line > 0)
branch  0 never executed
branch  1 never executed
branch  2 never executed
branch  3 never executed
    #####:  570:    --cur_input.line;
    #####:  571:  if (prog.cur)
branch  0 never executed
branch  1 never executed
        -:  572:    {
    #####:  573:      if (prog.cur <= prog.base || *--prog.cur != ch)
branch  0 never executed
branch  1 never executed
branch  2 never executed
branch  3 never executed
    #####:  574:	panic("Called savchar() with unexpected pushback (%x)",
    #####:  575:	      CAST(unsigned char)ch);
call    0 never executed
        -:  576:    }
        -:  577:  else
    #####:  578:    ungetc(ch, prog.file);
call    0 never executed
        -:  579:}
        -:  580:
        -:  581:/* Read the next non-blank character from the program.  */
        -:  582:static int in_nonblank P_((void));
        -:  583:static int
function in_nonblank called 3 returned 100% blocks executed 100%
        3:  584:in_nonblank()
        -:  585:{
        -:  586:  int ch;
        -:  587:  do
        3:  588:    ch = inchar();
call    0 returned 3
        3:  589:    while (ISBLANK(ch));
branch  0 taken 0
branch  1 taken 3 (fallthrough)
branch  2 taken 0
branch  3 taken 3 (fallthrough)
        3:  590:  return ch;
        -:  591:}
        -:  592:
        -:  593:/* Read an integer value from the program.  */
        -:  594:static countT in_integer P_((int ch));
        -:  595:static countT
function in_integer called 0 returned 0% blocks executed 0%
    #####:  596:in_integer(ch)
        -:  597:  int ch;
        -:  598:{
    #####:  599:  countT num = 0;
        -:  600:
    #####:  601:  while (ISDIGIT(ch))
branch  0 never executed
branch  1 never executed
        -:  602:    {
    #####:  603:      num = num * 10 + ch - '0';
    #####:  604:      ch = inchar();
call    0 never executed
        -:  605:    }
    #####:  606:  savchar(ch);
call    0 never executed
    #####:  607:  return num;
        -:  608:}
        -:  609:
        -:  610:static int add_then_next P_((struct buffer *b, int ch));
        -:  611:static int
function add_then_next called 4 returned 100% blocks executed 100%
        4:  612:add_then_next(b, ch)
        -:  613:  struct buffer *b;
        -:  614:  int ch;
        -:  615:{
        4:  616:  add1_buffer(b, ch);
call    0 returned 4
        4:  617:  return inchar();
call    0 returned 4
        -:  618:}
        -:  619:
        -:  620:static char * convert_number P_((char *, char *, const char *, int, int, int));
        -:  621:static char *
function convert_number called 0 returned 0% blocks executed 0%
    #####:  622:convert_number(result, buf, bufend, base, maxdigits, default_char)
        -:  623:  char *result;
        -:  624:  char *buf;
        -:  625:  const char *bufend;
        -:  626:  int base;
        -:  627:  int maxdigits;
        -:  628:  int default_char;
        -:  629:{
    #####:  630:  int n = 0;
        -:  631:  char *p;
        -:  632:
    #####:  633:  for (p=buf; p < bufend && maxdigits-- > 0; ++p)
branch  0 never executed
branch  1 never executed
branch  2 never executed
branch  3 never executed
        -:  634:    {
    #####:  635:      int d = -1;
    #####:  636:      switch (*p)
branch  0 never executed
branch  1 never executed
branch  2 never executed
branch  3 never executed
branch  4 never executed
branch  5 never executed
branch  6 never executed
branch  7 never executed
branch  8 never executed
branch  9 never executed
branch 10 never executed
branch 11 never executed
branch 12 never executed
branch 13 never executed
branch 14 never executed
branch 15 never executed
branch 16 never executed
        -:  637:	{
    #####:  638:	case '0': d = 0x0; break;
    #####:  639:	case '1': d = 0x1; break;
    #####:  640:	case '2': d = 0x2; break;
    #####:  641:	case '3': d = 0x3; break;
    #####:  642:	case '4': d = 0x4; break;
    #####:  643:	case '5': d = 0x5; break;
    #####:  644:	case '6': d = 0x6; break;
    #####:  645:	case '7': d = 0x7; break;
    #####:  646:	case '8': d = 0x8; break;
    #####:  647:	case '9': d = 0x9; break;
    #####:  648:	case 'A': case 'a': d = 0xa; break;
    #####:  649:	case 'B': case 'b': d = 0xb; break;
    #####:  650:	case 'C': case 'c': d = 0xc; break;
    #####:  651:	case 'D': case 'd': d = 0xd; break;
    #####:  652:	case 'E': case 'e': d = 0xe; break;
    #####:  653:	case 'F': case 'f': d = 0xf; break;
        -:  654:	}
    #####:  655:      if (d < 0 || base <= d)
branch  0 never executed
branch  1 never executed
branch  2 never executed
branch  3 never executed
        -:  656:	break;
    #####:  657:      n = n * base + d;
        -:  658:    }
    #####:  659:  if (p == buf)
branch  0 never executed
branch  1 never executed
    #####:  660:    *result = default_char;
        -:  661:  else
    #####:  662:    *result = n;
    #####:  663:  return p;
        -:  664:}
        -:  665:
        -:  666:
        -:  667:/* Read in a filename for a `r', `w', or `s///w' command. */
        -:  668:static struct buffer *read_filename P_((void));
        -:  669:static struct buffer *
function read_filename called 0 returned 0% blocks executed 0%
    #####:  670:read_filename()
        -:  671:{
        -:  672:  struct buffer *b;
        -:  673:  int ch;
        -:  674:
    #####:  675:  b = init_buffer();
call    0 never executed
    #####:  676:  ch = in_nonblank();
call    0 never executed
    #####:  677:  while (ch != EOF && ch != '\n')
branch  0 never executed
branch  1 never executed
branch  2 never executed
branch  3 never executed
        -:  678:    {
        -:  679:#if 0 /*XXX ZZZ 1998-09-12 kpp: added, then had second thoughts*/
        -:  680:      if (posixicity == POSIXLY_EXTENDED)
        -:  681:	if (ch == ';' || ch == '#')
        -:  682:	  {
        -:  683:	    savchar(ch);
        -:  684:	    break;
        -:  685:	  }
        -:  686:#endif
    #####:  687:      ch = add_then_next(b, ch);
call    0 never executed
        -:  688:    }
    #####:  689:  add1_buffer(b, '\0');
call    0 never executed
    #####:  690:  return b;
        -:  691:}
        -:  692:
        -:  693:static struct output *get_openfile P_((struct output **file_ptrs, char *mode, bool fail));
        -:  694:static struct output *
function get_openfile called 0 returned 0% blocks executed 0%
    #####:  695:get_openfile(file_ptrs, mode, fail)
        -:  696:     struct output **file_ptrs;
        -:  697:     char *mode;
        -:  698:     bool fail;
        -:  699:{
        -:  700:  struct buffer *b;
        -:  701:  char *file_name;
        -:  702:  struct output *p;
        -:  703:  int is_stderr;
        -:  704:
    #####:  705:  b = read_filename();
call    0 never executed
    #####:  706:  file_name = get_buffer(b);
call    0 never executed
    #####:  707:  for (p=*file_ptrs; p; p=p->link)
branch  0 never executed
branch  1 never executed
    #####:  708:    if (strcmp(p->name, file_name) == 0)
branch  0 never executed
branch  1 never executed
    #####:  709:      break;
        -:  710:
    #####:  711:  if (posixicity == POSIXLY_EXTENDED)
branch  0 never executed
branch  1 never executed
        -:  712:    {
        -:  713:      /* Check whether it is a special file (stdin, stdout or stderr) */
    #####:  714:      struct special_files *special = special_files;
        -:  715:		  
        -:  716:      /* std* sometimes are not constants, so they
        -:  717:         cannot be used in the initializer for special_files */
    #####:  718:      my_stdin = stdin; my_stdout = stdout; my_stderr = stderr;
    #####:  719:      for (special = special_files; special->outf.name; special++)
branch  0 never executed
branch  1 never executed
    #####:  720:        if (strcmp(special->outf.name, file_name) == 0)
branch  0 never executed
branch  1 never executed
        -:  721:          {
    #####:  722:	    special->outf.fp = *special->pfp;
    #####:  723:	    free_buffer (b);
call    0 never executed
    #####:  724:	    return &special->outf;
        -:  725:          }
        -:  726:    }
        -:  727:
    #####:  728:  if (!p)
branch  0 never executed
branch  1 never executed
        -:  729:    {
    #####:  730:      p = OB_MALLOC(&obs, 1, struct output);
branch  0 never executed
branch  1 never executed
call    2 never executed
branch  3 never executed
branch  4 never executed
branch  5 never executed
branch  6 never executed
    #####:  731:      p->name = ck_strdup(file_name);
call    0 never executed
    #####:  732:      p->fp = ck_fopen(p->name, mode, fail);
call    0 never executed
    #####:  733:      p->missing_newline = false;
    #####:  734:      p->link = *file_ptrs;
    #####:  735:      *file_ptrs = p;
        -:  736:    }
    #####:  737:  free_buffer(b);
call    0 never executed
    #####:  738:  return p;
        -:  739:}
        -:  740:
        -:  741:
        -:  742:static struct sed_cmd *next_cmd_entry P_((struct vector **vectorp));
        -:  743:static struct sed_cmd *
function next_cmd_entry called 2 returned 100% blocks executed 100%
        2:  744:next_cmd_entry(vectorp)
        -:  745:  struct vector **vectorp;
        -:  746:{
        -:  747:  struct sed_cmd *cmd;
        -:  748:  struct vector *v;
        -:  749:
        2:  750:  v = *vectorp;
        2:  751:  if (v->v_length == v->v_allocated)
branch  0 taken 1 (fallthrough)
branch  1 taken 1
        -:  752:    {
        1:  753:      v->v_allocated += VECTOR_ALLOC_INCREMENT;
        1:  754:      v->v = REALLOC(v->v, v->v_allocated, struct sed_cmd);
call    0 returned 1
        -:  755:    }
        -:  756:
        2:  757:  cmd = v->v + v->v_length;
        2:  758:  cmd->a1 = NULL;
        2:  759:  cmd->a2 = NULL;
        2:  760:  cmd->range_state = RANGE_INACTIVE;
        2:  761:  cmd->addr_bang = false;
        2:  762:  cmd->cmd = '\0';	/* something invalid, to catch bugs early */
        -:  763:
        2:  764:  *vectorp  = v;
        2:  765:  return cmd;
        -:  766:}
        -:  767:
        -:  768:static int snarf_char_class P_((struct buffer *b, mbstate_t *cur_stat));
        -:  769:static int
function snarf_char_class called 2 returned 100% blocks executed 39%
        2:  770:snarf_char_class(b, cur_stat)
        -:  771:  struct buffer *b;
        -:  772:  mbstate_t *cur_stat;
        -:  773:{
        -:  774:  int ch;
        2:  775:  int state = 0;
        -:  776:  int delim;
        2:  777:  bool pending_mb = 0;
        -:  778:  
        2:  779:  ch = inchar();
call    0 returned 2
        2:  780:  if (ch == '^')
branch  0 taken 0 (fallthrough)
branch  1 taken 2
    #####:  781:    ch = add_then_next(b, ch);
call    0 never executed
        2:  782:  if (ch == CLOSE_BRACKET)
branch  0 taken 0 (fallthrough)
branch  1 taken 2
    #####:  783:    ch = add_then_next(b, ch);
call    0 never executed
        -:  784:  
        -:  785:  /* States are:
        -:  786:	0 outside a collation element, character class or collation class
        -:  787:	1 after the bracket
        -:  788:	2 after the opening ./:/=
        -:  789:	3 after the closing ./:/= */
        -:  790:
        4:  791:  for (;; ch = add_then_next (b, ch))
call    0 returned 4
        -:  792:    {
        6:  793:      pending_mb = BRLEN (ch, cur_stat) != 1;
        -:  794:
       6*:  795:      switch (ch)
branch  0 taken 0
branch  1 taken 0
branch  2 taken 0
branch  3 taken 2
branch  4 taken 4
        -:  796:	{
    #####:  797:	case EOF:
        -:  798:	case '\n':
    #####:  799:	  return ch;
        -:  800:
    #####:  801:	case '.':
        -:  802:	case ':':
        -:  803:	case '=':
    #####:  804:	  if (pending_mb)
branch  0 never executed
branch  1 never executed
    #####:  805:	    continue;
        -:  806:
    #####:  807:	  if (state == 1)
branch  0 never executed
branch  1 never executed
        -:  808:	    {
    #####:  809:	      delim = ch;
    #####:  810:	      state++;
        -:  811:	    }
    #####:  812:	  else if (ch == delim && state == 2)
branch  0 never executed
branch  1 never executed
branch  2 never executed
branch  3 never executed
    #####:  813:	    state++;
        -:  814:	  else
        -:  815:	    break;
        -:  816:
    #####:  817:	  continue;
        -:  818:
    #####:  819:	case OPEN_BRACKET:
    #####:  820:	  if (pending_mb)
branch  0 never executed
branch  1 never executed
    #####:  821:	    continue;
        -:  822:
    #####:  823:	  state++;
    #####:  824:	  continue;
        -:  825:
        2:  826:	case CLOSE_BRACKET:
       2*:  827:	  if (pending_mb)
branch  0 taken 0 (fallthrough)
branch  1 taken 2
    #####:  828:	    continue;
        -:  829:
       2*:  830:	  if (state == 0 || state == 1)
branch  0 taken 0 (fallthrough)
branch  1 taken 2
branch  2 never executed
branch  3 never executed
        2:  831:	    return ch;
    #####:  832:	  else if (state == 3)
branch  0 never executed
branch  1 never executed
    #####:  833:	    state = 0;
        -:  834:
    #####:  835:	  break;
        -:  836:
        4:  837:	default:
        4:  838:	  break;
        -:  839:	}
        -:  840:
        -:  841:      /* Getting a character different from .=: whilst in state 1
        -:  842:         goes back to state 0, getting a character different from ]
        -:  843:         whilst in state 3 goes back to state 2.  */
        4:  844:      state &= ~1;
        -:  845:    }
        -:  846:}
        -:  847:
        -:  848:static struct buffer *match_slash P_((int slash, bool regex));
        -:  849:static struct buffer *
function match_slash called 2 returned 100% blocks executed 55%
        2:  850:match_slash(slash, regex)
        -:  851:  int slash;
        -:  852:  bool regex;
        -:  853:{
        -:  854:  struct buffer *b;
        -:  855:  int ch;
        2:  856:  bool pending_mb = false;
        -:  857:  mbstate_t cur_stat;
        -:  858:
        2:  859:  memset (&cur_stat, 0, sizeof (mbstate_t));
        -:  860:
        -:  861:  if (BRLEN (slash, &cur_stat) == -2)
        -:  862:  if (BRLEN (slash, &cur_stat) == -2)
        -:  863:    bad_prog (BAD_DELIM);
        -:  864:
        2:  865:  memset (&cur_stat, 0, sizeof (mbstate_t));
        -:  866:
        2:  867:  b = init_buffer();
call    0 returned 2
       21:  868:  while ((ch = inchar()) != EOF && ch != '\n')
call    0 returned 21
branch  1 taken 21 (fallthrough)
branch  2 taken 0
branch  3 taken 21
branch  4 taken 0 (fallthrough)
        -:  869:    {
       21:  870:      pending_mb = BRLEN (ch, &cur_stat) != 1;
       21:  871:      pending_mb = BRLEN (ch, &cur_stat) != 1;
        -:  872:
       21:  873:      if (!pending_mb)
branch  0 taken 21 (fallthrough)
branch  1 taken 0
        -:  874:	{
       21:  875:	  if (ch == slash)
branch  0 taken 2 (fallthrough)
branch  1 taken 19
        2:  876:	    return b;
       19:  877:	  else if (ch == '\\')
branch  0 taken 0 (fallthrough)
branch  1 taken 19
        -:  878:	    {
    #####:  879:	      ch = inchar();
call    0 never executed
    #####:  880:	      if (ch == EOF)
branch  0 never executed
branch  1 never executed
    #####:  881:	        break;
        -:  882:#ifndef REG_PERL
    #####:  883:	      else if (ch == 'n' && regex)
branch  0 never executed
branch  1 never executed
branch  2 never executed
branch  3 never executed
    #####:  884:	        ch = '\n';
        -:  885:#endif
    #####:  886:	      else if (ch != '\n' && ch != slash)
branch  0 never executed
branch  1 never executed
branch  2 never executed
branch  3 never executed
    #####:  887:	        add1_buffer(b, '\\');
call    0 never executed
        -:  888:	    }
       19:  889:          else if (ch == OPEN_BRACKET && regex)
branch  0 taken 2 (fallthrough)
branch  1 taken 17
branch  2 taken 2 (fallthrough)
branch  3 taken 0
        -:  890:	    {
        2:  891:	      add1_buffer(b, ch);
call    0 returned 2
        2:  892:	      ch = snarf_char_class(b, &cur_stat);
call    0 returned 2
        2:  893:	      if (ch != CLOSE_BRACKET)
branch  0 taken 0 (fallthrough)
branch  1 taken 2
    #####:  894:	        break;
        -:  895:	    }
        -:  896:	}
        -:  897:
       19:  898:      add1_buffer(b, ch);
call    0 returned 19
        -:  899:    }
        -:  900:
    #####:  901:  if (ch == '\n')
branch  0 never executed
branch  1 never executed
    #####:  902:    savchar(ch);	/* for proper line number in error report */
call    0 never executed
    #####:  903:  free_buffer(b);
call    0 never executed
    #####:  904:  return NULL;
        -:  905:}
        -:  906:
        -:  907:static int mark_subst_opts P_((struct subst *cmd));
        -:  908:static int
function mark_subst_opts called 1 returned 100% blocks executed 29%
        1:  909:mark_subst_opts(cmd)
        -:  910:  struct subst *cmd;
        -:  911:{
        1:  912:  int flags = 0;
        -:  913:  int ch;
        -:  914:
        1:  915:  cmd->global = false;
        1:  916:  cmd->print = false;
        1:  917:  cmd->eval = false;
        1:  918:  cmd->numb = 0;
        1:  919:  cmd->outf = NULL;
        -:  920:
        -:  921:  for (;;)
        2:  922:    switch ( (ch = in_nonblank()) )
call    0 returned 2
branch  1 taken 0
branch  2 taken 0
branch  3 taken 0
branch  4 taken 0
branch  5 taken 1
branch  6 taken 0
branch  7 taken 0
branch  8 taken 0
branch  9 taken 1
branch 10 taken 0
branch 11 taken 0
        -:  923:      {
    #####:  924:      case 'i':	/* GNU extension */
        -:  925:      case 'I':	/* GNU extension */
    #####:  926:	flags |= REG_ICASE;
    #####:  927:	break;
        -:  928:
        -:  929:#ifdef REG_PERL
        -:  930:      case 's':	/* GNU extension */
        -:  931:      case 'S':	/* GNU extension */
        -:  932:	if (extended_regexp_flags & REG_PERL)
        -:  933:	  flags |= REG_DOTALL;
        -:  934:	break;
        -:  935:
        -:  936:      case 'x':	/* GNU extension */
        -:  937:      case 'X':	/* GNU extension */
        -:  938:	if (extended_regexp_flags & REG_PERL)
        -:  939:	  flags |= REG_EXTENDED;
        -:  940:	break;
        -:  941:#endif
        -:  942:
    #####:  943:      case 'm':	/* GNU extension */
        -:  944:      case 'M':	/* GNU extension */
    #####:  945:	flags |= REG_NEWLINE;
    #####:  946:	break;
        -:  947:
    #####:  948:      case 'e':
    #####:  949:	cmd->eval = true;
    #####:  950:	break;
        -:  951:
    #####:  952:      case 'p':
    #####:  953:	if (cmd->print)
branch  0 never executed
branch  1 never executed
    #####:  954:	  bad_prog(_(EXCESS_P_OPT));
call    0 never executed
    #####:  955:	cmd->print |= (1 << cmd->eval); /* 1=before eval, 2=after */
    #####:  956:	break;
        -:  957:
        1:  958:      case 'g':
        1:  959:	if (cmd->global)
branch  0 taken 0 (fallthrough)
branch  1 taken 1
    #####:  960:	  bad_prog(_(EXCESS_G_OPT));
call    0 never executed
        1:  961:	cmd->global = true;
        1:  962:	break;
        -:  963:
    #####:  964:      case 'w':
    #####:  965:	cmd->outf = get_openfile(&file_write, "w", true);
call    0 never executed
    #####:  966:	return flags;
        -:  967:
    #####:  968:      case '0': case '1': case '2': case '3': case '4':
        -:  969:      case '5': case '6': case '7': case '8': case '9':
    #####:  970:	if (cmd->numb)
branch  0 never executed
branch  1 never executed
    #####:  971:	  bad_prog(_(EXCESS_N_OPT));
call    0 never executed
    #####:  972:	cmd->numb = in_integer(ch);
call    0 never executed
    #####:  973:	if (!cmd->numb)
branch  0 never executed
branch  1 never executed
    #####:  974:	  bad_prog(_(ZERO_N_OPT));
call    0 never executed
    #####:  975:	break;
        -:  976:
    #####:  977:      case CLOSE_BRACE:
        -:  978:      case '#':
    #####:  979:	savchar(ch);
call    0 never executed
        -:  980:	/* Fall Through */
        1:  981:      case EOF:
        -:  982:      case '\n':
        -:  983:      case ';':
        1:  984:	return flags;
        -:  985:
    #####:  986:      case '\r':
    #####:  987:	if (inchar() == '\n')
call    0 never executed
branch  1 never executed
branch  2 never executed
    #####:  988:	  return flags;
        -:  989:	/* FALLTHROUGH */
        -:  990:
        -:  991:      default:
    #####:  992:	bad_prog(_(UNKNOWN_S_OPT));
call    0 never executed
        -:  993:	/*NOTREACHED*/
        -:  994:      }
        -:  995:}
        -:  996:
        -:  997:
        -:  998:/* read in a label for a `:', `b', or `t' command */
        -:  999:static char *read_label P_((void));
        -: 1000:static char *
function read_label called 0 returned 0% blocks executed 0%
    #####: 1001:read_label()
        -: 1002:{
        -: 1003:  struct buffer *b;
        -: 1004:  int ch;
        -: 1005:  char *ret;
        -: 1006:
    #####: 1007:  b = init_buffer();
call    0 never executed
    #####: 1008:  ch = in_nonblank();
call    0 never executed
        -: 1009:
    #####: 1010:  while (ch != EOF && ch != '\n'
branch  0 never executed
branch  1 never executed
    #####: 1011:	 && !ISBLANK(ch) && ch != ';' && ch != CLOSE_BRACE && ch != '#')
branch  0 never executed
branch  1 never executed
branch  2 never executed
branch  3 never executed
branch  4 never executed
branch  5 never executed
branch  6 never executed
branch  7 never executed
branch  8 never executed
branch  9 never executed
branch 10 never executed
branch 11 never executed
    #####: 1012:    ch = add_then_next (b, ch);
call    0 never executed
        -: 1013:
    #####: 1014:  savchar(ch);
call    0 never executed
    #####: 1015:  add1_buffer(b, '\0');
call    0 never executed
    #####: 1016:  ret = ck_strdup(get_buffer(b));
call    0 never executed
call    1 never executed
    #####: 1017:  free_buffer(b);
call    0 never executed
    #####: 1018:  return ret;
        -: 1019:}
        -: 1020:
        -: 1021:/* Store a label (or label reference) created by a `:', `b', or `t'
        -: 1022:   command so that the jump to/from the label can be backpatched after
        -: 1023:   compilation is complete, or a reference created by a `{' to be
        -: 1024:   backpatched when the corresponding `}' is found.  */
        -: 1025:static struct sed_label *setup_label
        -: 1026:  P_((struct sed_label *, countT, char *, const struct error_info *));
        -: 1027:static struct sed_label *
function setup_label called 0 returned 0% blocks executed 0%
    #####: 1028:setup_label(list, idx, name, err_info)
        -: 1029:  struct sed_label *list;
        -: 1030:  countT idx;
        -: 1031:  char *name;
        -: 1032:  const struct error_info *err_info;
        -: 1033:{
    #####: 1034:  struct sed_label *ret = OB_MALLOC(&obs, 1, struct sed_label);
branch  0 never executed
branch  1 never executed
call    2 never executed
branch  3 never executed
branch  4 never executed
branch  5 never executed
branch  6 never executed
    #####: 1035:  ret->v_index = idx;
    #####: 1036:  ret->name = name;
    #####: 1037:  if (err_info)
branch  0 never executed
branch  1 never executed
    #####: 1038:    MEMCPY(&ret->err_info, err_info, sizeof (ret->err_info));
    #####: 1039:  ret->next = list;
    #####: 1040:  return ret;
        -: 1041:}
        -: 1042:
        -: 1043:static struct sed_label *release_label P_((struct sed_label *list_head));
        -: 1044:static struct sed_label *
function release_label called 0 returned 0% blocks executed 0%
    #####: 1045:release_label(list_head)
        -: 1046:  struct sed_label *list_head;
        -: 1047:{
        -: 1048:  struct sed_label *ret;
        -: 1049:
    #####: 1050:  if (!list_head)
branch  0 never executed
branch  1 never executed
    #####: 1051:    return NULL;
    #####: 1052:  ret = list_head->next;
        -: 1053:
    #####: 1054:  FREE(list_head->name);
call    0 never executed
        -: 1055:
        -: 1056:#if 0
        -: 1057:  /* We use obstacks */
        -: 1058:  FREE(list_head);
        -: 1059:#endif
    #####: 1060:  return ret;
        -: 1061:}
        -: 1062:
        -: 1063:static struct replacement *new_replacement P_((char *, size_t,
        -: 1064:					       enum replacement_types));
        -: 1065:static struct replacement *
function new_replacement called 1 returned 100% blocks executed 62%
        1: 1066:new_replacement(text, length, type)
        -: 1067:  char *text;
        -: 1068:  size_t length;
        -: 1069:  enum replacement_types type;
        -: 1070:{
       1*: 1071:  struct replacement *r = OB_MALLOC(&obs, 1, struct replacement);
branch  0 taken 0 (fallthrough)
branch  1 taken 1
call    2 never executed
branch  3 taken 0 (fallthrough)
branch  4 taken 1
branch  5 taken 0 (fallthrough)
branch  6 taken 1
        -: 1072:
        1: 1073:  r->prefix = text;
        1: 1074:  r->prefix_length = length;
        1: 1075:  r->subst_id = -1;
        1: 1076:  r->repl_type = type;
        -: 1077:
        -: 1078:  /* r-> next = NULL; */
        1: 1079:  return r;
        -: 1080:}
        -: 1081:
        -: 1082:static void setup_replacement P_((struct subst *, const char *, size_t));
        -: 1083:static void
function setup_replacement called 1 returned 100% blocks executed 39%
        1: 1084:setup_replacement(sub, text, length)
        -: 1085:     struct subst *sub;
        -: 1086:     const char *text;
        -: 1087:     size_t length;
        -: 1088:{
        -: 1089:  char *base;
        -: 1090:  char *p;
        -: 1091:  char *text_end;
        1: 1092:  enum replacement_types repl_type = REPL_ASIS, save_type = REPL_ASIS;
        -: 1093:  struct replacement root;
        -: 1094:  struct replacement *tail;
        -: 1095:
        1: 1096:  sub->max_id = 0;
        1: 1097:  base = MEMDUP(text, length, char);
call    0 returned 1
        1: 1098:  length = normalize_text(base, length, TEXT_REPLACEMENT);
call    0 returned 1
        -: 1099:
        1: 1100:  text_end = base + length;
        1: 1101:  tail = &root;
        -: 1102:
        9: 1103:  for (p=base; p<text_end; ++p)
branch  0 taken 8
branch  1 taken 1 (fallthrough)
        -: 1104:    {
        8: 1105:      if (*p == '\\')
branch  0 taken 0 (fallthrough)
branch  1 taken 8
        -: 1106:	{
        -: 1107:	  /* Preceding the backslash may be some literal text: */
    #####: 1108:	  tail = tail->next =
    #####: 1109:	    new_replacement(base, CAST(size_t)(p - base), repl_type);
call    0 never executed
        -: 1110:
    #####: 1111:	  repl_type = save_type;
        -: 1112:
        -: 1113:	  /* Skip the backslash and look for a numeric back-reference,
        -: 1114:	     or a case-munging escape if not in POSIX mode: */
    #####: 1115:	  ++p;
    #####: 1116:	  if (p < text_end && (posixicity != POSIXLY_BASIC || ISDIGIT (*p)))
branch  0 never executed
branch  1 never executed
branch  2 never executed
branch  3 never executed
branch  4 never executed
branch  5 never executed
    #####: 1117:	    switch (*p)
branch  0 never executed
branch  1 never executed
branch  2 never executed
branch  3 never executed
branch  4 never executed
branch  5 never executed
branch  6 never executed
        -: 1118:	      {
    #####: 1119:	      case '0': case '1': case '2': case '3': case '4': 
        -: 1120:	      case '5': case '6': case '7': case '8': case '9': 
    #####: 1121:		tail->subst_id = *p - '0';
    #####: 1122:		if (sub->max_id < tail->subst_id)
branch  0 never executed
branch  1 never executed
    #####: 1123:		  sub->max_id = tail->subst_id;
    #####: 1124:		break;
        -: 1125:
    #####: 1126:	      case 'L':
    #####: 1127:		repl_type = REPL_LOWERCASE;
    #####: 1128:		save_type = REPL_LOWERCASE;
    #####: 1129:		break;
        -: 1130:
    #####: 1131:	      case 'U':
    #####: 1132:		repl_type = REPL_UPPERCASE;
    #####: 1133:		save_type = REPL_UPPERCASE;
    #####: 1134:		break;
        -: 1135:		
    #####: 1136:	      case 'E':
    #####: 1137:		repl_type = REPL_ASIS;
    #####: 1138:		save_type = REPL_ASIS;
    #####: 1139:		break;
        -: 1140:
    #####: 1141:	      case 'l':
    #####: 1142:		save_type = repl_type;
    #####: 1143:		repl_type |= REPL_LOWERCASE_FIRST;
    #####: 1144:		break;
        -: 1145:
    #####: 1146:	      case 'u':
    #####: 1147:		save_type = repl_type;
    #####: 1148:		repl_type |= REPL_UPPERCASE_FIRST;
    #####: 1149:		break;
        -: 1150:		
    #####: 1151:	      default:
    #####: 1152:		p[-1] = *p;
    #####: 1153:		++tail->prefix_length;
        -: 1154:	      }
        -: 1155:
    #####: 1156:	  base = p + 1;
        -: 1157:	}
        8: 1158:      else if (*p == '&')
branch  0 taken 0 (fallthrough)
branch  1 taken 8
        -: 1159:	{
        -: 1160:	  /* Preceding the ampersand may be some literal text: */
    #####: 1161:	  tail = tail->next =
    #####: 1162:	    new_replacement(base, CAST(size_t)(p - base), repl_type);
call    0 never executed
        -: 1163:
    #####: 1164:	  repl_type = save_type;
    #####: 1165:	  tail->subst_id = 0;
    #####: 1166:	  base = p + 1;
        -: 1167:	}
        -: 1168:  }
        -: 1169:  /* There may be some trailing literal text: */
        1: 1170:  if (base < text_end)
branch  0 taken 1 (fallthrough)
branch  1 taken 0
        1: 1171:    tail = tail->next =
        1: 1172:      new_replacement(base, CAST(size_t)(text_end - base), repl_type);
call    0 returned 1
        -: 1173:
        1: 1174:  tail->next = NULL;
        1: 1175:  sub->replacement = root.next;
        1: 1176:}
        -: 1177:
        -: 1178:static void read_text P_((struct text_buf *buf, int leadin_ch));
        -: 1179:static void
function read_text called 0 returned 0% blocks executed 0%
    #####: 1180:read_text(buf, leadin_ch)
        -: 1181:  struct text_buf *buf;
        -: 1182:  int leadin_ch;
        -: 1183:{
        -: 1184:  int ch;
        -: 1185:
        -: 1186:  /* Should we start afresh (as opposed to continue a partial text)? */
    #####: 1187:  if (buf)
branch  0 never executed
branch  1 never executed
        -: 1188:    {
    #####: 1189:      if (pending_text)
branch  0 never executed
branch  1 never executed
    #####: 1190:	free_buffer(pending_text);
call    0 never executed
    #####: 1191:      pending_text = init_buffer();
call    0 never executed
    #####: 1192:      buf->text = NULL;
    #####: 1193:      buf->text_length = 0;
    #####: 1194:      old_text_buf = buf;
        -: 1195:    }
        -: 1196:  /* assert(old_text_buf != NULL); */
        -: 1197:
    #####: 1198:  if (leadin_ch == EOF)
branch  0 never executed
branch  1 never executed
    #####: 1199:    return;
        -: 1200:
    #####: 1201:  if (leadin_ch != '\n')
branch  0 never executed
branch  1 never executed
    #####: 1202:    add1_buffer(pending_text, leadin_ch);
call    0 never executed
        -: 1203:
    #####: 1204:  ch = inchar();
call    0 never executed
    #####: 1205:  while (ch != EOF && ch != '\n')
branch  0 never executed
branch  1 never executed
branch  2 never executed
branch  3 never executed
        -: 1206:    {
    #####: 1207:      if (ch == '\\')
branch  0 never executed
branch  1 never executed
        -: 1208:	{
    #####: 1209:	  ch = inchar();
call    0 never executed
    #####: 1210:	  if (ch != EOF)
branch  0 never executed
branch  1 never executed
    #####: 1211:	    add1_buffer (pending_text, '\\');
call    0 never executed
        -: 1212:	}
        -: 1213:
    #####: 1214:      if (ch == EOF)
branch  0 never executed
branch  1 never executed
        -: 1215:	{
    #####: 1216:	  add1_buffer (pending_text, '\n');
call    0 never executed
    #####: 1217:	  return;
        -: 1218:	}
        -: 1219:
    #####: 1220:      ch = add_then_next (pending_text, ch);
call    0 never executed
        -: 1221:    }
        -: 1222:
    #####: 1223:  add1_buffer(pending_text, '\n');
call    0 never executed
    #####: 1224:  if (!buf)
branch  0 never executed
branch  1 never executed
    #####: 1225:    buf = old_text_buf;
    #####: 1226:  buf->text_length = normalize_text (get_buffer (pending_text),
call    0 never executed
call    1 never executed
call    2 never executed
        -: 1227:				     size_buffer (pending_text), TEXT_BUFFER);
    #####: 1228:  buf->text = MEMDUP(get_buffer(pending_text), buf->text_length, char);
call    0 never executed
call    1 never executed
    #####: 1229:  free_buffer(pending_text);
call    0 never executed
    #####: 1230:  pending_text = NULL;
        -: 1231:}
        -: 1232:
        -: 1233:
        -: 1234:/* Try to read an address for a sed command.  If it succeeds,
        -: 1235:   return non-zero and store the resulting address in `*addr'.
        -: 1236:   If the input doesn't look like an address read nothing
        -: 1237:   and return zero.  */
        -: 1238:static bool compile_address P_((struct addr *addr, int ch));
        -: 1239:static bool
function compile_address called 2 returned 100% blocks executed 20%
        2: 1240:compile_address(addr, ch)
        -: 1241:  struct addr *addr;
        -: 1242:  int ch;
        -: 1243:{
        2: 1244:  addr->addr_type = ADDR_IS_NULL;
        2: 1245:  addr->addr_step = 0;
        2: 1246:  addr->addr_number = ~(countT)0;  /* extremely unlikely to ever match */
        2: 1247:  addr->addr_regex = NULL;
        -: 1248:
        2: 1249:  if (ch == '/' || ch == '\\')
branch  0 taken 2 (fallthrough)
branch  1 taken 0
branch  2 taken 0 (fallthrough)
branch  3 taken 2
        -: 1250:    {
    #####: 1251:      int flags = 0;
        -: 1252:      struct buffer *b;
    #####: 1253:      addr->addr_type = ADDR_IS_REGEX;
    #####: 1254:      if (ch == '\\')
branch  0 never executed
branch  1 never executed
    #####: 1255:	ch = inchar();
call    0 never executed
    #####: 1256:      if ( !(b = match_slash(ch, true)) )
call    0 never executed
branch  1 never executed
branch  2 never executed
    #####: 1257:	bad_prog(_(UNTERM_ADDR_RE));
call    0 never executed
        -: 1258:
        -: 1259:      for(;;)
        -: 1260:	{
    #####: 1261:	  ch = in_nonblank();
call    0 never executed
    #####: 1262:          switch(ch)
branch  0 never executed
branch  1 never executed
branch  2 never executed
        -: 1263:	    {
    #####: 1264:	    case 'I':	/* GNU extension */
    #####: 1265:	      flags |= REG_ICASE;
    #####: 1266:	      break;
        -: 1267:
        -: 1268:#ifdef REG_PERL
        -: 1269:	    case 'S':	/* GNU extension */
        -: 1270:	      if (extended_regexp_flags & REG_PERL)
        -: 1271:		flags |= REG_DOTALL;
        -: 1272:	      break;
        -: 1273:
        -: 1274:	    case 'X':	/* GNU extension */
        -: 1275:	      if (extended_regexp_flags & REG_PERL)
        -: 1276:		flags |= REG_EXTENDED;
        -: 1277:	      break;
        -: 1278:#endif
        -: 1279:
    #####: 1280:	    case 'M':	/* GNU extension */
    #####: 1281:	      flags |= REG_NEWLINE;
    #####: 1282:	      break;
        -: 1283:
    #####: 1284:	    default:
    #####: 1285:	      savchar (ch);
call    0 never executed
    #####: 1286:	      addr->addr_regex = compile_regex (b, flags, 0);
call    0 never executed
    #####: 1287:	      free_buffer(b);
call    0 never executed
    #####: 1288:	      return true;
        -: 1289:	    }
        -: 1290:	}
        -: 1291:    }
        2: 1292:  else if (ISDIGIT(ch))
branch  0 taken 0 (fallthrough)
branch  1 taken 2
        -: 1293:    {
    #####: 1294:      addr->addr_number = in_integer(ch);
call    0 never executed
    #####: 1295:      addr->addr_type = ADDR_IS_NUM;
    #####: 1296:      ch = in_nonblank();
call    0 never executed
    #####: 1297:      if (ch != '~')
branch  0 never executed
branch  1 never executed
        -: 1298:	{
    #####: 1299:	  savchar(ch);
call    0 never executed
        -: 1300:	}
        -: 1301:      else
        -: 1302:	{
    #####: 1303:	  countT step = in_integer(in_nonblank());
call    0 never executed
call    1 never executed
    #####: 1304:	  if (step > 0)
branch  0 never executed
branch  1 never executed
        -: 1305:	    {
    #####: 1306:	      addr->addr_step = step;
    #####: 1307:	      addr->addr_type = ADDR_IS_NUM_MOD;
        -: 1308:	    }
        -: 1309:	}
        -: 1310:    }
        2: 1311:  else if (ch == '+' || ch == '~')
branch  0 taken 2 (fallthrough)
branch  1 taken 0
branch  2 taken 0 (fallthrough)
branch  3 taken 2
        -: 1312:    {
    #####: 1313:      addr->addr_step = in_integer(in_nonblank());
call    0 never executed
call    1 never executed
    #####: 1314:      if (addr->addr_step==0)
branch  0 never executed
branch  1 never executed
        -: 1315:	; /* default to ADDR_IS_NULL; forces matching to stop on next line */
    #####: 1316:      else if (ch == '+')
branch  0 never executed
branch  1 never executed
    #####: 1317:	addr->addr_type = ADDR_IS_STEP;
        -: 1318:      else
    #####: 1319:	addr->addr_type = ADDR_IS_STEP_MOD;
        -: 1320:    }
        2: 1321:  else if (ch == '$')
branch  0 taken 0 (fallthrough)
branch  1 taken 2
        -: 1322:    {
    #####: 1323:      addr->addr_type = ADDR_IS_LAST;
        -: 1324:    }
        -: 1325:  else
        2: 1326:    return false;
        -: 1327:
    #####: 1328:  return true;
        -: 1329:}
        -: 1330:
        -: 1331:/* Read a program (or a subprogram within `{' `}' pairs) in and store
        -: 1332:   the compiled form in `*vector'.  Return a pointer to the new vector.  */
        -: 1333:static struct vector *compile_program P_((struct vector *));
        -: 1334:static struct vector *
function compile_program called 1 returned 100% blocks executed 19%
        1: 1335:compile_program(vector)
        -: 1336:  struct vector *vector;
        -: 1337:{
        -: 1338:  struct sed_cmd *cur_cmd;
        -: 1339:  struct buffer *b;
        -: 1340:  int ch;
        -: 1341:
        1: 1342:  if (!vector)
branch  0 taken 1 (fallthrough)
branch  1 taken 0
        -: 1343:    {
        1: 1344:      vector = MALLOC(1, struct vector);
call    0 returned 1
        1: 1345:      vector->v = NULL;
        1: 1346:      vector->v_allocated = 0;
        1: 1347:      vector->v_length = 0;
        -: 1348:
        1: 1349:      obstack_init (&obs);
call    0 returned 1
        -: 1350:    }
        1: 1351:  if (pending_text)
branch  0 taken 0 (fallthrough)
branch  1 taken 1
    #####: 1352:    read_text(NULL, '\n');
call    0 never executed
        -: 1353:
        -: 1354:  for (;;)
        2: 1355:    {
        -: 1356:      struct addr a;
        -: 1357:
        4: 1358:      while ((ch=inchar()) == ';' || ISSPACE(ch))
call    0 returned 4
branch  1 taken 0
branch  2 taken 4 (fallthrough)
branch  3 taken 1
branch  4 taken 3 (fallthrough)
        -: 1359:	;
        3: 1360:      if (ch == EOF)
branch  0 taken 1 (fallthrough)
branch  1 taken 2
        1: 1361:	break;
        -: 1362:
        2: 1363:      cur_cmd = next_cmd_entry(&vector);
call    0 returned 2
        2: 1364:      if (compile_address(&a, ch))
call    0 returned 2
branch  1 taken 0 (fallthrough)
branch  2 taken 2
        -: 1365:	{
    #####: 1366:	  if (a.addr_type == ADDR_IS_STEP
branch  0 never executed
branch  1 never executed
    #####: 1367:	      || a.addr_type == ADDR_IS_STEP_MOD)
branch  0 never executed
branch  1 never executed
    #####: 1368:	    bad_prog(_(BAD_STEP));
call    0 never executed
        -: 1369:
    #####: 1370:	  cur_cmd->a1 = MEMDUP(&a, 1, struct addr);
call    0 never executed
    #####: 1371:	  ch = in_nonblank();
call    0 never executed
    #####: 1372:	  if (ch == ',')
branch  0 never executed
branch  1 never executed
        -: 1373:	    {
    #####: 1374:	      if (!compile_address(&a, in_nonblank()))
call    0 never executed
call    1 never executed
branch  2 never executed
branch  3 never executed
    #####: 1375:		bad_prog(_(BAD_COMMA));
call    0 never executed
        -: 1376:
    #####: 1377:	      cur_cmd->a2 = MEMDUP(&a, 1, struct addr);
call    0 never executed
    #####: 1378:	      ch = in_nonblank();
call    0 never executed
        -: 1379:	    }
        -: 1380:
    #####: 1381:	  if (cur_cmd->a1->addr_type == ADDR_IS_NUM
branch  0 never executed
branch  1 never executed
    #####: 1382:	      && cur_cmd->a1->addr_number == 0
branch  0 never executed
branch  1 never executed
    #####: 1383:	      && (!cur_cmd->a2 || cur_cmd->a2->addr_type != ADDR_IS_REGEX))
branch  0 never executed
branch  1 never executed
branch  2 never executed
branch  3 never executed
    #####: 1384:	    bad_prog(_(INVALID_LINE_0));
call    0 never executed
        -: 1385:	}
        2: 1386:      if (ch == '!')
branch  0 taken 0 (fallthrough)
branch  1 taken 2
        -: 1387:	{
    #####: 1388:	  cur_cmd->addr_bang = true;
    #####: 1389:	  ch = in_nonblank();
call    0 never executed
    #####: 1390:	  if (ch == '!')
branch  0 never executed
branch  1 never executed
    #####: 1391:	    bad_prog(_(BAD_BANG));
call    0 never executed
        -: 1392:	}
        -: 1393:
        -: 1394:      /* Do not accept extended commands in --posix mode.  Also,
        -: 1395:	 a few commands only accept one address in that mode.  */
        2: 1396:      if (posixicity == POSIXLY_BASIC)
branch  0 taken 0 (fallthrough)
branch  1 taken 2
    #####: 1397:	switch (ch)
branch  0 never executed
branch  1 never executed
branch  2 never executed
        -: 1398:	  {
    #####: 1399:	    case 'v': case 'L': case 'Q': case 'T':
        -: 1400:	    case 'R': case 'W':
    #####: 1401:	      bad_command(ch);
call    0 never executed
        -: 1402:
    #####: 1403:	    case 'a': case 'i': case 'l':
        -: 1404:	    case '=': case 'r':
    #####: 1405:	      if (cur_cmd->a2)
branch  0 never executed
branch  1 never executed
    #####: 1406:	        bad_prog(_(ONE_ADDR));
call    0 never executed
        -: 1407:	  }
        -: 1408:
        2: 1409:      cur_cmd->cmd = ch;
       2*: 1410:      switch (ch)
branch  0 taken 0
branch  1 taken 0
branch  2 taken 0
branch  3 taken 0
branch  4 taken 0
branch  5 taken 0
branch  6 taken 0
branch  7 taken 0
branch  8 taken 0
branch  9 taken 1
branch 10 taken 0
branch 11 taken 0
branch 12 taken 0
branch 13 taken 0
branch 14 taken 1
branch 15 taken 0
branch 16 taken 0
branch 17 taken 0
        -: 1411:	{
    #####: 1412:	case '#':
    #####: 1413:	  if (cur_cmd->a1)
branch  0 never executed
branch  1 never executed
    #####: 1414:	    bad_prog(_(NO_SHARP_ADDR));
call    0 never executed
    #####: 1415:	  ch = inchar();
call    0 never executed
    #####: 1416:	  if (ch=='n' && first_script && cur_input.line < 2)
branch  0 never executed
branch  1 never executed
branch  2 never executed
branch  3 never executed
branch  4 never executed
branch  5 never executed
    #####: 1417:	    if (   (prog.base && prog.cur==2+prog.base)
branch  0 never executed
branch  1 never executed
branch  2 never executed
branch  3 never executed
    #####: 1418:		|| (prog.file && !prog.base && 2==ftell(prog.file)))
branch  0 never executed
branch  1 never executed
branch  2 never executed
branch  3 never executed
call    4 never executed
branch  5 never executed
branch  6 never executed
    #####: 1419:	      no_default_output = true;
    #####: 1420:	  while (ch != EOF && ch != '\n')
branch  0 never executed
branch  1 never executed
branch  2 never executed
branch  3 never executed
    #####: 1421:	    ch = inchar();
call    0 never executed
    #####: 1422:	  continue;	/* restart the for (;;) loop */
        -: 1423:
    #####: 1424:	case 'v':
        -: 1425:	  /* This is an extension.  Programs needing GNU sed might start
        -: 1426:	   * with a `v' command so that other seds will stop.
        -: 1427:	   * We compare the version and ignore POSIXLY_CORRECT.
        -: 1428:	   */
        -: 1429:	  {
    #####: 1430:	    char *version = read_label ();
call    0 never executed
        -: 1431:	    char *compared_version;
    #####: 1432:	    compared_version = (*version == '\0') ? "4.0" : version;
branch  0 never executed
branch  1 never executed
        -: 1433:	    /*
        -: 1434:	      Removed by Kyle R. Murphy July 2006 to remove a source of
        -: 1435:	      non-determinism in this version of sed
        -: 1436:	    if (strverscmp (compared_version, SED_FEATURE_VERSION) > 0)
        -: 1437:	      bad_prog(_(ANCIENT_VERSION));
        -: 1438:	    */
    #####: 1439:	    free (version);
    #####: 1440:	    posixicity = POSIXLY_EXTENDED;
        -: 1441:	  }
    #####: 1442:	  continue;
        -: 1443:
    #####: 1444:	case '{':
    #####: 1445:	  blocks = setup_label(blocks, vector->v_length, NULL, &cur_input);
call    0 never executed
    #####: 1446:	  cur_cmd->addr_bang = !cur_cmd->addr_bang;
    #####: 1447:	  break;
        -: 1448:
    #####: 1449:	case '}':
    #####: 1450:	  if (!blocks)
branch  0 never executed
branch  1 never executed
    #####: 1451:	    bad_prog(_(EXCESS_CLOSE_BRACE));
call    0 never executed
    #####: 1452:	  if (cur_cmd->a1)
branch  0 never executed
branch  1 never executed
    #####: 1453:	    bad_prog(_(NO_CLOSE_BRACE_ADDR));
call    0 never executed
    #####: 1454:	  ch = in_nonblank();
call    0 never executed
    #####: 1455:	  if (ch == CLOSE_BRACE || ch == '#')
branch  0 never executed
branch  1 never executed
branch  2 never executed
branch  3 never executed
    #####: 1456:	    savchar(ch);
call    0 never executed
    #####: 1457:	  else if (ch != EOF && ch != '\n' && ch != ';')
branch  0 never executed
branch  1 never executed
branch  2 never executed
branch  3 never executed
branch  4 never executed
branch  5 never executed
    #####: 1458:	    bad_prog(_(EXCESS_JUNK));
call    0 never executed
        -: 1459:
    #####: 1460:	  vector->v[blocks->v_index].x.jump_index = vector->v_length;
    #####: 1461:	  blocks = release_label(blocks);	/* done with this entry */
call    0 never executed
    #####: 1462:	  break;
        -: 1463:
    #####: 1464:	case 'e':
    #####: 1465:	  ch = in_nonblank();
call    0 never executed
    #####: 1466:	  if (ch == EOF || ch == '\n')
branch  0 never executed
branch  1 never executed
branch  2 never executed
branch  3 never executed
        -: 1467:	    {
    #####: 1468:	      cur_cmd->x.cmd_txt.text_length = 0;
    #####: 1469:	      break;
        -: 1470:	    }
        -: 1471:	  else
    #####: 1472:	    goto read_text_to_slash;
        -: 1473:
    #####: 1474:	case 'a':
        -: 1475:	case 'i':
        -: 1476:	case 'c':
    #####: 1477:	  ch = in_nonblank();
call    0 never executed
        -: 1478:
    #####: 1479:	read_text_to_slash:
    #####: 1480:	  if (ch == EOF)
branch  0 never executed
branch  1 never executed
    #####: 1481:	    bad_prog(_(EXPECTED_SLASH));
call    0 never executed
        -: 1482:	      
    #####: 1483:	  if (ch == '\\')
branch  0 never executed
branch  1 never executed
    #####: 1484:	    ch = inchar();
call    0 never executed
        -: 1485:	  else
        -: 1486:	    {
    #####: 1487:	      savchar(ch);
call    0 never executed
    #####: 1488:	      ch = '\n';
        -: 1489:	    }
        -: 1490:
    #####: 1491:	  read_text(&cur_cmd->x.cmd_txt, ch);
call    0 never executed
    #####: 1492:	  break;
        -: 1493:
    #####: 1494:	case ':':
    #####: 1495:	  if (cur_cmd->a1)
branch  0 never executed
branch  1 never executed
    #####: 1496:	    bad_prog(_(NO_COLON_ADDR));
call    0 never executed
    #####: 1497:	  labels = setup_label(labels, vector->v_length, read_label(), NULL);
call    0 never executed
call    1 never executed
    #####: 1498:	  break;
        -: 1499:	
    #####: 1500:	case 'T':
        -: 1501:	case 'b':
        -: 1502:	case 't':
    #####: 1503:	  jumps = setup_label(jumps, vector->v_length, read_label(), NULL);
call    0 never executed
call    1 never executed
    #####: 1504:	  break;
        -: 1505:
    #####: 1506:	case 'Q':
        -: 1507:	case 'q':
    #####: 1508:	  if (cur_cmd->a2)
branch  0 never executed
branch  1 never executed
    #####: 1509:	    bad_prog(_(ONE_ADDR));
call    0 never executed
        -: 1510:	  /* Fall through */
        -: 1511:
        -: 1512:	case 'L':
        -: 1513:	case 'l':
        1: 1514:	  ch = in_nonblank();
call    0 returned 1
        1: 1515:	  if (ISDIGIT(ch)) 
branch  0 taken 0 (fallthrough)
branch  1 taken 1
        -: 1516:	    {
    #####: 1517:	      cur_cmd->x.int_arg = in_integer(ch);
call    0 never executed
    #####: 1518:	      ch = in_nonblank();
call    0 never executed
        -: 1519:	    }
        -: 1520:	  else
        1: 1521:	    cur_cmd->x.int_arg = -1;
        -: 1522:
        1: 1523:	  if (ch == CLOSE_BRACE || ch == '#')
branch  0 taken 1 (fallthrough)
branch  1 taken 0
branch  2 taken 0 (fallthrough)
branch  3 taken 1
    #####: 1524:	    savchar(ch);
call    0 never executed
       1*: 1525:	  else if (ch != EOF && ch != '\n' && ch != ';')
branch  0 taken 0 (fallthrough)
branch  1 taken 1
branch  2 never executed
branch  3 never executed
branch  4 never executed
branch  5 never executed
    #####: 1526:	    bad_prog(_(EXCESS_JUNK));
call    0 never executed
        -: 1527:
        1: 1528:	  break;
        -: 1529:
    #####: 1530:	case '=':
        -: 1531:	case 'd':
        -: 1532:	case 'D':
        -: 1533:	case 'g':
        -: 1534:	case 'G':
        -: 1535:	case 'h':
        -: 1536:	case 'H':
        -: 1537:	case 'n':
        -: 1538:	case 'N':
        -: 1539:	case 'p':
        -: 1540:	case 'P':
        -: 1541:	case 'x':
    #####: 1542:	  ch = in_nonblank();
call    0 never executed
    #####: 1543:	  if (ch == CLOSE_BRACE || ch == '#')
branch  0 never executed
branch  1 never executed
branch  2 never executed
branch  3 never executed
    #####: 1544:	    savchar(ch);
call    0 never executed
    #####: 1545:	  else if (ch != EOF && ch != '\n' && ch != ';')
branch  0 never executed
branch  1 never executed
branch  2 never executed
branch  3 never executed
branch  4 never executed
branch  5 never executed
    #####: 1546:	    bad_prog(_(EXCESS_JUNK));
call    0 never executed
    #####: 1547:	  break;
        -: 1548:
    #####: 1549:	case 'r':
    #####: 1550:	  b = read_filename();
call    0 never executed
    #####: 1551:	  cur_cmd->x.fname = ck_strdup(get_buffer(b));
call    0 never executed
call    1 never executed
    #####: 1552:	  free_buffer(b);
call    0 never executed
    #####: 1553:	  break;
        -: 1554:
    #####: 1555:        case 'R':
    #####: 1556:	  cur_cmd->x.fp = get_openfile(&file_read, "r", false)->fp;
call    0 never executed
    #####: 1557:	  break;
        -: 1558:
    #####: 1559:        case 'W':
        -: 1560:	case 'w':
    #####: 1561:	  cur_cmd->x.outf = get_openfile(&file_write, "w", true);
call    0 never executed
    #####: 1562:	  break;
        -: 1563:
        1: 1564:	case 's':
        -: 1565:	  {
        -: 1566:	    struct buffer *b2;
        -: 1567:	    int flags;
        -: 1568:	    int slash;
        -: 1569:
        1: 1570:	    slash = inchar();
call    0 returned 1
        1: 1571:	    if ( !(b  = match_slash(slash, true)) )
call    0 returned 1
branch  1 taken 0 (fallthrough)
branch  2 taken 1
    #####: 1572:	      bad_prog(_(UNTERM_S_CMD));
call    0 never executed
        1: 1573:	    if ( !(b2 = match_slash(slash, false)) )
call    0 returned 1
branch  1 taken 0 (fallthrough)
branch  2 taken 1
    #####: 1574:	      bad_prog(_(UNTERM_S_CMD));
call    0 never executed
        -: 1575:
[...]
        -: 6719:	      {
        -: 6720:		optarg = nextchar;
        -: 6721:		/* If we end this ARGV-element by taking the rest as an arg,
        -: 6722:		   we must advance to the next element now.  */
        -: 6723:		optind++;
        -: 6724:	      }
        -: 6725:	    else if (optind == argc)
        -: 6726:	      {
        -: 6727:		if (opterr)
        -: 6728:		  {
        -: 6729:		    /* 1003.2 specifies the format of this message.  */
        -: 6730:		    fprintf (stderr,
        -: 6731:			   _("%s: option requires an argument -- %c\n"),
        -: 6732:			   argv[0], c);
        -: 6733:		  }
        -: 6734:		optopt = c;
        -: 6735:		if (optstring[0] == ':')
        -: 6736:		  c = ':';
        -: 6737:		else
        -: 6738:		  c = '?';
        -: 6739:	      }
        -: 6740:	    else
        -: 6741:	      /* We already incremented `optind' once;
        -: 6742:		 increment it again when taking next ARGV-elt as argument.  */
        -: 6743:	      optarg = argv[optind++];
        -: 6744:	    nextchar = NULL;
        -: 6745:	  }
        -: 6746:      }
        -: 6747:    return c;
        -: 6748:  }
        -: 6749:}
        -: 6750:
        -: 6751:int
        -: 6752:getopt (argc, argv, optstring)
        -: 6753:     int argc;
        -: 6754:     char *const *argv;
        -: 6755:     const char *optstring;
        -: 6756:{
        -: 6757:  return _getopt_internal (argc, argv, optstring,
        -: 6758:			   (const struct option *) 0,
        -: 6759:			   (int *) 0,
        -: 6760:			   0);
        -: 6761:}
        -: 6762:
        -: 6763:#endif	/* Not ELIDE_CODE.  */
        -: 6764:
        -: 6765:#ifdef TEST
        -: 6766:
        -: 6767:/* Compile with -DTEST to make an executable for use in testing
        -: 6768:   the above definition of `getopt'.  */
        -: 6769:
        -: 6770:int
        -: 6771:main (argc, argv)
        -: 6772:     int argc;
        -: 6773:     char **argv;
        -: 6774:{
        -: 6775:  int c;
        -: 6776:  int digit_optind = 0;
        -: 6777:
        -: 6778:  while (1)
        -: 6779:    {
        -: 6780:      int this_option_optind = optind ? optind : 1;
        -: 6781:
        -: 6782:      c = getopt (argc, argv, "abc:d:0123456789");
        -: 6783:      if (c == -1)
        -: 6784:	break;
        -: 6785:
        -: 6786:      switch (c)
        -: 6787:	{
        -: 6788:	case '0':
        -: 6789:	case '1':
        -: 6790:	case '2':
        -: 6791:	case '3':
        -: 6792:	case '4':
        -: 6793:	case '5':
        -: 6794:	case '6':
        -: 6795:	case '7':
        -: 6796:	case '8':
        -: 6797:	case '9':
        -: 6798:	  if (digit_optind != 0 && digit_optind != this_option_optind)
        -: 6799:	    printf ("digits occur in two different argv-elements.\n");
        -: 6800:	  digit_optind = this_option_optind;
        -: 6801:	  printf ("option %c\n", c);
        -: 6802:	  break;
        -: 6803:
        -: 6804:	case 'a':
        -: 6805:	  printf ("option a\n");
        -: 6806:	  break;
        -: 6807:
        -: 6808:	case 'b':
        -: 6809:	  printf ("option b\n");
        -: 6810:	  break;
        -: 6811:
        -: 6812:	case 'c':
        -: 6813:	  printf ("option c with value `%s'\n", optarg);
        -: 6814:	  break;
        -: 6815:
        -: 6816:	case '?':
        -: 6817:	  break;
        -: 6818:
        -: 6819:	default:
        -: 6820:	  printf ("?? getopt returned character code 0%o ??\n", c);
        -: 6821:	}
        -: 6822:    }
        -: 6823:
        -: 6824:  if (optind < argc)
        -: 6825:    {
        -: 6826:      printf ("non-option ARGV-elements: ");
        -: 6827:      while (optind < argc)
        -: 6828:	printf ("%s ", argv[optind++]);
        -: 6829:      printf ("\n");
        -: 6830:    }
        -: 6831:
        -: 6832:  exit (0);
        -: 6833:}
        -: 6834:
        -: 6835:#endif /* TEST */
        -: 6836:/* Extended regular expression matching and search library.
        -: 6837:   Copyright (C) 2002, 2003, 2005 Free Software Foundation, Inc.
        -: 6838:   This file is part of the GNU C Library.
        -: 6839:   Contributed by Isamu Hasegawa <isamu@yamato.ibm.com>.
        -: 6840:
        -: 6841:   The GNU C Library is free software; you can redistribute it and/or
        -: 6842:   modify it under the terms of the GNU Lesser General Public
        -: 6843:   License as published by the Free Software Foundation; either
        -: 6844:   version 2.1 of the License, or (at your option) any later version.
        -: 6845:
        -: 6846:   The GNU C Library is distributed in the hope that it will be useful,
        -: 6847:   but WITHOUT ANY WARRANTY; without even the implied warranty of
        -: 6848:   MERCHANTABILITY or FITNESS FOR A PARTICULAR PURPOSE.  See the GNU
        -: 6849:   Lesser General Public License for more details.
        -: 6850:
        -: 6851:   You should have received a copy of the GNU Lesser General Public
        -: 6852:   License along with the GNU C Library; if not, write to the Free
        -: 6853:   Software Foundation, Inc., 59 Temple Place, Suite 330, Boston, MA
        -: 6854:   02111-1307 USA.  */
        -: 6855:
        -: 6856:#ifdef HAVE_CONFIG_H
        -: 6857:#include "config.h"
        -: 6858:#endif
        -: 6859:
        -: 6860:/* Make sure noone compiles this code with a C++ compiler.  */
        -: 6861:#ifdef __cplusplus
        -: 6862:# error "This is C code, use a C compiler"
        -: 6863:#endif
        -: 6864:
        -: 6865:#ifdef _LIBC
        -: 6866:/* We have to keep the namespace clean.  */
        -: 6867:# define regfree(preg) __regfree (preg)
        -: 6868:# define regexec(pr, st, nm, pm, ef) __regexec (pr, st, nm, pm, ef)
        -: 6869:# define regcomp(preg, pattern, cflags) __regcomp (preg, pattern, cflags)
        -: 6870:# define regerror(errcode, preg, errbuf, errbuf_size) \
        -: 6871:	__regerror(errcode, preg, errbuf, errbuf_size)
        -: 6872:# define re_set_registers(bu, re, nu, st, en) \
        -: 6873:	__re_set_registers (bu, re, nu, st, en)
        -: 6874:# define re_match_2(bufp, string1, size1, string2, size2, pos, regs, stop) \
        -: 6875:	__re_match_2 (bufp, string1, size1, string2, size2, pos, regs, stop)
        -: 6876:# define re_match(bufp, string, size, pos, regs) \
        -: 6877:	__re_match (bufp, string, size, pos, regs)
        -: 6878:# define re_search(bufp, string, size, startpos, range, regs) \
        -: 6879:	__re_search (bufp, string, size, startpos, range, regs)
        -: 6880:# define re_compile_pattern(pattern, length, bufp) \
        -: 6881:	__re_compile_pattern (pattern, length, bufp)
        -: 6882:# define re_set_syntax(syntax) __re_set_syntax (syntax)
        -: 6883:# define re_search_2(bufp, st1, s1, st2, s2, startpos, range, regs, stop) \
        -: 6884:	__re_search_2 (bufp, st1, s1, st2, s2, startpos, range, regs, stop)
        -: 6885:# define re_compile_fastmap(bufp) __re_compile_fastmap (bufp)
        -: 6886:
        -: 6887:# include "../locale/localeinfo.h"
        -: 6888:#endif
        -: 6889:
        -: 6890:/* On some systems, limits.h sets RE_DUP_MAX to a lower value than
        -: 6891:   GNU regex allows.  Include it before <regex.h>, which correctly
        -: 6892:   #undefs RE_DUP_MAX and sets it to the right value.  */
        -: 6893:#include <limits.h>
        -: 6894:
        -: 6895:#include <regex.h>
        -: 6896:#include "regex_internal.h"
        -: 6897:
        -: 6898:#include "regex_internal.c"
        -: 6899:#include "regcomp.c"
        -: 6900:#include "regexec.c"
        -: 6901:
        -: 6902:/* Binary backward compatibility.  */
        -: 6903:#if _LIBC
        -: 6904:# include <shlib-compat.h>
        -: 6905:# if SHLIB_COMPAT (libc, GLIBC_2_0, GLIBC_2_3)
        -: 6906:link_warning (re_max_failures, "the 're_max_failures' variable is obsolete and will go away.")
        -: 6907:int re_max_failures = 2000;
        -: 6908:# endif
        -: 6909:#endif
        -: 6910:/*  GNU SED, a batch stream editor.
        -: 6911:    Copyright (C) 1999, 2002, 2003, 2004, 2005 Free Software Foundation, Inc.
        -: 6912:
        -: 6913:    This program is free software; you can redistribute it and/or modify
        -: 6914:    it under the terms of the GNU General Public License as published by
        -: 6915:    the Free Software Foundation; either version 2, or (at your option)
        -: 6916:    any later version.
        -: 6917:
        -: 6918:    This program is distributed in the hope that it will be useful,
        -: 6919:    but WITHOUT ANY WARRANTY; without even the implied warranty of
        -: 6920:    MERCHANTABILITY or FITNESS FOR A PARTICULAR PURPOSE.  See the
        -: 6921:    GNU General Public License for more details.
        -: 6922:
        -: 6923:    You should have received a copy of the GNU General Public License
        -: 6924:    along with this program; if not, write to the Free Software
        -: 6925:    Foundation, 51 Franklin Street, Fifth Floor, Boston, MA 02110-1301, USA. */
        -: 6926:
        -: 6927:#include <ctype.h>
        -: 6928:#include <stdio.h>
        -: 6929:#ifdef HAVE_STDLIB_H
        -: 6930:# include <stdlib.h>
        -: 6931:#endif
        -: 6932:
        -: 6933:extern bool use_extended_syntax_p;
        -: 6934:
        -: 6935:/* Modified to allow *.c file merger for SIR
        -: 6936:   July 2006 by Kyle R. Murphy
        -: 6937:*/
        -: 6938:static const char reg_errors[] =
        -: 6939:  "no previous regular expression\0"
        -: 6940:  "cannot specify modifiers on empty regexp";
        -: 6941:
        -: 6942:#define NO_REGEX (reg_errors)
        -: 6943:#define BAD_MODIF (NO_REGEX + sizeof(N_("no previous regular expression")))
        -: 6944:
        -: 6945:/*
        -: 6946:  Added pre-processor command to allow *.c file merger
        -: 6947:  for SIR -- July 2006 by Kyle R. Murphy
        -: 6948:*/
        -: 6949:
        -: 6950:#ifndef END_ERRORS
        -: 6951:#define END_ERRORS (BAD_MODIF + sizeof(N_("cannot specify modifiers on empty regexp")))
        -: 6952:#endif
        -: 6953:
        -: 6954:
        -: 6955:static void
function compile_regex_1 called 1 returned 100% blocks executed 61%
        1: 6956:compile_regex_1 (new_regex, needed_sub)
        -: 6957:  struct regex *new_regex;
        -: 6958:  int needed_sub;
        -: 6959:{
        -: 6960:#ifdef REG_PERL
        -: 6961:  int errcode;
        -: 6962:  errcode = regncomp(&new_regex->pattern, new_regex->re, new_regex->sz,
        -: 6963:		     (needed_sub ? 0 : REG_NOSUB)
        -: 6964:		     | new_regex->flags
        -: 6965:		     | extended_regexp_flags);
        -: 6966:
        -: 6967:  if (errcode)
        -: 6968:    {
        -: 6969:      char errorbuf[200];
        -: 6970:      regerror(errcode, NULL, errorbuf, 200);
        -: 6971:      bad_prog(gettext(errorbuf));
        -: 6972:    }
        -: 6973:#else
        -: 6974:  const char *error;
       1*: 6975:  int syntax = ((extended_regexp_flags & REG_EXTENDED)
branch  0 taken 1 (fallthrough)
branch  1 taken 0
        -: 6976:		 ? RE_SYNTAX_POSIX_EXTENDED
        -: 6977:                 : RE_SYNTAX_POSIX_BASIC)
        -: 6978:		 & ~RE_UNMATCHED_RIGHT_PAREN_ORD;
        -: 6979:
        1: 6980:  syntax |= RE_NO_POSIX_BACKTRACKING;
        -: 6981:#ifdef RE_ICASE
        1: 6982:  syntax |= (new_regex->flags & REG_ICASE) ? RE_ICASE : 0;
        -: 6983:#endif
        -: 6984:#ifdef RE_NO_SUB
       1*: 6985:  syntax |= needed_sub ? 0 : RE_NO_SUB;
branch  0 taken 1 (fallthrough)
branch  1 taken 0
        -: 6986:#endif
        -: 6987:
        1: 6988:  new_regex->pattern.fastmap = malloc (1 << (sizeof (char) * 8));
        -: 6989:
        -: 6990:  /* If REG_NEWLINE is set, newlines are treated differently.  */
        1: 6991:  if (new_regex->flags & REG_NEWLINE)
branch  0 taken 0 (fallthrough)
branch  1 taken 1
        -: 6992:    {
        -: 6993:      /* REG_NEWLINE implies neither . nor [^...] match newline.  */
    #####: 6994:      syntax &= ~RE_DOT_NEWLINE;
    #####: 6995:      syntax |= RE_HAT_LISTS_NOT_NEWLINE;
        -: 6996:    }
        -: 6997:
        1: 6998:  re_set_syntax (syntax);
call    0 returned 1
        1: 6999:  error = re_compile_pattern (new_regex->re, new_regex->sz,
        1: 7000:			      &new_regex->pattern);
call    0 returned 1
        1: 7001:  new_regex->pattern.newline_anchor = (new_regex->flags & REG_NEWLINE) != 0;
        -: 7002:
        1: 7003:  new_regex->pattern.translate = NULL;
        -: 7004:#ifndef RE_ICASE
        -: 7005:  if (new_regex->flags & REG_ICASE)
        -: 7006:    {
        -: 7007:      static char translate[1 << (sizeof(char) * 8)];
        -: 7008:      int i;
        -: 7009:      for (i = 0; i < sizeof(translate) / sizeof(char); i++)
        -: 7010:	translate[i] = tolower (i);
        -: 7011:
        -: 7012:      new_regex->pattern.translate = translate;
        -: 7013:    }
        -: 7014:#endif
        -: 7015:
        1: 7016:  if (error)
branch  0 taken 0 (fallthrough)
branch  1 taken 1
    #####: 7017:    bad_prog(error);
call    0 never executed
        -: 7018:#endif
        -: 7019:
        -: 7020:  /* Just to be sure, I mark this as not POSIXLY_CORRECT behavior */
        1: 7021:  if (needed_sub
branch  0 taken 1 (fallthrough)
branch  1 taken 0
        1: 7022:      && new_regex->pattern.re_nsub < needed_sub - 1
branch  0 taken 0 (fallthrough)
branch  1 taken 1
    #####: 7023:      && posixicity == POSIXLY_EXTENDED)
branch  0 never executed
branch  1 never executed
        -: 7024:    {
        -: 7025:      char buf[200];
    #####: 7026:      sprintf(buf, _("invalid reference \\%d on `s' command's RHS"),
        -: 7027:	      needed_sub - 1);
    #####: 7028:      bad_prog(buf);
call    0 never executed
        -: 7029:    }
        1: 7030:}
        -: 7031:
        -: 7032:struct regex *
function compile_regex called 1 returned 100% blocks executed 75%
        1: 7033:compile_regex(b, flags, needed_sub)
        -: 7034:  struct buffer *b;
        -: 7035:  int flags;
        -: 7036:  int needed_sub;
        -: 7037:{
        -: 7038:  struct regex *new_regex;
        -: 7039:  size_t re_len;
        -: 7040:
        -: 7041:  /* // matches the last RE */
        1: 7042:  if (size_buffer(b) == 0)
call    0 returned 1
branch  1 taken 0 (fallthrough)
branch  2 taken 1
        -: 7043:    {
    #####: 7044:      if (flags > 0)
branch  0 never executed
branch  1 never executed
    #####: 7045:	bad_prog(_(BAD_MODIF));
call    0 never executed
    #####: 7046:      return NULL;
        -: 7047:    }
        -: 7048:
        1: 7049:  re_len = size_buffer(b);
call    0 returned 1
        1: 7050:  new_regex = ck_malloc(sizeof (struct regex) + re_len - 1);
call    0 returned 1
        1: 7051:  new_regex->flags = flags;
        1: 7052:  memcpy (new_regex->re, get_buffer(b), re_len);
call    0 returned 1
        -: 7053:
        -: 7054:#ifdef REG_PERL
        -: 7055:  new_regex->sz = re_len;
        -: 7056:#else
        -: 7057:  /* GNU regex does not process \t & co. */
        1: 7058:  new_regex->sz = normalize_text(new_regex->re, re_len, TEXT_REGEX);
call    0 returned 1
        -: 7059:#endif
        -: 7060:
        1: 7061:  compile_regex_1 (new_regex, needed_sub);
call    0 returned 1
        1: 7062:  return new_regex;
        -: 7063:}
        -: 7064:
        -: 7065:#ifdef REG_PERL
        -: 7066:static void
        -: 7067:copy_regs (regs, pmatch, nregs)
        -: 7068:     struct re_registers *regs;
        -: 7069:     regmatch_t *pmatch;
        -: 7070:     int nregs;
        -: 7071:{
        -: 7072:  int i;
        -: 7073:  int need_regs = nregs + 1;
        -: 7074:  /* We need one extra element beyond `num_regs' for the `-1' marker GNU code
        -: 7075:     uses.  */
        -: 7076:
        -: 7077:  /* Have the register data arrays been allocated?  */
        -: 7078:  if (!regs->start)
        -: 7079:    { /* No.  So allocate them with malloc.  */
        -: 7080:      regs->start = MALLOC (need_regs, regoff_t);
        -: 7081:      regs->end = MALLOC (need_regs, regoff_t);
        -: 7082:      regs->num_regs = need_regs;
        -: 7083:    }
        -: 7084:  else if (need_regs > regs->num_regs)
        -: 7085:    { /* Yes.  We also need more elements than were already
        -: 7086:         allocated, so reallocate them.  */
        -: 7087:      regs->start = REALLOC (regs->start, need_regs, regoff_t);
        -: 7088:      regs->end = REALLOC (regs->end, need_regs, regoff_t);
        -: 7089:      regs->num_regs = need_regs;
        -: 7090:    }
        -: 7091:
        -: 7092:  /* Copy the regs.  */
        -: 7093:  for (i = 0; i < nregs; ++i)
        -: 7094:    {
        -: 7095:      regs->start[i] = pmatch[i].rm_so;
        -: 7096:      regs->end[i] = pmatch[i].rm_eo;
        -: 7097:    }
        -: 7098:  for ( ; i < regs->num_regs; ++i)
        -: 7099:    regs->start[i] = regs->end[i] = -1;
        -: 7100:}
        -: 7101:#endif
        -: 7102:
        -: 7103:int
function match_regex called 126 returned 100% blocks executed 62%
      126: 7104:match_regex(regex, buf, buflen, buf_start_offset, regarray, regsize)
        -: 7105:  struct regex *regex;
        -: 7106:  char *buf;
        -: 7107:  size_t buflen;
        -: 7108:  size_t buf_start_offset;
        -: 7109:  struct re_registers *regarray;
        -: 7110:  int regsize;
        -: 7111:{
        -: 7112:  int ret;
        -: 7113:  static struct regex *regex_last;
        -: 7114:#ifdef REG_PERL
        -: 7115:  regmatch_t rm[10], *regmatch = rm;
        -: 7116:  if (regsize > 10)
        -: 7117:    regmatch = (regmatch_t *) alloca (sizeof (regmatch_t) * regsize);
        -: 7118:#endif
        -: 7119:
        -: 7120:  /* printf ("Matching from %d/%d\n", buf_start_offset, buflen); */
        -: 7121:
        -: 7122:  /* Keep track of the last regexp matched. */
      126: 7123:  if (!regex)
branch  0 taken 0 (fallthrough)
branch  1 taken 126
        -: 7124:    {
    #####: 7125:      regex = regex_last;
    #####: 7126:      if (!regex_last)
branch  0 never executed
branch  1 never executed
    #####: 7127:	bad_prog(_(NO_REGEX));
call    0 never executed
        -: 7128:    }
        -: 7129:  else
      126: 7130:    regex_last = regex;
        -: 7131:
        -: 7132:#ifdef REG_PERL
        -: 7133:  regmatch[0].rm_so = CAST(int)buf_start_offset;
        -: 7134:  regmatch[0].rm_eo = CAST(int)buflen;
        -: 7135:  ret = regexec (&regex->pattern, buf, regsize, regmatch, REG_STARTEND);
        -: 7136:
        -: 7137:  if (regsize)
        -: 7138:    copy_regs (regarray, regmatch, regsize);
        -: 7139:
        -: 7140:  return (ret == 0);
        -: 7141:#else
     126*: 7142:  if (regex->pattern.no_sub && regsize)
branch  0 taken 0 (fallthrough)
branch  1 taken 126
branch  2 never executed
branch  3 never executed
    #####: 7143:    compile_regex_1 (regex, regsize);
call    0 never executed
        -: 7144:
      126: 7145:  regex->pattern.regs_allocated = REGS_REALLOCATE;
        -: 7146:
     126*: 7147:  ret = re_search (&regex->pattern, buf, buflen, buf_start_offset,
branch  0 taken 126 (fallthrough)
branch  1 taken 0
      126: 7148:		   buflen - buf_start_offset,
call    0 returned 126
        -: 7149:		   regsize ? regarray : NULL);
        -: 7150:
      126: 7151:  return (ret > -1);
        -: 7152:#endif
        -: 7153:}
        -: 7154:
        -: 7155:
        -: 7156:#ifdef DEBUG_LEAKS
        -: 7157:void
        -: 7158:release_regex(regex)
        -: 7159:  struct regex *regex;
        -: 7160:{
        -: 7161:  regfree(&regex->pattern);
        -: 7162:  FREE(regex);
        -: 7163:}
        -: 7164:#endif /*DEBUG_LEAKS*/
