        -:    0:Source:sed.c
        -:    0:Graph:sed.gcno
        -:    0:Data:sed.gcda
        -:    0:Runs:370
        -:    1:#define STDC_HEADERS 1
        -:    2:#define HAVE_STRING_H 1
        -:    3:#define HAVE_VPRINTF 1
        -:    4:#define HAVE_BCOPY 1
        -:    5:#define HAVE_MEMCPY 1
        -:    6:#define HAVE_ALLOCA_H 1
        -:    7:
        -:    8:/*  GNU SED, a batch stream editor.
        -:    9:    Copyright (C) 1989, 1990, 1991 Free Software Foundation, Inc.
        -:   10:
        -:   11:    This program is free software; you can redistribute it and/or modify
        -:   12:    it under the terms of the GNU General Public License as published by
        -:   13:    the Free Software Foundation; either version 2, or (at your option)
        -:   14:    any later version.
        -:   15:
        -:   16:    This program is distributed in the hope that it will be useful,
        -:   17:    but WITHOUT ANY WARRANTY; without even the implied warranty of
        -:   18:    MERCHANTABILITY or FITNESS FOR A PARTICULAR PURPOSE.  See the
        -:   19:    GNU General Public License for more details.
        -:   20:
        -:   21:    You should have received a copy of the GNU General Public License
        -:   22:    along with this program; if not, write to the Free Software
        -:   23:    Foundation, Inc., 675 Mass Ave, Cambridge, MA 02139, USA.  */
        -:   24:    
        -:   25:/* All the occurences of argv[0] is replace by myname to remove Nondeterminism by
        -:   26:   Amit Goel on August 30 2001 */
        -:   27:
        -:   28:#ifdef __STDC__
        -:   29:#define VOID void
        -:   30:#else
        -:   31:#define VOID char
        -:   32:#endif
        -:   33:
        -:   34:
        -:   35:#define _GNU_SOURCE
        -:   36:#include <ctype.h>
        -:   37:#ifndef isblank
        -:   38:#define isblank(c) ((c) == ' ' || (c) == '\t')
        -:   39:#endif
        -:   40:#include <stdio.h>
        -:   41:
        -:   42:#undef stderr
        -:   43:#define stderr stdout
        -:   44:
        -:   45:#include <sys/types.h>
        -:   46:#include "regex.h"
        -:   47:#include "getopt.h"
        -:   48:#include "FaultSeeds.h"
        -:   49:#if defined(STDC_HEADERS)
        -:   50:#include <stdlib.h>
        -:   51:#endif
        -:   52:#if HAVE_STRING_H || defined(STDC_HEADERS)
        -:   53:#include <string.h>
        -:   54:#if !defined(STDC_HEADERS)
        -:   55:#include <memory.h>
        -:   56:#endif
        -:   57:#else
        -:   58:#include <strings.h>
        -:   59:#endif
        -:   60:
        -:   61:#include <errno.h>
        -:   62:
        -:   63:#ifndef HAVE_BCOPY
        -:   64:#ifdef HAVE_MEMCPY
        -:   65:#define bcopy(FROM,TO,LEN)  memcpy(TO,FROM,LEN)
        -:   66:#else
        -:   67:void
        -:   68:bcopy (from, to, len)
        -:   69:     char *from;
        -:   70:     char *to;
        -:   71:     int len;
        -:   72:{
        -:   73:  if (from < to)
        -:   74:    {
        -:   75:      from += len - 1;
        -:   76:      to += len - 1;
        -:   77:      while (len--)
        -:   78:	*to-- = *from--;
        -:   79:    }
        -:   80:  else
        -:   81:    while (len--)
        -:   82:      *to++ = *from++;
        -:   83:}
        -:   84:
        -:   85:#endif
        -:   86:#endif
        -:   87:
        -:   88:char *version_string = "GNU sed version 1.18";
        -:   89:
        -:   90:/* Struct vector is used to describe a chunk of a compiled sed program.  
        -:   91: * There is one vector for the main program, and one for each { } pair,
        -:   92: * and one for the entire program.  For {} blocks, RETURN_[VI] tells where
        -:   93: * to continue execution after this VECTOR.
        -:   94: */
        -:   95:
        -:   96:struct vector
        -:   97:{
        -:   98:  struct sed_cmd *v;
        -:   99:  int v_length;
        -:  100:  int v_allocated;
        -:  101:  struct vector *return_v;
        -:  102:  int return_i;
        -:  103:};
        -:  104:
        -:  105:
        -:  106:/* Goto structure is used to hold both GOTO's and labels.  There are two
        -:  107: * separate lists, one of goto's, called 'jumps', and one of labels, called
        -:  108: * 'labels'.
        -:  109: * the V element points to the descriptor for the program-chunk in which the
        -:  110: * goto was encountered.
        -:  111: * the v_index element counts which element of the vector actually IS the
        -:  112: * goto/label.  The first element of the vector is zero.
        -:  113: * the NAME element is the null-terminated name of the label.
        -:  114: * next is the next goto/label in the list. 
        -:  115: */
        -:  116:
        -:  117:struct sed_label
        -:  118:{
        -:  119:  struct vector *v;
        -:  120:  int v_index;
        -:  121:  char *name;
        -:  122:  struct sed_label *next;
        -:  123:};
        -:  124:
        -:  125:/* ADDR_TYPE is zero for a null address,
        -:  126: *  one if addr_number is valid, or
        -:  127: * two if addr_regex is valid,
        -:  128: * three, if the address is '$'
        -:  129: * Other values are undefined.
        -:  130: */
        -:  131:
        -:  132:enum addr_types
        -:  133:{
        -:  134:  addr_is_null = 0,
        -:  135:  addr_is_num = 1,
        -:  136:  addr_is_regex = 2,
        -:  137:  addr_is_last = 3
        -:  138:};
        -:  139:
        -:  140:struct addr
        -:  141:{
        -:  142:  int addr_type;
        -:  143:  struct re_pattern_buffer *addr_regex;
        -:  144:  int addr_number;
        -:  145:};
        -:  146:
        -:  147:
        -:  148:/* Aflags:  If the low order bit is set, a1 has been
        -:  149: * matched; apply this command until a2 matches.
        -:  150: * If the next bit is set, apply this command to all
        -:  151: * lines that DON'T match the address(es).
        -:  152: */
        -:  153:
        -:  154:#define A1_MATCHED_BIT	01
        -:  155:#define ADDR_BANG_BIT	02
        -:  156:
        -:  157:struct sed_cmd
        -:  158:{
        -:  159:  struct addr a1, a2;
        -:  160:  int aflags;
        -:  161:  
        -:  162:  char cmd;
        -:  163:  
        -:  164:  union
        -:  165:    {
        -:  166:      /* This structure is used for a, i, and c commands */
        -:  167:      struct
        -:  168:	{
        -:  169:	  char *text;
        -:  170:	  int text_len;
        -:  171:	}
        -:  172:      cmd_txt;
        -:  173:      
        -:  174:      /* This is used for b and t commands */
        -:  175:      struct sed_cmd *label;
        -:  176:      
        -:  177:      /* This for r and w commands */
        -:  178:      FILE *io_file;
        -:  179:      
        -:  180:      /* This for the hairy s command */
        -:  181:      /* For the flags var:
        -:  182:	 low order bit means the 'g' option was given,
        -:  183:	 next bit means the 'p' option was given,
        -:  184:	 and the next bit means a 'w' option was given,
        -:  185:	 and wio_file contains the file to write to. */
        -:  186:      
        -:  187:#define S_GLOBAL_BIT	01
        -:  188:#define S_PRINT_BIT	02
        -:  189:#define S_WRITE_BIT	04
        -:  190:#define S_NUM_BIT	010
        -:  191:      
        -:  192:      struct
        -:  193:	{
        -:  194:	  struct re_pattern_buffer *regx;
        -:  195:	  char *replacement;
        -:  196:	  int replace_length;
        -:  197:	  int flags;
        -:  198:	  int numb;
        -:  199:	  FILE *wio_file;
        -:  200:	}
        -:  201:      cmd_regex;
        -:  202:      
        -:  203:      /* This for the y command */
        -:  204:      unsigned char *translate;
        -:  205:      
        -:  206:      /* For { */
        -:  207:      struct vector *sub;
        -:  208:      
        -:  209:      /* for t and b */
        -:  210:      struct sed_label *jump;
        -:  211:    } x;
        -:  212:};
        -:  213:
        -:  214:/* Sed operates a line at a time. */
        -:  215:struct line
        -:  216:{
        -:  217:  char *text;			/* Pointer to line allocated by malloc. */
        -:  218:  int length;			/* Length of text. */
        -:  219:  int alloc;			/* Allocated space for text. */
        -:  220:};
        -:  221:
        -:  222:/* This structure holds information about files opend by the 'r', 'w',
        -:  223:   and 's///w' commands.  In paticular, it holds the FILE pointer to
        -:  224:   use, the file's name, a flag that is non-zero if the file is being
        -:  225:   read instead of written. */
        -:  226:
        -:  227:#define NUM_FPS	32
        -:  228:struct
        -:  229:  {
        -:  230:    FILE *phile;
        -:  231:    char *name;
        -:  232:    int readit;
        -:  233:  }
        -:  234:
        -:  235:file_ptrs[NUM_FPS];
        -:  236:
        -:  237:
        -:  238:#if defined(__STDC__)
        -:  239:# define P_(s) s
        -:  240:#else
        -:  241:# define P_(s) ()
        -:  242:#endif
        -:  243:
        -:  244:void close_files ();
        -:  245:void panic P_ ((char *str,...));
        -:  246:char *__fp_name P_ ((FILE * fp));
        -:  247:FILE *ck_fopen P_ ((char *name, char *mode));
        -:  248:void ck_fwrite P_ ((char *ptr, int size, int nmemb, FILE * stream));
        -:  249:void ck_fclose P_ ((FILE * stream));
        -:  250:VOID *ck_malloc P_ ((int size));
        -:  251:VOID *ck_realloc P_ ((VOID * ptr, int size));
        -:  252:char *ck_strdup P_ ((char *str));
        -:  253:VOID *init_buffer P_ ((void));
        -:  254:void flush_buffer P_ ((VOID * bb));
        -:  255:int size_buffer P_ ((VOID * b));
        -:  256:void add_buffer P_ ((VOID * bb, char *p, int n));
        -:  257:void add1_buffer P_ ((VOID * bb, int ch));
        -:  258:char *get_buffer P_ ((VOID * bb));
        -:  259:
        -:  260:void compile_string P_ ((char *str));
        -:  261:void compile_file P_ ((char *str));
        -:  262:struct vector *compile_program P_ ((struct vector * vector, int));
        -:  263:void bad_prog P_ ((char *why));
        -:  264:int inchar P_ ((void));
        -:  265:void savchar P_ ((int ch));
        -:  266:int compile_address P_ ((struct addr * addr));
        -:  267:void compile_regex P_ ((int slash));
        -:  268:struct sed_label *setup_jump P_ ((struct sed_label * list, struct sed_cmd * cmd, struct vector * vec));
        -:  269:FILE *compile_filename P_ ((int readit));
        -:  270:void read_file P_ ((char *name));
        -:  271:void execute_program P_ ((struct vector * vec));
        -:  272:int match_address P_ ((struct addr * addr));
        -:  273:int read_pattern_space P_ ((void));
        -:  274:void append_pattern_space P_ ((void));
        -:  275:void line_copy P_ ((struct line * from, struct line * to));
        -:  276:void line_append P_ ((struct line * from, struct line * to));
        -:  277:void str_append P_ ((struct line * to, char *string, int length));
        -:  278:void usage P_ ((int));
        -:  279:
        -:  280:extern char *myname;
        -:  281:
        -:  282:/* If set, don't write out the line unless explictly told to */
        -:  283:int no_default_output = 0;
        -:  284:
        -:  285:/* Current input line # */
        -:  286:int input_line_number = 0;
        -:  287:
        -:  288:/* Are we on the last input file? */
        -:  289:int last_input_file = 0;
        -:  290:
        -:  291:/* Have we hit EOF on the last input file?  This is used to decide if we
        -:  292:   have hit the '$' address yet. */
        -:  293:int input_EOF = 0;
        -:  294:
        -:  295:/* non-zero if a quit command has been executed. */
        -:  296:int quit_cmd = 0;
        -:  297:
        -:  298:/* Have we done any replacements lately?  This is used by the 't' command. */
        -:  299:int replaced = 0;
        -:  300:
        -:  301:/* How many '{'s are we executing at the moment */
        -:  302:int program_depth = 0;
        -:  303:
        -:  304:/* The complete compiled SED program that we are going to run */
        -:  305:struct vector *the_program = 0;
        -:  306:
        -:  307:/* information about labels and jumps-to-labels.  This is used to do
        -:  308:   the required backpatching after we have compiled all the scripts. */
        -:  309:struct sed_label *jumps = 0;
        -:  310:struct sed_label *labels = 0;
        -:  311:
        -:  312:/* The 'current' input line. */
        -:  313:struct line line;
        -:  314:
        -:  315:/* An input line that's been stored by later use by the program */
        -:  316:struct line hold;
        -:  317:
        -:  318:/* A 'line' to append to the current line when it comes time to write it out */
        -:  319:struct line append;
        -:  320:
        -:  321:
        -:  322:/* When we're reading a script command from a string, 'prog_start' and
        -:  323:   'prog_end' point to the beginning and end of the string.  This
        -:  324:   would allow us to compile script strings that contain nulls, except
        -:  325:   that script strings are only read from the command line, which is
        -:  326:   null-terminated */
        -:  327:unsigned char *prog_start;
        -:  328:unsigned char *prog_end;
        -:  329:
        -:  330:/* When we're reading a script command from a string, 'prog_cur' points
        -:  331:   to the current character in the string */
        -:  332:unsigned char *prog_cur;
        -:  333:
        -:  334:/* This is the name of the current script file.
        -:  335:   It is used for error messages. */
        -:  336:char *prog_name;
        -:  337:
        -:  338:/* This is the current script file.  If it is zero, we are reading
        -:  339:   from a string stored in 'prog_start' instead.  If both 'prog_file'
        -:  340:   and 'prog_start' are zero, we're in trouble! */
        -:  341:FILE *prog_file;
        -:  342:
        -:  343:/* this is the number of the current script line that we're compiling.  It is
        -:  344:   used to give out useful and informative error messages. */
        -:  345:int prog_line = 1;
        -:  346:
        -:  347:/* This is the file pointer that we're currently reading data from.  It may
        -:  348:   be stdin */
        -:  349:FILE *input_file;
        -:  350:
        -:  351:/* If this variable is non-zero at exit, one or more of the input
        -:  352:   files couldn't be opened. */
        -:  353:
        -:  354:int bad_input = 0;
        -:  355:
        -:  356:/* 'an empty regular expression is equivalent to the last regular
        -:  357:   expression read' so we have to keep track of the last regex used.
        -:  358:   Here's where we store a pointer to it (it is only malloc()'d once) */
        -:  359:struct re_pattern_buffer *last_regex;
        -:  360:
        -:  361:/* Various error messages we may want to print */
        -:  362:static char ONE_ADDR[] = "Command only uses one address";
        -:  363:static char NO_ADDR[] = "Command doesn't take any addresses";
        -:  364:static char LINE_JUNK[] = "Extra characters after command";
        -:  365:static char BAD_EOF[] = "Unexpected End-of-file";
        -:  366:static char NO_REGEX[] = "No previous regular expression";
        -:  367:static char NO_COMMAND[] = "Missing command";
        -:  368:
        -:  369:static struct option longopts[] =
        -:  370:{
        -:  371:  {"expression", 1, NULL, 'e'},
        -:  372:  {"file", 1, NULL, 'f'},
        -:  373:  {"quiet", 0, NULL, 'n'},
        -:  374:  {"silent", 0, NULL, 'n'},
        -:  375:  {"version", 0, NULL, 'V'},
        -:  376:  {"help", 0, NULL, 'h'},
        -:  377:  {NULL, 0, NULL, 0}
        -:  378:};
        -:  379:
        -:  380:int
function main called 370 returned 0% blocks executed 91%
      370:  381:main (argc, argv)
        -:  382:     int argc;
        -:  383:     char **argv;
        -:  384:{
        -:  385:  int opt;
      370:  386:  char *e_strings = NULL;
      370:  387:  int compiled = 0;
        -:  388:  struct sed_label *go, *lbl;
        -:  389:
        -:  390:  /* see regex.h */
      370:  391:  re_set_syntax (RE_SYNTAX_POSIX_BASIC);
call    0 returned 370
        -:  392: /* Commented by Amit Goel on 30th August 2001 to remove NonDeterminism */
        -:  393: /* myname = argv[0]; */
        -:  394: /* Added By Amit Goel on 30th August 2001 */
      370:  395:  myname = "Executable";
      733:  396:  while ((opt = getopt_long (argc, argv, "hne:f:V", longopts, (int *) 0))
call    0 returned 733
      733:  397:	 != EOF)
branch  0 taken 375
branch  1 taken 358 (fallthrough)
        -:  398:    {
      375:  399:      switch (opt)
branch  0 taken 7
branch  1 taken 20
branch  2 taken 339
branch  3 taken 2
branch  4 taken 0
branch  5 taken 7
        -:  400:	{
        7:  401:	case 'n':
        7:  402:	  no_default_output = 1;
        7:  403:	  break;
       20:  404:	case 'e':
       20:  405:	  if (e_strings == NULL)
branch  0 taken 19 (fallthrough)
branch  1 taken 1
        -:  406:	    {
       19:  407:	      e_strings = ck_malloc (strlen (optarg) + 2);
call    0 returned 19
       19:  408:	      strcpy (e_strings, optarg);
        -:  409:	    }
        -:  410:	  else
        -:  411:	    {
        1:  412:	      e_strings = ck_realloc (e_strings, strlen (e_strings) + strlen (optarg) + 2);
call    0 returned 1
        1:  413:	      strcat (e_strings, optarg);
        -:  414:	    }
       20:  415:	  strcat (e_strings, "\n");
       20:  416:	  compiled = 1;
       20:  417:	  break;
      339:  418:	case 'f':
      339:  419:	  compile_file (optarg);
call    0 returned 336
      336:  420:	  compiled = 1;
      336:  421:	  break;
        2:  422:	case 'V':
        2:  423:	  fprintf (stderr, "%s\n", version_string);
call    0 returned 2
        2:  424:	  exit (0);
call    0 returned 0
        -:  425:	  break;
    #####:  426:	case 'h':
    #####:  427:	  usage (0);
call    0 never executed
    #####:  428:	  break;
        7:  429:	default:
        7:  430:	  usage (4);
call    0 returned 0
    #####:  431:	  break;
        -:  432:	}
        -:  433:    }
      358:  434:  if (e_strings)
branch  0 taken 19 (fallthrough)
branch  1 taken 339
        -:  435:    {
       19:  436:      compile_string (e_strings);
call    0 returned 19
       19:  437:      free (e_strings);
        -:  438:    }
      358:  439:  if (!compiled)
branch  0 taken 5 (fallthrough)
branch  1 taken 353
        -:  440:    {
        5:  441:      if (optind == argc)
branch  0 taken 0 (fallthrough)
branch  1 taken 5
    #####:  442:	usage (4);
call    0 never executed
        5:  443:      compile_string (argv[optind++]);
call    0 returned 0
        -:  444:    }
        -:  445:
      362:  446:  for (go = jumps; go; go = go->next)
branch  0 taken 9
branch  1 taken 353 (fallthrough)
        -:  447:    {
       11:  448:      for (lbl = labels; lbl; lbl = lbl->next)
branch  0 taken 7
branch  1 taken 4 (fallthrough)
        7:  449:	if (!strcmp (lbl->name, go->name))
branch  0 taken 5 (fallthrough)
branch  1 taken 2
        5:  450:	  break;
        9:  451:      if (*go->name && !lbl)
branch  0 taken 5 (fallthrough)
branch  1 taken 4
branch  2 taken 0 (fallthrough)
branch  3 taken 5
    #####:  452:	panic ("Can't find label for jump to '%s'", go->name);
call    0 never executed
        9:  453:      go->v->v[go->v_index].x.jump = lbl;
        -:  454:    }
        -:  455:
      353:  456:  line.length = 0;
      353:  457:  line.alloc = 50;
      353:  458:  line.text = ck_malloc (50);
call    0 returned 353
        -:  459:
      353:  460:  append.length = 0;
      353:  461:  append.alloc = 50;
      353:  462:  append.text = ck_malloc (50);
call    0 returned 353
        -:  463:
      353:  464:  hold.length = 1;
      353:  465:  hold.alloc = 50;
      353:  466:  hold.text = ck_malloc (50);
call    0 returned 353
      353:  467:  hold.text[0] = '\n';
        -:  468:
      353:  469:  if (argc <= optind)
branch  0 taken 1 (fallthrough)
branch  1 taken 352
        -:  470:    {
        1:  471:      last_input_file++;
        1:  472:      read_file ("-");
call    0 returned 1
        -:  473:    }
        -:  474:  else
      658:  475:    while (optind < argc)
branch  0 taken 353
branch  1 taken 305 (fallthrough)
        -:  476:      {
      353:  477:	if (optind == argc - 1)
branch  0 taken 352 (fallthrough)
branch  1 taken 1
      352:  478:	  last_input_file++;
      353:  479:	read_file (argv[optind]);
call    0 returned 353
      353:  480:	optind++;
      353:  481:	if (quit_cmd)
branch  0 taken 47 (fallthrough)
branch  1 taken 306
       47:  482:	  break;
        -:  483:      }
      353:  484:  close_files ();
call    0 returned 353
      353:  485:  if (bad_input)
branch  0 taken 1 (fallthrough)
branch  1 taken 352
        1:  486:    exit (2);
call    0 returned 0
      352:  487:  exit (0);
        -:  488:}
        -:  489:
        -:  490:void
function close_files called 353 returned 100% blocks executed 100%
      353:  491:close_files ()
        -:  492:{
        -:  493:  int nf;
        -:  494:
    11649:  495:  for (nf = 0; nf < NUM_FPS; nf++)
branch  0 taken 11296
branch  1 taken 353 (fallthrough)
        -:  496:    {
    11296:  497:      if (file_ptrs[nf].phile)
branch  0 taken 230 (fallthrough)
branch  1 taken 11066
      230:  498:	fclose (file_ptrs[nf].phile);
call    0 returned 230
        -:  499:    }
      353:  500:}
        -:  501:
        -:  502:/* 'str' is a string (from the command line) that contains a sed command.
        -:  503:   Compile the command, and add it to the end of 'the_program' */
        -:  504:void
function compile_string called 24 returned 79% blocks executed 100%
       24:  505:compile_string (str)
        -:  506:     char *str;
        -:  507:{
       24:  508:  prog_file = 0;
       24:  509:  prog_line = 0;
       24:  510:  prog_start = prog_cur = (unsigned char *)str;
       24:  511:  prog_end = (unsigned char *)str + strlen (str);
       24:  512:  the_program = compile_program (the_program, prog_line);
call    0 returned 19
       19:  513:}
        -:  514:
        -:  515:/* 'str' is the name of a file containing sed commands.  Read them in
        -:  516:   and add them to the end of 'the_program' */
        -:  517:void
function compile_file called 339 returned 99% blocks executed 89%
      339:  518:compile_file (str)
        -:  519:     char *str;
        -:  520:{
        -:  521:  int ch;
        -:  522:
      339:  523:  prog_start = prog_cur = prog_end = 0;
      339:  524:  prog_name = str;
      339:  525:  prog_line = 1;
     339*:  526:  if (str[0] == '-' && str[1] == '\0')
branch  0 taken 0 (fallthrough)
branch  1 taken 339
branch  2 never executed
branch  3 never executed
    #####:  527:    prog_file = stdin;
        -:  528:  else
      339:  529:    prog_file = ck_fopen (str, "r");
call    0 returned 337
      337:  530:  ch = getc (prog_file);
call    0 returned 337
      337:  531:  if (ch == '#')
branch  0 taken 326 (fallthrough)
branch  1 taken 11
        -:  532:    {
      326:  533:      ch = getc (prog_file);
call    0 returned 326
      326:  534:      if (ch == 'n')
branch  0 taken 211 (fallthrough)
branch  1 taken 115
      211:  535:	no_default_output++;
     2453:  536:      while (ch != EOF && ch != '\n')
branch  0 taken 2453 (fallthrough)
branch  1 taken 0
branch  2 taken 2127
branch  3 taken 326 (fallthrough)
     2127:  537:	ch = getc (prog_file);
call    0 returned 2127
      326:  538:      ++prog_line;
        -:  539:    }
       11:  540:  else if (ch != EOF)
branch  0 taken 11 (fallthrough)
branch  1 taken 0
       11:  541:    ungetc (ch, prog_file);
call    0 returned 11
      337:  542:  the_program = compile_program (the_program, prog_line);
call    0 returned 336
      336:  543:}
        -:  544:
        -:  545:#define MORE_CMDS 40
        -:  546:
        -:  547:/* Read a program (or a subprogram within '{' '}' pairs) in and store
        -:  548:   the compiled form in *'vector'  Return a pointer to the new vector.  */
        -:  549:
        -:  550:
        -:  551:/*
        -:  552:   Because of the scarcity of changes in this version from v0,
        -:  553:   additional faults are seeded near but outside change
        -:  554:   boundaries in this function compile_program().
        -:  555:
        -:  556:   SIR, August 2006, Kyle R. Murphy
        -:  557:*/
        -:  558:
        -:  559:struct vector *
function compile_program called 691 returned 99% blocks executed 79%
      691:  560:compile_program (vector, open_line)
        -:  561:     struct vector *vector;
        -:  562:     int open_line;
        -:  563:{
        -:  564:  struct sed_cmd *cur_cmd;
        -:  565:#ifndef FAULTY_F_KRM_1
      691:  566:  int pch,ch = 0;
        -:  567:#else
        -:  568:  int pch,ch = 2000;
        -:  569:#endif
        -:  570:  int slash;
        -:  571:  VOID *b;
        -:  572:  unsigned char *string;
        -:  573:  int num;
        -:  574:
      691:  575:  if (!vector)
branch  0 taken 2 (fallthrough)
branch  1 taken 689
        -:  576:    {
      689:  577:      vector = (struct vector *) ck_malloc (sizeof (struct vector));
call    0 returned 689
      689:  578:      vector->v = (struct sed_cmd *) ck_malloc (MORE_CMDS * sizeof (struct sed_cmd));
call    0 returned 689
      689:  579:      vector->v_allocated = MORE_CMDS;
      689:  580:      vector->v_length = 0;
      689:  581:      vector->return_v = 0;
      689:  582:      vector->return_i = 0;
        -:  583:    }
        -:  584:  for (;;)
        -:  585:    {
      691:  586:    skip_comment:
        -:  587:      do
        -:  588:	{
    10265:  589:	  pch = ch;
    10265:  590:	  ch = inchar ();
call    0 returned 10265
   10265*:  591:	  if ((pch == '\\') && (ch == '\n'))
branch  0 taken 0 (fallthrough)
branch  1 taken 10265
branch  2 never executed
branch  3 never executed
        -:  592:	  #ifndef FAULTY_F_KRM_2
    #####:  593:	    ch = inchar ();
call    0 never executed
        -:  594:	  #else
        -:  595:	    ch = inchar () - 1;
        -:  596:	  #endif
        -:  597:	}
        -:  598:      #ifndef FAULTY_F_KRM_3
    10265:  599:      while (ch != EOF && (isblank (ch) || ch == '\n' || ch == ';'));
branch  0 taken 9909 (fallthrough)
branch  1 taken 356
branch  2 taken 6599
branch  3 taken 3310 (fallthrough)
branch  4 taken 1106
branch  5 taken 2204 (fallthrough)
branch  6 taken 0
branch  7 taken 2204 (fallthrough)
        -:  600:      #else
        -:  601:      while (ch != EOF && isblank (ch) || ch == '\n' || ch == ';');
        -:  602:      #endif
     2560:  603:      if (ch == EOF)
branch  0 taken 356 (fallthrough)
branch  1 taken 2204
      356:  604:	break;
     2204:  605:      savchar (ch);
call    0 returned 2204
        -:  606:
     2204:  607:      if (vector->v_length == vector->v_allocated)
branch  0 taken 0 (fallthrough)
branch  1 taken 2204
        -:  608:	{
    #####:  609:	  vector->v = ((struct sed_cmd *)
    #####:  610:		       ck_realloc ((VOID *) vector->v,
    #####:  611:				   ((vector->v_length + MORE_CMDS)
call    0 never executed
        -:  612:				    * sizeof (struct sed_cmd))));
    #####:  613:	  vector->v_allocated += MORE_CMDS;
        -:  614:	}
     2204:  615:      cur_cmd = vector->v + vector->v_length;
     2204:  616:      vector->v_length++;
        -:  617:
     2204:  618:      cur_cmd->a1.addr_type = 0;
     2204:  619:      cur_cmd->a2.addr_type = 0;
     2204:  620:      cur_cmd->aflags = 0;
     2204:  621:      cur_cmd->cmd = 0;
        -:  622:
     2204:  623:      if (compile_address (&(cur_cmd->a1)))
call    0 returned 2204
branch  1 taken 439 (fallthrough)
branch  2 taken 1765
        -:  624:	{
      439:  625:	  ch = inchar ();
call    0 returned 439
      439:  626:	  if (ch == ',')
branch  0 taken 45 (fallthrough)
branch  1 taken 394
        -:  627:	    {
        -:  628:	      do
       45:  629:		ch = inchar ();
call    0 returned 45
       45:  630:	      while (ch != EOF && isblank (ch));
branch  0 taken 45 (fallthrough)
branch  1 taken 0
branch  2 taken 0
branch  3 taken 45 (fallthrough)
       45:  631:	      savchar (ch);
call    0 returned 45
       45:  632:	      if (compile_address (&(cur_cmd->a2)))
call    0 returned 45
branch  1 taken 0 (fallthrough)
branch  2 taken 45
        -:  633:		;
        -:  634:	      else
    #####:  635:		bad_prog ("Unexpected ','");
call    0 never executed
        -:  636:	    }
        -:  637:	  else
      394:  638:	    savchar (ch);
call    0 returned 394
        -:  639:	}
     2204:  640:      if (cur_cmd->a1.addr_type == addr_is_num
branch  0 taken 67 (fallthrough)
branch  1 taken 2137
       67:  641:	  && cur_cmd->a2.addr_type == addr_is_num
branch  0 taken 18 (fallthrough)
branch  1 taken 49
       18:  642:	  && cur_cmd->a2.addr_number < cur_cmd->a1.addr_number)
branch  0 taken 0 (fallthrough)
branch  1 taken 18
    #####:  643:	cur_cmd->a2.addr_number = cur_cmd->a1.addr_number;
        -:  644:
     2204:  645:      ch = inchar ();
call    0 returned 2204
     2204:  646:      if (ch == EOF)
branch  0 taken 2204 (fallthrough)
branch  1 taken 0
    #####:  647:	bad_prog (NO_COMMAND);
call    0 never executed
     2204:  648:    new_cmd:
     2224:  649:      switch (ch)
branch  0 taken 181
branch  1 taken 20
branch  2 taken 70
branch  3 taken 36
branch  4 taken 330
branch  5 taken 329
branch  6 taken 4
branch  7 taken 9
branch  8 taken 37
branch  9 taken 847
branch 10 taken 34
branch 11 taken 45
branch 12 taken 238
branch 13 taken 39
branch 14 taken 5
        -:  650:	{
      181:  651:	case '#':
      181:  652:	  if (cur_cmd->a1.addr_type != 0)
branch  0 taken 0 (fallthrough)
branch  1 taken 181
    #####:  653:	    bad_prog (NO_ADDR);
call    0 never executed
        -:  654:	  do
     3825:  655:	    ch = inchar ();
call    0 returned 3825
     3825:  656:	  while (ch != EOF && ch != '\n');
branch  0 taken 3825 (fallthrough)
branch  1 taken 0
branch  2 taken 3644
branch  3 taken 181 (fallthrough)
      181:  657:	  vector->v_length--;
      181:  658:	  goto skip_comment;
       20:  659:	case '!':
       20:  660:	  if (cur_cmd->aflags & ADDR_BANG_BIT)
branch  0 taken 0 (fallthrough)
branch  1 taken 20
    #####:  661:	    bad_prog ("Multiple '!'s");
call    0 never executed
       20:  662:	  cur_cmd->aflags |= ADDR_BANG_BIT;
        -:  663:	  do
       20:  664:	    ch = inchar ();
call    0 returned 20
       20:  665:	  while (ch != EOF && isblank (ch));
branch  0 taken 20 (fallthrough)
branch  1 taken 0
branch  2 taken 0
branch  3 taken 20 (fallthrough)
       20:  666:	  if (ch == EOF)
branch  0 taken 0 (fallthrough)
branch  1 taken 20
    #####:  667:	    bad_prog (NO_COMMAND);
call    0 never executed
        -:  668:#if 0
        -:  669:	  savchar (ch);
        -:  670:#endif
       20:  671:	  goto new_cmd;
       70:  672:	case 'a':
        -:  673:	case 'i':
       70:  674:	  if (cur_cmd->a2.addr_type != 0)
branch  0 taken 0 (fallthrough)
branch  1 taken 70
    #####:  675:	    bad_prog (ONE_ADDR);
call    0 never executed
        -:  676:	  /* Fall Through */
        -:  677:	case 'c':
      106:  678:	  cur_cmd->cmd = ch;
      106:  679:	  if (inchar () != '\\' || inchar () != '\n')
call    0 returned 106
branch  1 taken 106 (fallthrough)
branch  2 taken 0
call    3 returned 106
branch  4 taken 0 (fallthrough)
branch  5 taken 106
    #####:  680:	    bad_prog (LINE_JUNK);
call    0 never executed
      106:  681:	  b = init_buffer ();
call    0 returned 106
     2629:  682:	  while ((ch = inchar ()) != EOF && ch != '\n')
call    0 returned 2629
branch  1 taken 2629 (fallthrough)
branch  2 taken 0
branch  3 taken 2523
branch  4 taken 106 (fallthrough)
        -:  683:	    {
     2523:  684:	      if (ch == '\\')
branch  0 taken 14 (fallthrough)
branch  1 taken 2509
       14:  685:		ch = inchar ();
call    0 returned 14
     2523:  686:	      add1_buffer (b, ch);
call    0 returned 2523
        -:  687:	    }
      106:  688:	  if (ch != EOF)
branch  0 taken 106 (fallthrough)
branch  1 taken 0
      106:  689:	    add1_buffer (b, ch);
call    0 returned 106
      106:  690:	  num = size_buffer (b);
call    0 returned 106
      106:  691:	  string = (unsigned char *) ck_malloc (num);
call    0 returned 106
      106:  692:	  bcopy (get_buffer (b), string, num);
call    0 returned 106
      106:  693:	  flush_buffer (b);
call    0 returned 106
      106:  694:	  cur_cmd->x.cmd_txt.text_len = num;
      106:  695:	  cur_cmd->x.cmd_txt.text = (char *) string;
      106:  696:	  break;
      330:  697:	case '{':
      330:  698:	  cur_cmd->cmd = ch;
      330:  699:	  program_depth++;
        -:  700:#if 0
        -:  701:	  while ((ch = inchar ()) != EOF && ch != '\n')
        -:  702:	    if (!isblank (ch))
        -:  703:	      bad_prog (LINE_JUNK);
        -:  704:#endif
      330:  705:	  cur_cmd->x.sub = compile_program ((struct vector *) 0, prog_line);
call    0 returned 329
        -:  706:	  /* FOO JF is this the right thing to do?
        -:  707:			   almost.  don't forget a return addr.  -t */
      329:  708:	  cur_cmd->x.sub->return_v = vector;
      329:  709:	  cur_cmd->x.sub->return_i = vector->v_length - 1;
      329:  710:	  break;
      329:  711:	case '}':
      329:  712:	  if (!program_depth)
branch  0 taken 0 (fallthrough)
branch  1 taken 329
    #####:  713:	    bad_prog ("Unexpected '}'");
call    0 never executed
      329:  714:	  --program_depth;
        -:  715:	  /* a return insn for subprograms -t */
      329:  716:	  cur_cmd->cmd = ch;
      329:  717:	  if (cur_cmd->a1.addr_type != 0)
branch  0 taken 0 (fallthrough)
branch  1 taken 329
    #####:  718:	    bad_prog ("} doesn't want any addresses");
call    0 never executed
      335:  719:	  while ((ch = inchar ()) != EOF && ch != '\n' && ch != ';')
call    0 returned 335
branch  1 taken 335 (fallthrough)
branch  2 taken 0
branch  3 taken 6 (fallthrough)
branch  4 taken 329
branch  5 taken 6
branch  6 taken 0 (fallthrough)
        6:  720:	    if (!isblank (ch))
branch  0 taken 0 (fallthrough)
branch  1 taken 6
    #####:  721:	      bad_prog (LINE_JUNK);
call    0 never executed
      329:  722:	  return vector;
        4:  723:	case ':':
        4:  724:	  cur_cmd->cmd = ch;
        4:  725:	  if (cur_cmd->a1.addr_type != 0)
branch  0 taken 0 (fallthrough)
branch  1 taken 4
    #####:  726:	    bad_prog (": doesn't want any addresses");
call    0 never executed
        4:  727:	  labels = setup_jump (labels, cur_cmd, vector);
call    0 returned 4
        4:  728:	  break;
        9:  729:	case 'b':
        -:  730:	case 't':
        9:  731:	  cur_cmd->cmd = ch;
        9:  732:	  jumps = setup_jump (jumps, cur_cmd, vector);
call    0 returned 9
        9:  733:	  break;
       37:  734:	case 'q':
        -:  735:	case '=':
       37:  736:	  if (cur_cmd->a2.addr_type)
branch  0 taken 0 (fallthrough)
branch  1 taken 37
    #####:  737:	    bad_prog (ONE_ADDR);
call    0 never executed
        -:  738:	  /* Fall Through */
        -:  739:	case 'd':
        -:  740:	case 'D':
        -:  741:	case 'g':
        -:  742:	case 'G':
        -:  743:	case 'h':
        -:  744:	case 'H':
        -:  745:	case 'l':
        -:  746:	case 'n':
        -:  747:	case 'N':
        -:  748:	case 'p':
        -:  749:	case 'P':
        -:  750:	case 'x':
      884:  751:	  cur_cmd->cmd = ch;
        -:  752:	  do
      897:  753:	    ch = inchar ();
call    0 returned 897
      897:  754:	  while (ch != EOF && isblank (ch) && ch != '\n' && ch != ';');
branch  0 taken 897 (fallthrough)
branch  1 taken 0
branch  2 taken 13 (fallthrough)
branch  3 taken 884
branch  4 taken 13 (fallthrough)
branch  5 taken 0
branch  6 taken 13
branch  7 taken 0 (fallthrough)
     884*:  755:	  if (ch != '\n' && ch != ';' && ch != EOF)
branch  0 taken 77 (fallthrough)
branch  1 taken 807
branch  2 taken 0 (fallthrough)
branch  3 taken 77
branch  4 never executed
branch  5 never executed
    #####:  756:	    bad_prog (LINE_JUNK);
call    0 never executed
      884:  757:	  break;
        -:  758:
       34:  759:	case 'r':
       34:  760:	  if (cur_cmd->a2.addr_type != 0)
branch  0 taken 0 (fallthrough)
branch  1 taken 34
    #####:  761:	    bad_prog (ONE_ADDR);
call    0 never executed
        -:  762:	  /* FALL THROUGH */
        -:  763:	case 'w':
       79:  764:	  cur_cmd->cmd = ch;
       79:  765:	  cur_cmd->x.io_file = compile_filename (ch == 'r');
call    0 returned 79
       79:  766:	  break;
        -:  767:
      238:  768:	case 's':
      238:  769:	  cur_cmd->cmd = ch;
      238:  770:	  slash = inchar ();
call    0 returned 238
      238:  771:	  compile_regex (slash);
call    0 returned 238
        -:  772:
      238:  773:	  cur_cmd->x.cmd_regex.regx = last_regex;
        -:  774:
      238:  775:	  b = init_buffer ();
call    0 returned 238
     1736:  776:	  while (((ch = inchar ()) != EOF) && (ch != slash) && (ch != '\n'))
call    0 returned 1736
branch  1 taken 1736 (fallthrough)
branch  2 taken 0
branch  3 taken 1498 (fallthrough)
branch  4 taken 238
branch  5 taken 1498
branch  6 taken 0 (fallthrough)
        -:  777:	    {
     1498:  778:	      if (ch == '\\')
branch  0 taken 41 (fallthrough)
branch  1 taken 1457
        -:  779:		{
        -:  780:		  int ci;
        -:  781:
       41:  782:		  ci = inchar ();
call    0 returned 41
       41:  783:		  if (ci != EOF)
branch  0 taken 41 (fallthrough)
branch  1 taken 0
        -:  784:		    {
       41:  785:		      if (ci != '\n')
branch  0 taken 41 (fallthrough)
branch  1 taken 0
       41:  786:			add1_buffer (b, ch);
call    0 returned 41
       41:  787:		      add1_buffer (b, ci);
call    0 returned 41
        -:  788:		    }
        -:  789:		}
        -:  790:	      else
     1457:  791:		add1_buffer (b, ch);
call    0 returned 1457
        -:  792:	    }
      238:  793:	  if (ch != slash)
branch  0 taken 0 (fallthrough)
branch  1 taken 238
        -:  794:	    {
    #####:  795:	      if (ch == '\n' && prog_line > 1)
branch  0 never executed
branch  1 never executed
branch  2 never executed
branch  3 never executed
    #####:  796:		--prog_line;
    #####:  797:	      bad_prog ("Unterminated `s' command");
call    0 never executed
        -:  798:	    }
      238:  799:	  cur_cmd->x.cmd_regex.replace_length = size_buffer (b);
call    0 returned 238
      238:  800:	  cur_cmd->x.cmd_regex.replacement = ck_malloc (cur_cmd->x.cmd_regex.replace_length);
call    0 returned 238
      238:  801:	  bcopy (get_buffer (b), cur_cmd->x.cmd_regex.replacement, cur_cmd->x.cmd_regex.replace_length);
call    0 returned 238
      238:  802:	  flush_buffer (b);
call    0 returned 238
        -:  803:
      238:  804:	  cur_cmd->x.cmd_regex.flags = 0;
      238:  805:	  cur_cmd->x.cmd_regex.numb = 0;
        -:  806:
      238:  807:	  if (ch == EOF)
branch  0 taken 0 (fallthrough)
branch  1 taken 238
    #####:  808:	    break;
        -:  809:	  do
        -:  810:	    {
      551:  811:	      ch = inchar ();
call    0 returned 551
        -:  812:	      switch (ch)
        -:  813:		{
      110:  814:		case 'p':
      110:  815:		  if (cur_cmd->x.cmd_regex.flags & S_PRINT_BIT)
branch  0 taken 0 (fallthrough)
branch  1 taken 110
    #####:  816:		    bad_prog ("multiple 'p' options to 's' command");
call    0 never executed
      110:  817:		  cur_cmd->x.cmd_regex.flags |= S_PRINT_BIT;
      110:  818:		  break;
      203:  819:		case 'g':
      203:  820:		  if (cur_cmd->x.cmd_regex.flags & S_NUM_BIT)
branch  0 taken 0 (fallthrough)
branch  1 taken 203
    #####:  821:		    cur_cmd->x.cmd_regex.flags &= ~S_NUM_BIT;
      203:  822:		  if (cur_cmd->x.cmd_regex.flags & S_GLOBAL_BIT)
branch  0 taken 0 (fallthrough)
branch  1 taken 203
    #####:  823:		    bad_prog ("multiple 'g' options to 's' command");
call    0 never executed
      203:  824:		  cur_cmd->x.cmd_regex.flags |= S_GLOBAL_BIT;
      203:  825:		  break;
      151:  826:		case 'w':
      151:  827:		  cur_cmd->x.cmd_regex.flags |= S_WRITE_BIT;
      151:  828:		  cur_cmd->x.cmd_regex.wio_file = compile_filename (0);
call    0 returned 151
      151:  829:		  ch = '\n';
      151:  830:		  break;
    #####:  831:		case '0':
        -:  832:		case '1':
        -:  833:		case '2':
        -:  834:		case '3':
        -:  835:		case '4':
        -:  836:		case '5':
        -:  837:		case '6':
        -:  838:		case '7':
        -:  839:		case '8':
        -:  840:		case '9':
    #####:  841:		  if (cur_cmd->x.cmd_regex.flags & S_NUM_BIT)
branch  0 never executed
branch  1 never executed
    #####:  842:		    bad_prog ("multiple number options to 's' command");
call    0 never executed
    #####:  843:		  if ((cur_cmd->x.cmd_regex.flags & S_GLOBAL_BIT) == 0)
branch  0 never executed
branch  1 never executed
    #####:  844:		    cur_cmd->x.cmd_regex.flags |= S_NUM_BIT;
    #####:  845:		  num = 0;
    #####:  846:		  while (isdigit (ch))
branch  0 never executed
branch  1 never executed
        -:  847:		    {
    #####:  848:		      num = num * 10 + ch - '0';
    #####:  849:		      ch = inchar ();
call    0 never executed
        -:  850:		    }
    #####:  851:		  savchar (ch);
call    0 never executed
    #####:  852:		  cur_cmd->x.cmd_regex.numb = num;
    #####:  853:		  break;
       87:  854:		case '\n':
        -:  855:		case ';':
        -:  856:		case EOF:
       87:  857:		  break;
    #####:  858:		default:
    #####:  859:		  bad_prog ("Unknown option to 's'");
call    0 never executed
    #####:  860:		  break;
        -:  861:		}
        -:  862:	    }
      551:  863:	  while (ch != EOF && ch != '\n' && ch != ';');
branch  0 taken 551 (fallthrough)
branch  1 taken 0
branch  2 taken 314 (fallthrough)
branch  3 taken 237
branch  4 taken 313
branch  5 taken 1 (fallthrough)
      238:  864:	  if (ch == EOF)
branch  0 taken 0 (fallthrough)
branch  1 taken 238
    #####:  865:	    break;
      238:  866:	  break;
        -:  867:
       39:  868:	case 'y':
       39:  869:	  cur_cmd->cmd = ch;
       39:  870:	  string = (unsigned char *) ck_malloc (256);
call    0 returned 39
    10023:  871:	  for (num = 0; num < 256; num++)
branch  0 taken 9984
branch  1 taken 39 (fallthrough)
     9984:  872:	    string[num] = num;
       39:  873:	  b = init_buffer ();
call    0 returned 39
       39:  874:	  slash = inchar ();
call    0 returned 39
      328:  875:	  while ((ch = inchar ()) != EOF && ch != slash)
call    0 returned 328
branch  1 taken 328 (fallthrough)
branch  2 taken 0
branch  3 taken 289
branch  4 taken 39 (fallthrough)
      289:  876:	    add1_buffer (b, ch);
call    0 returned 289
       39:  877:	  cur_cmd->x.translate = string;
       39:  878:	  string = (unsigned char *) get_buffer (b);
call    0 returned 39
      328:  879:	  for (num = size_buffer (b); num; --num)
call    0 returned 39
branch  1 taken 289
branch  2 taken 39 (fallthrough)
        -:  880:	    {
      289:  881:	      ch = inchar ();
call    0 returned 289
      289:  882:	      if (ch == EOF)
branch  0 taken 0 (fallthrough)
branch  1 taken 289
    #####:  883:		bad_prog (BAD_EOF);
call    0 never executed
      289:  884:	      if (ch == slash)
branch  0 taken 0 (fallthrough)
branch  1 taken 289
    #####:  885:		bad_prog ("strings for y command are different lengths");
call    0 never executed
      289:  886:	      cur_cmd->x.translate[*string++] = ch;
        -:  887:	    }
       39:  888:	  flush_buffer (b);
call    0 returned 39
       39:  889:	  if (inchar () != slash || ((ch = inchar ()) != EOF && ch != '\n' && ch != ';'))
call    0 returned 39
branch  1 taken 39 (fallthrough)
branch  2 taken 0
call    3 returned 39
branch  4 taken 39 (fallthrough)
branch  5 taken 0
branch  6 taken 2 (fallthrough)
branch  7 taken 37
branch  8 taken 0 (fallthrough)
branch  9 taken 2
    #####:  890:	    bad_prog (LINE_JUNK);
call    0 never executed
       39:  891:	  break;
        -:  892:
        5:  893:	default:
        5:  894:	  bad_prog ("Unknown command");
call    0 returned 0
        -:  895:	}
        -:  896:    }
      356:  897:  if (program_depth)
branch  0 taken 1 (fallthrough)
branch  1 taken 355
        -:  898:    {
        1:  899:      prog_line = open_line;
        1:  900:      bad_prog ("Unmatched `{'");
call    0 returned 0
        -:  901:    }
      355:  902:  return vector;
        -:  903:}
        -:  904:
        -:  905:/* Complain about a programming error and exit. */
        -:  906:void
function bad_prog called 6 returned 0% blocks executed 100%
        6:  907:bad_prog (why)
        -:  908:     char *why;
        -:  909:{
        6:  910:  if (prog_line > 0)
branch  0 taken 1 (fallthrough)
branch  1 taken 5
        1:  911:    fprintf (stderr, "%s: file %s line %d: %s\n",
call    0 returned 1
        -:  912:	     myname, prog_name, prog_line, why);
        -:  913:  else
        5:  914:    fprintf (stderr, "%s: %s\n", myname, why);
call    0 returned 5
        6:  915:  exit (1);
        -:  916:}
        -:  917:
        -:  918:/* Read the next character from the program.  Return EOF if there isn't
        -:  919:   anything to read.  Keep prog_line up to date, so error messages can
        -:  920:   be meaningful. */
        -:  921:int
function inchar called 34126 returned 100% blocks executed 87%
    34126:  922:inchar ()
        -:  923:{
        -:  924:  int ch;
    34126:  925:  if (prog_file)
branch  0 taken 33742 (fallthrough)
branch  1 taken 384
        -:  926:    {
    33742:  927:      if (feof (prog_file))
call    0 returned 33742
branch  1 taken 0 (fallthrough)
branch  2 taken 33742
    #####:  928:	return EOF;
        -:  929:      else
    33742:  930:	ch = getc (prog_file);
call    0 returned 33742
        -:  931:    }
        -:  932:  else
        -:  933:    {
      384:  934:      if (!prog_cur)
branch  0 taken 0 (fallthrough)
branch  1 taken 384
    #####:  935:	return EOF;
      384:  936:      else if (prog_cur == prog_end)
branch  0 taken 19 (fallthrough)
branch  1 taken 365
        -:  937:	{
       19:  938:	  ch = EOF;
       19:  939:	  prog_cur = 0;
        -:  940:	}
        -:  941:      else
      365:  942:	ch = *prog_cur++;
        -:  943:    }
    34126:  944:  if ((ch == '\n') && prog_line)
branch  0 taken 3001 (fallthrough)
branch  1 taken 31125
branch  2 taken 2981 (fallthrough)
branch  3 taken 20
     2981:  945:    prog_line++;
    34126:  946:  return ch;
        -:  947:}
        -:  948:
        -:  949:/* unget 'ch' so the next call to inchar will return it.  'ch' must not be
        -:  950:   EOF or anything nasty like that. */
        -:  951:void
function savchar called 5007 returned 100% blocks executed 89%
     5007:  952:savchar (ch)
        -:  953:     int ch;
        -:  954:{
     5007:  955:  if (ch == EOF)
branch  0 taken 0 (fallthrough)
branch  1 taken 5007
    #####:  956:    return;
     5007:  957:  if (ch == '\n' && prog_line > 1)
branch  0 taken 13 (fallthrough)
branch  1 taken 4994
branch  2 taken 13 (fallthrough)
branch  3 taken 0
       13:  958:    --prog_line;
     5007:  959:  if (prog_file)
branch  0 taken 4941 (fallthrough)
branch  1 taken 66
     4941:  960:    ungetc (ch, prog_file);
call    0 returned 4941
        -:  961:  else
       66:  962:    *--prog_cur = ch;
        -:  963:}
        -:  964:
        -:  965:
        -:  966:/* Try to read an address for a sed command.  If it succeeeds,
        -:  967:   return non-zero and store the resulting address in *'addr'.
        -:  968:   If the input doesn't look like an address read nothing
        -:  969:   and return zero. */
        -:  970:int
function compile_address called 2249 returned 100% blocks executed 94%
     2249:  971:compile_address (addr)
        -:  972:     struct addr *addr;
        -:  973:{
        -:  974:  int ch;
        -:  975:  int num;
        -:  976:
     2249:  977:  ch = inchar ();
call    0 returned 2249
        -:  978:
     2249:  979:  if (isdigit (ch))
branch  0 taken 88 (fallthrough)
branch  1 taken 2161
        -:  980:    {
       88:  981:      num = ch - '0';
      158:  982:      while ((ch = inchar ()) != EOF && isdigit (ch))
call    0 returned 158
branch  1 taken 158 (fallthrough)
branch  2 taken 0
branch  3 taken 70
branch  4 taken 88 (fallthrough)
       70:  983:	num = num * 10 + ch - '0';
       88:  984:      while (ch != EOF && isblank (ch))
branch  0 taken 88 (fallthrough)
branch  1 taken 0
branch  2 taken 0
branch  3 taken 88 (fallthrough)
    #####:  985:	ch = inchar ();
call    0 never executed
       88:  986:      savchar (ch);
call    0 returned 88
       88:  987:      addr->addr_type = addr_is_num;
       88:  988:      addr->addr_number = num;
       88:  989:      return 1;
        -:  990:    }
     2161:  991:  else if (ch == '/' || ch == '\\')
branch  0 taken 1778 (fallthrough)
branch  1 taken 383
branch  2 taken 0 (fallthrough)
branch  3 taken 1778
        -:  992:    {
      383:  993:      addr->addr_type = addr_is_regex;
      383:  994:      if (ch == '\\')
branch  0 taken 0 (fallthrough)
branch  1 taken 383
    #####:  995:	ch = inchar ();
call    0 never executed
      383:  996:      compile_regex (ch);
call    0 returned 383
      383:  997:      addr->addr_regex = last_regex;
        -:  998:      do
      391:  999:	ch = inchar ();
call    0 returned 391
      391: 1000:      while (ch != EOF && isblank (ch));
branch  0 taken 391 (fallthrough)
branch  1 taken 0
branch  2 taken 8
branch  3 taken 383 (fallthrough)
      383: 1001:      savchar (ch);
call    0 returned 383
      383: 1002:      return 1;
        -: 1003:    }
     1778: 1004:  else if (ch == '$')
branch  0 taken 13 (fallthrough)
branch  1 taken 1765
        -: 1005:    {
       13: 1006:      addr->addr_type = addr_is_last;
        -: 1007:      do
       13: 1008:	ch = inchar ();
call    0 returned 13
       13: 1009:      while (ch != EOF && isblank (ch));
branch  0 taken 13 (fallthrough)
branch  1 taken 0
branch  2 taken 0
branch  3 taken 13 (fallthrough)
       13: 1010:      savchar (ch);
call    0 returned 13
       13: 1011:      return 1;
        -: 1012:    }
        -: 1013:  else
     1765: 1014:    savchar (ch);
call    0 returned 1765
     1765: 1015:  return 0;
        -: 1016:}
        -: 1017:
        -: 1018:void
function compile_regex called 621 returned 100% blocks executed 92%
      621: 1019:compile_regex (slash)
        -: 1020:     int slash;
        -: 1021:{
        -: 1022:  VOID *b;
        -: 1023:  int ch;
      621: 1024:  int char_class_pos = -1;
        -: 1025:
      621: 1026:  b = init_buffer ();
call    0 returned 621
     3305: 1027:  while ((ch = inchar ()) != EOF && (ch != slash || (char_class_pos >= 0)))
call    0 returned 3305
branch  1 taken 3305 (fallthrough)
branch  2 taken 0
branch  3 taken 2684
branch  4 taken 621 (fallthrough)
branch  5 taken 0
branch  6 taken 621 (fallthrough)
        -: 1028:    {
     2684: 1029:      if (ch == '^')
branch  0 taken 153 (fallthrough)
branch  1 taken 2531
        -: 1030:	{
      153: 1031:	  if (size_buffer (b) == 0)
call    0 returned 153
branch  1 taken 152 (fallthrough)
branch  2 taken 1
        -: 1032:	    {
      152: 1033:	      add1_buffer (b, '\\');
call    0 returned 152
      152: 1034:	      add1_buffer (b, '`');
call    0 returned 152
        -: 1035:	    }
        -: 1036:	  else
        1: 1037:	    add1_buffer (b, ch);
call    0 returned 1
      153: 1038:	  continue;
        -: 1039:	}
     2531: 1040:      else if (ch == '$')
branch  0 taken 102 (fallthrough)
branch  1 taken 2429
        -: 1041:	{
      102: 1042:	  ch = inchar ();
call    0 returned 102
      102: 1043:	  savchar (ch);
call    0 returned 102
      102: 1044:	  if (ch == slash)
branch  0 taken 102 (fallthrough)
branch  1 taken 0
        -: 1045:	    {
      102: 1046:	      add1_buffer (b, '\\');
call    0 returned 102
      102: 1047:	      add1_buffer (b, '\'');
call    0 returned 102
        -: 1048:	    }
        -: 1049:	  else
    #####: 1050:	    add1_buffer (b, '$');
call    0 never executed
      102: 1051:	  continue;
        -: 1052:	}
     2429: 1053:      else if (ch == '[')
branch  0 taken 5 (fallthrough)
branch  1 taken 2424
        -: 1054:	{
        5: 1055:	  if (char_class_pos < 0)
branch  0 taken 5 (fallthrough)
branch  1 taken 0
        5: 1056:	    char_class_pos = size_buffer (b);
call    0 returned 5
        5: 1057:	  add1_buffer (b, ch);
call    0 returned 5
        5: 1058:	  continue;
        -: 1059:	}
     2424: 1060:      else if (ch == ']')
branch  0 taken 5 (fallthrough)
branch  1 taken 2419
        -: 1061:	{
        5: 1062:	  add1_buffer (b, ch);
call    0 returned 5
        5: 1063:	  {
        5: 1064:	    char * regexp = get_buffer (b);
call    0 returned 5
        5: 1065:	    int pos = size_buffer (b) - 1;
call    0 returned 5
        5: 1066:	    if (!(   (char_class_pos >= 0)
branch  0 taken 5 (fallthrough)
branch  1 taken 0
        5: 1067:		  && (   (pos == char_class_pos + 1)
branch  0 taken 5 (fallthrough)
branch  1 taken 0
        5: 1068:		      || (   (pos == char_class_pos + 2)
branch  0 taken 0 (fallthrough)
branch  1 taken 5
    #####: 1069:			  && (regexp[char_class_pos + 1] == '^')))))
branch  0 never executed
branch  1 never executed
        5: 1070:	      char_class_pos = -1;
        5: 1071:	    continue;
        -: 1072:	  }
        -: 1073:	}
     2419: 1074:      else if (ch != '\\' || (char_class_pos >= 0))
branch  0 taken 350 (fallthrough)
branch  1 taken 2069
branch  2 taken 0 (fallthrough)
branch  3 taken 350
        -: 1075:	{
     2069: 1076:	  add1_buffer (b, ch);
call    0 returned 2069
     2069: 1077:	  continue;
        -: 1078:	}
      350: 1079:      ch = inchar ();
call    0 returned 350
      350: 1080:      switch (ch)
branch  0 taken 12
branch  1 taken 0
branch  2 taken 338
        -: 1081:	{
       12: 1082:	case 'n':
       12: 1083:	  add1_buffer (b, '\n');
call    0 returned 12
       12: 1084:	  break;
        -: 1085:#if 0
        -: 1086:	case 'b':
        -: 1087:	  add1_buffer (b, '\b');
        -: 1088:	  break;
        -: 1089:	case 'f':
        -: 1090:	  add1_buffer (b, '\f');
        -: 1091:	  break;
        -: 1092:	case 'r':
        -: 1093:	  add1_buffer (b, '\r');
        -: 1094:	  break;
        -: 1095:	case 't':
        -: 1096:	  add1_buffer (b, '\t');
        -: 1097:	  break;
        -: 1098:#endif /* 0 */
    #####: 1099:	case EOF:
    #####: 1100:	  break;
      338: 1101:	default:
      338: 1102:	  add1_buffer (b, '\\');
call    0 returned 338
      338: 1103:	  add1_buffer (b, ch);
call    0 returned 338
      338: 1104:	  break;
        -: 1105:	}
        -: 1106:    }
      621: 1107:  if (ch == EOF)
branch  0 taken 0 (fallthrough)
branch  1 taken 621
    #####: 1108:    bad_prog (BAD_EOF);
call    0 never executed
      621: 1109:  if (size_buffer (b))
call    0 returned 621
branch  1 taken 603 (fallthrough)
branch  2 taken 18
        -: 1110:    {
      603: 1111:      last_regex = (struct re_pattern_buffer *) ck_malloc (sizeof (struct re_pattern_buffer));
call    0 returned 603
      603: 1112:      last_regex->allocated = size_buffer (b) + 10;
call    0 returned 603
     1206: 1113:      last_regex->buffer =
      603: 1114:	(unsigned char *) ck_malloc (last_regex->allocated);
call    0 returned 603
      603: 1115:      last_regex->fastmap = ck_malloc (256);
call    0 returned 603
      603: 1116:      last_regex->translate = 0;
      603: 1117:      re_compile_pattern (get_buffer (b), size_buffer (b), last_regex);
call    0 returned 603
call    1 returned 603
call    2 returned 603
        -: 1118:    }
       18: 1119:  else if (!last_regex)
branch  0 taken 0 (fallthrough)
branch  1 taken 18
    #####: 1120:    bad_prog (NO_REGEX);
call    0 never executed
      621: 1121:  flush_buffer (b);
call    0 returned 621
      621: 1122:}
        -: 1123:
        -: 1124:/* Store a label (or label reference) created by a ':', 'b', or 't'
        -: 1125:   comand so that the jump to/from the lable can be backpatched after
        -: 1126:   compilation is complete */
        -: 1127:struct sed_label *
function setup_jump called 13 returned 100% blocks executed 100%
       13: 1128:setup_jump (list, cmd, vec)
        -: 1129:     struct sed_label *list;
        -: 1130:     struct sed_cmd *cmd;
        -: 1131:     struct vector *vec;
        -: 1132:{
        -: 1133:  struct sed_label *tmp;
        -: 1134:  VOID *b;
        -: 1135:  int ch;
        -: 1136:
       13: 1137:  b = init_buffer ();
call    0 returned 13
       19: 1138:  while ((ch = inchar ()) != EOF && isblank (ch))
call    0 returned 19
branch  1 taken 19 (fallthrough)
branch  2 taken 0
branch  3 taken 6
branch  4 taken 13 (fallthrough)
        -: 1139:    ;
        -: 1140:  /* Possible non posixicity. */
       40: 1141:  while (ch != EOF && ch != '\n' && (!isblank (ch)) && ch != ';' && ch != '}')
branch  0 taken 40 (fallthrough)
branch  1 taken 0
branch  2 taken 27 (fallthrough)
branch  3 taken 13
branch  4 taken 27 (fallthrough)
branch  5 taken 0
branch  6 taken 27 (fallthrough)
branch  7 taken 0
branch  8 taken 27
branch  9 taken 0 (fallthrough)
        -: 1142:    {
       27: 1143:      add1_buffer (b, ch);
call    0 returned 27
       27: 1144:      ch = inchar ();
call    0 returned 27
        -: 1145:    }
       13: 1146:  savchar (ch);
call    0 returned 13
       13: 1147:  add1_buffer (b, '\0');
call    0 returned 13
       13: 1148:  tmp = (struct sed_label *) ck_malloc (sizeof (struct sed_label));
call    0 returned 13
       13: 1149:  tmp->v = vec;
       13: 1150:  tmp->v_index = cmd - vec->v;
       13: 1151:  tmp->name = ck_strdup (get_buffer (b));
call    0 returned 13
call    1 returned 13
       13: 1152:  tmp->next = list;
       13: 1153:  flush_buffer (b);
call    0 returned 13
       13: 1154:  return tmp;
        -: 1155:}
        -: 1156:
        -: 1157:/* read in a filename for a 'r', 'w', or 's///w' command, and
        -: 1158:   update the internal structure about files.  The file is
        -: 1159:   opened if it isn't already open. */
        -: 1160:FILE *
function compile_filename called 230 returned 100% blocks executed 79%
      230: 1161:compile_filename (readit)
        -: 1162:     int readit;
        -: 1163:{
        -: 1164:  char *file_name;
        -: 1165:  int n;
        -: 1166:  VOID *b;
        -: 1167:  int ch;
        -: 1168:
      230: 1169:  if (inchar () != ' ')
call    0 returned 230
branch  1 taken 0 (fallthrough)
branch  2 taken 230
    #####: 1170:    bad_prog ("missing ' ' before filename");
call    0 never executed
      230: 1171:  b = init_buffer ();
call    0 returned 230
     3097: 1172:  while ((ch = inchar ()) != EOF && ch != '\n')
call    0 returned 3097
branch  1 taken 3097 (fallthrough)
branch  2 taken 0
branch  3 taken 2867
branch  4 taken 230 (fallthrough)
     2867: 1173:    add1_buffer (b, ch);
call    0 returned 2867
      230: 1174:  add1_buffer (b, '\0');
call    0 returned 230
      230: 1175:  file_name = get_buffer (b);
call    0 returned 230
      292: 1176:  for (n = 0; n < NUM_FPS; n++)
branch  0 taken 292
branch  1 taken 0 (fallthrough)
        -: 1177:    {
      292: 1178:      if (!file_ptrs[n].name)
branch  0 taken 230 (fallthrough)
branch  1 taken 62
      230: 1179:	break;
       62: 1180:      if (!strcmp (file_ptrs[n].name, file_name))
branch  0 taken 0 (fallthrough)
branch  1 taken 62
        -: 1181:	{
    #####: 1182:	  if (file_ptrs[n].readit != readit)
branch  0 never executed
branch  1 never executed
    #####: 1183:	    bad_prog ("Can't open file for both reading and writing");
call    0 never executed
    #####: 1184:	  flush_buffer (b);
call    0 never executed
    #####: 1185:	  return file_ptrs[n].phile;
        -: 1186:	}
        -: 1187:    }
      230: 1188:  if (n < NUM_FPS)
branch  0 taken 230 (fallthrough)
branch  1 taken 0
        -: 1189:    {
      230: 1190:      file_ptrs[n].name = ck_strdup (file_name);
call    0 returned 230
      230: 1191:      file_ptrs[n].readit = readit;
      230: 1192:      if (!readit)
branch  0 taken 196 (fallthrough)
branch  1 taken 34
      196: 1193:	file_ptrs[n].phile = ck_fopen (file_name, "w");
call    0 returned 196
        -: 1194:      else
        -: 1195:	{
       34: 1196:	  file_ptrs[n].phile = ck_fopen (file_name, "r");
call    0 returned 34
        -: 1197:	}
      230: 1198:      flush_buffer (b);
call    0 returned 230
      230: 1199:      return file_ptrs[n].phile;
        -: 1200:    }
        -: 1201:  else
        -: 1202:    {
    #####: 1203:      bad_prog ("Hopelessely evil compiled in limit on number of open files.  re-compile sed");
call    0 never executed
    #####: 1204:      return 0;
        -: 1205:    }
        -: 1206:}
        -: 1207:
        -: 1208:/* Read a file and apply the compiled script to it. */
        -: 1209:void
function read_file called 354 returned 100% blocks executed 100%
      354: 1210:read_file (name)
        -: 1211:     char *name;
        -: 1212:{
      354: 1213:  if (*name == '-' && name[1] == '\0')
branch  0 taken 1 (fallthrough)
branch  1 taken 353
branch  2 taken 1 (fallthrough)
branch  3 taken 0
        1: 1214:    input_file = stdin;
        -: 1215:  else
        -: 1216:    {
      353: 1217:      input_file = fopen (name, "r");
call    0 returned 353
      353: 1218:      if (input_file == 0)
branch  0 taken 1 (fallthrough)
branch  1 taken 352
        -: 1219:	{
        1: 1220:	  char *ptr = strerror(errno);
call    0 returned 1
        1: 1221:	  bad_input++;
        1: 1222:	  fprintf (stderr, "%s: can't read %s: %s\n", myname, name, ptr);
call    0 returned 1
        1: 1223:	  return;
        -: 1224:	}
        -: 1225:    }
    31936: 1226:  while (read_pattern_space ())
call    0 returned 31936
branch  1 taken 31630
branch  2 taken 306 (fallthrough)
        -: 1227:    {
    31630: 1228:      execute_program (the_program);
call    0 returned 31630
    31630: 1229:      if (!no_default_output)
branch  0 taken 12523 (fallthrough)
branch  1 taken 19107
    12523: 1230:	ck_fwrite (line.text, 1, line.length, stdout);
call    0 returned 12523
    31630: 1231:      if (append.length)
branch  0 taken 607 (fallthrough)
branch  1 taken 31023
        -: 1232:	{
      607: 1233:	  ck_fwrite (append.text, 1, append.length, stdout);
call    0 returned 607
      607: 1234:	  append.length = 0;
        -: 1235:	}
    31630: 1236:      if (quit_cmd)
branch  0 taken 47 (fallthrough)
branch  1 taken 31583
       47: 1237:	break;
        -: 1238:    }
      353: 1239:  ck_fclose (input_file);
call    0 returned 353
        -: 1240:}
        -: 1241:
        -: 1242:static char *
function eol_pos called 3793 returned 100% blocks executed 83%
     3793: 1243:eol_pos (str, len)
        -: 1244:     char *str;
        -: 1245:     int len;
        -: 1246:{
    58987: 1247:  while (len--)
branch  0 taken 58987
branch  1 taken 0 (fallthrough)
    58987: 1248:    if (*str++ == '\n')
branch  0 taken 3793 (fallthrough)
branch  1 taken 55194
     3793: 1249:      return --str;
    #####: 1250:  return --str;
        -: 1251:}
        -: 1252:
        -: 1253:static void
function chr_copy called 717 returned 100% blocks executed 100%
      717: 1254:chr_copy (dest, src, len)
        -: 1255:     char *dest;
        -: 1256:     char *src;
        -: 1257:     int len;
        -: 1258:{
    13145: 1259:  while (len--)
branch  0 taken 12428
branch  1 taken 717 (fallthrough)
    12428: 1260:    *dest++ = *src++;
      717: 1261:}
        -: 1262:
        -: 1263:/* Execute the program 'vec' on the current input line. */
        -: 1264:static struct re_registers regs =
        -: 1265:{0, 0, 0};
        -: 1266:
        -: 1267:void
function execute_program called 31630 returned 100% blocks executed 87%
    31630: 1268:execute_program (vec)
        -: 1269:     struct vector *vec;
        -: 1270:{
        -: 1271:  struct sed_cmd *cur_cmd;
        -: 1272:  int n;
        -: 1273:  int addr_matched;
        -: 1274:  static int end_cycle;
        -: 1275:
        -: 1276:  int start;
        -: 1277:  int remain;
        -: 1278:  int offset;
        -: 1279:
        -: 1280:  static struct line tmp;
        -: 1281:  struct line t;
        -: 1282:  char *rep, *rep_end, *rep_next, *rep_cur;
        -: 1283:
        -: 1284:  int count;
    31630: 1285:  struct vector *restart_vec = vec;
        -: 1286:
    32347: 1287:restart:
    32347: 1288:  vec = restart_vec;
    32347: 1289:  count = 0;
        -: 1290:
    32347: 1291:  end_cycle = 0;
        -: 1292:
    92510: 1293:  for (cur_cmd = vec->v, n = vec->v_length; n; cur_cmd++, n--)
branch  0 taken 66051
branch  1 taken 26459 (fallthrough)
        -: 1294:    {
    66051: 1295:    exe_loop:
    70795: 1296:      addr_matched = 0;
    70795: 1297:      if (cur_cmd->aflags & A1_MATCHED_BIT)
branch  0 taken 1841 (fallthrough)
branch  1 taken 68954
        -: 1298:	{
     1841: 1299:	  addr_matched = 1;
     1841: 1300:	  if (match_address (&(cur_cmd->a2)))
call    0 returned 1841
branch  1 taken 42 (fallthrough)
branch  2 taken 1799
       42: 1301:	    cur_cmd->aflags &= ~A1_MATCHED_BIT;
        -: 1302:	}
    68954: 1303:      else if (match_address (&(cur_cmd->a1)))
call    0 returned 68954
branch  1 taken 37176 (fallthrough)
branch  2 taken 31778
        -: 1304:	{
    37176: 1305:	  addr_matched = 1;
    37176: 1306:	  if (cur_cmd->a2.addr_type != addr_is_null)
branch  0 taken 60 (fallthrough)
branch  1 taken 37116
       60: 1307:	    if (   (cur_cmd->a2.addr_type == addr_is_regex)
branch  0 taken 20 (fallthrough)
branch  1 taken 40
       20: 1308:		|| !match_address (&(cur_cmd->a2)))
call    0 returned 20
branch  1 taken 20 (fallthrough)
branch  2 taken 0
       60: 1309:	      cur_cmd->aflags |= A1_MATCHED_BIT;
        -: 1310:
        -: 1311:	}
    70795: 1312:      if (cur_cmd->aflags & ADDR_BANG_BIT)
branch  0 taken 2112 (fallthrough)
branch  1 taken 68683
     2112: 1313:	addr_matched = !addr_matched;
    70795: 1314:      if (!addr_matched)
branch  0 taken 29830 (fallthrough)
branch  1 taken 40965
    29830: 1315:	continue;
    40965: 1316:      switch (cur_cmd->cmd)
branch  0 taken 4701
branch  1 taken 1264
branch  2 taken 378
branch  3 taken 228
branch  4 taken 546
branch  5 taken 119
branch  6 taken 2589
branch  7 taken 1734
branch  8 taken 1436
branch  9 taken 10
branch 10 taken 10
branch 11 taken 18
branch 12 taken 12
branch 13 taken 391
branch 14 taken 838
branch 15 taken 2908
branch 16 taken 2954
branch 17 taken 2054
branch 18 taken 2357
branch 19 taken 29
branch 20 taken 98
branch 21 taken 12566
branch 22 taken 13
branch 23 taken 1689
branch 24 taken 5
branch 25 taken 2018
branch 26 taken 0
        -: 1317:	{
     4701: 1318:	case '{':		/* Execute sub-program */
     4701: 1319:	  if (cur_cmd->x.sub->v_length)
branch  0 taken 4701 (fallthrough)
branch  1 taken 0
        -: 1320:	    {
     4701: 1321:	      vec = cur_cmd->x.sub;
     4701: 1322:	      cur_cmd = vec->v;
     4701: 1323:	      n = vec->v_length;
     4701: 1324:	      goto exe_loop;
        -: 1325:	    }
    #####: 1326:	  break;
        -: 1327:
     1264: 1328:	case '}':
     1264: 1329:	  cur_cmd = vec->return_v->v + vec->return_i;
     1264: 1330:	  n = vec->return_v->v_length - vec->return_i;
     1264: 1331:	  vec = vec->return_v;
     1264: 1332:	  break;
        -: 1333:
      378: 1334:	case ':':		/* Executing labels is easy. */
      378: 1335:	  break;
        -: 1336:
      228: 1337:	case '=':
      228: 1338:	  printf ("%d\n", input_line_number);
call    0 returned 228
      228: 1339:	  break;
        -: 1340:
      546: 1341:	case 'a':
      548: 1342:	  while (append.alloc - append.length < cur_cmd->x.cmd_txt.text_len)
branch  0 taken 2
branch  1 taken 546 (fallthrough)
        -: 1343:	    {
        2: 1344:	      append.alloc *= 2;
        2: 1345:	      append.text = ck_realloc (append.text, append.alloc);
call    0 returned 2
        -: 1346:	    }
      546: 1347:	  bcopy (cur_cmd->x.cmd_txt.text,
      546: 1348:		 append.text + append.length, cur_cmd->x.cmd_txt.text_len);
      546: 1349:	  append.length += cur_cmd->x.cmd_txt.text_len;
      546: 1350:	  break;
        -: 1351:
      119: 1352:	case 'b':
      119: 1353:	  if (!cur_cmd->x.jump)
branch  0 taken 77 (fallthrough)
branch  1 taken 42
       77: 1354:	    end_cycle++;
        -: 1355:	  else
        -: 1356:	    {
       42: 1357:	      struct sed_label *j = cur_cmd->x.jump;
        -: 1358:
       42: 1359:	      n = j->v->v_length - j->v_index;
       42: 1360:	      cur_cmd = j->v->v + j->v_index;
       42: 1361:	      goto exe_loop;
        -: 1362:	    }
       77: 1363:	  break;
        -: 1364:
     2589: 1365:	case 'c':
     2589: 1366:	  line.length = 0;
     2589: 1367:	  if (!((cur_cmd->aflags & A1_MATCHED_BIT)))
branch  0 taken 1821 (fallthrough)
branch  1 taken 768
     1821: 1368:	    ck_fwrite (cur_cmd->x.cmd_txt.text,
call    0 returned 1821
        -: 1369:		       1, cur_cmd->x.cmd_txt.text_len, stdout);
     2589: 1370:	  end_cycle++;
     2589: 1371:	  break;
        -: 1372:
     1734: 1373:	case 'd':
     1734: 1374:	  line.length = 0;
     1734: 1375:	  end_cycle++;
     1734: 1376:	  break;
        -: 1377:
     1436: 1378:	case 'D':
        -: 1379:	  {
        -: 1380:	    char *tmp;
        -: 1381:	    int newlength;
        -: 1382:
     1436: 1383:	    tmp = eol_pos (line.text, line.length);
call    0 returned 1436
     1436: 1384:	    newlength = line.length - (tmp - line.text) - 1;
     1436: 1385:	    if (newlength)
branch  0 taken 717 (fallthrough)
branch  1 taken 719
        -: 1386:	      {
      717: 1387:		chr_copy (line.text, tmp + 1, newlength);
call    0 returned 717
      717: 1388:		line.length = newlength;
      717: 1389:		goto restart;
        -: 1390:	      }
      719: 1391:	    line.length = 0;
      719: 1392:	    end_cycle++;
        -: 1393:	  }
      719: 1394:	  break;
        -: 1395:
       10: 1396:	case 'g':
       10: 1397:	  line_copy (&hold, &line);
call    0 returned 10
       10: 1398:	  break;
        -: 1399:
       10: 1400:	case 'G':
       10: 1401:	  line_append (&hold, &line);
call    0 returned 10
       10: 1402:	  break;
        -: 1403:
       18: 1404:	case 'h':
       18: 1405:	  line_copy (&line, &hold);
call    0 returned 18
       18: 1406:	  break;
        -: 1407:
       12: 1408:	case 'H':
       12: 1409:	  line_append (&line, &hold);
call    0 returned 12
       12: 1410:	  break;
        -: 1411:
      391: 1412:	case 'i':
      391: 1413:	  ck_fwrite (cur_cmd->x.cmd_txt.text, 1,
call    0 returned 391
        -: 1414:		     cur_cmd->x.cmd_txt.text_len, stdout);
      391: 1415:	  break;
        -: 1416:
      838: 1417:	case 'l':
        -: 1418:	  {
        -: 1419:	    char *tmp;
        -: 1420:	    int n;
      838: 1421:	    int width = 0;
        -: 1422:
      838: 1423:	    n = line.length;
      838: 1424:	    tmp = line.text;
    17562: 1425:	    while (n--)
branch  0 taken 17562
branch  1 taken 0 (fallthrough)
        -: 1426:	      {
        -: 1427:		/* Skip the trailing newline, if there is one */
    17562: 1428:		if (!n && (*tmp == '\n'))
branch  0 taken 838 (fallthrough)
branch  1 taken 16724
branch  2 taken 838 (fallthrough)
branch  3 taken 0
      838: 1429:		  break;
    16724: 1430:		if (width > 77)
branch  0 taken 2 (fallthrough)
branch  1 taken 16722
        -: 1431:		  {
        2: 1432:		    width = 0;
        2: 1433:		    putchar ('\n');
call    0 returned 2
        -: 1434:		  }
    16724: 1435:		if (*tmp == '\\')
branch  0 taken 0 (fallthrough)
branch  1 taken 16724
        -: 1436:		  {
    #####: 1437:		    printf ("\\\\");
call    0 never executed
    #####: 1438:		    width += 2;
        -: 1439:		  }
    16724: 1440:		else if (isprint (*tmp))
branch  0 taken 16265 (fallthrough)
branch  1 taken 459
        -: 1441:		  {
    16265: 1442:		    putchar (*tmp);
call    0 returned 16265
    16265: 1443:		    width++;
        -: 1444:		  }
        -: 1445:		else
      459: 1446:		  switch (*tmp)
branch  0 taken 0
branch  1 taken 0
branch  2 taken 0
branch  3 taken 233
branch  4 taken 0
branch  5 taken 136
branch  6 taken 0
branch  7 taken 90
        -: 1447:		    {
        -: 1448:#if 0
        -: 1449:		      /* Should print \00 instead of \0 because (a) POSIX */
        -: 1450:		      /* requires it, and (b) this way \01 is unambiguous.  */
        -: 1451:		    case '\0':
        -: 1452:		      printf ("\\0");
        -: 1453:		      width += 2;
        -: 1454:		      break;
        -: 1455:#endif
    #####: 1456:		    case 007:
    #####: 1457:		      printf ("\\a");
call    0 never executed
    #####: 1458:		      width += 2;
    #####: 1459:		      break;
    #####: 1460:		    case '\b':
    #####: 1461:		      printf ("\\b");
call    0 never executed
    #####: 1462:		      width += 2;
    #####: 1463:		      break;
    #####: 1464:		    case '\f':
    #####: 1465:		      printf ("\\f");
call    0 never executed
    #####: 1466:		      width += 2;
    #####: 1467:		      break;
      233: 1468:		    case '\n':
      233: 1469:		      printf ("\\n");
call    0 returned 233
      233: 1470:		      width += 2;
      233: 1471:		      break;
    #####: 1472:		    case '\r':
    #####: 1473:		      printf ("\\r");
call    0 never executed
    #####: 1474:		      width += 2;
    #####: 1475:		      break;
      136: 1476:		    case '\t':
      136: 1477:		      printf ("\\t");
call    0 returned 136
      136: 1478:		      width += 2;
      136: 1479:		      break;
    #####: 1480:		    case '\v':
    #####: 1481:		      printf ("\\v");
call    0 never executed
    #####: 1482:		      width += 2;
    #####: 1483:		      break;
       90: 1484:		    default:
       90: 1485:		      printf ("\\%02x", (*tmp) & 0xFF);
call    0 returned 90
       90: 1486:		      width += 2;
       90: 1487:		      break;
        -: 1488:		    }
    16724: 1489:		tmp++;
        -: 1490:	      }
      838: 1491:	    putchar ('\n');
call    0 returned 838
        -: 1492:	  }
      838: 1493:	  break;
        -: 1494:
     2908: 1495:	case 'n':
     2908: 1496:	  if (feof (input_file))
call    0 returned 2908
branch  1 taken 8 (fallthrough)
branch  2 taken 2900
        8: 1497:	    goto quit;
     2900: 1498:	  if (!no_default_output)
branch  0 taken 891 (fallthrough)
branch  1 taken 2009
      891: 1499:	    ck_fwrite (line.text, 1, line.length, stdout);
call    0 returned 891
     2900: 1500:	  read_pattern_space ();
call    0 returned 2900
     2900: 1501:	  break;
        -: 1502:
     2954: 1503:	case 'N':
     2954: 1504:	  if (feof (input_file))
call    0 returned 2954
branch  1 taken 10 (fallthrough)
branch  2 taken 2944
        -: 1505:	    {
       10: 1506:	      line.length = 0;
       10: 1507:	      goto quit;
        -: 1508:	    }
     2944: 1509:	  append_pattern_space ();
call    0 returned 2944
     2944: 1510:	  break;
        -: 1511:
     2054: 1512:	case 'p':
     2054: 1513:	  ck_fwrite (line.text, 1, line.length, stdout);
call    0 returned 2054
     2054: 1514:	  break;
        -: 1515:
     2357: 1516:	case 'P':
        -: 1517:	  {
        -: 1518:	    char *tmp;
        -: 1519:
     2357: 1520:	    tmp = eol_pos (line.text, line.length);
call    0 returned 2357
    4714*: 1521:	    ck_fwrite (line.text, 1,
branch  0 taken 2357 (fallthrough)
branch  1 taken 0
call    2 returned 2357
     2357: 1522:		       tmp ? tmp - line.text + 1
        -: 1523:		       : line.length, stdout);
        -: 1524:	  }
     2357: 1525:	  break;
        -: 1526:
        -: 1527:	case 'q':
       47: 1528:	quit:
       47: 1529:	  quit_cmd++;
       47: 1530:	  end_cycle++;
       47: 1531:	  break;
        -: 1532:
       98: 1533:	case 'r':
        -: 1534:	  {
       98: 1535:	    int n = 0;
        -: 1536:
       98: 1537:	    if (cur_cmd->x.io_file)
branch  0 taken 98 (fallthrough)
branch  1 taken 0
        -: 1538:	      {
       98: 1539:		rewind (cur_cmd->x.io_file);
call    0 returned 98
        -: 1540:		do
        -: 1541:		  {
      229: 1542:		    append.length += n;
      229: 1543:		    if (append.length == append.alloc)
branch  0 taken 33 (fallthrough)
branch  1 taken 196
        -: 1544:		      {
       33: 1545:			append.alloc *= 2;
       33: 1546:			append.text = ck_realloc (append.text, append.alloc);
call    0 returned 33
        -: 1547:		      }
      458: 1548:		    n = fread (append.text + append.length, sizeof (char),
      229: 1549:			       append.alloc - append.length,
call    0 returned 229
        -: 1550:			       cur_cmd->x.io_file);
        -: 1551:		  }
      229: 1552:		while (n > 0);
branch  0 taken 131
branch  1 taken 98 (fallthrough)
       98: 1553:		if (ferror (cur_cmd->x.io_file))
call    0 returned 98
branch  1 taken 0 (fallthrough)
branch  2 taken 98
    #####: 1554:		  panic ("Read error on input file to 'r' command");
call    0 never executed
        -: 1555:	      }
        -: 1556:	  }
       98: 1557:	  break;
        -: 1558:
    12566: 1559:	case 's':
        -: 1560:	  {
    12566: 1561:	    int trail_nl_p = line.text [line.length - 1] == '\n';
    12566: 1562:	    if (!tmp.alloc)
branch  0 taken 179 (fallthrough)
branch  1 taken 12387
        -: 1563:	      {
      179: 1564:		tmp.alloc = 50;
      179: 1565:		tmp.text = ck_malloc (50);
call    0 returned 179
        -: 1566:	      }
    12566: 1567:	    count = 0;
    12566: 1568:	    start = 0;
    12566: 1569:	    remain = line.length - trail_nl_p;
    12566: 1570:	    tmp.length = 0;
    12566: 1571:	    rep = cur_cmd->x.cmd_regex.replacement;
    12566: 1572:	    rep_end = rep + cur_cmd->x.cmd_regex.replace_length;
        -: 1573:	    
    12566: 1574:	    while ((offset = re_search (cur_cmd->x.cmd_regex.regx,
    15140: 1575:					line.text,
    15140: 1576:					line.length - trail_nl_p,
call    0 returned 15140
        -: 1577:					start,
        -: 1578:					remain,
    15140: 1579:					&regs)) >= 0)
branch  0 taken 3588
branch  1 taken 11552 (fallthrough)
        -: 1580:	      {
     3588: 1581:		count++;
     3588: 1582:		if (offset - start)
branch  0 taken 948 (fallthrough)
branch  1 taken 2640
      948: 1583:		  str_append (&tmp, line.text + start, offset - start);
call    0 returned 948
        -: 1584:		
     3588: 1585:		if (cur_cmd->x.cmd_regex.flags & S_NUM_BIT)
branch  0 taken 0 (fallthrough)
branch  1 taken 3588
        -: 1586:		  {
    #####: 1587:		    if (count != cur_cmd->x.cmd_regex.numb)
branch  0 never executed
branch  1 never executed
    #####: 1588:		      {
    #####: 1589:			int matched = regs.end[0] - regs.start[0];
    #####: 1590:			if (!matched) matched = 1;
branch  0 never executed
branch  1 never executed
    #####: 1591:			str_append (&tmp, line.text + regs.start[0], matched);
call    0 never executed
    #####: 1592:			start = (offset == regs.end[0]
    #####: 1593:				 ? offset + 1 : regs.end[0]);
branch  0 never executed
branch  1 never executed
    #####: 1594:			remain = (line.length - trail_nl_p) - start;
    #####: 1595:			continue;
        -: 1596:		      }
        -: 1597:		  }
        -: 1598:		
    23225: 1599:		for (rep_next = rep_cur = rep; rep_next < rep_end; rep_next++)
branch  0 taken 19637
[...]
        -: 7564:
        -: 7565:	  if (first_nonopt != last_nonopt && last_nonopt != optind)
        -: 7566:	    exchange ((char **) argv);
        -: 7567:	  else if (first_nonopt == last_nonopt)
        -: 7568:	    first_nonopt = optind;
        -: 7569:	  last_nonopt = argc;
        -: 7570:
        -: 7571:	  optind = argc;
        -: 7572:	}
        -: 7573:
        -: 7574:      /* If we have done all the ARGV-elements, stop the scan
        -: 7575:	 and back over any non-options that we skipped and permuted.  */
        -: 7576:
        -: 7577:      if (optind == argc)
        -: 7578:	{
        -: 7579:	  /* Set the next-arg-index to point at the non-options
        -: 7580:	     that we previously skipped, so the caller will digest them.  */
        -: 7581:	  if (first_nonopt != last_nonopt)
        -: 7582:	    optind = first_nonopt;
        -: 7583:	  return EOF;
        -: 7584:	}
        -: 7585:
        -: 7586:      /* If we have come to a non-option and did not permute it,
        -: 7587:	 either stop the scan or describe it to the caller and pass it by.  */
        -: 7588:
        -: 7589:      if ((argv[optind][0] != '-' || argv[optind][1] == '\0')
        -: 7590:#ifdef GETOPT_COMPAT
        -: 7591:	  && (longopts == NULL
        -: 7592:	      || argv[optind][0] != '+' || argv[optind][1] == '\0')
        -: 7593:#endif				/* GETOPT_COMPAT */
        -: 7594:	  )
        -: 7595:	{
        -: 7596:	  if (ordering == REQUIRE_ORDER)
        -: 7597:	    return EOF;
        -: 7598:	  optarg = argv[optind++];
        -: 7599:	  return 1;
        -: 7600:	}
        -: 7601:
        -: 7602:      /* We have found another option-ARGV-element.
        -: 7603:	 Start decoding its characters.  */
        -: 7604:
        -: 7605:      nextchar = (argv[optind] + 1
        -: 7606:		  + (longopts != NULL && argv[optind][1] == '-'));
        -: 7607:    }
        -: 7608:
        -: 7609:  if (longopts != NULL
        -: 7610:      && ((argv[optind][0] == '-'
        -: 7611:	   && (argv[optind][1] == '-' || long_only))
        -: 7612:#ifdef GETOPT_COMPAT
        -: 7613:	  || argv[optind][0] == '+'
        -: 7614:#endif				/* GETOPT_COMPAT */
        -: 7615:	  ))
        -: 7616:    {
        -: 7617:      const struct option *p;
        -: 7618:      char *s = nextchar;
        -: 7619:      int exact = 0;
        -: 7620:      int ambig = 0;
        -: 7621:      const struct option *pfound = NULL;
        -: 7622:      int indfound;
        -: 7623:
        -: 7624:      while (*s && *s != '=')
        -: 7625:	s++;
        -: 7626:
        -: 7627:      /* Test all options for either exact match or abbreviated matches.  */
        -: 7628:      for (p = longopts, option_index = 0; p->name;
        -: 7629:	   p++, option_index++)
        -: 7630:	if (!strncmp (p->name, nextchar, s - nextchar))
        -: 7631:	  {
        -: 7632:	    if (s - nextchar == strlen (p->name))
        -: 7633:	      {
        -: 7634:		/* Exact match found.  */
        -: 7635:		pfound = p;
        -: 7636:		indfound = option_index;
        -: 7637:		exact = 1;
        -: 7638:		break;
        -: 7639:	      }
        -: 7640:	    else if (pfound == NULL)
        -: 7641:	      {
        -: 7642:		/* First nonexact match found.  */
        -: 7643:		pfound = p;
        -: 7644:		indfound = option_index;
        -: 7645:	      }
        -: 7646:	    else
        -: 7647:	      /* Second nonexact match found.  */
        -: 7648:	      ambig = 1;
        -: 7649:	  }
        -: 7650:
        -: 7651:      if (ambig && !exact)
        -: 7652:	{
        -: 7653:	  if (opterr)
        -: 7654:	    fprintf (stderr, "%s: option `%s' is ambiguous\n",
        -: 7655:		    myname, argv[optind]);
        -: 7656:	  nextchar += strlen (nextchar);
        -: 7657:	  optind++;
        -: 7658:	  return '?';
        -: 7659:	}
        -: 7660:
        -: 7661:      if (pfound != NULL)
        -: 7662:	{
        -: 7663:	  option_index = indfound;
        -: 7664:	  optind++;
        -: 7665:	  if (*s)
        -: 7666:	    {
        -: 7667:	      /* Don't test has_arg with >, because some C compilers don't
        -: 7668:		 allow it to be used on enums.  */
        -: 7669:	      if (pfound->has_arg)
        -: 7670:		optarg = s + 1;
        -: 7671:	      else
        -: 7672:		{
        -: 7673:		  if (opterr)
        -: 7674:		    {
        -: 7675:		      if (argv[optind - 1][1] == '-')
        -: 7676:			/* --option */
        -: 7677:			fprintf (stderr,
        -: 7678:				 "%s: option `--%s' doesn't allow an argument\n",
        -: 7679:				 myname, pfound->name);
        -: 7680:		      else
        -: 7681:			/* +option or -option */
        -: 7682:			fprintf (stderr,
        -: 7683:			     "%s: option `%c%s' doesn't allow an argument\n",
        -: 7684:			     myname, argv[optind - 1][0], pfound->name);
        -: 7685:		    }
        -: 7686:		  nextchar += strlen (nextchar);
        -: 7687:		  return '?';
        -: 7688:		}
        -: 7689:	    }
        -: 7690:	  else if (pfound->has_arg == 1)
        -: 7691:	    {
        -: 7692:	      if (optind < argc)
        -: 7693:		optarg = argv[optind++];
        -: 7694:	      else
        -: 7695:		{
        -: 7696:		  if (opterr)
        -: 7697:		    fprintf (stderr, "%s: option `%s' requires an argument\n",
        -: 7698:			     myname, argv[optind - 1]);
        -: 7699:		  nextchar += strlen (nextchar);
        -: 7700:		  return optstring[0] == ':' ? ':' : '?';
        -: 7701:		}
        -: 7702:	    }
        -: 7703:	  nextchar += strlen (nextchar);
        -: 7704:	  if (longind != NULL)
        -: 7705:	    *longind = option_index;
        -: 7706:	  if (pfound->flag)
        -: 7707:	    {
        -: 7708:	      *(pfound->flag) = pfound->val;
        -: 7709:	      return 0;
        -: 7710:	    }
        -: 7711:	  return pfound->val;
        -: 7712:	}
        -: 7713:      /* Can't find it as a long option.  If this is not getopt_long_only,
        -: 7714:	 or the option starts with '--' or is not a valid short
        -: 7715:	 option, then it's an error.
        -: 7716:	 Otherwise interpret it as a short option.  */
        -: 7717:      if (!long_only || argv[optind][1] == '-'
        -: 7718:#ifdef GETOPT_COMPAT
        -: 7719:	  || argv[optind][0] == '+'
        -: 7720:#endif				/* GETOPT_COMPAT */
        -: 7721:	  || my_index (optstring, *nextchar) == NULL)
        -: 7722:	{
        -: 7723:	  if (opterr)
        -: 7724:	    {
        -: 7725:	      if (argv[optind][1] == '-')
        -: 7726:		/* --option */
        -: 7727:		fprintf (stderr, "%s: unrecognized option `--%s'\n",
        -: 7728:			 myname, nextchar);
        -: 7729:	      else
        -: 7730:		/* +option or -option */
        -: 7731:		fprintf (stderr, "%s: unrecognized option `%c%s'\n",
        -: 7732:			 myname, argv[optind][0], nextchar);
        -: 7733:	    }
        -: 7734:	  nextchar = (char *) "";
        -: 7735:	  optind++;
        -: 7736:	  return '?';
        -: 7737:	}
        -: 7738:    }
        -: 7739:
        -: 7740:  /* Look at and handle the next option-character.  */
        -: 7741:
        -: 7742:  {
        -: 7743:    char c = *nextchar++;
        -: 7744:    char *temp = my_index (optstring, c);
        -: 7745:
        -: 7746:    /* Increment `optind' when we start to process its last character.  */
        -: 7747:    if (*nextchar == '\0')
        -: 7748:      ++optind;
        -: 7749:
        -: 7750:    if (temp == NULL || c == ':')
        -: 7751:      {
        -: 7752:	if (opterr)
        -: 7753:	  {
        -: 7754:#if 0
        -: 7755:	    if (c < 040 || c >= 0177)
        -: 7756:	      fprintf (stderr, "%s: unrecognized option, character code 0%o\n",
        -: 7757:		       myname, c);
        -: 7758:	    else
        -: 7759:	      fprintf (stderr, "%s: unrecognized option `-%c'\n", myname, c);
        -: 7760:#else
        -: 7761:	    /* 1003.2 specifies the format of this message.  */
        -: 7762:	    fprintf (stderr, "%s: illegal option -- %c\n", myname, c);
        -: 7763:#endif
        -: 7764:	  }
        -: 7765:	optopt = c;
        -: 7766:	return '?';
        -: 7767:      }
        -: 7768:    if (temp[1] == ':')
        -: 7769:      {
        -: 7770:	if (temp[2] == ':')
        -: 7771:	  {
        -: 7772:	    /* This is an option that accepts an argument optionally.  */
        -: 7773:	    if (*nextchar != '\0')
        -: 7774:	      {
        -: 7775:		optarg = nextchar;
        -: 7776:		optind++;
        -: 7777:	      }
        -: 7778:	    else
        -: 7779:	      optarg = 0;
        -: 7780:	    nextchar = NULL;
        -: 7781:	  }
        -: 7782:	else
        -: 7783:	  {
        -: 7784:	    /* This is an option that requires an argument.  */
        -: 7785:	    if (*nextchar != '\0')
        -: 7786:	      {
        -: 7787:		optarg = nextchar;
        -: 7788:		/* If we end this ARGV-element by taking the rest as an arg,
        -: 7789:		   we must advance to the next element now.  */
        -: 7790:		optind++;
        -: 7791:	      }
        -: 7792:	    else if (optind == argc)
        -: 7793:	      {
        -: 7794:		if (opterr)
        -: 7795:		  {
        -: 7796:#if 0
        -: 7797:		    fprintf (stderr, "%s: option `-%c' requires an argument\n",
        -: 7798:			     myname, c);
        -: 7799:#else
        -: 7800:		    /* 1003.2 specifies the format of this message.  */
        -: 7801:		    fprintf (stderr, "%s: option requires an argument -- %c\n",
        -: 7802:			     myname, c);
        -: 7803:#endif
        -: 7804:		  }
        -: 7805:		optopt = c;
        -: 7806:		if (optstring[0] == ':')
        -: 7807:		  c = ':';
        -: 7808:		else
        -: 7809:		  c = '?';
        -: 7810:	      }
        -: 7811:	    else
        -: 7812:	      /* We already incremented `optind' once;
        -: 7813:		 increment it again when taking next ARGV-elt as argument.  */
        -: 7814:	      optarg = argv[optind++];
        -: 7815:	    nextchar = NULL;
        -: 7816:	  }
        -: 7817:      }
        -: 7818:    return c;
        -: 7819:  }
        -: 7820:}
        -: 7821:
        -: 7822:int
        -: 7823:getopt (argc, argv, optstring)
        -: 7824:     int argc;
        -: 7825:     char *const *argv;
        -: 7826:     const char *optstring;
        -: 7827:{
        -: 7828:  return _getopt_internal (argc, argv, optstring,
        -: 7829:			   (const struct option *) 0,
        -: 7830:			   (int *) 0,
        -: 7831:			   0);
        -: 7832:}
        -: 7833:
        -: 7834:#endif	/* _LIBC or not __GNU_LIBRARY__.  */
        -: 7835:
        -: 7836:#ifdef TEST
        -: 7837:
        -: 7838:/* Compile with -DTEST to make an executable for use in testing
        -: 7839:   the above definition of `getopt'.  */
        -: 7840:
        -: 7841:int
        -: 7842:main (argc, argv)
        -: 7843:     int argc;
        -: 7844:     char **argv;
        -: 7845:{
        -: 7846:  int c;
        -: 7847:  int digit_optind = 0;
        -: 7848:
        -: 7849:  while (1)
        -: 7850:    {
        -: 7851:      int this_option_optind = optind ? optind : 1;
        -: 7852:
        -: 7853:      c = getopt (argc, argv, "abc:d:0123456789");
        -: 7854:      if (c == EOF)
        -: 7855:	break;
        -: 7856:
        -: 7857:      switch (c)
        -: 7858:	{
        -: 7859:	case '0':
        -: 7860:	case '1':
        -: 7861:	case '2':
        -: 7862:	case '3':
        -: 7863:	case '4':
        -: 7864:	case '5':
        -: 7865:	case '6':
        -: 7866:	case '7':
        -: 7867:	case '8':
        -: 7868:	case '9':
        -: 7869:	  if (digit_optind != 0 && digit_optind != this_option_optind)
        -: 7870:	    printf ("digits occur in two different argv-elements.\n");
        -: 7871:	  digit_optind = this_option_optind;
        -: 7872:	  printf ("option %c\n", c);
        -: 7873:	  break;
        -: 7874:
        -: 7875:	case 'a':
        -: 7876:	  printf ("option a\n");
        -: 7877:	  break;
        -: 7878:
        -: 7879:	case 'b':
        -: 7880:	  printf ("option b\n");
        -: 7881:	  break;
        -: 7882:
        -: 7883:	case 'c':
        -: 7884:	  printf ("option c with value `%s'\n", optarg);
        -: 7885:	  break;
        -: 7886:
        -: 7887:	case '?':
        -: 7888:	  break;
        -: 7889:
        -: 7890:	default:
        -: 7891:	  printf ("?? getopt returned character code 0%o ??\n", c);
        -: 7892:	}
        -: 7893:    }
        -: 7894:
        -: 7895:  if (optind < argc)
        -: 7896:    {
        -: 7897:      printf ("non-option ARGV-elements: ");
        -: 7898:      while (optind < argc)
        -: 7899:	printf ("%s ", argv[optind++]);
        -: 7900:      printf ("\n");
        -: 7901:    }
        -: 7902:
        -: 7903:  exit (0);
        -: 7904:}
        -: 7905:
        -: 7906:#endif /* TEST */
        -: 7907:/* getopt_long and getopt_long_only entry points for GNU getopt.
        -: 7908:   Copyright (C) 1987, 88, 89, 90, 91, 92, 1993
        -: 7909:	Free Software Foundation, Inc.
        -: 7910:
        -: 7911:   This program is free software; you can redistribute it and/or modify it
        -: 7912:   under the terms of the GNU General Public License as published by the
        -: 7913:   Free Software Foundation; either version 2, or (at your option) any
        -: 7914:   later version.
        -: 7915:
        -: 7916:   This program is distributed in the hope that it will be useful,
        -: 7917:   but WITHOUT ANY WARRANTY; without even the implied warranty of
        -: 7918:   MERCHANTABILITY or FITNESS FOR A PARTICULAR PURPOSE.  See the
        -: 7919:   GNU General Public License for more details.
        -: 7920:
        -: 7921:   You should have received a copy of the GNU General Public License
        -: 7922:   along with this program; if not, write to the Free Software
        -: 7923:   Foundation, 675 Mass Ave, Cambridge, MA 02139, USA.  */
        -: 7924:
        -: 7925:#ifdef HAVE_CONFIG_H
        -: 7926:#include "config.h"
        -: 7927:#endif
        -: 7928:
        -: 7929:#include "getopt.h"
        -: 7930:
        -: 7931:#if !__STDC__ && !defined(const) && IN_GCC
        -: 7932:#define const
        -: 7933:#endif
        -: 7934:
        -: 7935:#include <stdio.h>
        -: 7936:
        -: 7937:/* Comment out all this code if we are using the GNU C Library, and are not
        -: 7938:   actually compiling the library itself.  This code is part of the GNU C
        -: 7939:   Library, but also included in many other GNU distributions.  Compiling
        -: 7940:   and linking in this code is a waste when using the GNU C library
        -: 7941:   (especially if it is a shared library).  Rather than having every GNU
        -: 7942:   program understand `configure --with-gnu-libc' and omit the object files,
        -: 7943:   it is simpler to just do this in the source for each such file.  */
        -: 7944:
        -: 7945:#if defined (_LIBC) || !defined (__GNU_LIBRARY__)
        -: 7946:
        -: 7947:
        -: 7948:/* This needs to come after some library #include
        -: 7949:   to get __GNU_LIBRARY__ defined.  */
        -: 7950:#ifdef __GNU_LIBRARY__
        -: 7951:#include <stdlib.h>
        -: 7952:#else
        -: 7953:char *getenv ();
        -: 7954:#endif
        -: 7955:
        -: 7956:#ifndef	NULL
        -: 7957:#define NULL 0
        -: 7958:#endif
        -: 7959:
        -: 7960:int
        -: 7961:getopt_long (argc, argv, options, long_options, opt_index)
        -: 7962:     int argc;
        -: 7963:     char *const *argv;
        -: 7964:     const char *options;
        -: 7965:     const struct option *long_options;
        -: 7966:     int *opt_index;
        -: 7967:{
        -: 7968:  return _getopt_internal (argc, argv, options, long_options, opt_index, 0);
        -: 7969:}
        -: 7970:
        -: 7971:/* Like getopt_long, but '-' as well as '--' can indicate a long option.
        -: 7972:   If an option that starts with '-' (not '--') doesn't match a long option,
        -: 7973:   but does match a short option, it is parsed as a short option
        -: 7974:   instead.  */
        -: 7975:
        -: 7976:int
        -: 7977:getopt_long_only (argc, argv, options, long_options, opt_index)
        -: 7978:     int argc;
        -: 7979:     char *const *argv;
        -: 7980:     const char *options;
        -: 7981:     const struct option *long_options;
        -: 7982:     int *opt_index;
        -: 7983:{
        -: 7984:  return _getopt_internal (argc, argv, options, long_options, opt_index, 1);
        -: 7985:}
        -: 7986:
        -: 7987:
        -: 7988:#endif	/* _LIBC or not __GNU_LIBRARY__.  */
        -: 7989:
        -: 7990:#ifdef TEST
        -: 7991:
        -: 7992:#include <stdio.h>
        -: 7993:
        -: 7994:int
        -: 7995:main (argc, argv)
        -: 7996:     int argc;
        -: 7997:     char **argv;
        -: 7998:{
        -: 7999:  int c;
        -: 8000:  int digit_optind = 0;
        -: 8001:
        -: 8002:  while (1)
        -: 8003:    {
        -: 8004:      int this_option_optind = optind ? optind : 1;
        -: 8005:      int option_index = 0;
        -: 8006:      static struct option long_options[] =
        -: 8007:      {
        -: 8008:	{"add", 1, 0, 0},
        -: 8009:	{"append", 0, 0, 0},
        -: 8010:	{"delete", 1, 0, 0},
        -: 8011:	{"verbose", 0, 0, 0},
        -: 8012:	{"create", 0, 0, 0},
        -: 8013:	{"file", 1, 0, 0},
        -: 8014:	{0, 0, 0, 0}
        -: 8015:      };
        -: 8016:
        -: 8017:      c = getopt_long (argc, argv, "abc:d:0123456789",
        -: 8018:		       long_options, &option_index);
        -: 8019:      if (c == EOF)
        -: 8020:	break;
        -: 8021:
        -: 8022:      switch (c)
        -: 8023:	{
        -: 8024:	case 0:
        -: 8025:	  printf ("option %s", long_options[option_index].name);
        -: 8026:	  if (optarg)
        -: 8027:	    printf (" with arg %s", optarg);
        -: 8028:	  printf ("\n");
        -: 8029:	  break;
        -: 8030:
        -: 8031:	case '0':
        -: 8032:	case '1':
        -: 8033:	case '2':
        -: 8034:	case '3':
        -: 8035:	case '4':
        -: 8036:	case '5':
        -: 8037:	case '6':
        -: 8038:	case '7':
        -: 8039:	case '8':
        -: 8040:	case '9':
        -: 8041:	  if (digit_optind != 0 && digit_optind != this_option_optind)
        -: 8042:	    printf ("digits occur in two different argv-elements.\n");
        -: 8043:	  digit_optind = this_option_optind;
        -: 8044:	  printf ("option %c\n", c);
        -: 8045:	  break;
        -: 8046:
        -: 8047:	case 'a':
        -: 8048:	  printf ("option a\n");
        -: 8049:	  break;
        -: 8050:
        -: 8051:	case 'b':
        -: 8052:	  printf ("option b\n");
        -: 8053:	  break;
        -: 8054:
        -: 8055:	case 'c':
        -: 8056:	  printf ("option c with value `%s'\n", optarg);
        -: 8057:	  break;
        -: 8058:
        -: 8059:	case 'd':
        -: 8060:	  printf ("option d with value `%s'\n", optarg);
        -: 8061:	  break;
        -: 8062:
        -: 8063:	case '?':
        -: 8064:	  break;
        -: 8065:
        -: 8066:	default:
        -: 8067:	  printf ("?? getopt returned character code 0%o ??\n", c);
        -: 8068:	}
        -: 8069:    }
        -: 8070:
        -: 8071:  if (optind < argc)
        -: 8072:    {
        -: 8073:      printf ("non-option ARGV-elements: ");
        -: 8074:      while (optind < argc)
        -: 8075:	printf ("%s ", argv[optind++]);
        -: 8076:      printf ("\n");
        -: 8077:    }
        -: 8078:
        -: 8079:  exit (0);
        -: 8080:}
        -: 8081:
        -: 8082:#endif /* TEST */
